[2024-08-25T06:38:22.603+0000] {local_task_job_runner.py:123} INFO - ::group::Pre task execution logs
[2024-08-25T06:38:22.617+0000] {taskinstance.py:2603} INFO - Dependencies all met for dep_context=non-requeueable deps ti=<TaskInstance: our_first_dag_with_python_operator_v5.greet manual__2024-08-25T06:38:19.658789+00:00 [queued]>
[2024-08-25T06:38:22.625+0000] {taskinstance.py:2603} INFO - Dependencies all met for dep_context=requeueable deps ti=<TaskInstance: our_first_dag_with_python_operator_v5.greet manual__2024-08-25T06:38:19.658789+00:00 [queued]>
[2024-08-25T06:38:22.627+0000] {taskinstance.py:2856} INFO - Starting attempt 1 of 6
[2024-08-25T06:38:22.641+0000] {taskinstance.py:2879} INFO - Executing <Task(PythonOperator): greet> on 2024-08-25 06:38:19.658789+00:00
[2024-08-25T06:38:22.646+0000] {warnings.py:112} WARNING - /home/***/.local/lib/python3.12/site-packages/***/task/task_runner/standard_task_runner.py:70: DeprecationWarning: This process (pid=84) is multi-threaded, use of fork() may lead to deadlocks in the child.
  pid = os.fork()

[2024-08-25T06:38:22.649+0000] {standard_task_runner.py:72} INFO - Started process 85 to run task
[2024-08-25T06:38:22.650+0000] {standard_task_runner.py:104} INFO - Running: ['***', 'tasks', 'run', 'our_first_dag_with_python_operator_v5', 'greet', 'manual__2024-08-25T06:38:19.658789+00:00', '--job-id', '29', '--raw', '--subdir', 'DAGS_FOLDER/create_dag_with_python_operator.py', '--cfg-path', '/tmp/tmpioeug9e9']
[2024-08-25T06:38:22.651+0000] {standard_task_runner.py:105} INFO - Job 29: Subtask greet
[2024-08-25T06:38:22.691+0000] {task_command.py:467} INFO - Running <TaskInstance: our_first_dag_with_python_operator_v5.greet manual__2024-08-25T06:38:19.658789+00:00 [running]> on host ae952724060e
[2024-08-25T06:38:22.759+0000] {taskinstance.py:3122} INFO - Exporting env vars: AIRFLOW_CTX_DAG_OWNER='shreyas' AIRFLOW_CTX_DAG_ID='our_first_dag_with_python_operator_v5' AIRFLOW_CTX_TASK_ID='greet' AIRFLOW_CTX_EXECUTION_DATE='2024-08-25T06:38:19.658789+00:00' AIRFLOW_CTX_TRY_NUMBER='1' AIRFLOW_CTX_DAG_RUN_ID='manual__2024-08-25T06:38:19.658789+00:00'
[2024-08-25T06:38:22.760+0000] {taskinstance.py:731} INFO - ::endgroup::
[2024-08-25T06:38:22.784+0000] {logging_mixin.py:190} INFO - Hello World! My name is Steven Strange and I am 50 years old.
[2024-08-25T06:38:22.784+0000] {python.py:240} INFO - Done. Returned value was: None
[2024-08-25T06:38:22.790+0000] {taskinstance.py:340} INFO - ::group::Post task execution logs
[2024-08-25T06:38:22.791+0000] {taskinstance.py:352} INFO - Marking task as SUCCESS. dag_id=our_first_dag_with_python_operator_v5, task_id=greet, run_id=manual__2024-08-25T06:38:19.658789+00:00, execution_date=20240825T063819, start_date=20240825T063822, end_date=20240825T063822
[2024-08-25T06:38:22.826+0000] {local_task_job_runner.py:261} INFO - Task exited with return code 0
[2024-08-25T06:38:22.848+0000] {taskinstance.py:3891} INFO - 0 downstream tasks scheduled from follow-on schedule check
[2024-08-25T06:38:22.855+0000] {local_task_job_runner.py:240} INFO - ::endgroup::
