[2024-08-25T07:33:58.859+0000] {local_task_job_runner.py:123} INFO - ::group::Pre task execution logs
[2024-08-25T07:33:58.897+0000] {taskinstance.py:2603} INFO - Dependencies all met for dep_context=non-requeueable deps ti=<TaskInstance: dag_with_taskflow_api_v2.greet scheduled__2024-08-21T00:00:00+00:00 [queued]>
[2024-08-25T07:33:58.924+0000] {taskinstance.py:2603} INFO - Dependencies all met for dep_context=requeueable deps ti=<TaskInstance: dag_with_taskflow_api_v2.greet scheduled__2024-08-21T00:00:00+00:00 [queued]>
[2024-08-25T07:33:58.925+0000] {taskinstance.py:2856} INFO - Starting attempt 1 of 6
[2024-08-25T07:33:58.940+0000] {taskinstance.py:2879} INFO - Executing <Task(_PythonDecoratedOperator): greet> on 2024-08-21 00:00:00+00:00
[2024-08-25T07:33:58.946+0000] {warnings.py:112} WARNING - /home/***/.local/lib/python3.12/site-packages/***/task/task_runner/standard_task_runner.py:70: DeprecationWarning: This process (pid=872) is multi-threaded, use of fork() may lead to deadlocks in the child.
  pid = os.fork()

[2024-08-25T07:33:58.949+0000] {standard_task_runner.py:72} INFO - Started process 880 to run task
[2024-08-25T07:33:58.949+0000] {standard_task_runner.py:104} INFO - Running: ['***', 'tasks', 'run', 'dag_with_taskflow_api_v2', 'greet', 'scheduled__2024-08-21T00:00:00+00:00', '--job-id', '57', '--raw', '--subdir', 'DAGS_FOLDER/dag_with_taskflow_api.py', '--cfg-path', '/tmp/tmpw8g7h_mg']
[2024-08-25T07:33:58.964+0000] {standard_task_runner.py:105} INFO - Job 57: Subtask greet
[2024-08-25T07:33:59.008+0000] {task_command.py:467} INFO - Running <TaskInstance: dag_with_taskflow_api_v2.greet scheduled__2024-08-21T00:00:00+00:00 [running]> on host ae952724060e
[2024-08-25T07:33:59.201+0000] {taskinstance.py:3122} INFO - Exporting env vars: AIRFLOW_CTX_DAG_OWNER='shreyas' AIRFLOW_CTX_DAG_ID='dag_with_taskflow_api_v2' AIRFLOW_CTX_TASK_ID='greet' AIRFLOW_CTX_EXECUTION_DATE='2024-08-21T00:00:00+00:00' AIRFLOW_CTX_TRY_NUMBER='1' AIRFLOW_CTX_DAG_RUN_ID='scheduled__2024-08-21T00:00:00+00:00'
[2024-08-25T07:33:59.202+0000] {taskinstance.py:731} INFO - ::endgroup::
[2024-08-25T07:33:59.210+0000] {logging_mixin.py:190} INFO - Hello World! My name is Bruce Banner and I am 45 years old.
[2024-08-25T07:33:59.218+0000] {python.py:240} INFO - Done. Returned value was: None
[2024-08-25T07:33:59.247+0000] {taskinstance.py:340} INFO - ::group::Post task execution logs
[2024-08-25T07:33:59.254+0000] {taskinstance.py:352} INFO - Marking task as SUCCESS. dag_id=dag_with_taskflow_api_v2, task_id=greet, run_id=scheduled__2024-08-21T00:00:00+00:00, execution_date=20240821T000000, start_date=20240825T073358, end_date=20240825T073359
[2024-08-25T07:33:59.302+0000] {local_task_job_runner.py:261} INFO - Task exited with return code 0
[2024-08-25T07:33:59.348+0000] {taskinstance.py:3891} INFO - 0 downstream tasks scheduled from follow-on schedule check
[2024-08-25T07:33:59.351+0000] {local_task_job_runner.py:240} INFO - ::endgroup::
