[2024-08-25T07:34:01.214+0000] {local_task_job_runner.py:123} INFO - ::group::Pre task execution logs
[2024-08-25T07:34:01.273+0000] {taskinstance.py:2603} INFO - Dependencies all met for dep_context=non-requeueable deps ti=<TaskInstance: dag_with_taskflow_api_v2.greet scheduled__2024-08-23T00:00:00+00:00 [queued]>
[2024-08-25T07:34:01.315+0000] {taskinstance.py:2603} INFO - Dependencies all met for dep_context=requeueable deps ti=<TaskInstance: dag_with_taskflow_api_v2.greet scheduled__2024-08-23T00:00:00+00:00 [queued]>
[2024-08-25T07:34:01.316+0000] {taskinstance.py:2856} INFO - Starting attempt 1 of 6
[2024-08-25T07:34:01.391+0000] {taskinstance.py:2879} INFO - Executing <Task(_PythonDecoratedOperator): greet> on 2024-08-23 00:00:00+00:00
[2024-08-25T07:34:01.418+0000] {warnings.py:112} WARNING - /home/***/.local/lib/python3.12/site-packages/***/task/task_runner/standard_task_runner.py:70: DeprecationWarning: This process (pid=894) is multi-threaded, use of fork() may lead to deadlocks in the child.
  pid = os.fork()

[2024-08-25T07:34:01.426+0000] {standard_task_runner.py:72} INFO - Started process 899 to run task
[2024-08-25T07:34:01.446+0000] {standard_task_runner.py:104} INFO - Running: ['***', 'tasks', 'run', 'dag_with_taskflow_api_v2', 'greet', 'scheduled__2024-08-23T00:00:00+00:00', '--job-id', '61', '--raw', '--subdir', 'DAGS_FOLDER/dag_with_taskflow_api.py', '--cfg-path', '/tmp/tmp0jlc7or7']
[2024-08-25T07:34:01.466+0000] {standard_task_runner.py:105} INFO - Job 61: Subtask greet
[2024-08-25T07:34:01.604+0000] {task_command.py:467} INFO - Running <TaskInstance: dag_with_taskflow_api_v2.greet scheduled__2024-08-23T00:00:00+00:00 [running]> on host ae952724060e
[2024-08-25T07:34:01.964+0000] {taskinstance.py:3122} INFO - Exporting env vars: AIRFLOW_CTX_DAG_OWNER='shreyas' AIRFLOW_CTX_DAG_ID='dag_with_taskflow_api_v2' AIRFLOW_CTX_TASK_ID='greet' AIRFLOW_CTX_EXECUTION_DATE='2024-08-23T00:00:00+00:00' AIRFLOW_CTX_TRY_NUMBER='1' AIRFLOW_CTX_DAG_RUN_ID='scheduled__2024-08-23T00:00:00+00:00'
[2024-08-25T07:34:01.966+0000] {taskinstance.py:731} INFO - ::endgroup::
[2024-08-25T07:34:01.970+0000] {logging_mixin.py:190} INFO - Hello World! My name is Bruce Banner and I am 45 years old.
[2024-08-25T07:34:01.971+0000] {python.py:240} INFO - Done. Returned value was: None
[2024-08-25T07:34:01.990+0000] {taskinstance.py:340} INFO - ::group::Post task execution logs
[2024-08-25T07:34:01.993+0000] {taskinstance.py:352} INFO - Marking task as SUCCESS. dag_id=dag_with_taskflow_api_v2, task_id=greet, run_id=scheduled__2024-08-23T00:00:00+00:00, execution_date=20240823T000000, start_date=20240825T073401, end_date=20240825T073401
[2024-08-25T07:34:02.077+0000] {local_task_job_runner.py:261} INFO - Task exited with return code 0
[2024-08-25T07:34:02.123+0000] {taskinstance.py:3891} INFO - 0 downstream tasks scheduled from follow-on schedule check
[2024-08-25T07:34:02.127+0000] {local_task_job_runner.py:240} INFO - ::endgroup::
