[2024-08-23T06:38:32.564+0000] {processor.py:186} INFO - Started process (PID=92) to work on /home/airflow/.local/lib/python3.12/site-packages/airflow/example_dags/example_latest_only_with_trigger.py
[2024-08-23T06:38:32.574+0000] {processor.py:914} INFO - Processing file /home/airflow/.local/lib/python3.12/site-packages/airflow/example_dags/example_latest_only_with_trigger.py for tasks to queue
[2024-08-23T06:38:32.578+0000] {logging_mixin.py:190} INFO - [2024-08-23T06:38:32.578+0000] {dagbag.py:587} INFO - Filling up the DagBag from /home/airflow/.local/lib/python3.12/site-packages/airflow/example_dags/example_latest_only_with_trigger.py
[2024-08-23T06:38:32.597+0000] {processor.py:925} INFO - DAG(s) 'latest_only_with_trigger' retrieved from /home/airflow/.local/lib/python3.12/site-packages/airflow/example_dags/example_latest_only_with_trigger.py
[2024-08-23T06:38:32.768+0000] {logging_mixin.py:190} INFO - [2024-08-23T06:38:32.767+0000] {override.py:1858} INFO - Created Permission View: can edit on DAG:latest_only_with_trigger
[2024-08-23T06:38:32.784+0000] {logging_mixin.py:190} INFO - [2024-08-23T06:38:32.783+0000] {override.py:1858} INFO - Created Permission View: can delete on DAG:latest_only_with_trigger
[2024-08-23T06:38:32.794+0000] {logging_mixin.py:190} INFO - [2024-08-23T06:38:32.793+0000] {override.py:1858} INFO - Created Permission View: can read on DAG:latest_only_with_trigger
[2024-08-23T06:38:32.795+0000] {logging_mixin.py:190} INFO - [2024-08-23T06:38:32.795+0000] {dag.py:3211} INFO - Sync 1 DAGs
[2024-08-23T06:38:32.812+0000] {logging_mixin.py:190} INFO - [2024-08-23T06:38:32.812+0000] {dag.py:3234} INFO - Creating ORM DAG for latest_only_with_trigger
[2024-08-23T06:38:32.824+0000] {logging_mixin.py:190} INFO - [2024-08-23T06:38:32.824+0000] {dag.py:4138} INFO - Setting next_dagrun for latest_only_with_trigger to 2024-08-23 00:00:00+00:00, run_after=2024-08-23 04:00:00+00:00
[2024-08-23T06:38:32.845+0000] {processor.py:208} INFO - Processing /home/airflow/.local/lib/python3.12/site-packages/airflow/example_dags/example_latest_only_with_trigger.py took 0.290 seconds
[2024-08-23T06:39:02.913+0000] {processor.py:186} INFO - Started process (PID=154) to work on /home/airflow/.local/lib/python3.12/site-packages/airflow/example_dags/example_latest_only_with_trigger.py
[2024-08-23T06:39:02.916+0000] {processor.py:914} INFO - Processing file /home/airflow/.local/lib/python3.12/site-packages/airflow/example_dags/example_latest_only_with_trigger.py for tasks to queue
[2024-08-23T06:39:02.921+0000] {logging_mixin.py:190} INFO - [2024-08-23T06:39:02.920+0000] {dagbag.py:587} INFO - Filling up the DagBag from /home/airflow/.local/lib/python3.12/site-packages/airflow/example_dags/example_latest_only_with_trigger.py
[2024-08-23T06:39:02.938+0000] {processor.py:925} INFO - DAG(s) 'latest_only_with_trigger' retrieved from /home/airflow/.local/lib/python3.12/site-packages/airflow/example_dags/example_latest_only_with_trigger.py
[2024-08-23T06:39:02.984+0000] {logging_mixin.py:190} INFO - [2024-08-23T06:39:02.983+0000] {dag.py:3211} INFO - Sync 1 DAGs
[2024-08-23T06:39:03.041+0000] {logging_mixin.py:190} INFO - [2024-08-23T06:39:03.041+0000] {dag.py:4138} INFO - Setting next_dagrun for latest_only_with_trigger to 2024-08-23 00:00:00+00:00, run_after=2024-08-23 04:00:00+00:00
[2024-08-23T06:39:03.083+0000] {processor.py:208} INFO - Processing /home/airflow/.local/lib/python3.12/site-packages/airflow/example_dags/example_latest_only_with_trigger.py took 0.184 seconds
[2024-08-23T06:39:33.647+0000] {processor.py:186} INFO - Started process (PID=216) to work on /home/airflow/.local/lib/python3.12/site-packages/airflow/example_dags/example_latest_only_with_trigger.py
[2024-08-23T06:39:33.650+0000] {processor.py:914} INFO - Processing file /home/airflow/.local/lib/python3.12/site-packages/airflow/example_dags/example_latest_only_with_trigger.py for tasks to queue
[2024-08-23T06:39:33.653+0000] {logging_mixin.py:190} INFO - [2024-08-23T06:39:33.653+0000] {dagbag.py:587} INFO - Filling up the DagBag from /home/airflow/.local/lib/python3.12/site-packages/airflow/example_dags/example_latest_only_with_trigger.py
[2024-08-23T06:39:33.668+0000] {processor.py:925} INFO - DAG(s) 'latest_only_with_trigger' retrieved from /home/airflow/.local/lib/python3.12/site-packages/airflow/example_dags/example_latest_only_with_trigger.py
[2024-08-23T06:39:33.709+0000] {logging_mixin.py:190} INFO - [2024-08-23T06:39:33.708+0000] {dag.py:3211} INFO - Sync 1 DAGs
[2024-08-23T06:39:33.757+0000] {logging_mixin.py:190} INFO - [2024-08-23T06:39:33.757+0000] {dag.py:4138} INFO - Setting next_dagrun for latest_only_with_trigger to 2024-08-23 00:00:00+00:00, run_after=2024-08-23 04:00:00+00:00
[2024-08-23T06:39:33.792+0000] {processor.py:208} INFO - Processing /home/airflow/.local/lib/python3.12/site-packages/airflow/example_dags/example_latest_only_with_trigger.py took 0.157 seconds
[2024-08-23T06:40:04.114+0000] {processor.py:186} INFO - Started process (PID=278) to work on /home/airflow/.local/lib/python3.12/site-packages/airflow/example_dags/example_latest_only_with_trigger.py
[2024-08-23T06:40:04.117+0000] {processor.py:914} INFO - Processing file /home/airflow/.local/lib/python3.12/site-packages/airflow/example_dags/example_latest_only_with_trigger.py for tasks to queue
[2024-08-23T06:40:04.123+0000] {logging_mixin.py:190} INFO - [2024-08-23T06:40:04.122+0000] {dagbag.py:587} INFO - Filling up the DagBag from /home/airflow/.local/lib/python3.12/site-packages/airflow/example_dags/example_latest_only_with_trigger.py
[2024-08-23T06:40:04.143+0000] {processor.py:925} INFO - DAG(s) 'latest_only_with_trigger' retrieved from /home/airflow/.local/lib/python3.12/site-packages/airflow/example_dags/example_latest_only_with_trigger.py
[2024-08-23T06:40:04.202+0000] {logging_mixin.py:190} INFO - [2024-08-23T06:40:04.201+0000] {dag.py:3211} INFO - Sync 1 DAGs
[2024-08-23T06:40:04.272+0000] {logging_mixin.py:190} INFO - [2024-08-23T06:40:04.272+0000] {dag.py:4138} INFO - Setting next_dagrun for latest_only_with_trigger to 2024-08-23 00:00:00+00:00, run_after=2024-08-23 04:00:00+00:00
[2024-08-23T06:40:04.321+0000] {processor.py:208} INFO - Processing /home/airflow/.local/lib/python3.12/site-packages/airflow/example_dags/example_latest_only_with_trigger.py took 0.222 seconds
[2024-08-23T06:40:35.276+0000] {processor.py:186} INFO - Started process (PID=340) to work on /home/airflow/.local/lib/python3.12/site-packages/airflow/example_dags/example_latest_only_with_trigger.py
[2024-08-23T06:40:35.278+0000] {processor.py:914} INFO - Processing file /home/airflow/.local/lib/python3.12/site-packages/airflow/example_dags/example_latest_only_with_trigger.py for tasks to queue
[2024-08-23T06:40:35.284+0000] {logging_mixin.py:190} INFO - [2024-08-23T06:40:35.283+0000] {dagbag.py:587} INFO - Filling up the DagBag from /home/airflow/.local/lib/python3.12/site-packages/airflow/example_dags/example_latest_only_with_trigger.py
[2024-08-23T06:40:35.297+0000] {processor.py:925} INFO - DAG(s) 'latest_only_with_trigger' retrieved from /home/airflow/.local/lib/python3.12/site-packages/airflow/example_dags/example_latest_only_with_trigger.py
[2024-08-23T06:40:35.336+0000] {logging_mixin.py:190} INFO - [2024-08-23T06:40:35.336+0000] {dag.py:3211} INFO - Sync 1 DAGs
[2024-08-23T06:40:35.401+0000] {logging_mixin.py:190} INFO - [2024-08-23T06:40:35.401+0000] {dag.py:4138} INFO - Setting next_dagrun for latest_only_with_trigger to 2024-08-23 00:00:00+00:00, run_after=2024-08-23 04:00:00+00:00
[2024-08-23T06:40:35.446+0000] {processor.py:208} INFO - Processing /home/airflow/.local/lib/python3.12/site-packages/airflow/example_dags/example_latest_only_with_trigger.py took 0.181 seconds
[2024-08-23T06:41:05.560+0000] {processor.py:186} INFO - Started process (PID=402) to work on /home/airflow/.local/lib/python3.12/site-packages/airflow/example_dags/example_latest_only_with_trigger.py
[2024-08-23T06:41:05.561+0000] {processor.py:914} INFO - Processing file /home/airflow/.local/lib/python3.12/site-packages/airflow/example_dags/example_latest_only_with_trigger.py for tasks to queue
[2024-08-23T06:41:05.563+0000] {logging_mixin.py:190} INFO - [2024-08-23T06:41:05.563+0000] {dagbag.py:587} INFO - Filling up the DagBag from /home/airflow/.local/lib/python3.12/site-packages/airflow/example_dags/example_latest_only_with_trigger.py
[2024-08-23T06:41:05.570+0000] {processor.py:925} INFO - DAG(s) 'latest_only_with_trigger' retrieved from /home/airflow/.local/lib/python3.12/site-packages/airflow/example_dags/example_latest_only_with_trigger.py
[2024-08-23T06:41:05.593+0000] {logging_mixin.py:190} INFO - [2024-08-23T06:41:05.593+0000] {dag.py:3211} INFO - Sync 1 DAGs
[2024-08-23T06:41:05.620+0000] {logging_mixin.py:190} INFO - [2024-08-23T06:41:05.619+0000] {dag.py:4138} INFO - Setting next_dagrun for latest_only_with_trigger to 2024-08-23 00:00:00+00:00, run_after=2024-08-23 04:00:00+00:00
[2024-08-23T06:41:05.649+0000] {processor.py:208} INFO - Processing /home/airflow/.local/lib/python3.12/site-packages/airflow/example_dags/example_latest_only_with_trigger.py took 0.098 seconds
[2024-08-23T06:41:35.712+0000] {processor.py:186} INFO - Started process (PID=464) to work on /home/airflow/.local/lib/python3.12/site-packages/airflow/example_dags/example_latest_only_with_trigger.py
[2024-08-23T06:41:35.715+0000] {processor.py:914} INFO - Processing file /home/airflow/.local/lib/python3.12/site-packages/airflow/example_dags/example_latest_only_with_trigger.py for tasks to queue
[2024-08-23T06:41:35.719+0000] {logging_mixin.py:190} INFO - [2024-08-23T06:41:35.719+0000] {dagbag.py:587} INFO - Filling up the DagBag from /home/airflow/.local/lib/python3.12/site-packages/airflow/example_dags/example_latest_only_with_trigger.py
[2024-08-23T06:41:35.726+0000] {processor.py:925} INFO - DAG(s) 'latest_only_with_trigger' retrieved from /home/airflow/.local/lib/python3.12/site-packages/airflow/example_dags/example_latest_only_with_trigger.py
[2024-08-23T06:41:35.758+0000] {logging_mixin.py:190} INFO - [2024-08-23T06:41:35.758+0000] {dag.py:3211} INFO - Sync 1 DAGs
[2024-08-23T06:41:35.788+0000] {logging_mixin.py:190} INFO - [2024-08-23T06:41:35.788+0000] {dag.py:4138} INFO - Setting next_dagrun for latest_only_with_trigger to 2024-08-23 00:00:00+00:00, run_after=2024-08-23 04:00:00+00:00
[2024-08-23T06:41:35.808+0000] {processor.py:208} INFO - Processing /home/airflow/.local/lib/python3.12/site-packages/airflow/example_dags/example_latest_only_with_trigger.py took 0.103 seconds
[2024-08-23T06:42:06.980+0000] {processor.py:186} INFO - Started process (PID=526) to work on /home/airflow/.local/lib/python3.12/site-packages/airflow/example_dags/example_latest_only_with_trigger.py
[2024-08-23T06:42:06.981+0000] {processor.py:914} INFO - Processing file /home/airflow/.local/lib/python3.12/site-packages/airflow/example_dags/example_latest_only_with_trigger.py for tasks to queue
[2024-08-23T06:42:06.983+0000] {logging_mixin.py:190} INFO - [2024-08-23T06:42:06.983+0000] {dagbag.py:587} INFO - Filling up the DagBag from /home/airflow/.local/lib/python3.12/site-packages/airflow/example_dags/example_latest_only_with_trigger.py
[2024-08-23T06:42:06.996+0000] {processor.py:925} INFO - DAG(s) 'latest_only_with_trigger' retrieved from /home/airflow/.local/lib/python3.12/site-packages/airflow/example_dags/example_latest_only_with_trigger.py
[2024-08-23T06:42:07.029+0000] {logging_mixin.py:190} INFO - [2024-08-23T06:42:07.029+0000] {dag.py:3211} INFO - Sync 1 DAGs
[2024-08-23T06:42:07.066+0000] {logging_mixin.py:190} INFO - [2024-08-23T06:42:07.066+0000] {dag.py:4138} INFO - Setting next_dagrun for latest_only_with_trigger to 2024-08-23 00:00:00+00:00, run_after=2024-08-23 04:00:00+00:00
[2024-08-23T06:42:07.096+0000] {processor.py:208} INFO - Processing /home/airflow/.local/lib/python3.12/site-packages/airflow/example_dags/example_latest_only_with_trigger.py took 0.125 seconds
[2024-08-23T07:54:12.389+0000] {processor.py:186} INFO - Started process (PID=95) to work on /home/airflow/.local/lib/python3.12/site-packages/airflow/example_dags/example_latest_only_with_trigger.py
[2024-08-23T07:54:12.392+0000] {processor.py:914} INFO - Processing file /home/airflow/.local/lib/python3.12/site-packages/airflow/example_dags/example_latest_only_with_trigger.py for tasks to queue
[2024-08-23T07:54:12.397+0000] {logging_mixin.py:190} INFO - [2024-08-23T07:54:12.396+0000] {dagbag.py:587} INFO - Filling up the DagBag from /home/airflow/.local/lib/python3.12/site-packages/airflow/example_dags/example_latest_only_with_trigger.py
[2024-08-23T07:54:12.416+0000] {processor.py:925} INFO - DAG(s) 'latest_only_with_trigger' retrieved from /home/airflow/.local/lib/python3.12/site-packages/airflow/example_dags/example_latest_only_with_trigger.py
[2024-08-23T07:54:12.466+0000] {logging_mixin.py:190} INFO - [2024-08-23T07:54:12.465+0000] {dag.py:3211} INFO - Sync 1 DAGs
[2024-08-23T07:54:12.507+0000] {logging_mixin.py:190} INFO - [2024-08-23T07:54:12.506+0000] {dag.py:4138} INFO - Setting next_dagrun for latest_only_with_trigger to 2024-08-23 00:00:00+00:00, run_after=2024-08-23 04:00:00+00:00
[2024-08-23T07:54:12.538+0000] {processor.py:208} INFO - Processing /home/airflow/.local/lib/python3.12/site-packages/airflow/example_dags/example_latest_only_with_trigger.py took 0.160 seconds
[2024-08-23T07:54:43.240+0000] {processor.py:186} INFO - Started process (PID=157) to work on /home/airflow/.local/lib/python3.12/site-packages/airflow/example_dags/example_latest_only_with_trigger.py
[2024-08-23T07:54:43.244+0000] {processor.py:914} INFO - Processing file /home/airflow/.local/lib/python3.12/site-packages/airflow/example_dags/example_latest_only_with_trigger.py for tasks to queue
[2024-08-23T07:54:43.258+0000] {logging_mixin.py:190} INFO - [2024-08-23T07:54:43.257+0000] {dagbag.py:587} INFO - Filling up the DagBag from /home/airflow/.local/lib/python3.12/site-packages/airflow/example_dags/example_latest_only_with_trigger.py
[2024-08-23T07:54:43.290+0000] {processor.py:925} INFO - DAG(s) 'latest_only_with_trigger' retrieved from /home/airflow/.local/lib/python3.12/site-packages/airflow/example_dags/example_latest_only_with_trigger.py
[2024-08-23T07:54:43.368+0000] {logging_mixin.py:190} INFO - [2024-08-23T07:54:43.367+0000] {dag.py:3211} INFO - Sync 1 DAGs
[2024-08-23T07:54:43.439+0000] {logging_mixin.py:190} INFO - [2024-08-23T07:54:43.438+0000] {dag.py:4138} INFO - Setting next_dagrun for latest_only_with_trigger to 2024-08-23 00:00:00+00:00, run_after=2024-08-23 04:00:00+00:00
[2024-08-23T07:54:43.483+0000] {processor.py:208} INFO - Processing /home/airflow/.local/lib/python3.12/site-packages/airflow/example_dags/example_latest_only_with_trigger.py took 0.270 seconds
[2024-08-23T07:55:14.305+0000] {processor.py:186} INFO - Started process (PID=219) to work on /home/airflow/.local/lib/python3.12/site-packages/airflow/example_dags/example_latest_only_with_trigger.py
[2024-08-23T07:55:14.306+0000] {processor.py:914} INFO - Processing file /home/airflow/.local/lib/python3.12/site-packages/airflow/example_dags/example_latest_only_with_trigger.py for tasks to queue
[2024-08-23T07:55:14.308+0000] {logging_mixin.py:190} INFO - [2024-08-23T07:55:14.308+0000] {dagbag.py:587} INFO - Filling up the DagBag from /home/airflow/.local/lib/python3.12/site-packages/airflow/example_dags/example_latest_only_with_trigger.py
[2024-08-23T07:55:14.316+0000] {processor.py:925} INFO - DAG(s) 'latest_only_with_trigger' retrieved from /home/airflow/.local/lib/python3.12/site-packages/airflow/example_dags/example_latest_only_with_trigger.py
[2024-08-23T07:55:14.336+0000] {logging_mixin.py:190} INFO - [2024-08-23T07:55:14.336+0000] {dag.py:3211} INFO - Sync 1 DAGs
[2024-08-23T07:55:14.358+0000] {logging_mixin.py:190} INFO - [2024-08-23T07:55:14.358+0000] {dag.py:4138} INFO - Setting next_dagrun for latest_only_with_trigger to 2024-08-23 00:00:00+00:00, run_after=2024-08-23 04:00:00+00:00
[2024-08-23T07:55:14.375+0000] {processor.py:208} INFO - Processing /home/airflow/.local/lib/python3.12/site-packages/airflow/example_dags/example_latest_only_with_trigger.py took 0.077 seconds
[2024-08-23T08:20:33.706+0000] {processor.py:186} INFO - Started process (PID=90) to work on /home/airflow/.local/lib/python3.12/site-packages/airflow/example_dags/example_latest_only_with_trigger.py
[2024-08-23T08:20:33.708+0000] {processor.py:914} INFO - Processing file /home/airflow/.local/lib/python3.12/site-packages/airflow/example_dags/example_latest_only_with_trigger.py for tasks to queue
[2024-08-23T08:20:33.710+0000] {logging_mixin.py:190} INFO - [2024-08-23T08:20:33.710+0000] {dagbag.py:587} INFO - Filling up the DagBag from /home/airflow/.local/lib/python3.12/site-packages/airflow/example_dags/example_latest_only_with_trigger.py
[2024-08-23T08:20:33.718+0000] {processor.py:925} INFO - DAG(s) 'latest_only_with_trigger' retrieved from /home/airflow/.local/lib/python3.12/site-packages/airflow/example_dags/example_latest_only_with_trigger.py
[2024-08-23T08:20:33.738+0000] {logging_mixin.py:190} INFO - [2024-08-23T08:20:33.737+0000] {dag.py:3211} INFO - Sync 1 DAGs
[2024-08-23T08:20:33.767+0000] {logging_mixin.py:190} INFO - [2024-08-23T08:20:33.767+0000] {dag.py:4138} INFO - Setting next_dagrun for latest_only_with_trigger to 2024-08-23 04:00:00+00:00, run_after=2024-08-23 08:00:00+00:00
[2024-08-23T08:20:33.798+0000] {processor.py:208} INFO - Processing /home/airflow/.local/lib/python3.12/site-packages/airflow/example_dags/example_latest_only_with_trigger.py took 0.098 seconds
[2024-08-23T08:23:27.827+0000] {processor.py:186} INFO - Started process (PID=87) to work on /home/airflow/.local/lib/python3.12/site-packages/airflow/example_dags/example_latest_only_with_trigger.py
[2024-08-23T08:23:27.828+0000] {processor.py:914} INFO - Processing file /home/airflow/.local/lib/python3.12/site-packages/airflow/example_dags/example_latest_only_with_trigger.py for tasks to queue
[2024-08-23T08:23:27.831+0000] {logging_mixin.py:190} INFO - [2024-08-23T08:23:27.830+0000] {dagbag.py:587} INFO - Filling up the DagBag from /home/airflow/.local/lib/python3.12/site-packages/airflow/example_dags/example_latest_only_with_trigger.py
[2024-08-23T08:23:27.840+0000] {processor.py:925} INFO - DAG(s) 'latest_only_with_trigger' retrieved from /home/airflow/.local/lib/python3.12/site-packages/airflow/example_dags/example_latest_only_with_trigger.py
[2024-08-23T08:23:27.862+0000] {logging_mixin.py:190} INFO - [2024-08-23T08:23:27.862+0000] {dag.py:3211} INFO - Sync 1 DAGs
[2024-08-23T08:23:27.891+0000] {logging_mixin.py:190} INFO - [2024-08-23T08:23:27.891+0000] {dag.py:4138} INFO - Setting next_dagrun for latest_only_with_trigger to 2024-08-23 04:00:00+00:00, run_after=2024-08-23 08:00:00+00:00
[2024-08-23T08:23:27.913+0000] {processor.py:208} INFO - Processing /home/airflow/.local/lib/python3.12/site-packages/airflow/example_dags/example_latest_only_with_trigger.py took 0.091 seconds
[2024-08-23T08:23:58.780+0000] {processor.py:186} INFO - Started process (PID=150) to work on /home/airflow/.local/lib/python3.12/site-packages/airflow/example_dags/example_latest_only_with_trigger.py
[2024-08-23T08:23:58.783+0000] {processor.py:914} INFO - Processing file /home/airflow/.local/lib/python3.12/site-packages/airflow/example_dags/example_latest_only_with_trigger.py for tasks to queue
[2024-08-23T08:23:58.785+0000] {logging_mixin.py:190} INFO - [2024-08-23T08:23:58.785+0000] {dagbag.py:587} INFO - Filling up the DagBag from /home/airflow/.local/lib/python3.12/site-packages/airflow/example_dags/example_latest_only_with_trigger.py
[2024-08-23T08:23:58.792+0000] {processor.py:925} INFO - DAG(s) 'latest_only_with_trigger' retrieved from /home/airflow/.local/lib/python3.12/site-packages/airflow/example_dags/example_latest_only_with_trigger.py
[2024-08-23T08:23:58.811+0000] {logging_mixin.py:190} INFO - [2024-08-23T08:23:58.811+0000] {dag.py:3211} INFO - Sync 1 DAGs
[2024-08-23T08:23:58.839+0000] {logging_mixin.py:190} INFO - [2024-08-23T08:23:58.839+0000] {dag.py:4138} INFO - Setting next_dagrun for latest_only_with_trigger to 2024-08-23 04:00:00+00:00, run_after=2024-08-23 08:00:00+00:00
[2024-08-23T08:23:58.871+0000] {processor.py:208} INFO - Processing /home/airflow/.local/lib/python3.12/site-packages/airflow/example_dags/example_latest_only_with_trigger.py took 0.096 seconds
[2024-08-23T08:24:29.201+0000] {processor.py:186} INFO - Started process (PID=212) to work on /home/airflow/.local/lib/python3.12/site-packages/airflow/example_dags/example_latest_only_with_trigger.py
[2024-08-23T08:24:29.202+0000] {processor.py:914} INFO - Processing file /home/airflow/.local/lib/python3.12/site-packages/airflow/example_dags/example_latest_only_with_trigger.py for tasks to queue
[2024-08-23T08:24:29.204+0000] {logging_mixin.py:190} INFO - [2024-08-23T08:24:29.204+0000] {dagbag.py:587} INFO - Filling up the DagBag from /home/airflow/.local/lib/python3.12/site-packages/airflow/example_dags/example_latest_only_with_trigger.py
[2024-08-23T08:24:29.211+0000] {processor.py:925} INFO - DAG(s) 'latest_only_with_trigger' retrieved from /home/airflow/.local/lib/python3.12/site-packages/airflow/example_dags/example_latest_only_with_trigger.py
[2024-08-23T08:24:29.229+0000] {logging_mixin.py:190} INFO - [2024-08-23T08:24:29.229+0000] {dag.py:3211} INFO - Sync 1 DAGs
[2024-08-23T08:24:29.250+0000] {logging_mixin.py:190} INFO - [2024-08-23T08:24:29.250+0000] {dag.py:4138} INFO - Setting next_dagrun for latest_only_with_trigger to 2024-08-23 04:00:00+00:00, run_after=2024-08-23 08:00:00+00:00
[2024-08-23T08:24:29.270+0000] {processor.py:208} INFO - Processing /home/airflow/.local/lib/python3.12/site-packages/airflow/example_dags/example_latest_only_with_trigger.py took 0.074 seconds
[2024-08-23T08:25:00.852+0000] {processor.py:186} INFO - Started process (PID=274) to work on /home/airflow/.local/lib/python3.12/site-packages/airflow/example_dags/example_latest_only_with_trigger.py
[2024-08-23T08:25:00.856+0000] {processor.py:914} INFO - Processing file /home/airflow/.local/lib/python3.12/site-packages/airflow/example_dags/example_latest_only_with_trigger.py for tasks to queue
[2024-08-23T08:25:00.863+0000] {logging_mixin.py:190} INFO - [2024-08-23T08:25:00.862+0000] {dagbag.py:587} INFO - Filling up the DagBag from /home/airflow/.local/lib/python3.12/site-packages/airflow/example_dags/example_latest_only_with_trigger.py
[2024-08-23T08:25:00.884+0000] {processor.py:925} INFO - DAG(s) 'latest_only_with_trigger' retrieved from /home/airflow/.local/lib/python3.12/site-packages/airflow/example_dags/example_latest_only_with_trigger.py
[2024-08-23T08:25:00.940+0000] {logging_mixin.py:190} INFO - [2024-08-23T08:25:00.940+0000] {dag.py:3211} INFO - Sync 1 DAGs
[2024-08-23T08:25:01.022+0000] {logging_mixin.py:190} INFO - [2024-08-23T08:25:01.022+0000] {dag.py:4138} INFO - Setting next_dagrun for latest_only_with_trigger to 2024-08-23 04:00:00+00:00, run_after=2024-08-23 08:00:00+00:00
[2024-08-23T08:25:01.146+0000] {processor.py:208} INFO - Processing /home/airflow/.local/lib/python3.12/site-packages/airflow/example_dags/example_latest_only_with_trigger.py took 0.311 seconds
[2024-08-23T08:25:31.249+0000] {processor.py:186} INFO - Started process (PID=336) to work on /home/airflow/.local/lib/python3.12/site-packages/airflow/example_dags/example_latest_only_with_trigger.py
[2024-08-23T08:25:31.251+0000] {processor.py:914} INFO - Processing file /home/airflow/.local/lib/python3.12/site-packages/airflow/example_dags/example_latest_only_with_trigger.py for tasks to queue
[2024-08-23T08:25:31.254+0000] {logging_mixin.py:190} INFO - [2024-08-23T08:25:31.254+0000] {dagbag.py:587} INFO - Filling up the DagBag from /home/airflow/.local/lib/python3.12/site-packages/airflow/example_dags/example_latest_only_with_trigger.py
[2024-08-23T08:25:31.265+0000] {processor.py:925} INFO - DAG(s) 'latest_only_with_trigger' retrieved from /home/airflow/.local/lib/python3.12/site-packages/airflow/example_dags/example_latest_only_with_trigger.py
[2024-08-23T08:25:31.296+0000] {logging_mixin.py:190} INFO - [2024-08-23T08:25:31.295+0000] {dag.py:3211} INFO - Sync 1 DAGs
[2024-08-23T08:25:31.327+0000] {logging_mixin.py:190} INFO - [2024-08-23T08:25:31.326+0000] {dag.py:4138} INFO - Setting next_dagrun for latest_only_with_trigger to 2024-08-23 04:00:00+00:00, run_after=2024-08-23 08:00:00+00:00
[2024-08-23T08:25:31.357+0000] {processor.py:208} INFO - Processing /home/airflow/.local/lib/python3.12/site-packages/airflow/example_dags/example_latest_only_with_trigger.py took 0.117 seconds
[2024-08-23T08:26:02.289+0000] {processor.py:186} INFO - Started process (PID=398) to work on /home/airflow/.local/lib/python3.12/site-packages/airflow/example_dags/example_latest_only_with_trigger.py
[2024-08-23T08:26:02.290+0000] {processor.py:914} INFO - Processing file /home/airflow/.local/lib/python3.12/site-packages/airflow/example_dags/example_latest_only_with_trigger.py for tasks to queue
[2024-08-23T08:26:02.292+0000] {logging_mixin.py:190} INFO - [2024-08-23T08:26:02.291+0000] {dagbag.py:587} INFO - Filling up the DagBag from /home/airflow/.local/lib/python3.12/site-packages/airflow/example_dags/example_latest_only_with_trigger.py
[2024-08-23T08:26:02.298+0000] {processor.py:925} INFO - DAG(s) 'latest_only_with_trigger' retrieved from /home/airflow/.local/lib/python3.12/site-packages/airflow/example_dags/example_latest_only_with_trigger.py
[2024-08-23T08:26:02.315+0000] {logging_mixin.py:190} INFO - [2024-08-23T08:26:02.315+0000] {dag.py:3211} INFO - Sync 1 DAGs
[2024-08-23T08:26:02.333+0000] {logging_mixin.py:190} INFO - [2024-08-23T08:26:02.333+0000] {dag.py:4138} INFO - Setting next_dagrun for latest_only_with_trigger to 2024-08-23 04:00:00+00:00, run_after=2024-08-23 08:00:00+00:00
[2024-08-23T08:26:02.352+0000] {processor.py:208} INFO - Processing /home/airflow/.local/lib/python3.12/site-packages/airflow/example_dags/example_latest_only_with_trigger.py took 0.069 seconds
[2024-08-23T08:26:32.691+0000] {processor.py:186} INFO - Started process (PID=460) to work on /home/airflow/.local/lib/python3.12/site-packages/airflow/example_dags/example_latest_only_with_trigger.py
[2024-08-23T08:26:32.692+0000] {processor.py:914} INFO - Processing file /home/airflow/.local/lib/python3.12/site-packages/airflow/example_dags/example_latest_only_with_trigger.py for tasks to queue
[2024-08-23T08:26:32.696+0000] {logging_mixin.py:190} INFO - [2024-08-23T08:26:32.695+0000] {dagbag.py:587} INFO - Filling up the DagBag from /home/airflow/.local/lib/python3.12/site-packages/airflow/example_dags/example_latest_only_with_trigger.py
[2024-08-23T08:26:32.703+0000] {processor.py:925} INFO - DAG(s) 'latest_only_with_trigger' retrieved from /home/airflow/.local/lib/python3.12/site-packages/airflow/example_dags/example_latest_only_with_trigger.py
[2024-08-23T08:26:32.721+0000] {logging_mixin.py:190} INFO - [2024-08-23T08:26:32.721+0000] {dag.py:3211} INFO - Sync 1 DAGs
[2024-08-23T08:26:32.740+0000] {logging_mixin.py:190} INFO - [2024-08-23T08:26:32.740+0000] {dag.py:4138} INFO - Setting next_dagrun for latest_only_with_trigger to 2024-08-23 04:00:00+00:00, run_after=2024-08-23 08:00:00+00:00
[2024-08-23T08:26:32.757+0000] {processor.py:208} INFO - Processing /home/airflow/.local/lib/python3.12/site-packages/airflow/example_dags/example_latest_only_with_trigger.py took 0.072 seconds
[2024-08-23T10:25:04.777+0000] {processor.py:186} INFO - Started process (PID=92) to work on /home/airflow/.local/lib/python3.12/site-packages/airflow/example_dags/example_latest_only_with_trigger.py
[2024-08-23T10:25:04.811+0000] {processor.py:914} INFO - Processing file /home/airflow/.local/lib/python3.12/site-packages/airflow/example_dags/example_latest_only_with_trigger.py for tasks to queue
[2024-08-23T10:25:04.814+0000] {logging_mixin.py:190} INFO - [2024-08-23T10:25:04.814+0000] {dagbag.py:587} INFO - Filling up the DagBag from /home/airflow/.local/lib/python3.12/site-packages/airflow/example_dags/example_latest_only_with_trigger.py
[2024-08-23T10:25:04.821+0000] {processor.py:925} INFO - DAG(s) 'latest_only_with_trigger' retrieved from /home/airflow/.local/lib/python3.12/site-packages/airflow/example_dags/example_latest_only_with_trigger.py
[2024-08-23T10:25:04.838+0000] {logging_mixin.py:190} INFO - [2024-08-23T10:25:04.837+0000] {dag.py:3211} INFO - Sync 1 DAGs
[2024-08-23T10:25:04.857+0000] {logging_mixin.py:190} INFO - [2024-08-23T10:25:04.857+0000] {dag.py:4138} INFO - Setting next_dagrun for latest_only_with_trigger to 2024-08-23 04:00:00+00:00, run_after=2024-08-23 08:00:00+00:00
[2024-08-23T10:25:05.006+0000] {processor.py:208} INFO - Processing /home/airflow/.local/lib/python3.12/site-packages/airflow/example_dags/example_latest_only_with_trigger.py took 0.233 seconds
[2024-08-23T10:25:35.653+0000] {processor.py:186} INFO - Started process (PID=154) to work on /home/airflow/.local/lib/python3.12/site-packages/airflow/example_dags/example_latest_only_with_trigger.py
[2024-08-23T10:25:35.655+0000] {processor.py:914} INFO - Processing file /home/airflow/.local/lib/python3.12/site-packages/airflow/example_dags/example_latest_only_with_trigger.py for tasks to queue
[2024-08-23T10:25:35.658+0000] {logging_mixin.py:190} INFO - [2024-08-23T10:25:35.657+0000] {dagbag.py:587} INFO - Filling up the DagBag from /home/airflow/.local/lib/python3.12/site-packages/airflow/example_dags/example_latest_only_with_trigger.py
[2024-08-23T10:25:35.664+0000] {processor.py:925} INFO - DAG(s) 'latest_only_with_trigger' retrieved from /home/airflow/.local/lib/python3.12/site-packages/airflow/example_dags/example_latest_only_with_trigger.py
[2024-08-23T10:25:35.683+0000] {logging_mixin.py:190} INFO - [2024-08-23T10:25:35.683+0000] {dag.py:3211} INFO - Sync 1 DAGs
[2024-08-23T10:25:35.703+0000] {logging_mixin.py:190} INFO - [2024-08-23T10:25:35.703+0000] {dag.py:4138} INFO - Setting next_dagrun for latest_only_with_trigger to 2024-08-23 04:00:00+00:00, run_after=2024-08-23 08:00:00+00:00
[2024-08-23T10:25:35.724+0000] {processor.py:208} INFO - Processing /home/airflow/.local/lib/python3.12/site-packages/airflow/example_dags/example_latest_only_with_trigger.py took 0.075 seconds
[2024-08-23T10:26:06.322+0000] {processor.py:186} INFO - Started process (PID=216) to work on /home/airflow/.local/lib/python3.12/site-packages/airflow/example_dags/example_latest_only_with_trigger.py
[2024-08-23T10:26:06.323+0000] {processor.py:914} INFO - Processing file /home/airflow/.local/lib/python3.12/site-packages/airflow/example_dags/example_latest_only_with_trigger.py for tasks to queue
[2024-08-23T10:26:06.325+0000] {logging_mixin.py:190} INFO - [2024-08-23T10:26:06.325+0000] {dagbag.py:587} INFO - Filling up the DagBag from /home/airflow/.local/lib/python3.12/site-packages/airflow/example_dags/example_latest_only_with_trigger.py
[2024-08-23T10:26:06.333+0000] {processor.py:925} INFO - DAG(s) 'latest_only_with_trigger' retrieved from /home/airflow/.local/lib/python3.12/site-packages/airflow/example_dags/example_latest_only_with_trigger.py
[2024-08-23T10:26:06.360+0000] {logging_mixin.py:190} INFO - [2024-08-23T10:26:06.359+0000] {dag.py:3211} INFO - Sync 1 DAGs
[2024-08-23T10:26:06.398+0000] {logging_mixin.py:190} INFO - [2024-08-23T10:26:06.398+0000] {dag.py:4138} INFO - Setting next_dagrun for latest_only_with_trigger to 2024-08-23 04:00:00+00:00, run_after=2024-08-23 08:00:00+00:00
[2024-08-23T10:26:06.424+0000] {processor.py:208} INFO - Processing /home/airflow/.local/lib/python3.12/site-packages/airflow/example_dags/example_latest_only_with_trigger.py took 0.108 seconds
[2024-08-23T10:26:37.359+0000] {processor.py:186} INFO - Started process (PID=278) to work on /home/airflow/.local/lib/python3.12/site-packages/airflow/example_dags/example_latest_only_with_trigger.py
[2024-08-23T10:26:37.360+0000] {processor.py:914} INFO - Processing file /home/airflow/.local/lib/python3.12/site-packages/airflow/example_dags/example_latest_only_with_trigger.py for tasks to queue
[2024-08-23T10:26:37.362+0000] {logging_mixin.py:190} INFO - [2024-08-23T10:26:37.362+0000] {dagbag.py:587} INFO - Filling up the DagBag from /home/airflow/.local/lib/python3.12/site-packages/airflow/example_dags/example_latest_only_with_trigger.py
[2024-08-23T10:26:37.370+0000] {processor.py:925} INFO - DAG(s) 'latest_only_with_trigger' retrieved from /home/airflow/.local/lib/python3.12/site-packages/airflow/example_dags/example_latest_only_with_trigger.py
[2024-08-23T10:26:37.393+0000] {logging_mixin.py:190} INFO - [2024-08-23T10:26:37.393+0000] {dag.py:3211} INFO - Sync 1 DAGs
[2024-08-23T10:26:37.418+0000] {logging_mixin.py:190} INFO - [2024-08-23T10:26:37.418+0000] {dag.py:4138} INFO - Setting next_dagrun for latest_only_with_trigger to 2024-08-23 04:00:00+00:00, run_after=2024-08-23 08:00:00+00:00
[2024-08-23T10:26:37.446+0000] {processor.py:208} INFO - Processing /home/airflow/.local/lib/python3.12/site-packages/airflow/example_dags/example_latest_only_with_trigger.py took 0.091 seconds
[2024-08-23T10:27:08.929+0000] {processor.py:186} INFO - Started process (PID=340) to work on /home/airflow/.local/lib/python3.12/site-packages/airflow/example_dags/example_latest_only_with_trigger.py
[2024-08-23T10:27:08.932+0000] {processor.py:914} INFO - Processing file /home/airflow/.local/lib/python3.12/site-packages/airflow/example_dags/example_latest_only_with_trigger.py for tasks to queue
[2024-08-23T10:27:08.937+0000] {logging_mixin.py:190} INFO - [2024-08-23T10:27:08.936+0000] {dagbag.py:587} INFO - Filling up the DagBag from /home/airflow/.local/lib/python3.12/site-packages/airflow/example_dags/example_latest_only_with_trigger.py
[2024-08-23T10:27:08.956+0000] {processor.py:925} INFO - DAG(s) 'latest_only_with_trigger' retrieved from /home/airflow/.local/lib/python3.12/site-packages/airflow/example_dags/example_latest_only_with_trigger.py
[2024-08-23T10:27:08.999+0000] {logging_mixin.py:190} INFO - [2024-08-23T10:27:08.999+0000] {dag.py:3211} INFO - Sync 1 DAGs
[2024-08-23T10:27:09.048+0000] {logging_mixin.py:190} INFO - [2024-08-23T10:27:09.047+0000] {dag.py:4138} INFO - Setting next_dagrun for latest_only_with_trigger to 2024-08-23 04:00:00+00:00, run_after=2024-08-23 08:00:00+00:00
[2024-08-23T10:27:09.086+0000] {processor.py:208} INFO - Processing /home/airflow/.local/lib/python3.12/site-packages/airflow/example_dags/example_latest_only_with_trigger.py took 0.172 seconds
[2024-08-23T10:27:39.768+0000] {processor.py:186} INFO - Started process (PID=402) to work on /home/airflow/.local/lib/python3.12/site-packages/airflow/example_dags/example_latest_only_with_trigger.py
[2024-08-23T10:27:39.770+0000] {processor.py:914} INFO - Processing file /home/airflow/.local/lib/python3.12/site-packages/airflow/example_dags/example_latest_only_with_trigger.py for tasks to queue
[2024-08-23T10:27:39.774+0000] {logging_mixin.py:190} INFO - [2024-08-23T10:27:39.773+0000] {dagbag.py:587} INFO - Filling up the DagBag from /home/airflow/.local/lib/python3.12/site-packages/airflow/example_dags/example_latest_only_with_trigger.py
[2024-08-23T10:27:39.784+0000] {processor.py:925} INFO - DAG(s) 'latest_only_with_trigger' retrieved from /home/airflow/.local/lib/python3.12/site-packages/airflow/example_dags/example_latest_only_with_trigger.py
[2024-08-23T10:27:39.818+0000] {logging_mixin.py:190} INFO - [2024-08-23T10:27:39.817+0000] {dag.py:3211} INFO - Sync 1 DAGs
[2024-08-23T10:27:39.858+0000] {logging_mixin.py:190} INFO - [2024-08-23T10:27:39.858+0000] {dag.py:4138} INFO - Setting next_dagrun for latest_only_with_trigger to 2024-08-23 04:00:00+00:00, run_after=2024-08-23 08:00:00+00:00
[2024-08-23T10:27:39.892+0000] {processor.py:208} INFO - Processing /home/airflow/.local/lib/python3.12/site-packages/airflow/example_dags/example_latest_only_with_trigger.py took 0.134 seconds
[2024-08-23T10:28:10.192+0000] {processor.py:186} INFO - Started process (PID=464) to work on /home/airflow/.local/lib/python3.12/site-packages/airflow/example_dags/example_latest_only_with_trigger.py
[2024-08-23T10:28:10.193+0000] {processor.py:914} INFO - Processing file /home/airflow/.local/lib/python3.12/site-packages/airflow/example_dags/example_latest_only_with_trigger.py for tasks to queue
[2024-08-23T10:28:10.198+0000] {logging_mixin.py:190} INFO - [2024-08-23T10:28:10.197+0000] {dagbag.py:587} INFO - Filling up the DagBag from /home/airflow/.local/lib/python3.12/site-packages/airflow/example_dags/example_latest_only_with_trigger.py
[2024-08-23T10:28:10.207+0000] {processor.py:925} INFO - DAG(s) 'latest_only_with_trigger' retrieved from /home/airflow/.local/lib/python3.12/site-packages/airflow/example_dags/example_latest_only_with_trigger.py
[2024-08-23T10:28:10.234+0000] {logging_mixin.py:190} INFO - [2024-08-23T10:28:10.233+0000] {dag.py:3211} INFO - Sync 1 DAGs
[2024-08-23T10:28:10.262+0000] {logging_mixin.py:190} INFO - [2024-08-23T10:28:10.262+0000] {dag.py:4138} INFO - Setting next_dagrun for latest_only_with_trigger to 2024-08-23 04:00:00+00:00, run_after=2024-08-23 08:00:00+00:00
[2024-08-23T10:28:10.288+0000] {processor.py:208} INFO - Processing /home/airflow/.local/lib/python3.12/site-packages/airflow/example_dags/example_latest_only_with_trigger.py took 0.108 seconds
