[2024-08-23T06:38:30.222+0000] {processor.py:186} INFO - Started process (PID=74) to work on /home/airflow/.local/lib/python3.12/site-packages/airflow/example_dags/example_skip_dag.py
[2024-08-23T06:38:30.223+0000] {processor.py:914} INFO - Processing file /home/airflow/.local/lib/python3.12/site-packages/airflow/example_dags/example_skip_dag.py for tasks to queue
[2024-08-23T06:38:30.226+0000] {logging_mixin.py:190} INFO - [2024-08-23T06:38:30.226+0000] {dagbag.py:587} INFO - Filling up the DagBag from /home/airflow/.local/lib/python3.12/site-packages/airflow/example_dags/example_skip_dag.py
[2024-08-23T06:38:30.236+0000] {processor.py:925} INFO - DAG(s) 'example_skip_dag' retrieved from /home/airflow/.local/lib/python3.12/site-packages/airflow/example_dags/example_skip_dag.py
[2024-08-23T06:38:30.358+0000] {logging_mixin.py:190} INFO - [2024-08-23T06:38:30.357+0000] {override.py:1858} INFO - Created Permission View: can edit on DAG:example_skip_dag
[2024-08-23T06:38:30.372+0000] {logging_mixin.py:190} INFO - [2024-08-23T06:38:30.372+0000] {override.py:1858} INFO - Created Permission View: can delete on DAG:example_skip_dag
[2024-08-23T06:38:30.380+0000] {logging_mixin.py:190} INFO - [2024-08-23T06:38:30.380+0000] {override.py:1858} INFO - Created Permission View: can read on DAG:example_skip_dag
[2024-08-23T06:38:30.381+0000] {logging_mixin.py:190} INFO - [2024-08-23T06:38:30.381+0000] {dag.py:3211} INFO - Sync 1 DAGs
[2024-08-23T06:38:30.394+0000] {logging_mixin.py:190} INFO - [2024-08-23T06:38:30.394+0000] {dag.py:3234} INFO - Creating ORM DAG for example_skip_dag
[2024-08-23T06:38:30.407+0000] {logging_mixin.py:190} INFO - [2024-08-23T06:38:30.406+0000] {dag.py:4138} INFO - Setting next_dagrun for example_skip_dag to 2024-08-22 00:00:00+00:00, run_after=2024-08-23 00:00:00+00:00
[2024-08-23T06:38:30.424+0000] {processor.py:208} INFO - Processing /home/airflow/.local/lib/python3.12/site-packages/airflow/example_dags/example_skip_dag.py took 0.210 seconds
[2024-08-23T06:39:00.949+0000] {processor.py:186} INFO - Started process (PID=136) to work on /home/airflow/.local/lib/python3.12/site-packages/airflow/example_dags/example_skip_dag.py
[2024-08-23T06:39:00.950+0000] {processor.py:914} INFO - Processing file /home/airflow/.local/lib/python3.12/site-packages/airflow/example_dags/example_skip_dag.py for tasks to queue
[2024-08-23T06:39:00.953+0000] {logging_mixin.py:190} INFO - [2024-08-23T06:39:00.953+0000] {dagbag.py:587} INFO - Filling up the DagBag from /home/airflow/.local/lib/python3.12/site-packages/airflow/example_dags/example_skip_dag.py
[2024-08-23T06:39:00.965+0000] {processor.py:925} INFO - DAG(s) 'example_skip_dag' retrieved from /home/airflow/.local/lib/python3.12/site-packages/airflow/example_dags/example_skip_dag.py
[2024-08-23T06:39:00.992+0000] {logging_mixin.py:190} INFO - [2024-08-23T06:39:00.992+0000] {dag.py:3211} INFO - Sync 1 DAGs
[2024-08-23T06:39:01.019+0000] {logging_mixin.py:190} INFO - [2024-08-23T06:39:01.019+0000] {dag.py:4138} INFO - Setting next_dagrun for example_skip_dag to 2024-08-22 00:00:00+00:00, run_after=2024-08-23 00:00:00+00:00
[2024-08-23T06:39:01.039+0000] {processor.py:208} INFO - Processing /home/airflow/.local/lib/python3.12/site-packages/airflow/example_dags/example_skip_dag.py took 0.097 seconds
[2024-08-23T06:39:31.588+0000] {processor.py:186} INFO - Started process (PID=198) to work on /home/airflow/.local/lib/python3.12/site-packages/airflow/example_dags/example_skip_dag.py
[2024-08-23T06:39:31.590+0000] {processor.py:914} INFO - Processing file /home/airflow/.local/lib/python3.12/site-packages/airflow/example_dags/example_skip_dag.py for tasks to queue
[2024-08-23T06:39:31.594+0000] {logging_mixin.py:190} INFO - [2024-08-23T06:39:31.594+0000] {dagbag.py:587} INFO - Filling up the DagBag from /home/airflow/.local/lib/python3.12/site-packages/airflow/example_dags/example_skip_dag.py
[2024-08-23T06:39:31.606+0000] {processor.py:925} INFO - DAG(s) 'example_skip_dag' retrieved from /home/airflow/.local/lib/python3.12/site-packages/airflow/example_dags/example_skip_dag.py
[2024-08-23T06:39:31.636+0000] {logging_mixin.py:190} INFO - [2024-08-23T06:39:31.636+0000] {dag.py:3211} INFO - Sync 1 DAGs
[2024-08-23T06:39:31.673+0000] {logging_mixin.py:190} INFO - [2024-08-23T06:39:31.672+0000] {dag.py:4138} INFO - Setting next_dagrun for example_skip_dag to 2024-08-22 00:00:00+00:00, run_after=2024-08-23 00:00:00+00:00
[2024-08-23T06:39:31.702+0000] {processor.py:208} INFO - Processing /home/airflow/.local/lib/python3.12/site-packages/airflow/example_dags/example_skip_dag.py took 0.122 seconds
[2024-08-23T06:40:01.917+0000] {processor.py:186} INFO - Started process (PID=260) to work on /home/airflow/.local/lib/python3.12/site-packages/airflow/example_dags/example_skip_dag.py
[2024-08-23T06:40:01.918+0000] {processor.py:914} INFO - Processing file /home/airflow/.local/lib/python3.12/site-packages/airflow/example_dags/example_skip_dag.py for tasks to queue
[2024-08-23T06:40:01.920+0000] {logging_mixin.py:190} INFO - [2024-08-23T06:40:01.920+0000] {dagbag.py:587} INFO - Filling up the DagBag from /home/airflow/.local/lib/python3.12/site-packages/airflow/example_dags/example_skip_dag.py
[2024-08-23T06:40:01.926+0000] {processor.py:925} INFO - DAG(s) 'example_skip_dag' retrieved from /home/airflow/.local/lib/python3.12/site-packages/airflow/example_dags/example_skip_dag.py
[2024-08-23T06:40:01.944+0000] {logging_mixin.py:190} INFO - [2024-08-23T06:40:01.944+0000] {dag.py:3211} INFO - Sync 1 DAGs
[2024-08-23T06:40:01.983+0000] {logging_mixin.py:190} INFO - [2024-08-23T06:40:01.983+0000] {dag.py:4138} INFO - Setting next_dagrun for example_skip_dag to 2024-08-22 00:00:00+00:00, run_after=2024-08-23 00:00:00+00:00
[2024-08-23T06:40:02.005+0000] {processor.py:208} INFO - Processing /home/airflow/.local/lib/python3.12/site-packages/airflow/example_dags/example_skip_dag.py took 0.093 seconds
[2024-08-23T06:40:33.107+0000] {processor.py:186} INFO - Started process (PID=322) to work on /home/airflow/.local/lib/python3.12/site-packages/airflow/example_dags/example_skip_dag.py
[2024-08-23T06:40:33.109+0000] {processor.py:914} INFO - Processing file /home/airflow/.local/lib/python3.12/site-packages/airflow/example_dags/example_skip_dag.py for tasks to queue
[2024-08-23T06:40:33.113+0000] {logging_mixin.py:190} INFO - [2024-08-23T06:40:33.112+0000] {dagbag.py:587} INFO - Filling up the DagBag from /home/airflow/.local/lib/python3.12/site-packages/airflow/example_dags/example_skip_dag.py
[2024-08-23T06:40:33.128+0000] {processor.py:925} INFO - DAG(s) 'example_skip_dag' retrieved from /home/airflow/.local/lib/python3.12/site-packages/airflow/example_dags/example_skip_dag.py
[2024-08-23T06:40:33.161+0000] {logging_mixin.py:190} INFO - [2024-08-23T06:40:33.161+0000] {dag.py:3211} INFO - Sync 1 DAGs
[2024-08-23T06:40:33.203+0000] {logging_mixin.py:190} INFO - [2024-08-23T06:40:33.202+0000] {dag.py:4138} INFO - Setting next_dagrun for example_skip_dag to 2024-08-22 00:00:00+00:00, run_after=2024-08-23 00:00:00+00:00
[2024-08-23T06:40:33.238+0000] {processor.py:208} INFO - Processing /home/airflow/.local/lib/python3.12/site-packages/airflow/example_dags/example_skip_dag.py took 0.142 seconds
[2024-08-23T06:41:03.779+0000] {processor.py:186} INFO - Started process (PID=384) to work on /home/airflow/.local/lib/python3.12/site-packages/airflow/example_dags/example_skip_dag.py
[2024-08-23T06:41:03.780+0000] {processor.py:914} INFO - Processing file /home/airflow/.local/lib/python3.12/site-packages/airflow/example_dags/example_skip_dag.py for tasks to queue
[2024-08-23T06:41:03.783+0000] {logging_mixin.py:190} INFO - [2024-08-23T06:41:03.782+0000] {dagbag.py:587} INFO - Filling up the DagBag from /home/airflow/.local/lib/python3.12/site-packages/airflow/example_dags/example_skip_dag.py
[2024-08-23T06:41:03.791+0000] {processor.py:925} INFO - DAG(s) 'example_skip_dag' retrieved from /home/airflow/.local/lib/python3.12/site-packages/airflow/example_dags/example_skip_dag.py
[2024-08-23T06:41:03.811+0000] {logging_mixin.py:190} INFO - [2024-08-23T06:41:03.810+0000] {dag.py:3211} INFO - Sync 1 DAGs
[2024-08-23T06:41:03.835+0000] {logging_mixin.py:190} INFO - [2024-08-23T06:41:03.835+0000] {dag.py:4138} INFO - Setting next_dagrun for example_skip_dag to 2024-08-22 00:00:00+00:00, run_after=2024-08-23 00:00:00+00:00
[2024-08-23T06:41:03.856+0000] {processor.py:208} INFO - Processing /home/airflow/.local/lib/python3.12/site-packages/airflow/example_dags/example_skip_dag.py took 0.084 seconds
[2024-08-23T06:41:34.226+0000] {processor.py:186} INFO - Started process (PID=446) to work on /home/airflow/.local/lib/python3.12/site-packages/airflow/example_dags/example_skip_dag.py
[2024-08-23T06:41:34.227+0000] {processor.py:914} INFO - Processing file /home/airflow/.local/lib/python3.12/site-packages/airflow/example_dags/example_skip_dag.py for tasks to queue
[2024-08-23T06:41:34.232+0000] {logging_mixin.py:190} INFO - [2024-08-23T06:41:34.231+0000] {dagbag.py:587} INFO - Filling up the DagBag from /home/airflow/.local/lib/python3.12/site-packages/airflow/example_dags/example_skip_dag.py
[2024-08-23T06:41:34.238+0000] {processor.py:925} INFO - DAG(s) 'example_skip_dag' retrieved from /home/airflow/.local/lib/python3.12/site-packages/airflow/example_dags/example_skip_dag.py
[2024-08-23T06:41:34.259+0000] {logging_mixin.py:190} INFO - [2024-08-23T06:41:34.258+0000] {dag.py:3211} INFO - Sync 1 DAGs
[2024-08-23T06:41:34.287+0000] {logging_mixin.py:190} INFO - [2024-08-23T06:41:34.287+0000] {dag.py:4138} INFO - Setting next_dagrun for example_skip_dag to 2024-08-22 00:00:00+00:00, run_after=2024-08-23 00:00:00+00:00
[2024-08-23T06:41:34.309+0000] {processor.py:208} INFO - Processing /home/airflow/.local/lib/python3.12/site-packages/airflow/example_dags/example_skip_dag.py took 0.089 seconds
[2024-08-23T06:42:05.227+0000] {processor.py:186} INFO - Started process (PID=508) to work on /home/airflow/.local/lib/python3.12/site-packages/airflow/example_dags/example_skip_dag.py
[2024-08-23T06:42:05.229+0000] {processor.py:914} INFO - Processing file /home/airflow/.local/lib/python3.12/site-packages/airflow/example_dags/example_skip_dag.py for tasks to queue
[2024-08-23T06:42:05.230+0000] {logging_mixin.py:190} INFO - [2024-08-23T06:42:05.230+0000] {dagbag.py:587} INFO - Filling up the DagBag from /home/airflow/.local/lib/python3.12/site-packages/airflow/example_dags/example_skip_dag.py
[2024-08-23T06:42:05.239+0000] {processor.py:925} INFO - DAG(s) 'example_skip_dag' retrieved from /home/airflow/.local/lib/python3.12/site-packages/airflow/example_dags/example_skip_dag.py
[2024-08-23T06:42:05.257+0000] {logging_mixin.py:190} INFO - [2024-08-23T06:42:05.257+0000] {dag.py:3211} INFO - Sync 1 DAGs
[2024-08-23T06:42:05.278+0000] {logging_mixin.py:190} INFO - [2024-08-23T06:42:05.278+0000] {dag.py:4138} INFO - Setting next_dagrun for example_skip_dag to 2024-08-22 00:00:00+00:00, run_after=2024-08-23 00:00:00+00:00
[2024-08-23T06:42:05.299+0000] {processor.py:208} INFO - Processing /home/airflow/.local/lib/python3.12/site-packages/airflow/example_dags/example_skip_dag.py took 0.079 seconds
[2024-08-23T07:54:06.507+0000] {processor.py:186} INFO - Started process (PID=77) to work on /home/airflow/.local/lib/python3.12/site-packages/airflow/example_dags/example_skip_dag.py
[2024-08-23T07:54:06.511+0000] {processor.py:914} INFO - Processing file /home/airflow/.local/lib/python3.12/site-packages/airflow/example_dags/example_skip_dag.py for tasks to queue
[2024-08-23T07:54:06.531+0000] {logging_mixin.py:190} INFO - [2024-08-23T07:54:06.517+0000] {dagbag.py:587} INFO - Filling up the DagBag from /home/airflow/.local/lib/python3.12/site-packages/airflow/example_dags/example_skip_dag.py
[2024-08-23T07:54:06.557+0000] {processor.py:925} INFO - DAG(s) 'example_skip_dag' retrieved from /home/airflow/.local/lib/python3.12/site-packages/airflow/example_dags/example_skip_dag.py
[2024-08-23T07:54:06.634+0000] {logging_mixin.py:190} INFO - [2024-08-23T07:54:06.633+0000] {dag.py:3211} INFO - Sync 1 DAGs
[2024-08-23T07:54:06.729+0000] {logging_mixin.py:190} INFO - [2024-08-23T07:54:06.728+0000] {dag.py:4138} INFO - Setting next_dagrun for example_skip_dag to 2024-08-22 00:00:00+00:00, run_after=2024-08-23 00:00:00+00:00
[2024-08-23T07:54:06.803+0000] {processor.py:208} INFO - Processing /home/airflow/.local/lib/python3.12/site-packages/airflow/example_dags/example_skip_dag.py took 0.316 seconds
[2024-08-23T07:54:37.364+0000] {processor.py:186} INFO - Started process (PID=139) to work on /home/airflow/.local/lib/python3.12/site-packages/airflow/example_dags/example_skip_dag.py
[2024-08-23T07:54:37.366+0000] {processor.py:914} INFO - Processing file /home/airflow/.local/lib/python3.12/site-packages/airflow/example_dags/example_skip_dag.py for tasks to queue
[2024-08-23T07:54:37.369+0000] {logging_mixin.py:190} INFO - [2024-08-23T07:54:37.368+0000] {dagbag.py:587} INFO - Filling up the DagBag from /home/airflow/.local/lib/python3.12/site-packages/airflow/example_dags/example_skip_dag.py
[2024-08-23T07:54:37.378+0000] {processor.py:925} INFO - DAG(s) 'example_skip_dag' retrieved from /home/airflow/.local/lib/python3.12/site-packages/airflow/example_dags/example_skip_dag.py
[2024-08-23T07:54:37.404+0000] {logging_mixin.py:190} INFO - [2024-08-23T07:54:37.404+0000] {dag.py:3211} INFO - Sync 1 DAGs
[2024-08-23T07:54:37.437+0000] {logging_mixin.py:190} INFO - [2024-08-23T07:54:37.436+0000] {dag.py:4138} INFO - Setting next_dagrun for example_skip_dag to 2024-08-22 00:00:00+00:00, run_after=2024-08-23 00:00:00+00:00
[2024-08-23T07:54:37.469+0000] {processor.py:208} INFO - Processing /home/airflow/.local/lib/python3.12/site-packages/airflow/example_dags/example_skip_dag.py took 0.110 seconds
[2024-08-23T07:55:08.123+0000] {processor.py:186} INFO - Started process (PID=201) to work on /home/airflow/.local/lib/python3.12/site-packages/airflow/example_dags/example_skip_dag.py
[2024-08-23T07:55:08.125+0000] {processor.py:914} INFO - Processing file /home/airflow/.local/lib/python3.12/site-packages/airflow/example_dags/example_skip_dag.py for tasks to queue
[2024-08-23T07:55:08.128+0000] {logging_mixin.py:190} INFO - [2024-08-23T07:55:08.127+0000] {dagbag.py:587} INFO - Filling up the DagBag from /home/airflow/.local/lib/python3.12/site-packages/airflow/example_dags/example_skip_dag.py
[2024-08-23T07:55:08.142+0000] {processor.py:925} INFO - DAG(s) 'example_skip_dag' retrieved from /home/airflow/.local/lib/python3.12/site-packages/airflow/example_dags/example_skip_dag.py
[2024-08-23T07:55:08.169+0000] {logging_mixin.py:190} INFO - [2024-08-23T07:55:08.169+0000] {dag.py:3211} INFO - Sync 1 DAGs
[2024-08-23T07:55:08.201+0000] {logging_mixin.py:190} INFO - [2024-08-23T07:55:08.201+0000] {dag.py:4138} INFO - Setting next_dagrun for example_skip_dag to 2024-08-22 00:00:00+00:00, run_after=2024-08-23 00:00:00+00:00
[2024-08-23T07:55:08.224+0000] {processor.py:208} INFO - Processing /home/airflow/.local/lib/python3.12/site-packages/airflow/example_dags/example_skip_dag.py took 0.108 seconds
[2024-08-23T07:55:38.954+0000] {processor.py:186} INFO - Started process (PID=264) to work on /home/airflow/.local/lib/python3.12/site-packages/airflow/example_dags/example_skip_dag.py
[2024-08-23T07:55:38.957+0000] {processor.py:914} INFO - Processing file /home/airflow/.local/lib/python3.12/site-packages/airflow/example_dags/example_skip_dag.py for tasks to queue
[2024-08-23T07:55:38.965+0000] {logging_mixin.py:190} INFO - [2024-08-23T07:55:38.965+0000] {dagbag.py:587} INFO - Filling up the DagBag from /home/airflow/.local/lib/python3.12/site-packages/airflow/example_dags/example_skip_dag.py
[2024-08-23T07:55:38.984+0000] {processor.py:925} INFO - DAG(s) 'example_skip_dag' retrieved from /home/airflow/.local/lib/python3.12/site-packages/airflow/example_dags/example_skip_dag.py
[2024-08-23T07:55:39.029+0000] {logging_mixin.py:190} INFO - [2024-08-23T07:55:39.028+0000] {dag.py:3211} INFO - Sync 1 DAGs
[2024-08-23T07:55:39.080+0000] {logging_mixin.py:190} INFO - [2024-08-23T07:55:39.079+0000] {dag.py:4138} INFO - Setting next_dagrun for example_skip_dag to 2024-08-22 00:00:00+00:00, run_after=2024-08-23 00:00:00+00:00
[2024-08-23T07:55:39.130+0000] {processor.py:208} INFO - Processing /home/airflow/.local/lib/python3.12/site-packages/airflow/example_dags/example_skip_dag.py took 0.187 seconds
[2024-08-23T08:20:31.774+0000] {processor.py:186} INFO - Started process (PID=72) to work on /home/airflow/.local/lib/python3.12/site-packages/airflow/example_dags/example_skip_dag.py
[2024-08-23T08:20:31.775+0000] {processor.py:914} INFO - Processing file /home/airflow/.local/lib/python3.12/site-packages/airflow/example_dags/example_skip_dag.py for tasks to queue
[2024-08-23T08:20:31.777+0000] {logging_mixin.py:190} INFO - [2024-08-23T08:20:31.777+0000] {dagbag.py:587} INFO - Filling up the DagBag from /home/airflow/.local/lib/python3.12/site-packages/airflow/example_dags/example_skip_dag.py
[2024-08-23T08:20:31.788+0000] {processor.py:925} INFO - DAG(s) 'example_skip_dag' retrieved from /home/airflow/.local/lib/python3.12/site-packages/airflow/example_dags/example_skip_dag.py
[2024-08-23T08:20:31.813+0000] {logging_mixin.py:190} INFO - [2024-08-23T08:20:31.813+0000] {dag.py:3211} INFO - Sync 1 DAGs
[2024-08-23T08:20:31.839+0000] {logging_mixin.py:190} INFO - [2024-08-23T08:20:31.838+0000] {dag.py:4138} INFO - Setting next_dagrun for example_skip_dag to 2024-08-22 00:00:00+00:00, run_after=2024-08-23 00:00:00+00:00
[2024-08-23T08:20:31.861+0000] {processor.py:208} INFO - Processing /home/airflow/.local/lib/python3.12/site-packages/airflow/example_dags/example_skip_dag.py took 0.093 seconds
[2024-08-23T08:23:26.204+0000] {processor.py:186} INFO - Started process (PID=69) to work on /home/airflow/.local/lib/python3.12/site-packages/airflow/example_dags/example_skip_dag.py
[2024-08-23T08:23:26.206+0000] {processor.py:914} INFO - Processing file /home/airflow/.local/lib/python3.12/site-packages/airflow/example_dags/example_skip_dag.py for tasks to queue
[2024-08-23T08:23:26.209+0000] {logging_mixin.py:190} INFO - [2024-08-23T08:23:26.208+0000] {dagbag.py:587} INFO - Filling up the DagBag from /home/airflow/.local/lib/python3.12/site-packages/airflow/example_dags/example_skip_dag.py
[2024-08-23T08:23:26.220+0000] {processor.py:925} INFO - DAG(s) 'example_skip_dag' retrieved from /home/airflow/.local/lib/python3.12/site-packages/airflow/example_dags/example_skip_dag.py
[2024-08-23T08:23:26.248+0000] {logging_mixin.py:190} INFO - [2024-08-23T08:23:26.247+0000] {dag.py:3211} INFO - Sync 1 DAGs
[2024-08-23T08:23:26.272+0000] {logging_mixin.py:190} INFO - [2024-08-23T08:23:26.271+0000] {dag.py:4138} INFO - Setting next_dagrun for example_skip_dag to 2024-08-22 00:00:00+00:00, run_after=2024-08-23 00:00:00+00:00
[2024-08-23T08:23:26.292+0000] {processor.py:208} INFO - Processing /home/airflow/.local/lib/python3.12/site-packages/airflow/example_dags/example_skip_dag.py took 0.094 seconds
[2024-08-23T08:23:56.981+0000] {processor.py:186} INFO - Started process (PID=132) to work on /home/airflow/.local/lib/python3.12/site-packages/airflow/example_dags/example_skip_dag.py
[2024-08-23T08:23:56.982+0000] {processor.py:914} INFO - Processing file /home/airflow/.local/lib/python3.12/site-packages/airflow/example_dags/example_skip_dag.py for tasks to queue
[2024-08-23T08:23:56.984+0000] {logging_mixin.py:190} INFO - [2024-08-23T08:23:56.984+0000] {dagbag.py:587} INFO - Filling up the DagBag from /home/airflow/.local/lib/python3.12/site-packages/airflow/example_dags/example_skip_dag.py
[2024-08-23T08:23:56.992+0000] {processor.py:925} INFO - DAG(s) 'example_skip_dag' retrieved from /home/airflow/.local/lib/python3.12/site-packages/airflow/example_dags/example_skip_dag.py
[2024-08-23T08:23:57.011+0000] {logging_mixin.py:190} INFO - [2024-08-23T08:23:57.011+0000] {dag.py:3211} INFO - Sync 1 DAGs
[2024-08-23T08:23:57.031+0000] {logging_mixin.py:190} INFO - [2024-08-23T08:23:57.031+0000] {dag.py:4138} INFO - Setting next_dagrun for example_skip_dag to 2024-08-22 00:00:00+00:00, run_after=2024-08-23 00:00:00+00:00
[2024-08-23T08:23:57.308+0000] {processor.py:208} INFO - Processing /home/airflow/.local/lib/python3.12/site-packages/airflow/example_dags/example_skip_dag.py took 0.334 seconds
[2024-08-23T08:24:28.124+0000] {processor.py:186} INFO - Started process (PID=194) to work on /home/airflow/.local/lib/python3.12/site-packages/airflow/example_dags/example_skip_dag.py
[2024-08-23T08:24:28.125+0000] {processor.py:914} INFO - Processing file /home/airflow/.local/lib/python3.12/site-packages/airflow/example_dags/example_skip_dag.py for tasks to queue
[2024-08-23T08:24:28.127+0000] {logging_mixin.py:190} INFO - [2024-08-23T08:24:28.127+0000] {dagbag.py:587} INFO - Filling up the DagBag from /home/airflow/.local/lib/python3.12/site-packages/airflow/example_dags/example_skip_dag.py
[2024-08-23T08:24:28.133+0000] {processor.py:925} INFO - DAG(s) 'example_skip_dag' retrieved from /home/airflow/.local/lib/python3.12/site-packages/airflow/example_dags/example_skip_dag.py
[2024-08-23T08:24:28.150+0000] {logging_mixin.py:190} INFO - [2024-08-23T08:24:28.150+0000] {dag.py:3211} INFO - Sync 1 DAGs
[2024-08-23T08:24:28.168+0000] {logging_mixin.py:190} INFO - [2024-08-23T08:24:28.168+0000] {dag.py:4138} INFO - Setting next_dagrun for example_skip_dag to 2024-08-22 00:00:00+00:00, run_after=2024-08-23 00:00:00+00:00
[2024-08-23T08:24:28.188+0000] {processor.py:208} INFO - Processing /home/airflow/.local/lib/python3.12/site-packages/airflow/example_dags/example_skip_dag.py took 0.069 seconds
[2024-08-23T08:24:58.497+0000] {processor.py:186} INFO - Started process (PID=256) to work on /home/airflow/.local/lib/python3.12/site-packages/airflow/example_dags/example_skip_dag.py
[2024-08-23T08:24:58.498+0000] {processor.py:914} INFO - Processing file /home/airflow/.local/lib/python3.12/site-packages/airflow/example_dags/example_skip_dag.py for tasks to queue
[2024-08-23T08:24:58.501+0000] {logging_mixin.py:190} INFO - [2024-08-23T08:24:58.501+0000] {dagbag.py:587} INFO - Filling up the DagBag from /home/airflow/.local/lib/python3.12/site-packages/airflow/example_dags/example_skip_dag.py
[2024-08-23T08:24:58.509+0000] {processor.py:925} INFO - DAG(s) 'example_skip_dag' retrieved from /home/airflow/.local/lib/python3.12/site-packages/airflow/example_dags/example_skip_dag.py
[2024-08-23T08:24:58.533+0000] {logging_mixin.py:190} INFO - [2024-08-23T08:24:58.533+0000] {dag.py:3211} INFO - Sync 1 DAGs
[2024-08-23T08:24:58.564+0000] {logging_mixin.py:190} INFO - [2024-08-23T08:24:58.564+0000] {dag.py:4138} INFO - Setting next_dagrun for example_skip_dag to 2024-08-22 00:00:00+00:00, run_after=2024-08-23 00:00:00+00:00
[2024-08-23T08:24:58.596+0000] {processor.py:208} INFO - Processing /home/airflow/.local/lib/python3.12/site-packages/airflow/example_dags/example_skip_dag.py took 0.105 seconds
[2024-08-23T08:25:28.755+0000] {processor.py:186} INFO - Started process (PID=317) to work on /home/airflow/.local/lib/python3.12/site-packages/airflow/example_dags/example_skip_dag.py
[2024-08-23T08:25:28.758+0000] {processor.py:914} INFO - Processing file /home/airflow/.local/lib/python3.12/site-packages/airflow/example_dags/example_skip_dag.py for tasks to queue
[2024-08-23T08:25:28.763+0000] {logging_mixin.py:190} INFO - [2024-08-23T08:25:28.762+0000] {dagbag.py:587} INFO - Filling up the DagBag from /home/airflow/.local/lib/python3.12/site-packages/airflow/example_dags/example_skip_dag.py
[2024-08-23T08:25:28.779+0000] {processor.py:925} INFO - DAG(s) 'example_skip_dag' retrieved from /home/airflow/.local/lib/python3.12/site-packages/airflow/example_dags/example_skip_dag.py
[2024-08-23T08:25:28.812+0000] {logging_mixin.py:190} INFO - [2024-08-23T08:25:28.812+0000] {dag.py:3211} INFO - Sync 1 DAGs
[2024-08-23T08:25:28.849+0000] {logging_mixin.py:190} INFO - [2024-08-23T08:25:28.849+0000] {dag.py:4138} INFO - Setting next_dagrun for example_skip_dag to 2024-08-22 00:00:00+00:00, run_after=2024-08-23 00:00:00+00:00
[2024-08-23T08:25:28.881+0000] {processor.py:208} INFO - Processing /home/airflow/.local/lib/python3.12/site-packages/airflow/example_dags/example_skip_dag.py took 0.137 seconds
[2024-08-23T08:25:59.119+0000] {processor.py:186} INFO - Started process (PID=379) to work on /home/airflow/.local/lib/python3.12/site-packages/airflow/example_dags/example_skip_dag.py
[2024-08-23T08:25:59.120+0000] {processor.py:914} INFO - Processing file /home/airflow/.local/lib/python3.12/site-packages/airflow/example_dags/example_skip_dag.py for tasks to queue
[2024-08-23T08:25:59.122+0000] {logging_mixin.py:190} INFO - [2024-08-23T08:25:59.122+0000] {dagbag.py:587} INFO - Filling up the DagBag from /home/airflow/.local/lib/python3.12/site-packages/airflow/example_dags/example_skip_dag.py
[2024-08-23T08:25:59.131+0000] {processor.py:925} INFO - DAG(s) 'example_skip_dag' retrieved from /home/airflow/.local/lib/python3.12/site-packages/airflow/example_dags/example_skip_dag.py
[2024-08-23T08:25:59.154+0000] {logging_mixin.py:190} INFO - [2024-08-23T08:25:59.153+0000] {dag.py:3211} INFO - Sync 1 DAGs
[2024-08-23T08:25:59.179+0000] {logging_mixin.py:190} INFO - [2024-08-23T08:25:59.179+0000] {dag.py:4138} INFO - Setting next_dagrun for example_skip_dag to 2024-08-22 00:00:00+00:00, run_after=2024-08-23 00:00:00+00:00
[2024-08-23T08:25:59.199+0000] {processor.py:208} INFO - Processing /home/airflow/.local/lib/python3.12/site-packages/airflow/example_dags/example_skip_dag.py took 0.087 seconds
[2024-08-23T08:26:29.427+0000] {processor.py:186} INFO - Started process (PID=441) to work on /home/airflow/.local/lib/python3.12/site-packages/airflow/example_dags/example_skip_dag.py
[2024-08-23T08:26:29.429+0000] {processor.py:914} INFO - Processing file /home/airflow/.local/lib/python3.12/site-packages/airflow/example_dags/example_skip_dag.py for tasks to queue
[2024-08-23T08:26:29.431+0000] {logging_mixin.py:190} INFO - [2024-08-23T08:26:29.431+0000] {dagbag.py:587} INFO - Filling up the DagBag from /home/airflow/.local/lib/python3.12/site-packages/airflow/example_dags/example_skip_dag.py
[2024-08-23T08:26:29.438+0000] {processor.py:925} INFO - DAG(s) 'example_skip_dag' retrieved from /home/airflow/.local/lib/python3.12/site-packages/airflow/example_dags/example_skip_dag.py
[2024-08-23T08:26:29.459+0000] {logging_mixin.py:190} INFO - [2024-08-23T08:26:29.458+0000] {dag.py:3211} INFO - Sync 1 DAGs
[2024-08-23T08:26:29.478+0000] {logging_mixin.py:190} INFO - [2024-08-23T08:26:29.478+0000] {dag.py:4138} INFO - Setting next_dagrun for example_skip_dag to 2024-08-22 00:00:00+00:00, run_after=2024-08-23 00:00:00+00:00
[2024-08-23T08:26:29.497+0000] {processor.py:208} INFO - Processing /home/airflow/.local/lib/python3.12/site-packages/airflow/example_dags/example_skip_dag.py took 0.075 seconds
[2024-08-23T10:25:02.240+0000] {processor.py:186} INFO - Started process (PID=74) to work on /home/airflow/.local/lib/python3.12/site-packages/airflow/example_dags/example_skip_dag.py
[2024-08-23T10:25:02.241+0000] {processor.py:914} INFO - Processing file /home/airflow/.local/lib/python3.12/site-packages/airflow/example_dags/example_skip_dag.py for tasks to queue
[2024-08-23T10:25:02.259+0000] {logging_mixin.py:190} INFO - [2024-08-23T10:25:02.246+0000] {dagbag.py:587} INFO - Filling up the DagBag from /home/airflow/.local/lib/python3.12/site-packages/airflow/example_dags/example_skip_dag.py
[2024-08-23T10:25:02.281+0000] {processor.py:925} INFO - DAG(s) 'example_skip_dag' retrieved from /home/airflow/.local/lib/python3.12/site-packages/airflow/example_dags/example_skip_dag.py
[2024-08-23T10:25:02.327+0000] {logging_mixin.py:190} INFO - [2024-08-23T10:25:02.327+0000] {dag.py:3211} INFO - Sync 1 DAGs
[2024-08-23T10:25:02.379+0000] {logging_mixin.py:190} INFO - [2024-08-23T10:25:02.378+0000] {dag.py:4138} INFO - Setting next_dagrun for example_skip_dag to 2024-08-22 00:00:00+00:00, run_after=2024-08-23 00:00:00+00:00
[2024-08-23T10:25:02.416+0000] {processor.py:208} INFO - Processing /home/airflow/.local/lib/python3.12/site-packages/airflow/example_dags/example_skip_dag.py took 0.193 seconds
[2024-08-23T10:25:32.497+0000] {processor.py:186} INFO - Started process (PID=136) to work on /home/airflow/.local/lib/python3.12/site-packages/airflow/example_dags/example_skip_dag.py
[2024-08-23T10:25:32.498+0000] {processor.py:914} INFO - Processing file /home/airflow/.local/lib/python3.12/site-packages/airflow/example_dags/example_skip_dag.py for tasks to queue
[2024-08-23T10:25:32.500+0000] {logging_mixin.py:190} INFO - [2024-08-23T10:25:32.500+0000] {dagbag.py:587} INFO - Filling up the DagBag from /home/airflow/.local/lib/python3.12/site-packages/airflow/example_dags/example_skip_dag.py
[2024-08-23T10:25:32.506+0000] {processor.py:925} INFO - DAG(s) 'example_skip_dag' retrieved from /home/airflow/.local/lib/python3.12/site-packages/airflow/example_dags/example_skip_dag.py
[2024-08-23T10:25:32.525+0000] {logging_mixin.py:190} INFO - [2024-08-23T10:25:32.525+0000] {dag.py:3211} INFO - Sync 1 DAGs
[2024-08-23T10:25:32.544+0000] {logging_mixin.py:190} INFO - [2024-08-23T10:25:32.544+0000] {dag.py:4138} INFO - Setting next_dagrun for example_skip_dag to 2024-08-22 00:00:00+00:00, run_after=2024-08-23 00:00:00+00:00
[2024-08-23T10:25:32.562+0000] {processor.py:208} INFO - Processing /home/airflow/.local/lib/python3.12/site-packages/airflow/example_dags/example_skip_dag.py took 0.071 seconds
[2024-08-23T10:26:03.258+0000] {processor.py:186} INFO - Started process (PID=198) to work on /home/airflow/.local/lib/python3.12/site-packages/airflow/example_dags/example_skip_dag.py
[2024-08-23T10:26:03.259+0000] {processor.py:914} INFO - Processing file /home/airflow/.local/lib/python3.12/site-packages/airflow/example_dags/example_skip_dag.py for tasks to queue
[2024-08-23T10:26:03.263+0000] {logging_mixin.py:190} INFO - [2024-08-23T10:26:03.262+0000] {dagbag.py:587} INFO - Filling up the DagBag from /home/airflow/.local/lib/python3.12/site-packages/airflow/example_dags/example_skip_dag.py
[2024-08-23T10:26:03.270+0000] {processor.py:925} INFO - DAG(s) 'example_skip_dag' retrieved from /home/airflow/.local/lib/python3.12/site-packages/airflow/example_dags/example_skip_dag.py
[2024-08-23T10:26:03.289+0000] {logging_mixin.py:190} INFO - [2024-08-23T10:26:03.289+0000] {dag.py:3211} INFO - Sync 1 DAGs
[2024-08-23T10:26:03.311+0000] {logging_mixin.py:190} INFO - [2024-08-23T10:26:03.311+0000] {dag.py:4138} INFO - Setting next_dagrun for example_skip_dag to 2024-08-22 00:00:00+00:00, run_after=2024-08-23 00:00:00+00:00
[2024-08-23T10:26:03.334+0000] {processor.py:208} INFO - Processing /home/airflow/.local/lib/python3.12/site-packages/airflow/example_dags/example_skip_dag.py took 0.083 seconds
[2024-08-23T10:26:34.182+0000] {processor.py:186} INFO - Started process (PID=260) to work on /home/airflow/.local/lib/python3.12/site-packages/airflow/example_dags/example_skip_dag.py
[2024-08-23T10:26:34.183+0000] {processor.py:914} INFO - Processing file /home/airflow/.local/lib/python3.12/site-packages/airflow/example_dags/example_skip_dag.py for tasks to queue
[2024-08-23T10:26:34.187+0000] {logging_mixin.py:190} INFO - [2024-08-23T10:26:34.186+0000] {dagbag.py:587} INFO - Filling up the DagBag from /home/airflow/.local/lib/python3.12/site-packages/airflow/example_dags/example_skip_dag.py
[2024-08-23T10:26:34.195+0000] {processor.py:925} INFO - DAG(s) 'example_skip_dag' retrieved from /home/airflow/.local/lib/python3.12/site-packages/airflow/example_dags/example_skip_dag.py
[2024-08-23T10:26:34.215+0000] {logging_mixin.py:190} INFO - [2024-08-23T10:26:34.215+0000] {dag.py:3211} INFO - Sync 1 DAGs
[2024-08-23T10:26:34.237+0000] {logging_mixin.py:190} INFO - [2024-08-23T10:26:34.237+0000] {dag.py:4138} INFO - Setting next_dagrun for example_skip_dag to 2024-08-22 00:00:00+00:00, run_after=2024-08-23 00:00:00+00:00
[2024-08-23T10:26:34.262+0000] {processor.py:208} INFO - Processing /home/airflow/.local/lib/python3.12/site-packages/airflow/example_dags/example_skip_dag.py took 0.085 seconds
[2024-08-23T10:27:04.932+0000] {processor.py:186} INFO - Started process (PID=322) to work on /home/airflow/.local/lib/python3.12/site-packages/airflow/example_dags/example_skip_dag.py
[2024-08-23T10:27:04.934+0000] {processor.py:914} INFO - Processing file /home/airflow/.local/lib/python3.12/site-packages/airflow/example_dags/example_skip_dag.py for tasks to queue
[2024-08-23T10:27:04.939+0000] {logging_mixin.py:190} INFO - [2024-08-23T10:27:04.939+0000] {dagbag.py:587} INFO - Filling up the DagBag from /home/airflow/.local/lib/python3.12/site-packages/airflow/example_dags/example_skip_dag.py
[2024-08-23T10:27:04.956+0000] {processor.py:925} INFO - DAG(s) 'example_skip_dag' retrieved from /home/airflow/.local/lib/python3.12/site-packages/airflow/example_dags/example_skip_dag.py
[2024-08-23T10:27:05.001+0000] {logging_mixin.py:190} INFO - [2024-08-23T10:27:05.000+0000] {dag.py:3211} INFO - Sync 1 DAGs
[2024-08-23T10:27:05.055+0000] {logging_mixin.py:190} INFO - [2024-08-23T10:27:05.054+0000] {dag.py:4138} INFO - Setting next_dagrun for example_skip_dag to 2024-08-22 00:00:00+00:00, run_after=2024-08-23 00:00:00+00:00
[2024-08-23T10:27:05.095+0000] {processor.py:208} INFO - Processing /home/airflow/.local/lib/python3.12/site-packages/airflow/example_dags/example_skip_dag.py took 0.175 seconds
[2024-08-23T10:27:35.676+0000] {processor.py:186} INFO - Started process (PID=384) to work on /home/airflow/.local/lib/python3.12/site-packages/airflow/example_dags/example_skip_dag.py
[2024-08-23T10:27:35.678+0000] {processor.py:914} INFO - Processing file /home/airflow/.local/lib/python3.12/site-packages/airflow/example_dags/example_skip_dag.py for tasks to queue
[2024-08-23T10:27:35.686+0000] {logging_mixin.py:190} INFO - [2024-08-23T10:27:35.685+0000] {dagbag.py:587} INFO - Filling up the DagBag from /home/airflow/.local/lib/python3.12/site-packages/airflow/example_dags/example_skip_dag.py
[2024-08-23T10:27:35.706+0000] {processor.py:925} INFO - DAG(s) 'example_skip_dag' retrieved from /home/airflow/.local/lib/python3.12/site-packages/airflow/example_dags/example_skip_dag.py
[2024-08-23T10:27:35.753+0000] {logging_mixin.py:190} INFO - [2024-08-23T10:27:35.752+0000] {dag.py:3211} INFO - Sync 1 DAGs
[2024-08-23T10:27:35.796+0000] {logging_mixin.py:190} INFO - [2024-08-23T10:27:35.796+0000] {dag.py:4138} INFO - Setting next_dagrun for example_skip_dag to 2024-08-22 00:00:00+00:00, run_after=2024-08-23 00:00:00+00:00
[2024-08-23T10:27:35.835+0000] {processor.py:208} INFO - Processing /home/airflow/.local/lib/python3.12/site-packages/airflow/example_dags/example_skip_dag.py took 0.173 seconds
[2024-08-23T10:28:06.672+0000] {processor.py:186} INFO - Started process (PID=446) to work on /home/airflow/.local/lib/python3.12/site-packages/airflow/example_dags/example_skip_dag.py
[2024-08-23T10:28:06.674+0000] {processor.py:914} INFO - Processing file /home/airflow/.local/lib/python3.12/site-packages/airflow/example_dags/example_skip_dag.py for tasks to queue
[2024-08-23T10:28:06.677+0000] {logging_mixin.py:190} INFO - [2024-08-23T10:28:06.677+0000] {dagbag.py:587} INFO - Filling up the DagBag from /home/airflow/.local/lib/python3.12/site-packages/airflow/example_dags/example_skip_dag.py
[2024-08-23T10:28:06.687+0000] {processor.py:925} INFO - DAG(s) 'example_skip_dag' retrieved from /home/airflow/.local/lib/python3.12/site-packages/airflow/example_dags/example_skip_dag.py
[2024-08-23T10:28:06.720+0000] {logging_mixin.py:190} INFO - [2024-08-23T10:28:06.720+0000] {dag.py:3211} INFO - Sync 1 DAGs
[2024-08-23T10:28:06.756+0000] {logging_mixin.py:190} INFO - [2024-08-23T10:28:06.756+0000] {dag.py:4138} INFO - Setting next_dagrun for example_skip_dag to 2024-08-22 00:00:00+00:00, run_after=2024-08-23 00:00:00+00:00
[2024-08-23T10:28:06.791+0000] {processor.py:208} INFO - Processing /home/airflow/.local/lib/python3.12/site-packages/airflow/example_dags/example_skip_dag.py took 0.127 seconds
