[2024-08-23T06:38:33.735+0000] {processor.py:186} INFO - Started process (PID=100) to work on /home/airflow/.local/lib/python3.12/site-packages/airflow/example_dags/example_sla_dag.py
[2024-08-23T06:38:33.736+0000] {processor.py:914} INFO - Processing file /home/airflow/.local/lib/python3.12/site-packages/airflow/example_dags/example_sla_dag.py for tasks to queue
[2024-08-23T06:38:33.741+0000] {logging_mixin.py:190} INFO - [2024-08-23T06:38:33.739+0000] {dagbag.py:587} INFO - Filling up the DagBag from /home/airflow/.local/lib/python3.12/site-packages/airflow/example_dags/example_sla_dag.py
[2024-08-23T06:38:33.758+0000] {processor.py:925} INFO - DAG(s) 'example_sla_dag' retrieved from /home/airflow/.local/lib/python3.12/site-packages/airflow/example_dags/example_sla_dag.py
[2024-08-23T06:38:33.927+0000] {logging_mixin.py:190} INFO - [2024-08-23T06:38:33.926+0000] {override.py:1858} INFO - Created Permission View: can edit on DAG:example_sla_dag
[2024-08-23T06:38:33.963+0000] {logging_mixin.py:190} INFO - [2024-08-23T06:38:33.962+0000] {override.py:1858} INFO - Created Permission View: can delete on DAG:example_sla_dag
[2024-08-23T06:38:33.999+0000] {logging_mixin.py:190} INFO - [2024-08-23T06:38:33.999+0000] {override.py:1858} INFO - Created Permission View: can read on DAG:example_sla_dag
[2024-08-23T06:38:34.001+0000] {logging_mixin.py:190} INFO - [2024-08-23T06:38:34.001+0000] {dag.py:3211} INFO - Sync 1 DAGs
[2024-08-23T06:38:34.031+0000] {logging_mixin.py:190} INFO - [2024-08-23T06:38:34.031+0000] {dag.py:3234} INFO - Creating ORM DAG for example_sla_dag
[2024-08-23T06:38:34.056+0000] {logging_mixin.py:190} INFO - [2024-08-23T06:38:34.056+0000] {dag.py:4138} INFO - Setting next_dagrun for example_sla_dag to 2024-08-23 06:36:00+00:00, run_after=2024-08-23 06:38:00+00:00
[2024-08-23T06:38:34.104+0000] {processor.py:208} INFO - Processing /home/airflow/.local/lib/python3.12/site-packages/airflow/example_dags/example_sla_dag.py took 0.378 seconds
[2024-08-23T06:39:04.184+0000] {processor.py:186} INFO - Started process (PID=162) to work on /home/airflow/.local/lib/python3.12/site-packages/airflow/example_dags/example_sla_dag.py
[2024-08-23T06:39:04.187+0000] {processor.py:914} INFO - Processing file /home/airflow/.local/lib/python3.12/site-packages/airflow/example_dags/example_sla_dag.py for tasks to queue
[2024-08-23T06:39:04.192+0000] {logging_mixin.py:190} INFO - [2024-08-23T06:39:04.192+0000] {dagbag.py:587} INFO - Filling up the DagBag from /home/airflow/.local/lib/python3.12/site-packages/airflow/example_dags/example_sla_dag.py
[2024-08-23T06:39:04.213+0000] {processor.py:925} INFO - DAG(s) 'example_sla_dag' retrieved from /home/airflow/.local/lib/python3.12/site-packages/airflow/example_dags/example_sla_dag.py
[2024-08-23T06:39:04.248+0000] {logging_mixin.py:190} INFO - [2024-08-23T06:39:04.248+0000] {dag.py:3211} INFO - Sync 1 DAGs
[2024-08-23T06:39:04.291+0000] {logging_mixin.py:190} INFO - [2024-08-23T06:39:04.291+0000] {dag.py:4138} INFO - Setting next_dagrun for example_sla_dag to 2024-08-23 06:36:00+00:00, run_after=2024-08-23 06:38:00+00:00
[2024-08-23T06:39:04.326+0000] {processor.py:208} INFO - Processing /home/airflow/.local/lib/python3.12/site-packages/airflow/example_dags/example_sla_dag.py took 0.154 seconds
[2024-08-23T06:39:34.581+0000] {processor.py:186} INFO - Started process (PID=224) to work on /home/airflow/.local/lib/python3.12/site-packages/airflow/example_dags/example_sla_dag.py
[2024-08-23T06:39:34.583+0000] {processor.py:914} INFO - Processing file /home/airflow/.local/lib/python3.12/site-packages/airflow/example_dags/example_sla_dag.py for tasks to queue
[2024-08-23T06:39:34.586+0000] {logging_mixin.py:190} INFO - [2024-08-23T06:39:34.586+0000] {dagbag.py:587} INFO - Filling up the DagBag from /home/airflow/.local/lib/python3.12/site-packages/airflow/example_dags/example_sla_dag.py
[2024-08-23T06:39:34.602+0000] {processor.py:925} INFO - DAG(s) 'example_sla_dag' retrieved from /home/airflow/.local/lib/python3.12/site-packages/airflow/example_dags/example_sla_dag.py
[2024-08-23T06:39:34.633+0000] {logging_mixin.py:190} INFO - [2024-08-23T06:39:34.632+0000] {dag.py:3211} INFO - Sync 1 DAGs
[2024-08-23T06:39:34.672+0000] {logging_mixin.py:190} INFO - [2024-08-23T06:39:34.672+0000] {dag.py:4138} INFO - Setting next_dagrun for example_sla_dag to 2024-08-23 06:36:00+00:00, run_after=2024-08-23 06:38:00+00:00
[2024-08-23T06:39:34.697+0000] {processor.py:208} INFO - Processing /home/airflow/.local/lib/python3.12/site-packages/airflow/example_dags/example_sla_dag.py took 0.125 seconds
[2024-08-23T06:40:06.243+0000] {processor.py:186} INFO - Started process (PID=286) to work on /home/airflow/.local/lib/python3.12/site-packages/airflow/example_dags/example_sla_dag.py
[2024-08-23T06:40:06.245+0000] {processor.py:914} INFO - Processing file /home/airflow/.local/lib/python3.12/site-packages/airflow/example_dags/example_sla_dag.py for tasks to queue
[2024-08-23T06:40:06.255+0000] {logging_mixin.py:190} INFO - [2024-08-23T06:40:06.253+0000] {dagbag.py:587} INFO - Filling up the DagBag from /home/airflow/.local/lib/python3.12/site-packages/airflow/example_dags/example_sla_dag.py
[2024-08-23T06:40:06.294+0000] {processor.py:925} INFO - DAG(s) 'example_sla_dag' retrieved from /home/airflow/.local/lib/python3.12/site-packages/airflow/example_dags/example_sla_dag.py
[2024-08-23T06:40:06.350+0000] {logging_mixin.py:190} INFO - [2024-08-23T06:40:06.349+0000] {dag.py:3211} INFO - Sync 1 DAGs
[2024-08-23T06:40:06.429+0000] {logging_mixin.py:190} INFO - [2024-08-23T06:40:06.428+0000] {dag.py:4138} INFO - Setting next_dagrun for example_sla_dag to 2024-08-23 06:38:00+00:00, run_after=2024-08-23 06:40:00+00:00
[2024-08-23T06:40:06.482+0000] {processor.py:208} INFO - Processing /home/airflow/.local/lib/python3.12/site-packages/airflow/example_dags/example_sla_dag.py took 0.273 seconds
[2024-08-23T06:40:36.611+0000] {processor.py:186} INFO - Started process (PID=348) to work on /home/airflow/.local/lib/python3.12/site-packages/airflow/example_dags/example_sla_dag.py
[2024-08-23T06:40:36.613+0000] {processor.py:914} INFO - Processing file /home/airflow/.local/lib/python3.12/site-packages/airflow/example_dags/example_sla_dag.py for tasks to queue
[2024-08-23T06:40:36.618+0000] {logging_mixin.py:190} INFO - [2024-08-23T06:40:36.618+0000] {dagbag.py:587} INFO - Filling up the DagBag from /home/airflow/.local/lib/python3.12/site-packages/airflow/example_dags/example_sla_dag.py
[2024-08-23T06:40:36.633+0000] {processor.py:925} INFO - DAG(s) 'example_sla_dag' retrieved from /home/airflow/.local/lib/python3.12/site-packages/airflow/example_dags/example_sla_dag.py
[2024-08-23T06:40:36.662+0000] {logging_mixin.py:190} INFO - [2024-08-23T06:40:36.661+0000] {dag.py:3211} INFO - Sync 1 DAGs
[2024-08-23T06:40:36.706+0000] {logging_mixin.py:190} INFO - [2024-08-23T06:40:36.705+0000] {dag.py:4138} INFO - Setting next_dagrun for example_sla_dag to 2024-08-23 06:38:00+00:00, run_after=2024-08-23 06:40:00+00:00
[2024-08-23T06:40:36.740+0000] {processor.py:208} INFO - Processing /home/airflow/.local/lib/python3.12/site-packages/airflow/example_dags/example_sla_dag.py took 0.137 seconds
[2024-08-23T06:41:07.327+0000] {processor.py:186} INFO - Started process (PID=410) to work on /home/airflow/.local/lib/python3.12/site-packages/airflow/example_dags/example_sla_dag.py
[2024-08-23T06:41:07.329+0000] {processor.py:914} INFO - Processing file /home/airflow/.local/lib/python3.12/site-packages/airflow/example_dags/example_sla_dag.py for tasks to queue
[2024-08-23T06:41:07.333+0000] {logging_mixin.py:190} INFO - [2024-08-23T06:41:07.333+0000] {dagbag.py:587} INFO - Filling up the DagBag from /home/airflow/.local/lib/python3.12/site-packages/airflow/example_dags/example_sla_dag.py
[2024-08-23T06:41:07.354+0000] {processor.py:925} INFO - DAG(s) 'example_sla_dag' retrieved from /home/airflow/.local/lib/python3.12/site-packages/airflow/example_dags/example_sla_dag.py
[2024-08-23T06:41:07.383+0000] {logging_mixin.py:190} INFO - [2024-08-23T06:41:07.382+0000] {dag.py:3211} INFO - Sync 1 DAGs
[2024-08-23T06:41:07.409+0000] {logging_mixin.py:190} INFO - [2024-08-23T06:41:07.408+0000] {dag.py:4138} INFO - Setting next_dagrun for example_sla_dag to 2024-08-23 06:38:00+00:00, run_after=2024-08-23 06:40:00+00:00
[2024-08-23T06:41:07.427+0000] {processor.py:208} INFO - Processing /home/airflow/.local/lib/python3.12/site-packages/airflow/example_dags/example_sla_dag.py took 0.113 seconds
[2024-08-23T06:41:37.672+0000] {processor.py:186} INFO - Started process (PID=472) to work on /home/airflow/.local/lib/python3.12/site-packages/airflow/example_dags/example_sla_dag.py
[2024-08-23T06:41:37.673+0000] {processor.py:914} INFO - Processing file /home/airflow/.local/lib/python3.12/site-packages/airflow/example_dags/example_sla_dag.py for tasks to queue
[2024-08-23T06:41:37.675+0000] {logging_mixin.py:190} INFO - [2024-08-23T06:41:37.675+0000] {dagbag.py:587} INFO - Filling up the DagBag from /home/airflow/.local/lib/python3.12/site-packages/airflow/example_dags/example_sla_dag.py
[2024-08-23T06:41:37.690+0000] {processor.py:925} INFO - DAG(s) 'example_sla_dag' retrieved from /home/airflow/.local/lib/python3.12/site-packages/airflow/example_dags/example_sla_dag.py
[2024-08-23T06:41:37.719+0000] {logging_mixin.py:190} INFO - [2024-08-23T06:41:37.719+0000] {dag.py:3211} INFO - Sync 1 DAGs
[2024-08-23T06:41:37.754+0000] {logging_mixin.py:190} INFO - [2024-08-23T06:41:37.753+0000] {dag.py:4138} INFO - Setting next_dagrun for example_sla_dag to 2024-08-23 06:38:00+00:00, run_after=2024-08-23 06:40:00+00:00
[2024-08-23T06:41:37.785+0000] {processor.py:208} INFO - Processing /home/airflow/.local/lib/python3.12/site-packages/airflow/example_dags/example_sla_dag.py took 0.119 seconds
[2024-08-23T06:42:07.908+0000] {processor.py:186} INFO - Started process (PID=534) to work on /home/airflow/.local/lib/python3.12/site-packages/airflow/example_dags/example_sla_dag.py
[2024-08-23T06:42:07.909+0000] {processor.py:914} INFO - Processing file /home/airflow/.local/lib/python3.12/site-packages/airflow/example_dags/example_sla_dag.py for tasks to queue
[2024-08-23T06:42:07.911+0000] {logging_mixin.py:190} INFO - [2024-08-23T06:42:07.911+0000] {dagbag.py:587} INFO - Filling up the DagBag from /home/airflow/.local/lib/python3.12/site-packages/airflow/example_dags/example_sla_dag.py
[2024-08-23T06:42:07.925+0000] {processor.py:925} INFO - DAG(s) 'example_sla_dag' retrieved from /home/airflow/.local/lib/python3.12/site-packages/airflow/example_dags/example_sla_dag.py
[2024-08-23T06:42:07.950+0000] {logging_mixin.py:190} INFO - [2024-08-23T06:42:07.949+0000] {dag.py:3211} INFO - Sync 1 DAGs
[2024-08-23T06:42:07.989+0000] {logging_mixin.py:190} INFO - [2024-08-23T06:42:07.988+0000] {dag.py:4138} INFO - Setting next_dagrun for example_sla_dag to 2024-08-23 06:40:00+00:00, run_after=2024-08-23 06:42:00+00:00
[2024-08-23T06:42:08.013+0000] {processor.py:208} INFO - Processing /home/airflow/.local/lib/python3.12/site-packages/airflow/example_dags/example_sla_dag.py took 0.115 seconds
[2024-08-23T07:54:13.388+0000] {processor.py:186} INFO - Started process (PID=103) to work on /home/airflow/.local/lib/python3.12/site-packages/airflow/example_dags/example_sla_dag.py
[2024-08-23T07:54:13.390+0000] {processor.py:914} INFO - Processing file /home/airflow/.local/lib/python3.12/site-packages/airflow/example_dags/example_sla_dag.py for tasks to queue
[2024-08-23T07:54:13.394+0000] {logging_mixin.py:190} INFO - [2024-08-23T07:54:13.394+0000] {dagbag.py:587} INFO - Filling up the DagBag from /home/airflow/.local/lib/python3.12/site-packages/airflow/example_dags/example_sla_dag.py
[2024-08-23T07:54:13.419+0000] {processor.py:925} INFO - DAG(s) 'example_sla_dag' retrieved from /home/airflow/.local/lib/python3.12/site-packages/airflow/example_dags/example_sla_dag.py
[2024-08-23T07:54:13.460+0000] {logging_mixin.py:190} INFO - [2024-08-23T07:54:13.460+0000] {dag.py:3211} INFO - Sync 1 DAGs
[2024-08-23T07:54:13.531+0000] {logging_mixin.py:190} INFO - [2024-08-23T07:54:13.530+0000] {dag.py:4138} INFO - Setting next_dagrun for example_sla_dag to 2024-08-23 07:52:00+00:00, run_after=2024-08-23 07:54:00+00:00
[2024-08-23T07:54:13.575+0000] {processor.py:208} INFO - Processing /home/airflow/.local/lib/python3.12/site-packages/airflow/example_dags/example_sla_dag.py took 0.201 seconds
[2024-08-23T07:54:44.741+0000] {processor.py:186} INFO - Started process (PID=165) to work on /home/airflow/.local/lib/python3.12/site-packages/airflow/example_dags/example_sla_dag.py
[2024-08-23T07:54:44.744+0000] {processor.py:914} INFO - Processing file /home/airflow/.local/lib/python3.12/site-packages/airflow/example_dags/example_sla_dag.py for tasks to queue
[2024-08-23T07:54:44.750+0000] {logging_mixin.py:190} INFO - [2024-08-23T07:54:44.750+0000] {dagbag.py:587} INFO - Filling up the DagBag from /home/airflow/.local/lib/python3.12/site-packages/airflow/example_dags/example_sla_dag.py
[2024-08-23T07:54:44.780+0000] {processor.py:925} INFO - DAG(s) 'example_sla_dag' retrieved from /home/airflow/.local/lib/python3.12/site-packages/airflow/example_dags/example_sla_dag.py
[2024-08-23T07:54:44.825+0000] {logging_mixin.py:190} INFO - [2024-08-23T07:54:44.824+0000] {dag.py:3211} INFO - Sync 1 DAGs
[2024-08-23T07:54:44.896+0000] {logging_mixin.py:190} INFO - [2024-08-23T07:54:44.896+0000] {dag.py:4138} INFO - Setting next_dagrun for example_sla_dag to 2024-08-23 07:52:00+00:00, run_after=2024-08-23 07:54:00+00:00
[2024-08-23T07:54:44.939+0000] {processor.py:208} INFO - Processing /home/airflow/.local/lib/python3.12/site-packages/airflow/example_dags/example_sla_dag.py took 0.216 seconds
[2024-08-23T07:55:15.236+0000] {processor.py:186} INFO - Started process (PID=227) to work on /home/airflow/.local/lib/python3.12/site-packages/airflow/example_dags/example_sla_dag.py
[2024-08-23T07:55:15.238+0000] {processor.py:914} INFO - Processing file /home/airflow/.local/lib/python3.12/site-packages/airflow/example_dags/example_sla_dag.py for tasks to queue
[2024-08-23T07:55:15.242+0000] {logging_mixin.py:190} INFO - [2024-08-23T07:55:15.242+0000] {dagbag.py:587} INFO - Filling up the DagBag from /home/airflow/.local/lib/python3.12/site-packages/airflow/example_dags/example_sla_dag.py
[2024-08-23T07:55:15.261+0000] {processor.py:925} INFO - DAG(s) 'example_sla_dag' retrieved from /home/airflow/.local/lib/python3.12/site-packages/airflow/example_dags/example_sla_dag.py
[2024-08-23T07:55:15.299+0000] {logging_mixin.py:190} INFO - [2024-08-23T07:55:15.298+0000] {dag.py:3211} INFO - Sync 1 DAGs
[2024-08-23T07:55:15.339+0000] {logging_mixin.py:190} INFO - [2024-08-23T07:55:15.338+0000] {dag.py:4138} INFO - Setting next_dagrun for example_sla_dag to 2024-08-23 07:52:00+00:00, run_after=2024-08-23 07:54:00+00:00
[2024-08-23T07:55:15.368+0000] {processor.py:208} INFO - Processing /home/airflow/.local/lib/python3.12/site-packages/airflow/example_dags/example_sla_dag.py took 0.144 seconds
[2024-08-23T08:20:34.229+0000] {processor.py:186} INFO - Started process (PID=98) to work on /home/airflow/.local/lib/python3.12/site-packages/airflow/example_dags/example_sla_dag.py
[2024-08-23T08:20:34.231+0000] {processor.py:914} INFO - Processing file /home/airflow/.local/lib/python3.12/site-packages/airflow/example_dags/example_sla_dag.py for tasks to queue
[2024-08-23T08:20:34.234+0000] {logging_mixin.py:190} INFO - [2024-08-23T08:20:34.233+0000] {dagbag.py:587} INFO - Filling up the DagBag from /home/airflow/.local/lib/python3.12/site-packages/airflow/example_dags/example_sla_dag.py
[2024-08-23T08:20:34.247+0000] {processor.py:925} INFO - DAG(s) 'example_sla_dag' retrieved from /home/airflow/.local/lib/python3.12/site-packages/airflow/example_dags/example_sla_dag.py
[2024-08-23T08:20:34.271+0000] {logging_mixin.py:190} INFO - [2024-08-23T08:20:34.271+0000] {dag.py:3211} INFO - Sync 1 DAGs
[2024-08-23T08:20:34.305+0000] {logging_mixin.py:190} INFO - [2024-08-23T08:20:34.304+0000] {dag.py:4138} INFO - Setting next_dagrun for example_sla_dag to 2024-08-23 08:18:00+00:00, run_after=2024-08-23 08:20:00+00:00
[2024-08-23T08:20:34.328+0000] {processor.py:208} INFO - Processing /home/airflow/.local/lib/python3.12/site-packages/airflow/example_dags/example_sla_dag.py took 0.106 seconds
[2024-08-23T08:23:28.279+0000] {processor.py:186} INFO - Started process (PID=95) to work on /home/airflow/.local/lib/python3.12/site-packages/airflow/example_dags/example_sla_dag.py
[2024-08-23T08:23:28.281+0000] {processor.py:914} INFO - Processing file /home/airflow/.local/lib/python3.12/site-packages/airflow/example_dags/example_sla_dag.py for tasks to queue
[2024-08-23T08:23:28.283+0000] {logging_mixin.py:190} INFO - [2024-08-23T08:23:28.283+0000] {dagbag.py:587} INFO - Filling up the DagBag from /home/airflow/.local/lib/python3.12/site-packages/airflow/example_dags/example_sla_dag.py
[2024-08-23T08:23:28.293+0000] {processor.py:925} INFO - DAG(s) 'example_sla_dag' retrieved from /home/airflow/.local/lib/python3.12/site-packages/airflow/example_dags/example_sla_dag.py
[2024-08-23T08:23:28.314+0000] {logging_mixin.py:190} INFO - [2024-08-23T08:23:28.313+0000] {dag.py:3211} INFO - Sync 1 DAGs
[2024-08-23T08:23:28.345+0000] {logging_mixin.py:190} INFO - [2024-08-23T08:23:28.344+0000] {dag.py:4138} INFO - Setting next_dagrun for example_sla_dag to 2024-08-23 08:20:00+00:00, run_after=2024-08-23 08:22:00+00:00
[2024-08-23T08:23:28.367+0000] {processor.py:208} INFO - Processing /home/airflow/.local/lib/python3.12/site-packages/airflow/example_dags/example_sla_dag.py took 0.094 seconds
[2024-08-23T08:23:59.187+0000] {processor.py:186} INFO - Started process (PID=158) to work on /home/airflow/.local/lib/python3.12/site-packages/airflow/example_dags/example_sla_dag.py
[2024-08-23T08:23:59.188+0000] {processor.py:914} INFO - Processing file /home/airflow/.local/lib/python3.12/site-packages/airflow/example_dags/example_sla_dag.py for tasks to queue
[2024-08-23T08:23:59.190+0000] {logging_mixin.py:190} INFO - [2024-08-23T08:23:59.190+0000] {dagbag.py:587} INFO - Filling up the DagBag from /home/airflow/.local/lib/python3.12/site-packages/airflow/example_dags/example_sla_dag.py
[2024-08-23T08:23:59.198+0000] {processor.py:925} INFO - DAG(s) 'example_sla_dag' retrieved from /home/airflow/.local/lib/python3.12/site-packages/airflow/example_dags/example_sla_dag.py
[2024-08-23T08:23:59.214+0000] {logging_mixin.py:190} INFO - [2024-08-23T08:23:59.214+0000] {dag.py:3211} INFO - Sync 1 DAGs
[2024-08-23T08:23:59.232+0000] {logging_mixin.py:190} INFO - [2024-08-23T08:23:59.232+0000] {dag.py:4138} INFO - Setting next_dagrun for example_sla_dag to 2024-08-23 08:20:00+00:00, run_after=2024-08-23 08:22:00+00:00
[2024-08-23T08:23:59.253+0000] {processor.py:208} INFO - Processing /home/airflow/.local/lib/python3.12/site-packages/airflow/example_dags/example_sla_dag.py took 0.070 seconds
[2024-08-23T08:24:29.769+0000] {processor.py:186} INFO - Started process (PID=220) to work on /home/airflow/.local/lib/python3.12/site-packages/airflow/example_dags/example_sla_dag.py
[2024-08-23T08:24:29.771+0000] {processor.py:914} INFO - Processing file /home/airflow/.local/lib/python3.12/site-packages/airflow/example_dags/example_sla_dag.py for tasks to queue
[2024-08-23T08:24:29.773+0000] {logging_mixin.py:190} INFO - [2024-08-23T08:24:29.773+0000] {dagbag.py:587} INFO - Filling up the DagBag from /home/airflow/.local/lib/python3.12/site-packages/airflow/example_dags/example_sla_dag.py
[2024-08-23T08:24:29.784+0000] {processor.py:925} INFO - DAG(s) 'example_sla_dag' retrieved from /home/airflow/.local/lib/python3.12/site-packages/airflow/example_dags/example_sla_dag.py
[2024-08-23T08:24:29.805+0000] {logging_mixin.py:190} INFO - [2024-08-23T08:24:29.805+0000] {dag.py:3211} INFO - Sync 1 DAGs
[2024-08-23T08:24:29.835+0000] {logging_mixin.py:190} INFO - [2024-08-23T08:24:29.835+0000] {dag.py:4138} INFO - Setting next_dagrun for example_sla_dag to 2024-08-23 08:22:00+00:00, run_after=2024-08-23 08:24:00+00:00
[2024-08-23T08:24:29.861+0000] {processor.py:208} INFO - Processing /home/airflow/.local/lib/python3.12/site-packages/airflow/example_dags/example_sla_dag.py took 0.098 seconds
[2024-08-23T08:25:02.328+0000] {processor.py:186} INFO - Started process (PID=282) to work on /home/airflow/.local/lib/python3.12/site-packages/airflow/example_dags/example_sla_dag.py
[2024-08-23T08:25:02.331+0000] {processor.py:914} INFO - Processing file /home/airflow/.local/lib/python3.12/site-packages/airflow/example_dags/example_sla_dag.py for tasks to queue
[2024-08-23T08:25:02.336+0000] {logging_mixin.py:190} INFO - [2024-08-23T08:25:02.335+0000] {dagbag.py:587} INFO - Filling up the DagBag from /home/airflow/.local/lib/python3.12/site-packages/airflow/example_dags/example_sla_dag.py
[2024-08-23T08:25:02.355+0000] {processor.py:925} INFO - DAG(s) 'example_sla_dag' retrieved from /home/airflow/.local/lib/python3.12/site-packages/airflow/example_dags/example_sla_dag.py
[2024-08-23T08:25:02.396+0000] {logging_mixin.py:190} INFO - [2024-08-23T08:25:02.395+0000] {dag.py:3211} INFO - Sync 1 DAGs
[2024-08-23T08:25:02.454+0000] {logging_mixin.py:190} INFO - [2024-08-23T08:25:02.453+0000] {dag.py:4138} INFO - Setting next_dagrun for example_sla_dag to 2024-08-23 08:22:00+00:00, run_after=2024-08-23 08:24:00+00:00
[2024-08-23T08:25:02.499+0000] {processor.py:208} INFO - Processing /home/airflow/.local/lib/python3.12/site-packages/airflow/example_dags/example_sla_dag.py took 0.183 seconds
[2024-08-23T08:25:32.738+0000] {processor.py:186} INFO - Started process (PID=344) to work on /home/airflow/.local/lib/python3.12/site-packages/airflow/example_dags/example_sla_dag.py
[2024-08-23T08:25:32.740+0000] {processor.py:914} INFO - Processing file /home/airflow/.local/lib/python3.12/site-packages/airflow/example_dags/example_sla_dag.py for tasks to queue
[2024-08-23T08:25:32.742+0000] {logging_mixin.py:190} INFO - [2024-08-23T08:25:32.742+0000] {dagbag.py:587} INFO - Filling up the DagBag from /home/airflow/.local/lib/python3.12/site-packages/airflow/example_dags/example_sla_dag.py
[2024-08-23T08:25:32.756+0000] {processor.py:925} INFO - DAG(s) 'example_sla_dag' retrieved from /home/airflow/.local/lib/python3.12/site-packages/airflow/example_dags/example_sla_dag.py
[2024-08-23T08:25:32.782+0000] {logging_mixin.py:190} INFO - [2024-08-23T08:25:32.782+0000] {dag.py:3211} INFO - Sync 1 DAGs
[2024-08-23T08:25:32.811+0000] {logging_mixin.py:190} INFO - [2024-08-23T08:25:32.811+0000] {dag.py:4138} INFO - Setting next_dagrun for example_sla_dag to 2024-08-23 08:22:00+00:00, run_after=2024-08-23 08:24:00+00:00
[2024-08-23T08:25:32.837+0000] {processor.py:208} INFO - Processing /home/airflow/.local/lib/python3.12/site-packages/airflow/example_dags/example_sla_dag.py took 0.107 seconds
[2024-08-23T08:26:03.726+0000] {processor.py:186} INFO - Started process (PID=406) to work on /home/airflow/.local/lib/python3.12/site-packages/airflow/example_dags/example_sla_dag.py
[2024-08-23T08:26:03.727+0000] {processor.py:914} INFO - Processing file /home/airflow/.local/lib/python3.12/site-packages/airflow/example_dags/example_sla_dag.py for tasks to queue
[2024-08-23T08:26:03.729+0000] {logging_mixin.py:190} INFO - [2024-08-23T08:26:03.729+0000] {dagbag.py:587} INFO - Filling up the DagBag from /home/airflow/.local/lib/python3.12/site-packages/airflow/example_dags/example_sla_dag.py
[2024-08-23T08:26:03.740+0000] {processor.py:925} INFO - DAG(s) 'example_sla_dag' retrieved from /home/airflow/.local/lib/python3.12/site-packages/airflow/example_dags/example_sla_dag.py
[2024-08-23T08:26:03.759+0000] {logging_mixin.py:190} INFO - [2024-08-23T08:26:03.759+0000] {dag.py:3211} INFO - Sync 1 DAGs
[2024-08-23T08:26:03.783+0000] {logging_mixin.py:190} INFO - [2024-08-23T08:26:03.783+0000] {dag.py:4138} INFO - Setting next_dagrun for example_sla_dag to 2024-08-23 08:24:00+00:00, run_after=2024-08-23 08:26:00+00:00
[2024-08-23T08:26:03.803+0000] {processor.py:208} INFO - Processing /home/airflow/.local/lib/python3.12/site-packages/airflow/example_dags/example_sla_dag.py took 0.082 seconds
[2024-08-23T08:26:34.094+0000] {processor.py:186} INFO - Started process (PID=468) to work on /home/airflow/.local/lib/python3.12/site-packages/airflow/example_dags/example_sla_dag.py
[2024-08-23T08:26:34.094+0000] {processor.py:914} INFO - Processing file /home/airflow/.local/lib/python3.12/site-packages/airflow/example_dags/example_sla_dag.py for tasks to queue
[2024-08-23T08:26:34.096+0000] {logging_mixin.py:190} INFO - [2024-08-23T08:26:34.096+0000] {dagbag.py:587} INFO - Filling up the DagBag from /home/airflow/.local/lib/python3.12/site-packages/airflow/example_dags/example_sla_dag.py
[2024-08-23T08:26:34.104+0000] {processor.py:925} INFO - DAG(s) 'example_sla_dag' retrieved from /home/airflow/.local/lib/python3.12/site-packages/airflow/example_dags/example_sla_dag.py
[2024-08-23T08:26:34.120+0000] {logging_mixin.py:190} INFO - [2024-08-23T08:26:34.119+0000] {dag.py:3211} INFO - Sync 1 DAGs
[2024-08-23T08:26:34.140+0000] {logging_mixin.py:190} INFO - [2024-08-23T08:26:34.140+0000] {dag.py:4138} INFO - Setting next_dagrun for example_sla_dag to 2024-08-23 08:24:00+00:00, run_after=2024-08-23 08:26:00+00:00
[2024-08-23T08:26:34.156+0000] {processor.py:208} INFO - Processing /home/airflow/.local/lib/python3.12/site-packages/airflow/example_dags/example_sla_dag.py took 0.067 seconds
[2024-08-23T10:25:05.690+0000] {processor.py:186} INFO - Started process (PID=100) to work on /home/airflow/.local/lib/python3.12/site-packages/airflow/example_dags/example_sla_dag.py
[2024-08-23T10:25:05.692+0000] {processor.py:914} INFO - Processing file /home/airflow/.local/lib/python3.12/site-packages/airflow/example_dags/example_sla_dag.py for tasks to queue
[2024-08-23T10:25:05.696+0000] {logging_mixin.py:190} INFO - [2024-08-23T10:25:05.695+0000] {dagbag.py:587} INFO - Filling up the DagBag from /home/airflow/.local/lib/python3.12/site-packages/airflow/example_dags/example_sla_dag.py
[2024-08-23T10:25:05.709+0000] {processor.py:925} INFO - DAG(s) 'example_sla_dag' retrieved from /home/airflow/.local/lib/python3.12/site-packages/airflow/example_dags/example_sla_dag.py
[2024-08-23T10:25:05.733+0000] {logging_mixin.py:190} INFO - [2024-08-23T10:25:05.733+0000] {dag.py:3211} INFO - Sync 1 DAGs
[2024-08-23T10:25:05.772+0000] {logging_mixin.py:190} INFO - [2024-08-23T10:25:05.771+0000] {dag.py:4138} INFO - Setting next_dagrun for example_sla_dag to 2024-08-23 10:22:00+00:00, run_after=2024-08-23 10:24:00+00:00
[2024-08-23T10:25:05.813+0000] {processor.py:208} INFO - Processing /home/airflow/.local/lib/python3.12/site-packages/airflow/example_dags/example_sla_dag.py took 0.130 seconds
[2024-08-23T10:25:36.192+0000] {processor.py:186} INFO - Started process (PID=162) to work on /home/airflow/.local/lib/python3.12/site-packages/airflow/example_dags/example_sla_dag.py
[2024-08-23T10:25:36.193+0000] {processor.py:914} INFO - Processing file /home/airflow/.local/lib/python3.12/site-packages/airflow/example_dags/example_sla_dag.py for tasks to queue
[2024-08-23T10:25:36.195+0000] {logging_mixin.py:190} INFO - [2024-08-23T10:25:36.195+0000] {dagbag.py:587} INFO - Filling up the DagBag from /home/airflow/.local/lib/python3.12/site-packages/airflow/example_dags/example_sla_dag.py
[2024-08-23T10:25:36.203+0000] {processor.py:925} INFO - DAG(s) 'example_sla_dag' retrieved from /home/airflow/.local/lib/python3.12/site-packages/airflow/example_dags/example_sla_dag.py
[2024-08-23T10:25:36.220+0000] {logging_mixin.py:190} INFO - [2024-08-23T10:25:36.220+0000] {dag.py:3211} INFO - Sync 1 DAGs
[2024-08-23T10:25:36.242+0000] {logging_mixin.py:190} INFO - [2024-08-23T10:25:36.242+0000] {dag.py:4138} INFO - Setting next_dagrun for example_sla_dag to 2024-08-23 10:22:00+00:00, run_after=2024-08-23 10:24:00+00:00
[2024-08-23T10:25:36.260+0000] {processor.py:208} INFO - Processing /home/airflow/.local/lib/python3.12/site-packages/airflow/example_dags/example_sla_dag.py took 0.073 seconds
[2024-08-23T10:26:06.973+0000] {processor.py:186} INFO - Started process (PID=224) to work on /home/airflow/.local/lib/python3.12/site-packages/airflow/example_dags/example_sla_dag.py
[2024-08-23T10:26:06.975+0000] {processor.py:914} INFO - Processing file /home/airflow/.local/lib/python3.12/site-packages/airflow/example_dags/example_sla_dag.py for tasks to queue
[2024-08-23T10:26:06.977+0000] {logging_mixin.py:190} INFO - [2024-08-23T10:26:06.976+0000] {dagbag.py:587} INFO - Filling up the DagBag from /home/airflow/.local/lib/python3.12/site-packages/airflow/example_dags/example_sla_dag.py
[2024-08-23T10:26:06.985+0000] {processor.py:925} INFO - DAG(s) 'example_sla_dag' retrieved from /home/airflow/.local/lib/python3.12/site-packages/airflow/example_dags/example_sla_dag.py
[2024-08-23T10:26:07.005+0000] {logging_mixin.py:190} INFO - [2024-08-23T10:26:07.005+0000] {dag.py:3211} INFO - Sync 1 DAGs
[2024-08-23T10:26:07.030+0000] {logging_mixin.py:190} INFO - [2024-08-23T10:26:07.029+0000] {dag.py:4138} INFO - Setting next_dagrun for example_sla_dag to 2024-08-23 10:24:00+00:00, run_after=2024-08-23 10:26:00+00:00
[2024-08-23T10:26:07.050+0000] {processor.py:208} INFO - Processing /home/airflow/.local/lib/python3.12/site-packages/airflow/example_dags/example_sla_dag.py took 0.083 seconds
[2024-08-23T10:26:38.039+0000] {processor.py:186} INFO - Started process (PID=286) to work on /home/airflow/.local/lib/python3.12/site-packages/airflow/example_dags/example_sla_dag.py
[2024-08-23T10:26:38.040+0000] {processor.py:914} INFO - Processing file /home/airflow/.local/lib/python3.12/site-packages/airflow/example_dags/example_sla_dag.py for tasks to queue
[2024-08-23T10:26:38.042+0000] {logging_mixin.py:190} INFO - [2024-08-23T10:26:38.042+0000] {dagbag.py:587} INFO - Filling up the DagBag from /home/airflow/.local/lib/python3.12/site-packages/airflow/example_dags/example_sla_dag.py
[2024-08-23T10:26:38.050+0000] {processor.py:925} INFO - DAG(s) 'example_sla_dag' retrieved from /home/airflow/.local/lib/python3.12/site-packages/airflow/example_dags/example_sla_dag.py
[2024-08-23T10:26:38.070+0000] {logging_mixin.py:190} INFO - [2024-08-23T10:26:38.069+0000] {dag.py:3211} INFO - Sync 1 DAGs
[2024-08-23T10:26:38.093+0000] {logging_mixin.py:190} INFO - [2024-08-23T10:26:38.092+0000] {dag.py:4138} INFO - Setting next_dagrun for example_sla_dag to 2024-08-23 10:24:00+00:00, run_after=2024-08-23 10:26:00+00:00
[2024-08-23T10:26:38.115+0000] {processor.py:208} INFO - Processing /home/airflow/.local/lib/python3.12/site-packages/airflow/example_dags/example_sla_dag.py took 0.080 seconds
[2024-08-23T10:27:10.245+0000] {processor.py:186} INFO - Started process (PID=348) to work on /home/airflow/.local/lib/python3.12/site-packages/airflow/example_dags/example_sla_dag.py
[2024-08-23T10:27:10.247+0000] {processor.py:914} INFO - Processing file /home/airflow/.local/lib/python3.12/site-packages/airflow/example_dags/example_sla_dag.py for tasks to queue
[2024-08-23T10:27:10.251+0000] {logging_mixin.py:190} INFO - [2024-08-23T10:27:10.250+0000] {dagbag.py:587} INFO - Filling up the DagBag from /home/airflow/.local/lib/python3.12/site-packages/airflow/example_dags/example_sla_dag.py
[2024-08-23T10:27:10.265+0000] {processor.py:925} INFO - DAG(s) 'example_sla_dag' retrieved from /home/airflow/.local/lib/python3.12/site-packages/airflow/example_dags/example_sla_dag.py
[2024-08-23T10:27:10.295+0000] {logging_mixin.py:190} INFO - [2024-08-23T10:27:10.295+0000] {dag.py:3211} INFO - Sync 1 DAGs
[2024-08-23T10:27:10.334+0000] {logging_mixin.py:190} INFO - [2024-08-23T10:27:10.333+0000] {dag.py:4138} INFO - Setting next_dagrun for example_sla_dag to 2024-08-23 10:24:00+00:00, run_after=2024-08-23 10:26:00+00:00
[2024-08-23T10:27:10.370+0000] {processor.py:208} INFO - Processing /home/airflow/.local/lib/python3.12/site-packages/airflow/example_dags/example_sla_dag.py took 0.133 seconds
[2024-08-23T10:27:41.407+0000] {processor.py:186} INFO - Started process (PID=410) to work on /home/airflow/.local/lib/python3.12/site-packages/airflow/example_dags/example_sla_dag.py
[2024-08-23T10:27:41.410+0000] {processor.py:914} INFO - Processing file /home/airflow/.local/lib/python3.12/site-packages/airflow/example_dags/example_sla_dag.py for tasks to queue
[2024-08-23T10:27:41.416+0000] {logging_mixin.py:190} INFO - [2024-08-23T10:27:41.416+0000] {dagbag.py:587} INFO - Filling up the DagBag from /home/airflow/.local/lib/python3.12/site-packages/airflow/example_dags/example_sla_dag.py
[2024-08-23T10:27:41.444+0000] {processor.py:925} INFO - DAG(s) 'example_sla_dag' retrieved from /home/airflow/.local/lib/python3.12/site-packages/airflow/example_dags/example_sla_dag.py
[2024-08-23T10:27:41.495+0000] {logging_mixin.py:190} INFO - [2024-08-23T10:27:41.494+0000] {dag.py:3211} INFO - Sync 1 DAGs
[2024-08-23T10:27:41.565+0000] {logging_mixin.py:190} INFO - [2024-08-23T10:27:41.565+0000] {dag.py:4138} INFO - Setting next_dagrun for example_sla_dag to 2024-08-23 10:24:00+00:00, run_after=2024-08-23 10:26:00+00:00
[2024-08-23T10:27:41.610+0000] {processor.py:208} INFO - Processing /home/airflow/.local/lib/python3.12/site-packages/airflow/example_dags/example_sla_dag.py took 0.223 seconds
[2024-08-23T10:28:11.989+0000] {processor.py:186} INFO - Started process (PID=472) to work on /home/airflow/.local/lib/python3.12/site-packages/airflow/example_dags/example_sla_dag.py
[2024-08-23T10:28:12.005+0000] {processor.py:914} INFO - Processing file /home/airflow/.local/lib/python3.12/site-packages/airflow/example_dags/example_sla_dag.py for tasks to queue
[2024-08-23T10:28:12.025+0000] {logging_mixin.py:190} INFO - [2024-08-23T10:28:12.022+0000] {dagbag.py:587} INFO - Filling up the DagBag from /home/airflow/.local/lib/python3.12/site-packages/airflow/example_dags/example_sla_dag.py
[2024-08-23T10:28:12.168+0000] {processor.py:925} INFO - DAG(s) 'example_sla_dag' retrieved from /home/airflow/.local/lib/python3.12/site-packages/airflow/example_dags/example_sla_dag.py
[2024-08-23T10:28:12.329+0000] {logging_mixin.py:190} INFO - [2024-08-23T10:28:12.329+0000] {dag.py:3211} INFO - Sync 1 DAGs
[2024-08-23T10:28:12.450+0000] {logging_mixin.py:190} INFO - [2024-08-23T10:28:12.446+0000] {dag.py:4138} INFO - Setting next_dagrun for example_sla_dag to 2024-08-23 10:26:00+00:00, run_after=2024-08-23 10:28:00+00:00
[2024-08-23T10:28:12.552+0000] {processor.py:208} INFO - Processing /home/airflow/.local/lib/python3.12/site-packages/airflow/example_dags/example_sla_dag.py took 0.627 seconds
