[2024-08-23T06:38:32.956+0000] {processor.py:186} INFO - Started process (PID=95) to work on /home/airflow/.local/lib/python3.12/site-packages/airflow/example_dags/example_complex.py
[2024-08-23T06:38:32.957+0000] {processor.py:914} INFO - Processing file /home/airflow/.local/lib/python3.12/site-packages/airflow/example_dags/example_complex.py for tasks to queue
[2024-08-23T06:38:32.960+0000] {logging_mixin.py:190} INFO - [2024-08-23T06:38:32.960+0000] {dagbag.py:587} INFO - Filling up the DagBag from /home/airflow/.local/lib/python3.12/site-packages/airflow/example_dags/example_complex.py
[2024-08-23T06:38:32.980+0000] {processor.py:925} INFO - DAG(s) 'example_complex' retrieved from /home/airflow/.local/lib/python3.12/site-packages/airflow/example_dags/example_complex.py
[2024-08-23T06:38:33.159+0000] {logging_mixin.py:190} INFO - [2024-08-23T06:38:33.158+0000] {override.py:1858} INFO - Created Permission View: can edit on DAG:example_complex
[2024-08-23T06:38:33.175+0000] {logging_mixin.py:190} INFO - [2024-08-23T06:38:33.175+0000] {override.py:1858} INFO - Created Permission View: can delete on DAG:example_complex
[2024-08-23T06:38:33.185+0000] {logging_mixin.py:190} INFO - [2024-08-23T06:38:33.185+0000] {override.py:1858} INFO - Created Permission View: can read on DAG:example_complex
[2024-08-23T06:38:33.186+0000] {logging_mixin.py:190} INFO - [2024-08-23T06:38:33.186+0000] {dag.py:3211} INFO - Sync 1 DAGs
[2024-08-23T06:38:33.204+0000] {logging_mixin.py:190} INFO - [2024-08-23T06:38:33.204+0000] {dag.py:3234} INFO - Creating ORM DAG for example_complex
[2024-08-23T06:38:33.206+0000] {logging_mixin.py:190} INFO - [2024-08-23T06:38:33.205+0000] {dag.py:4138} INFO - Setting next_dagrun for example_complex to None, run_after=None
[2024-08-23T06:38:33.231+0000] {processor.py:208} INFO - Processing /home/airflow/.local/lib/python3.12/site-packages/airflow/example_dags/example_complex.py took 0.282 seconds
[2024-08-23T06:39:03.556+0000] {processor.py:186} INFO - Started process (PID=157) to work on /home/airflow/.local/lib/python3.12/site-packages/airflow/example_dags/example_complex.py
[2024-08-23T06:39:03.559+0000] {processor.py:914} INFO - Processing file /home/airflow/.local/lib/python3.12/site-packages/airflow/example_dags/example_complex.py for tasks to queue
[2024-08-23T06:39:03.564+0000] {logging_mixin.py:190} INFO - [2024-08-23T06:39:03.563+0000] {dagbag.py:587} INFO - Filling up the DagBag from /home/airflow/.local/lib/python3.12/site-packages/airflow/example_dags/example_complex.py
[2024-08-23T06:39:03.588+0000] {processor.py:925} INFO - DAG(s) 'example_complex' retrieved from /home/airflow/.local/lib/python3.12/site-packages/airflow/example_dags/example_complex.py
[2024-08-23T06:39:03.659+0000] {logging_mixin.py:190} INFO - [2024-08-23T06:39:03.659+0000] {dag.py:3211} INFO - Sync 1 DAGs
[2024-08-23T06:39:03.688+0000] {logging_mixin.py:190} INFO - [2024-08-23T06:39:03.687+0000] {dag.py:4138} INFO - Setting next_dagrun for example_complex to None, run_after=None
[2024-08-23T06:39:03.726+0000] {processor.py:208} INFO - Processing /home/airflow/.local/lib/python3.12/site-packages/airflow/example_dags/example_complex.py took 0.184 seconds
[2024-08-23T06:39:33.998+0000] {processor.py:186} INFO - Started process (PID=219) to work on /home/airflow/.local/lib/python3.12/site-packages/airflow/example_dags/example_complex.py
[2024-08-23T06:39:34.000+0000] {processor.py:914} INFO - Processing file /home/airflow/.local/lib/python3.12/site-packages/airflow/example_dags/example_complex.py for tasks to queue
[2024-08-23T06:39:34.004+0000] {logging_mixin.py:190} INFO - [2024-08-23T06:39:34.003+0000] {dagbag.py:587} INFO - Filling up the DagBag from /home/airflow/.local/lib/python3.12/site-packages/airflow/example_dags/example_complex.py
[2024-08-23T06:39:34.024+0000] {processor.py:925} INFO - DAG(s) 'example_complex' retrieved from /home/airflow/.local/lib/python3.12/site-packages/airflow/example_dags/example_complex.py
[2024-08-23T06:39:34.083+0000] {logging_mixin.py:190} INFO - [2024-08-23T06:39:34.083+0000] {dag.py:3211} INFO - Sync 1 DAGs
[2024-08-23T06:39:34.109+0000] {logging_mixin.py:190} INFO - [2024-08-23T06:39:34.108+0000] {dag.py:4138} INFO - Setting next_dagrun for example_complex to None, run_after=None
[2024-08-23T06:39:34.142+0000] {processor.py:208} INFO - Processing /home/airflow/.local/lib/python3.12/site-packages/airflow/example_dags/example_complex.py took 0.154 seconds
[2024-08-23T06:40:04.949+0000] {processor.py:186} INFO - Started process (PID=281) to work on /home/airflow/.local/lib/python3.12/site-packages/airflow/example_dags/example_complex.py
[2024-08-23T06:40:04.955+0000] {processor.py:914} INFO - Processing file /home/airflow/.local/lib/python3.12/site-packages/airflow/example_dags/example_complex.py for tasks to queue
[2024-08-23T06:40:04.965+0000] {logging_mixin.py:190} INFO - [2024-08-23T06:40:04.964+0000] {dagbag.py:587} INFO - Filling up the DagBag from /home/airflow/.local/lib/python3.12/site-packages/airflow/example_dags/example_complex.py
[2024-08-23T06:40:05.039+0000] {processor.py:925} INFO - DAG(s) 'example_complex' retrieved from /home/airflow/.local/lib/python3.12/site-packages/airflow/example_dags/example_complex.py
[2024-08-23T06:40:05.235+0000] {logging_mixin.py:190} INFO - [2024-08-23T06:40:05.234+0000] {dag.py:3211} INFO - Sync 1 DAGs
[2024-08-23T06:40:05.315+0000] {logging_mixin.py:190} INFO - [2024-08-23T06:40:05.314+0000] {dag.py:4138} INFO - Setting next_dagrun for example_complex to None, run_after=None
[2024-08-23T06:40:05.418+0000] {processor.py:208} INFO - Processing /home/airflow/.local/lib/python3.12/site-packages/airflow/example_dags/example_complex.py took 0.493 seconds
[2024-08-23T06:40:35.635+0000] {processor.py:186} INFO - Started process (PID=343) to work on /home/airflow/.local/lib/python3.12/site-packages/airflow/example_dags/example_complex.py
[2024-08-23T06:40:35.637+0000] {processor.py:914} INFO - Processing file /home/airflow/.local/lib/python3.12/site-packages/airflow/example_dags/example_complex.py for tasks to queue
[2024-08-23T06:40:35.643+0000] {logging_mixin.py:190} INFO - [2024-08-23T06:40:35.642+0000] {dagbag.py:587} INFO - Filling up the DagBag from /home/airflow/.local/lib/python3.12/site-packages/airflow/example_dags/example_complex.py
[2024-08-23T06:40:35.669+0000] {processor.py:925} INFO - DAG(s) 'example_complex' retrieved from /home/airflow/.local/lib/python3.12/site-packages/airflow/example_dags/example_complex.py
[2024-08-23T06:40:35.784+0000] {logging_mixin.py:190} INFO - [2024-08-23T06:40:35.784+0000] {dag.py:3211} INFO - Sync 1 DAGs
[2024-08-23T06:40:35.825+0000] {logging_mixin.py:190} INFO - [2024-08-23T06:40:35.824+0000] {dag.py:4138} INFO - Setting next_dagrun for example_complex to None, run_after=None
[2024-08-23T06:40:35.870+0000] {processor.py:208} INFO - Processing /home/airflow/.local/lib/python3.12/site-packages/airflow/example_dags/example_complex.py took 0.247 seconds
[2024-08-23T06:41:06.043+0000] {processor.py:186} INFO - Started process (PID=405) to work on /home/airflow/.local/lib/python3.12/site-packages/airflow/example_dags/example_complex.py
[2024-08-23T06:41:06.044+0000] {processor.py:914} INFO - Processing file /home/airflow/.local/lib/python3.12/site-packages/airflow/example_dags/example_complex.py for tasks to queue
[2024-08-23T06:41:06.046+0000] {logging_mixin.py:190} INFO - [2024-08-23T06:41:06.046+0000] {dagbag.py:587} INFO - Filling up the DagBag from /home/airflow/.local/lib/python3.12/site-packages/airflow/example_dags/example_complex.py
[2024-08-23T06:41:06.060+0000] {processor.py:925} INFO - DAG(s) 'example_complex' retrieved from /home/airflow/.local/lib/python3.12/site-packages/airflow/example_dags/example_complex.py
[2024-08-23T06:41:06.094+0000] {logging_mixin.py:190} INFO - [2024-08-23T06:41:06.094+0000] {dag.py:3211} INFO - Sync 1 DAGs
[2024-08-23T06:41:06.110+0000] {logging_mixin.py:190} INFO - [2024-08-23T06:41:06.110+0000] {dag.py:4138} INFO - Setting next_dagrun for example_complex to None, run_after=None
[2024-08-23T06:41:06.129+0000] {processor.py:208} INFO - Processing /home/airflow/.local/lib/python3.12/site-packages/airflow/example_dags/example_complex.py took 0.093 seconds
[2024-08-23T06:41:37.021+0000] {processor.py:186} INFO - Started process (PID=467) to work on /home/airflow/.local/lib/python3.12/site-packages/airflow/example_dags/example_complex.py
[2024-08-23T06:41:37.022+0000] {processor.py:914} INFO - Processing file /home/airflow/.local/lib/python3.12/site-packages/airflow/example_dags/example_complex.py for tasks to queue
[2024-08-23T06:41:37.025+0000] {logging_mixin.py:190} INFO - [2024-08-23T06:41:37.024+0000] {dagbag.py:587} INFO - Filling up the DagBag from /home/airflow/.local/lib/python3.12/site-packages/airflow/example_dags/example_complex.py
[2024-08-23T06:41:37.063+0000] {processor.py:925} INFO - DAG(s) 'example_complex' retrieved from /home/airflow/.local/lib/python3.12/site-packages/airflow/example_dags/example_complex.py
[2024-08-23T06:41:37.105+0000] {logging_mixin.py:190} INFO - [2024-08-23T06:41:37.105+0000] {dag.py:3211} INFO - Sync 1 DAGs
[2024-08-23T06:41:37.125+0000] {logging_mixin.py:190} INFO - [2024-08-23T06:41:37.125+0000] {dag.py:4138} INFO - Setting next_dagrun for example_complex to None, run_after=None
[2024-08-23T06:41:37.167+0000] {processor.py:208} INFO - Processing /home/airflow/.local/lib/python3.12/site-packages/airflow/example_dags/example_complex.py took 0.157 seconds
[2024-08-23T06:42:07.327+0000] {processor.py:186} INFO - Started process (PID=529) to work on /home/airflow/.local/lib/python3.12/site-packages/airflow/example_dags/example_complex.py
[2024-08-23T06:42:07.328+0000] {processor.py:914} INFO - Processing file /home/airflow/.local/lib/python3.12/site-packages/airflow/example_dags/example_complex.py for tasks to queue
[2024-08-23T06:42:07.331+0000] {logging_mixin.py:190} INFO - [2024-08-23T06:42:07.330+0000] {dagbag.py:587} INFO - Filling up the DagBag from /home/airflow/.local/lib/python3.12/site-packages/airflow/example_dags/example_complex.py
[2024-08-23T06:42:07.357+0000] {processor.py:925} INFO - DAG(s) 'example_complex' retrieved from /home/airflow/.local/lib/python3.12/site-packages/airflow/example_dags/example_complex.py
[2024-08-23T06:42:07.401+0000] {logging_mixin.py:190} INFO - [2024-08-23T06:42:07.400+0000] {dag.py:3211} INFO - Sync 1 DAGs
[2024-08-23T06:42:07.422+0000] {logging_mixin.py:190} INFO - [2024-08-23T06:42:07.421+0000] {dag.py:4138} INFO - Setting next_dagrun for example_complex to None, run_after=None
[2024-08-23T06:42:07.459+0000] {processor.py:208} INFO - Processing /home/airflow/.local/lib/python3.12/site-packages/airflow/example_dags/example_complex.py took 0.141 seconds
[2024-08-23T07:54:12.806+0000] {processor.py:186} INFO - Started process (PID=98) to work on /home/airflow/.local/lib/python3.12/site-packages/airflow/example_dags/example_complex.py
[2024-08-23T07:54:12.808+0000] {processor.py:914} INFO - Processing file /home/airflow/.local/lib/python3.12/site-packages/airflow/example_dags/example_complex.py for tasks to queue
[2024-08-23T07:54:12.812+0000] {logging_mixin.py:190} INFO - [2024-08-23T07:54:12.811+0000] {dagbag.py:587} INFO - Filling up the DagBag from /home/airflow/.local/lib/python3.12/site-packages/airflow/example_dags/example_complex.py
[2024-08-23T07:54:12.837+0000] {processor.py:925} INFO - DAG(s) 'example_complex' retrieved from /home/airflow/.local/lib/python3.12/site-packages/airflow/example_dags/example_complex.py
[2024-08-23T07:54:12.900+0000] {logging_mixin.py:190} INFO - [2024-08-23T07:54:12.900+0000] {dag.py:3211} INFO - Sync 1 DAGs
[2024-08-23T07:54:12.932+0000] {logging_mixin.py:190} INFO - [2024-08-23T07:54:12.932+0000] {dag.py:4138} INFO - Setting next_dagrun for example_complex to None, run_after=None
[2024-08-23T07:54:12.976+0000] {processor.py:208} INFO - Processing /home/airflow/.local/lib/python3.12/site-packages/airflow/example_dags/example_complex.py took 0.180 seconds
[2024-08-23T07:54:44.170+0000] {processor.py:186} INFO - Started process (PID=160) to work on /home/airflow/.local/lib/python3.12/site-packages/airflow/example_dags/example_complex.py
[2024-08-23T07:54:44.174+0000] {processor.py:914} INFO - Processing file /home/airflow/.local/lib/python3.12/site-packages/airflow/example_dags/example_complex.py for tasks to queue
[2024-08-23T07:54:44.181+0000] {logging_mixin.py:190} INFO - [2024-08-23T07:54:44.180+0000] {dagbag.py:587} INFO - Filling up the DagBag from /home/airflow/.local/lib/python3.12/site-packages/airflow/example_dags/example_complex.py
[2024-08-23T07:54:44.216+0000] {processor.py:925} INFO - DAG(s) 'example_complex' retrieved from /home/airflow/.local/lib/python3.12/site-packages/airflow/example_dags/example_complex.py
[2024-08-23T07:54:44.303+0000] {logging_mixin.py:190} INFO - [2024-08-23T07:54:44.303+0000] {dag.py:3211} INFO - Sync 1 DAGs
[2024-08-23T07:54:44.344+0000] {logging_mixin.py:190} INFO - [2024-08-23T07:54:44.344+0000] {dag.py:4138} INFO - Setting next_dagrun for example_complex to None, run_after=None
[2024-08-23T07:54:44.389+0000] {processor.py:208} INFO - Processing /home/airflow/.local/lib/python3.12/site-packages/airflow/example_dags/example_complex.py took 0.233 seconds
[2024-08-23T07:55:14.691+0000] {processor.py:186} INFO - Started process (PID=222) to work on /home/airflow/.local/lib/python3.12/site-packages/airflow/example_dags/example_complex.py
[2024-08-23T07:55:14.693+0000] {processor.py:914} INFO - Processing file /home/airflow/.local/lib/python3.12/site-packages/airflow/example_dags/example_complex.py for tasks to queue
[2024-08-23T07:55:14.695+0000] {logging_mixin.py:190} INFO - [2024-08-23T07:55:14.695+0000] {dagbag.py:587} INFO - Filling up the DagBag from /home/airflow/.local/lib/python3.12/site-packages/airflow/example_dags/example_complex.py
[2024-08-23T07:55:14.710+0000] {processor.py:925} INFO - DAG(s) 'example_complex' retrieved from /home/airflow/.local/lib/python3.12/site-packages/airflow/example_dags/example_complex.py
[2024-08-23T07:55:14.755+0000] {logging_mixin.py:190} INFO - [2024-08-23T07:55:14.754+0000] {dag.py:3211} INFO - Sync 1 DAGs
[2024-08-23T07:55:14.774+0000] {logging_mixin.py:190} INFO - [2024-08-23T07:55:14.773+0000] {dag.py:4138} INFO - Setting next_dagrun for example_complex to None, run_after=None
[2024-08-23T07:55:14.797+0000] {processor.py:208} INFO - Processing /home/airflow/.local/lib/python3.12/site-packages/airflow/example_dags/example_complex.py took 0.113 seconds
[2024-08-23T08:20:33.909+0000] {processor.py:186} INFO - Started process (PID=93) to work on /home/airflow/.local/lib/python3.12/site-packages/airflow/example_dags/example_complex.py
[2024-08-23T08:20:33.911+0000] {processor.py:914} INFO - Processing file /home/airflow/.local/lib/python3.12/site-packages/airflow/example_dags/example_complex.py for tasks to queue
[2024-08-23T08:20:33.914+0000] {logging_mixin.py:190} INFO - [2024-08-23T08:20:33.914+0000] {dagbag.py:587} INFO - Filling up the DagBag from /home/airflow/.local/lib/python3.12/site-packages/airflow/example_dags/example_complex.py
[2024-08-23T08:20:33.934+0000] {processor.py:925} INFO - DAG(s) 'example_complex' retrieved from /home/airflow/.local/lib/python3.12/site-packages/airflow/example_dags/example_complex.py
[2024-08-23T08:20:33.977+0000] {logging_mixin.py:190} INFO - [2024-08-23T08:20:33.977+0000] {dag.py:3211} INFO - Sync 1 DAGs
[2024-08-23T08:20:33.997+0000] {logging_mixin.py:190} INFO - [2024-08-23T08:20:33.996+0000] {dag.py:4138} INFO - Setting next_dagrun for example_complex to None, run_after=None
[2024-08-23T08:20:34.022+0000] {processor.py:208} INFO - Processing /home/airflow/.local/lib/python3.12/site-packages/airflow/example_dags/example_complex.py took 0.120 seconds
[2024-08-23T08:23:27.990+0000] {processor.py:186} INFO - Started process (PID=90) to work on /home/airflow/.local/lib/python3.12/site-packages/airflow/example_dags/example_complex.py
[2024-08-23T08:23:27.991+0000] {processor.py:914} INFO - Processing file /home/airflow/.local/lib/python3.12/site-packages/airflow/example_dags/example_complex.py for tasks to queue
[2024-08-23T08:23:27.993+0000] {logging_mixin.py:190} INFO - [2024-08-23T08:23:27.993+0000] {dagbag.py:587} INFO - Filling up the DagBag from /home/airflow/.local/lib/python3.12/site-packages/airflow/example_dags/example_complex.py
[2024-08-23T08:23:28.007+0000] {processor.py:925} INFO - DAG(s) 'example_complex' retrieved from /home/airflow/.local/lib/python3.12/site-packages/airflow/example_dags/example_complex.py
[2024-08-23T08:23:28.040+0000] {logging_mixin.py:190} INFO - [2024-08-23T08:23:28.040+0000] {dag.py:3211} INFO - Sync 1 DAGs
[2024-08-23T08:23:28.059+0000] {logging_mixin.py:190} INFO - [2024-08-23T08:23:28.059+0000] {dag.py:4138} INFO - Setting next_dagrun for example_complex to None, run_after=None
[2024-08-23T08:23:28.082+0000] {processor.py:208} INFO - Processing /home/airflow/.local/lib/python3.12/site-packages/airflow/example_dags/example_complex.py took 0.098 seconds
[2024-08-23T08:23:58.970+0000] {processor.py:186} INFO - Started process (PID=153) to work on /home/airflow/.local/lib/python3.12/site-packages/airflow/example_dags/example_complex.py
[2024-08-23T08:23:58.971+0000] {processor.py:914} INFO - Processing file /home/airflow/.local/lib/python3.12/site-packages/airflow/example_dags/example_complex.py for tasks to queue
[2024-08-23T08:23:58.973+0000] {logging_mixin.py:190} INFO - [2024-08-23T08:23:58.973+0000] {dagbag.py:587} INFO - Filling up the DagBag from /home/airflow/.local/lib/python3.12/site-packages/airflow/example_dags/example_complex.py
[2024-08-23T08:23:58.983+0000] {processor.py:925} INFO - DAG(s) 'example_complex' retrieved from /home/airflow/.local/lib/python3.12/site-packages/airflow/example_dags/example_complex.py
[2024-08-23T08:23:59.011+0000] {logging_mixin.py:190} INFO - [2024-08-23T08:23:59.011+0000] {dag.py:3211} INFO - Sync 1 DAGs
[2024-08-23T08:23:59.022+0000] {logging_mixin.py:190} INFO - [2024-08-23T08:23:59.022+0000] {dag.py:4138} INFO - Setting next_dagrun for example_complex to None, run_after=None
[2024-08-23T08:23:59.043+0000] {processor.py:208} INFO - Processing /home/airflow/.local/lib/python3.12/site-packages/airflow/example_dags/example_complex.py took 0.078 seconds
[2024-08-23T08:24:29.389+0000] {processor.py:186} INFO - Started process (PID=215) to work on /home/airflow/.local/lib/python3.12/site-packages/airflow/example_dags/example_complex.py
[2024-08-23T08:24:29.390+0000] {processor.py:914} INFO - Processing file /home/airflow/.local/lib/python3.12/site-packages/airflow/example_dags/example_complex.py for tasks to queue
[2024-08-23T08:24:29.392+0000] {logging_mixin.py:190} INFO - [2024-08-23T08:24:29.392+0000] {dagbag.py:587} INFO - Filling up the DagBag from /home/airflow/.local/lib/python3.12/site-packages/airflow/example_dags/example_complex.py
[2024-08-23T08:24:29.404+0000] {processor.py:925} INFO - DAG(s) 'example_complex' retrieved from /home/airflow/.local/lib/python3.12/site-packages/airflow/example_dags/example_complex.py
[2024-08-23T08:24:29.437+0000] {logging_mixin.py:190} INFO - [2024-08-23T08:24:29.436+0000] {dag.py:3211} INFO - Sync 1 DAGs
[2024-08-23T08:24:29.452+0000] {logging_mixin.py:190} INFO - [2024-08-23T08:24:29.452+0000] {dag.py:4138} INFO - Setting next_dagrun for example_complex to None, run_after=None
[2024-08-23T08:24:29.477+0000] {processor.py:208} INFO - Processing /home/airflow/.local/lib/python3.12/site-packages/airflow/example_dags/example_complex.py took 0.093 seconds
[2024-08-23T08:25:01.503+0000] {processor.py:186} INFO - Started process (PID=277) to work on /home/airflow/.local/lib/python3.12/site-packages/airflow/example_dags/example_complex.py
[2024-08-23T08:25:01.506+0000] {processor.py:914} INFO - Processing file /home/airflow/.local/lib/python3.12/site-packages/airflow/example_dags/example_complex.py for tasks to queue
[2024-08-23T08:25:01.516+0000] {logging_mixin.py:190} INFO - [2024-08-23T08:25:01.515+0000] {dagbag.py:587} INFO - Filling up the DagBag from /home/airflow/.local/lib/python3.12/site-packages/airflow/example_dags/example_complex.py
[2024-08-23T08:25:01.557+0000] {processor.py:925} INFO - DAG(s) 'example_complex' retrieved from /home/airflow/.local/lib/python3.12/site-packages/airflow/example_dags/example_complex.py
[2024-08-23T08:25:01.650+0000] {logging_mixin.py:190} INFO - [2024-08-23T08:25:01.649+0000] {dag.py:3211} INFO - Sync 1 DAGs
[2024-08-23T08:25:01.699+0000] {logging_mixin.py:190} INFO - [2024-08-23T08:25:01.698+0000] {dag.py:4138} INFO - Setting next_dagrun for example_complex to None, run_after=None
[2024-08-23T08:25:01.758+0000] {processor.py:208} INFO - Processing /home/airflow/.local/lib/python3.12/site-packages/airflow/example_dags/example_complex.py took 0.274 seconds
[2024-08-23T08:25:32.365+0000] {processor.py:186} INFO - Started process (PID=339) to work on /home/airflow/.local/lib/python3.12/site-packages/airflow/example_dags/example_complex.py
[2024-08-23T08:25:32.366+0000] {processor.py:914} INFO - Processing file /home/airflow/.local/lib/python3.12/site-packages/airflow/example_dags/example_complex.py for tasks to queue
[2024-08-23T08:25:32.368+0000] {logging_mixin.py:190} INFO - [2024-08-23T08:25:32.368+0000] {dagbag.py:587} INFO - Filling up the DagBag from /home/airflow/.local/lib/python3.12/site-packages/airflow/example_dags/example_complex.py
[2024-08-23T08:25:32.379+0000] {processor.py:925} INFO - DAG(s) 'example_complex' retrieved from /home/airflow/.local/lib/python3.12/site-packages/airflow/example_dags/example_complex.py
[2024-08-23T08:25:32.408+0000] {logging_mixin.py:190} INFO - [2024-08-23T08:25:32.408+0000] {dag.py:3211} INFO - Sync 1 DAGs
[2024-08-23T08:25:32.422+0000] {logging_mixin.py:190} INFO - [2024-08-23T08:25:32.421+0000] {dag.py:4138} INFO - Setting next_dagrun for example_complex to None, run_after=None
[2024-08-23T08:25:32.443+0000] {processor.py:208} INFO - Processing /home/airflow/.local/lib/python3.12/site-packages/airflow/example_dags/example_complex.py took 0.084 seconds
[2024-08-23T08:26:02.492+0000] {processor.py:186} INFO - Started process (PID=401) to work on /home/airflow/.local/lib/python3.12/site-packages/airflow/example_dags/example_complex.py
[2024-08-23T08:26:02.494+0000] {processor.py:914} INFO - Processing file /home/airflow/.local/lib/python3.12/site-packages/airflow/example_dags/example_complex.py for tasks to queue
[2024-08-23T08:26:02.496+0000] {logging_mixin.py:190} INFO - [2024-08-23T08:26:02.496+0000] {dagbag.py:587} INFO - Filling up the DagBag from /home/airflow/.local/lib/python3.12/site-packages/airflow/example_dags/example_complex.py
[2024-08-23T08:26:02.508+0000] {processor.py:925} INFO - DAG(s) 'example_complex' retrieved from /home/airflow/.local/lib/python3.12/site-packages/airflow/example_dags/example_complex.py
[2024-08-23T08:26:02.536+0000] {logging_mixin.py:190} INFO - [2024-08-23T08:26:02.536+0000] {dag.py:3211} INFO - Sync 1 DAGs
[2024-08-23T08:26:02.548+0000] {logging_mixin.py:190} INFO - [2024-08-23T08:26:02.548+0000] {dag.py:4138} INFO - Setting next_dagrun for example_complex to None, run_after=None
[2024-08-23T08:26:02.566+0000] {processor.py:208} INFO - Processing /home/airflow/.local/lib/python3.12/site-packages/airflow/example_dags/example_complex.py took 0.081 seconds
[2024-08-23T08:26:32.816+0000] {processor.py:186} INFO - Started process (PID=463) to work on /home/airflow/.local/lib/python3.12/site-packages/airflow/example_dags/example_complex.py
[2024-08-23T08:26:32.817+0000] {processor.py:914} INFO - Processing file /home/airflow/.local/lib/python3.12/site-packages/airflow/example_dags/example_complex.py for tasks to queue
[2024-08-23T08:26:32.820+0000] {logging_mixin.py:190} INFO - [2024-08-23T08:26:32.820+0000] {dagbag.py:587} INFO - Filling up the DagBag from /home/airflow/.local/lib/python3.12/site-packages/airflow/example_dags/example_complex.py
[2024-08-23T08:26:32.834+0000] {processor.py:925} INFO - DAG(s) 'example_complex' retrieved from /home/airflow/.local/lib/python3.12/site-packages/airflow/example_dags/example_complex.py
[2024-08-23T08:26:32.865+0000] {logging_mixin.py:190} INFO - [2024-08-23T08:26:32.864+0000] {dag.py:3211} INFO - Sync 1 DAGs
[2024-08-23T08:26:32.877+0000] {logging_mixin.py:190} INFO - [2024-08-23T08:26:32.877+0000] {dag.py:4138} INFO - Setting next_dagrun for example_complex to None, run_after=None
[2024-08-23T08:26:32.901+0000] {processor.py:208} INFO - Processing /home/airflow/.local/lib/python3.12/site-packages/airflow/example_dags/example_complex.py took 0.090 seconds
[2024-08-23T10:25:05.215+0000] {processor.py:186} INFO - Started process (PID=95) to work on /home/airflow/.local/lib/python3.12/site-packages/airflow/example_dags/example_complex.py
[2024-08-23T10:25:05.244+0000] {processor.py:914} INFO - Processing file /home/airflow/.local/lib/python3.12/site-packages/airflow/example_dags/example_complex.py for tasks to queue
[2024-08-23T10:25:05.250+0000] {logging_mixin.py:190} INFO - [2024-08-23T10:25:05.250+0000] {dagbag.py:587} INFO - Filling up the DagBag from /home/airflow/.local/lib/python3.12/site-packages/airflow/example_dags/example_complex.py
[2024-08-23T10:25:05.287+0000] {processor.py:925} INFO - DAG(s) 'example_complex' retrieved from /home/airflow/.local/lib/python3.12/site-packages/airflow/example_dags/example_complex.py
[2024-08-23T10:25:05.321+0000] {logging_mixin.py:190} INFO - [2024-08-23T10:25:05.321+0000] {dag.py:3211} INFO - Sync 1 DAGs
[2024-08-23T10:25:05.334+0000] {logging_mixin.py:190} INFO - [2024-08-23T10:25:05.334+0000] {dag.py:4138} INFO - Setting next_dagrun for example_complex to None, run_after=None
[2024-08-23T10:25:05.483+0000] {processor.py:208} INFO - Processing /home/airflow/.local/lib/python3.12/site-packages/airflow/example_dags/example_complex.py took 0.273 seconds
[2024-08-23T10:25:35.994+0000] {processor.py:186} INFO - Started process (PID=157) to work on /home/airflow/.local/lib/python3.12/site-packages/airflow/example_dags/example_complex.py
[2024-08-23T10:25:35.995+0000] {processor.py:914} INFO - Processing file /home/airflow/.local/lib/python3.12/site-packages/airflow/example_dags/example_complex.py for tasks to queue
[2024-08-23T10:25:35.997+0000] {logging_mixin.py:190} INFO - [2024-08-23T10:25:35.997+0000] {dagbag.py:587} INFO - Filling up the DagBag from /home/airflow/.local/lib/python3.12/site-packages/airflow/example_dags/example_complex.py
[2024-08-23T10:25:36.010+0000] {processor.py:925} INFO - DAG(s) 'example_complex' retrieved from /home/airflow/.local/lib/python3.12/site-packages/airflow/example_dags/example_complex.py
[2024-08-23T10:25:36.039+0000] {logging_mixin.py:190} INFO - [2024-08-23T10:25:36.038+0000] {dag.py:3211} INFO - Sync 1 DAGs
[2024-08-23T10:25:36.050+0000] {logging_mixin.py:190} INFO - [2024-08-23T10:25:36.050+0000] {dag.py:4138} INFO - Setting next_dagrun for example_complex to None, run_after=None
[2024-08-23T10:25:36.069+0000] {processor.py:208} INFO - Processing /home/airflow/.local/lib/python3.12/site-packages/airflow/example_dags/example_complex.py took 0.079 seconds
[2024-08-23T10:26:06.622+0000] {processor.py:186} INFO - Started process (PID=219) to work on /home/airflow/.local/lib/python3.12/site-packages/airflow/example_dags/example_complex.py
[2024-08-23T10:26:06.623+0000] {processor.py:914} INFO - Processing file /home/airflow/.local/lib/python3.12/site-packages/airflow/example_dags/example_complex.py for tasks to queue
[2024-08-23T10:26:06.626+0000] {logging_mixin.py:190} INFO - [2024-08-23T10:26:06.625+0000] {dagbag.py:587} INFO - Filling up the DagBag from /home/airflow/.local/lib/python3.12/site-packages/airflow/example_dags/example_complex.py
[2024-08-23T10:26:06.637+0000] {processor.py:925} INFO - DAG(s) 'example_complex' retrieved from /home/airflow/.local/lib/python3.12/site-packages/airflow/example_dags/example_complex.py
[2024-08-23T10:26:06.673+0000] {logging_mixin.py:190} INFO - [2024-08-23T10:26:06.672+0000] {dag.py:3211} INFO - Sync 1 DAGs
[2024-08-23T10:26:06.685+0000] {logging_mixin.py:190} INFO - [2024-08-23T10:26:06.685+0000] {dag.py:4138} INFO - Setting next_dagrun for example_complex to None, run_after=None
[2024-08-23T10:26:06.704+0000] {processor.py:208} INFO - Processing /home/airflow/.local/lib/python3.12/site-packages/airflow/example_dags/example_complex.py took 0.088 seconds
[2024-08-23T10:26:37.608+0000] {processor.py:186} INFO - Started process (PID=281) to work on /home/airflow/.local/lib/python3.12/site-packages/airflow/example_dags/example_complex.py
[2024-08-23T10:26:37.609+0000] {processor.py:914} INFO - Processing file /home/airflow/.local/lib/python3.12/site-packages/airflow/example_dags/example_complex.py for tasks to queue
[2024-08-23T10:26:37.611+0000] {logging_mixin.py:190} INFO - [2024-08-23T10:26:37.611+0000] {dagbag.py:587} INFO - Filling up the DagBag from /home/airflow/.local/lib/python3.12/site-packages/airflow/example_dags/example_complex.py
[2024-08-23T10:26:37.622+0000] {processor.py:925} INFO - DAG(s) 'example_complex' retrieved from /home/airflow/.local/lib/python3.12/site-packages/airflow/example_dags/example_complex.py
[2024-08-23T10:26:37.656+0000] {logging_mixin.py:190} INFO - [2024-08-23T10:26:37.656+0000] {dag.py:3211} INFO - Sync 1 DAGs
[2024-08-23T10:26:37.673+0000] {logging_mixin.py:190} INFO - [2024-08-23T10:26:37.672+0000] {dag.py:4138} INFO - Setting next_dagrun for example_complex to None, run_after=None
[2024-08-23T10:26:37.696+0000] {processor.py:208} INFO - Processing /home/airflow/.local/lib/python3.12/site-packages/airflow/example_dags/example_complex.py took 0.095 seconds
[2024-08-23T10:27:09.408+0000] {processor.py:186} INFO - Started process (PID=343) to work on /home/airflow/.local/lib/python3.12/site-packages/airflow/example_dags/example_complex.py
[2024-08-23T10:27:09.410+0000] {processor.py:914} INFO - Processing file /home/airflow/.local/lib/python3.12/site-packages/airflow/example_dags/example_complex.py for tasks to queue
[2024-08-23T10:27:09.414+0000] {logging_mixin.py:190} INFO - [2024-08-23T10:27:09.413+0000] {dagbag.py:587} INFO - Filling up the DagBag from /home/airflow/.local/lib/python3.12/site-packages/airflow/example_dags/example_complex.py
[2024-08-23T10:27:09.433+0000] {processor.py:925} INFO - DAG(s) 'example_complex' retrieved from /home/airflow/.local/lib/python3.12/site-packages/airflow/example_dags/example_complex.py
[2024-08-23T10:27:09.491+0000] {logging_mixin.py:190} INFO - [2024-08-23T10:27:09.491+0000] {dag.py:3211} INFO - Sync 1 DAGs
[2024-08-23T10:27:09.520+0000] {logging_mixin.py:190} INFO - [2024-08-23T10:27:09.520+0000] {dag.py:4138} INFO - Setting next_dagrun for example_complex to None, run_after=None
[2024-08-23T10:27:09.562+0000] {processor.py:208} INFO - Processing /home/airflow/.local/lib/python3.12/site-packages/airflow/example_dags/example_complex.py took 0.165 seconds
[2024-08-23T10:27:40.443+0000] {processor.py:186} INFO - Started process (PID=405) to work on /home/airflow/.local/lib/python3.12/site-packages/airflow/example_dags/example_complex.py
[2024-08-23T10:27:40.445+0000] {processor.py:914} INFO - Processing file /home/airflow/.local/lib/python3.12/site-packages/airflow/example_dags/example_complex.py for tasks to queue
[2024-08-23T10:27:40.452+0000] {logging_mixin.py:190} INFO - [2024-08-23T10:27:40.451+0000] {dagbag.py:587} INFO - Filling up the DagBag from /home/airflow/.local/lib/python3.12/site-packages/airflow/example_dags/example_complex.py
[2024-08-23T10:27:40.485+0000] {processor.py:925} INFO - DAG(s) 'example_complex' retrieved from /home/airflow/.local/lib/python3.12/site-packages/airflow/example_dags/example_complex.py
[2024-08-23T10:27:40.586+0000] {logging_mixin.py:190} INFO - [2024-08-23T10:27:40.585+0000] {dag.py:3211} INFO - Sync 1 DAGs
[2024-08-23T10:27:40.624+0000] {logging_mixin.py:190} INFO - [2024-08-23T10:27:40.624+0000] {dag.py:4138} INFO - Setting next_dagrun for example_complex to None, run_after=None
[2024-08-23T10:27:40.701+0000] {processor.py:208} INFO - Processing /home/airflow/.local/lib/python3.12/site-packages/airflow/example_dags/example_complex.py took 0.273 seconds
[2024-08-23T10:28:11.342+0000] {processor.py:186} INFO - Started process (PID=467) to work on /home/airflow/.local/lib/python3.12/site-packages/airflow/example_dags/example_complex.py
[2024-08-23T10:28:11.343+0000] {processor.py:914} INFO - Processing file /home/airflow/.local/lib/python3.12/site-packages/airflow/example_dags/example_complex.py for tasks to queue
[2024-08-23T10:28:11.346+0000] {logging_mixin.py:190} INFO - [2024-08-23T10:28:11.345+0000] {dagbag.py:587} INFO - Filling up the DagBag from /home/airflow/.local/lib/python3.12/site-packages/airflow/example_dags/example_complex.py
[2024-08-23T10:28:11.357+0000] {processor.py:925} INFO - DAG(s) 'example_complex' retrieved from /home/airflow/.local/lib/python3.12/site-packages/airflow/example_dags/example_complex.py
[2024-08-23T10:28:11.389+0000] {logging_mixin.py:190} INFO - [2024-08-23T10:28:11.389+0000] {dag.py:3211} INFO - Sync 1 DAGs
[2024-08-23T10:28:11.408+0000] {logging_mixin.py:190} INFO - [2024-08-23T10:28:11.408+0000] {dag.py:4138} INFO - Setting next_dagrun for example_complex to None, run_after=None
[2024-08-23T10:28:11.440+0000] {processor.py:208} INFO - Processing /home/airflow/.local/lib/python3.12/site-packages/airflow/example_dags/example_complex.py took 0.103 seconds
