[2024-08-23T06:38:31.585+0000] {processor.py:186} INFO - Started process (PID=85) to work on /home/airflow/.local/lib/python3.12/site-packages/airflow/example_dags/example_branch_operator.py
[2024-08-23T06:38:31.586+0000] {processor.py:914} INFO - Processing file /home/airflow/.local/lib/python3.12/site-packages/airflow/example_dags/example_branch_operator.py for tasks to queue
[2024-08-23T06:38:31.588+0000] {logging_mixin.py:190} INFO - [2024-08-23T06:38:31.588+0000] {dagbag.py:587} INFO - Filling up the DagBag from /home/airflow/.local/lib/python3.12/site-packages/airflow/example_dags/example_branch_operator.py
[2024-08-23T06:38:31.607+0000] {processor.py:925} INFO - DAG(s) 'example_branch_operator' retrieved from /home/airflow/.local/lib/python3.12/site-packages/airflow/example_dags/example_branch_operator.py
[2024-08-23T06:38:31.715+0000] {logging_mixin.py:190} INFO - [2024-08-23T06:38:31.715+0000] {override.py:1858} INFO - Created Permission View: can edit on DAG:example_branch_operator
[2024-08-23T06:38:31.727+0000] {logging_mixin.py:190} INFO - [2024-08-23T06:38:31.727+0000] {override.py:1858} INFO - Created Permission View: can delete on DAG:example_branch_operator
[2024-08-23T06:38:31.735+0000] {logging_mixin.py:190} INFO - [2024-08-23T06:38:31.735+0000] {override.py:1858} INFO - Created Permission View: can read on DAG:example_branch_operator
[2024-08-23T06:38:31.736+0000] {logging_mixin.py:190} INFO - [2024-08-23T06:38:31.736+0000] {dag.py:3211} INFO - Sync 1 DAGs
[2024-08-23T06:38:31.749+0000] {logging_mixin.py:190} INFO - [2024-08-23T06:38:31.748+0000] {dag.py:3234} INFO - Creating ORM DAG for example_branch_operator
[2024-08-23T06:38:31.761+0000] {logging_mixin.py:190} INFO - [2024-08-23T06:38:31.760+0000] {dag.py:4138} INFO - Setting next_dagrun for example_branch_operator to 2024-08-22 00:00:00+00:00, run_after=2024-08-23 00:00:00+00:00
[2024-08-23T06:38:31.781+0000] {processor.py:208} INFO - Processing /home/airflow/.local/lib/python3.12/site-packages/airflow/example_dags/example_branch_operator.py took 0.202 seconds
[2024-08-23T06:39:01.948+0000] {processor.py:186} INFO - Started process (PID=147) to work on /home/airflow/.local/lib/python3.12/site-packages/airflow/example_dags/example_branch_operator.py
[2024-08-23T06:39:01.950+0000] {processor.py:914} INFO - Processing file /home/airflow/.local/lib/python3.12/site-packages/airflow/example_dags/example_branch_operator.py for tasks to queue
[2024-08-23T06:39:01.954+0000] {logging_mixin.py:190} INFO - [2024-08-23T06:39:01.953+0000] {dagbag.py:587} INFO - Filling up the DagBag from /home/airflow/.local/lib/python3.12/site-packages/airflow/example_dags/example_branch_operator.py
[2024-08-23T06:39:01.983+0000] {processor.py:925} INFO - DAG(s) 'example_branch_operator' retrieved from /home/airflow/.local/lib/python3.12/site-packages/airflow/example_dags/example_branch_operator.py
[2024-08-23T06:39:02.031+0000] {logging_mixin.py:190} INFO - [2024-08-23T06:39:02.030+0000] {dag.py:3211} INFO - Sync 1 DAGs
[2024-08-23T06:39:02.072+0000] {logging_mixin.py:190} INFO - [2024-08-23T06:39:02.072+0000] {dag.py:4138} INFO - Setting next_dagrun for example_branch_operator to 2024-08-22 00:00:00+00:00, run_after=2024-08-23 00:00:00+00:00
[2024-08-23T06:39:02.106+0000] {processor.py:208} INFO - Processing /home/airflow/.local/lib/python3.12/site-packages/airflow/example_dags/example_branch_operator.py took 0.167 seconds
[2024-08-23T06:39:32.784+0000] {processor.py:186} INFO - Started process (PID=209) to work on /home/airflow/.local/lib/python3.12/site-packages/airflow/example_dags/example_branch_operator.py
[2024-08-23T06:39:32.786+0000] {processor.py:914} INFO - Processing file /home/airflow/.local/lib/python3.12/site-packages/airflow/example_dags/example_branch_operator.py for tasks to queue
[2024-08-23T06:39:32.793+0000] {logging_mixin.py:190} INFO - [2024-08-23T06:39:32.792+0000] {dagbag.py:587} INFO - Filling up the DagBag from /home/airflow/.local/lib/python3.12/site-packages/airflow/example_dags/example_branch_operator.py
[2024-08-23T06:39:32.855+0000] {processor.py:925} INFO - DAG(s) 'example_branch_operator' retrieved from /home/airflow/.local/lib/python3.12/site-packages/airflow/example_dags/example_branch_operator.py
[2024-08-23T06:39:32.938+0000] {logging_mixin.py:190} INFO - [2024-08-23T06:39:32.938+0000] {dag.py:3211} INFO - Sync 1 DAGs
[2024-08-23T06:39:32.986+0000] {logging_mixin.py:190} INFO - [2024-08-23T06:39:32.986+0000] {dag.py:4138} INFO - Setting next_dagrun for example_branch_operator to 2024-08-22 00:00:00+00:00, run_after=2024-08-23 00:00:00+00:00
[2024-08-23T06:39:33.023+0000] {processor.py:208} INFO - Processing /home/airflow/.local/lib/python3.12/site-packages/airflow/example_dags/example_branch_operator.py took 0.255 seconds
[2024-08-23T06:40:03.200+0000] {processor.py:186} INFO - Started process (PID=271) to work on /home/airflow/.local/lib/python3.12/site-packages/airflow/example_dags/example_branch_operator.py
[2024-08-23T06:40:03.201+0000] {processor.py:914} INFO - Processing file /home/airflow/.local/lib/python3.12/site-packages/airflow/example_dags/example_branch_operator.py for tasks to queue
[2024-08-23T06:40:03.205+0000] {logging_mixin.py:190} INFO - [2024-08-23T06:40:03.205+0000] {dagbag.py:587} INFO - Filling up the DagBag from /home/airflow/.local/lib/python3.12/site-packages/airflow/example_dags/example_branch_operator.py
[2024-08-23T06:40:03.235+0000] {processor.py:925} INFO - DAG(s) 'example_branch_operator' retrieved from /home/airflow/.local/lib/python3.12/site-packages/airflow/example_dags/example_branch_operator.py
[2024-08-23T06:40:03.307+0000] {logging_mixin.py:190} INFO - [2024-08-23T06:40:03.306+0000] {dag.py:3211} INFO - Sync 1 DAGs
[2024-08-23T06:40:03.386+0000] {logging_mixin.py:190} INFO - [2024-08-23T06:40:03.385+0000] {dag.py:4138} INFO - Setting next_dagrun for example_branch_operator to 2024-08-22 00:00:00+00:00, run_after=2024-08-23 00:00:00+00:00
[2024-08-23T06:40:03.451+0000] {processor.py:208} INFO - Processing /home/airflow/.local/lib/python3.12/site-packages/airflow/example_dags/example_branch_operator.py took 0.260 seconds
[2024-08-23T06:40:34.494+0000] {processor.py:186} INFO - Started process (PID=333) to work on /home/airflow/.local/lib/python3.12/site-packages/airflow/example_dags/example_branch_operator.py
[2024-08-23T06:40:34.496+0000] {processor.py:914} INFO - Processing file /home/airflow/.local/lib/python3.12/site-packages/airflow/example_dags/example_branch_operator.py for tasks to queue
[2024-08-23T06:40:34.503+0000] {logging_mixin.py:190} INFO - [2024-08-23T06:40:34.501+0000] {dagbag.py:587} INFO - Filling up the DagBag from /home/airflow/.local/lib/python3.12/site-packages/airflow/example_dags/example_branch_operator.py
[2024-08-23T06:40:34.540+0000] {processor.py:925} INFO - DAG(s) 'example_branch_operator' retrieved from /home/airflow/.local/lib/python3.12/site-packages/airflow/example_dags/example_branch_operator.py
[2024-08-23T06:40:34.594+0000] {logging_mixin.py:190} INFO - [2024-08-23T06:40:34.594+0000] {dag.py:3211} INFO - Sync 1 DAGs
[2024-08-23T06:40:34.640+0000] {logging_mixin.py:190} INFO - [2024-08-23T06:40:34.639+0000] {dag.py:4138} INFO - Setting next_dagrun for example_branch_operator to 2024-08-22 00:00:00+00:00, run_after=2024-08-23 00:00:00+00:00
[2024-08-23T06:40:34.672+0000] {processor.py:208} INFO - Processing /home/airflow/.local/lib/python3.12/site-packages/airflow/example_dags/example_branch_operator.py took 0.188 seconds
[2024-08-23T06:41:04.761+0000] {processor.py:186} INFO - Started process (PID=395) to work on /home/airflow/.local/lib/python3.12/site-packages/airflow/example_dags/example_branch_operator.py
[2024-08-23T06:41:04.762+0000] {processor.py:914} INFO - Processing file /home/airflow/.local/lib/python3.12/site-packages/airflow/example_dags/example_branch_operator.py for tasks to queue
[2024-08-23T06:41:04.765+0000] {logging_mixin.py:190} INFO - [2024-08-23T06:41:04.764+0000] {dagbag.py:587} INFO - Filling up the DagBag from /home/airflow/.local/lib/python3.12/site-packages/airflow/example_dags/example_branch_operator.py
[2024-08-23T06:41:04.783+0000] {processor.py:925} INFO - DAG(s) 'example_branch_operator' retrieved from /home/airflow/.local/lib/python3.12/site-packages/airflow/example_dags/example_branch_operator.py
[2024-08-23T06:41:04.812+0000] {logging_mixin.py:190} INFO - [2024-08-23T06:41:04.811+0000] {dag.py:3211} INFO - Sync 1 DAGs
[2024-08-23T06:41:04.840+0000] {logging_mixin.py:190} INFO - [2024-08-23T06:41:04.838+0000] {dag.py:4138} INFO - Setting next_dagrun for example_branch_operator to 2024-08-22 00:00:00+00:00, run_after=2024-08-23 00:00:00+00:00
[2024-08-23T06:41:04.860+0000] {processor.py:208} INFO - Processing /home/airflow/.local/lib/python3.12/site-packages/airflow/example_dags/example_branch_operator.py took 0.106 seconds
[2024-08-23T06:41:35.116+0000] {processor.py:186} INFO - Started process (PID=457) to work on /home/airflow/.local/lib/python3.12/site-packages/airflow/example_dags/example_branch_operator.py
[2024-08-23T06:41:35.118+0000] {processor.py:914} INFO - Processing file /home/airflow/.local/lib/python3.12/site-packages/airflow/example_dags/example_branch_operator.py for tasks to queue
[2024-08-23T06:41:35.120+0000] {logging_mixin.py:190} INFO - [2024-08-23T06:41:35.119+0000] {dagbag.py:587} INFO - Filling up the DagBag from /home/airflow/.local/lib/python3.12/site-packages/airflow/example_dags/example_branch_operator.py
[2024-08-23T06:41:35.135+0000] {processor.py:925} INFO - DAG(s) 'example_branch_operator' retrieved from /home/airflow/.local/lib/python3.12/site-packages/airflow/example_dags/example_branch_operator.py
[2024-08-23T06:41:35.167+0000] {logging_mixin.py:190} INFO - [2024-08-23T06:41:35.166+0000] {dag.py:3211} INFO - Sync 1 DAGs
[2024-08-23T06:41:35.193+0000] {logging_mixin.py:190} INFO - [2024-08-23T06:41:35.193+0000] {dag.py:4138} INFO - Setting next_dagrun for example_branch_operator to 2024-08-22 00:00:00+00:00, run_after=2024-08-23 00:00:00+00:00
[2024-08-23T06:41:35.220+0000] {processor.py:208} INFO - Processing /home/airflow/.local/lib/python3.12/site-packages/airflow/example_dags/example_branch_operator.py took 0.111 seconds
[2024-08-23T06:42:06.393+0000] {processor.py:186} INFO - Started process (PID=519) to work on /home/airflow/.local/lib/python3.12/site-packages/airflow/example_dags/example_branch_operator.py
[2024-08-23T06:42:06.394+0000] {processor.py:914} INFO - Processing file /home/airflow/.local/lib/python3.12/site-packages/airflow/example_dags/example_branch_operator.py for tasks to queue
[2024-08-23T06:42:06.396+0000] {logging_mixin.py:190} INFO - [2024-08-23T06:42:06.396+0000] {dagbag.py:587} INFO - Filling up the DagBag from /home/airflow/.local/lib/python3.12/site-packages/airflow/example_dags/example_branch_operator.py
[2024-08-23T06:42:06.415+0000] {processor.py:925} INFO - DAG(s) 'example_branch_operator' retrieved from /home/airflow/.local/lib/python3.12/site-packages/airflow/example_dags/example_branch_operator.py
[2024-08-23T06:42:06.451+0000] {logging_mixin.py:190} INFO - [2024-08-23T06:42:06.450+0000] {dag.py:3211} INFO - Sync 1 DAGs
[2024-08-23T06:42:06.485+0000] {logging_mixin.py:190} INFO - [2024-08-23T06:42:06.484+0000] {dag.py:4138} INFO - Setting next_dagrun for example_branch_operator to 2024-08-22 00:00:00+00:00, run_after=2024-08-23 00:00:00+00:00
[2024-08-23T06:42:06.513+0000] {processor.py:208} INFO - Processing /home/airflow/.local/lib/python3.12/site-packages/airflow/example_dags/example_branch_operator.py took 0.131 seconds
[2024-08-23T07:54:11.124+0000] {processor.py:186} INFO - Started process (PID=88) to work on /home/airflow/.local/lib/python3.12/site-packages/airflow/example_dags/example_branch_operator.py
[2024-08-23T07:54:11.126+0000] {processor.py:914} INFO - Processing file /home/airflow/.local/lib/python3.12/site-packages/airflow/example_dags/example_branch_operator.py for tasks to queue
[2024-08-23T07:54:11.131+0000] {logging_mixin.py:190} INFO - [2024-08-23T07:54:11.130+0000] {dagbag.py:587} INFO - Filling up the DagBag from /home/airflow/.local/lib/python3.12/site-packages/airflow/example_dags/example_branch_operator.py
[2024-08-23T07:54:11.173+0000] {processor.py:925} INFO - DAG(s) 'example_branch_operator' retrieved from /home/airflow/.local/lib/python3.12/site-packages/airflow/example_dags/example_branch_operator.py
[2024-08-23T07:54:11.481+0000] {logging_mixin.py:190} INFO - [2024-08-23T07:54:11.480+0000] {dag.py:3211} INFO - Sync 1 DAGs
[2024-08-23T07:54:11.528+0000] {logging_mixin.py:190} INFO - [2024-08-23T07:54:11.527+0000] {dag.py:4138} INFO - Setting next_dagrun for example_branch_operator to 2024-08-22 00:00:00+00:00, run_after=2024-08-23 00:00:00+00:00
[2024-08-23T07:54:11.566+0000] {processor.py:208} INFO - Processing /home/airflow/.local/lib/python3.12/site-packages/airflow/example_dags/example_branch_operator.py took 0.453 seconds
[2024-08-23T07:54:41.834+0000] {processor.py:186} INFO - Started process (PID=150) to work on /home/airflow/.local/lib/python3.12/site-packages/airflow/example_dags/example_branch_operator.py
[2024-08-23T07:54:41.837+0000] {processor.py:914} INFO - Processing file /home/airflow/.local/lib/python3.12/site-packages/airflow/example_dags/example_branch_operator.py for tasks to queue
[2024-08-23T07:54:41.844+0000] {logging_mixin.py:190} INFO - [2024-08-23T07:54:41.844+0000] {dagbag.py:587} INFO - Filling up the DagBag from /home/airflow/.local/lib/python3.12/site-packages/airflow/example_dags/example_branch_operator.py
[2024-08-23T07:54:41.891+0000] {processor.py:925} INFO - DAG(s) 'example_branch_operator' retrieved from /home/airflow/.local/lib/python3.12/site-packages/airflow/example_dags/example_branch_operator.py
[2024-08-23T07:54:41.999+0000] {logging_mixin.py:190} INFO - [2024-08-23T07:54:41.998+0000] {dag.py:3211} INFO - Sync 1 DAGs
[2024-08-23T07:54:42.089+0000] {logging_mixin.py:190} INFO - [2024-08-23T07:54:42.089+0000] {dag.py:4138} INFO - Setting next_dagrun for example_branch_operator to 2024-08-22 00:00:00+00:00, run_after=2024-08-23 00:00:00+00:00
[2024-08-23T07:54:42.149+0000] {processor.py:208} INFO - Processing /home/airflow/.local/lib/python3.12/site-packages/airflow/example_dags/example_branch_operator.py took 0.329 seconds
[2024-08-23T07:55:12.814+0000] {processor.py:186} INFO - Started process (PID=212) to work on /home/airflow/.local/lib/python3.12/site-packages/airflow/example_dags/example_branch_operator.py
[2024-08-23T07:55:12.816+0000] {processor.py:914} INFO - Processing file /home/airflow/.local/lib/python3.12/site-packages/airflow/example_dags/example_branch_operator.py for tasks to queue
[2024-08-23T07:55:12.819+0000] {logging_mixin.py:190} INFO - [2024-08-23T07:55:12.818+0000] {dagbag.py:587} INFO - Filling up the DagBag from /home/airflow/.local/lib/python3.12/site-packages/airflow/example_dags/example_branch_operator.py
[2024-08-23T07:55:12.835+0000] {processor.py:925} INFO - DAG(s) 'example_branch_operator' retrieved from /home/airflow/.local/lib/python3.12/site-packages/airflow/example_dags/example_branch_operator.py
[2024-08-23T07:55:12.862+0000] {logging_mixin.py:190} INFO - [2024-08-23T07:55:12.862+0000] {dag.py:3211} INFO - Sync 1 DAGs
[2024-08-23T07:55:12.882+0000] {logging_mixin.py:190} INFO - [2024-08-23T07:55:12.881+0000] {dag.py:4138} INFO - Setting next_dagrun for example_branch_operator to 2024-08-22 00:00:00+00:00, run_after=2024-08-23 00:00:00+00:00
[2024-08-23T07:55:12.901+0000] {processor.py:208} INFO - Processing /home/airflow/.local/lib/python3.12/site-packages/airflow/example_dags/example_branch_operator.py took 0.092 seconds
[2024-08-23T08:20:33.022+0000] {processor.py:186} INFO - Started process (PID=83) to work on /home/airflow/.local/lib/python3.12/site-packages/airflow/example_dags/example_branch_operator.py
[2024-08-23T08:20:33.024+0000] {processor.py:914} INFO - Processing file /home/airflow/.local/lib/python3.12/site-packages/airflow/example_dags/example_branch_operator.py for tasks to queue
[2024-08-23T08:20:33.026+0000] {logging_mixin.py:190} INFO - [2024-08-23T08:20:33.026+0000] {dagbag.py:587} INFO - Filling up the DagBag from /home/airflow/.local/lib/python3.12/site-packages/airflow/example_dags/example_branch_operator.py
[2024-08-23T08:20:33.048+0000] {processor.py:925} INFO - DAG(s) 'example_branch_operator' retrieved from /home/airflow/.local/lib/python3.12/site-packages/airflow/example_dags/example_branch_operator.py
[2024-08-23T08:20:33.163+0000] {logging_mixin.py:190} INFO - [2024-08-23T08:20:33.163+0000] {dag.py:3211} INFO - Sync 1 DAGs
[2024-08-23T08:20:33.186+0000] {logging_mixin.py:190} INFO - [2024-08-23T08:20:33.186+0000] {dag.py:4138} INFO - Setting next_dagrun for example_branch_operator to 2024-08-22 00:00:00+00:00, run_after=2024-08-23 00:00:00+00:00
[2024-08-23T08:20:33.208+0000] {processor.py:208} INFO - Processing /home/airflow/.local/lib/python3.12/site-packages/airflow/example_dags/example_branch_operator.py took 0.191 seconds
[2024-08-23T08:23:27.241+0000] {processor.py:186} INFO - Started process (PID=80) to work on /home/airflow/.local/lib/python3.12/site-packages/airflow/example_dags/example_branch_operator.py
[2024-08-23T08:23:27.242+0000] {processor.py:914} INFO - Processing file /home/airflow/.local/lib/python3.12/site-packages/airflow/example_dags/example_branch_operator.py for tasks to queue
[2024-08-23T08:23:27.245+0000] {logging_mixin.py:190} INFO - [2024-08-23T08:23:27.244+0000] {dagbag.py:587} INFO - Filling up the DagBag from /home/airflow/.local/lib/python3.12/site-packages/airflow/example_dags/example_branch_operator.py
[2024-08-23T08:23:27.265+0000] {processor.py:925} INFO - DAG(s) 'example_branch_operator' retrieved from /home/airflow/.local/lib/python3.12/site-packages/airflow/example_dags/example_branch_operator.py
[2024-08-23T08:23:27.399+0000] {logging_mixin.py:190} INFO - [2024-08-23T08:23:27.398+0000] {dag.py:3211} INFO - Sync 1 DAGs
[2024-08-23T08:23:27.431+0000] {logging_mixin.py:190} INFO - [2024-08-23T08:23:27.430+0000] {dag.py:4138} INFO - Setting next_dagrun for example_branch_operator to 2024-08-22 00:00:00+00:00, run_after=2024-08-23 00:00:00+00:00
[2024-08-23T08:23:27.454+0000] {processor.py:208} INFO - Processing /home/airflow/.local/lib/python3.12/site-packages/airflow/example_dags/example_branch_operator.py took 0.219 seconds
[2024-08-23T08:23:58.393+0000] {processor.py:186} INFO - Started process (PID=143) to work on /home/airflow/.local/lib/python3.12/site-packages/airflow/example_dags/example_branch_operator.py
[2024-08-23T08:23:58.394+0000] {processor.py:914} INFO - Processing file /home/airflow/.local/lib/python3.12/site-packages/airflow/example_dags/example_branch_operator.py for tasks to queue
[2024-08-23T08:23:58.397+0000] {logging_mixin.py:190} INFO - [2024-08-23T08:23:58.397+0000] {dagbag.py:587} INFO - Filling up the DagBag from /home/airflow/.local/lib/python3.12/site-packages/airflow/example_dags/example_branch_operator.py
[2024-08-23T08:23:58.414+0000] {processor.py:925} INFO - DAG(s) 'example_branch_operator' retrieved from /home/airflow/.local/lib/python3.12/site-packages/airflow/example_dags/example_branch_operator.py
[2024-08-23T08:23:58.443+0000] {logging_mixin.py:190} INFO - [2024-08-23T08:23:58.443+0000] {dag.py:3211} INFO - Sync 1 DAGs
[2024-08-23T08:23:58.464+0000] {logging_mixin.py:190} INFO - [2024-08-23T08:23:58.464+0000] {dag.py:4138} INFO - Setting next_dagrun for example_branch_operator to 2024-08-22 00:00:00+00:00, run_after=2024-08-23 00:00:00+00:00
[2024-08-23T08:23:58.500+0000] {processor.py:208} INFO - Processing /home/airflow/.local/lib/python3.12/site-packages/airflow/example_dags/example_branch_operator.py took 0.112 seconds
[2024-08-23T08:24:28.848+0000] {processor.py:186} INFO - Started process (PID=205) to work on /home/airflow/.local/lib/python3.12/site-packages/airflow/example_dags/example_branch_operator.py
[2024-08-23T08:24:28.849+0000] {processor.py:914} INFO - Processing file /home/airflow/.local/lib/python3.12/site-packages/airflow/example_dags/example_branch_operator.py for tasks to queue
[2024-08-23T08:24:28.852+0000] {logging_mixin.py:190} INFO - [2024-08-23T08:24:28.851+0000] {dagbag.py:587} INFO - Filling up the DagBag from /home/airflow/.local/lib/python3.12/site-packages/airflow/example_dags/example_branch_operator.py
[2024-08-23T08:24:28.868+0000] {processor.py:925} INFO - DAG(s) 'example_branch_operator' retrieved from /home/airflow/.local/lib/python3.12/site-packages/airflow/example_dags/example_branch_operator.py
[2024-08-23T08:24:28.897+0000] {logging_mixin.py:190} INFO - [2024-08-23T08:24:28.897+0000] {dag.py:3211} INFO - Sync 1 DAGs
[2024-08-23T08:24:28.922+0000] {logging_mixin.py:190} INFO - [2024-08-23T08:24:28.921+0000] {dag.py:4138} INFO - Setting next_dagrun for example_branch_operator to 2024-08-22 00:00:00+00:00, run_after=2024-08-23 00:00:00+00:00
[2024-08-23T08:24:28.939+0000] {processor.py:208} INFO - Processing /home/airflow/.local/lib/python3.12/site-packages/airflow/example_dags/example_branch_operator.py took 0.097 seconds
[2024-08-23T08:24:59.776+0000] {processor.py:186} INFO - Started process (PID=267) to work on /home/airflow/.local/lib/python3.12/site-packages/airflow/example_dags/example_branch_operator.py
[2024-08-23T08:24:59.778+0000] {processor.py:914} INFO - Processing file /home/airflow/.local/lib/python3.12/site-packages/airflow/example_dags/example_branch_operator.py for tasks to queue
[2024-08-23T08:24:59.783+0000] {logging_mixin.py:190} INFO - [2024-08-23T08:24:59.783+0000] {dagbag.py:587} INFO - Filling up the DagBag from /home/airflow/.local/lib/python3.12/site-packages/airflow/example_dags/example_branch_operator.py
[2024-08-23T08:24:59.822+0000] {processor.py:925} INFO - DAG(s) 'example_branch_operator' retrieved from /home/airflow/.local/lib/python3.12/site-packages/airflow/example_dags/example_branch_operator.py
[2024-08-23T08:24:59.883+0000] {logging_mixin.py:190} INFO - [2024-08-23T08:24:59.882+0000] {dag.py:3211} INFO - Sync 1 DAGs
[2024-08-23T08:24:59.931+0000] {logging_mixin.py:190} INFO - [2024-08-23T08:24:59.931+0000] {dag.py:4138} INFO - Setting next_dagrun for example_branch_operator to 2024-08-22 00:00:00+00:00, run_after=2024-08-23 00:00:00+00:00
[2024-08-23T08:24:59.970+0000] {processor.py:208} INFO - Processing /home/airflow/.local/lib/python3.12/site-packages/airflow/example_dags/example_branch_operator.py took 0.205 seconds
[2024-08-23T08:25:30.150+0000] {processor.py:186} INFO - Started process (PID=329) to work on /home/airflow/.local/lib/python3.12/site-packages/airflow/example_dags/example_branch_operator.py
[2024-08-23T08:25:30.152+0000] {processor.py:914} INFO - Processing file /home/airflow/.local/lib/python3.12/site-packages/airflow/example_dags/example_branch_operator.py for tasks to queue
[2024-08-23T08:25:30.156+0000] {logging_mixin.py:190} INFO - [2024-08-23T08:25:30.156+0000] {dagbag.py:587} INFO - Filling up the DagBag from /home/airflow/.local/lib/python3.12/site-packages/airflow/example_dags/example_branch_operator.py
[2024-08-23T08:25:30.186+0000] {processor.py:925} INFO - DAG(s) 'example_branch_operator' retrieved from /home/airflow/.local/lib/python3.12/site-packages/airflow/example_dags/example_branch_operator.py
[2024-08-23T08:25:30.237+0000] {logging_mixin.py:190} INFO - [2024-08-23T08:25:30.237+0000] {dag.py:3211} INFO - Sync 1 DAGs
[2024-08-23T08:25:30.277+0000] {logging_mixin.py:190} INFO - [2024-08-23T08:25:30.276+0000] {dag.py:4138} INFO - Setting next_dagrun for example_branch_operator to 2024-08-22 00:00:00+00:00, run_after=2024-08-23 00:00:00+00:00
[2024-08-23T08:25:30.307+0000] {processor.py:208} INFO - Processing /home/airflow/.local/lib/python3.12/site-packages/airflow/example_dags/example_branch_operator.py took 0.168 seconds
[2024-08-23T08:26:00.879+0000] {processor.py:186} INFO - Started process (PID=391) to work on /home/airflow/.local/lib/python3.12/site-packages/airflow/example_dags/example_branch_operator.py
[2024-08-23T08:26:00.880+0000] {processor.py:914} INFO - Processing file /home/airflow/.local/lib/python3.12/site-packages/airflow/example_dags/example_branch_operator.py for tasks to queue
[2024-08-23T08:26:00.883+0000] {logging_mixin.py:190} INFO - [2024-08-23T08:26:00.882+0000] {dagbag.py:587} INFO - Filling up the DagBag from /home/airflow/.local/lib/python3.12/site-packages/airflow/example_dags/example_branch_operator.py
[2024-08-23T08:26:00.898+0000] {processor.py:925} INFO - DAG(s) 'example_branch_operator' retrieved from /home/airflow/.local/lib/python3.12/site-packages/airflow/example_dags/example_branch_operator.py
[2024-08-23T08:26:00.926+0000] {logging_mixin.py:190} INFO - [2024-08-23T08:26:00.926+0000] {dag.py:3211} INFO - Sync 1 DAGs
[2024-08-23T08:26:00.949+0000] {logging_mixin.py:190} INFO - [2024-08-23T08:26:00.949+0000] {dag.py:4138} INFO - Setting next_dagrun for example_branch_operator to 2024-08-22 00:00:00+00:00, run_after=2024-08-23 00:00:00+00:00
[2024-08-23T08:26:00.972+0000] {processor.py:208} INFO - Processing /home/airflow/.local/lib/python3.12/site-packages/airflow/example_dags/example_branch_operator.py took 0.098 seconds
[2024-08-23T08:26:31.218+0000] {processor.py:186} INFO - Started process (PID=453) to work on /home/airflow/.local/lib/python3.12/site-packages/airflow/example_dags/example_branch_operator.py
[2024-08-23T08:26:31.219+0000] {processor.py:914} INFO - Processing file /home/airflow/.local/lib/python3.12/site-packages/airflow/example_dags/example_branch_operator.py for tasks to queue
[2024-08-23T08:26:31.226+0000] {logging_mixin.py:190} INFO - [2024-08-23T08:26:31.225+0000] {dagbag.py:587} INFO - Filling up the DagBag from /home/airflow/.local/lib/python3.12/site-packages/airflow/example_dags/example_branch_operator.py
[2024-08-23T08:26:31.250+0000] {processor.py:925} INFO - DAG(s) 'example_branch_operator' retrieved from /home/airflow/.local/lib/python3.12/site-packages/airflow/example_dags/example_branch_operator.py
[2024-08-23T08:26:31.285+0000] {logging_mixin.py:190} INFO - [2024-08-23T08:26:31.285+0000] {dag.py:3211} INFO - Sync 1 DAGs
[2024-08-23T08:26:31.310+0000] {logging_mixin.py:190} INFO - [2024-08-23T08:26:31.309+0000] {dag.py:4138} INFO - Setting next_dagrun for example_branch_operator to 2024-08-22 00:00:00+00:00, run_after=2024-08-23 00:00:00+00:00
[2024-08-23T08:26:31.333+0000] {processor.py:208} INFO - Processing /home/airflow/.local/lib/python3.12/site-packages/airflow/example_dags/example_branch_operator.py took 0.124 seconds
[2024-08-23T10:25:03.798+0000] {processor.py:186} INFO - Started process (PID=85) to work on /home/airflow/.local/lib/python3.12/site-packages/airflow/example_dags/example_branch_operator.py
[2024-08-23T10:25:03.800+0000] {processor.py:914} INFO - Processing file /home/airflow/.local/lib/python3.12/site-packages/airflow/example_dags/example_branch_operator.py for tasks to queue
[2024-08-23T10:25:03.804+0000] {logging_mixin.py:190} INFO - [2024-08-23T10:25:03.803+0000] {dagbag.py:587} INFO - Filling up the DagBag from /home/airflow/.local/lib/python3.12/site-packages/airflow/example_dags/example_branch_operator.py
[2024-08-23T10:25:03.830+0000] {processor.py:925} INFO - DAG(s) 'example_branch_operator' retrieved from /home/airflow/.local/lib/python3.12/site-packages/airflow/example_dags/example_branch_operator.py
[2024-08-23T10:25:03.980+0000] {logging_mixin.py:190} INFO - [2024-08-23T10:25:03.980+0000] {dag.py:3211} INFO - Sync 1 DAGs
[2024-08-23T10:25:04.014+0000] {logging_mixin.py:190} INFO - [2024-08-23T10:25:04.013+0000] {dag.py:4138} INFO - Setting next_dagrun for example_branch_operator to 2024-08-22 00:00:00+00:00, run_after=2024-08-23 00:00:00+00:00
[2024-08-23T10:25:04.039+0000] {processor.py:208} INFO - Processing /home/airflow/.local/lib/python3.12/site-packages/airflow/example_dags/example_branch_operator.py took 0.249 seconds
[2024-08-23T10:25:34.216+0000] {processor.py:186} INFO - Started process (PID=147) to work on /home/airflow/.local/lib/python3.12/site-packages/airflow/example_dags/example_branch_operator.py
[2024-08-23T10:25:34.217+0000] {processor.py:914} INFO - Processing file /home/airflow/.local/lib/python3.12/site-packages/airflow/example_dags/example_branch_operator.py for tasks to queue
[2024-08-23T10:25:34.219+0000] {logging_mixin.py:190} INFO - [2024-08-23T10:25:34.219+0000] {dagbag.py:587} INFO - Filling up the DagBag from /home/airflow/.local/lib/python3.12/site-packages/airflow/example_dags/example_branch_operator.py
[2024-08-23T10:25:34.237+0000] {processor.py:925} INFO - DAG(s) 'example_branch_operator' retrieved from /home/airflow/.local/lib/python3.12/site-packages/airflow/example_dags/example_branch_operator.py
[2024-08-23T10:25:34.270+0000] {logging_mixin.py:190} INFO - [2024-08-23T10:25:34.270+0000] {dag.py:3211} INFO - Sync 1 DAGs
[2024-08-23T10:25:34.296+0000] {logging_mixin.py:190} INFO - [2024-08-23T10:25:34.295+0000] {dag.py:4138} INFO - Setting next_dagrun for example_branch_operator to 2024-08-22 00:00:00+00:00, run_after=2024-08-23 00:00:00+00:00
[2024-08-23T10:25:34.319+0000] {processor.py:208} INFO - Processing /home/airflow/.local/lib/python3.12/site-packages/airflow/example_dags/example_branch_operator.py took 0.109 seconds
[2024-08-23T10:26:04.944+0000] {processor.py:186} INFO - Started process (PID=209) to work on /home/airflow/.local/lib/python3.12/site-packages/airflow/example_dags/example_branch_operator.py
[2024-08-23T10:26:04.945+0000] {processor.py:914} INFO - Processing file /home/airflow/.local/lib/python3.12/site-packages/airflow/example_dags/example_branch_operator.py for tasks to queue
[2024-08-23T10:26:04.947+0000] {logging_mixin.py:190} INFO - [2024-08-23T10:26:04.947+0000] {dagbag.py:587} INFO - Filling up the DagBag from /home/airflow/.local/lib/python3.12/site-packages/airflow/example_dags/example_branch_operator.py
[2024-08-23T10:26:04.963+0000] {processor.py:925} INFO - DAG(s) 'example_branch_operator' retrieved from /home/airflow/.local/lib/python3.12/site-packages/airflow/example_dags/example_branch_operator.py
[2024-08-23T10:26:04.989+0000] {logging_mixin.py:190} INFO - [2024-08-23T10:26:04.989+0000] {dag.py:3211} INFO - Sync 1 DAGs
[2024-08-23T10:26:05.010+0000] {logging_mixin.py:190} INFO - [2024-08-23T10:26:05.010+0000] {dag.py:4138} INFO - Setting next_dagrun for example_branch_operator to 2024-08-22 00:00:00+00:00, run_after=2024-08-23 00:00:00+00:00
[2024-08-23T10:26:05.031+0000] {processor.py:208} INFO - Processing /home/airflow/.local/lib/python3.12/site-packages/airflow/example_dags/example_branch_operator.py took 0.092 seconds
[2024-08-23T10:26:35.933+0000] {processor.py:186} INFO - Started process (PID=271) to work on /home/airflow/.local/lib/python3.12/site-packages/airflow/example_dags/example_branch_operator.py
[2024-08-23T10:26:35.934+0000] {processor.py:914} INFO - Processing file /home/airflow/.local/lib/python3.12/site-packages/airflow/example_dags/example_branch_operator.py for tasks to queue
[2024-08-23T10:26:35.936+0000] {logging_mixin.py:190} INFO - [2024-08-23T10:26:35.936+0000] {dagbag.py:587} INFO - Filling up the DagBag from /home/airflow/.local/lib/python3.12/site-packages/airflow/example_dags/example_branch_operator.py
[2024-08-23T10:26:35.954+0000] {processor.py:925} INFO - DAG(s) 'example_branch_operator' retrieved from /home/airflow/.local/lib/python3.12/site-packages/airflow/example_dags/example_branch_operator.py
[2024-08-23T10:26:35.985+0000] {logging_mixin.py:190} INFO - [2024-08-23T10:26:35.985+0000] {dag.py:3211} INFO - Sync 1 DAGs
[2024-08-23T10:26:36.011+0000] {logging_mixin.py:190} INFO - [2024-08-23T10:26:36.011+0000] {dag.py:4138} INFO - Setting next_dagrun for example_branch_operator to 2024-08-22 00:00:00+00:00, run_after=2024-08-23 00:00:00+00:00
[2024-08-23T10:26:36.034+0000] {processor.py:208} INFO - Processing /home/airflow/.local/lib/python3.12/site-packages/airflow/example_dags/example_branch_operator.py took 0.106 seconds
[2024-08-23T10:27:07.623+0000] {processor.py:186} INFO - Started process (PID=333) to work on /home/airflow/.local/lib/python3.12/site-packages/airflow/example_dags/example_branch_operator.py
[2024-08-23T10:27:07.626+0000] {processor.py:914} INFO - Processing file /home/airflow/.local/lib/python3.12/site-packages/airflow/example_dags/example_branch_operator.py for tasks to queue
[2024-08-23T10:27:07.634+0000] {logging_mixin.py:190} INFO - [2024-08-23T10:27:07.633+0000] {dagbag.py:587} INFO - Filling up the DagBag from /home/airflow/.local/lib/python3.12/site-packages/airflow/example_dags/example_branch_operator.py
[2024-08-23T10:27:07.701+0000] {processor.py:925} INFO - DAG(s) 'example_branch_operator' retrieved from /home/airflow/.local/lib/python3.12/site-packages/airflow/example_dags/example_branch_operator.py
[2024-08-23T10:27:07.796+0000] {logging_mixin.py:190} INFO - [2024-08-23T10:27:07.794+0000] {dag.py:3211} INFO - Sync 1 DAGs
[2024-08-23T10:27:07.889+0000] {logging_mixin.py:190} INFO - [2024-08-23T10:27:07.888+0000] {dag.py:4138} INFO - Setting next_dagrun for example_branch_operator to 2024-08-22 00:00:00+00:00, run_after=2024-08-23 00:00:00+00:00
[2024-08-23T10:27:07.941+0000] {processor.py:208} INFO - Processing /home/airflow/.local/lib/python3.12/site-packages/airflow/example_dags/example_branch_operator.py took 0.340 seconds
[2024-08-23T10:27:38.029+0000] {processor.py:186} INFO - Started process (PID=395) to work on /home/airflow/.local/lib/python3.12/site-packages/airflow/example_dags/example_branch_operator.py
[2024-08-23T10:27:38.031+0000] {processor.py:914} INFO - Processing file /home/airflow/.local/lib/python3.12/site-packages/airflow/example_dags/example_branch_operator.py for tasks to queue
[2024-08-23T10:27:38.036+0000] {logging_mixin.py:190} INFO - [2024-08-23T10:27:38.036+0000] {dagbag.py:587} INFO - Filling up the DagBag from /home/airflow/.local/lib/python3.12/site-packages/airflow/example_dags/example_branch_operator.py
[2024-08-23T10:27:38.072+0000] {processor.py:925} INFO - DAG(s) 'example_branch_operator' retrieved from /home/airflow/.local/lib/python3.12/site-packages/airflow/example_dags/example_branch_operator.py
[2024-08-23T10:27:38.126+0000] {logging_mixin.py:190} INFO - [2024-08-23T10:27:38.126+0000] {dag.py:3211} INFO - Sync 1 DAGs
[2024-08-23T10:27:38.173+0000] {logging_mixin.py:190} INFO - [2024-08-23T10:27:38.172+0000] {dag.py:4138} INFO - Setting next_dagrun for example_branch_operator to 2024-08-22 00:00:00+00:00, run_after=2024-08-23 00:00:00+00:00
[2024-08-23T10:27:38.203+0000] {processor.py:208} INFO - Processing /home/airflow/.local/lib/python3.12/site-packages/airflow/example_dags/example_branch_operator.py took 0.185 seconds
[2024-08-23T10:28:08.577+0000] {processor.py:186} INFO - Started process (PID=457) to work on /home/airflow/.local/lib/python3.12/site-packages/airflow/example_dags/example_branch_operator.py
[2024-08-23T10:28:08.579+0000] {processor.py:914} INFO - Processing file /home/airflow/.local/lib/python3.12/site-packages/airflow/example_dags/example_branch_operator.py for tasks to queue
[2024-08-23T10:28:08.583+0000] {logging_mixin.py:190} INFO - [2024-08-23T10:28:08.582+0000] {dagbag.py:587} INFO - Filling up the DagBag from /home/airflow/.local/lib/python3.12/site-packages/airflow/example_dags/example_branch_operator.py
[2024-08-23T10:28:08.611+0000] {processor.py:925} INFO - DAG(s) 'example_branch_operator' retrieved from /home/airflow/.local/lib/python3.12/site-packages/airflow/example_dags/example_branch_operator.py
[2024-08-23T10:28:08.654+0000] {logging_mixin.py:190} INFO - [2024-08-23T10:28:08.654+0000] {dag.py:3211} INFO - Sync 1 DAGs
[2024-08-23T10:28:08.691+0000] {logging_mixin.py:190} INFO - [2024-08-23T10:28:08.691+0000] {dag.py:4138} INFO - Setting next_dagrun for example_branch_operator to 2024-08-22 00:00:00+00:00, run_after=2024-08-23 00:00:00+00:00
[2024-08-23T10:28:08.719+0000] {processor.py:208} INFO - Processing /home/airflow/.local/lib/python3.12/site-packages/airflow/example_dags/example_branch_operator.py took 0.152 seconds
