[2024-08-23T06:38:31.380+0000] {processor.py:186} INFO - Started process (PID=83) to work on /home/airflow/.local/lib/python3.12/site-packages/airflow/example_dags/example_branch_labels.py
[2024-08-23T06:38:31.382+0000] {processor.py:914} INFO - Processing file /home/airflow/.local/lib/python3.12/site-packages/airflow/example_dags/example_branch_labels.py for tasks to queue
[2024-08-23T06:38:31.384+0000] {logging_mixin.py:190} INFO - [2024-08-23T06:38:31.384+0000] {dagbag.py:587} INFO - Filling up the DagBag from /home/airflow/.local/lib/python3.12/site-packages/airflow/example_dags/example_branch_labels.py
[2024-08-23T06:38:31.397+0000] {processor.py:925} INFO - DAG(s) 'example_branch_labels' retrieved from /home/airflow/.local/lib/python3.12/site-packages/airflow/example_dags/example_branch_labels.py
[2024-08-23T06:38:31.500+0000] {logging_mixin.py:190} INFO - [2024-08-23T06:38:31.500+0000] {override.py:1858} INFO - Created Permission View: can edit on DAG:example_branch_labels
[2024-08-23T06:38:31.509+0000] {logging_mixin.py:190} INFO - [2024-08-23T06:38:31.509+0000] {override.py:1858} INFO - Created Permission View: can delete on DAG:example_branch_labels
[2024-08-23T06:38:31.516+0000] {logging_mixin.py:190} INFO - [2024-08-23T06:38:31.516+0000] {override.py:1858} INFO - Created Permission View: can read on DAG:example_branch_labels
[2024-08-23T06:38:31.517+0000] {logging_mixin.py:190} INFO - [2024-08-23T06:38:31.516+0000] {dag.py:3211} INFO - Sync 1 DAGs
[2024-08-23T06:38:31.527+0000] {logging_mixin.py:190} INFO - [2024-08-23T06:38:31.527+0000] {dag.py:3234} INFO - Creating ORM DAG for example_branch_labels
[2024-08-23T06:38:31.539+0000] {logging_mixin.py:190} INFO - [2024-08-23T06:38:31.539+0000] {dag.py:4138} INFO - Setting next_dagrun for example_branch_labels to 2024-08-22 00:00:00+00:00, run_after=2024-08-23 00:00:00+00:00
[2024-08-23T06:38:31.551+0000] {processor.py:208} INFO - Processing /home/airflow/.local/lib/python3.12/site-packages/airflow/example_dags/example_branch_labels.py took 0.177 seconds
[2024-08-23T06:39:01.780+0000] {processor.py:186} INFO - Started process (PID=145) to work on /home/airflow/.local/lib/python3.12/site-packages/airflow/example_dags/example_branch_labels.py
[2024-08-23T06:39:01.782+0000] {processor.py:914} INFO - Processing file /home/airflow/.local/lib/python3.12/site-packages/airflow/example_dags/example_branch_labels.py for tasks to queue
[2024-08-23T06:39:01.786+0000] {logging_mixin.py:190} INFO - [2024-08-23T06:39:01.785+0000] {dagbag.py:587} INFO - Filling up the DagBag from /home/airflow/.local/lib/python3.12/site-packages/airflow/example_dags/example_branch_labels.py
[2024-08-23T06:39:01.800+0000] {processor.py:925} INFO - DAG(s) 'example_branch_labels' retrieved from /home/airflow/.local/lib/python3.12/site-packages/airflow/example_dags/example_branch_labels.py
[2024-08-23T06:39:01.829+0000] {logging_mixin.py:190} INFO - [2024-08-23T06:39:01.829+0000] {dag.py:3211} INFO - Sync 1 DAGs
[2024-08-23T06:39:01.867+0000] {logging_mixin.py:190} INFO - [2024-08-23T06:39:01.867+0000] {dag.py:4138} INFO - Setting next_dagrun for example_branch_labels to 2024-08-22 00:00:00+00:00, run_after=2024-08-23 00:00:00+00:00
[2024-08-23T06:39:01.895+0000] {processor.py:208} INFO - Processing /home/airflow/.local/lib/python3.12/site-packages/airflow/example_dags/example_branch_labels.py took 0.123 seconds
[2024-08-23T06:39:32.516+0000] {processor.py:186} INFO - Started process (PID=207) to work on /home/airflow/.local/lib/python3.12/site-packages/airflow/example_dags/example_branch_labels.py
[2024-08-23T06:39:32.518+0000] {processor.py:914} INFO - Processing file /home/airflow/.local/lib/python3.12/site-packages/airflow/example_dags/example_branch_labels.py for tasks to queue
[2024-08-23T06:39:32.523+0000] {logging_mixin.py:190} INFO - [2024-08-23T06:39:32.522+0000] {dagbag.py:587} INFO - Filling up the DagBag from /home/airflow/.local/lib/python3.12/site-packages/airflow/example_dags/example_branch_labels.py
[2024-08-23T06:39:32.540+0000] {processor.py:925} INFO - DAG(s) 'example_branch_labels' retrieved from /home/airflow/.local/lib/python3.12/site-packages/airflow/example_dags/example_branch_labels.py
[2024-08-23T06:39:32.592+0000] {logging_mixin.py:190} INFO - [2024-08-23T06:39:32.592+0000] {dag.py:3211} INFO - Sync 1 DAGs
[2024-08-23T06:39:32.659+0000] {logging_mixin.py:190} INFO - [2024-08-23T06:39:32.659+0000] {dag.py:4138} INFO - Setting next_dagrun for example_branch_labels to 2024-08-22 00:00:00+00:00, run_after=2024-08-23 00:00:00+00:00
[2024-08-23T06:39:32.710+0000] {processor.py:208} INFO - Processing /home/airflow/.local/lib/python3.12/site-packages/airflow/example_dags/example_branch_labels.py took 0.205 seconds
[2024-08-23T06:40:03.019+0000] {processor.py:186} INFO - Started process (PID=269) to work on /home/airflow/.local/lib/python3.12/site-packages/airflow/example_dags/example_branch_labels.py
[2024-08-23T06:40:03.020+0000] {processor.py:914} INFO - Processing file /home/airflow/.local/lib/python3.12/site-packages/airflow/example_dags/example_branch_labels.py for tasks to queue
[2024-08-23T06:40:03.024+0000] {logging_mixin.py:190} INFO - [2024-08-23T06:40:03.023+0000] {dagbag.py:587} INFO - Filling up the DagBag from /home/airflow/.local/lib/python3.12/site-packages/airflow/example_dags/example_branch_labels.py
[2024-08-23T06:40:03.043+0000] {processor.py:925} INFO - DAG(s) 'example_branch_labels' retrieved from /home/airflow/.local/lib/python3.12/site-packages/airflow/example_dags/example_branch_labels.py
[2024-08-23T06:40:03.078+0000] {logging_mixin.py:190} INFO - [2024-08-23T06:40:03.078+0000] {dag.py:3211} INFO - Sync 1 DAGs
[2024-08-23T06:40:03.119+0000] {logging_mixin.py:190} INFO - [2024-08-23T06:40:03.119+0000] {dag.py:4138} INFO - Setting next_dagrun for example_branch_labels to 2024-08-22 00:00:00+00:00, run_after=2024-08-23 00:00:00+00:00
[2024-08-23T06:40:03.149+0000] {processor.py:208} INFO - Processing /home/airflow/.local/lib/python3.12/site-packages/airflow/example_dags/example_branch_labels.py took 0.139 seconds
[2024-08-23T06:40:34.273+0000] {processor.py:186} INFO - Started process (PID=331) to work on /home/airflow/.local/lib/python3.12/site-packages/airflow/example_dags/example_branch_labels.py
[2024-08-23T06:40:34.275+0000] {processor.py:914} INFO - Processing file /home/airflow/.local/lib/python3.12/site-packages/airflow/example_dags/example_branch_labels.py for tasks to queue
[2024-08-23T06:40:34.279+0000] {logging_mixin.py:190} INFO - [2024-08-23T06:40:34.278+0000] {dagbag.py:587} INFO - Filling up the DagBag from /home/airflow/.local/lib/python3.12/site-packages/airflow/example_dags/example_branch_labels.py
[2024-08-23T06:40:34.300+0000] {processor.py:925} INFO - DAG(s) 'example_branch_labels' retrieved from /home/airflow/.local/lib/python3.12/site-packages/airflow/example_dags/example_branch_labels.py
[2024-08-23T06:40:34.346+0000] {logging_mixin.py:190} INFO - [2024-08-23T06:40:34.345+0000] {dag.py:3211} INFO - Sync 1 DAGs
[2024-08-23T06:40:34.404+0000] {logging_mixin.py:190} INFO - [2024-08-23T06:40:34.404+0000] {dag.py:4138} INFO - Setting next_dagrun for example_branch_labels to 2024-08-22 00:00:00+00:00, run_after=2024-08-23 00:00:00+00:00
[2024-08-23T06:40:34.440+0000] {processor.py:208} INFO - Processing /home/airflow/.local/lib/python3.12/site-packages/airflow/example_dags/example_branch_labels.py took 0.180 seconds
[2024-08-23T06:41:04.617+0000] {processor.py:186} INFO - Started process (PID=393) to work on /home/airflow/.local/lib/python3.12/site-packages/airflow/example_dags/example_branch_labels.py
[2024-08-23T06:41:04.618+0000] {processor.py:914} INFO - Processing file /home/airflow/.local/lib/python3.12/site-packages/airflow/example_dags/example_branch_labels.py for tasks to queue
[2024-08-23T06:41:04.620+0000] {logging_mixin.py:190} INFO - [2024-08-23T06:41:04.620+0000] {dagbag.py:587} INFO - Filling up the DagBag from /home/airflow/.local/lib/python3.12/site-packages/airflow/example_dags/example_branch_labels.py
[2024-08-23T06:41:04.631+0000] {processor.py:925} INFO - DAG(s) 'example_branch_labels' retrieved from /home/airflow/.local/lib/python3.12/site-packages/airflow/example_dags/example_branch_labels.py
[2024-08-23T06:41:04.652+0000] {logging_mixin.py:190} INFO - [2024-08-23T06:41:04.651+0000] {dag.py:3211} INFO - Sync 1 DAGs
[2024-08-23T06:41:04.698+0000] {logging_mixin.py:190} INFO - [2024-08-23T06:41:04.698+0000] {dag.py:4138} INFO - Setting next_dagrun for example_branch_labels to 2024-08-22 00:00:00+00:00, run_after=2024-08-23 00:00:00+00:00
[2024-08-23T06:41:04.719+0000] {processor.py:208} INFO - Processing /home/airflow/.local/lib/python3.12/site-packages/airflow/example_dags/example_branch_labels.py took 0.107 seconds
[2024-08-23T06:41:34.994+0000] {processor.py:186} INFO - Started process (PID=455) to work on /home/airflow/.local/lib/python3.12/site-packages/airflow/example_dags/example_branch_labels.py
[2024-08-23T06:41:34.997+0000] {processor.py:914} INFO - Processing file /home/airflow/.local/lib/python3.12/site-packages/airflow/example_dags/example_branch_labels.py for tasks to queue
[2024-08-23T06:41:35.000+0000] {logging_mixin.py:190} INFO - [2024-08-23T06:41:35.000+0000] {dagbag.py:587} INFO - Filling up the DagBag from /home/airflow/.local/lib/python3.12/site-packages/airflow/example_dags/example_branch_labels.py
[2024-08-23T06:41:35.008+0000] {processor.py:925} INFO - DAG(s) 'example_branch_labels' retrieved from /home/airflow/.local/lib/python3.12/site-packages/airflow/example_dags/example_branch_labels.py
[2024-08-23T06:41:35.032+0000] {logging_mixin.py:190} INFO - [2024-08-23T06:41:35.032+0000] {dag.py:3211} INFO - Sync 1 DAGs
[2024-08-23T06:41:35.057+0000] {logging_mixin.py:190} INFO - [2024-08-23T06:41:35.057+0000] {dag.py:4138} INFO - Setting next_dagrun for example_branch_labels to 2024-08-22 00:00:00+00:00, run_after=2024-08-23 00:00:00+00:00
[2024-08-23T06:41:35.076+0000] {processor.py:208} INFO - Processing /home/airflow/.local/lib/python3.12/site-packages/airflow/example_dags/example_branch_labels.py took 0.088 seconds
[2024-08-23T06:42:06.235+0000] {processor.py:186} INFO - Started process (PID=517) to work on /home/airflow/.local/lib/python3.12/site-packages/airflow/example_dags/example_branch_labels.py
[2024-08-23T06:42:06.237+0000] {processor.py:914} INFO - Processing file /home/airflow/.local/lib/python3.12/site-packages/airflow/example_dags/example_branch_labels.py for tasks to queue
[2024-08-23T06:42:06.243+0000] {logging_mixin.py:190} INFO - [2024-08-23T06:42:06.242+0000] {dagbag.py:587} INFO - Filling up the DagBag from /home/airflow/.local/lib/python3.12/site-packages/airflow/example_dags/example_branch_labels.py
[2024-08-23T06:42:06.253+0000] {processor.py:925} INFO - DAG(s) 'example_branch_labels' retrieved from /home/airflow/.local/lib/python3.12/site-packages/airflow/example_dags/example_branch_labels.py
[2024-08-23T06:42:06.282+0000] {logging_mixin.py:190} INFO - [2024-08-23T06:42:06.282+0000] {dag.py:3211} INFO - Sync 1 DAGs
[2024-08-23T06:42:06.319+0000] {logging_mixin.py:190} INFO - [2024-08-23T06:42:06.318+0000] {dag.py:4138} INFO - Setting next_dagrun for example_branch_labels to 2024-08-22 00:00:00+00:00, run_after=2024-08-23 00:00:00+00:00
[2024-08-23T06:42:06.346+0000] {processor.py:208} INFO - Processing /home/airflow/.local/lib/python3.12/site-packages/airflow/example_dags/example_branch_labels.py took 0.121 seconds
[2024-08-23T07:54:10.893+0000] {processor.py:186} INFO - Started process (PID=86) to work on /home/airflow/.local/lib/python3.12/site-packages/airflow/example_dags/example_branch_labels.py
[2024-08-23T07:54:10.895+0000] {processor.py:914} INFO - Processing file /home/airflow/.local/lib/python3.12/site-packages/airflow/example_dags/example_branch_labels.py for tasks to queue
[2024-08-23T07:54:10.900+0000] {logging_mixin.py:190} INFO - [2024-08-23T07:54:10.899+0000] {dagbag.py:587} INFO - Filling up the DagBag from /home/airflow/.local/lib/python3.12/site-packages/airflow/example_dags/example_branch_labels.py
[2024-08-23T07:54:10.918+0000] {processor.py:925} INFO - DAG(s) 'example_branch_labels' retrieved from /home/airflow/.local/lib/python3.12/site-packages/airflow/example_dags/example_branch_labels.py
[2024-08-23T07:54:10.969+0000] {logging_mixin.py:190} INFO - [2024-08-23T07:54:10.968+0000] {dag.py:3211} INFO - Sync 1 DAGs
[2024-08-23T07:54:11.027+0000] {logging_mixin.py:190} INFO - [2024-08-23T07:54:11.026+0000] {dag.py:4138} INFO - Setting next_dagrun for example_branch_labels to 2024-08-22 00:00:00+00:00, run_after=2024-08-23 00:00:00+00:00
[2024-08-23T07:54:11.068+0000] {processor.py:208} INFO - Processing /home/airflow/.local/lib/python3.12/site-packages/airflow/example_dags/example_branch_labels.py took 0.187 seconds
[2024-08-23T07:54:41.280+0000] {processor.py:186} INFO - Started process (PID=148) to work on /home/airflow/.local/lib/python3.12/site-packages/airflow/example_dags/example_branch_labels.py
[2024-08-23T07:54:41.283+0000] {processor.py:914} INFO - Processing file /home/airflow/.local/lib/python3.12/site-packages/airflow/example_dags/example_branch_labels.py for tasks to queue
[2024-08-23T07:54:41.288+0000] {logging_mixin.py:190} INFO - [2024-08-23T07:54:41.287+0000] {dagbag.py:587} INFO - Filling up the DagBag from /home/airflow/.local/lib/python3.12/site-packages/airflow/example_dags/example_branch_labels.py
[2024-08-23T07:54:41.312+0000] {processor.py:925} INFO - DAG(s) 'example_branch_labels' retrieved from /home/airflow/.local/lib/python3.12/site-packages/airflow/example_dags/example_branch_labels.py
[2024-08-23T07:54:41.370+0000] {logging_mixin.py:190} INFO - [2024-08-23T07:54:41.369+0000] {dag.py:3211} INFO - Sync 1 DAGs
[2024-08-23T07:54:41.441+0000] {logging_mixin.py:190} INFO - [2024-08-23T07:54:41.440+0000] {dag.py:4138} INFO - Setting next_dagrun for example_branch_labels to 2024-08-22 00:00:00+00:00, run_after=2024-08-23 00:00:00+00:00
[2024-08-23T07:54:41.482+0000] {processor.py:208} INFO - Processing /home/airflow/.local/lib/python3.12/site-packages/airflow/example_dags/example_branch_labels.py took 0.216 seconds
[2024-08-23T07:55:11.681+0000] {processor.py:186} INFO - Started process (PID=210) to work on /home/airflow/.local/lib/python3.12/site-packages/airflow/example_dags/example_branch_labels.py
[2024-08-23T07:55:11.683+0000] {processor.py:914} INFO - Processing file /home/airflow/.local/lib/python3.12/site-packages/airflow/example_dags/example_branch_labels.py for tasks to queue
[2024-08-23T07:55:11.686+0000] {logging_mixin.py:190} INFO - [2024-08-23T07:55:11.685+0000] {dagbag.py:587} INFO - Filling up the DagBag from /home/airflow/.local/lib/python3.12/site-packages/airflow/example_dags/example_branch_labels.py
[2024-08-23T07:55:11.697+0000] {processor.py:925} INFO - DAG(s) 'example_branch_labels' retrieved from /home/airflow/.local/lib/python3.12/site-packages/airflow/example_dags/example_branch_labels.py
[2024-08-23T07:55:11.721+0000] {logging_mixin.py:190} INFO - [2024-08-23T07:55:11.721+0000] {dag.py:3211} INFO - Sync 1 DAGs
[2024-08-23T07:55:11.744+0000] {logging_mixin.py:190} INFO - [2024-08-23T07:55:11.743+0000] {dag.py:4138} INFO - Setting next_dagrun for example_branch_labels to 2024-08-22 00:00:00+00:00, run_after=2024-08-23 00:00:00+00:00
[2024-08-23T07:55:11.761+0000] {processor.py:208} INFO - Processing /home/airflow/.local/lib/python3.12/site-packages/airflow/example_dags/example_branch_labels.py took 0.086 seconds
[2024-08-23T08:20:32.905+0000] {processor.py:186} INFO - Started process (PID=81) to work on /home/airflow/.local/lib/python3.12/site-packages/airflow/example_dags/example_branch_labels.py
[2024-08-23T08:20:32.906+0000] {processor.py:914} INFO - Processing file /home/airflow/.local/lib/python3.12/site-packages/airflow/example_dags/example_branch_labels.py for tasks to queue
[2024-08-23T08:20:32.909+0000] {logging_mixin.py:190} INFO - [2024-08-23T08:20:32.908+0000] {dagbag.py:587} INFO - Filling up the DagBag from /home/airflow/.local/lib/python3.12/site-packages/airflow/example_dags/example_branch_labels.py
[2024-08-23T08:20:32.919+0000] {processor.py:925} INFO - DAG(s) 'example_branch_labels' retrieved from /home/airflow/.local/lib/python3.12/site-packages/airflow/example_dags/example_branch_labels.py
[2024-08-23T08:20:32.942+0000] {logging_mixin.py:190} INFO - [2024-08-23T08:20:32.942+0000] {dag.py:3211} INFO - Sync 1 DAGs
[2024-08-23T08:20:32.967+0000] {logging_mixin.py:190} INFO - [2024-08-23T08:20:32.966+0000] {dag.py:4138} INFO - Setting next_dagrun for example_branch_labels to 2024-08-22 00:00:00+00:00, run_after=2024-08-23 00:00:00+00:00
[2024-08-23T08:20:32.990+0000] {processor.py:208} INFO - Processing /home/airflow/.local/lib/python3.12/site-packages/airflow/example_dags/example_branch_labels.py took 0.091 seconds
[2024-08-23T08:23:27.124+0000] {processor.py:186} INFO - Started process (PID=78) to work on /home/airflow/.local/lib/python3.12/site-packages/airflow/example_dags/example_branch_labels.py
[2024-08-23T08:23:27.125+0000] {processor.py:914} INFO - Processing file /home/airflow/.local/lib/python3.12/site-packages/airflow/example_dags/example_branch_labels.py for tasks to queue
[2024-08-23T08:23:27.128+0000] {logging_mixin.py:190} INFO - [2024-08-23T08:23:27.127+0000] {dagbag.py:587} INFO - Filling up the DagBag from /home/airflow/.local/lib/python3.12/site-packages/airflow/example_dags/example_branch_labels.py
[2024-08-23T08:23:27.137+0000] {processor.py:925} INFO - DAG(s) 'example_branch_labels' retrieved from /home/airflow/.local/lib/python3.12/site-packages/airflow/example_dags/example_branch_labels.py
[2024-08-23T08:23:27.163+0000] {logging_mixin.py:190} INFO - [2024-08-23T08:23:27.162+0000] {dag.py:3211} INFO - Sync 1 DAGs
[2024-08-23T08:23:27.187+0000] {logging_mixin.py:190} INFO - [2024-08-23T08:23:27.186+0000] {dag.py:4138} INFO - Setting next_dagrun for example_branch_labels to 2024-08-22 00:00:00+00:00, run_after=2024-08-23 00:00:00+00:00
[2024-08-23T08:23:27.208+0000] {processor.py:208} INFO - Processing /home/airflow/.local/lib/python3.12/site-packages/airflow/example_dags/example_branch_labels.py took 0.090 seconds
[2024-08-23T08:23:58.287+0000] {processor.py:186} INFO - Started process (PID=141) to work on /home/airflow/.local/lib/python3.12/site-packages/airflow/example_dags/example_branch_labels.py
[2024-08-23T08:23:58.288+0000] {processor.py:914} INFO - Processing file /home/airflow/.local/lib/python3.12/site-packages/airflow/example_dags/example_branch_labels.py for tasks to queue
[2024-08-23T08:23:58.290+0000] {logging_mixin.py:190} INFO - [2024-08-23T08:23:58.290+0000] {dagbag.py:587} INFO - Filling up the DagBag from /home/airflow/.local/lib/python3.12/site-packages/airflow/example_dags/example_branch_labels.py
[2024-08-23T08:23:58.299+0000] {processor.py:925} INFO - DAG(s) 'example_branch_labels' retrieved from /home/airflow/.local/lib/python3.12/site-packages/airflow/example_dags/example_branch_labels.py
[2024-08-23T08:23:58.318+0000] {logging_mixin.py:190} INFO - [2024-08-23T08:23:58.317+0000] {dag.py:3211} INFO - Sync 1 DAGs
[2024-08-23T08:23:58.339+0000] {logging_mixin.py:190} INFO - [2024-08-23T08:23:58.339+0000] {dag.py:4138} INFO - Setting next_dagrun for example_branch_labels to 2024-08-22 00:00:00+00:00, run_after=2024-08-23 00:00:00+00:00
[2024-08-23T08:23:58.364+0000] {processor.py:208} INFO - Processing /home/airflow/.local/lib/python3.12/site-packages/airflow/example_dags/example_branch_labels.py took 0.082 seconds
[2024-08-23T08:24:28.753+0000] {processor.py:186} INFO - Started process (PID=203) to work on /home/airflow/.local/lib/python3.12/site-packages/airflow/example_dags/example_branch_labels.py
[2024-08-23T08:24:28.754+0000] {processor.py:914} INFO - Processing file /home/airflow/.local/lib/python3.12/site-packages/airflow/example_dags/example_branch_labels.py for tasks to queue
[2024-08-23T08:24:28.756+0000] {logging_mixin.py:190} INFO - [2024-08-23T08:24:28.756+0000] {dagbag.py:587} INFO - Filling up the DagBag from /home/airflow/.local/lib/python3.12/site-packages/airflow/example_dags/example_branch_labels.py
[2024-08-23T08:24:28.764+0000] {processor.py:925} INFO - DAG(s) 'example_branch_labels' retrieved from /home/airflow/.local/lib/python3.12/site-packages/airflow/example_dags/example_branch_labels.py
[2024-08-23T08:24:28.780+0000] {logging_mixin.py:190} INFO - [2024-08-23T08:24:28.779+0000] {dag.py:3211} INFO - Sync 1 DAGs
[2024-08-23T08:24:28.798+0000] {logging_mixin.py:190} INFO - [2024-08-23T08:24:28.797+0000] {dag.py:4138} INFO - Setting next_dagrun for example_branch_labels to 2024-08-22 00:00:00+00:00, run_after=2024-08-23 00:00:00+00:00
[2024-08-23T08:24:28.818+0000] {processor.py:208} INFO - Processing /home/airflow/.local/lib/python3.12/site-packages/airflow/example_dags/example_branch_labels.py took 0.070 seconds
[2024-08-23T08:24:59.560+0000] {processor.py:186} INFO - Started process (PID=265) to work on /home/airflow/.local/lib/python3.12/site-packages/airflow/example_dags/example_branch_labels.py
[2024-08-23T08:24:59.562+0000] {processor.py:914} INFO - Processing file /home/airflow/.local/lib/python3.12/site-packages/airflow/example_dags/example_branch_labels.py for tasks to queue
[2024-08-23T08:24:59.568+0000] {logging_mixin.py:190} INFO - [2024-08-23T08:24:59.567+0000] {dagbag.py:587} INFO - Filling up the DagBag from /home/airflow/.local/lib/python3.12/site-packages/airflow/example_dags/example_branch_labels.py
[2024-08-23T08:24:59.589+0000] {processor.py:925} INFO - DAG(s) 'example_branch_labels' retrieved from /home/airflow/.local/lib/python3.12/site-packages/airflow/example_dags/example_branch_labels.py
[2024-08-23T08:24:59.633+0000] {logging_mixin.py:190} INFO - [2024-08-23T08:24:59.632+0000] {dag.py:3211} INFO - Sync 1 DAGs
[2024-08-23T08:24:59.689+0000] {logging_mixin.py:190} INFO - [2024-08-23T08:24:59.688+0000] {dag.py:4138} INFO - Setting next_dagrun for example_branch_labels to 2024-08-22 00:00:00+00:00, run_after=2024-08-23 00:00:00+00:00
[2024-08-23T08:24:59.722+0000] {processor.py:208} INFO - Processing /home/airflow/.local/lib/python3.12/site-packages/airflow/example_dags/example_branch_labels.py took 0.176 seconds
[2024-08-23T08:25:29.972+0000] {processor.py:186} INFO - Started process (PID=327) to work on /home/airflow/.local/lib/python3.12/site-packages/airflow/example_dags/example_branch_labels.py
[2024-08-23T08:25:29.974+0000] {processor.py:914} INFO - Processing file /home/airflow/.local/lib/python3.12/site-packages/airflow/example_dags/example_branch_labels.py for tasks to queue
[2024-08-23T08:25:29.978+0000] {logging_mixin.py:190} INFO - [2024-08-23T08:25:29.977+0000] {dagbag.py:587} INFO - Filling up the DagBag from /home/airflow/.local/lib/python3.12/site-packages/airflow/example_dags/example_branch_labels.py
[2024-08-23T08:25:29.993+0000] {processor.py:925} INFO - DAG(s) 'example_branch_labels' retrieved from /home/airflow/.local/lib/python3.12/site-packages/airflow/example_dags/example_branch_labels.py
[2024-08-23T08:25:30.027+0000] {logging_mixin.py:190} INFO - [2024-08-23T08:25:30.026+0000] {dag.py:3211} INFO - Sync 1 DAGs
[2024-08-23T08:25:30.063+0000] {logging_mixin.py:190} INFO - [2024-08-23T08:25:30.063+0000] {dag.py:4138} INFO - Setting next_dagrun for example_branch_labels to 2024-08-22 00:00:00+00:00, run_after=2024-08-23 00:00:00+00:00
[2024-08-23T08:25:30.096+0000] {processor.py:208} INFO - Processing /home/airflow/.local/lib/python3.12/site-packages/airflow/example_dags/example_branch_labels.py took 0.133 seconds
[2024-08-23T08:26:00.775+0000] {processor.py:186} INFO - Started process (PID=389) to work on /home/airflow/.local/lib/python3.12/site-packages/airflow/example_dags/example_branch_labels.py
[2024-08-23T08:26:00.776+0000] {processor.py:914} INFO - Processing file /home/airflow/.local/lib/python3.12/site-packages/airflow/example_dags/example_branch_labels.py for tasks to queue
[2024-08-23T08:26:00.779+0000] {logging_mixin.py:190} INFO - [2024-08-23T08:26:00.778+0000] {dagbag.py:587} INFO - Filling up the DagBag from /home/airflow/.local/lib/python3.12/site-packages/airflow/example_dags/example_branch_labels.py
[2024-08-23T08:26:00.787+0000] {processor.py:925} INFO - DAG(s) 'example_branch_labels' retrieved from /home/airflow/.local/lib/python3.12/site-packages/airflow/example_dags/example_branch_labels.py
[2024-08-23T08:26:00.808+0000] {logging_mixin.py:190} INFO - [2024-08-23T08:26:00.807+0000] {dag.py:3211} INFO - Sync 1 DAGs
[2024-08-23T08:26:00.830+0000] {logging_mixin.py:190} INFO - [2024-08-23T08:26:00.830+0000] {dag.py:4138} INFO - Setting next_dagrun for example_branch_labels to 2024-08-22 00:00:00+00:00, run_after=2024-08-23 00:00:00+00:00
[2024-08-23T08:26:00.849+0000] {processor.py:208} INFO - Processing /home/airflow/.local/lib/python3.12/site-packages/airflow/example_dags/example_branch_labels.py took 0.079 seconds
[2024-08-23T08:26:31.083+0000] {processor.py:186} INFO - Started process (PID=451) to work on /home/airflow/.local/lib/python3.12/site-packages/airflow/example_dags/example_branch_labels.py
[2024-08-23T08:26:31.084+0000] {processor.py:914} INFO - Processing file /home/airflow/.local/lib/python3.12/site-packages/airflow/example_dags/example_branch_labels.py for tasks to queue
[2024-08-23T08:26:31.087+0000] {logging_mixin.py:190} INFO - [2024-08-23T08:26:31.087+0000] {dagbag.py:587} INFO - Filling up the DagBag from /home/airflow/.local/lib/python3.12/site-packages/airflow/example_dags/example_branch_labels.py
[2024-08-23T08:26:31.096+0000] {processor.py:925} INFO - DAG(s) 'example_branch_labels' retrieved from /home/airflow/.local/lib/python3.12/site-packages/airflow/example_dags/example_branch_labels.py
[2024-08-23T08:26:31.118+0000] {logging_mixin.py:190} INFO - [2024-08-23T08:26:31.118+0000] {dag.py:3211} INFO - Sync 1 DAGs
[2024-08-23T08:26:31.147+0000] {logging_mixin.py:190} INFO - [2024-08-23T08:26:31.147+0000] {dag.py:4138} INFO - Setting next_dagrun for example_branch_labels to 2024-08-22 00:00:00+00:00, run_after=2024-08-23 00:00:00+00:00
[2024-08-23T08:26:31.178+0000] {processor.py:208} INFO - Processing /home/airflow/.local/lib/python3.12/site-packages/airflow/example_dags/example_branch_labels.py took 0.101 seconds
[2024-08-23T10:25:03.502+0000] {processor.py:186} INFO - Started process (PID=83) to work on /home/airflow/.local/lib/python3.12/site-packages/airflow/example_dags/example_branch_labels.py
[2024-08-23T10:25:03.504+0000] {processor.py:914} INFO - Processing file /home/airflow/.local/lib/python3.12/site-packages/airflow/example_dags/example_branch_labels.py for tasks to queue
[2024-08-23T10:25:03.507+0000] {logging_mixin.py:190} INFO - [2024-08-23T10:25:03.507+0000] {dagbag.py:587} INFO - Filling up the DagBag from /home/airflow/.local/lib/python3.12/site-packages/airflow/example_dags/example_branch_labels.py
[2024-08-23T10:25:03.524+0000] {processor.py:925} INFO - DAG(s) 'example_branch_labels' retrieved from /home/airflow/.local/lib/python3.12/site-packages/airflow/example_dags/example_branch_labels.py
[2024-08-23T10:25:03.556+0000] {logging_mixin.py:190} INFO - [2024-08-23T10:25:03.555+0000] {dag.py:3211} INFO - Sync 1 DAGs
[2024-08-23T10:25:03.592+0000] {logging_mixin.py:190} INFO - [2024-08-23T10:25:03.592+0000] {dag.py:4138} INFO - Setting next_dagrun for example_branch_labels to 2024-08-22 00:00:00+00:00, run_after=2024-08-23 00:00:00+00:00
[2024-08-23T10:25:03.617+0000] {processor.py:208} INFO - Processing /home/airflow/.local/lib/python3.12/site-packages/airflow/example_dags/example_branch_labels.py took 0.124 seconds
[2024-08-23T10:25:34.099+0000] {processor.py:186} INFO - Started process (PID=145) to work on /home/airflow/.local/lib/python3.12/site-packages/airflow/example_dags/example_branch_labels.py
[2024-08-23T10:25:34.100+0000] {processor.py:914} INFO - Processing file /home/airflow/.local/lib/python3.12/site-packages/airflow/example_dags/example_branch_labels.py for tasks to queue
[2024-08-23T10:25:34.102+0000] {logging_mixin.py:190} INFO - [2024-08-23T10:25:34.102+0000] {dagbag.py:587} INFO - Filling up the DagBag from /home/airflow/.local/lib/python3.12/site-packages/airflow/example_dags/example_branch_labels.py
[2024-08-23T10:25:34.110+0000] {processor.py:925} INFO - DAG(s) 'example_branch_labels' retrieved from /home/airflow/.local/lib/python3.12/site-packages/airflow/example_dags/example_branch_labels.py
[2024-08-23T10:25:34.130+0000] {logging_mixin.py:190} INFO - [2024-08-23T10:25:34.130+0000] {dag.py:3211} INFO - Sync 1 DAGs
[2024-08-23T10:25:34.153+0000] {logging_mixin.py:190} INFO - [2024-08-23T10:25:34.153+0000] {dag.py:4138} INFO - Setting next_dagrun for example_branch_labels to 2024-08-22 00:00:00+00:00, run_after=2024-08-23 00:00:00+00:00
[2024-08-23T10:25:34.172+0000] {processor.py:208} INFO - Processing /home/airflow/.local/lib/python3.12/site-packages/airflow/example_dags/example_branch_labels.py took 0.078 seconds
[2024-08-23T10:26:04.839+0000] {processor.py:186} INFO - Started process (PID=207) to work on /home/airflow/.local/lib/python3.12/site-packages/airflow/example_dags/example_branch_labels.py
[2024-08-23T10:26:04.840+0000] {processor.py:914} INFO - Processing file /home/airflow/.local/lib/python3.12/site-packages/airflow/example_dags/example_branch_labels.py for tasks to queue
[2024-08-23T10:26:04.842+0000] {logging_mixin.py:190} INFO - [2024-08-23T10:26:04.842+0000] {dagbag.py:587} INFO - Filling up the DagBag from /home/airflow/.local/lib/python3.12/site-packages/airflow/example_dags/example_branch_labels.py
[2024-08-23T10:26:04.851+0000] {processor.py:925} INFO - DAG(s) 'example_branch_labels' retrieved from /home/airflow/.local/lib/python3.12/site-packages/airflow/example_dags/example_branch_labels.py
[2024-08-23T10:26:04.870+0000] {logging_mixin.py:190} INFO - [2024-08-23T10:26:04.870+0000] {dag.py:3211} INFO - Sync 1 DAGs
[2024-08-23T10:26:04.891+0000] {logging_mixin.py:190} INFO - [2024-08-23T10:26:04.890+0000] {dag.py:4138} INFO - Setting next_dagrun for example_branch_labels to 2024-08-22 00:00:00+00:00, run_after=2024-08-23 00:00:00+00:00
[2024-08-23T10:26:04.910+0000] {processor.py:208} INFO - Processing /home/airflow/.local/lib/python3.12/site-packages/airflow/example_dags/example_branch_labels.py took 0.076 seconds
[2024-08-23T10:26:35.809+0000] {processor.py:186} INFO - Started process (PID=269) to work on /home/airflow/.local/lib/python3.12/site-packages/airflow/example_dags/example_branch_labels.py
[2024-08-23T10:26:35.810+0000] {processor.py:914} INFO - Processing file /home/airflow/.local/lib/python3.12/site-packages/airflow/example_dags/example_branch_labels.py for tasks to queue
[2024-08-23T10:26:35.812+0000] {logging_mixin.py:190} INFO - [2024-08-23T10:26:35.812+0000] {dagbag.py:587} INFO - Filling up the DagBag from /home/airflow/.local/lib/python3.12/site-packages/airflow/example_dags/example_branch_labels.py
[2024-08-23T10:26:35.823+0000] {processor.py:925} INFO - DAG(s) 'example_branch_labels' retrieved from /home/airflow/.local/lib/python3.12/site-packages/airflow/example_dags/example_branch_labels.py
[2024-08-23T10:26:35.843+0000] {logging_mixin.py:190} INFO - [2024-08-23T10:26:35.842+0000] {dag.py:3211} INFO - Sync 1 DAGs
[2024-08-23T10:26:35.876+0000] {logging_mixin.py:190} INFO - [2024-08-23T10:26:35.876+0000] {dag.py:4138} INFO - Setting next_dagrun for example_branch_labels to 2024-08-22 00:00:00+00:00, run_after=2024-08-23 00:00:00+00:00
[2024-08-23T10:26:35.903+0000] {processor.py:208} INFO - Processing /home/airflow/.local/lib/python3.12/site-packages/airflow/example_dags/example_branch_labels.py took 0.100 seconds
[2024-08-23T10:27:07.230+0000] {processor.py:186} INFO - Started process (PID=331) to work on /home/airflow/.local/lib/python3.12/site-packages/airflow/example_dags/example_branch_labels.py
[2024-08-23T10:27:07.234+0000] {processor.py:914} INFO - Processing file /home/airflow/.local/lib/python3.12/site-packages/airflow/example_dags/example_branch_labels.py for tasks to queue
[2024-08-23T10:27:07.239+0000] {logging_mixin.py:190} INFO - [2024-08-23T10:27:07.238+0000] {dagbag.py:587} INFO - Filling up the DagBag from /home/airflow/.local/lib/python3.12/site-packages/airflow/example_dags/example_branch_labels.py
[2024-08-23T10:27:07.269+0000] {processor.py:925} INFO - DAG(s) 'example_branch_labels' retrieved from /home/airflow/.local/lib/python3.12/site-packages/airflow/example_dags/example_branch_labels.py
[2024-08-23T10:27:07.329+0000] {logging_mixin.py:190} INFO - [2024-08-23T10:27:07.328+0000] {dag.py:3211} INFO - Sync 1 DAGs
[2024-08-23T10:27:07.406+0000] {logging_mixin.py:190} INFO - [2024-08-23T10:27:07.404+0000] {dag.py:4138} INFO - Setting next_dagrun for example_branch_labels to 2024-08-22 00:00:00+00:00, run_after=2024-08-23 00:00:00+00:00
[2024-08-23T10:27:07.490+0000] {processor.py:208} INFO - Processing /home/airflow/.local/lib/python3.12/site-packages/airflow/example_dags/example_branch_labels.py took 0.275 seconds
[2024-08-23T10:27:37.807+0000] {processor.py:186} INFO - Started process (PID=393) to work on /home/airflow/.local/lib/python3.12/site-packages/airflow/example_dags/example_branch_labels.py
[2024-08-23T10:27:37.809+0000] {processor.py:914} INFO - Processing file /home/airflow/.local/lib/python3.12/site-packages/airflow/example_dags/example_branch_labels.py for tasks to queue
[2024-08-23T10:27:37.813+0000] {logging_mixin.py:190} INFO - [2024-08-23T10:27:37.812+0000] {dagbag.py:587} INFO - Filling up the DagBag from /home/airflow/.local/lib/python3.12/site-packages/airflow/example_dags/example_branch_labels.py
[2024-08-23T10:27:37.828+0000] {processor.py:925} INFO - DAG(s) 'example_branch_labels' retrieved from /home/airflow/.local/lib/python3.12/site-packages/airflow/example_dags/example_branch_labels.py
[2024-08-23T10:27:37.865+0000] {logging_mixin.py:190} INFO - [2024-08-23T10:27:37.864+0000] {dag.py:3211} INFO - Sync 1 DAGs
[2024-08-23T10:27:37.924+0000] {logging_mixin.py:190} INFO - [2024-08-23T10:27:37.923+0000] {dag.py:4138} INFO - Setting next_dagrun for example_branch_labels to 2024-08-22 00:00:00+00:00, run_after=2024-08-23 00:00:00+00:00
[2024-08-23T10:27:37.973+0000] {processor.py:208} INFO - Processing /home/airflow/.local/lib/python3.12/site-packages/airflow/example_dags/example_branch_labels.py took 0.175 seconds
[2024-08-23T10:28:08.408+0000] {processor.py:186} INFO - Started process (PID=455) to work on /home/airflow/.local/lib/python3.12/site-packages/airflow/example_dags/example_branch_labels.py
[2024-08-23T10:28:08.410+0000] {processor.py:914} INFO - Processing file /home/airflow/.local/lib/python3.12/site-packages/airflow/example_dags/example_branch_labels.py for tasks to queue
[2024-08-23T10:28:08.414+0000] {logging_mixin.py:190} INFO - [2024-08-23T10:28:08.413+0000] {dagbag.py:587} INFO - Filling up the DagBag from /home/airflow/.local/lib/python3.12/site-packages/airflow/example_dags/example_branch_labels.py
[2024-08-23T10:28:08.428+0000] {processor.py:925} INFO - DAG(s) 'example_branch_labels' retrieved from /home/airflow/.local/lib/python3.12/site-packages/airflow/example_dags/example_branch_labels.py
[2024-08-23T10:28:08.459+0000] {logging_mixin.py:190} INFO - [2024-08-23T10:28:08.459+0000] {dag.py:3211} INFO - Sync 1 DAGs
[2024-08-23T10:28:08.499+0000] {logging_mixin.py:190} INFO - [2024-08-23T10:28:08.499+0000] {dag.py:4138} INFO - Setting next_dagrun for example_branch_labels to 2024-08-22 00:00:00+00:00, run_after=2024-08-23 00:00:00+00:00
[2024-08-23T10:28:08.532+0000] {processor.py:208} INFO - Processing /home/airflow/.local/lib/python3.12/site-packages/airflow/example_dags/example_branch_labels.py took 0.132 seconds
