[2024-08-23T06:38:30.138+0000] {processor.py:186} INFO - Started process (PID=73) to work on /home/airflow/.local/lib/python3.12/site-packages/airflow/example_dags/example_setup_teardown_taskflow.py
[2024-08-23T06:38:30.140+0000] {processor.py:914} INFO - Processing file /home/airflow/.local/lib/python3.12/site-packages/airflow/example_dags/example_setup_teardown_taskflow.py for tasks to queue
[2024-08-23T06:38:30.143+0000] {logging_mixin.py:190} INFO - [2024-08-23T06:38:30.142+0000] {dagbag.py:587} INFO - Filling up the DagBag from /home/airflow/.local/lib/python3.12/site-packages/airflow/example_dags/example_setup_teardown_taskflow.py
[2024-08-23T06:38:30.156+0000] {processor.py:925} INFO - DAG(s) 'example_setup_teardown_taskflow' retrieved from /home/airflow/.local/lib/python3.12/site-packages/airflow/example_dags/example_setup_teardown_taskflow.py
[2024-08-23T06:38:30.279+0000] {logging_mixin.py:190} INFO - [2024-08-23T06:38:30.278+0000] {override.py:1858} INFO - Created Permission View: can edit on DAG:example_setup_teardown_taskflow
[2024-08-23T06:38:30.289+0000] {logging_mixin.py:190} INFO - [2024-08-23T06:38:30.289+0000] {override.py:1858} INFO - Created Permission View: can delete on DAG:example_setup_teardown_taskflow
[2024-08-23T06:38:30.297+0000] {logging_mixin.py:190} INFO - [2024-08-23T06:38:30.296+0000] {override.py:1858} INFO - Created Permission View: can read on DAG:example_setup_teardown_taskflow
[2024-08-23T06:38:30.298+0000] {logging_mixin.py:190} INFO - [2024-08-23T06:38:30.297+0000] {dag.py:3211} INFO - Sync 1 DAGs
[2024-08-23T06:38:30.311+0000] {logging_mixin.py:190} INFO - [2024-08-23T06:38:30.311+0000] {dag.py:3234} INFO - Creating ORM DAG for example_setup_teardown_taskflow
[2024-08-23T06:38:30.322+0000] {logging_mixin.py:190} INFO - [2024-08-23T06:38:30.322+0000] {dag.py:4138} INFO - Setting next_dagrun for example_setup_teardown_taskflow to 2024-08-22 00:00:00+00:00, run_after=2024-08-23 00:00:00+00:00
[2024-08-23T06:38:30.343+0000] {processor.py:208} INFO - Processing /home/airflow/.local/lib/python3.12/site-packages/airflow/example_dags/example_setup_teardown_taskflow.py took 0.212 seconds
[2024-08-23T06:39:00.921+0000] {processor.py:186} INFO - Started process (PID=135) to work on /home/airflow/.local/lib/python3.12/site-packages/airflow/example_dags/example_setup_teardown_taskflow.py
[2024-08-23T06:39:00.923+0000] {processor.py:914} INFO - Processing file /home/airflow/.local/lib/python3.12/site-packages/airflow/example_dags/example_setup_teardown_taskflow.py for tasks to queue
[2024-08-23T06:39:00.926+0000] {logging_mixin.py:190} INFO - [2024-08-23T06:39:00.925+0000] {dagbag.py:587} INFO - Filling up the DagBag from /home/airflow/.local/lib/python3.12/site-packages/airflow/example_dags/example_setup_teardown_taskflow.py
[2024-08-23T06:39:00.939+0000] {processor.py:925} INFO - DAG(s) 'example_setup_teardown_taskflow' retrieved from /home/airflow/.local/lib/python3.12/site-packages/airflow/example_dags/example_setup_teardown_taskflow.py
[2024-08-23T06:39:00.965+0000] {logging_mixin.py:190} INFO - [2024-08-23T06:39:00.965+0000] {dag.py:3211} INFO - Sync 1 DAGs
[2024-08-23T06:39:00.994+0000] {logging_mixin.py:190} INFO - [2024-08-23T06:39:00.994+0000] {dag.py:4138} INFO - Setting next_dagrun for example_setup_teardown_taskflow to 2024-08-22 00:00:00+00:00, run_after=2024-08-23 00:00:00+00:00
[2024-08-23T06:39:01.017+0000] {processor.py:208} INFO - Processing /home/airflow/.local/lib/python3.12/site-packages/airflow/example_dags/example_setup_teardown_taskflow.py took 0.102 seconds
[2024-08-23T06:39:31.559+0000] {processor.py:186} INFO - Started process (PID=197) to work on /home/airflow/.local/lib/python3.12/site-packages/airflow/example_dags/example_setup_teardown_taskflow.py
[2024-08-23T06:39:31.561+0000] {processor.py:914} INFO - Processing file /home/airflow/.local/lib/python3.12/site-packages/airflow/example_dags/example_setup_teardown_taskflow.py for tasks to queue
[2024-08-23T06:39:31.564+0000] {logging_mixin.py:190} INFO - [2024-08-23T06:39:31.563+0000] {dagbag.py:587} INFO - Filling up the DagBag from /home/airflow/.local/lib/python3.12/site-packages/airflow/example_dags/example_setup_teardown_taskflow.py
[2024-08-23T06:39:31.577+0000] {processor.py:925} INFO - DAG(s) 'example_setup_teardown_taskflow' retrieved from /home/airflow/.local/lib/python3.12/site-packages/airflow/example_dags/example_setup_teardown_taskflow.py
[2024-08-23T06:39:31.610+0000] {logging_mixin.py:190} INFO - [2024-08-23T06:39:31.610+0000] {dag.py:3211} INFO - Sync 1 DAGs
[2024-08-23T06:39:31.645+0000] {logging_mixin.py:190} INFO - [2024-08-23T06:39:31.645+0000] {dag.py:4138} INFO - Setting next_dagrun for example_setup_teardown_taskflow to 2024-08-22 00:00:00+00:00, run_after=2024-08-23 00:00:00+00:00
[2024-08-23T06:39:31.672+0000] {processor.py:208} INFO - Processing /home/airflow/.local/lib/python3.12/site-packages/airflow/example_dags/example_setup_teardown_taskflow.py took 0.120 seconds
[2024-08-23T06:40:01.904+0000] {processor.py:186} INFO - Started process (PID=259) to work on /home/airflow/.local/lib/python3.12/site-packages/airflow/example_dags/example_setup_teardown_taskflow.py
[2024-08-23T06:40:01.905+0000] {processor.py:914} INFO - Processing file /home/airflow/.local/lib/python3.12/site-packages/airflow/example_dags/example_setup_teardown_taskflow.py for tasks to queue
[2024-08-23T06:40:01.908+0000] {logging_mixin.py:190} INFO - [2024-08-23T06:40:01.908+0000] {dagbag.py:587} INFO - Filling up the DagBag from /home/airflow/.local/lib/python3.12/site-packages/airflow/example_dags/example_setup_teardown_taskflow.py
[2024-08-23T06:40:01.917+0000] {processor.py:925} INFO - DAG(s) 'example_setup_teardown_taskflow' retrieved from /home/airflow/.local/lib/python3.12/site-packages/airflow/example_dags/example_setup_teardown_taskflow.py
[2024-08-23T06:40:01.937+0000] {logging_mixin.py:190} INFO - [2024-08-23T06:40:01.936+0000] {dag.py:3211} INFO - Sync 1 DAGs
[2024-08-23T06:40:01.974+0000] {logging_mixin.py:190} INFO - [2024-08-23T06:40:01.974+0000] {dag.py:4138} INFO - Setting next_dagrun for example_setup_teardown_taskflow to 2024-08-22 00:00:00+00:00, run_after=2024-08-23 00:00:00+00:00
[2024-08-23T06:40:01.998+0000] {processor.py:208} INFO - Processing /home/airflow/.local/lib/python3.12/site-packages/airflow/example_dags/example_setup_teardown_taskflow.py took 0.098 seconds
[2024-08-23T06:40:33.070+0000] {processor.py:186} INFO - Started process (PID=321) to work on /home/airflow/.local/lib/python3.12/site-packages/airflow/example_dags/example_setup_teardown_taskflow.py
[2024-08-23T06:40:33.072+0000] {processor.py:914} INFO - Processing file /home/airflow/.local/lib/python3.12/site-packages/airflow/example_dags/example_setup_teardown_taskflow.py for tasks to queue
[2024-08-23T06:40:33.075+0000] {logging_mixin.py:190} INFO - [2024-08-23T06:40:33.075+0000] {dagbag.py:587} INFO - Filling up the DagBag from /home/airflow/.local/lib/python3.12/site-packages/airflow/example_dags/example_setup_teardown_taskflow.py
[2024-08-23T06:40:33.094+0000] {processor.py:925} INFO - DAG(s) 'example_setup_teardown_taskflow' retrieved from /home/airflow/.local/lib/python3.12/site-packages/airflow/example_dags/example_setup_teardown_taskflow.py
[2024-08-23T06:40:33.136+0000] {logging_mixin.py:190} INFO - [2024-08-23T06:40:33.136+0000] {dag.py:3211} INFO - Sync 1 DAGs
[2024-08-23T06:40:33.176+0000] {logging_mixin.py:190} INFO - [2024-08-23T06:40:33.175+0000] {dag.py:4138} INFO - Setting next_dagrun for example_setup_teardown_taskflow to 2024-08-22 00:00:00+00:00, run_after=2024-08-23 00:00:00+00:00
[2024-08-23T06:40:33.209+0000] {processor.py:208} INFO - Processing /home/airflow/.local/lib/python3.12/site-packages/airflow/example_dags/example_setup_teardown_taskflow.py took 0.152 seconds
[2024-08-23T06:41:03.756+0000] {processor.py:186} INFO - Started process (PID=383) to work on /home/airflow/.local/lib/python3.12/site-packages/airflow/example_dags/example_setup_teardown_taskflow.py
[2024-08-23T06:41:03.758+0000] {processor.py:914} INFO - Processing file /home/airflow/.local/lib/python3.12/site-packages/airflow/example_dags/example_setup_teardown_taskflow.py for tasks to queue
[2024-08-23T06:41:03.761+0000] {logging_mixin.py:190} INFO - [2024-08-23T06:41:03.760+0000] {dagbag.py:587} INFO - Filling up the DagBag from /home/airflow/.local/lib/python3.12/site-packages/airflow/example_dags/example_setup_teardown_taskflow.py
[2024-08-23T06:41:03.772+0000] {processor.py:925} INFO - DAG(s) 'example_setup_teardown_taskflow' retrieved from /home/airflow/.local/lib/python3.12/site-packages/airflow/example_dags/example_setup_teardown_taskflow.py
[2024-08-23T06:41:03.795+0000] {logging_mixin.py:190} INFO - [2024-08-23T06:41:03.795+0000] {dag.py:3211} INFO - Sync 1 DAGs
[2024-08-23T06:41:03.818+0000] {logging_mixin.py:190} INFO - [2024-08-23T06:41:03.818+0000] {dag.py:4138} INFO - Setting next_dagrun for example_setup_teardown_taskflow to 2024-08-22 00:00:00+00:00, run_after=2024-08-23 00:00:00+00:00
[2024-08-23T06:41:03.838+0000] {processor.py:208} INFO - Processing /home/airflow/.local/lib/python3.12/site-packages/airflow/example_dags/example_setup_teardown_taskflow.py took 0.087 seconds
[2024-08-23T06:41:34.198+0000] {processor.py:186} INFO - Started process (PID=445) to work on /home/airflow/.local/lib/python3.12/site-packages/airflow/example_dags/example_setup_teardown_taskflow.py
[2024-08-23T06:41:34.200+0000] {processor.py:914} INFO - Processing file /home/airflow/.local/lib/python3.12/site-packages/airflow/example_dags/example_setup_teardown_taskflow.py for tasks to queue
[2024-08-23T06:41:34.203+0000] {logging_mixin.py:190} INFO - [2024-08-23T06:41:34.203+0000] {dagbag.py:587} INFO - Filling up the DagBag from /home/airflow/.local/lib/python3.12/site-packages/airflow/example_dags/example_setup_teardown_taskflow.py
[2024-08-23T06:41:34.216+0000] {processor.py:925} INFO - DAG(s) 'example_setup_teardown_taskflow' retrieved from /home/airflow/.local/lib/python3.12/site-packages/airflow/example_dags/example_setup_teardown_taskflow.py
[2024-08-23T06:41:34.236+0000] {logging_mixin.py:190} INFO - [2024-08-23T06:41:34.236+0000] {dag.py:3211} INFO - Sync 1 DAGs
[2024-08-23T06:41:34.257+0000] {logging_mixin.py:190} INFO - [2024-08-23T06:41:34.257+0000] {dag.py:4138} INFO - Setting next_dagrun for example_setup_teardown_taskflow to 2024-08-22 00:00:00+00:00, run_after=2024-08-23 00:00:00+00:00
[2024-08-23T06:41:34.277+0000] {processor.py:208} INFO - Processing /home/airflow/.local/lib/python3.12/site-packages/airflow/example_dags/example_setup_teardown_taskflow.py took 0.087 seconds
[2024-08-23T06:42:05.197+0000] {processor.py:186} INFO - Started process (PID=507) to work on /home/airflow/.local/lib/python3.12/site-packages/airflow/example_dags/example_setup_teardown_taskflow.py
[2024-08-23T06:42:05.199+0000] {processor.py:914} INFO - Processing file /home/airflow/.local/lib/python3.12/site-packages/airflow/example_dags/example_setup_teardown_taskflow.py for tasks to queue
[2024-08-23T06:42:05.202+0000] {logging_mixin.py:190} INFO - [2024-08-23T06:42:05.201+0000] {dagbag.py:587} INFO - Filling up the DagBag from /home/airflow/.local/lib/python3.12/site-packages/airflow/example_dags/example_setup_teardown_taskflow.py
[2024-08-23T06:42:05.214+0000] {processor.py:925} INFO - DAG(s) 'example_setup_teardown_taskflow' retrieved from /home/airflow/.local/lib/python3.12/site-packages/airflow/example_dags/example_setup_teardown_taskflow.py
[2024-08-23T06:42:05.238+0000] {logging_mixin.py:190} INFO - [2024-08-23T06:42:05.238+0000] {dag.py:3211} INFO - Sync 1 DAGs
[2024-08-23T06:42:05.262+0000] {logging_mixin.py:190} INFO - [2024-08-23T06:42:05.262+0000] {dag.py:4138} INFO - Setting next_dagrun for example_setup_teardown_taskflow to 2024-08-22 00:00:00+00:00, run_after=2024-08-23 00:00:00+00:00
[2024-08-23T06:42:05.279+0000] {processor.py:208} INFO - Processing /home/airflow/.local/lib/python3.12/site-packages/airflow/example_dags/example_setup_teardown_taskflow.py took 0.087 seconds
[2024-08-23T07:54:06.450+0000] {processor.py:186} INFO - Started process (PID=76) to work on /home/airflow/.local/lib/python3.12/site-packages/airflow/example_dags/example_setup_teardown_taskflow.py
[2024-08-23T07:54:06.454+0000] {processor.py:914} INFO - Processing file /home/airflow/.local/lib/python3.12/site-packages/airflow/example_dags/example_setup_teardown_taskflow.py for tasks to queue
[2024-08-23T07:54:06.461+0000] {logging_mixin.py:190} INFO - [2024-08-23T07:54:06.460+0000] {dagbag.py:587} INFO - Filling up the DagBag from /home/airflow/.local/lib/python3.12/site-packages/airflow/example_dags/example_setup_teardown_taskflow.py
[2024-08-23T07:54:06.512+0000] {processor.py:925} INFO - DAG(s) 'example_setup_teardown_taskflow' retrieved from /home/airflow/.local/lib/python3.12/site-packages/airflow/example_dags/example_setup_teardown_taskflow.py
[2024-08-23T07:54:06.588+0000] {logging_mixin.py:190} INFO - [2024-08-23T07:54:06.587+0000] {dag.py:3211} INFO - Sync 1 DAGs
[2024-08-23T07:54:06.673+0000] {logging_mixin.py:190} INFO - [2024-08-23T07:54:06.672+0000] {dag.py:4138} INFO - Setting next_dagrun for example_setup_teardown_taskflow to 2024-08-22 00:00:00+00:00, run_after=2024-08-23 00:00:00+00:00
[2024-08-23T07:54:06.748+0000] {processor.py:208} INFO - Processing /home/airflow/.local/lib/python3.12/site-packages/airflow/example_dags/example_setup_teardown_taskflow.py took 0.315 seconds
[2024-08-23T07:54:37.333+0000] {processor.py:186} INFO - Started process (PID=138) to work on /home/airflow/.local/lib/python3.12/site-packages/airflow/example_dags/example_setup_teardown_taskflow.py
[2024-08-23T07:54:37.335+0000] {processor.py:914} INFO - Processing file /home/airflow/.local/lib/python3.12/site-packages/airflow/example_dags/example_setup_teardown_taskflow.py for tasks to queue
[2024-08-23T07:54:37.337+0000] {logging_mixin.py:190} INFO - [2024-08-23T07:54:37.337+0000] {dagbag.py:587} INFO - Filling up the DagBag from /home/airflow/.local/lib/python3.12/site-packages/airflow/example_dags/example_setup_teardown_taskflow.py
[2024-08-23T07:54:37.349+0000] {processor.py:925} INFO - DAG(s) 'example_setup_teardown_taskflow' retrieved from /home/airflow/.local/lib/python3.12/site-packages/airflow/example_dags/example_setup_teardown_taskflow.py
[2024-08-23T07:54:37.372+0000] {logging_mixin.py:190} INFO - [2024-08-23T07:54:37.371+0000] {dag.py:3211} INFO - Sync 1 DAGs
[2024-08-23T07:54:37.396+0000] {logging_mixin.py:190} INFO - [2024-08-23T07:54:37.396+0000] {dag.py:4138} INFO - Setting next_dagrun for example_setup_teardown_taskflow to 2024-08-22 00:00:00+00:00, run_after=2024-08-23 00:00:00+00:00
[2024-08-23T07:54:37.418+0000] {processor.py:208} INFO - Processing /home/airflow/.local/lib/python3.12/site-packages/airflow/example_dags/example_setup_teardown_taskflow.py took 0.092 seconds
[2024-08-23T07:55:08.077+0000] {processor.py:186} INFO - Started process (PID=200) to work on /home/airflow/.local/lib/python3.12/site-packages/airflow/example_dags/example_setup_teardown_taskflow.py
[2024-08-23T07:55:08.078+0000] {processor.py:914} INFO - Processing file /home/airflow/.local/lib/python3.12/site-packages/airflow/example_dags/example_setup_teardown_taskflow.py for tasks to queue
[2024-08-23T07:55:08.082+0000] {logging_mixin.py:190} INFO - [2024-08-23T07:55:08.082+0000] {dagbag.py:587} INFO - Filling up the DagBag from /home/airflow/.local/lib/python3.12/site-packages/airflow/example_dags/example_setup_teardown_taskflow.py
[2024-08-23T07:55:08.099+0000] {processor.py:925} INFO - DAG(s) 'example_setup_teardown_taskflow' retrieved from /home/airflow/.local/lib/python3.12/site-packages/airflow/example_dags/example_setup_teardown_taskflow.py
[2024-08-23T07:55:08.125+0000] {logging_mixin.py:190} INFO - [2024-08-23T07:55:08.125+0000] {dag.py:3211} INFO - Sync 1 DAGs
[2024-08-23T07:55:08.156+0000] {logging_mixin.py:190} INFO - [2024-08-23T07:55:08.156+0000] {dag.py:4138} INFO - Setting next_dagrun for example_setup_teardown_taskflow to 2024-08-22 00:00:00+00:00, run_after=2024-08-23 00:00:00+00:00
[2024-08-23T07:55:08.179+0000] {processor.py:208} INFO - Processing /home/airflow/.local/lib/python3.12/site-packages/airflow/example_dags/example_setup_teardown_taskflow.py took 0.111 seconds
[2024-08-23T07:55:38.863+0000] {processor.py:186} INFO - Started process (PID=263) to work on /home/airflow/.local/lib/python3.12/site-packages/airflow/example_dags/example_setup_teardown_taskflow.py
[2024-08-23T07:55:38.866+0000] {processor.py:914} INFO - Processing file /home/airflow/.local/lib/python3.12/site-packages/airflow/example_dags/example_setup_teardown_taskflow.py for tasks to queue
[2024-08-23T07:55:38.874+0000] {logging_mixin.py:190} INFO - [2024-08-23T07:55:38.874+0000] {dagbag.py:587} INFO - Filling up the DagBag from /home/airflow/.local/lib/python3.12/site-packages/airflow/example_dags/example_setup_teardown_taskflow.py
[2024-08-23T07:55:38.908+0000] {processor.py:925} INFO - DAG(s) 'example_setup_teardown_taskflow' retrieved from /home/airflow/.local/lib/python3.12/site-packages/airflow/example_dags/example_setup_teardown_taskflow.py
[2024-08-23T07:55:38.964+0000] {logging_mixin.py:190} INFO - [2024-08-23T07:55:38.964+0000] {dag.py:3211} INFO - Sync 1 DAGs
[2024-08-23T07:55:39.018+0000] {logging_mixin.py:190} INFO - [2024-08-23T07:55:39.018+0000] {dag.py:4138} INFO - Setting next_dagrun for example_setup_teardown_taskflow to 2024-08-22 00:00:00+00:00, run_after=2024-08-23 00:00:00+00:00
[2024-08-23T07:55:39.054+0000] {processor.py:208} INFO - Processing /home/airflow/.local/lib/python3.12/site-packages/airflow/example_dags/example_setup_teardown_taskflow.py took 0.200 seconds
[2024-08-23T08:20:31.650+0000] {processor.py:186} INFO - Started process (PID=71) to work on /home/airflow/.local/lib/python3.12/site-packages/airflow/example_dags/example_setup_teardown_taskflow.py
[2024-08-23T08:20:31.651+0000] {processor.py:914} INFO - Processing file /home/airflow/.local/lib/python3.12/site-packages/airflow/example_dags/example_setup_teardown_taskflow.py for tasks to queue
[2024-08-23T08:20:31.654+0000] {logging_mixin.py:190} INFO - [2024-08-23T08:20:31.653+0000] {dagbag.py:587} INFO - Filling up the DagBag from /home/airflow/.local/lib/python3.12/site-packages/airflow/example_dags/example_setup_teardown_taskflow.py
[2024-08-23T08:20:31.670+0000] {processor.py:925} INFO - DAG(s) 'example_setup_teardown_taskflow' retrieved from /home/airflow/.local/lib/python3.12/site-packages/airflow/example_dags/example_setup_teardown_taskflow.py
[2024-08-23T08:20:31.694+0000] {logging_mixin.py:190} INFO - [2024-08-23T08:20:31.694+0000] {dag.py:3211} INFO - Sync 1 DAGs
[2024-08-23T08:20:31.721+0000] {logging_mixin.py:190} INFO - [2024-08-23T08:20:31.721+0000] {dag.py:4138} INFO - Setting next_dagrun for example_setup_teardown_taskflow to 2024-08-22 00:00:00+00:00, run_after=2024-08-23 00:00:00+00:00
[2024-08-23T08:20:31.740+0000] {processor.py:208} INFO - Processing /home/airflow/.local/lib/python3.12/site-packages/airflow/example_dags/example_setup_teardown_taskflow.py took 0.096 seconds
[2024-08-23T08:23:26.068+0000] {processor.py:186} INFO - Started process (PID=68) to work on /home/airflow/.local/lib/python3.12/site-packages/airflow/example_dags/example_setup_teardown_taskflow.py
[2024-08-23T08:23:26.069+0000] {processor.py:914} INFO - Processing file /home/airflow/.local/lib/python3.12/site-packages/airflow/example_dags/example_setup_teardown_taskflow.py for tasks to queue
[2024-08-23T08:23:26.072+0000] {logging_mixin.py:190} INFO - [2024-08-23T08:23:26.071+0000] {dagbag.py:587} INFO - Filling up the DagBag from /home/airflow/.local/lib/python3.12/site-packages/airflow/example_dags/example_setup_teardown_taskflow.py
[2024-08-23T08:23:26.085+0000] {processor.py:925} INFO - DAG(s) 'example_setup_teardown_taskflow' retrieved from /home/airflow/.local/lib/python3.12/site-packages/airflow/example_dags/example_setup_teardown_taskflow.py
[2024-08-23T08:23:26.128+0000] {logging_mixin.py:190} INFO - [2024-08-23T08:23:26.127+0000] {dag.py:3211} INFO - Sync 1 DAGs
[2024-08-23T08:23:26.156+0000] {logging_mixin.py:190} INFO - [2024-08-23T08:23:26.156+0000] {dag.py:4138} INFO - Setting next_dagrun for example_setup_teardown_taskflow to 2024-08-22 00:00:00+00:00, run_after=2024-08-23 00:00:00+00:00
[2024-08-23T08:23:26.173+0000] {processor.py:208} INFO - Processing /home/airflow/.local/lib/python3.12/site-packages/airflow/example_dags/example_setup_teardown_taskflow.py took 0.112 seconds
[2024-08-23T08:23:56.842+0000] {processor.py:186} INFO - Started process (PID=131) to work on /home/airflow/.local/lib/python3.12/site-packages/airflow/example_dags/example_setup_teardown_taskflow.py
[2024-08-23T08:23:56.843+0000] {processor.py:914} INFO - Processing file /home/airflow/.local/lib/python3.12/site-packages/airflow/example_dags/example_setup_teardown_taskflow.py for tasks to queue
[2024-08-23T08:23:56.845+0000] {logging_mixin.py:190} INFO - [2024-08-23T08:23:56.845+0000] {dagbag.py:587} INFO - Filling up the DagBag from /home/airflow/.local/lib/python3.12/site-packages/airflow/example_dags/example_setup_teardown_taskflow.py
[2024-08-23T08:23:56.859+0000] {processor.py:925} INFO - DAG(s) 'example_setup_teardown_taskflow' retrieved from /home/airflow/.local/lib/python3.12/site-packages/airflow/example_dags/example_setup_teardown_taskflow.py
[2024-08-23T08:23:56.883+0000] {logging_mixin.py:190} INFO - [2024-08-23T08:23:56.883+0000] {dag.py:3211} INFO - Sync 1 DAGs
[2024-08-23T08:23:56.907+0000] {logging_mixin.py:190} INFO - [2024-08-23T08:23:56.906+0000] {dag.py:4138} INFO - Setting next_dagrun for example_setup_teardown_taskflow to 2024-08-22 00:00:00+00:00, run_after=2024-08-23 00:00:00+00:00
[2024-08-23T08:23:56.950+0000] {processor.py:208} INFO - Processing /home/airflow/.local/lib/python3.12/site-packages/airflow/example_dags/example_setup_teardown_taskflow.py took 0.114 seconds
[2024-08-23T08:24:27.017+0000] {processor.py:186} INFO - Started process (PID=192) to work on /home/airflow/.local/lib/python3.12/site-packages/airflow/example_dags/example_setup_teardown_taskflow.py
[2024-08-23T08:24:27.018+0000] {processor.py:914} INFO - Processing file /home/airflow/.local/lib/python3.12/site-packages/airflow/example_dags/example_setup_teardown_taskflow.py for tasks to queue
[2024-08-23T08:24:27.021+0000] {logging_mixin.py:190} INFO - [2024-08-23T08:24:27.020+0000] {dagbag.py:587} INFO - Filling up the DagBag from /home/airflow/.local/lib/python3.12/site-packages/airflow/example_dags/example_setup_teardown_taskflow.py
[2024-08-23T08:24:27.031+0000] {processor.py:925} INFO - DAG(s) 'example_setup_teardown_taskflow' retrieved from /home/airflow/.local/lib/python3.12/site-packages/airflow/example_dags/example_setup_teardown_taskflow.py
[2024-08-23T08:24:27.052+0000] {logging_mixin.py:190} INFO - [2024-08-23T08:24:27.051+0000] {dag.py:3211} INFO - Sync 1 DAGs
[2024-08-23T08:24:27.070+0000] {logging_mixin.py:190} INFO - [2024-08-23T08:24:27.070+0000] {dag.py:4138} INFO - Setting next_dagrun for example_setup_teardown_taskflow to 2024-08-22 00:00:00+00:00, run_after=2024-08-23 00:00:00+00:00
[2024-08-23T08:24:27.087+0000] {processor.py:208} INFO - Processing /home/airflow/.local/lib/python3.12/site-packages/airflow/example_dags/example_setup_teardown_taskflow.py took 0.075 seconds
[2024-08-23T08:24:57.382+0000] {processor.py:186} INFO - Started process (PID=254) to work on /home/airflow/.local/lib/python3.12/site-packages/airflow/example_dags/example_setup_teardown_taskflow.py
[2024-08-23T08:24:57.384+0000] {processor.py:914} INFO - Processing file /home/airflow/.local/lib/python3.12/site-packages/airflow/example_dags/example_setup_teardown_taskflow.py for tasks to queue
[2024-08-23T08:24:57.386+0000] {logging_mixin.py:190} INFO - [2024-08-23T08:24:57.385+0000] {dagbag.py:587} INFO - Filling up the DagBag from /home/airflow/.local/lib/python3.12/site-packages/airflow/example_dags/example_setup_teardown_taskflow.py
[2024-08-23T08:24:57.394+0000] {processor.py:925} INFO - DAG(s) 'example_setup_teardown_taskflow' retrieved from /home/airflow/.local/lib/python3.12/site-packages/airflow/example_dags/example_setup_teardown_taskflow.py
[2024-08-23T08:24:57.412+0000] {logging_mixin.py:190} INFO - [2024-08-23T08:24:57.412+0000] {dag.py:3211} INFO - Sync 1 DAGs
[2024-08-23T08:24:57.432+0000] {logging_mixin.py:190} INFO - [2024-08-23T08:24:57.432+0000] {dag.py:4138} INFO - Setting next_dagrun for example_setup_teardown_taskflow to 2024-08-22 00:00:00+00:00, run_after=2024-08-23 00:00:00+00:00
[2024-08-23T08:24:57.452+0000] {processor.py:208} INFO - Processing /home/airflow/.local/lib/python3.12/site-packages/airflow/example_dags/example_setup_teardown_taskflow.py took 0.074 seconds
[2024-08-23T08:25:28.105+0000] {processor.py:186} INFO - Started process (PID=316) to work on /home/airflow/.local/lib/python3.12/site-packages/airflow/example_dags/example_setup_teardown_taskflow.py
[2024-08-23T08:25:28.107+0000] {processor.py:914} INFO - Processing file /home/airflow/.local/lib/python3.12/site-packages/airflow/example_dags/example_setup_teardown_taskflow.py for tasks to queue
[2024-08-23T08:25:28.113+0000] {logging_mixin.py:190} INFO - [2024-08-23T08:25:28.112+0000] {dagbag.py:587} INFO - Filling up the DagBag from /home/airflow/.local/lib/python3.12/site-packages/airflow/example_dags/example_setup_teardown_taskflow.py
[2024-08-23T08:25:28.142+0000] {processor.py:925} INFO - DAG(s) 'example_setup_teardown_taskflow' retrieved from /home/airflow/.local/lib/python3.12/site-packages/airflow/example_dags/example_setup_teardown_taskflow.py
[2024-08-23T08:25:28.199+0000] {logging_mixin.py:190} INFO - [2024-08-23T08:25:28.198+0000] {dag.py:3211} INFO - Sync 1 DAGs
[2024-08-23T08:25:28.284+0000] {logging_mixin.py:190} INFO - [2024-08-23T08:25:28.283+0000] {dag.py:4138} INFO - Setting next_dagrun for example_setup_teardown_taskflow to 2024-08-22 00:00:00+00:00, run_after=2024-08-23 00:00:00+00:00
[2024-08-23T08:25:28.325+0000] {processor.py:208} INFO - Processing /home/airflow/.local/lib/python3.12/site-packages/airflow/example_dags/example_setup_teardown_taskflow.py took 0.234 seconds
[2024-08-23T08:25:58.998+0000] {processor.py:186} INFO - Started process (PID=378) to work on /home/airflow/.local/lib/python3.12/site-packages/airflow/example_dags/example_setup_teardown_taskflow.py
[2024-08-23T08:25:58.999+0000] {processor.py:914} INFO - Processing file /home/airflow/.local/lib/python3.12/site-packages/airflow/example_dags/example_setup_teardown_taskflow.py for tasks to queue
[2024-08-23T08:25:59.001+0000] {logging_mixin.py:190} INFO - [2024-08-23T08:25:59.001+0000] {dagbag.py:587} INFO - Filling up the DagBag from /home/airflow/.local/lib/python3.12/site-packages/airflow/example_dags/example_setup_teardown_taskflow.py
[2024-08-23T08:25:59.011+0000] {processor.py:925} INFO - DAG(s) 'example_setup_teardown_taskflow' retrieved from /home/airflow/.local/lib/python3.12/site-packages/airflow/example_dags/example_setup_teardown_taskflow.py
[2024-08-23T08:25:59.034+0000] {logging_mixin.py:190} INFO - [2024-08-23T08:25:59.034+0000] {dag.py:3211} INFO - Sync 1 DAGs
[2024-08-23T08:25:59.061+0000] {logging_mixin.py:190} INFO - [2024-08-23T08:25:59.061+0000] {dag.py:4138} INFO - Setting next_dagrun for example_setup_teardown_taskflow to 2024-08-22 00:00:00+00:00, run_after=2024-08-23 00:00:00+00:00
[2024-08-23T08:25:59.084+0000] {processor.py:208} INFO - Processing /home/airflow/.local/lib/python3.12/site-packages/airflow/example_dags/example_setup_teardown_taskflow.py took 0.091 seconds
[2024-08-23T08:26:29.327+0000] {processor.py:186} INFO - Started process (PID=439) to work on /home/airflow/.local/lib/python3.12/site-packages/airflow/example_dags/example_setup_teardown_taskflow.py
[2024-08-23T08:26:29.328+0000] {processor.py:914} INFO - Processing file /home/airflow/.local/lib/python3.12/site-packages/airflow/example_dags/example_setup_teardown_taskflow.py for tasks to queue
[2024-08-23T08:26:29.330+0000] {logging_mixin.py:190} INFO - [2024-08-23T08:26:29.329+0000] {dagbag.py:587} INFO - Filling up the DagBag from /home/airflow/.local/lib/python3.12/site-packages/airflow/example_dags/example_setup_teardown_taskflow.py
[2024-08-23T08:26:29.339+0000] {processor.py:925} INFO - DAG(s) 'example_setup_teardown_taskflow' retrieved from /home/airflow/.local/lib/python3.12/site-packages/airflow/example_dags/example_setup_teardown_taskflow.py
[2024-08-23T08:26:29.358+0000] {logging_mixin.py:190} INFO - [2024-08-23T08:26:29.358+0000] {dag.py:3211} INFO - Sync 1 DAGs
[2024-08-23T08:26:29.376+0000] {logging_mixin.py:190} INFO - [2024-08-23T08:26:29.376+0000] {dag.py:4138} INFO - Setting next_dagrun for example_setup_teardown_taskflow to 2024-08-22 00:00:00+00:00, run_after=2024-08-23 00:00:00+00:00
[2024-08-23T08:26:29.395+0000] {processor.py:208} INFO - Processing /home/airflow/.local/lib/python3.12/site-packages/airflow/example_dags/example_setup_teardown_taskflow.py took 0.073 seconds
[2024-08-23T10:25:02.103+0000] {processor.py:186} INFO - Started process (PID=73) to work on /home/airflow/.local/lib/python3.12/site-packages/airflow/example_dags/example_setup_teardown_taskflow.py
[2024-08-23T10:25:02.106+0000] {processor.py:914} INFO - Processing file /home/airflow/.local/lib/python3.12/site-packages/airflow/example_dags/example_setup_teardown_taskflow.py for tasks to queue
[2024-08-23T10:25:02.112+0000] {logging_mixin.py:190} INFO - [2024-08-23T10:25:02.112+0000] {dagbag.py:587} INFO - Filling up the DagBag from /home/airflow/.local/lib/python3.12/site-packages/airflow/example_dags/example_setup_teardown_taskflow.py
[2024-08-23T10:25:02.154+0000] {processor.py:925} INFO - DAG(s) 'example_setup_teardown_taskflow' retrieved from /home/airflow/.local/lib/python3.12/site-packages/airflow/example_dags/example_setup_teardown_taskflow.py
[2024-08-23T10:25:02.216+0000] {logging_mixin.py:190} INFO - [2024-08-23T10:25:02.215+0000] {dag.py:3211} INFO - Sync 1 DAGs
[2024-08-23T10:25:02.275+0000] {logging_mixin.py:190} INFO - [2024-08-23T10:25:02.274+0000] {dag.py:4138} INFO - Setting next_dagrun for example_setup_teardown_taskflow to 2024-08-22 00:00:00+00:00, run_after=2024-08-23 00:00:00+00:00
[2024-08-23T10:25:02.327+0000] {processor.py:208} INFO - Processing /home/airflow/.local/lib/python3.12/site-packages/airflow/example_dags/example_setup_teardown_taskflow.py took 0.237 seconds
[2024-08-23T10:25:32.476+0000] {processor.py:186} INFO - Started process (PID=135) to work on /home/airflow/.local/lib/python3.12/site-packages/airflow/example_dags/example_setup_teardown_taskflow.py
[2024-08-23T10:25:32.477+0000] {processor.py:914} INFO - Processing file /home/airflow/.local/lib/python3.12/site-packages/airflow/example_dags/example_setup_teardown_taskflow.py for tasks to queue
[2024-08-23T10:25:32.480+0000] {logging_mixin.py:190} INFO - [2024-08-23T10:25:32.479+0000] {dagbag.py:587} INFO - Filling up the DagBag from /home/airflow/.local/lib/python3.12/site-packages/airflow/example_dags/example_setup_teardown_taskflow.py
[2024-08-23T10:25:32.489+0000] {processor.py:925} INFO - DAG(s) 'example_setup_teardown_taskflow' retrieved from /home/airflow/.local/lib/python3.12/site-packages/airflow/example_dags/example_setup_teardown_taskflow.py
[2024-08-23T10:25:32.507+0000] {logging_mixin.py:190} INFO - [2024-08-23T10:25:32.507+0000] {dag.py:3211} INFO - Sync 1 DAGs
[2024-08-23T10:25:32.525+0000] {logging_mixin.py:190} INFO - [2024-08-23T10:25:32.525+0000] {dag.py:4138} INFO - Setting next_dagrun for example_setup_teardown_taskflow to 2024-08-22 00:00:00+00:00, run_after=2024-08-23 00:00:00+00:00
[2024-08-23T10:25:32.544+0000] {processor.py:208} INFO - Processing /home/airflow/.local/lib/python3.12/site-packages/airflow/example_dags/example_setup_teardown_taskflow.py took 0.072 seconds
[2024-08-23T10:26:03.233+0000] {processor.py:186} INFO - Started process (PID=197) to work on /home/airflow/.local/lib/python3.12/site-packages/airflow/example_dags/example_setup_teardown_taskflow.py
[2024-08-23T10:26:03.234+0000] {processor.py:914} INFO - Processing file /home/airflow/.local/lib/python3.12/site-packages/airflow/example_dags/example_setup_teardown_taskflow.py for tasks to queue
[2024-08-23T10:26:03.236+0000] {logging_mixin.py:190} INFO - [2024-08-23T10:26:03.236+0000] {dagbag.py:587} INFO - Filling up the DagBag from /home/airflow/.local/lib/python3.12/site-packages/airflow/example_dags/example_setup_teardown_taskflow.py
[2024-08-23T10:26:03.245+0000] {processor.py:925} INFO - DAG(s) 'example_setup_teardown_taskflow' retrieved from /home/airflow/.local/lib/python3.12/site-packages/airflow/example_dags/example_setup_teardown_taskflow.py
[2024-08-23T10:26:03.267+0000] {logging_mixin.py:190} INFO - [2024-08-23T10:26:03.266+0000] {dag.py:3211} INFO - Sync 1 DAGs
[2024-08-23T10:26:03.289+0000] {logging_mixin.py:190} INFO - [2024-08-23T10:26:03.289+0000] {dag.py:4138} INFO - Setting next_dagrun for example_setup_teardown_taskflow to 2024-08-22 00:00:00+00:00, run_after=2024-08-23 00:00:00+00:00
[2024-08-23T10:26:03.309+0000] {processor.py:208} INFO - Processing /home/airflow/.local/lib/python3.12/site-packages/airflow/example_dags/example_setup_teardown_taskflow.py took 0.081 seconds
[2024-08-23T10:26:34.152+0000] {processor.py:186} INFO - Started process (PID=259) to work on /home/airflow/.local/lib/python3.12/site-packages/airflow/example_dags/example_setup_teardown_taskflow.py
[2024-08-23T10:26:34.154+0000] {processor.py:914} INFO - Processing file /home/airflow/.local/lib/python3.12/site-packages/airflow/example_dags/example_setup_teardown_taskflow.py for tasks to queue
[2024-08-23T10:26:34.158+0000] {logging_mixin.py:190} INFO - [2024-08-23T10:26:34.157+0000] {dagbag.py:587} INFO - Filling up the DagBag from /home/airflow/.local/lib/python3.12/site-packages/airflow/example_dags/example_setup_teardown_taskflow.py
[2024-08-23T10:26:34.168+0000] {processor.py:925} INFO - DAG(s) 'example_setup_teardown_taskflow' retrieved from /home/airflow/.local/lib/python3.12/site-packages/airflow/example_dags/example_setup_teardown_taskflow.py
[2024-08-23T10:26:34.192+0000] {logging_mixin.py:190} INFO - [2024-08-23T10:26:34.192+0000] {dag.py:3211} INFO - Sync 1 DAGs
[2024-08-23T10:26:34.213+0000] {logging_mixin.py:190} INFO - [2024-08-23T10:26:34.213+0000] {dag.py:4138} INFO - Setting next_dagrun for example_setup_teardown_taskflow to 2024-08-22 00:00:00+00:00, run_after=2024-08-23 00:00:00+00:00
[2024-08-23T10:26:34.234+0000] {processor.py:208} INFO - Processing /home/airflow/.local/lib/python3.12/site-packages/airflow/example_dags/example_setup_teardown_taskflow.py took 0.089 seconds
[2024-08-23T10:27:04.890+0000] {processor.py:186} INFO - Started process (PID=321) to work on /home/airflow/.local/lib/python3.12/site-packages/airflow/example_dags/example_setup_teardown_taskflow.py
[2024-08-23T10:27:04.893+0000] {processor.py:914} INFO - Processing file /home/airflow/.local/lib/python3.12/site-packages/airflow/example_dags/example_setup_teardown_taskflow.py for tasks to queue
[2024-08-23T10:27:04.899+0000] {logging_mixin.py:190} INFO - [2024-08-23T10:27:04.898+0000] {dagbag.py:587} INFO - Filling up the DagBag from /home/airflow/.local/lib/python3.12/site-packages/airflow/example_dags/example_setup_teardown_taskflow.py
[2024-08-23T10:27:04.925+0000] {processor.py:925} INFO - DAG(s) 'example_setup_teardown_taskflow' retrieved from /home/airflow/.local/lib/python3.12/site-packages/airflow/example_dags/example_setup_teardown_taskflow.py
[2024-08-23T10:27:04.974+0000] {logging_mixin.py:190} INFO - [2024-08-23T10:27:04.973+0000] {dag.py:3211} INFO - Sync 1 DAGs
[2024-08-23T10:27:05.028+0000] {logging_mixin.py:190} INFO - [2024-08-23T10:27:05.027+0000] {dag.py:4138} INFO - Setting next_dagrun for example_setup_teardown_taskflow to 2024-08-22 00:00:00+00:00, run_after=2024-08-23 00:00:00+00:00
[2024-08-23T10:27:05.072+0000] {processor.py:208} INFO - Processing /home/airflow/.local/lib/python3.12/site-packages/airflow/example_dags/example_setup_teardown_taskflow.py took 0.194 seconds
[2024-08-23T10:27:35.638+0000] {processor.py:186} INFO - Started process (PID=383) to work on /home/airflow/.local/lib/python3.12/site-packages/airflow/example_dags/example_setup_teardown_taskflow.py
[2024-08-23T10:27:35.640+0000] {processor.py:914} INFO - Processing file /home/airflow/.local/lib/python3.12/site-packages/airflow/example_dags/example_setup_teardown_taskflow.py for tasks to queue
[2024-08-23T10:27:35.646+0000] {logging_mixin.py:190} INFO - [2024-08-23T10:27:35.645+0000] {dagbag.py:587} INFO - Filling up the DagBag from /home/airflow/.local/lib/python3.12/site-packages/airflow/example_dags/example_setup_teardown_taskflow.py
[2024-08-23T10:27:35.674+0000] {processor.py:925} INFO - DAG(s) 'example_setup_teardown_taskflow' retrieved from /home/airflow/.local/lib/python3.12/site-packages/airflow/example_dags/example_setup_teardown_taskflow.py
[2024-08-23T10:27:35.730+0000] {logging_mixin.py:190} INFO - [2024-08-23T10:27:35.729+0000] {dag.py:3211} INFO - Sync 1 DAGs
[2024-08-23T10:27:35.782+0000] {logging_mixin.py:190} INFO - [2024-08-23T10:27:35.782+0000] {dag.py:4138} INFO - Setting next_dagrun for example_setup_teardown_taskflow to 2024-08-22 00:00:00+00:00, run_after=2024-08-23 00:00:00+00:00
[2024-08-23T10:27:35.824+0000] {processor.py:208} INFO - Processing /home/airflow/.local/lib/python3.12/site-packages/airflow/example_dags/example_setup_teardown_taskflow.py took 0.198 seconds
[2024-08-23T10:28:06.514+0000] {processor.py:186} INFO - Started process (PID=445) to work on /home/airflow/.local/lib/python3.12/site-packages/airflow/example_dags/example_setup_teardown_taskflow.py
[2024-08-23T10:28:06.516+0000] {processor.py:914} INFO - Processing file /home/airflow/.local/lib/python3.12/site-packages/airflow/example_dags/example_setup_teardown_taskflow.py for tasks to queue
[2024-08-23T10:28:06.519+0000] {logging_mixin.py:190} INFO - [2024-08-23T10:28:06.519+0000] {dagbag.py:587} INFO - Filling up the DagBag from /home/airflow/.local/lib/python3.12/site-packages/airflow/example_dags/example_setup_teardown_taskflow.py
[2024-08-23T10:28:06.537+0000] {processor.py:925} INFO - DAG(s) 'example_setup_teardown_taskflow' retrieved from /home/airflow/.local/lib/python3.12/site-packages/airflow/example_dags/example_setup_teardown_taskflow.py
[2024-08-23T10:28:06.567+0000] {logging_mixin.py:190} INFO - [2024-08-23T10:28:06.567+0000] {dag.py:3211} INFO - Sync 1 DAGs
[2024-08-23T10:28:06.598+0000] {logging_mixin.py:190} INFO - [2024-08-23T10:28:06.598+0000] {dag.py:4138} INFO - Setting next_dagrun for example_setup_teardown_taskflow to 2024-08-22 00:00:00+00:00, run_after=2024-08-23 00:00:00+00:00
[2024-08-23T10:28:06.625+0000] {processor.py:208} INFO - Processing /home/airflow/.local/lib/python3.12/site-packages/airflow/example_dags/example_setup_teardown_taskflow.py took 0.119 seconds
