[2024-08-23T06:38:35.442+0000] {processor.py:186} INFO - Started process (PID=110) to work on /home/airflow/.local/lib/python3.12/site-packages/airflow/example_dags/example_branch_python_dop_operator_3.py
[2024-08-23T06:38:35.444+0000] {processor.py:914} INFO - Processing file /home/airflow/.local/lib/python3.12/site-packages/airflow/example_dags/example_branch_python_dop_operator_3.py for tasks to queue
[2024-08-23T06:38:35.447+0000] {logging_mixin.py:190} INFO - [2024-08-23T06:38:35.447+0000] {dagbag.py:587} INFO - Filling up the DagBag from /home/airflow/.local/lib/python3.12/site-packages/airflow/example_dags/example_branch_python_dop_operator_3.py
[2024-08-23T06:38:35.474+0000] {processor.py:925} INFO - DAG(s) 'example_branch_dop_operator_v3' retrieved from /home/airflow/.local/lib/python3.12/site-packages/airflow/example_dags/example_branch_python_dop_operator_3.py
[2024-08-23T06:38:35.681+0000] {logging_mixin.py:190} INFO - [2024-08-23T06:38:35.680+0000] {override.py:1858} INFO - Created Permission View: can edit on DAG:example_branch_dop_operator_v3
[2024-08-23T06:38:35.693+0000] {logging_mixin.py:190} INFO - [2024-08-23T06:38:35.693+0000] {override.py:1858} INFO - Created Permission View: can delete on DAG:example_branch_dop_operator_v3
[2024-08-23T06:38:35.703+0000] {logging_mixin.py:190} INFO - [2024-08-23T06:38:35.703+0000] {override.py:1858} INFO - Created Permission View: can read on DAG:example_branch_dop_operator_v3
[2024-08-23T06:38:35.704+0000] {logging_mixin.py:190} INFO - [2024-08-23T06:38:35.704+0000] {dag.py:3211} INFO - Sync 1 DAGs
[2024-08-23T06:38:35.721+0000] {logging_mixin.py:190} INFO - [2024-08-23T06:38:35.720+0000] {dag.py:3234} INFO - Creating ORM DAG for example_branch_dop_operator_v3
[2024-08-23T06:38:35.736+0000] {logging_mixin.py:190} INFO - [2024-08-23T06:38:35.736+0000] {dag.py:4138} INFO - Setting next_dagrun for example_branch_dop_operator_v3 to 2024-08-23 06:37:00+00:00, run_after=2024-08-23 06:38:00+00:00
[2024-08-23T06:38:35.759+0000] {processor.py:208} INFO - Processing /home/airflow/.local/lib/python3.12/site-packages/airflow/example_dags/example_branch_python_dop_operator_3.py took 0.326 seconds
[2024-08-23T06:39:05.855+0000] {processor.py:186} INFO - Started process (PID=172) to work on /home/airflow/.local/lib/python3.12/site-packages/airflow/example_dags/example_branch_python_dop_operator_3.py
[2024-08-23T06:39:05.857+0000] {processor.py:914} INFO - Processing file /home/airflow/.local/lib/python3.12/site-packages/airflow/example_dags/example_branch_python_dop_operator_3.py for tasks to queue
[2024-08-23T06:39:05.860+0000] {logging_mixin.py:190} INFO - [2024-08-23T06:39:05.859+0000] {dagbag.py:587} INFO - Filling up the DagBag from /home/airflow/.local/lib/python3.12/site-packages/airflow/example_dags/example_branch_python_dop_operator_3.py
[2024-08-23T06:39:05.876+0000] {processor.py:925} INFO - DAG(s) 'example_branch_dop_operator_v3' retrieved from /home/airflow/.local/lib/python3.12/site-packages/airflow/example_dags/example_branch_python_dop_operator_3.py
[2024-08-23T06:39:05.903+0000] {logging_mixin.py:190} INFO - [2024-08-23T06:39:05.902+0000] {dag.py:3211} INFO - Sync 1 DAGs
[2024-08-23T06:39:05.942+0000] {logging_mixin.py:190} INFO - [2024-08-23T06:39:05.941+0000] {dag.py:4138} INFO - Setting next_dagrun for example_branch_dop_operator_v3 to 2024-08-23 06:38:00+00:00, run_after=2024-08-23 06:39:00+00:00
[2024-08-23T06:39:05.969+0000] {processor.py:208} INFO - Processing /home/airflow/.local/lib/python3.12/site-packages/airflow/example_dags/example_branch_python_dop_operator_3.py took 0.122 seconds
[2024-08-23T06:39:36.305+0000] {processor.py:186} INFO - Started process (PID=234) to work on /home/airflow/.local/lib/python3.12/site-packages/airflow/example_dags/example_branch_python_dop_operator_3.py
[2024-08-23T06:39:36.307+0000] {processor.py:914} INFO - Processing file /home/airflow/.local/lib/python3.12/site-packages/airflow/example_dags/example_branch_python_dop_operator_3.py for tasks to queue
[2024-08-23T06:39:36.311+0000] {logging_mixin.py:190} INFO - [2024-08-23T06:39:36.310+0000] {dagbag.py:587} INFO - Filling up the DagBag from /home/airflow/.local/lib/python3.12/site-packages/airflow/example_dags/example_branch_python_dop_operator_3.py
[2024-08-23T06:39:36.328+0000] {processor.py:925} INFO - DAG(s) 'example_branch_dop_operator_v3' retrieved from /home/airflow/.local/lib/python3.12/site-packages/airflow/example_dags/example_branch_python_dop_operator_3.py
[2024-08-23T06:39:36.365+0000] {logging_mixin.py:190} INFO - [2024-08-23T06:39:36.365+0000] {dag.py:3211} INFO - Sync 1 DAGs
[2024-08-23T06:39:36.412+0000] {logging_mixin.py:190} INFO - [2024-08-23T06:39:36.412+0000] {dag.py:4138} INFO - Setting next_dagrun for example_branch_dop_operator_v3 to 2024-08-23 06:38:00+00:00, run_after=2024-08-23 06:39:00+00:00
[2024-08-23T06:39:36.439+0000] {processor.py:208} INFO - Processing /home/airflow/.local/lib/python3.12/site-packages/airflow/example_dags/example_branch_python_dop_operator_3.py took 0.151 seconds
[2024-08-23T06:40:08.045+0000] {processor.py:186} INFO - Started process (PID=296) to work on /home/airflow/.local/lib/python3.12/site-packages/airflow/example_dags/example_branch_python_dop_operator_3.py
[2024-08-23T06:40:08.047+0000] {processor.py:914} INFO - Processing file /home/airflow/.local/lib/python3.12/site-packages/airflow/example_dags/example_branch_python_dop_operator_3.py for tasks to queue
[2024-08-23T06:40:08.052+0000] {logging_mixin.py:190} INFO - [2024-08-23T06:40:08.052+0000] {dagbag.py:587} INFO - Filling up the DagBag from /home/airflow/.local/lib/python3.12/site-packages/airflow/example_dags/example_branch_python_dop_operator_3.py
[2024-08-23T06:40:08.075+0000] {processor.py:925} INFO - DAG(s) 'example_branch_dop_operator_v3' retrieved from /home/airflow/.local/lib/python3.12/site-packages/airflow/example_dags/example_branch_python_dop_operator_3.py
[2024-08-23T06:40:08.114+0000] {logging_mixin.py:190} INFO - [2024-08-23T06:40:08.114+0000] {dag.py:3211} INFO - Sync 1 DAGs
[2024-08-23T06:40:08.177+0000] {logging_mixin.py:190} INFO - [2024-08-23T06:40:08.176+0000] {dag.py:4138} INFO - Setting next_dagrun for example_branch_dop_operator_v3 to 2024-08-23 06:39:00+00:00, run_after=2024-08-23 06:40:00+00:00
[2024-08-23T06:40:08.214+0000] {processor.py:208} INFO - Processing /home/airflow/.local/lib/python3.12/site-packages/airflow/example_dags/example_branch_python_dop_operator_3.py took 0.188 seconds
[2024-08-23T06:40:38.819+0000] {processor.py:186} INFO - Started process (PID=358) to work on /home/airflow/.local/lib/python3.12/site-packages/airflow/example_dags/example_branch_python_dop_operator_3.py
[2024-08-23T06:40:38.821+0000] {processor.py:914} INFO - Processing file /home/airflow/.local/lib/python3.12/site-packages/airflow/example_dags/example_branch_python_dop_operator_3.py for tasks to queue
[2024-08-23T06:40:38.826+0000] {logging_mixin.py:190} INFO - [2024-08-23T06:40:38.825+0000] {dagbag.py:587} INFO - Filling up the DagBag from /home/airflow/.local/lib/python3.12/site-packages/airflow/example_dags/example_branch_python_dop_operator_3.py
[2024-08-23T06:40:38.853+0000] {processor.py:925} INFO - DAG(s) 'example_branch_dop_operator_v3' retrieved from /home/airflow/.local/lib/python3.12/site-packages/airflow/example_dags/example_branch_python_dop_operator_3.py
[2024-08-23T06:40:38.899+0000] {logging_mixin.py:190} INFO - [2024-08-23T06:40:38.898+0000] {dag.py:3211} INFO - Sync 1 DAGs
[2024-08-23T06:40:38.968+0000] {logging_mixin.py:190} INFO - [2024-08-23T06:40:38.968+0000] {dag.py:4138} INFO - Setting next_dagrun for example_branch_dop_operator_v3 to 2024-08-23 06:39:00+00:00, run_after=2024-08-23 06:40:00+00:00
[2024-08-23T06:40:39.018+0000] {processor.py:208} INFO - Processing /home/airflow/.local/lib/python3.12/site-packages/airflow/example_dags/example_branch_python_dop_operator_3.py took 0.214 seconds
[2024-08-23T06:41:09.128+0000] {processor.py:186} INFO - Started process (PID=420) to work on /home/airflow/.local/lib/python3.12/site-packages/airflow/example_dags/example_branch_python_dop_operator_3.py
[2024-08-23T06:41:09.129+0000] {processor.py:914} INFO - Processing file /home/airflow/.local/lib/python3.12/site-packages/airflow/example_dags/example_branch_python_dop_operator_3.py for tasks to queue
[2024-08-23T06:41:09.132+0000] {logging_mixin.py:190} INFO - [2024-08-23T06:41:09.131+0000] {dagbag.py:587} INFO - Filling up the DagBag from /home/airflow/.local/lib/python3.12/site-packages/airflow/example_dags/example_branch_python_dop_operator_3.py
[2024-08-23T06:41:09.143+0000] {processor.py:925} INFO - DAG(s) 'example_branch_dop_operator_v3' retrieved from /home/airflow/.local/lib/python3.12/site-packages/airflow/example_dags/example_branch_python_dop_operator_3.py
[2024-08-23T06:41:09.173+0000] {logging_mixin.py:190} INFO - [2024-08-23T06:41:09.173+0000] {dag.py:3211} INFO - Sync 1 DAGs
[2024-08-23T06:41:09.208+0000] {logging_mixin.py:190} INFO - [2024-08-23T06:41:09.207+0000] {dag.py:4138} INFO - Setting next_dagrun for example_branch_dop_operator_v3 to 2024-08-23 06:40:00+00:00, run_after=2024-08-23 06:41:00+00:00
[2024-08-23T06:41:09.239+0000] {processor.py:208} INFO - Processing /home/airflow/.local/lib/python3.12/site-packages/airflow/example_dags/example_branch_python_dop_operator_3.py took 0.118 seconds
[2024-08-23T06:41:39.952+0000] {processor.py:186} INFO - Started process (PID=482) to work on /home/airflow/.local/lib/python3.12/site-packages/airflow/example_dags/example_branch_python_dop_operator_3.py
[2024-08-23T06:41:39.953+0000] {processor.py:914} INFO - Processing file /home/airflow/.local/lib/python3.12/site-packages/airflow/example_dags/example_branch_python_dop_operator_3.py for tasks to queue
[2024-08-23T06:41:39.955+0000] {logging_mixin.py:190} INFO - [2024-08-23T06:41:39.955+0000] {dagbag.py:587} INFO - Filling up the DagBag from /home/airflow/.local/lib/python3.12/site-packages/airflow/example_dags/example_branch_python_dop_operator_3.py
[2024-08-23T06:41:39.972+0000] {processor.py:925} INFO - DAG(s) 'example_branch_dop_operator_v3' retrieved from /home/airflow/.local/lib/python3.12/site-packages/airflow/example_dags/example_branch_python_dop_operator_3.py
[2024-08-23T06:41:40.005+0000] {logging_mixin.py:190} INFO - [2024-08-23T06:41:40.005+0000] {dag.py:3211} INFO - Sync 1 DAGs
[2024-08-23T06:41:40.055+0000] {logging_mixin.py:190} INFO - [2024-08-23T06:41:40.055+0000] {dag.py:4138} INFO - Setting next_dagrun for example_branch_dop_operator_v3 to 2024-08-23 06:40:00+00:00, run_after=2024-08-23 06:41:00+00:00
[2024-08-23T06:41:40.088+0000] {processor.py:208} INFO - Processing /home/airflow/.local/lib/python3.12/site-packages/airflow/example_dags/example_branch_python_dop_operator_3.py took 0.141 seconds
[2024-08-23T06:42:10.219+0000] {processor.py:186} INFO - Started process (PID=544) to work on /home/airflow/.local/lib/python3.12/site-packages/airflow/example_dags/example_branch_python_dop_operator_3.py
[2024-08-23T06:42:10.221+0000] {processor.py:914} INFO - Processing file /home/airflow/.local/lib/python3.12/site-packages/airflow/example_dags/example_branch_python_dop_operator_3.py for tasks to queue
[2024-08-23T06:42:10.224+0000] {logging_mixin.py:190} INFO - [2024-08-23T06:42:10.224+0000] {dagbag.py:587} INFO - Filling up the DagBag from /home/airflow/.local/lib/python3.12/site-packages/airflow/example_dags/example_branch_python_dop_operator_3.py
[2024-08-23T06:42:10.234+0000] {processor.py:925} INFO - DAG(s) 'example_branch_dop_operator_v3' retrieved from /home/airflow/.local/lib/python3.12/site-packages/airflow/example_dags/example_branch_python_dop_operator_3.py
[2024-08-23T06:42:10.252+0000] {logging_mixin.py:190} INFO - [2024-08-23T06:42:10.252+0000] {dag.py:3211} INFO - Sync 1 DAGs
[2024-08-23T06:42:10.276+0000] {logging_mixin.py:190} INFO - [2024-08-23T06:42:10.275+0000] {dag.py:4138} INFO - Setting next_dagrun for example_branch_dop_operator_v3 to 2024-08-23 06:41:00+00:00, run_after=2024-08-23 06:42:00+00:00
[2024-08-23T06:42:10.297+0000] {processor.py:208} INFO - Processing /home/airflow/.local/lib/python3.12/site-packages/airflow/example_dags/example_branch_python_dop_operator_3.py took 0.088 seconds
[2024-08-23T07:54:15.387+0000] {processor.py:186} INFO - Started process (PID=113) to work on /home/airflow/.local/lib/python3.12/site-packages/airflow/example_dags/example_branch_python_dop_operator_3.py
[2024-08-23T07:54:15.392+0000] {processor.py:914} INFO - Processing file /home/airflow/.local/lib/python3.12/site-packages/airflow/example_dags/example_branch_python_dop_operator_3.py for tasks to queue
[2024-08-23T07:54:15.400+0000] {logging_mixin.py:190} INFO - [2024-08-23T07:54:15.399+0000] {dagbag.py:587} INFO - Filling up the DagBag from /home/airflow/.local/lib/python3.12/site-packages/airflow/example_dags/example_branch_python_dop_operator_3.py
[2024-08-23T07:54:15.435+0000] {processor.py:925} INFO - DAG(s) 'example_branch_dop_operator_v3' retrieved from /home/airflow/.local/lib/python3.12/site-packages/airflow/example_dags/example_branch_python_dop_operator_3.py
[2024-08-23T07:54:15.501+0000] {logging_mixin.py:190} INFO - [2024-08-23T07:54:15.500+0000] {dag.py:3211} INFO - Sync 1 DAGs
[2024-08-23T07:54:15.576+0000] {logging_mixin.py:190} INFO - [2024-08-23T07:54:15.576+0000] {dag.py:4138} INFO - Setting next_dagrun for example_branch_dop_operator_v3 to 2024-08-23 07:53:00+00:00, run_after=2024-08-23 07:54:00+00:00
[2024-08-23T07:54:15.644+0000] {processor.py:208} INFO - Processing /home/airflow/.local/lib/python3.12/site-packages/airflow/example_dags/example_branch_python_dop_operator_3.py took 0.286 seconds
[2024-08-23T07:54:46.203+0000] {processor.py:186} INFO - Started process (PID=175) to work on /home/airflow/.local/lib/python3.12/site-packages/airflow/example_dags/example_branch_python_dop_operator_3.py
[2024-08-23T07:54:46.206+0000] {processor.py:914} INFO - Processing file /home/airflow/.local/lib/python3.12/site-packages/airflow/example_dags/example_branch_python_dop_operator_3.py for tasks to queue
[2024-08-23T07:54:46.211+0000] {logging_mixin.py:190} INFO - [2024-08-23T07:54:46.210+0000] {dagbag.py:587} INFO - Filling up the DagBag from /home/airflow/.local/lib/python3.12/site-packages/airflow/example_dags/example_branch_python_dop_operator_3.py
[2024-08-23T07:54:46.228+0000] {processor.py:925} INFO - DAG(s) 'example_branch_dop_operator_v3' retrieved from /home/airflow/.local/lib/python3.12/site-packages/airflow/example_dags/example_branch_python_dop_operator_3.py
[2024-08-23T07:54:46.261+0000] {logging_mixin.py:190} INFO - [2024-08-23T07:54:46.260+0000] {dag.py:3211} INFO - Sync 1 DAGs
[2024-08-23T07:54:46.309+0000] {logging_mixin.py:190} INFO - [2024-08-23T07:54:46.308+0000] {dag.py:4138} INFO - Setting next_dagrun for example_branch_dop_operator_v3 to 2024-08-23 07:53:00+00:00, run_after=2024-08-23 07:54:00+00:00
[2024-08-23T07:54:46.340+0000] {processor.py:208} INFO - Processing /home/airflow/.local/lib/python3.12/site-packages/airflow/example_dags/example_branch_python_dop_operator_3.py took 0.150 seconds
[2024-08-23T07:55:16.809+0000] {processor.py:186} INFO - Started process (PID=237) to work on /home/airflow/.local/lib/python3.12/site-packages/airflow/example_dags/example_branch_python_dop_operator_3.py
[2024-08-23T07:55:16.811+0000] {processor.py:914} INFO - Processing file /home/airflow/.local/lib/python3.12/site-packages/airflow/example_dags/example_branch_python_dop_operator_3.py for tasks to queue
[2024-08-23T07:55:16.818+0000] {logging_mixin.py:190} INFO - [2024-08-23T07:55:16.817+0000] {dagbag.py:587} INFO - Filling up the DagBag from /home/airflow/.local/lib/python3.12/site-packages/airflow/example_dags/example_branch_python_dop_operator_3.py
[2024-08-23T07:55:16.848+0000] {processor.py:925} INFO - DAG(s) 'example_branch_dop_operator_v3' retrieved from /home/airflow/.local/lib/python3.12/site-packages/airflow/example_dags/example_branch_python_dop_operator_3.py
[2024-08-23T07:55:16.903+0000] {logging_mixin.py:190} INFO - [2024-08-23T07:55:16.902+0000] {dag.py:3211} INFO - Sync 1 DAGs
[2024-08-23T07:55:16.987+0000] {logging_mixin.py:190} INFO - [2024-08-23T07:55:16.987+0000] {dag.py:4138} INFO - Setting next_dagrun for example_branch_dop_operator_v3 to 2024-08-23 07:54:00+00:00, run_after=2024-08-23 07:55:00+00:00
[2024-08-23T07:55:17.052+0000] {processor.py:208} INFO - Processing /home/airflow/.local/lib/python3.12/site-packages/airflow/example_dags/example_branch_python_dop_operator_3.py took 0.264 seconds
[2024-08-23T08:20:34.972+0000] {processor.py:186} INFO - Started process (PID=108) to work on /home/airflow/.local/lib/python3.12/site-packages/airflow/example_dags/example_branch_python_dop_operator_3.py
[2024-08-23T08:20:34.973+0000] {processor.py:914} INFO - Processing file /home/airflow/.local/lib/python3.12/site-packages/airflow/example_dags/example_branch_python_dop_operator_3.py for tasks to queue
[2024-08-23T08:20:34.976+0000] {logging_mixin.py:190} INFO - [2024-08-23T08:20:34.976+0000] {dagbag.py:587} INFO - Filling up the DagBag from /home/airflow/.local/lib/python3.12/site-packages/airflow/example_dags/example_branch_python_dop_operator_3.py
[2024-08-23T08:20:34.986+0000] {processor.py:925} INFO - DAG(s) 'example_branch_dop_operator_v3' retrieved from /home/airflow/.local/lib/python3.12/site-packages/airflow/example_dags/example_branch_python_dop_operator_3.py
[2024-08-23T08:20:35.009+0000] {logging_mixin.py:190} INFO - [2024-08-23T08:20:35.009+0000] {dag.py:3211} INFO - Sync 1 DAGs
[2024-08-23T08:20:35.038+0000] {logging_mixin.py:190} INFO - [2024-08-23T08:20:35.038+0000] {dag.py:4138} INFO - Setting next_dagrun for example_branch_dop_operator_v3 to 2024-08-23 08:19:00+00:00, run_after=2024-08-23 08:20:00+00:00
[2024-08-23T08:20:35.058+0000] {processor.py:208} INFO - Processing /home/airflow/.local/lib/python3.12/site-packages/airflow/example_dags/example_branch_python_dop_operator_3.py took 0.092 seconds
[2024-08-23T08:23:28.965+0000] {processor.py:186} INFO - Started process (PID=105) to work on /home/airflow/.local/lib/python3.12/site-packages/airflow/example_dags/example_branch_python_dop_operator_3.py
[2024-08-23T08:23:28.966+0000] {processor.py:914} INFO - Processing file /home/airflow/.local/lib/python3.12/site-packages/airflow/example_dags/example_branch_python_dop_operator_3.py for tasks to queue
[2024-08-23T08:23:28.969+0000] {logging_mixin.py:190} INFO - [2024-08-23T08:23:28.968+0000] {dagbag.py:587} INFO - Filling up the DagBag from /home/airflow/.local/lib/python3.12/site-packages/airflow/example_dags/example_branch_python_dop_operator_3.py
[2024-08-23T08:23:28.981+0000] {processor.py:925} INFO - DAG(s) 'example_branch_dop_operator_v3' retrieved from /home/airflow/.local/lib/python3.12/site-packages/airflow/example_dags/example_branch_python_dop_operator_3.py
[2024-08-23T08:23:29.004+0000] {logging_mixin.py:190} INFO - [2024-08-23T08:23:29.004+0000] {dag.py:3211} INFO - Sync 1 DAGs
[2024-08-23T08:23:29.034+0000] {logging_mixin.py:190} INFO - [2024-08-23T08:23:29.033+0000] {dag.py:4138} INFO - Setting next_dagrun for example_branch_dop_operator_v3 to 2024-08-23 08:22:00+00:00, run_after=2024-08-23 08:23:00+00:00
[2024-08-23T08:23:29.054+0000] {processor.py:208} INFO - Processing /home/airflow/.local/lib/python3.12/site-packages/airflow/example_dags/example_branch_python_dop_operator_3.py took 0.094 seconds
[2024-08-23T08:23:59.868+0000] {processor.py:186} INFO - Started process (PID=168) to work on /home/airflow/.local/lib/python3.12/site-packages/airflow/example_dags/example_branch_python_dop_operator_3.py
[2024-08-23T08:23:59.869+0000] {processor.py:914} INFO - Processing file /home/airflow/.local/lib/python3.12/site-packages/airflow/example_dags/example_branch_python_dop_operator_3.py for tasks to queue
[2024-08-23T08:23:59.871+0000] {logging_mixin.py:190} INFO - [2024-08-23T08:23:59.871+0000] {dagbag.py:587} INFO - Filling up the DagBag from /home/airflow/.local/lib/python3.12/site-packages/airflow/example_dags/example_branch_python_dop_operator_3.py
[2024-08-23T08:23:59.880+0000] {processor.py:925} INFO - DAG(s) 'example_branch_dop_operator_v3' retrieved from /home/airflow/.local/lib/python3.12/site-packages/airflow/example_dags/example_branch_python_dop_operator_3.py
[2024-08-23T08:23:59.898+0000] {logging_mixin.py:190} INFO - [2024-08-23T08:23:59.898+0000] {dag.py:3211} INFO - Sync 1 DAGs
[2024-08-23T08:23:59.917+0000] {logging_mixin.py:190} INFO - [2024-08-23T08:23:59.917+0000] {dag.py:4138} INFO - Setting next_dagrun for example_branch_dop_operator_v3 to 2024-08-23 08:22:00+00:00, run_after=2024-08-23 08:23:00+00:00
[2024-08-23T08:23:59.936+0000] {processor.py:208} INFO - Processing /home/airflow/.local/lib/python3.12/site-packages/airflow/example_dags/example_branch_python_dop_operator_3.py took 0.072 seconds
[2024-08-23T08:24:30.686+0000] {processor.py:186} INFO - Started process (PID=230) to work on /home/airflow/.local/lib/python3.12/site-packages/airflow/example_dags/example_branch_python_dop_operator_3.py
[2024-08-23T08:24:30.687+0000] {processor.py:914} INFO - Processing file /home/airflow/.local/lib/python3.12/site-packages/airflow/example_dags/example_branch_python_dop_operator_3.py for tasks to queue
[2024-08-23T08:24:30.691+0000] {logging_mixin.py:190} INFO - [2024-08-23T08:24:30.690+0000] {dagbag.py:587} INFO - Filling up the DagBag from /home/airflow/.local/lib/python3.12/site-packages/airflow/example_dags/example_branch_python_dop_operator_3.py
[2024-08-23T08:24:30.705+0000] {processor.py:925} INFO - DAG(s) 'example_branch_dop_operator_v3' retrieved from /home/airflow/.local/lib/python3.12/site-packages/airflow/example_dags/example_branch_python_dop_operator_3.py
[2024-08-23T08:24:30.733+0000] {logging_mixin.py:190} INFO - [2024-08-23T08:24:30.733+0000] {dag.py:3211} INFO - Sync 1 DAGs
[2024-08-23T08:24:30.769+0000] {logging_mixin.py:190} INFO - [2024-08-23T08:24:30.769+0000] {dag.py:4138} INFO - Setting next_dagrun for example_branch_dop_operator_v3 to 2024-08-23 08:23:00+00:00, run_after=2024-08-23 08:24:00+00:00
[2024-08-23T08:24:30.802+0000] {processor.py:208} INFO - Processing /home/airflow/.local/lib/python3.12/site-packages/airflow/example_dags/example_branch_python_dop_operator_3.py took 0.126 seconds
[2024-08-23T08:25:04.143+0000] {processor.py:186} INFO - Started process (PID=292) to work on /home/airflow/.local/lib/python3.12/site-packages/airflow/example_dags/example_branch_python_dop_operator_3.py
[2024-08-23T08:25:04.145+0000] {processor.py:914} INFO - Processing file /home/airflow/.local/lib/python3.12/site-packages/airflow/example_dags/example_branch_python_dop_operator_3.py for tasks to queue
[2024-08-23T08:25:04.150+0000] {logging_mixin.py:190} INFO - [2024-08-23T08:25:04.149+0000] {dagbag.py:587} INFO - Filling up the DagBag from /home/airflow/.local/lib/python3.12/site-packages/airflow/example_dags/example_branch_python_dop_operator_3.py
[2024-08-23T08:25:04.172+0000] {processor.py:925} INFO - DAG(s) 'example_branch_dop_operator_v3' retrieved from /home/airflow/.local/lib/python3.12/site-packages/airflow/example_dags/example_branch_python_dop_operator_3.py
[2024-08-23T08:25:04.211+0000] {logging_mixin.py:190} INFO - [2024-08-23T08:25:04.210+0000] {dag.py:3211} INFO - Sync 1 DAGs
[2024-08-23T08:25:04.254+0000] {logging_mixin.py:190} INFO - [2024-08-23T08:25:04.254+0000] {dag.py:4138} INFO - Setting next_dagrun for example_branch_dop_operator_v3 to 2024-08-23 08:24:00+00:00, run_after=2024-08-23 08:25:00+00:00
[2024-08-23T08:25:04.294+0000] {processor.py:208} INFO - Processing /home/airflow/.local/lib/python3.12/site-packages/airflow/example_dags/example_branch_python_dop_operator_3.py took 0.161 seconds
[2024-08-23T08:25:34.658+0000] {processor.py:186} INFO - Started process (PID=354) to work on /home/airflow/.local/lib/python3.12/site-packages/airflow/example_dags/example_branch_python_dop_operator_3.py
[2024-08-23T08:25:34.660+0000] {processor.py:914} INFO - Processing file /home/airflow/.local/lib/python3.12/site-packages/airflow/example_dags/example_branch_python_dop_operator_3.py for tasks to queue
[2024-08-23T08:25:34.665+0000] {logging_mixin.py:190} INFO - [2024-08-23T08:25:34.665+0000] {dagbag.py:587} INFO - Filling up the DagBag from /home/airflow/.local/lib/python3.12/site-packages/airflow/example_dags/example_branch_python_dop_operator_3.py
[2024-08-23T08:25:34.690+0000] {processor.py:925} INFO - DAG(s) 'example_branch_dop_operator_v3' retrieved from /home/airflow/.local/lib/python3.12/site-packages/airflow/example_dags/example_branch_python_dop_operator_3.py
[2024-08-23T08:25:34.742+0000] {logging_mixin.py:190} INFO - [2024-08-23T08:25:34.741+0000] {dag.py:3211} INFO - Sync 1 DAGs
[2024-08-23T08:25:34.803+0000] {logging_mixin.py:190} INFO - [2024-08-23T08:25:34.803+0000] {dag.py:4138} INFO - Setting next_dagrun for example_branch_dop_operator_v3 to 2024-08-23 08:24:00+00:00, run_after=2024-08-23 08:25:00+00:00
[2024-08-23T08:25:34.844+0000] {processor.py:208} INFO - Processing /home/airflow/.local/lib/python3.12/site-packages/airflow/example_dags/example_branch_python_dop_operator_3.py took 0.200 seconds
[2024-08-23T08:26:05.369+0000] {processor.py:186} INFO - Started process (PID=416) to work on /home/airflow/.local/lib/python3.12/site-packages/airflow/example_dags/example_branch_python_dop_operator_3.py
[2024-08-23T08:26:05.370+0000] {processor.py:914} INFO - Processing file /home/airflow/.local/lib/python3.12/site-packages/airflow/example_dags/example_branch_python_dop_operator_3.py for tasks to queue
[2024-08-23T08:26:05.372+0000] {logging_mixin.py:190} INFO - [2024-08-23T08:26:05.372+0000] {dagbag.py:587} INFO - Filling up the DagBag from /home/airflow/.local/lib/python3.12/site-packages/airflow/example_dags/example_branch_python_dop_operator_3.py
[2024-08-23T08:26:05.380+0000] {processor.py:925} INFO - DAG(s) 'example_branch_dop_operator_v3' retrieved from /home/airflow/.local/lib/python3.12/site-packages/airflow/example_dags/example_branch_python_dop_operator_3.py
[2024-08-23T08:26:05.397+0000] {logging_mixin.py:190} INFO - [2024-08-23T08:26:05.396+0000] {dag.py:3211} INFO - Sync 1 DAGs
[2024-08-23T08:26:05.415+0000] {logging_mixin.py:190} INFO - [2024-08-23T08:26:05.415+0000] {dag.py:4138} INFO - Setting next_dagrun for example_branch_dop_operator_v3 to 2024-08-23 08:25:00+00:00, run_after=2024-08-23 08:26:00+00:00
[2024-08-23T08:26:05.433+0000] {processor.py:208} INFO - Processing /home/airflow/.local/lib/python3.12/site-packages/airflow/example_dags/example_branch_python_dop_operator_3.py took 0.069 seconds
[2024-08-23T10:25:06.705+0000] {processor.py:186} INFO - Started process (PID=110) to work on /home/airflow/.local/lib/python3.12/site-packages/airflow/example_dags/example_branch_python_dop_operator_3.py
[2024-08-23T10:25:06.707+0000] {processor.py:914} INFO - Processing file /home/airflow/.local/lib/python3.12/site-packages/airflow/example_dags/example_branch_python_dop_operator_3.py for tasks to queue
[2024-08-23T10:25:06.710+0000] {logging_mixin.py:190} INFO - [2024-08-23T10:25:06.710+0000] {dagbag.py:587} INFO - Filling up the DagBag from /home/airflow/.local/lib/python3.12/site-packages/airflow/example_dags/example_branch_python_dop_operator_3.py
[2024-08-23T10:25:06.724+0000] {processor.py:925} INFO - DAG(s) 'example_branch_dop_operator_v3' retrieved from /home/airflow/.local/lib/python3.12/site-packages/airflow/example_dags/example_branch_python_dop_operator_3.py
[2024-08-23T10:25:06.749+0000] {logging_mixin.py:190} INFO - [2024-08-23T10:25:06.748+0000] {dag.py:3211} INFO - Sync 1 DAGs
[2024-08-23T10:25:06.790+0000] {logging_mixin.py:190} INFO - [2024-08-23T10:25:06.790+0000] {dag.py:4138} INFO - Setting next_dagrun for example_branch_dop_operator_v3 to 2024-08-23 10:24:00+00:00, run_after=2024-08-23 10:25:00+00:00
[2024-08-23T10:25:06.816+0000] {processor.py:208} INFO - Processing /home/airflow/.local/lib/python3.12/site-packages/airflow/example_dags/example_branch_python_dop_operator_3.py took 0.120 seconds
[2024-08-23T10:25:37.791+0000] {processor.py:186} INFO - Started process (PID=172) to work on /home/airflow/.local/lib/python3.12/site-packages/airflow/example_dags/example_branch_python_dop_operator_3.py
[2024-08-23T10:25:37.792+0000] {processor.py:914} INFO - Processing file /home/airflow/.local/lib/python3.12/site-packages/airflow/example_dags/example_branch_python_dop_operator_3.py for tasks to queue
[2024-08-23T10:25:37.794+0000] {logging_mixin.py:190} INFO - [2024-08-23T10:25:37.793+0000] {dagbag.py:587} INFO - Filling up the DagBag from /home/airflow/.local/lib/python3.12/site-packages/airflow/example_dags/example_branch_python_dop_operator_3.py
[2024-08-23T10:25:37.801+0000] {processor.py:925} INFO - DAG(s) 'example_branch_dop_operator_v3' retrieved from /home/airflow/.local/lib/python3.12/site-packages/airflow/example_dags/example_branch_python_dop_operator_3.py
[2024-08-23T10:25:37.819+0000] {logging_mixin.py:190} INFO - [2024-08-23T10:25:37.818+0000] {dag.py:3211} INFO - Sync 1 DAGs
[2024-08-23T10:25:37.839+0000] {logging_mixin.py:190} INFO - [2024-08-23T10:25:37.839+0000] {dag.py:4138} INFO - Setting next_dagrun for example_branch_dop_operator_v3 to 2024-08-23 10:24:00+00:00, run_after=2024-08-23 10:25:00+00:00
[2024-08-23T10:25:37.857+0000] {processor.py:208} INFO - Processing /home/airflow/.local/lib/python3.12/site-packages/airflow/example_dags/example_branch_python_dop_operator_3.py took 0.070 seconds
[2024-08-23T10:26:08.563+0000] {processor.py:186} INFO - Started process (PID=234) to work on /home/airflow/.local/lib/python3.12/site-packages/airflow/example_dags/example_branch_python_dop_operator_3.py
[2024-08-23T10:26:08.563+0000] {processor.py:914} INFO - Processing file /home/airflow/.local/lib/python3.12/site-packages/airflow/example_dags/example_branch_python_dop_operator_3.py for tasks to queue
[2024-08-23T10:26:08.566+0000] {logging_mixin.py:190} INFO - [2024-08-23T10:26:08.565+0000] {dagbag.py:587} INFO - Filling up the DagBag from /home/airflow/.local/lib/python3.12/site-packages/airflow/example_dags/example_branch_python_dop_operator_3.py
[2024-08-23T10:26:08.574+0000] {processor.py:925} INFO - DAG(s) 'example_branch_dop_operator_v3' retrieved from /home/airflow/.local/lib/python3.12/site-packages/airflow/example_dags/example_branch_python_dop_operator_3.py
[2024-08-23T10:26:08.592+0000] {logging_mixin.py:190} INFO - [2024-08-23T10:26:08.592+0000] {dag.py:3211} INFO - Sync 1 DAGs
[2024-08-23T10:26:08.613+0000] {logging_mixin.py:190} INFO - [2024-08-23T10:26:08.613+0000] {dag.py:4138} INFO - Setting next_dagrun for example_branch_dop_operator_v3 to 2024-08-23 10:25:00+00:00, run_after=2024-08-23 10:26:00+00:00
[2024-08-23T10:26:08.634+0000] {processor.py:208} INFO - Processing /home/airflow/.local/lib/python3.12/site-packages/airflow/example_dags/example_branch_python_dop_operator_3.py took 0.076 seconds
[2024-08-23T10:26:38.690+0000] {processor.py:186} INFO - Started process (PID=296) to work on /home/airflow/.local/lib/python3.12/site-packages/airflow/example_dags/example_branch_python_dop_operator_3.py
[2024-08-23T10:26:38.691+0000] {processor.py:914} INFO - Processing file /home/airflow/.local/lib/python3.12/site-packages/airflow/example_dags/example_branch_python_dop_operator_3.py for tasks to queue
[2024-08-23T10:26:38.693+0000] {logging_mixin.py:190} INFO - [2024-08-23T10:26:38.692+0000] {dagbag.py:587} INFO - Filling up the DagBag from /home/airflow/.local/lib/python3.12/site-packages/airflow/example_dags/example_branch_python_dop_operator_3.py
[2024-08-23T10:26:38.701+0000] {processor.py:925} INFO - DAG(s) 'example_branch_dop_operator_v3' retrieved from /home/airflow/.local/lib/python3.12/site-packages/airflow/example_dags/example_branch_python_dop_operator_3.py
[2024-08-23T10:26:38.720+0000] {logging_mixin.py:190} INFO - [2024-08-23T10:26:38.720+0000] {dag.py:3211} INFO - Sync 1 DAGs
[2024-08-23T10:26:38.745+0000] {logging_mixin.py:190} INFO - [2024-08-23T10:26:38.745+0000] {dag.py:4138} INFO - Setting next_dagrun for example_branch_dop_operator_v3 to 2024-08-23 10:25:00+00:00, run_after=2024-08-23 10:26:00+00:00
[2024-08-23T10:26:38.768+0000] {processor.py:208} INFO - Processing /home/airflow/.local/lib/python3.12/site-packages/airflow/example_dags/example_branch_python_dop_operator_3.py took 0.083 seconds
[2024-08-23T10:27:11.524+0000] {processor.py:186} INFO - Started process (PID=358) to work on /home/airflow/.local/lib/python3.12/site-packages/airflow/example_dags/example_branch_python_dop_operator_3.py
[2024-08-23T10:27:11.527+0000] {processor.py:914} INFO - Processing file /home/airflow/.local/lib/python3.12/site-packages/airflow/example_dags/example_branch_python_dop_operator_3.py for tasks to queue
[2024-08-23T10:27:11.531+0000] {logging_mixin.py:190} INFO - [2024-08-23T10:27:11.531+0000] {dagbag.py:587} INFO - Filling up the DagBag from /home/airflow/.local/lib/python3.12/site-packages/airflow/example_dags/example_branch_python_dop_operator_3.py
[2024-08-23T10:27:11.550+0000] {processor.py:925} INFO - DAG(s) 'example_branch_dop_operator_v3' retrieved from /home/airflow/.local/lib/python3.12/site-packages/airflow/example_dags/example_branch_python_dop_operator_3.py
[2024-08-23T10:27:11.595+0000] {logging_mixin.py:190} INFO - [2024-08-23T10:27:11.595+0000] {dag.py:3211} INFO - Sync 1 DAGs
[2024-08-23T10:27:11.643+0000] {logging_mixin.py:190} INFO - [2024-08-23T10:27:11.643+0000] {dag.py:4138} INFO - Setting next_dagrun for example_branch_dop_operator_v3 to 2024-08-23 10:26:00+00:00, run_after=2024-08-23 10:27:00+00:00
[2024-08-23T10:27:11.678+0000] {processor.py:208} INFO - Processing /home/airflow/.local/lib/python3.12/site-packages/airflow/example_dags/example_branch_python_dop_operator_3.py took 0.165 seconds
[2024-08-23T10:27:43.189+0000] {processor.py:186} INFO - Started process (PID=420) to work on /home/airflow/.local/lib/python3.12/site-packages/airflow/example_dags/example_branch_python_dop_operator_3.py
[2024-08-23T10:27:43.191+0000] {processor.py:914} INFO - Processing file /home/airflow/.local/lib/python3.12/site-packages/airflow/example_dags/example_branch_python_dop_operator_3.py for tasks to queue
[2024-08-23T10:27:43.206+0000] {logging_mixin.py:190} INFO - [2024-08-23T10:27:43.204+0000] {dagbag.py:587} INFO - Filling up the DagBag from /home/airflow/.local/lib/python3.12/site-packages/airflow/example_dags/example_branch_python_dop_operator_3.py
[2024-08-23T10:27:43.247+0000] {processor.py:925} INFO - DAG(s) 'example_branch_dop_operator_v3' retrieved from /home/airflow/.local/lib/python3.12/site-packages/airflow/example_dags/example_branch_python_dop_operator_3.py
[2024-08-23T10:27:43.315+0000] {logging_mixin.py:190} INFO - [2024-08-23T10:27:43.314+0000] {dag.py:3211} INFO - Sync 1 DAGs
[2024-08-23T10:27:43.414+0000] {logging_mixin.py:190} INFO - [2024-08-23T10:27:43.413+0000] {dag.py:4138} INFO - Setting next_dagrun for example_branch_dop_operator_v3 to 2024-08-23 10:26:00+00:00, run_after=2024-08-23 10:27:00+00:00
[2024-08-23T10:27:43.520+0000] {processor.py:208} INFO - Processing /home/airflow/.local/lib/python3.12/site-packages/airflow/example_dags/example_branch_python_dop_operator_3.py took 0.352 seconds
