[2024-08-23T06:38:30.878+0000] {processor.py:186} INFO - Started process (PID=79) to work on /home/airflow/.local/lib/python3.12/site-packages/airflow/example_dags/example_trigger_target_dag.py
[2024-08-23T06:38:30.879+0000] {processor.py:914} INFO - Processing file /home/airflow/.local/lib/python3.12/site-packages/airflow/example_dags/example_trigger_target_dag.py for tasks to queue
[2024-08-23T06:38:30.882+0000] {logging_mixin.py:190} INFO - [2024-08-23T06:38:30.881+0000] {dagbag.py:587} INFO - Filling up the DagBag from /home/airflow/.local/lib/python3.12/site-packages/airflow/example_dags/example_trigger_target_dag.py
[2024-08-23T06:38:30.890+0000] {processor.py:925} INFO - DAG(s) 'example_trigger_target_dag' retrieved from /home/airflow/.local/lib/python3.12/site-packages/airflow/example_dags/example_trigger_target_dag.py
[2024-08-23T06:38:31.054+0000] {logging_mixin.py:190} INFO - [2024-08-23T06:38:31.053+0000] {override.py:1858} INFO - Created Permission View: can edit on DAG:example_trigger_target_dag
[2024-08-23T06:38:31.068+0000] {logging_mixin.py:190} INFO - [2024-08-23T06:38:31.067+0000] {override.py:1858} INFO - Created Permission View: can delete on DAG:example_trigger_target_dag
[2024-08-23T06:38:31.077+0000] {logging_mixin.py:190} INFO - [2024-08-23T06:38:31.077+0000] {override.py:1858} INFO - Created Permission View: can read on DAG:example_trigger_target_dag
[2024-08-23T06:38:31.078+0000] {logging_mixin.py:190} INFO - [2024-08-23T06:38:31.078+0000] {dag.py:3211} INFO - Sync 1 DAGs
[2024-08-23T06:38:31.108+0000] {logging_mixin.py:190} INFO - [2024-08-23T06:38:31.108+0000] {dag.py:3234} INFO - Creating ORM DAG for example_trigger_target_dag
[2024-08-23T06:38:31.109+0000] {logging_mixin.py:190} INFO - [2024-08-23T06:38:31.109+0000] {dag.py:4138} INFO - Setting next_dagrun for example_trigger_target_dag to None, run_after=None
[2024-08-23T06:38:31.125+0000] {processor.py:208} INFO - Processing /home/airflow/.local/lib/python3.12/site-packages/airflow/example_dags/example_trigger_target_dag.py took 0.254 seconds
[2024-08-23T06:39:01.395+0000] {processor.py:186} INFO - Started process (PID=141) to work on /home/airflow/.local/lib/python3.12/site-packages/airflow/example_dags/example_trigger_target_dag.py
[2024-08-23T06:39:01.396+0000] {processor.py:914} INFO - Processing file /home/airflow/.local/lib/python3.12/site-packages/airflow/example_dags/example_trigger_target_dag.py for tasks to queue
[2024-08-23T06:39:01.399+0000] {logging_mixin.py:190} INFO - [2024-08-23T06:39:01.399+0000] {dagbag.py:587} INFO - Filling up the DagBag from /home/airflow/.local/lib/python3.12/site-packages/airflow/example_dags/example_trigger_target_dag.py
[2024-08-23T06:39:01.409+0000] {processor.py:925} INFO - DAG(s) 'example_trigger_target_dag' retrieved from /home/airflow/.local/lib/python3.12/site-packages/airflow/example_dags/example_trigger_target_dag.py
[2024-08-23T06:39:01.435+0000] {logging_mixin.py:190} INFO - [2024-08-23T06:39:01.435+0000] {dag.py:3211} INFO - Sync 1 DAGs
[2024-08-23T06:39:01.458+0000] {logging_mixin.py:190} INFO - [2024-08-23T06:39:01.457+0000] {dag.py:4138} INFO - Setting next_dagrun for example_trigger_target_dag to None, run_after=None
[2024-08-23T06:39:01.489+0000] {processor.py:208} INFO - Processing /home/airflow/.local/lib/python3.12/site-packages/airflow/example_dags/example_trigger_target_dag.py took 0.102 seconds
[2024-08-23T06:39:32.074+0000] {processor.py:186} INFO - Started process (PID=203) to work on /home/airflow/.local/lib/python3.12/site-packages/airflow/example_dags/example_trigger_target_dag.py
[2024-08-23T06:39:32.076+0000] {processor.py:914} INFO - Processing file /home/airflow/.local/lib/python3.12/site-packages/airflow/example_dags/example_trigger_target_dag.py for tasks to queue
[2024-08-23T06:39:32.084+0000] {logging_mixin.py:190} INFO - [2024-08-23T06:39:32.083+0000] {dagbag.py:587} INFO - Filling up the DagBag from /home/airflow/.local/lib/python3.12/site-packages/airflow/example_dags/example_trigger_target_dag.py
[2024-08-23T06:39:32.097+0000] {processor.py:925} INFO - DAG(s) 'example_trigger_target_dag' retrieved from /home/airflow/.local/lib/python3.12/site-packages/airflow/example_dags/example_trigger_target_dag.py
[2024-08-23T06:39:32.126+0000] {logging_mixin.py:190} INFO - [2024-08-23T06:39:32.126+0000] {dag.py:3211} INFO - Sync 1 DAGs
[2024-08-23T06:39:32.151+0000] {logging_mixin.py:190} INFO - [2024-08-23T06:39:32.150+0000] {dag.py:4138} INFO - Setting next_dagrun for example_trigger_target_dag to None, run_after=None
[2024-08-23T06:39:32.180+0000] {processor.py:208} INFO - Processing /home/airflow/.local/lib/python3.12/site-packages/airflow/example_dags/example_trigger_target_dag.py took 0.116 seconds
[2024-08-23T06:40:02.570+0000] {processor.py:186} INFO - Started process (PID=265) to work on /home/airflow/.local/lib/python3.12/site-packages/airflow/example_dags/example_trigger_target_dag.py
[2024-08-23T06:40:02.572+0000] {processor.py:914} INFO - Processing file /home/airflow/.local/lib/python3.12/site-packages/airflow/example_dags/example_trigger_target_dag.py for tasks to queue
[2024-08-23T06:40:02.575+0000] {logging_mixin.py:190} INFO - [2024-08-23T06:40:02.574+0000] {dagbag.py:587} INFO - Filling up the DagBag from /home/airflow/.local/lib/python3.12/site-packages/airflow/example_dags/example_trigger_target_dag.py
[2024-08-23T06:40:02.590+0000] {processor.py:925} INFO - DAG(s) 'example_trigger_target_dag' retrieved from /home/airflow/.local/lib/python3.12/site-packages/airflow/example_dags/example_trigger_target_dag.py
[2024-08-23T06:40:02.617+0000] {logging_mixin.py:190} INFO - [2024-08-23T06:40:02.616+0000] {dag.py:3211} INFO - Sync 1 DAGs
[2024-08-23T06:40:02.656+0000] {logging_mixin.py:190} INFO - [2024-08-23T06:40:02.655+0000] {dag.py:4138} INFO - Setting next_dagrun for example_trigger_target_dag to None, run_after=None
[2024-08-23T06:40:02.689+0000] {processor.py:208} INFO - Processing /home/airflow/.local/lib/python3.12/site-packages/airflow/example_dags/example_trigger_target_dag.py took 0.134 seconds
[2024-08-23T06:40:33.751+0000] {processor.py:186} INFO - Started process (PID=327) to work on /home/airflow/.local/lib/python3.12/site-packages/airflow/example_dags/example_trigger_target_dag.py
[2024-08-23T06:40:33.753+0000] {processor.py:914} INFO - Processing file /home/airflow/.local/lib/python3.12/site-packages/airflow/example_dags/example_trigger_target_dag.py for tasks to queue
[2024-08-23T06:40:33.756+0000] {logging_mixin.py:190} INFO - [2024-08-23T06:40:33.756+0000] {dagbag.py:587} INFO - Filling up the DagBag from /home/airflow/.local/lib/python3.12/site-packages/airflow/example_dags/example_trigger_target_dag.py
[2024-08-23T06:40:33.769+0000] {processor.py:925} INFO - DAG(s) 'example_trigger_target_dag' retrieved from /home/airflow/.local/lib/python3.12/site-packages/airflow/example_dags/example_trigger_target_dag.py
[2024-08-23T06:40:33.803+0000] {logging_mixin.py:190} INFO - [2024-08-23T06:40:33.803+0000] {dag.py:3211} INFO - Sync 1 DAGs
[2024-08-23T06:40:33.833+0000] {logging_mixin.py:190} INFO - [2024-08-23T06:40:33.832+0000] {dag.py:4138} INFO - Setting next_dagrun for example_trigger_target_dag to None, run_after=None
[2024-08-23T06:40:33.869+0000] {processor.py:208} INFO - Processing /home/airflow/.local/lib/python3.12/site-packages/airflow/example_dags/example_trigger_target_dag.py took 0.129 seconds
[2024-08-23T06:41:04.169+0000] {processor.py:186} INFO - Started process (PID=389) to work on /home/airflow/.local/lib/python3.12/site-packages/airflow/example_dags/example_trigger_target_dag.py
[2024-08-23T06:41:04.171+0000] {processor.py:914} INFO - Processing file /home/airflow/.local/lib/python3.12/site-packages/airflow/example_dags/example_trigger_target_dag.py for tasks to queue
[2024-08-23T06:41:04.175+0000] {logging_mixin.py:190} INFO - [2024-08-23T06:41:04.174+0000] {dagbag.py:587} INFO - Filling up the DagBag from /home/airflow/.local/lib/python3.12/site-packages/airflow/example_dags/example_trigger_target_dag.py
[2024-08-23T06:41:04.183+0000] {processor.py:925} INFO - DAG(s) 'example_trigger_target_dag' retrieved from /home/airflow/.local/lib/python3.12/site-packages/airflow/example_dags/example_trigger_target_dag.py
[2024-08-23T06:41:04.203+0000] {logging_mixin.py:190} INFO - [2024-08-23T06:41:04.203+0000] {dag.py:3211} INFO - Sync 1 DAGs
[2024-08-23T06:41:04.219+0000] {logging_mixin.py:190} INFO - [2024-08-23T06:41:04.219+0000] {dag.py:4138} INFO - Setting next_dagrun for example_trigger_target_dag to None, run_after=None
[2024-08-23T06:41:04.242+0000] {processor.py:208} INFO - Processing /home/airflow/.local/lib/python3.12/site-packages/airflow/example_dags/example_trigger_target_dag.py took 0.080 seconds
[2024-08-23T06:41:34.596+0000] {processor.py:186} INFO - Started process (PID=451) to work on /home/airflow/.local/lib/python3.12/site-packages/airflow/example_dags/example_trigger_target_dag.py
[2024-08-23T06:41:34.598+0000] {processor.py:914} INFO - Processing file /home/airflow/.local/lib/python3.12/site-packages/airflow/example_dags/example_trigger_target_dag.py for tasks to queue
[2024-08-23T06:41:34.601+0000] {logging_mixin.py:190} INFO - [2024-08-23T06:41:34.600+0000] {dagbag.py:587} INFO - Filling up the DagBag from /home/airflow/.local/lib/python3.12/site-packages/airflow/example_dags/example_trigger_target_dag.py
[2024-08-23T06:41:34.609+0000] {processor.py:925} INFO - DAG(s) 'example_trigger_target_dag' retrieved from /home/airflow/.local/lib/python3.12/site-packages/airflow/example_dags/example_trigger_target_dag.py
[2024-08-23T06:41:34.632+0000] {logging_mixin.py:190} INFO - [2024-08-23T06:41:34.631+0000] {dag.py:3211} INFO - Sync 1 DAGs
[2024-08-23T06:41:34.650+0000] {logging_mixin.py:190} INFO - [2024-08-23T06:41:34.649+0000] {dag.py:4138} INFO - Setting next_dagrun for example_trigger_target_dag to None, run_after=None
[2024-08-23T06:41:34.675+0000] {processor.py:208} INFO - Processing /home/airflow/.local/lib/python3.12/site-packages/airflow/example_dags/example_trigger_target_dag.py took 0.087 seconds
[2024-08-23T06:42:05.708+0000] {processor.py:186} INFO - Started process (PID=513) to work on /home/airflow/.local/lib/python3.12/site-packages/airflow/example_dags/example_trigger_target_dag.py
[2024-08-23T06:42:05.710+0000] {processor.py:914} INFO - Processing file /home/airflow/.local/lib/python3.12/site-packages/airflow/example_dags/example_trigger_target_dag.py for tasks to queue
[2024-08-23T06:42:05.711+0000] {logging_mixin.py:190} INFO - [2024-08-23T06:42:05.711+0000] {dagbag.py:587} INFO - Filling up the DagBag from /home/airflow/.local/lib/python3.12/site-packages/airflow/example_dags/example_trigger_target_dag.py
[2024-08-23T06:42:05.717+0000] {processor.py:925} INFO - DAG(s) 'example_trigger_target_dag' retrieved from /home/airflow/.local/lib/python3.12/site-packages/airflow/example_dags/example_trigger_target_dag.py
[2024-08-23T06:42:05.733+0000] {logging_mixin.py:190} INFO - [2024-08-23T06:42:05.733+0000] {dag.py:3211} INFO - Sync 1 DAGs
[2024-08-23T06:42:05.750+0000] {logging_mixin.py:190} INFO - [2024-08-23T06:42:05.749+0000] {dag.py:4138} INFO - Setting next_dagrun for example_trigger_target_dag to None, run_after=None
[2024-08-23T06:42:05.799+0000] {processor.py:208} INFO - Processing /home/airflow/.local/lib/python3.12/site-packages/airflow/example_dags/example_trigger_target_dag.py took 0.097 seconds
[2024-08-23T07:54:09.029+0000] {processor.py:186} INFO - Started process (PID=82) to work on /home/airflow/.local/lib/python3.12/site-packages/airflow/example_dags/example_trigger_target_dag.py
[2024-08-23T07:54:09.044+0000] {processor.py:914} INFO - Processing file /home/airflow/.local/lib/python3.12/site-packages/airflow/example_dags/example_trigger_target_dag.py for tasks to queue
[2024-08-23T07:54:09.053+0000] {logging_mixin.py:190} INFO - [2024-08-23T07:54:09.050+0000] {dagbag.py:587} INFO - Filling up the DagBag from /home/airflow/.local/lib/python3.12/site-packages/airflow/example_dags/example_trigger_target_dag.py
[2024-08-23T07:54:09.145+0000] {processor.py:925} INFO - DAG(s) 'example_trigger_target_dag' retrieved from /home/airflow/.local/lib/python3.12/site-packages/airflow/example_dags/example_trigger_target_dag.py
[2024-08-23T07:54:09.280+0000] {logging_mixin.py:190} INFO - [2024-08-23T07:54:09.276+0000] {dag.py:3211} INFO - Sync 1 DAGs
[2024-08-23T07:54:09.368+0000] {logging_mixin.py:190} INFO - [2024-08-23T07:54:09.364+0000] {dag.py:4138} INFO - Setting next_dagrun for example_trigger_target_dag to None, run_after=None
[2024-08-23T07:54:09.447+0000] {processor.py:208} INFO - Processing /home/airflow/.local/lib/python3.12/site-packages/airflow/example_dags/example_trigger_target_dag.py took 0.445 seconds
[2024-08-23T07:54:40.220+0000] {processor.py:186} INFO - Started process (PID=144) to work on /home/airflow/.local/lib/python3.12/site-packages/airflow/example_dags/example_trigger_target_dag.py
[2024-08-23T07:54:40.224+0000] {processor.py:914} INFO - Processing file /home/airflow/.local/lib/python3.12/site-packages/airflow/example_dags/example_trigger_target_dag.py for tasks to queue
[2024-08-23T07:54:40.234+0000] {logging_mixin.py:190} INFO - [2024-08-23T07:54:40.233+0000] {dagbag.py:587} INFO - Filling up the DagBag from /home/airflow/.local/lib/python3.12/site-packages/airflow/example_dags/example_trigger_target_dag.py
[2024-08-23T07:54:40.257+0000] {processor.py:925} INFO - DAG(s) 'example_trigger_target_dag' retrieved from /home/airflow/.local/lib/python3.12/site-packages/airflow/example_dags/example_trigger_target_dag.py
[2024-08-23T07:54:40.304+0000] {logging_mixin.py:190} INFO - [2024-08-23T07:54:40.304+0000] {dag.py:3211} INFO - Sync 1 DAGs
[2024-08-23T07:54:40.339+0000] {logging_mixin.py:190} INFO - [2024-08-23T07:54:40.338+0000] {dag.py:4138} INFO - Setting next_dagrun for example_trigger_target_dag to None, run_after=None
[2024-08-23T07:54:40.375+0000] {processor.py:208} INFO - Processing /home/airflow/.local/lib/python3.12/site-packages/airflow/example_dags/example_trigger_target_dag.py took 0.181 seconds
[2024-08-23T07:55:10.469+0000] {processor.py:186} INFO - Started process (PID=206) to work on /home/airflow/.local/lib/python3.12/site-packages/airflow/example_dags/example_trigger_target_dag.py
[2024-08-23T07:55:10.470+0000] {processor.py:914} INFO - Processing file /home/airflow/.local/lib/python3.12/site-packages/airflow/example_dags/example_trigger_target_dag.py for tasks to queue
[2024-08-23T07:55:10.473+0000] {logging_mixin.py:190} INFO - [2024-08-23T07:55:10.472+0000] {dagbag.py:587} INFO - Filling up the DagBag from /home/airflow/.local/lib/python3.12/site-packages/airflow/example_dags/example_trigger_target_dag.py
[2024-08-23T07:55:10.480+0000] {processor.py:925} INFO - DAG(s) 'example_trigger_target_dag' retrieved from /home/airflow/.local/lib/python3.12/site-packages/airflow/example_dags/example_trigger_target_dag.py
[2024-08-23T07:55:10.499+0000] {logging_mixin.py:190} INFO - [2024-08-23T07:55:10.499+0000] {dag.py:3211} INFO - Sync 1 DAGs
[2024-08-23T07:55:10.514+0000] {logging_mixin.py:190} INFO - [2024-08-23T07:55:10.514+0000] {dag.py:4138} INFO - Setting next_dagrun for example_trigger_target_dag to None, run_after=None
[2024-08-23T07:55:10.534+0000] {processor.py:208} INFO - Processing /home/airflow/.local/lib/python3.12/site-packages/airflow/example_dags/example_trigger_target_dag.py took 0.071 seconds
[2024-08-23T08:20:32.171+0000] {processor.py:186} INFO - Started process (PID=77) to work on /home/airflow/.local/lib/python3.12/site-packages/airflow/example_dags/example_trigger_target_dag.py
[2024-08-23T08:20:32.172+0000] {processor.py:914} INFO - Processing file /home/airflow/.local/lib/python3.12/site-packages/airflow/example_dags/example_trigger_target_dag.py for tasks to queue
[2024-08-23T08:20:32.175+0000] {logging_mixin.py:190} INFO - [2024-08-23T08:20:32.174+0000] {dagbag.py:587} INFO - Filling up the DagBag from /home/airflow/.local/lib/python3.12/site-packages/airflow/example_dags/example_trigger_target_dag.py
[2024-08-23T08:20:32.182+0000] {processor.py:925} INFO - DAG(s) 'example_trigger_target_dag' retrieved from /home/airflow/.local/lib/python3.12/site-packages/airflow/example_dags/example_trigger_target_dag.py
[2024-08-23T08:20:32.202+0000] {logging_mixin.py:190} INFO - [2024-08-23T08:20:32.202+0000] {dag.py:3211} INFO - Sync 1 DAGs
[2024-08-23T08:20:32.216+0000] {logging_mixin.py:190} INFO - [2024-08-23T08:20:32.216+0000] {dag.py:4138} INFO - Setting next_dagrun for example_trigger_target_dag to None, run_after=None
[2024-08-23T08:20:32.234+0000] {processor.py:208} INFO - Processing /home/airflow/.local/lib/python3.12/site-packages/airflow/example_dags/example_trigger_target_dag.py took 0.069 seconds
[2024-08-23T08:23:26.584+0000] {processor.py:186} INFO - Started process (PID=74) to work on /home/airflow/.local/lib/python3.12/site-packages/airflow/example_dags/example_trigger_target_dag.py
[2024-08-23T08:23:26.585+0000] {processor.py:914} INFO - Processing file /home/airflow/.local/lib/python3.12/site-packages/airflow/example_dags/example_trigger_target_dag.py for tasks to queue
[2024-08-23T08:23:26.588+0000] {logging_mixin.py:190} INFO - [2024-08-23T08:23:26.587+0000] {dagbag.py:587} INFO - Filling up the DagBag from /home/airflow/.local/lib/python3.12/site-packages/airflow/example_dags/example_trigger_target_dag.py
[2024-08-23T08:23:26.598+0000] {processor.py:925} INFO - DAG(s) 'example_trigger_target_dag' retrieved from /home/airflow/.local/lib/python3.12/site-packages/airflow/example_dags/example_trigger_target_dag.py
[2024-08-23T08:23:26.620+0000] {logging_mixin.py:190} INFO - [2024-08-23T08:23:26.620+0000] {dag.py:3211} INFO - Sync 1 DAGs
[2024-08-23T08:23:26.633+0000] {logging_mixin.py:190} INFO - [2024-08-23T08:23:26.633+0000] {dag.py:4138} INFO - Setting next_dagrun for example_trigger_target_dag to None, run_after=None
[2024-08-23T08:23:26.653+0000] {processor.py:208} INFO - Processing /home/airflow/.local/lib/python3.12/site-packages/airflow/example_dags/example_trigger_target_dag.py took 0.077 seconds
[2024-08-23T08:23:58.026+0000] {processor.py:186} INFO - Started process (PID=137) to work on /home/airflow/.local/lib/python3.12/site-packages/airflow/example_dags/example_trigger_target_dag.py
[2024-08-23T08:23:58.027+0000] {processor.py:914} INFO - Processing file /home/airflow/.local/lib/python3.12/site-packages/airflow/example_dags/example_trigger_target_dag.py for tasks to queue
[2024-08-23T08:23:58.030+0000] {logging_mixin.py:190} INFO - [2024-08-23T08:23:58.030+0000] {dagbag.py:587} INFO - Filling up the DagBag from /home/airflow/.local/lib/python3.12/site-packages/airflow/example_dags/example_trigger_target_dag.py
[2024-08-23T08:23:58.037+0000] {processor.py:925} INFO - DAG(s) 'example_trigger_target_dag' retrieved from /home/airflow/.local/lib/python3.12/site-packages/airflow/example_dags/example_trigger_target_dag.py
[2024-08-23T08:23:58.056+0000] {logging_mixin.py:190} INFO - [2024-08-23T08:23:58.056+0000] {dag.py:3211} INFO - Sync 1 DAGs
[2024-08-23T08:23:58.068+0000] {logging_mixin.py:190} INFO - [2024-08-23T08:23:58.068+0000] {dag.py:4138} INFO - Setting next_dagrun for example_trigger_target_dag to None, run_after=None
[2024-08-23T08:23:58.092+0000] {processor.py:208} INFO - Processing /home/airflow/.local/lib/python3.12/site-packages/airflow/example_dags/example_trigger_target_dag.py took 0.071 seconds
[2024-08-23T08:24:28.526+0000] {processor.py:186} INFO - Started process (PID=199) to work on /home/airflow/.local/lib/python3.12/site-packages/airflow/example_dags/example_trigger_target_dag.py
[2024-08-23T08:24:28.527+0000] {processor.py:914} INFO - Processing file /home/airflow/.local/lib/python3.12/site-packages/airflow/example_dags/example_trigger_target_dag.py for tasks to queue
[2024-08-23T08:24:28.529+0000] {logging_mixin.py:190} INFO - [2024-08-23T08:24:28.529+0000] {dagbag.py:587} INFO - Filling up the DagBag from /home/airflow/.local/lib/python3.12/site-packages/airflow/example_dags/example_trigger_target_dag.py
[2024-08-23T08:24:28.537+0000] {processor.py:925} INFO - DAG(s) 'example_trigger_target_dag' retrieved from /home/airflow/.local/lib/python3.12/site-packages/airflow/example_dags/example_trigger_target_dag.py
[2024-08-23T08:24:28.554+0000] {logging_mixin.py:190} INFO - [2024-08-23T08:24:28.554+0000] {dag.py:3211} INFO - Sync 1 DAGs
[2024-08-23T08:24:28.565+0000] {logging_mixin.py:190} INFO - [2024-08-23T08:24:28.565+0000] {dag.py:4138} INFO - Setting next_dagrun for example_trigger_target_dag to None, run_after=None
[2024-08-23T08:24:28.585+0000] {processor.py:208} INFO - Processing /home/airflow/.local/lib/python3.12/site-packages/airflow/example_dags/example_trigger_target_dag.py took 0.065 seconds
[2024-08-23T08:24:59.051+0000] {processor.py:186} INFO - Started process (PID=261) to work on /home/airflow/.local/lib/python3.12/site-packages/airflow/example_dags/example_trigger_target_dag.py
[2024-08-23T08:24:59.052+0000] {processor.py:914} INFO - Processing file /home/airflow/.local/lib/python3.12/site-packages/airflow/example_dags/example_trigger_target_dag.py for tasks to queue
[2024-08-23T08:24:59.057+0000] {logging_mixin.py:190} INFO - [2024-08-23T08:24:59.056+0000] {dagbag.py:587} INFO - Filling up the DagBag from /home/airflow/.local/lib/python3.12/site-packages/airflow/example_dags/example_trigger_target_dag.py
[2024-08-23T08:24:59.069+0000] {processor.py:925} INFO - DAG(s) 'example_trigger_target_dag' retrieved from /home/airflow/.local/lib/python3.12/site-packages/airflow/example_dags/example_trigger_target_dag.py
[2024-08-23T08:24:59.100+0000] {logging_mixin.py:190} INFO - [2024-08-23T08:24:59.099+0000] {dag.py:3211} INFO - Sync 1 DAGs
[2024-08-23T08:24:59.126+0000] {logging_mixin.py:190} INFO - [2024-08-23T08:24:59.126+0000] {dag.py:4138} INFO - Setting next_dagrun for example_trigger_target_dag to None, run_after=None
[2024-08-23T08:24:59.160+0000] {processor.py:208} INFO - Processing /home/airflow/.local/lib/python3.12/site-packages/airflow/example_dags/example_trigger_target_dag.py took 0.121 seconds
[2024-08-23T08:25:29.581+0000] {processor.py:186} INFO - Started process (PID=323) to work on /home/airflow/.local/lib/python3.12/site-packages/airflow/example_dags/example_trigger_target_dag.py
[2024-08-23T08:25:29.583+0000] {processor.py:914} INFO - Processing file /home/airflow/.local/lib/python3.12/site-packages/airflow/example_dags/example_trigger_target_dag.py for tasks to queue
[2024-08-23T08:25:29.588+0000] {logging_mixin.py:190} INFO - [2024-08-23T08:25:29.588+0000] {dagbag.py:587} INFO - Filling up the DagBag from /home/airflow/.local/lib/python3.12/site-packages/airflow/example_dags/example_trigger_target_dag.py
[2024-08-23T08:25:29.604+0000] {processor.py:925} INFO - DAG(s) 'example_trigger_target_dag' retrieved from /home/airflow/.local/lib/python3.12/site-packages/airflow/example_dags/example_trigger_target_dag.py
[2024-08-23T08:25:29.638+0000] {logging_mixin.py:190} INFO - [2024-08-23T08:25:29.637+0000] {dag.py:3211} INFO - Sync 1 DAGs
[2024-08-23T08:25:29.660+0000] {logging_mixin.py:190} INFO - [2024-08-23T08:25:29.660+0000] {dag.py:4138} INFO - Setting next_dagrun for example_trigger_target_dag to None, run_after=None
[2024-08-23T08:25:29.692+0000] {processor.py:208} INFO - Processing /home/airflow/.local/lib/python3.12/site-packages/airflow/example_dags/example_trigger_target_dag.py took 0.119 seconds
[2024-08-23T08:26:00.531+0000] {processor.py:186} INFO - Started process (PID=385) to work on /home/airflow/.local/lib/python3.12/site-packages/airflow/example_dags/example_trigger_target_dag.py
[2024-08-23T08:26:00.532+0000] {processor.py:914} INFO - Processing file /home/airflow/.local/lib/python3.12/site-packages/airflow/example_dags/example_trigger_target_dag.py for tasks to queue
[2024-08-23T08:26:00.534+0000] {logging_mixin.py:190} INFO - [2024-08-23T08:26:00.534+0000] {dagbag.py:587} INFO - Filling up the DagBag from /home/airflow/.local/lib/python3.12/site-packages/airflow/example_dags/example_trigger_target_dag.py
[2024-08-23T08:26:00.542+0000] {processor.py:925} INFO - DAG(s) 'example_trigger_target_dag' retrieved from /home/airflow/.local/lib/python3.12/site-packages/airflow/example_dags/example_trigger_target_dag.py
[2024-08-23T08:26:00.560+0000] {logging_mixin.py:190} INFO - [2024-08-23T08:26:00.560+0000] {dag.py:3211} INFO - Sync 1 DAGs
[2024-08-23T08:26:00.571+0000] {logging_mixin.py:190} INFO - [2024-08-23T08:26:00.571+0000] {dag.py:4138} INFO - Setting next_dagrun for example_trigger_target_dag to None, run_after=None
[2024-08-23T08:26:00.590+0000] {processor.py:208} INFO - Processing /home/airflow/.local/lib/python3.12/site-packages/airflow/example_dags/example_trigger_target_dag.py took 0.064 seconds
[2024-08-23T08:26:30.809+0000] {processor.py:186} INFO - Started process (PID=447) to work on /home/airflow/.local/lib/python3.12/site-packages/airflow/example_dags/example_trigger_target_dag.py
[2024-08-23T08:26:30.810+0000] {processor.py:914} INFO - Processing file /home/airflow/.local/lib/python3.12/site-packages/airflow/example_dags/example_trigger_target_dag.py for tasks to queue
[2024-08-23T08:26:30.812+0000] {logging_mixin.py:190} INFO - [2024-08-23T08:26:30.812+0000] {dagbag.py:587} INFO - Filling up the DagBag from /home/airflow/.local/lib/python3.12/site-packages/airflow/example_dags/example_trigger_target_dag.py
[2024-08-23T08:26:30.819+0000] {processor.py:925} INFO - DAG(s) 'example_trigger_target_dag' retrieved from /home/airflow/.local/lib/python3.12/site-packages/airflow/example_dags/example_trigger_target_dag.py
[2024-08-23T08:26:30.839+0000] {logging_mixin.py:190} INFO - [2024-08-23T08:26:30.839+0000] {dag.py:3211} INFO - Sync 1 DAGs
[2024-08-23T08:26:30.853+0000] {logging_mixin.py:190} INFO - [2024-08-23T08:26:30.853+0000] {dag.py:4138} INFO - Setting next_dagrun for example_trigger_target_dag to None, run_after=None
[2024-08-23T08:26:30.872+0000] {processor.py:208} INFO - Processing /home/airflow/.local/lib/python3.12/site-packages/airflow/example_dags/example_trigger_target_dag.py took 0.067 seconds
[2024-08-23T10:25:02.861+0000] {processor.py:186} INFO - Started process (PID=79) to work on /home/airflow/.local/lib/python3.12/site-packages/airflow/example_dags/example_trigger_target_dag.py
[2024-08-23T10:25:02.863+0000] {processor.py:914} INFO - Processing file /home/airflow/.local/lib/python3.12/site-packages/airflow/example_dags/example_trigger_target_dag.py for tasks to queue
[2024-08-23T10:25:02.868+0000] {logging_mixin.py:190} INFO - [2024-08-23T10:25:02.867+0000] {dagbag.py:587} INFO - Filling up the DagBag from /home/airflow/.local/lib/python3.12/site-packages/airflow/example_dags/example_trigger_target_dag.py
[2024-08-23T10:25:02.881+0000] {processor.py:925} INFO - DAG(s) 'example_trigger_target_dag' retrieved from /home/airflow/.local/lib/python3.12/site-packages/airflow/example_dags/example_trigger_target_dag.py
[2024-08-23T10:25:02.918+0000] {logging_mixin.py:190} INFO - [2024-08-23T10:25:02.918+0000] {dag.py:3211} INFO - Sync 1 DAGs
[2024-08-23T10:25:02.950+0000] {logging_mixin.py:190} INFO - [2024-08-23T10:25:02.950+0000] {dag.py:4138} INFO - Setting next_dagrun for example_trigger_target_dag to None, run_after=None
[2024-08-23T10:25:02.994+0000] {processor.py:208} INFO - Processing /home/airflow/.local/lib/python3.12/site-packages/airflow/example_dags/example_trigger_target_dag.py took 0.142 seconds
[2024-08-23T10:25:33.742+0000] {processor.py:186} INFO - Started process (PID=141) to work on /home/airflow/.local/lib/python3.12/site-packages/airflow/example_dags/example_trigger_target_dag.py
[2024-08-23T10:25:33.743+0000] {processor.py:914} INFO - Processing file /home/airflow/.local/lib/python3.12/site-packages/airflow/example_dags/example_trigger_target_dag.py for tasks to queue
[2024-08-23T10:25:33.746+0000] {logging_mixin.py:190} INFO - [2024-08-23T10:25:33.745+0000] {dagbag.py:587} INFO - Filling up the DagBag from /home/airflow/.local/lib/python3.12/site-packages/airflow/example_dags/example_trigger_target_dag.py
[2024-08-23T10:25:33.752+0000] {processor.py:925} INFO - DAG(s) 'example_trigger_target_dag' retrieved from /home/airflow/.local/lib/python3.12/site-packages/airflow/example_dags/example_trigger_target_dag.py
[2024-08-23T10:25:33.770+0000] {logging_mixin.py:190} INFO - [2024-08-23T10:25:33.770+0000] {dag.py:3211} INFO - Sync 1 DAGs
[2024-08-23T10:25:33.786+0000] {logging_mixin.py:190} INFO - [2024-08-23T10:25:33.785+0000] {dag.py:4138} INFO - Setting next_dagrun for example_trigger_target_dag to None, run_after=None
[2024-08-23T10:25:33.810+0000] {processor.py:208} INFO - Processing /home/airflow/.local/lib/python3.12/site-packages/airflow/example_dags/example_trigger_target_dag.py took 0.073 seconds
[2024-08-23T10:26:04.512+0000] {processor.py:186} INFO - Started process (PID=203) to work on /home/airflow/.local/lib/python3.12/site-packages/airflow/example_dags/example_trigger_target_dag.py
[2024-08-23T10:26:04.513+0000] {processor.py:914} INFO - Processing file /home/airflow/.local/lib/python3.12/site-packages/airflow/example_dags/example_trigger_target_dag.py for tasks to queue
[2024-08-23T10:26:04.516+0000] {logging_mixin.py:190} INFO - [2024-08-23T10:26:04.516+0000] {dagbag.py:587} INFO - Filling up the DagBag from /home/airflow/.local/lib/python3.12/site-packages/airflow/example_dags/example_trigger_target_dag.py
[2024-08-23T10:26:04.524+0000] {processor.py:925} INFO - DAG(s) 'example_trigger_target_dag' retrieved from /home/airflow/.local/lib/python3.12/site-packages/airflow/example_dags/example_trigger_target_dag.py
[2024-08-23T10:26:04.548+0000] {logging_mixin.py:190} INFO - [2024-08-23T10:26:04.547+0000] {dag.py:3211} INFO - Sync 1 DAGs
[2024-08-23T10:26:04.564+0000] {logging_mixin.py:190} INFO - [2024-08-23T10:26:04.564+0000] {dag.py:4138} INFO - Setting next_dagrun for example_trigger_target_dag to None, run_after=None
[2024-08-23T10:26:04.585+0000] {processor.py:208} INFO - Processing /home/airflow/.local/lib/python3.12/site-packages/airflow/example_dags/example_trigger_target_dag.py took 0.081 seconds
[2024-08-23T10:26:35.508+0000] {processor.py:186} INFO - Started process (PID=265) to work on /home/airflow/.local/lib/python3.12/site-packages/airflow/example_dags/example_trigger_target_dag.py
[2024-08-23T10:26:35.509+0000] {processor.py:914} INFO - Processing file /home/airflow/.local/lib/python3.12/site-packages/airflow/example_dags/example_trigger_target_dag.py for tasks to queue
[2024-08-23T10:26:35.512+0000] {logging_mixin.py:190} INFO - [2024-08-23T10:26:35.512+0000] {dagbag.py:587} INFO - Filling up the DagBag from /home/airflow/.local/lib/python3.12/site-packages/airflow/example_dags/example_trigger_target_dag.py
[2024-08-23T10:26:35.519+0000] {processor.py:925} INFO - DAG(s) 'example_trigger_target_dag' retrieved from /home/airflow/.local/lib/python3.12/site-packages/airflow/example_dags/example_trigger_target_dag.py
[2024-08-23T10:26:35.539+0000] {logging_mixin.py:190} INFO - [2024-08-23T10:26:35.539+0000] {dag.py:3211} INFO - Sync 1 DAGs
[2024-08-23T10:26:35.552+0000] {logging_mixin.py:190} INFO - [2024-08-23T10:26:35.551+0000] {dag.py:4138} INFO - Setting next_dagrun for example_trigger_target_dag to None, run_after=None
[2024-08-23T10:26:35.574+0000] {processor.py:208} INFO - Processing /home/airflow/.local/lib/python3.12/site-packages/airflow/example_dags/example_trigger_target_dag.py took 0.073 seconds
[2024-08-23T10:27:06.522+0000] {processor.py:186} INFO - Started process (PID=327) to work on /home/airflow/.local/lib/python3.12/site-packages/airflow/example_dags/example_trigger_target_dag.py
[2024-08-23T10:27:06.524+0000] {processor.py:914} INFO - Processing file /home/airflow/.local/lib/python3.12/site-packages/airflow/example_dags/example_trigger_target_dag.py for tasks to queue
[2024-08-23T10:27:06.529+0000] {logging_mixin.py:190} INFO - [2024-08-23T10:27:06.528+0000] {dagbag.py:587} INFO - Filling up the DagBag from /home/airflow/.local/lib/python3.12/site-packages/airflow/example_dags/example_trigger_target_dag.py
[2024-08-23T10:27:06.548+0000] {processor.py:925} INFO - DAG(s) 'example_trigger_target_dag' retrieved from /home/airflow/.local/lib/python3.12/site-packages/airflow/example_dags/example_trigger_target_dag.py
[2024-08-23T10:27:06.602+0000] {logging_mixin.py:190} INFO - [2024-08-23T10:27:06.602+0000] {dag.py:3211} INFO - Sync 1 DAGs
[2024-08-23T10:27:06.643+0000] {logging_mixin.py:190} INFO - [2024-08-23T10:27:06.642+0000] {dag.py:4138} INFO - Setting next_dagrun for example_trigger_target_dag to None, run_after=None
[2024-08-23T10:27:06.691+0000] {processor.py:208} INFO - Processing /home/airflow/.local/lib/python3.12/site-packages/airflow/example_dags/example_trigger_target_dag.py took 0.184 seconds
[2024-08-23T10:27:37.192+0000] {processor.py:186} INFO - Started process (PID=389) to work on /home/airflow/.local/lib/python3.12/site-packages/airflow/example_dags/example_trigger_target_dag.py
[2024-08-23T10:27:37.193+0000] {processor.py:914} INFO - Processing file /home/airflow/.local/lib/python3.12/site-packages/airflow/example_dags/example_trigger_target_dag.py for tasks to queue
[2024-08-23T10:27:37.197+0000] {logging_mixin.py:190} INFO - [2024-08-23T10:27:37.196+0000] {dagbag.py:587} INFO - Filling up the DagBag from /home/airflow/.local/lib/python3.12/site-packages/airflow/example_dags/example_trigger_target_dag.py
[2024-08-23T10:27:37.209+0000] {processor.py:925} INFO - DAG(s) 'example_trigger_target_dag' retrieved from /home/airflow/.local/lib/python3.12/site-packages/airflow/example_dags/example_trigger_target_dag.py
[2024-08-23T10:27:37.244+0000] {logging_mixin.py:190} INFO - [2024-08-23T10:27:37.243+0000] {dag.py:3211} INFO - Sync 1 DAGs
[2024-08-23T10:27:37.269+0000] {logging_mixin.py:190} INFO - [2024-08-23T10:27:37.268+0000] {dag.py:4138} INFO - Setting next_dagrun for example_trigger_target_dag to None, run_after=None
[2024-08-23T10:27:37.311+0000] {processor.py:208} INFO - Processing /home/airflow/.local/lib/python3.12/site-packages/airflow/example_dags/example_trigger_target_dag.py took 0.127 seconds
[2024-08-23T10:28:07.878+0000] {processor.py:186} INFO - Started process (PID=451) to work on /home/airflow/.local/lib/python3.12/site-packages/airflow/example_dags/example_trigger_target_dag.py
[2024-08-23T10:28:07.879+0000] {processor.py:914} INFO - Processing file /home/airflow/.local/lib/python3.12/site-packages/airflow/example_dags/example_trigger_target_dag.py for tasks to queue
[2024-08-23T10:28:07.882+0000] {logging_mixin.py:190} INFO - [2024-08-23T10:28:07.882+0000] {dagbag.py:587} INFO - Filling up the DagBag from /home/airflow/.local/lib/python3.12/site-packages/airflow/example_dags/example_trigger_target_dag.py
[2024-08-23T10:28:07.892+0000] {processor.py:925} INFO - DAG(s) 'example_trigger_target_dag' retrieved from /home/airflow/.local/lib/python3.12/site-packages/airflow/example_dags/example_trigger_target_dag.py
[2024-08-23T10:28:07.919+0000] {logging_mixin.py:190} INFO - [2024-08-23T10:28:07.919+0000] {dag.py:3211} INFO - Sync 1 DAGs
[2024-08-23T10:28:07.939+0000] {logging_mixin.py:190} INFO - [2024-08-23T10:28:07.939+0000] {dag.py:4138} INFO - Setting next_dagrun for example_trigger_target_dag to None, run_after=None
[2024-08-23T10:28:07.965+0000] {processor.py:208} INFO - Processing /home/airflow/.local/lib/python3.12/site-packages/airflow/example_dags/example_trigger_target_dag.py took 0.096 seconds
