[2024-08-23T06:38:34.868+0000] {processor.py:186} INFO - Started process (PID=107) to work on /home/airflow/.local/lib/python3.12/site-packages/airflow/example_dags/example_sensors.py
[2024-08-23T06:38:34.869+0000] {processor.py:914} INFO - Processing file /home/airflow/.local/lib/python3.12/site-packages/airflow/example_dags/example_sensors.py for tasks to queue
[2024-08-23T06:38:34.871+0000] {logging_mixin.py:190} INFO - [2024-08-23T06:38:34.871+0000] {dagbag.py:587} INFO - Filling up the DagBag from /home/airflow/.local/lib/python3.12/site-packages/airflow/example_dags/example_sensors.py
[2024-08-23T06:38:34.883+0000] {processor.py:925} INFO - DAG(s) 'example_sensors' retrieved from /home/airflow/.local/lib/python3.12/site-packages/airflow/example_dags/example_sensors.py
[2024-08-23T06:38:35.019+0000] {logging_mixin.py:190} INFO - [2024-08-23T06:38:35.017+0000] {override.py:1858} INFO - Created Permission View: can edit on DAG:example_sensors
[2024-08-23T06:38:35.035+0000] {logging_mixin.py:190} INFO - [2024-08-23T06:38:35.034+0000] {override.py:1858} INFO - Created Permission View: can delete on DAG:example_sensors
[2024-08-23T06:38:35.046+0000] {logging_mixin.py:190} INFO - [2024-08-23T06:38:35.045+0000] {override.py:1858} INFO - Created Permission View: can read on DAG:example_sensors
[2024-08-23T06:38:35.047+0000] {logging_mixin.py:190} INFO - [2024-08-23T06:38:35.046+0000] {dag.py:3211} INFO - Sync 1 DAGs
[2024-08-23T06:38:35.065+0000] {logging_mixin.py:190} INFO - [2024-08-23T06:38:35.065+0000] {dag.py:3234} INFO - Creating ORM DAG for example_sensors
[2024-08-23T06:38:35.066+0000] {logging_mixin.py:190} INFO - [2024-08-23T06:38:35.066+0000] {dag.py:4138} INFO - Setting next_dagrun for example_sensors to None, run_after=None
[2024-08-23T06:38:35.092+0000] {processor.py:208} INFO - Processing /home/airflow/.local/lib/python3.12/site-packages/airflow/example_dags/example_sensors.py took 0.230 seconds
[2024-08-23T06:39:05.274+0000] {processor.py:186} INFO - Started process (PID=169) to work on /home/airflow/.local/lib/python3.12/site-packages/airflow/example_dags/example_sensors.py
[2024-08-23T06:39:05.276+0000] {processor.py:914} INFO - Processing file /home/airflow/.local/lib/python3.12/site-packages/airflow/example_dags/example_sensors.py for tasks to queue
[2024-08-23T06:39:05.280+0000] {logging_mixin.py:190} INFO - [2024-08-23T06:39:05.279+0000] {dagbag.py:587} INFO - Filling up the DagBag from /home/airflow/.local/lib/python3.12/site-packages/airflow/example_dags/example_sensors.py
[2024-08-23T06:39:05.295+0000] {processor.py:925} INFO - DAG(s) 'example_sensors' retrieved from /home/airflow/.local/lib/python3.12/site-packages/airflow/example_dags/example_sensors.py
[2024-08-23T06:39:05.339+0000] {logging_mixin.py:190} INFO - [2024-08-23T06:39:05.338+0000] {dag.py:3211} INFO - Sync 1 DAGs
[2024-08-23T06:39:05.364+0000] {logging_mixin.py:190} INFO - [2024-08-23T06:39:05.364+0000] {dag.py:4138} INFO - Setting next_dagrun for example_sensors to None, run_after=None
[2024-08-23T06:39:05.403+0000] {processor.py:208} INFO - Processing /home/airflow/.local/lib/python3.12/site-packages/airflow/example_dags/example_sensors.py took 0.140 seconds
[2024-08-23T06:39:36.033+0000] {processor.py:186} INFO - Started process (PID=231) to work on /home/airflow/.local/lib/python3.12/site-packages/airflow/example_dags/example_sensors.py
[2024-08-23T06:39:36.034+0000] {processor.py:914} INFO - Processing file /home/airflow/.local/lib/python3.12/site-packages/airflow/example_dags/example_sensors.py for tasks to queue
[2024-08-23T06:39:36.037+0000] {logging_mixin.py:190} INFO - [2024-08-23T06:39:36.037+0000] {dagbag.py:587} INFO - Filling up the DagBag from /home/airflow/.local/lib/python3.12/site-packages/airflow/example_dags/example_sensors.py
[2024-08-23T06:39:36.049+0000] {processor.py:925} INFO - DAG(s) 'example_sensors' retrieved from /home/airflow/.local/lib/python3.12/site-packages/airflow/example_dags/example_sensors.py
[2024-08-23T06:39:36.105+0000] {logging_mixin.py:190} INFO - [2024-08-23T06:39:36.104+0000] {dag.py:3211} INFO - Sync 1 DAGs
[2024-08-23T06:39:36.129+0000] {logging_mixin.py:190} INFO - [2024-08-23T06:39:36.128+0000] {dag.py:4138} INFO - Setting next_dagrun for example_sensors to None, run_after=None
[2024-08-23T06:39:36.152+0000] {processor.py:208} INFO - Processing /home/airflow/.local/lib/python3.12/site-packages/airflow/example_dags/example_sensors.py took 0.126 seconds
[2024-08-23T06:40:07.650+0000] {processor.py:186} INFO - Started process (PID=293) to work on /home/airflow/.local/lib/python3.12/site-packages/airflow/example_dags/example_sensors.py
[2024-08-23T06:40:07.655+0000] {processor.py:914} INFO - Processing file /home/airflow/.local/lib/python3.12/site-packages/airflow/example_dags/example_sensors.py for tasks to queue
[2024-08-23T06:40:07.666+0000] {logging_mixin.py:190} INFO - [2024-08-23T06:40:07.661+0000] {dagbag.py:587} INFO - Filling up the DagBag from /home/airflow/.local/lib/python3.12/site-packages/airflow/example_dags/example_sensors.py
[2024-08-23T06:40:07.730+0000] {processor.py:925} INFO - DAG(s) 'example_sensors' retrieved from /home/airflow/.local/lib/python3.12/site-packages/airflow/example_dags/example_sensors.py
[2024-08-23T06:40:07.818+0000] {logging_mixin.py:190} INFO - [2024-08-23T06:40:07.818+0000] {dag.py:3211} INFO - Sync 1 DAGs
[2024-08-23T06:40:07.857+0000] {logging_mixin.py:190} INFO - [2024-08-23T06:40:07.855+0000] {dag.py:4138} INFO - Setting next_dagrun for example_sensors to None, run_after=None
[2024-08-23T06:40:07.902+0000] {processor.py:208} INFO - Processing /home/airflow/.local/lib/python3.12/site-packages/airflow/example_dags/example_sensors.py took 0.271 seconds
[2024-08-23T06:40:38.441+0000] {processor.py:186} INFO - Started process (PID=355) to work on /home/airflow/.local/lib/python3.12/site-packages/airflow/example_dags/example_sensors.py
[2024-08-23T06:40:38.442+0000] {processor.py:914} INFO - Processing file /home/airflow/.local/lib/python3.12/site-packages/airflow/example_dags/example_sensors.py for tasks to queue
[2024-08-23T06:40:38.448+0000] {logging_mixin.py:190} INFO - [2024-08-23T06:40:38.447+0000] {dagbag.py:587} INFO - Filling up the DagBag from /home/airflow/.local/lib/python3.12/site-packages/airflow/example_dags/example_sensors.py
[2024-08-23T06:40:38.472+0000] {processor.py:925} INFO - DAG(s) 'example_sensors' retrieved from /home/airflow/.local/lib/python3.12/site-packages/airflow/example_dags/example_sensors.py
[2024-08-23T06:40:38.521+0000] {logging_mixin.py:190} INFO - [2024-08-23T06:40:38.520+0000] {dag.py:3211} INFO - Sync 1 DAGs
[2024-08-23T06:40:38.566+0000] {logging_mixin.py:190} INFO - [2024-08-23T06:40:38.566+0000] {dag.py:4138} INFO - Setting next_dagrun for example_sensors to None, run_after=None
[2024-08-23T06:40:38.639+0000] {processor.py:208} INFO - Processing /home/airflow/.local/lib/python3.12/site-packages/airflow/example_dags/example_sensors.py took 0.207 seconds
[2024-08-23T06:41:08.875+0000] {processor.py:186} INFO - Started process (PID=417) to work on /home/airflow/.local/lib/python3.12/site-packages/airflow/example_dags/example_sensors.py
[2024-08-23T06:41:08.876+0000] {processor.py:914} INFO - Processing file /home/airflow/.local/lib/python3.12/site-packages/airflow/example_dags/example_sensors.py for tasks to queue
[2024-08-23T06:41:08.878+0000] {logging_mixin.py:190} INFO - [2024-08-23T06:41:08.878+0000] {dagbag.py:587} INFO - Filling up the DagBag from /home/airflow/.local/lib/python3.12/site-packages/airflow/example_dags/example_sensors.py
[2024-08-23T06:41:08.893+0000] {processor.py:925} INFO - DAG(s) 'example_sensors' retrieved from /home/airflow/.local/lib/python3.12/site-packages/airflow/example_dags/example_sensors.py
[2024-08-23T06:41:08.916+0000] {logging_mixin.py:190} INFO - [2024-08-23T06:41:08.916+0000] {dag.py:3211} INFO - Sync 1 DAGs
[2024-08-23T06:41:08.931+0000] {logging_mixin.py:190} INFO - [2024-08-23T06:41:08.931+0000] {dag.py:4138} INFO - Setting next_dagrun for example_sensors to None, run_after=None
[2024-08-23T06:41:08.952+0000] {processor.py:208} INFO - Processing /home/airflow/.local/lib/python3.12/site-packages/airflow/example_dags/example_sensors.py took 0.082 seconds
[2024-08-23T06:41:39.707+0000] {processor.py:186} INFO - Started process (PID=479) to work on /home/airflow/.local/lib/python3.12/site-packages/airflow/example_dags/example_sensors.py
[2024-08-23T06:41:39.709+0000] {processor.py:914} INFO - Processing file /home/airflow/.local/lib/python3.12/site-packages/airflow/example_dags/example_sensors.py for tasks to queue
[2024-08-23T06:41:39.718+0000] {logging_mixin.py:190} INFO - [2024-08-23T06:41:39.716+0000] {dagbag.py:587} INFO - Filling up the DagBag from /home/airflow/.local/lib/python3.12/site-packages/airflow/example_dags/example_sensors.py
[2024-08-23T06:41:39.735+0000] {processor.py:925} INFO - DAG(s) 'example_sensors' retrieved from /home/airflow/.local/lib/python3.12/site-packages/airflow/example_dags/example_sensors.py
[2024-08-23T06:41:39.794+0000] {logging_mixin.py:190} INFO - [2024-08-23T06:41:39.793+0000] {dag.py:3211} INFO - Sync 1 DAGs
[2024-08-23T06:41:39.822+0000] {logging_mixin.py:190} INFO - [2024-08-23T06:41:39.821+0000] {dag.py:4138} INFO - Setting next_dagrun for example_sensors to None, run_after=None
[2024-08-23T06:41:39.853+0000] {processor.py:208} INFO - Processing /home/airflow/.local/lib/python3.12/site-packages/airflow/example_dags/example_sensors.py took 0.158 seconds
[2024-08-23T06:42:10.073+0000] {processor.py:186} INFO - Started process (PID=541) to work on /home/airflow/.local/lib/python3.12/site-packages/airflow/example_dags/example_sensors.py
[2024-08-23T06:42:10.075+0000] {processor.py:914} INFO - Processing file /home/airflow/.local/lib/python3.12/site-packages/airflow/example_dags/example_sensors.py for tasks to queue
[2024-08-23T06:42:10.078+0000] {logging_mixin.py:190} INFO - [2024-08-23T06:42:10.077+0000] {dagbag.py:587} INFO - Filling up the DagBag from /home/airflow/.local/lib/python3.12/site-packages/airflow/example_dags/example_sensors.py
[2024-08-23T06:42:10.094+0000] {processor.py:925} INFO - DAG(s) 'example_sensors' retrieved from /home/airflow/.local/lib/python3.12/site-packages/airflow/example_dags/example_sensors.py
[2024-08-23T06:42:10.127+0000] {logging_mixin.py:190} INFO - [2024-08-23T06:42:10.126+0000] {dag.py:3211} INFO - Sync 1 DAGs
[2024-08-23T06:42:10.141+0000] {logging_mixin.py:190} INFO - [2024-08-23T06:42:10.140+0000] {dag.py:4138} INFO - Setting next_dagrun for example_sensors to None, run_after=None
[2024-08-23T06:42:10.162+0000] {processor.py:208} INFO - Processing /home/airflow/.local/lib/python3.12/site-packages/airflow/example_dags/example_sensors.py took 0.095 seconds
[2024-08-23T07:54:14.791+0000] {processor.py:186} INFO - Started process (PID=110) to work on /home/airflow/.local/lib/python3.12/site-packages/airflow/example_dags/example_sensors.py
[2024-08-23T07:54:14.796+0000] {processor.py:914} INFO - Processing file /home/airflow/.local/lib/python3.12/site-packages/airflow/example_dags/example_sensors.py for tasks to queue
[2024-08-23T07:54:14.808+0000] {logging_mixin.py:190} INFO - [2024-08-23T07:54:14.807+0000] {dagbag.py:587} INFO - Filling up the DagBag from /home/airflow/.local/lib/python3.12/site-packages/airflow/example_dags/example_sensors.py
[2024-08-23T07:54:14.852+0000] {processor.py:925} INFO - DAG(s) 'example_sensors' retrieved from /home/airflow/.local/lib/python3.12/site-packages/airflow/example_dags/example_sensors.py
[2024-08-23T07:54:14.956+0000] {logging_mixin.py:190} INFO - [2024-08-23T07:54:14.955+0000] {dag.py:3211} INFO - Sync 1 DAGs
[2024-08-23T07:54:15.007+0000] {logging_mixin.py:190} INFO - [2024-08-23T07:54:15.006+0000] {dag.py:4138} INFO - Setting next_dagrun for example_sensors to None, run_after=None
[2024-08-23T07:54:15.073+0000] {processor.py:208} INFO - Processing /home/airflow/.local/lib/python3.12/site-packages/airflow/example_dags/example_sensors.py took 0.307 seconds
[2024-08-23T07:54:45.878+0000] {processor.py:186} INFO - Started process (PID=172) to work on /home/airflow/.local/lib/python3.12/site-packages/airflow/example_dags/example_sensors.py
[2024-08-23T07:54:45.880+0000] {processor.py:914} INFO - Processing file /home/airflow/.local/lib/python3.12/site-packages/airflow/example_dags/example_sensors.py for tasks to queue
[2024-08-23T07:54:45.884+0000] {logging_mixin.py:190} INFO - [2024-08-23T07:54:45.884+0000] {dagbag.py:587} INFO - Filling up the DagBag from /home/airflow/.local/lib/python3.12/site-packages/airflow/example_dags/example_sensors.py
[2024-08-23T07:54:45.907+0000] {processor.py:925} INFO - DAG(s) 'example_sensors' retrieved from /home/airflow/.local/lib/python3.12/site-packages/airflow/example_dags/example_sensors.py
[2024-08-23T07:54:45.952+0000] {logging_mixin.py:190} INFO - [2024-08-23T07:54:45.951+0000] {dag.py:3211} INFO - Sync 1 DAGs
[2024-08-23T07:54:45.980+0000] {logging_mixin.py:190} INFO - [2024-08-23T07:54:45.979+0000] {dag.py:4138} INFO - Setting next_dagrun for example_sensors to None, run_after=None
[2024-08-23T07:54:46.015+0000] {processor.py:208} INFO - Processing /home/airflow/.local/lib/python3.12/site-packages/airflow/example_dags/example_sensors.py took 0.148 seconds
[2024-08-23T07:55:16.441+0000] {processor.py:186} INFO - Started process (PID=234) to work on /home/airflow/.local/lib/python3.12/site-packages/airflow/example_dags/example_sensors.py
[2024-08-23T07:55:16.442+0000] {processor.py:914} INFO - Processing file /home/airflow/.local/lib/python3.12/site-packages/airflow/example_dags/example_sensors.py for tasks to queue
[2024-08-23T07:55:16.448+0000] {logging_mixin.py:190} INFO - [2024-08-23T07:55:16.447+0000] {dagbag.py:587} INFO - Filling up the DagBag from /home/airflow/.local/lib/python3.12/site-packages/airflow/example_dags/example_sensors.py
[2024-08-23T07:55:16.474+0000] {processor.py:925} INFO - DAG(s) 'example_sensors' retrieved from /home/airflow/.local/lib/python3.12/site-packages/airflow/example_dags/example_sensors.py
[2024-08-23T07:55:16.535+0000] {logging_mixin.py:190} INFO - [2024-08-23T07:55:16.534+0000] {dag.py:3211} INFO - Sync 1 DAGs
[2024-08-23T07:55:16.567+0000] {logging_mixin.py:190} INFO - [2024-08-23T07:55:16.566+0000] {dag.py:4138} INFO - Setting next_dagrun for example_sensors to None, run_after=None
[2024-08-23T07:55:16.608+0000] {processor.py:208} INFO - Processing /home/airflow/.local/lib/python3.12/site-packages/airflow/example_dags/example_sensors.py took 0.180 seconds
[2024-08-23T08:20:34.798+0000] {processor.py:186} INFO - Started process (PID=105) to work on /home/airflow/.local/lib/python3.12/site-packages/airflow/example_dags/example_sensors.py
[2024-08-23T08:20:34.800+0000] {processor.py:914} INFO - Processing file /home/airflow/.local/lib/python3.12/site-packages/airflow/example_dags/example_sensors.py for tasks to queue
[2024-08-23T08:20:34.805+0000] {logging_mixin.py:190} INFO - [2024-08-23T08:20:34.803+0000] {dagbag.py:587} INFO - Filling up the DagBag from /home/airflow/.local/lib/python3.12/site-packages/airflow/example_dags/example_sensors.py
[2024-08-23T08:20:34.824+0000] {processor.py:925} INFO - DAG(s) 'example_sensors' retrieved from /home/airflow/.local/lib/python3.12/site-packages/airflow/example_dags/example_sensors.py
[2024-08-23T08:20:34.857+0000] {logging_mixin.py:190} INFO - [2024-08-23T08:20:34.856+0000] {dag.py:3211} INFO - Sync 1 DAGs
[2024-08-23T08:20:34.873+0000] {logging_mixin.py:190} INFO - [2024-08-23T08:20:34.873+0000] {dag.py:4138} INFO - Setting next_dagrun for example_sensors to None, run_after=None
[2024-08-23T08:20:34.891+0000] {processor.py:208} INFO - Processing /home/airflow/.local/lib/python3.12/site-packages/airflow/example_dags/example_sensors.py took 0.101 seconds
[2024-08-23T08:23:28.780+0000] {processor.py:186} INFO - Started process (PID=102) to work on /home/airflow/.local/lib/python3.12/site-packages/airflow/example_dags/example_sensors.py
[2024-08-23T08:23:28.782+0000] {processor.py:914} INFO - Processing file /home/airflow/.local/lib/python3.12/site-packages/airflow/example_dags/example_sensors.py for tasks to queue
[2024-08-23T08:23:28.785+0000] {logging_mixin.py:190} INFO - [2024-08-23T08:23:28.784+0000] {dagbag.py:587} INFO - Filling up the DagBag from /home/airflow/.local/lib/python3.12/site-packages/airflow/example_dags/example_sensors.py
[2024-08-23T08:23:28.800+0000] {processor.py:925} INFO - DAG(s) 'example_sensors' retrieved from /home/airflow/.local/lib/python3.12/site-packages/airflow/example_dags/example_sensors.py
[2024-08-23T08:23:28.826+0000] {logging_mixin.py:190} INFO - [2024-08-23T08:23:28.826+0000] {dag.py:3211} INFO - Sync 1 DAGs
[2024-08-23T08:23:28.844+0000] {logging_mixin.py:190} INFO - [2024-08-23T08:23:28.844+0000] {dag.py:4138} INFO - Setting next_dagrun for example_sensors to None, run_after=None
[2024-08-23T08:23:28.865+0000] {processor.py:208} INFO - Processing /home/airflow/.local/lib/python3.12/site-packages/airflow/example_dags/example_sensors.py took 0.092 seconds
[2024-08-23T08:23:59.681+0000] {processor.py:186} INFO - Started process (PID=165) to work on /home/airflow/.local/lib/python3.12/site-packages/airflow/example_dags/example_sensors.py
[2024-08-23T08:23:59.682+0000] {processor.py:914} INFO - Processing file /home/airflow/.local/lib/python3.12/site-packages/airflow/example_dags/example_sensors.py for tasks to queue
[2024-08-23T08:23:59.684+0000] {logging_mixin.py:190} INFO - [2024-08-23T08:23:59.684+0000] {dagbag.py:587} INFO - Filling up the DagBag from /home/airflow/.local/lib/python3.12/site-packages/airflow/example_dags/example_sensors.py
[2024-08-23T08:23:59.692+0000] {processor.py:925} INFO - DAG(s) 'example_sensors' retrieved from /home/airflow/.local/lib/python3.12/site-packages/airflow/example_dags/example_sensors.py
[2024-08-23T08:23:59.714+0000] {logging_mixin.py:190} INFO - [2024-08-23T08:23:59.714+0000] {dag.py:3211} INFO - Sync 1 DAGs
[2024-08-23T08:23:59.728+0000] {logging_mixin.py:190} INFO - [2024-08-23T08:23:59.728+0000] {dag.py:4138} INFO - Setting next_dagrun for example_sensors to None, run_after=None
[2024-08-23T08:23:59.746+0000] {processor.py:208} INFO - Processing /home/airflow/.local/lib/python3.12/site-packages/airflow/example_dags/example_sensors.py took 0.069 seconds
[2024-08-23T08:24:30.496+0000] {processor.py:186} INFO - Started process (PID=227) to work on /home/airflow/.local/lib/python3.12/site-packages/airflow/example_dags/example_sensors.py
[2024-08-23T08:24:30.498+0000] {processor.py:914} INFO - Processing file /home/airflow/.local/lib/python3.12/site-packages/airflow/example_dags/example_sensors.py for tasks to queue
[2024-08-23T08:24:30.501+0000] {logging_mixin.py:190} INFO - [2024-08-23T08:24:30.500+0000] {dagbag.py:587} INFO - Filling up the DagBag from /home/airflow/.local/lib/python3.12/site-packages/airflow/example_dags/example_sensors.py
[2024-08-23T08:24:30.518+0000] {processor.py:925} INFO - DAG(s) 'example_sensors' retrieved from /home/airflow/.local/lib/python3.12/site-packages/airflow/example_dags/example_sensors.py
[2024-08-23T08:24:30.556+0000] {logging_mixin.py:190} INFO - [2024-08-23T08:24:30.556+0000] {dag.py:3211} INFO - Sync 1 DAGs
[2024-08-23T08:24:30.575+0000] {logging_mixin.py:190} INFO - [2024-08-23T08:24:30.574+0000] {dag.py:4138} INFO - Setting next_dagrun for example_sensors to None, run_after=None
[2024-08-23T08:24:30.601+0000] {processor.py:208} INFO - Processing /home/airflow/.local/lib/python3.12/site-packages/airflow/example_dags/example_sensors.py took 0.113 seconds
[2024-08-23T08:25:03.784+0000] {processor.py:186} INFO - Started process (PID=289) to work on /home/airflow/.local/lib/python3.12/site-packages/airflow/example_dags/example_sensors.py
[2024-08-23T08:25:03.787+0000] {processor.py:914} INFO - Processing file /home/airflow/.local/lib/python3.12/site-packages/airflow/example_dags/example_sensors.py for tasks to queue
[2024-08-23T08:25:03.792+0000] {logging_mixin.py:190} INFO - [2024-08-23T08:25:03.791+0000] {dagbag.py:587} INFO - Filling up the DagBag from /home/airflow/.local/lib/python3.12/site-packages/airflow/example_dags/example_sensors.py
[2024-08-23T08:25:03.819+0000] {processor.py:925} INFO - DAG(s) 'example_sensors' retrieved from /home/airflow/.local/lib/python3.12/site-packages/airflow/example_dags/example_sensors.py
[2024-08-23T08:25:03.882+0000] {logging_mixin.py:190} INFO - [2024-08-23T08:25:03.881+0000] {dag.py:3211} INFO - Sync 1 DAGs
[2024-08-23T08:25:03.912+0000] {logging_mixin.py:190} INFO - [2024-08-23T08:25:03.911+0000] {dag.py:4138} INFO - Setting next_dagrun for example_sensors to None, run_after=None
[2024-08-23T08:25:03.951+0000] {processor.py:208} INFO - Processing /home/airflow/.local/lib/python3.12/site-packages/airflow/example_dags/example_sensors.py took 0.183 seconds
[2024-08-23T08:25:34.331+0000] {processor.py:186} INFO - Started process (PID=351) to work on /home/airflow/.local/lib/python3.12/site-packages/airflow/example_dags/example_sensors.py
[2024-08-23T08:25:34.332+0000] {processor.py:914} INFO - Processing file /home/airflow/.local/lib/python3.12/site-packages/airflow/example_dags/example_sensors.py for tasks to queue
[2024-08-23T08:25:34.336+0000] {logging_mixin.py:190} INFO - [2024-08-23T08:25:34.335+0000] {dagbag.py:587} INFO - Filling up the DagBag from /home/airflow/.local/lib/python3.12/site-packages/airflow/example_dags/example_sensors.py
[2024-08-23T08:25:34.354+0000] {processor.py:925} INFO - DAG(s) 'example_sensors' retrieved from /home/airflow/.local/lib/python3.12/site-packages/airflow/example_dags/example_sensors.py
[2024-08-23T08:25:34.399+0000] {logging_mixin.py:190} INFO - [2024-08-23T08:25:34.398+0000] {dag.py:3211} INFO - Sync 1 DAGs
[2024-08-23T08:25:34.424+0000] {logging_mixin.py:190} INFO - [2024-08-23T08:25:34.423+0000] {dag.py:4138} INFO - Setting next_dagrun for example_sensors to None, run_after=None
[2024-08-23T08:25:34.457+0000] {processor.py:208} INFO - Processing /home/airflow/.local/lib/python3.12/site-packages/airflow/example_dags/example_sensors.py took 0.137 seconds
[2024-08-23T08:26:05.172+0000] {processor.py:186} INFO - Started process (PID=413) to work on /home/airflow/.local/lib/python3.12/site-packages/airflow/example_dags/example_sensors.py
[2024-08-23T08:26:05.173+0000] {processor.py:914} INFO - Processing file /home/airflow/.local/lib/python3.12/site-packages/airflow/example_dags/example_sensors.py for tasks to queue
[2024-08-23T08:26:05.175+0000] {logging_mixin.py:190} INFO - [2024-08-23T08:26:05.175+0000] {dagbag.py:587} INFO - Filling up the DagBag from /home/airflow/.local/lib/python3.12/site-packages/airflow/example_dags/example_sensors.py
[2024-08-23T08:26:05.184+0000] {processor.py:925} INFO - DAG(s) 'example_sensors' retrieved from /home/airflow/.local/lib/python3.12/site-packages/airflow/example_dags/example_sensors.py
[2024-08-23T08:26:05.206+0000] {logging_mixin.py:190} INFO - [2024-08-23T08:26:05.206+0000] {dag.py:3211} INFO - Sync 1 DAGs
[2024-08-23T08:26:05.217+0000] {logging_mixin.py:190} INFO - [2024-08-23T08:26:05.217+0000] {dag.py:4138} INFO - Setting next_dagrun for example_sensors to None, run_after=None
[2024-08-23T08:26:05.234+0000] {processor.py:208} INFO - Processing /home/airflow/.local/lib/python3.12/site-packages/airflow/example_dags/example_sensors.py took 0.067 seconds
[2024-08-23T08:26:35.760+0000] {processor.py:186} INFO - Started process (PID=475) to work on /home/airflow/.local/lib/python3.12/site-packages/airflow/example_dags/example_sensors.py
[2024-08-23T08:26:35.761+0000] {processor.py:914} INFO - Processing file /home/airflow/.local/lib/python3.12/site-packages/airflow/example_dags/example_sensors.py for tasks to queue
[2024-08-23T08:26:35.777+0000] {logging_mixin.py:190} INFO - [2024-08-23T08:26:35.773+0000] {dagbag.py:587} INFO - Filling up the DagBag from /home/airflow/.local/lib/python3.12/site-packages/airflow/example_dags/example_sensors.py
[2024-08-23T08:26:36.424+0000] {logging_mixin.py:190} INFO - [2024-08-23T08:26:36.423+0000] {process_utils.py:266} INFO - Waiting up to 5 seconds for processes to exit...
[2024-08-23T10:25:06.485+0000] {processor.py:186} INFO - Started process (PID=107) to work on /home/airflow/.local/lib/python3.12/site-packages/airflow/example_dags/example_sensors.py
[2024-08-23T10:25:06.487+0000] {processor.py:914} INFO - Processing file /home/airflow/.local/lib/python3.12/site-packages/airflow/example_dags/example_sensors.py for tasks to queue
[2024-08-23T10:25:06.490+0000] {logging_mixin.py:190} INFO - [2024-08-23T10:25:06.489+0000] {dagbag.py:587} INFO - Filling up the DagBag from /home/airflow/.local/lib/python3.12/site-packages/airflow/example_dags/example_sensors.py
[2024-08-23T10:25:06.505+0000] {processor.py:925} INFO - DAG(s) 'example_sensors' retrieved from /home/airflow/.local/lib/python3.12/site-packages/airflow/example_dags/example_sensors.py
[2024-08-23T10:25:06.539+0000] {logging_mixin.py:190} INFO - [2024-08-23T10:25:06.539+0000] {dag.py:3211} INFO - Sync 1 DAGs
[2024-08-23T10:25:06.559+0000] {logging_mixin.py:190} INFO - [2024-08-23T10:25:06.558+0000] {dag.py:4138} INFO - Setting next_dagrun for example_sensors to None, run_after=None
[2024-08-23T10:25:06.585+0000] {processor.py:208} INFO - Processing /home/airflow/.local/lib/python3.12/site-packages/airflow/example_dags/example_sensors.py took 0.109 seconds
[2024-08-23T10:25:36.683+0000] {processor.py:186} INFO - Started process (PID=169) to work on /home/airflow/.local/lib/python3.12/site-packages/airflow/example_dags/example_sensors.py
[2024-08-23T10:25:36.685+0000] {processor.py:914} INFO - Processing file /home/airflow/.local/lib/python3.12/site-packages/airflow/example_dags/example_sensors.py for tasks to queue
[2024-08-23T10:25:36.687+0000] {logging_mixin.py:190} INFO - [2024-08-23T10:25:36.687+0000] {dagbag.py:587} INFO - Filling up the DagBag from /home/airflow/.local/lib/python3.12/site-packages/airflow/example_dags/example_sensors.py
[2024-08-23T10:25:36.696+0000] {processor.py:925} INFO - DAG(s) 'example_sensors' retrieved from /home/airflow/.local/lib/python3.12/site-packages/airflow/example_dags/example_sensors.py
[2024-08-23T10:25:36.719+0000] {logging_mixin.py:190} INFO - [2024-08-23T10:25:36.719+0000] {dag.py:3211} INFO - Sync 1 DAGs
[2024-08-23T10:25:36.731+0000] {logging_mixin.py:190} INFO - [2024-08-23T10:25:36.730+0000] {dag.py:4138} INFO - Setting next_dagrun for example_sensors to None, run_after=None
[2024-08-23T10:25:36.750+0000] {processor.py:208} INFO - Processing /home/airflow/.local/lib/python3.12/site-packages/airflow/example_dags/example_sensors.py took 0.072 seconds
[2024-08-23T10:26:07.446+0000] {processor.py:186} INFO - Started process (PID=231) to work on /home/airflow/.local/lib/python3.12/site-packages/airflow/example_dags/example_sensors.py
[2024-08-23T10:26:07.447+0000] {processor.py:914} INFO - Processing file /home/airflow/.local/lib/python3.12/site-packages/airflow/example_dags/example_sensors.py for tasks to queue
[2024-08-23T10:26:07.450+0000] {logging_mixin.py:190} INFO - [2024-08-23T10:26:07.449+0000] {dagbag.py:587} INFO - Filling up the DagBag from /home/airflow/.local/lib/python3.12/site-packages/airflow/example_dags/example_sensors.py
[2024-08-23T10:26:07.459+0000] {processor.py:925} INFO - DAG(s) 'example_sensors' retrieved from /home/airflow/.local/lib/python3.12/site-packages/airflow/example_dags/example_sensors.py
[2024-08-23T10:26:07.484+0000] {logging_mixin.py:190} INFO - [2024-08-23T10:26:07.484+0000] {dag.py:3211} INFO - Sync 1 DAGs
[2024-08-23T10:26:07.500+0000] {logging_mixin.py:190} INFO - [2024-08-23T10:26:07.500+0000] {dag.py:4138} INFO - Setting next_dagrun for example_sensors to None, run_after=None
[2024-08-23T10:26:07.522+0000] {processor.py:208} INFO - Processing /home/airflow/.local/lib/python3.12/site-packages/airflow/example_dags/example_sensors.py took 0.081 seconds
[2024-08-23T10:26:38.523+0000] {processor.py:186} INFO - Started process (PID=293) to work on /home/airflow/.local/lib/python3.12/site-packages/airflow/example_dags/example_sensors.py
[2024-08-23T10:26:38.524+0000] {processor.py:914} INFO - Processing file /home/airflow/.local/lib/python3.12/site-packages/airflow/example_dags/example_sensors.py for tasks to queue
[2024-08-23T10:26:38.527+0000] {logging_mixin.py:190} INFO - [2024-08-23T10:26:38.526+0000] {dagbag.py:587} INFO - Filling up the DagBag from /home/airflow/.local/lib/python3.12/site-packages/airflow/example_dags/example_sensors.py
[2024-08-23T10:26:38.538+0000] {processor.py:925} INFO - DAG(s) 'example_sensors' retrieved from /home/airflow/.local/lib/python3.12/site-packages/airflow/example_dags/example_sensors.py
[2024-08-23T10:26:38.563+0000] {logging_mixin.py:190} INFO - [2024-08-23T10:26:38.562+0000] {dag.py:3211} INFO - Sync 1 DAGs
[2024-08-23T10:26:38.576+0000] {logging_mixin.py:190} INFO - [2024-08-23T10:26:38.576+0000] {dag.py:4138} INFO - Setting next_dagrun for example_sensors to None, run_after=None
[2024-08-23T10:26:38.596+0000] {processor.py:208} INFO - Processing /home/airflow/.local/lib/python3.12/site-packages/airflow/example_dags/example_sensors.py took 0.078 seconds
[2024-08-23T10:27:11.248+0000] {processor.py:186} INFO - Started process (PID=355) to work on /home/airflow/.local/lib/python3.12/site-packages/airflow/example_dags/example_sensors.py
[2024-08-23T10:27:11.250+0000] {processor.py:914} INFO - Processing file /home/airflow/.local/lib/python3.12/site-packages/airflow/example_dags/example_sensors.py for tasks to queue
[2024-08-23T10:27:11.255+0000] {logging_mixin.py:190} INFO - [2024-08-23T10:27:11.254+0000] {dagbag.py:587} INFO - Filling up the DagBag from /home/airflow/.local/lib/python3.12/site-packages/airflow/example_dags/example_sensors.py
[2024-08-23T10:27:11.274+0000] {processor.py:925} INFO - DAG(s) 'example_sensors' retrieved from /home/airflow/.local/lib/python3.12/site-packages/airflow/example_dags/example_sensors.py
[2024-08-23T10:27:11.324+0000] {logging_mixin.py:190} INFO - [2024-08-23T10:27:11.324+0000] {dag.py:3211} INFO - Sync 1 DAGs
[2024-08-23T10:27:11.348+0000] {logging_mixin.py:190} INFO - [2024-08-23T10:27:11.348+0000] {dag.py:4138} INFO - Setting next_dagrun for example_sensors to None, run_after=None
[2024-08-23T10:27:11.387+0000] {processor.py:208} INFO - Processing /home/airflow/.local/lib/python3.12/site-packages/airflow/example_dags/example_sensors.py took 0.149 seconds
[2024-08-23T10:27:42.825+0000] {processor.py:186} INFO - Started process (PID=417) to work on /home/airflow/.local/lib/python3.12/site-packages/airflow/example_dags/example_sensors.py
[2024-08-23T10:27:42.828+0000] {processor.py:914} INFO - Processing file /home/airflow/.local/lib/python3.12/site-packages/airflow/example_dags/example_sensors.py for tasks to queue
[2024-08-23T10:27:42.834+0000] {logging_mixin.py:190} INFO - [2024-08-23T10:27:42.833+0000] {dagbag.py:587} INFO - Filling up the DagBag from /home/airflow/.local/lib/python3.12/site-packages/airflow/example_dags/example_sensors.py
[2024-08-23T10:27:42.869+0000] {processor.py:925} INFO - DAG(s) 'example_sensors' retrieved from /home/airflow/.local/lib/python3.12/site-packages/airflow/example_dags/example_sensors.py
[2024-08-23T10:27:42.942+0000] {logging_mixin.py:190} INFO - [2024-08-23T10:27:42.941+0000] {dag.py:3211} INFO - Sync 1 DAGs
[2024-08-23T10:27:42.974+0000] {logging_mixin.py:190} INFO - [2024-08-23T10:27:42.974+0000] {dag.py:4138} INFO - Setting next_dagrun for example_sensors to None, run_after=None
[2024-08-23T10:27:43.021+0000] {processor.py:208} INFO - Processing /home/airflow/.local/lib/python3.12/site-packages/airflow/example_dags/example_sensors.py took 0.212 seconds
