[2024-08-23T06:38:35.800+0000] {processor.py:186} INFO - Started process (PID=112) to work on /home/airflow/.local/lib/python3.12/site-packages/airflow/example_dags/example_datasets.py
[2024-08-23T06:38:35.802+0000] {processor.py:914} INFO - Processing file /home/airflow/.local/lib/python3.12/site-packages/airflow/example_dags/example_datasets.py for tasks to queue
[2024-08-23T06:38:35.805+0000] {logging_mixin.py:190} INFO - [2024-08-23T06:38:35.805+0000] {dagbag.py:587} INFO - Filling up the DagBag from /home/airflow/.local/lib/python3.12/site-packages/airflow/example_dags/example_datasets.py
[2024-08-23T06:38:36.006+0000] {processor.py:925} INFO - DAG(s) 'conditional_dataset_and_time_based_timetable', 'dataset_consumes_1', 'consume_1_or_2_with_dataset_expressions', 'dataset_consumes_1_never_scheduled', 'dataset_consumes_1_and_2', 'dataset_produces_2', 'consume_1_and_2_with_dataset_expressions', 'consume_1_or_both_2_and_3_with_dataset_expressions', 'dataset_consumes_unknown_never_scheduled', 'dataset_produces_1' retrieved from /home/airflow/.local/lib/python3.12/site-packages/airflow/example_dags/example_datasets.py
[2024-08-23T06:38:36.188+0000] {logging_mixin.py:190} INFO - [2024-08-23T06:38:36.187+0000] {override.py:1858} INFO - Created Permission View: can edit on DAG:conditional_dataset_and_time_based_timetable
[2024-08-23T06:38:36.204+0000] {logging_mixin.py:190} INFO - [2024-08-23T06:38:36.203+0000] {override.py:1858} INFO - Created Permission View: can delete on DAG:conditional_dataset_and_time_based_timetable
[2024-08-23T06:38:36.213+0000] {logging_mixin.py:190} INFO - [2024-08-23T06:38:36.213+0000] {override.py:1858} INFO - Created Permission View: can read on DAG:conditional_dataset_and_time_based_timetable
[2024-08-23T06:38:36.230+0000] {logging_mixin.py:190} INFO - [2024-08-23T06:38:36.229+0000] {override.py:1858} INFO - Created Permission View: can edit on DAG:dataset_consumes_1
[2024-08-23T06:38:36.241+0000] {logging_mixin.py:190} INFO - [2024-08-23T06:38:36.241+0000] {override.py:1858} INFO - Created Permission View: can delete on DAG:dataset_consumes_1
[2024-08-23T06:38:36.249+0000] {logging_mixin.py:190} INFO - [2024-08-23T06:38:36.249+0000] {override.py:1858} INFO - Created Permission View: can read on DAG:dataset_consumes_1
[2024-08-23T06:38:36.263+0000] {logging_mixin.py:190} INFO - [2024-08-23T06:38:36.263+0000] {override.py:1858} INFO - Created Permission View: can edit on DAG:consume_1_or_2_with_dataset_expressions
[2024-08-23T06:38:36.270+0000] {logging_mixin.py:190} INFO - [2024-08-23T06:38:36.270+0000] {override.py:1858} INFO - Created Permission View: can delete on DAG:consume_1_or_2_with_dataset_expressions
[2024-08-23T06:38:36.280+0000] {logging_mixin.py:190} INFO - [2024-08-23T06:38:36.280+0000] {override.py:1858} INFO - Created Permission View: can read on DAG:consume_1_or_2_with_dataset_expressions
[2024-08-23T06:38:36.295+0000] {logging_mixin.py:190} INFO - [2024-08-23T06:38:36.295+0000] {override.py:1858} INFO - Created Permission View: can edit on DAG:dataset_consumes_1_never_scheduled
[2024-08-23T06:38:36.304+0000] {logging_mixin.py:190} INFO - [2024-08-23T06:38:36.304+0000] {override.py:1858} INFO - Created Permission View: can delete on DAG:dataset_consumes_1_never_scheduled
[2024-08-23T06:38:36.314+0000] {logging_mixin.py:190} INFO - [2024-08-23T06:38:36.313+0000] {override.py:1858} INFO - Created Permission View: can read on DAG:dataset_consumes_1_never_scheduled
[2024-08-23T06:38:36.328+0000] {logging_mixin.py:190} INFO - [2024-08-23T06:38:36.328+0000] {override.py:1858} INFO - Created Permission View: can edit on DAG:dataset_consumes_1_and_2
[2024-08-23T06:38:36.339+0000] {logging_mixin.py:190} INFO - [2024-08-23T06:38:36.339+0000] {override.py:1858} INFO - Created Permission View: can delete on DAG:dataset_consumes_1_and_2
[2024-08-23T06:38:36.347+0000] {logging_mixin.py:190} INFO - [2024-08-23T06:38:36.346+0000] {override.py:1858} INFO - Created Permission View: can read on DAG:dataset_consumes_1_and_2
[2024-08-23T06:38:36.371+0000] {logging_mixin.py:190} INFO - [2024-08-23T06:38:36.369+0000] {override.py:1858} INFO - Created Permission View: can edit on DAG:dataset_produces_2
[2024-08-23T06:38:36.385+0000] {logging_mixin.py:190} INFO - [2024-08-23T06:38:36.384+0000] {override.py:1858} INFO - Created Permission View: can delete on DAG:dataset_produces_2
[2024-08-23T06:38:36.393+0000] {logging_mixin.py:190} INFO - [2024-08-23T06:38:36.393+0000] {override.py:1858} INFO - Created Permission View: can read on DAG:dataset_produces_2
[2024-08-23T06:38:36.409+0000] {logging_mixin.py:190} INFO - [2024-08-23T06:38:36.409+0000] {override.py:1858} INFO - Created Permission View: can edit on DAG:consume_1_and_2_with_dataset_expressions
[2024-08-23T06:38:36.435+0000] {logging_mixin.py:190} INFO - [2024-08-23T06:38:36.434+0000] {override.py:1858} INFO - Created Permission View: can delete on DAG:consume_1_and_2_with_dataset_expressions
[2024-08-23T06:38:36.444+0000] {logging_mixin.py:190} INFO - [2024-08-23T06:38:36.443+0000] {override.py:1858} INFO - Created Permission View: can read on DAG:consume_1_and_2_with_dataset_expressions
[2024-08-23T06:38:36.462+0000] {logging_mixin.py:190} INFO - [2024-08-23T06:38:36.461+0000] {override.py:1858} INFO - Created Permission View: can edit on DAG:consume_1_or_both_2_and_3_with_dataset_expressions
[2024-08-23T06:38:36.472+0000] {logging_mixin.py:190} INFO - [2024-08-23T06:38:36.471+0000] {override.py:1858} INFO - Created Permission View: can delete on DAG:consume_1_or_both_2_and_3_with_dataset_expressions
[2024-08-23T06:38:36.484+0000] {logging_mixin.py:190} INFO - [2024-08-23T06:38:36.483+0000] {override.py:1858} INFO - Created Permission View: can read on DAG:consume_1_or_both_2_and_3_with_dataset_expressions
[2024-08-23T06:38:36.504+0000] {logging_mixin.py:190} INFO - [2024-08-23T06:38:36.504+0000] {override.py:1858} INFO - Created Permission View: can edit on DAG:dataset_consumes_unknown_never_scheduled
[2024-08-23T06:38:36.512+0000] {logging_mixin.py:190} INFO - [2024-08-23T06:38:36.512+0000] {override.py:1858} INFO - Created Permission View: can delete on DAG:dataset_consumes_unknown_never_scheduled
[2024-08-23T06:38:36.519+0000] {logging_mixin.py:190} INFO - [2024-08-23T06:38:36.519+0000] {override.py:1858} INFO - Created Permission View: can read on DAG:dataset_consumes_unknown_never_scheduled
[2024-08-23T06:38:36.534+0000] {logging_mixin.py:190} INFO - [2024-08-23T06:38:36.533+0000] {override.py:1858} INFO - Created Permission View: can edit on DAG:dataset_produces_1
[2024-08-23T06:38:36.542+0000] {logging_mixin.py:190} INFO - [2024-08-23T06:38:36.542+0000] {override.py:1858} INFO - Created Permission View: can delete on DAG:dataset_produces_1
[2024-08-23T06:38:36.551+0000] {logging_mixin.py:190} INFO - [2024-08-23T06:38:36.551+0000] {override.py:1858} INFO - Created Permission View: can read on DAG:dataset_produces_1
[2024-08-23T06:38:36.552+0000] {logging_mixin.py:190} INFO - [2024-08-23T06:38:36.552+0000] {dag.py:3211} INFO - Sync 10 DAGs
[2024-08-23T06:38:36.567+0000] {logging_mixin.py:190} INFO - [2024-08-23T06:38:36.567+0000] {dag.py:3234} INFO - Creating ORM DAG for consume_1_or_2_with_dataset_expressions
[2024-08-23T06:38:36.569+0000] {logging_mixin.py:190} INFO - [2024-08-23T06:38:36.569+0000] {dag.py:3234} INFO - Creating ORM DAG for consume_1_or_both_2_and_3_with_dataset_expressions
[2024-08-23T06:38:36.570+0000] {logging_mixin.py:190} INFO - [2024-08-23T06:38:36.570+0000] {dag.py:3234} INFO - Creating ORM DAG for conditional_dataset_and_time_based_timetable
[2024-08-23T06:38:36.571+0000] {logging_mixin.py:190} INFO - [2024-08-23T06:38:36.571+0000] {dag.py:3234} INFO - Creating ORM DAG for dataset_produces_2
[2024-08-23T06:38:36.572+0000] {logging_mixin.py:190} INFO - [2024-08-23T06:38:36.572+0000] {dag.py:3234} INFO - Creating ORM DAG for consume_1_and_2_with_dataset_expressions
[2024-08-23T06:38:36.573+0000] {logging_mixin.py:190} INFO - [2024-08-23T06:38:36.572+0000] {dag.py:3234} INFO - Creating ORM DAG for dataset_produces_1
[2024-08-23T06:38:36.573+0000] {logging_mixin.py:190} INFO - [2024-08-23T06:38:36.573+0000] {dag.py:3234} INFO - Creating ORM DAG for dataset_consumes_1
[2024-08-23T06:38:36.574+0000] {logging_mixin.py:190} INFO - [2024-08-23T06:38:36.574+0000] {dag.py:3234} INFO - Creating ORM DAG for dataset_consumes_unknown_never_scheduled
[2024-08-23T06:38:36.574+0000] {logging_mixin.py:190} INFO - [2024-08-23T06:38:36.574+0000] {dag.py:3234} INFO - Creating ORM DAG for dataset_consumes_1_never_scheduled
[2024-08-23T06:38:36.575+0000] {logging_mixin.py:190} INFO - [2024-08-23T06:38:36.575+0000] {dag.py:3234} INFO - Creating ORM DAG for dataset_consumes_1_and_2
[2024-08-23T06:38:36.589+0000] {logging_mixin.py:190} INFO - [2024-08-23T06:38:36.589+0000] {dag.py:4138} INFO - Setting next_dagrun for conditional_dataset_and_time_based_timetable to 2024-08-21 01:00:00+00:00, run_after=2024-08-21 01:00:00+00:00
[2024-08-23T06:38:36.590+0000] {logging_mixin.py:190} INFO - [2024-08-23T06:38:36.590+0000] {dag.py:4138} INFO - Setting next_dagrun for consume_1_and_2_with_dataset_expressions to None, run_after=None
[2024-08-23T06:38:36.591+0000] {logging_mixin.py:190} INFO - [2024-08-23T06:38:36.591+0000] {dag.py:4138} INFO - Setting next_dagrun for consume_1_or_2_with_dataset_expressions to None, run_after=None
[2024-08-23T06:38:36.592+0000] {logging_mixin.py:190} INFO - [2024-08-23T06:38:36.591+0000] {dag.py:4138} INFO - Setting next_dagrun for consume_1_or_both_2_and_3_with_dataset_expressions to None, run_after=None
[2024-08-23T06:38:36.592+0000] {logging_mixin.py:190} INFO - [2024-08-23T06:38:36.592+0000] {dag.py:4138} INFO - Setting next_dagrun for dataset_consumes_1 to None, run_after=None
[2024-08-23T06:38:36.593+0000] {logging_mixin.py:190} INFO - [2024-08-23T06:38:36.593+0000] {dag.py:4138} INFO - Setting next_dagrun for dataset_consumes_1_and_2 to None, run_after=None
[2024-08-23T06:38:36.594+0000] {logging_mixin.py:190} INFO - [2024-08-23T06:38:36.594+0000] {dag.py:4138} INFO - Setting next_dagrun for dataset_consumes_1_never_scheduled to None, run_after=None
[2024-08-23T06:38:36.595+0000] {logging_mixin.py:190} INFO - [2024-08-23T06:38:36.595+0000] {dag.py:4138} INFO - Setting next_dagrun for dataset_consumes_unknown_never_scheduled to None, run_after=None
[2024-08-23T06:38:36.597+0000] {logging_mixin.py:190} INFO - [2024-08-23T06:38:36.597+0000] {dag.py:4138} INFO - Setting next_dagrun for dataset_produces_1 to 2024-08-22 00:00:00+00:00, run_after=2024-08-23 00:00:00+00:00
[2024-08-23T06:38:36.598+0000] {logging_mixin.py:190} INFO - [2024-08-23T06:38:36.598+0000] {dag.py:4138} INFO - Setting next_dagrun for dataset_produces_2 to None, run_after=None
[2024-08-23T06:38:36.645+0000] {processor.py:208} INFO - Processing /home/airflow/.local/lib/python3.12/site-packages/airflow/example_dags/example_datasets.py took 0.854 seconds
[2024-08-23T06:39:06.993+0000] {processor.py:186} INFO - Started process (PID=174) to work on /home/airflow/.local/lib/python3.12/site-packages/airflow/example_dags/example_datasets.py
[2024-08-23T06:39:06.994+0000] {processor.py:914} INFO - Processing file /home/airflow/.local/lib/python3.12/site-packages/airflow/example_dags/example_datasets.py for tasks to queue
[2024-08-23T06:39:06.997+0000] {logging_mixin.py:190} INFO - [2024-08-23T06:39:06.997+0000] {dagbag.py:587} INFO - Filling up the DagBag from /home/airflow/.local/lib/python3.12/site-packages/airflow/example_dags/example_datasets.py
[2024-08-23T06:39:07.156+0000] {processor.py:925} INFO - DAG(s) 'dataset_produces_1', 'dataset_produces_2', 'conditional_dataset_and_time_based_timetable', 'consume_1_or_2_with_dataset_expressions', 'consume_1_or_both_2_and_3_with_dataset_expressions', 'consume_1_and_2_with_dataset_expressions', 'dataset_consumes_1_never_scheduled', 'dataset_consumes_1_and_2', 'dataset_consumes_unknown_never_scheduled', 'dataset_consumes_1' retrieved from /home/airflow/.local/lib/python3.12/site-packages/airflow/example_dags/example_datasets.py
[2024-08-23T06:39:07.210+0000] {logging_mixin.py:190} INFO - [2024-08-23T06:39:07.210+0000] {dag.py:3211} INFO - Sync 10 DAGs
[2024-08-23T06:39:07.240+0000] {logging_mixin.py:190} INFO - [2024-08-23T06:39:07.240+0000] {dag.py:4138} INFO - Setting next_dagrun for conditional_dataset_and_time_based_timetable to 2024-08-21 01:00:00+00:00, run_after=2024-08-21 01:00:00+00:00
[2024-08-23T06:39:07.245+0000] {logging_mixin.py:190} INFO - [2024-08-23T06:39:07.245+0000] {dag.py:4138} INFO - Setting next_dagrun for consume_1_and_2_with_dataset_expressions to None, run_after=None
[2024-08-23T06:39:07.247+0000] {logging_mixin.py:190} INFO - [2024-08-23T06:39:07.247+0000] {dag.py:4138} INFO - Setting next_dagrun for consume_1_or_2_with_dataset_expressions to None, run_after=None
[2024-08-23T06:39:07.249+0000] {logging_mixin.py:190} INFO - [2024-08-23T06:39:07.249+0000] {dag.py:4138} INFO - Setting next_dagrun for consume_1_or_both_2_and_3_with_dataset_expressions to None, run_after=None
[2024-08-23T06:39:07.250+0000] {logging_mixin.py:190} INFO - [2024-08-23T06:39:07.250+0000] {dag.py:4138} INFO - Setting next_dagrun for dataset_consumes_1 to None, run_after=None
[2024-08-23T06:39:07.252+0000] {logging_mixin.py:190} INFO - [2024-08-23T06:39:07.251+0000] {dag.py:4138} INFO - Setting next_dagrun for dataset_consumes_1_and_2 to None, run_after=None
[2024-08-23T06:39:07.253+0000] {logging_mixin.py:190} INFO - [2024-08-23T06:39:07.253+0000] {dag.py:4138} INFO - Setting next_dagrun for dataset_consumes_1_never_scheduled to None, run_after=None
[2024-08-23T06:39:07.255+0000] {logging_mixin.py:190} INFO - [2024-08-23T06:39:07.255+0000] {dag.py:4138} INFO - Setting next_dagrun for dataset_consumes_unknown_never_scheduled to None, run_after=None
[2024-08-23T06:39:07.258+0000] {logging_mixin.py:190} INFO - [2024-08-23T06:39:07.258+0000] {dag.py:4138} INFO - Setting next_dagrun for dataset_produces_1 to 2024-08-22 00:00:00+00:00, run_after=2024-08-23 00:00:00+00:00
[2024-08-23T06:39:07.260+0000] {logging_mixin.py:190} INFO - [2024-08-23T06:39:07.260+0000] {dag.py:4138} INFO - Setting next_dagrun for dataset_produces_2 to None, run_after=None
[2024-08-23T06:39:07.297+0000] {processor.py:208} INFO - Processing /home/airflow/.local/lib/python3.12/site-packages/airflow/example_dags/example_datasets.py took 0.310 seconds
[2024-08-23T06:39:37.487+0000] {processor.py:186} INFO - Started process (PID=236) to work on /home/airflow/.local/lib/python3.12/site-packages/airflow/example_dags/example_datasets.py
[2024-08-23T06:39:37.488+0000] {processor.py:914} INFO - Processing file /home/airflow/.local/lib/python3.12/site-packages/airflow/example_dags/example_datasets.py for tasks to queue
[2024-08-23T06:39:37.492+0000] {logging_mixin.py:190} INFO - [2024-08-23T06:39:37.491+0000] {dagbag.py:587} INFO - Filling up the DagBag from /home/airflow/.local/lib/python3.12/site-packages/airflow/example_dags/example_datasets.py
[2024-08-23T06:39:37.645+0000] {processor.py:925} INFO - DAG(s) 'dataset_produces_1', 'dataset_consumes_1', 'dataset_consumes_1_never_scheduled', 'consume_1_or_both_2_and_3_with_dataset_expressions', 'dataset_produces_2', 'consume_1_or_2_with_dataset_expressions', 'dataset_consumes_1_and_2', 'conditional_dataset_and_time_based_timetable', 'consume_1_and_2_with_dataset_expressions', 'dataset_consumes_unknown_never_scheduled' retrieved from /home/airflow/.local/lib/python3.12/site-packages/airflow/example_dags/example_datasets.py
[2024-08-23T06:39:37.694+0000] {logging_mixin.py:190} INFO - [2024-08-23T06:39:37.694+0000] {dag.py:3211} INFO - Sync 10 DAGs
[2024-08-23T06:39:37.720+0000] {logging_mixin.py:190} INFO - [2024-08-23T06:39:37.720+0000] {dag.py:4138} INFO - Setting next_dagrun for conditional_dataset_and_time_based_timetable to 2024-08-21 01:00:00+00:00, run_after=2024-08-21 01:00:00+00:00
[2024-08-23T06:39:37.724+0000] {logging_mixin.py:190} INFO - [2024-08-23T06:39:37.723+0000] {dag.py:4138} INFO - Setting next_dagrun for consume_1_and_2_with_dataset_expressions to None, run_after=None
[2024-08-23T06:39:37.725+0000] {logging_mixin.py:190} INFO - [2024-08-23T06:39:37.725+0000] {dag.py:4138} INFO - Setting next_dagrun for consume_1_or_2_with_dataset_expressions to None, run_after=None
[2024-08-23T06:39:37.727+0000] {logging_mixin.py:190} INFO - [2024-08-23T06:39:37.727+0000] {dag.py:4138} INFO - Setting next_dagrun for consume_1_or_both_2_and_3_with_dataset_expressions to None, run_after=None
[2024-08-23T06:39:37.728+0000] {logging_mixin.py:190} INFO - [2024-08-23T06:39:37.728+0000] {dag.py:4138} INFO - Setting next_dagrun for dataset_consumes_1 to None, run_after=None
[2024-08-23T06:39:37.729+0000] {logging_mixin.py:190} INFO - [2024-08-23T06:39:37.729+0000] {dag.py:4138} INFO - Setting next_dagrun for dataset_consumes_1_and_2 to None, run_after=None
[2024-08-23T06:39:37.731+0000] {logging_mixin.py:190} INFO - [2024-08-23T06:39:37.730+0000] {dag.py:4138} INFO - Setting next_dagrun for dataset_consumes_1_never_scheduled to None, run_after=None
[2024-08-23T06:39:37.732+0000] {logging_mixin.py:190} INFO - [2024-08-23T06:39:37.732+0000] {dag.py:4138} INFO - Setting next_dagrun for dataset_consumes_unknown_never_scheduled to None, run_after=None
[2024-08-23T06:39:37.734+0000] {logging_mixin.py:190} INFO - [2024-08-23T06:39:37.734+0000] {dag.py:4138} INFO - Setting next_dagrun for dataset_produces_1 to 2024-08-22 00:00:00+00:00, run_after=2024-08-23 00:00:00+00:00
[2024-08-23T06:39:37.736+0000] {logging_mixin.py:190} INFO - [2024-08-23T06:39:37.736+0000] {dag.py:4138} INFO - Setting next_dagrun for dataset_produces_2 to None, run_after=None
[2024-08-23T06:39:37.769+0000] {processor.py:208} INFO - Processing /home/airflow/.local/lib/python3.12/site-packages/airflow/example_dags/example_datasets.py took 0.288 seconds
[2024-08-23T06:40:08.297+0000] {processor.py:186} INFO - Started process (PID=298) to work on /home/airflow/.local/lib/python3.12/site-packages/airflow/example_dags/example_datasets.py
[2024-08-23T06:40:08.299+0000] {processor.py:914} INFO - Processing file /home/airflow/.local/lib/python3.12/site-packages/airflow/example_dags/example_datasets.py for tasks to queue
[2024-08-23T06:40:08.306+0000] {logging_mixin.py:190} INFO - [2024-08-23T06:40:08.305+0000] {dagbag.py:587} INFO - Filling up the DagBag from /home/airflow/.local/lib/python3.12/site-packages/airflow/example_dags/example_datasets.py
[2024-08-23T06:40:08.635+0000] {processor.py:925} INFO - DAG(s) 'consume_1_or_2_with_dataset_expressions', 'conditional_dataset_and_time_based_timetable', 'dataset_consumes_1_and_2', 'consume_1_and_2_with_dataset_expressions', 'consume_1_or_both_2_and_3_with_dataset_expressions', 'dataset_consumes_unknown_never_scheduled', 'dataset_consumes_1', 'dataset_produces_2', 'dataset_produces_1', 'dataset_consumes_1_never_scheduled' retrieved from /home/airflow/.local/lib/python3.12/site-packages/airflow/example_dags/example_datasets.py
[2024-08-23T06:40:08.781+0000] {logging_mixin.py:190} INFO - [2024-08-23T06:40:08.781+0000] {dag.py:3211} INFO - Sync 10 DAGs
[2024-08-23T06:40:08.844+0000] {logging_mixin.py:190} INFO - [2024-08-23T06:40:08.843+0000] {dag.py:4138} INFO - Setting next_dagrun for conditional_dataset_and_time_based_timetable to 2024-08-21 01:00:00+00:00, run_after=2024-08-21 01:00:00+00:00
[2024-08-23T06:40:08.852+0000] {logging_mixin.py:190} INFO - [2024-08-23T06:40:08.852+0000] {dag.py:4138} INFO - Setting next_dagrun for consume_1_and_2_with_dataset_expressions to None, run_after=None
[2024-08-23T06:40:08.856+0000] {logging_mixin.py:190} INFO - [2024-08-23T06:40:08.855+0000] {dag.py:4138} INFO - Setting next_dagrun for consume_1_or_2_with_dataset_expressions to None, run_after=None
[2024-08-23T06:40:08.859+0000] {logging_mixin.py:190} INFO - [2024-08-23T06:40:08.859+0000] {dag.py:4138} INFO - Setting next_dagrun for consume_1_or_both_2_and_3_with_dataset_expressions to None, run_after=None
[2024-08-23T06:40:08.862+0000] {logging_mixin.py:190} INFO - [2024-08-23T06:40:08.862+0000] {dag.py:4138} INFO - Setting next_dagrun for dataset_consumes_1 to None, run_after=None
[2024-08-23T06:40:08.865+0000] {logging_mixin.py:190} INFO - [2024-08-23T06:40:08.865+0000] {dag.py:4138} INFO - Setting next_dagrun for dataset_consumes_1_and_2 to None, run_after=None
[2024-08-23T06:40:08.868+0000] {logging_mixin.py:190} INFO - [2024-08-23T06:40:08.868+0000] {dag.py:4138} INFO - Setting next_dagrun for dataset_consumes_1_never_scheduled to None, run_after=None
[2024-08-23T06:40:08.871+0000] {logging_mixin.py:190} INFO - [2024-08-23T06:40:08.871+0000] {dag.py:4138} INFO - Setting next_dagrun for dataset_consumes_unknown_never_scheduled to None, run_after=None
[2024-08-23T06:40:08.877+0000] {logging_mixin.py:190} INFO - [2024-08-23T06:40:08.877+0000] {dag.py:4138} INFO - Setting next_dagrun for dataset_produces_1 to 2024-08-22 00:00:00+00:00, run_after=2024-08-23 00:00:00+00:00
[2024-08-23T06:40:08.879+0000] {logging_mixin.py:190} INFO - [2024-08-23T06:40:08.879+0000] {dag.py:4138} INFO - Setting next_dagrun for dataset_produces_2 to None, run_after=None
[2024-08-23T06:40:08.947+0000] {processor.py:208} INFO - Processing /home/airflow/.local/lib/python3.12/site-packages/airflow/example_dags/example_datasets.py took 0.663 seconds
[2024-08-23T06:40:39.351+0000] {processor.py:186} INFO - Started process (PID=362) to work on /home/airflow/.local/lib/python3.12/site-packages/airflow/example_dags/example_datasets.py
[2024-08-23T06:40:39.353+0000] {processor.py:914} INFO - Processing file /home/airflow/.local/lib/python3.12/site-packages/airflow/example_dags/example_datasets.py for tasks to queue
[2024-08-23T06:40:39.357+0000] {logging_mixin.py:190} INFO - [2024-08-23T06:40:39.357+0000] {dagbag.py:587} INFO - Filling up the DagBag from /home/airflow/.local/lib/python3.12/site-packages/airflow/example_dags/example_datasets.py
[2024-08-23T06:40:39.728+0000] {processor.py:925} INFO - DAG(s) 'conditional_dataset_and_time_based_timetable', 'dataset_consumes_1', 'dataset_consumes_1_never_scheduled', 'consume_1_or_both_2_and_3_with_dataset_expressions', 'dataset_consumes_unknown_never_scheduled', 'consume_1_or_2_with_dataset_expressions', 'consume_1_and_2_with_dataset_expressions', 'dataset_produces_2', 'dataset_produces_1', 'dataset_consumes_1_and_2' retrieved from /home/airflow/.local/lib/python3.12/site-packages/airflow/example_dags/example_datasets.py
[2024-08-23T06:40:39.837+0000] {logging_mixin.py:190} INFO - [2024-08-23T06:40:39.836+0000] {dag.py:3211} INFO - Sync 10 DAGs
[2024-08-23T06:40:39.892+0000] {logging_mixin.py:190} INFO - [2024-08-23T06:40:39.891+0000] {dag.py:4138} INFO - Setting next_dagrun for conditional_dataset_and_time_based_timetable to 2024-08-21 01:00:00+00:00, run_after=2024-08-21 01:00:00+00:00
[2024-08-23T06:40:39.904+0000] {logging_mixin.py:190} INFO - [2024-08-23T06:40:39.903+0000] {dag.py:4138} INFO - Setting next_dagrun for consume_1_and_2_with_dataset_expressions to None, run_after=None
[2024-08-23T06:40:39.908+0000] {logging_mixin.py:190} INFO - [2024-08-23T06:40:39.907+0000] {dag.py:4138} INFO - Setting next_dagrun for consume_1_or_2_with_dataset_expressions to None, run_after=None
[2024-08-23T06:40:39.912+0000] {logging_mixin.py:190} INFO - [2024-08-23T06:40:39.911+0000] {dag.py:4138} INFO - Setting next_dagrun for consume_1_or_both_2_and_3_with_dataset_expressions to None, run_after=None
[2024-08-23T06:40:39.915+0000] {logging_mixin.py:190} INFO - [2024-08-23T06:40:39.914+0000] {dag.py:4138} INFO - Setting next_dagrun for dataset_consumes_1 to None, run_after=None
[2024-08-23T06:40:39.917+0000] {logging_mixin.py:190} INFO - [2024-08-23T06:40:39.917+0000] {dag.py:4138} INFO - Setting next_dagrun for dataset_consumes_1_and_2 to None, run_after=None
[2024-08-23T06:40:39.920+0000] {logging_mixin.py:190} INFO - [2024-08-23T06:40:39.920+0000] {dag.py:4138} INFO - Setting next_dagrun for dataset_consumes_1_never_scheduled to None, run_after=None
[2024-08-23T06:40:39.923+0000] {logging_mixin.py:190} INFO - [2024-08-23T06:40:39.923+0000] {dag.py:4138} INFO - Setting next_dagrun for dataset_consumes_unknown_never_scheduled to None, run_after=None
[2024-08-23T06:40:39.929+0000] {logging_mixin.py:190} INFO - [2024-08-23T06:40:39.928+0000] {dag.py:4138} INFO - Setting next_dagrun for dataset_produces_1 to 2024-08-22 00:00:00+00:00, run_after=2024-08-23 00:00:00+00:00
[2024-08-23T06:40:39.932+0000] {logging_mixin.py:190} INFO - [2024-08-23T06:40:39.932+0000] {dag.py:4138} INFO - Setting next_dagrun for dataset_produces_2 to None, run_after=None
[2024-08-23T06:40:40.000+0000] {processor.py:208} INFO - Processing /home/airflow/.local/lib/python3.12/site-packages/airflow/example_dags/example_datasets.py took 0.666 seconds
[2024-08-23T06:41:10.765+0000] {processor.py:186} INFO - Started process (PID=425) to work on /home/airflow/.local/lib/python3.12/site-packages/airflow/example_dags/example_datasets.py
[2024-08-23T06:41:10.767+0000] {processor.py:914} INFO - Processing file /home/airflow/.local/lib/python3.12/site-packages/airflow/example_dags/example_datasets.py for tasks to queue
[2024-08-23T06:41:10.771+0000] {logging_mixin.py:190} INFO - [2024-08-23T06:41:10.770+0000] {dagbag.py:587} INFO - Filling up the DagBag from /home/airflow/.local/lib/python3.12/site-packages/airflow/example_dags/example_datasets.py
[2024-08-23T06:41:10.942+0000] {processor.py:925} INFO - DAG(s) 'dataset_produces_1', 'dataset_consumes_1_never_scheduled', 'dataset_consumes_1_and_2', 'dataset_produces_2', 'consume_1_and_2_with_dataset_expressions', 'consume_1_or_2_with_dataset_expressions', 'dataset_consumes_unknown_never_scheduled', 'conditional_dataset_and_time_based_timetable', 'consume_1_or_both_2_and_3_with_dataset_expressions', 'dataset_consumes_1' retrieved from /home/airflow/.local/lib/python3.12/site-packages/airflow/example_dags/example_datasets.py
[2024-08-23T06:41:11.005+0000] {logging_mixin.py:190} INFO - [2024-08-23T06:41:11.004+0000] {dag.py:3211} INFO - Sync 10 DAGs
[2024-08-23T06:41:11.031+0000] {logging_mixin.py:190} INFO - [2024-08-23T06:41:11.031+0000] {dag.py:4138} INFO - Setting next_dagrun for conditional_dataset_and_time_based_timetable to 2024-08-21 01:00:00+00:00, run_after=2024-08-21 01:00:00+00:00
[2024-08-23T06:41:11.038+0000] {logging_mixin.py:190} INFO - [2024-08-23T06:41:11.037+0000] {dag.py:4138} INFO - Setting next_dagrun for consume_1_and_2_with_dataset_expressions to None, run_after=None
[2024-08-23T06:41:11.043+0000] {logging_mixin.py:190} INFO - [2024-08-23T06:41:11.042+0000] {dag.py:4138} INFO - Setting next_dagrun for consume_1_or_2_with_dataset_expressions to None, run_after=None
[2024-08-23T06:41:11.044+0000] {logging_mixin.py:190} INFO - [2024-08-23T06:41:11.044+0000] {dag.py:4138} INFO - Setting next_dagrun for consume_1_or_both_2_and_3_with_dataset_expressions to None, run_after=None
[2024-08-23T06:41:11.045+0000] {logging_mixin.py:190} INFO - [2024-08-23T06:41:11.045+0000] {dag.py:4138} INFO - Setting next_dagrun for dataset_consumes_1 to None, run_after=None
[2024-08-23T06:41:11.046+0000] {logging_mixin.py:190} INFO - [2024-08-23T06:41:11.046+0000] {dag.py:4138} INFO - Setting next_dagrun for dataset_consumes_1_and_2 to None, run_after=None
[2024-08-23T06:41:11.048+0000] {logging_mixin.py:190} INFO - [2024-08-23T06:41:11.047+0000] {dag.py:4138} INFO - Setting next_dagrun for dataset_consumes_1_never_scheduled to None, run_after=None
[2024-08-23T06:41:11.049+0000] {logging_mixin.py:190} INFO - [2024-08-23T06:41:11.049+0000] {dag.py:4138} INFO - Setting next_dagrun for dataset_consumes_unknown_never_scheduled to None, run_after=None
[2024-08-23T06:41:11.053+0000] {logging_mixin.py:190} INFO - [2024-08-23T06:41:11.052+0000] {dag.py:4138} INFO - Setting next_dagrun for dataset_produces_1 to 2024-08-22 00:00:00+00:00, run_after=2024-08-23 00:00:00+00:00
[2024-08-23T06:41:11.058+0000] {logging_mixin.py:190} INFO - [2024-08-23T06:41:11.057+0000] {dag.py:4138} INFO - Setting next_dagrun for dataset_produces_2 to None, run_after=None
[2024-08-23T06:41:11.098+0000] {processor.py:208} INFO - Processing /home/airflow/.local/lib/python3.12/site-packages/airflow/example_dags/example_datasets.py took 0.340 seconds
[2024-08-23T06:41:41.471+0000] {processor.py:186} INFO - Started process (PID=487) to work on /home/airflow/.local/lib/python3.12/site-packages/airflow/example_dags/example_datasets.py
[2024-08-23T06:41:41.474+0000] {processor.py:914} INFO - Processing file /home/airflow/.local/lib/python3.12/site-packages/airflow/example_dags/example_datasets.py for tasks to queue
[2024-08-23T06:41:41.482+0000] {logging_mixin.py:190} INFO - [2024-08-23T06:41:41.481+0000] {dagbag.py:587} INFO - Filling up the DagBag from /home/airflow/.local/lib/python3.12/site-packages/airflow/example_dags/example_datasets.py
[2024-08-23T06:41:41.775+0000] {processor.py:925} INFO - DAG(s) 'dataset_consumes_1', 'dataset_produces_2', 'dataset_consumes_1_and_2', 'consume_1_or_2_with_dataset_expressions', 'dataset_consumes_unknown_never_scheduled', 'dataset_produces_1', 'consume_1_and_2_with_dataset_expressions', 'dataset_consumes_1_never_scheduled', 'consume_1_or_both_2_and_3_with_dataset_expressions', 'conditional_dataset_and_time_based_timetable' retrieved from /home/airflow/.local/lib/python3.12/site-packages/airflow/example_dags/example_datasets.py
[2024-08-23T06:41:41.839+0000] {logging_mixin.py:190} INFO - [2024-08-23T06:41:41.839+0000] {dag.py:3211} INFO - Sync 10 DAGs
[2024-08-23T06:41:41.876+0000] {logging_mixin.py:190} INFO - [2024-08-23T06:41:41.876+0000] {dag.py:4138} INFO - Setting next_dagrun for conditional_dataset_and_time_based_timetable to 2024-08-21 01:00:00+00:00, run_after=2024-08-21 01:00:00+00:00
[2024-08-23T06:41:41.886+0000] {logging_mixin.py:190} INFO - [2024-08-23T06:41:41.886+0000] {dag.py:4138} INFO - Setting next_dagrun for consume_1_and_2_with_dataset_expressions to None, run_after=None
[2024-08-23T06:41:41.888+0000] {logging_mixin.py:190} INFO - [2024-08-23T06:41:41.888+0000] {dag.py:4138} INFO - Setting next_dagrun for consume_1_or_2_with_dataset_expressions to None, run_after=None
[2024-08-23T06:41:41.891+0000] {logging_mixin.py:190} INFO - [2024-08-23T06:41:41.891+0000] {dag.py:4138} INFO - Setting next_dagrun for consume_1_or_both_2_and_3_with_dataset_expressions to None, run_after=None
[2024-08-23T06:41:41.895+0000] {logging_mixin.py:190} INFO - [2024-08-23T06:41:41.894+0000] {dag.py:4138} INFO - Setting next_dagrun for dataset_consumes_1 to None, run_after=None
[2024-08-23T06:41:41.897+0000] {logging_mixin.py:190} INFO - [2024-08-23T06:41:41.896+0000] {dag.py:4138} INFO - Setting next_dagrun for dataset_consumes_1_and_2 to None, run_after=None
[2024-08-23T06:41:41.899+0000] {logging_mixin.py:190} INFO - [2024-08-23T06:41:41.898+0000] {dag.py:4138} INFO - Setting next_dagrun for dataset_consumes_1_never_scheduled to None, run_after=None
[2024-08-23T06:41:41.903+0000] {logging_mixin.py:190} INFO - [2024-08-23T06:41:41.902+0000] {dag.py:4138} INFO - Setting next_dagrun for dataset_consumes_unknown_never_scheduled to None, run_after=None
[2024-08-23T06:41:41.909+0000] {logging_mixin.py:190} INFO - [2024-08-23T06:41:41.908+0000] {dag.py:4138} INFO - Setting next_dagrun for dataset_produces_1 to 2024-08-22 00:00:00+00:00, run_after=2024-08-23 00:00:00+00:00
[2024-08-23T06:41:41.912+0000] {logging_mixin.py:190} INFO - [2024-08-23T06:41:41.911+0000] {dag.py:4138} INFO - Setting next_dagrun for dataset_produces_2 to None, run_after=None
[2024-08-23T06:41:41.970+0000] {processor.py:208} INFO - Processing /home/airflow/.local/lib/python3.12/site-packages/airflow/example_dags/example_datasets.py took 0.511 seconds
[2024-08-23T06:42:12.673+0000] {processor.py:186} INFO - Started process (PID=549) to work on /home/airflow/.local/lib/python3.12/site-packages/airflow/example_dags/example_datasets.py
[2024-08-23T06:42:12.674+0000] {processor.py:914} INFO - Processing file /home/airflow/.local/lib/python3.12/site-packages/airflow/example_dags/example_datasets.py for tasks to queue
[2024-08-23T06:42:12.676+0000] {logging_mixin.py:190} INFO - [2024-08-23T06:42:12.676+0000] {dagbag.py:587} INFO - Filling up the DagBag from /home/airflow/.local/lib/python3.12/site-packages/airflow/example_dags/example_datasets.py
[2024-08-23T06:42:13.044+0000] {processor.py:925} INFO - DAG(s) 'conditional_dataset_and_time_based_timetable', 'dataset_produces_2', 'consume_1_or_2_with_dataset_expressions', 'dataset_consumes_1_and_2', 'consume_1_or_both_2_and_3_with_dataset_expressions', 'dataset_consumes_1_never_scheduled', 'dataset_consumes_unknown_never_scheduled', 'dataset_produces_1', 'consume_1_and_2_with_dataset_expressions', 'dataset_consumes_1' retrieved from /home/airflow/.local/lib/python3.12/site-packages/airflow/example_dags/example_datasets.py
[2024-08-23T06:42:13.111+0000] {logging_mixin.py:190} INFO - [2024-08-23T06:42:13.111+0000] {dag.py:3211} INFO - Sync 10 DAGs
[2024-08-23T06:42:13.152+0000] {logging_mixin.py:190} INFO - [2024-08-23T06:42:13.151+0000] {dag.py:4138} INFO - Setting next_dagrun for conditional_dataset_and_time_based_timetable to 2024-08-21 01:00:00+00:00, run_after=2024-08-21 01:00:00+00:00
[2024-08-23T06:42:13.156+0000] {logging_mixin.py:190} INFO - [2024-08-23T06:42:13.156+0000] {dag.py:4138} INFO - Setting next_dagrun for consume_1_and_2_with_dataset_expressions to None, run_after=None
[2024-08-23T06:42:13.160+0000] {logging_mixin.py:190} INFO - [2024-08-23T06:42:13.160+0000] {dag.py:4138} INFO - Setting next_dagrun for consume_1_or_2_with_dataset_expressions to None, run_after=None
[2024-08-23T06:42:13.163+0000] {logging_mixin.py:190} INFO - [2024-08-23T06:42:13.161+0000] {dag.py:4138} INFO - Setting next_dagrun for consume_1_or_both_2_and_3_with_dataset_expressions to None, run_after=None
[2024-08-23T06:42:13.167+0000] {logging_mixin.py:190} INFO - [2024-08-23T06:42:13.166+0000] {dag.py:4138} INFO - Setting next_dagrun for dataset_consumes_1 to None, run_after=None
[2024-08-23T06:42:13.172+0000] {logging_mixin.py:190} INFO - [2024-08-23T06:42:13.172+0000] {dag.py:4138} INFO - Setting next_dagrun for dataset_consumes_1_and_2 to None, run_after=None
[2024-08-23T06:42:13.175+0000] {logging_mixin.py:190} INFO - [2024-08-23T06:42:13.174+0000] {dag.py:4138} INFO - Setting next_dagrun for dataset_consumes_1_never_scheduled to None, run_after=None
[2024-08-23T06:42:13.176+0000] {logging_mixin.py:190} INFO - [2024-08-23T06:42:13.176+0000] {dag.py:4138} INFO - Setting next_dagrun for dataset_consumes_unknown_never_scheduled to None, run_after=None
[2024-08-23T06:42:13.180+0000] {logging_mixin.py:190} INFO - [2024-08-23T06:42:13.179+0000] {dag.py:4138} INFO - Setting next_dagrun for dataset_produces_1 to 2024-08-22 00:00:00+00:00, run_after=2024-08-23 00:00:00+00:00
[2024-08-23T06:42:13.184+0000] {logging_mixin.py:190} INFO - [2024-08-23T06:42:13.183+0000] {dag.py:4138} INFO - Setting next_dagrun for dataset_produces_2 to None, run_after=None
[2024-08-23T06:42:13.255+0000] {processor.py:208} INFO - Processing /home/airflow/.local/lib/python3.12/site-packages/airflow/example_dags/example_datasets.py took 0.613 seconds
[2024-08-23T07:54:16.029+0000] {processor.py:186} INFO - Started process (PID=115) to work on /home/airflow/.local/lib/python3.12/site-packages/airflow/example_dags/example_datasets.py
[2024-08-23T07:54:16.038+0000] {processor.py:914} INFO - Processing file /home/airflow/.local/lib/python3.12/site-packages/airflow/example_dags/example_datasets.py for tasks to queue
[2024-08-23T07:54:16.047+0000] {logging_mixin.py:190} INFO - [2024-08-23T07:54:16.047+0000] {dagbag.py:587} INFO - Filling up the DagBag from /home/airflow/.local/lib/python3.12/site-packages/airflow/example_dags/example_datasets.py
[2024-08-23T07:54:17.201+0000] {processor.py:925} INFO - DAG(s) 'dataset_consumes_unknown_never_scheduled', 'conditional_dataset_and_time_based_timetable', 'dataset_produces_1', 'consume_1_or_both_2_and_3_with_dataset_expressions', 'consume_1_or_2_with_dataset_expressions', 'dataset_consumes_1_and_2', 'dataset_produces_2', 'dataset_consumes_1_never_scheduled', 'consume_1_and_2_with_dataset_expressions', 'dataset_consumes_1' retrieved from /home/airflow/.local/lib/python3.12/site-packages/airflow/example_dags/example_datasets.py
[2024-08-23T07:54:17.465+0000] {logging_mixin.py:190} INFO - [2024-08-23T07:54:17.464+0000] {dag.py:3211} INFO - Sync 10 DAGs
[2024-08-23T07:54:18.083+0000] {logging_mixin.py:190} INFO - [2024-08-23T07:54:18.082+0000] {dag.py:4138} INFO - Setting next_dagrun for conditional_dataset_and_time_based_timetable to 2024-08-21 01:00:00+00:00, run_after=2024-08-21 01:00:00+00:00
[2024-08-23T07:54:18.119+0000] {logging_mixin.py:190} INFO - [2024-08-23T07:54:18.118+0000] {dag.py:4138} INFO - Setting next_dagrun for consume_1_and_2_with_dataset_expressions to None, run_after=None
[2024-08-23T07:54:18.164+0000] {logging_mixin.py:190} INFO - [2024-08-23T07:54:18.164+0000] {dag.py:4138} INFO - Setting next_dagrun for consume_1_or_2_with_dataset_expressions to None, run_after=None
[2024-08-23T07:54:18.209+0000] {logging_mixin.py:190} INFO - [2024-08-23T07:54:18.208+0000] {dag.py:4138} INFO - Setting next_dagrun for consume_1_or_both_2_and_3_with_dataset_expressions to None, run_after=None
[2024-08-23T07:54:18.266+0000] {logging_mixin.py:190} INFO - [2024-08-23T07:54:18.265+0000] {dag.py:4138} INFO - Setting next_dagrun for dataset_consumes_1 to None, run_after=None
[2024-08-23T07:54:18.288+0000] {logging_mixin.py:190} INFO - [2024-08-23T07:54:18.287+0000] {dag.py:4138} INFO - Setting next_dagrun for dataset_consumes_1_and_2 to None, run_after=None
[2024-08-23T07:54:18.333+0000] {logging_mixin.py:190} INFO - [2024-08-23T07:54:18.332+0000] {dag.py:4138} INFO - Setting next_dagrun for dataset_consumes_1_never_scheduled to None, run_after=None
[2024-08-23T07:54:18.358+0000] {logging_mixin.py:190} INFO - [2024-08-23T07:54:18.357+0000] {dag.py:4138} INFO - Setting next_dagrun for dataset_consumes_unknown_never_scheduled to None, run_after=None
[2024-08-23T07:54:18.385+0000] {logging_mixin.py:190} INFO - [2024-08-23T07:54:18.384+0000] {dag.py:4138} INFO - Setting next_dagrun for dataset_produces_1 to 2024-08-22 00:00:00+00:00, run_after=2024-08-23 00:00:00+00:00
[2024-08-23T07:54:18.405+0000] {logging_mixin.py:190} INFO - [2024-08-23T07:54:18.404+0000] {dag.py:4138} INFO - Setting next_dagrun for dataset_produces_2 to None, run_after=None
[2024-08-23T07:54:18.602+0000] {processor.py:208} INFO - Processing /home/airflow/.local/lib/python3.12/site-packages/airflow/example_dags/example_datasets.py took 2.609 seconds
[2024-08-23T07:54:49.585+0000] {processor.py:186} INFO - Started process (PID=179) to work on /home/airflow/.local/lib/python3.12/site-packages/airflow/example_dags/example_datasets.py
[2024-08-23T07:54:49.586+0000] {processor.py:914} INFO - Processing file /home/airflow/.local/lib/python3.12/site-packages/airflow/example_dags/example_datasets.py for tasks to queue
[2024-08-23T07:54:49.590+0000] {logging_mixin.py:190} INFO - [2024-08-23T07:54:49.590+0000] {dagbag.py:587} INFO - Filling up the DagBag from /home/airflow/.local/lib/python3.12/site-packages/airflow/example_dags/example_datasets.py
[2024-08-23T07:54:49.884+0000] {processor.py:925} INFO - DAG(s) 'consume_1_or_both_2_and_3_with_dataset_expressions', 'conditional_dataset_and_time_based_timetable', 'dataset_produces_1', 'dataset_consumes_1_and_2', 'dataset_consumes_1_never_scheduled', 'dataset_consumes_unknown_never_scheduled', 'consume_1_or_2_with_dataset_expressions', 'consume_1_and_2_with_dataset_expressions', 'dataset_consumes_1', 'dataset_produces_2' retrieved from /home/airflow/.local/lib/python3.12/site-packages/airflow/example_dags/example_datasets.py
[2024-08-23T07:54:49.961+0000] {logging_mixin.py:190} INFO - [2024-08-23T07:54:49.961+0000] {dag.py:3211} INFO - Sync 10 DAGs
[2024-08-23T07:54:50.001+0000] {logging_mixin.py:190} INFO - [2024-08-23T07:54:50.001+0000] {dag.py:4138} INFO - Setting next_dagrun for conditional_dataset_and_time_based_timetable to 2024-08-21 01:00:00+00:00, run_after=2024-08-21 01:00:00+00:00
[2024-08-23T07:54:50.007+0000] {logging_mixin.py:190} INFO - [2024-08-23T07:54:50.007+0000] {dag.py:4138} INFO - Setting next_dagrun for consume_1_and_2_with_dataset_expressions to None, run_after=None
[2024-08-23T07:54:50.010+0000] {logging_mixin.py:190} INFO - [2024-08-23T07:54:50.010+0000] {dag.py:4138} INFO - Setting next_dagrun for consume_1_or_2_with_dataset_expressions to None, run_after=None
[2024-08-23T07:54:50.014+0000] {logging_mixin.py:190} INFO - [2024-08-23T07:54:50.013+0000] {dag.py:4138} INFO - Setting next_dagrun for consume_1_or_both_2_and_3_with_dataset_expressions to None, run_after=None
[2024-08-23T07:54:50.017+0000] {logging_mixin.py:190} INFO - [2024-08-23T07:54:50.016+0000] {dag.py:4138} INFO - Setting next_dagrun for dataset_consumes_1 to None, run_after=None
[2024-08-23T07:54:50.020+0000] {logging_mixin.py:190} INFO - [2024-08-23T07:54:50.019+0000] {dag.py:4138} INFO - Setting next_dagrun for dataset_consumes_1_and_2 to None, run_after=None
[2024-08-23T07:54:50.022+0000] {logging_mixin.py:190} INFO - [2024-08-23T07:54:50.022+0000] {dag.py:4138} INFO - Setting next_dagrun for dataset_consumes_1_never_scheduled to None, run_after=None
[2024-08-23T07:54:50.025+0000] {logging_mixin.py:190} INFO - [2024-08-23T07:54:50.025+0000] {dag.py:4138} INFO - Setting next_dagrun for dataset_consumes_unknown_never_scheduled to None, run_after=None
[2024-08-23T07:54:50.031+0000] {logging_mixin.py:190} INFO - [2024-08-23T07:54:50.030+0000] {dag.py:4138} INFO - Setting next_dagrun for dataset_produces_1 to 2024-08-22 00:00:00+00:00, run_after=2024-08-23 00:00:00+00:00
[2024-08-23T07:54:50.034+0000] {logging_mixin.py:190} INFO - [2024-08-23T07:54:50.034+0000] {dag.py:4138} INFO - Setting next_dagrun for dataset_produces_2 to None, run_after=None
[2024-08-23T07:54:50.094+0000] {processor.py:208} INFO - Processing /home/airflow/.local/lib/python3.12/site-packages/airflow/example_dags/example_datasets.py took 0.518 seconds
[2024-08-23T07:55:20.421+0000] {processor.py:186} INFO - Started process (PID=241) to work on /home/airflow/.local/lib/python3.12/site-packages/airflow/example_dags/example_datasets.py
[2024-08-23T07:55:20.423+0000] {processor.py:914} INFO - Processing file /home/airflow/.local/lib/python3.12/site-packages/airflow/example_dags/example_datasets.py for tasks to queue
[2024-08-23T07:55:20.429+0000] {logging_mixin.py:190} INFO - [2024-08-23T07:55:20.428+0000] {dagbag.py:587} INFO - Filling up the DagBag from /home/airflow/.local/lib/python3.12/site-packages/airflow/example_dags/example_datasets.py
[2024-08-23T07:55:20.767+0000] {processor.py:925} INFO - DAG(s) 'consume_1_or_both_2_and_3_with_dataset_expressions', 'conditional_dataset_and_time_based_timetable', 'dataset_consumes_1_never_scheduled', 'dataset_produces_2', 'consume_1_or_2_with_dataset_expressions', 'dataset_produces_1', 'consume_1_and_2_with_dataset_expressions', 'dataset_consumes_1_and_2', 'dataset_consumes_unknown_never_scheduled', 'dataset_consumes_1' retrieved from /home/airflow/.local/lib/python3.12/site-packages/airflow/example_dags/example_datasets.py
[2024-08-23T07:55:20.862+0000] {logging_mixin.py:190} INFO - [2024-08-23T07:55:20.861+0000] {dag.py:3211} INFO - Sync 10 DAGs
[2024-08-23T07:55:20.907+0000] {logging_mixin.py:190} INFO - [2024-08-23T07:55:20.907+0000] {dag.py:4138} INFO - Setting next_dagrun for conditional_dataset_and_time_based_timetable to 2024-08-21 01:00:00+00:00, run_after=2024-08-21 01:00:00+00:00
[2024-08-23T07:55:20.915+0000] {logging_mixin.py:190} INFO - [2024-08-23T07:55:20.915+0000] {dag.py:4138} INFO - Setting next_dagrun for consume_1_and_2_with_dataset_expressions to None, run_after=None
[2024-08-23T07:55:20.918+0000] {logging_mixin.py:190} INFO - [2024-08-23T07:55:20.918+0000] {dag.py:4138} INFO - Setting next_dagrun for consume_1_or_2_with_dataset_expressions to None, run_after=None
[2024-08-23T07:55:20.921+0000] {logging_mixin.py:190} INFO - [2024-08-23T07:55:20.920+0000] {dag.py:4138} INFO - Setting next_dagrun for consume_1_or_both_2_and_3_with_dataset_expressions to None, run_after=None
[2024-08-23T07:55:20.923+0000] {logging_mixin.py:190} INFO - [2024-08-23T07:55:20.923+0000] {dag.py:4138} INFO - Setting next_dagrun for dataset_consumes_1 to None, run_after=None
[2024-08-23T07:55:20.926+0000] {logging_mixin.py:190} INFO - [2024-08-23T07:55:20.926+0000] {dag.py:4138} INFO - Setting next_dagrun for dataset_consumes_1_and_2 to None, run_after=None
[2024-08-23T07:55:20.928+0000] {logging_mixin.py:190} INFO - [2024-08-23T07:55:20.928+0000] {dag.py:4138} INFO - Setting next_dagrun for dataset_consumes_1_never_scheduled to None, run_after=None
[2024-08-23T07:55:20.931+0000] {logging_mixin.py:190} INFO - [2024-08-23T07:55:20.930+0000] {dag.py:4138} INFO - Setting next_dagrun for dataset_consumes_unknown_never_scheduled to None, run_after=None
[2024-08-23T07:55:20.936+0000] {logging_mixin.py:190} INFO - [2024-08-23T07:55:20.936+0000] {dag.py:4138} INFO - Setting next_dagrun for dataset_produces_1 to 2024-08-22 00:00:00+00:00, run_after=2024-08-23 00:00:00+00:00
[2024-08-23T07:55:20.939+0000] {logging_mixin.py:190} INFO - [2024-08-23T07:55:20.939+0000] {dag.py:4138} INFO - Setting next_dagrun for dataset_produces_2 to None, run_after=None
[2024-08-23T07:55:21.002+0000] {processor.py:208} INFO - Processing /home/airflow/.local/lib/python3.12/site-packages/airflow/example_dags/example_datasets.py took 0.599 seconds
[2024-08-23T08:20:35.116+0000] {processor.py:186} INFO - Started process (PID=110) to work on /home/airflow/.local/lib/python3.12/site-packages/airflow/example_dags/example_datasets.py
[2024-08-23T08:20:35.118+0000] {processor.py:914} INFO - Processing file /home/airflow/.local/lib/python3.12/site-packages/airflow/example_dags/example_datasets.py for tasks to queue
[2024-08-23T08:20:35.120+0000] {logging_mixin.py:190} INFO - [2024-08-23T08:20:35.120+0000] {dagbag.py:587} INFO - Filling up the DagBag from /home/airflow/.local/lib/python3.12/site-packages/airflow/example_dags/example_datasets.py
[2024-08-23T08:20:35.279+0000] {processor.py:925} INFO - DAG(s) 'dataset_consumes_unknown_never_scheduled', 'dataset_produces_2', 'dataset_produces_1', 'dataset_consumes_1_and_2', 'consume_1_or_2_with_dataset_expressions', 'consume_1_or_both_2_and_3_with_dataset_expressions', 'consume_1_and_2_with_dataset_expressions', 'dataset_consumes_1_never_scheduled', 'dataset_consumes_1', 'conditional_dataset_and_time_based_timetable' retrieved from /home/airflow/.local/lib/python3.12/site-packages/airflow/example_dags/example_datasets.py
[2024-08-23T08:20:35.327+0000] {logging_mixin.py:190} INFO - [2024-08-23T08:20:35.327+0000] {dag.py:3211} INFO - Sync 10 DAGs
[2024-08-23T08:20:35.358+0000] {logging_mixin.py:190} INFO - [2024-08-23T08:20:35.358+0000] {dag.py:4138} INFO - Setting next_dagrun for conditional_dataset_and_time_based_timetable to 2024-08-21 01:00:00+00:00, run_after=2024-08-21 01:00:00+00:00
[2024-08-23T08:20:35.362+0000] {logging_mixin.py:190} INFO - [2024-08-23T08:20:35.362+0000] {dag.py:4138} INFO - Setting next_dagrun for consume_1_and_2_with_dataset_expressions to None, run_after=None
[2024-08-23T08:20:35.364+0000] {logging_mixin.py:190} INFO - [2024-08-23T08:20:35.364+0000] {dag.py:4138} INFO - Setting next_dagrun for consume_1_or_2_with_dataset_expressions to None, run_after=None
[2024-08-23T08:20:35.365+0000] {logging_mixin.py:190} INFO - [2024-08-23T08:20:35.365+0000] {dag.py:4138} INFO - Setting next_dagrun for consume_1_or_both_2_and_3_with_dataset_expressions to None, run_after=None
[2024-08-23T08:20:35.367+0000] {logging_mixin.py:190} INFO - [2024-08-23T08:20:35.366+0000] {dag.py:4138} INFO - Setting next_dagrun for dataset_consumes_1 to None, run_after=None
[2024-08-23T08:20:35.368+0000] {logging_mixin.py:190} INFO - [2024-08-23T08:20:35.368+0000] {dag.py:4138} INFO - Setting next_dagrun for dataset_consumes_1_and_2 to None, run_after=None
[2024-08-23T08:20:35.369+0000] {logging_mixin.py:190} INFO - [2024-08-23T08:20:35.369+0000] {dag.py:4138} INFO - Setting next_dagrun for dataset_consumes_1_never_scheduled to None, run_after=None
[2024-08-23T08:20:35.371+0000] {logging_mixin.py:190} INFO - [2024-08-23T08:20:35.371+0000] {dag.py:4138} INFO - Setting next_dagrun for dataset_consumes_unknown_never_scheduled to None, run_after=None
[2024-08-23T08:20:35.373+0000] {logging_mixin.py:190} INFO - [2024-08-23T08:20:35.373+0000] {dag.py:4138} INFO - Setting next_dagrun for dataset_produces_1 to 2024-08-22 00:00:00+00:00, run_after=2024-08-23 00:00:00+00:00
[2024-08-23T08:20:35.375+0000] {logging_mixin.py:190} INFO - [2024-08-23T08:20:35.375+0000] {dag.py:4138} INFO - Setting next_dagrun for dataset_produces_2 to None, run_after=None
[2024-08-23T08:20:35.415+0000] {processor.py:208} INFO - Processing /home/airflow/.local/lib/python3.12/site-packages/airflow/example_dags/example_datasets.py took 0.305 seconds
[2024-08-23T08:23:29.190+0000] {processor.py:186} INFO - Started process (PID=107) to work on /home/airflow/.local/lib/python3.12/site-packages/airflow/example_dags/example_datasets.py
[2024-08-23T08:23:29.191+0000] {processor.py:914} INFO - Processing file /home/airflow/.local/lib/python3.12/site-packages/airflow/example_dags/example_datasets.py for tasks to queue
[2024-08-23T08:23:29.194+0000] {logging_mixin.py:190} INFO - [2024-08-23T08:23:29.193+0000] {dagbag.py:587} INFO - Filling up the DagBag from /home/airflow/.local/lib/python3.12/site-packages/airflow/example_dags/example_datasets.py
[2024-08-23T08:23:29.358+0000] {processor.py:925} INFO - DAG(s) 'conditional_dataset_and_time_based_timetable', 'dataset_consumes_unknown_never_scheduled', 'dataset_produces_1', 'dataset_consumes_1_never_scheduled', 'consume_1_and_2_with_dataset_expressions', 'consume_1_or_2_with_dataset_expressions', 'dataset_consumes_1', 'consume_1_or_both_2_and_3_with_dataset_expressions', 'dataset_consumes_1_and_2', 'dataset_produces_2' retrieved from /home/airflow/.local/lib/python3.12/site-packages/airflow/example_dags/example_datasets.py
[2024-08-23T08:23:29.403+0000] {logging_mixin.py:190} INFO - [2024-08-23T08:23:29.402+0000] {dag.py:3211} INFO - Sync 10 DAGs
[2024-08-23T08:23:29.433+0000] {logging_mixin.py:190} INFO - [2024-08-23T08:23:29.433+0000] {dag.py:4138} INFO - Setting next_dagrun for conditional_dataset_and_time_based_timetable to 2024-08-21 01:00:00+00:00, run_after=2024-08-21 01:00:00+00:00
[2024-08-23T08:23:29.437+0000] {logging_mixin.py:190} INFO - [2024-08-23T08:23:29.437+0000] {dag.py:4138} INFO - Setting next_dagrun for consume_1_and_2_with_dataset_expressions to None, run_after=None
[2024-08-23T08:23:29.439+0000] {logging_mixin.py:190} INFO - [2024-08-23T08:23:29.439+0000] {dag.py:4138} INFO - Setting next_dagrun for consume_1_or_2_with_dataset_expressions to None, run_after=None
[2024-08-23T08:23:29.440+0000] {logging_mixin.py:190} INFO - [2024-08-23T08:23:29.440+0000] {dag.py:4138} INFO - Setting next_dagrun for consume_1_or_both_2_and_3_with_dataset_expressions to None, run_after=None
[2024-08-23T08:23:29.442+0000] {logging_mixin.py:190} INFO - [2024-08-23T08:23:29.441+0000] {dag.py:4138} INFO - Setting next_dagrun for dataset_consumes_1 to None, run_after=None
[2024-08-23T08:23:29.443+0000] {logging_mixin.py:190} INFO - [2024-08-23T08:23:29.443+0000] {dag.py:4138} INFO - Setting next_dagrun for dataset_consumes_1_and_2 to None, run_after=None
[2024-08-23T08:23:29.445+0000] {logging_mixin.py:190} INFO - [2024-08-23T08:23:29.445+0000] {dag.py:4138} INFO - Setting next_dagrun for dataset_consumes_1_never_scheduled to None, run_after=None
[2024-08-23T08:23:29.446+0000] {logging_mixin.py:190} INFO - [2024-08-23T08:23:29.446+0000] {dag.py:4138} INFO - Setting next_dagrun for dataset_consumes_unknown_never_scheduled to None, run_after=None
[2024-08-23T08:23:29.450+0000] {logging_mixin.py:190} INFO - [2024-08-23T08:23:29.450+0000] {dag.py:4138} INFO - Setting next_dagrun for dataset_produces_1 to 2024-08-22 00:00:00+00:00, run_after=2024-08-23 00:00:00+00:00
[2024-08-23T08:23:29.452+0000] {logging_mixin.py:190} INFO - [2024-08-23T08:23:29.452+0000] {dag.py:4138} INFO - Setting next_dagrun for dataset_produces_2 to None, run_after=None
[2024-08-23T08:23:29.489+0000] {processor.py:208} INFO - Processing /home/airflow/.local/lib/python3.12/site-packages/airflow/example_dags/example_datasets.py took 0.304 seconds
[2024-08-23T08:23:59.954+0000] {processor.py:186} INFO - Started process (PID=170) to work on /home/airflow/.local/lib/python3.12/site-packages/airflow/example_dags/example_datasets.py
[2024-08-23T08:23:59.955+0000] {processor.py:914} INFO - Processing file /home/airflow/.local/lib/python3.12/site-packages/airflow/example_dags/example_datasets.py for tasks to queue
[2024-08-23T08:23:59.957+0000] {logging_mixin.py:190} INFO - [2024-08-23T08:23:59.956+0000] {dagbag.py:587} INFO - Filling up the DagBag from /home/airflow/.local/lib/python3.12/site-packages/airflow/example_dags/example_datasets.py
[2024-08-23T08:24:00.085+0000] {processor.py:925} INFO - DAG(s) 'dataset_consumes_1_and_2', 'dataset_produces_2', 'dataset_consumes_1_never_scheduled', 'consume_1_or_2_with_dataset_expressions', 'consume_1_or_both_2_and_3_with_dataset_expressions', 'conditional_dataset_and_time_based_timetable', 'consume_1_and_2_with_dataset_expressions', 'dataset_produces_1', 'dataset_consumes_1', 'dataset_consumes_unknown_never_scheduled' retrieved from /home/airflow/.local/lib/python3.12/site-packages/airflow/example_dags/example_datasets.py
[2024-08-23T08:24:00.123+0000] {logging_mixin.py:190} INFO - [2024-08-23T08:24:00.123+0000] {dag.py:3211} INFO - Sync 10 DAGs
[2024-08-23T08:24:00.146+0000] {logging_mixin.py:190} INFO - [2024-08-23T08:24:00.145+0000] {dag.py:4138} INFO - Setting next_dagrun for conditional_dataset_and_time_based_timetable to 2024-08-21 01:00:00+00:00, run_after=2024-08-21 01:00:00+00:00
[2024-08-23T08:24:00.149+0000] {logging_mixin.py:190} INFO - [2024-08-23T08:24:00.149+0000] {dag.py:4138} INFO - Setting next_dagrun for consume_1_and_2_with_dataset_expressions to None, run_after=None
[2024-08-23T08:24:00.150+0000] {logging_mixin.py:190} INFO - [2024-08-23T08:24:00.150+0000] {dag.py:4138} INFO - Setting next_dagrun for consume_1_or_2_with_dataset_expressions to None, run_after=None
[2024-08-23T08:24:00.153+0000] {logging_mixin.py:190} INFO - [2024-08-23T08:24:00.153+0000] {dag.py:4138} INFO - Setting next_dagrun for consume_1_or_both_2_and_3_with_dataset_expressions to None, run_after=None
[2024-08-23T08:24:00.154+0000] {logging_mixin.py:190} INFO - [2024-08-23T08:24:00.154+0000] {dag.py:4138} INFO - Setting next_dagrun for dataset_consumes_1 to None, run_after=None
[2024-08-23T08:24:00.156+0000] {logging_mixin.py:190} INFO - [2024-08-23T08:24:00.155+0000] {dag.py:4138} INFO - Setting next_dagrun for dataset_consumes_1_and_2 to None, run_after=None
[2024-08-23T08:24:00.157+0000] {logging_mixin.py:190} INFO - [2024-08-23T08:24:00.157+0000] {dag.py:4138} INFO - Setting next_dagrun for dataset_consumes_1_never_scheduled to None, run_after=None
[2024-08-23T08:24:00.158+0000] {logging_mixin.py:190} INFO - [2024-08-23T08:24:00.158+0000] {dag.py:4138} INFO - Setting next_dagrun for dataset_consumes_unknown_never_scheduled to None, run_after=None
[2024-08-23T08:24:00.160+0000] {logging_mixin.py:190} INFO - [2024-08-23T08:24:00.160+0000] {dag.py:4138} INFO - Setting next_dagrun for dataset_produces_1 to 2024-08-22 00:00:00+00:00, run_after=2024-08-23 00:00:00+00:00
[2024-08-23T08:24:00.162+0000] {logging_mixin.py:190} INFO - [2024-08-23T08:24:00.161+0000] {dag.py:4138} INFO - Setting next_dagrun for dataset_produces_2 to None, run_after=None
[2024-08-23T08:24:00.194+0000] {processor.py:208} INFO - Processing /home/airflow/.local/lib/python3.12/site-packages/airflow/example_dags/example_datasets.py took 0.244 seconds
[2024-08-23T08:24:30.856+0000] {processor.py:186} INFO - Started process (PID=232) to work on /home/airflow/.local/lib/python3.12/site-packages/airflow/example_dags/example_datasets.py
[2024-08-23T08:24:30.858+0000] {processor.py:914} INFO - Processing file /home/airflow/.local/lib/python3.12/site-packages/airflow/example_dags/example_datasets.py for tasks to queue
[2024-08-23T08:24:30.862+0000] {logging_mixin.py:190} INFO - [2024-08-23T08:24:30.862+0000] {dagbag.py:587} INFO - Filling up the DagBag from /home/airflow/.local/lib/python3.12/site-packages/airflow/example_dags/example_datasets.py
[2024-08-23T08:24:31.093+0000] {processor.py:925} INFO - DAG(s) 'consume_1_and_2_with_dataset_expressions', 'dataset_consumes_1', 'dataset_produces_1', 'dataset_consumes_unknown_never_scheduled', 'consume_1_or_both_2_and_3_with_dataset_expressions', 'dataset_consumes_1_and_2', 'dataset_produces_2', 'conditional_dataset_and_time_based_timetable', 'consume_1_or_2_with_dataset_expressions', 'dataset_consumes_1_never_scheduled' retrieved from /home/airflow/.local/lib/python3.12/site-packages/airflow/example_dags/example_datasets.py
[2024-08-23T08:24:31.161+0000] {logging_mixin.py:190} INFO - [2024-08-23T08:24:31.161+0000] {dag.py:3211} INFO - Sync 10 DAGs
[2024-08-23T08:24:31.200+0000] {logging_mixin.py:190} INFO - [2024-08-23T08:24:31.200+0000] {dag.py:4138} INFO - Setting next_dagrun for conditional_dataset_and_time_based_timetable to 2024-08-21 01:00:00+00:00, run_after=2024-08-21 01:00:00+00:00
[2024-08-23T08:24:31.205+0000] {logging_mixin.py:190} INFO - [2024-08-23T08:24:31.205+0000] {dag.py:4138} INFO - Setting next_dagrun for consume_1_and_2_with_dataset_expressions to None, run_after=None
[2024-08-23T08:24:31.208+0000] {logging_mixin.py:190} INFO - [2024-08-23T08:24:31.208+0000] {dag.py:4138} INFO - Setting next_dagrun for consume_1_or_2_with_dataset_expressions to None, run_after=None
[2024-08-23T08:24:31.210+0000] {logging_mixin.py:190} INFO - [2024-08-23T08:24:31.210+0000] {dag.py:4138} INFO - Setting next_dagrun for consume_1_or_both_2_and_3_with_dataset_expressions to None, run_after=None
[2024-08-23T08:24:31.212+0000] {logging_mixin.py:190} INFO - [2024-08-23T08:24:31.212+0000] {dag.py:4138} INFO - Setting next_dagrun for dataset_consumes_1 to None, run_after=None
[2024-08-23T08:24:31.214+0000] {logging_mixin.py:190} INFO - [2024-08-23T08:24:31.214+0000] {dag.py:4138} INFO - Setting next_dagrun for dataset_consumes_1_and_2 to None, run_after=None
[2024-08-23T08:24:31.217+0000] {logging_mixin.py:190} INFO - [2024-08-23T08:24:31.216+0000] {dag.py:4138} INFO - Setting next_dagrun for dataset_consumes_1_never_scheduled to None, run_after=None
[2024-08-23T08:24:31.219+0000] {logging_mixin.py:190} INFO - [2024-08-23T08:24:31.218+0000] {dag.py:4138} INFO - Setting next_dagrun for dataset_consumes_unknown_never_scheduled to None, run_after=None
[2024-08-23T08:24:31.222+0000] {logging_mixin.py:190} INFO - [2024-08-23T08:24:31.222+0000] {dag.py:4138} INFO - Setting next_dagrun for dataset_produces_1 to 2024-08-22 00:00:00+00:00, run_after=2024-08-23 00:00:00+00:00
[2024-08-23T08:24:31.224+0000] {logging_mixin.py:190} INFO - [2024-08-23T08:24:31.224+0000] {dag.py:4138} INFO - Setting next_dagrun for dataset_produces_2 to None, run_after=None
[2024-08-23T08:24:31.279+0000] {processor.py:208} INFO - Processing /home/airflow/.local/lib/python3.12/site-packages/airflow/example_dags/example_datasets.py took 0.431 seconds
[2024-08-23T08:25:04.347+0000] {processor.py:186} INFO - Started process (PID=294) to work on /home/airflow/.local/lib/python3.12/site-packages/airflow/example_dags/example_datasets.py
[2024-08-23T08:25:04.348+0000] {processor.py:914} INFO - Processing file /home/airflow/.local/lib/python3.12/site-packages/airflow/example_dags/example_datasets.py for tasks to queue
[2024-08-23T08:25:04.352+0000] {logging_mixin.py:190} INFO - [2024-08-23T08:25:04.352+0000] {dagbag.py:587} INFO - Filling up the DagBag from /home/airflow/.local/lib/python3.12/site-packages/airflow/example_dags/example_datasets.py
[2024-08-23T08:25:04.627+0000] {processor.py:925} INFO - DAG(s) 'conditional_dataset_and_time_based_timetable', 'dataset_consumes_unknown_never_scheduled', 'dataset_consumes_1', 'dataset_consumes_1_never_scheduled', 'consume_1_or_2_with_dataset_expressions', 'consume_1_or_both_2_and_3_with_dataset_expressions', 'consume_1_and_2_with_dataset_expressions', 'dataset_consumes_1_and_2', 'dataset_produces_2', 'dataset_produces_1' retrieved from /home/airflow/.local/lib/python3.12/site-packages/airflow/example_dags/example_datasets.py
[2024-08-23T08:25:04.701+0000] {logging_mixin.py:190} INFO - [2024-08-23T08:25:04.701+0000] {dag.py:3211} INFO - Sync 10 DAGs
[2024-08-23T08:25:04.745+0000] {logging_mixin.py:190} INFO - [2024-08-23T08:25:04.745+0000] {dag.py:4138} INFO - Setting next_dagrun for conditional_dataset_and_time_based_timetable to 2024-08-21 01:00:00+00:00, run_after=2024-08-21 01:00:00+00:00
[2024-08-23T08:25:04.752+0000] {logging_mixin.py:190} INFO - [2024-08-23T08:25:04.752+0000] {dag.py:4138} INFO - Setting next_dagrun for consume_1_and_2_with_dataset_expressions to None, run_after=None
[2024-08-23T08:25:04.756+0000] {logging_mixin.py:190} INFO - [2024-08-23T08:25:04.756+0000] {dag.py:4138} INFO - Setting next_dagrun for consume_1_or_2_with_dataset_expressions to None, run_after=None
[2024-08-23T08:25:04.759+0000] {logging_mixin.py:190} INFO - [2024-08-23T08:25:04.759+0000] {dag.py:4138} INFO - Setting next_dagrun for consume_1_or_both_2_and_3_with_dataset_expressions to None, run_after=None
[2024-08-23T08:25:04.762+0000] {logging_mixin.py:190} INFO - [2024-08-23T08:25:04.761+0000] {dag.py:4138} INFO - Setting next_dagrun for dataset_consumes_1 to None, run_after=None
[2024-08-23T08:25:04.764+0000] {logging_mixin.py:190} INFO - [2024-08-23T08:25:04.764+0000] {dag.py:4138} INFO - Setting next_dagrun for dataset_consumes_1_and_2 to None, run_after=None
[2024-08-23T08:25:04.767+0000] {logging_mixin.py:190} INFO - [2024-08-23T08:25:04.767+0000] {dag.py:4138} INFO - Setting next_dagrun for dataset_consumes_1_never_scheduled to None, run_after=None
[2024-08-23T08:25:04.770+0000] {logging_mixin.py:190} INFO - [2024-08-23T08:25:04.769+0000] {dag.py:4138} INFO - Setting next_dagrun for dataset_consumes_unknown_never_scheduled to None, run_after=None
[2024-08-23T08:25:04.775+0000] {logging_mixin.py:190} INFO - [2024-08-23T08:25:04.775+0000] {dag.py:4138} INFO - Setting next_dagrun for dataset_produces_1 to 2024-08-22 00:00:00+00:00, run_after=2024-08-23 00:00:00+00:00
[2024-08-23T08:25:04.778+0000] {logging_mixin.py:190} INFO - [2024-08-23T08:25:04.777+0000] {dag.py:4138} INFO - Setting next_dagrun for dataset_produces_2 to None, run_after=None
[2024-08-23T08:25:04.835+0000] {processor.py:208} INFO - Processing /home/airflow/.local/lib/python3.12/site-packages/airflow/example_dags/example_datasets.py took 0.498 seconds
[2024-08-23T08:25:34.975+0000] {processor.py:186} INFO - Started process (PID=357) to work on /home/airflow/.local/lib/python3.12/site-packages/airflow/example_dags/example_datasets.py
[2024-08-23T08:25:34.977+0000] {processor.py:914} INFO - Processing file /home/airflow/.local/lib/python3.12/site-packages/airflow/example_dags/example_datasets.py for tasks to queue
[2024-08-23T08:25:34.982+0000] {logging_mixin.py:190} INFO - [2024-08-23T08:25:34.981+0000] {dagbag.py:587} INFO - Filling up the DagBag from /home/airflow/.local/lib/python3.12/site-packages/airflow/example_dags/example_datasets.py
[2024-08-23T08:25:35.361+0000] {processor.py:925} INFO - DAG(s) 'consume_1_or_both_2_and_3_with_dataset_expressions', 'conditional_dataset_and_time_based_timetable', 'consume_1_or_2_with_dataset_expressions', 'dataset_consumes_1_never_scheduled', 'dataset_consumes_unknown_never_scheduled', 'dataset_consumes_1_and_2', 'dataset_produces_1', 'dataset_produces_2', 'consume_1_and_2_with_dataset_expressions', 'dataset_consumes_1' retrieved from /home/airflow/.local/lib/python3.12/site-packages/airflow/example_dags/example_datasets.py
[2024-08-23T08:25:35.478+0000] {logging_mixin.py:190} INFO - [2024-08-23T08:25:35.478+0000] {dag.py:3211} INFO - Sync 10 DAGs
[2024-08-23T08:25:35.548+0000] {logging_mixin.py:190} INFO - [2024-08-23T08:25:35.548+0000] {dag.py:4138} INFO - Setting next_dagrun for conditional_dataset_and_time_based_timetable to 2024-08-21 01:00:00+00:00, run_after=2024-08-21 01:00:00+00:00
[2024-08-23T08:25:35.557+0000] {logging_mixin.py:190} INFO - [2024-08-23T08:25:35.556+0000] {dag.py:4138} INFO - Setting next_dagrun for consume_1_and_2_with_dataset_expressions to None, run_after=None
[2024-08-23T08:25:35.562+0000] {logging_mixin.py:190} INFO - [2024-08-23T08:25:35.562+0000] {dag.py:4138} INFO - Setting next_dagrun for consume_1_or_2_with_dataset_expressions to None, run_after=None
[2024-08-23T08:25:35.566+0000] {logging_mixin.py:190} INFO - [2024-08-23T08:25:35.566+0000] {dag.py:4138} INFO - Setting next_dagrun for consume_1_or_both_2_and_3_with_dataset_expressions to None, run_after=None
[2024-08-23T08:25:35.569+0000] {logging_mixin.py:190} INFO - [2024-08-23T08:25:35.569+0000] {dag.py:4138} INFO - Setting next_dagrun for dataset_consumes_1 to None, run_after=None
[2024-08-23T08:25:35.572+0000] {logging_mixin.py:190} INFO - [2024-08-23T08:25:35.572+0000] {dag.py:4138} INFO - Setting next_dagrun for dataset_consumes_1_and_2 to None, run_after=None
[2024-08-23T08:25:35.575+0000] {logging_mixin.py:190} INFO - [2024-08-23T08:25:35.575+0000] {dag.py:4138} INFO - Setting next_dagrun for dataset_consumes_1_never_scheduled to None, run_after=None
[2024-08-23T08:25:35.577+0000] {logging_mixin.py:190} INFO - [2024-08-23T08:25:35.577+0000] {dag.py:4138} INFO - Setting next_dagrun for dataset_consumes_unknown_never_scheduled to None, run_after=None
[2024-08-23T08:25:35.583+0000] {logging_mixin.py:190} INFO - [2024-08-23T08:25:35.583+0000] {dag.py:4138} INFO - Setting next_dagrun for dataset_produces_1 to 2024-08-22 00:00:00+00:00, run_after=2024-08-23 00:00:00+00:00
[2024-08-23T08:25:35.585+0000] {logging_mixin.py:190} INFO - [2024-08-23T08:25:35.585+0000] {dag.py:4138} INFO - Setting next_dagrun for dataset_produces_2 to None, run_after=None
[2024-08-23T08:25:35.703+0000] {processor.py:208} INFO - Processing /home/airflow/.local/lib/python3.12/site-packages/airflow/example_dags/example_datasets.py took 0.743 seconds
[2024-08-23T08:26:06.491+0000] {processor.py:186} INFO - Started process (PID=420) to work on /home/airflow/.local/lib/python3.12/site-packages/airflow/example_dags/example_datasets.py
[2024-08-23T08:26:06.492+0000] {processor.py:914} INFO - Processing file /home/airflow/.local/lib/python3.12/site-packages/airflow/example_dags/example_datasets.py for tasks to queue
[2024-08-23T08:26:06.494+0000] {logging_mixin.py:190} INFO - [2024-08-23T08:26:06.494+0000] {dagbag.py:587} INFO - Filling up the DagBag from /home/airflow/.local/lib/python3.12/site-packages/airflow/example_dags/example_datasets.py
[2024-08-23T08:26:06.614+0000] {processor.py:925} INFO - DAG(s) 'dataset_consumes_1_never_scheduled', 'dataset_consumes_unknown_never_scheduled', 'consume_1_and_2_with_dataset_expressions', 'dataset_produces_1', 'consume_1_or_2_with_dataset_expressions', 'conditional_dataset_and_time_based_timetable', 'dataset_consumes_1', 'consume_1_or_both_2_and_3_with_dataset_expressions', 'dataset_consumes_1_and_2', 'dataset_produces_2' retrieved from /home/airflow/.local/lib/python3.12/site-packages/airflow/example_dags/example_datasets.py
[2024-08-23T08:26:06.650+0000] {logging_mixin.py:190} INFO - [2024-08-23T08:26:06.650+0000] {dag.py:3211} INFO - Sync 10 DAGs
[2024-08-23T08:26:06.670+0000] {logging_mixin.py:190} INFO - [2024-08-23T08:26:06.670+0000] {dag.py:4138} INFO - Setting next_dagrun for conditional_dataset_and_time_based_timetable to 2024-08-21 01:00:00+00:00, run_after=2024-08-21 01:00:00+00:00
[2024-08-23T08:26:06.673+0000] {logging_mixin.py:190} INFO - [2024-08-23T08:26:06.673+0000] {dag.py:4138} INFO - Setting next_dagrun for consume_1_and_2_with_dataset_expressions to None, run_after=None
[2024-08-23T08:26:06.675+0000] {logging_mixin.py:190} INFO - [2024-08-23T08:26:06.675+0000] {dag.py:4138} INFO - Setting next_dagrun for consume_1_or_2_with_dataset_expressions to None, run_after=None
[2024-08-23T08:26:06.676+0000] {logging_mixin.py:190} INFO - [2024-08-23T08:26:06.676+0000] {dag.py:4138} INFO - Setting next_dagrun for consume_1_or_both_2_and_3_with_dataset_expressions to None, run_after=None
[2024-08-23T08:26:06.678+0000] {logging_mixin.py:190} INFO - [2024-08-23T08:26:06.678+0000] {dag.py:4138} INFO - Setting next_dagrun for dataset_consumes_1 to None, run_after=None
[2024-08-23T08:26:06.679+0000] {logging_mixin.py:190} INFO - [2024-08-23T08:26:06.679+0000] {dag.py:4138} INFO - Setting next_dagrun for dataset_consumes_1_and_2 to None, run_after=None
[2024-08-23T08:26:06.680+0000] {logging_mixin.py:190} INFO - [2024-08-23T08:26:06.680+0000] {dag.py:4138} INFO - Setting next_dagrun for dataset_consumes_1_never_scheduled to None, run_after=None
[2024-08-23T08:26:06.682+0000] {logging_mixin.py:190} INFO - [2024-08-23T08:26:06.682+0000] {dag.py:4138} INFO - Setting next_dagrun for dataset_consumes_unknown_never_scheduled to None, run_after=None
[2024-08-23T08:26:06.684+0000] {logging_mixin.py:190} INFO - [2024-08-23T08:26:06.684+0000] {dag.py:4138} INFO - Setting next_dagrun for dataset_produces_1 to 2024-08-22 00:00:00+00:00, run_after=2024-08-23 00:00:00+00:00
[2024-08-23T08:26:06.686+0000] {logging_mixin.py:190} INFO - [2024-08-23T08:26:06.686+0000] {dag.py:4138} INFO - Setting next_dagrun for dataset_produces_2 to None, run_after=None
[2024-08-23T08:26:06.719+0000] {processor.py:208} INFO - Processing /home/airflow/.local/lib/python3.12/site-packages/airflow/example_dags/example_datasets.py took 0.233 seconds
[2024-08-23T10:25:06.873+0000] {processor.py:186} INFO - Started process (PID=112) to work on /home/airflow/.local/lib/python3.12/site-packages/airflow/example_dags/example_datasets.py
[2024-08-23T10:25:06.875+0000] {processor.py:914} INFO - Processing file /home/airflow/.local/lib/python3.12/site-packages/airflow/example_dags/example_datasets.py for tasks to queue
[2024-08-23T10:25:06.877+0000] {logging_mixin.py:190} INFO - [2024-08-23T10:25:06.877+0000] {dagbag.py:587} INFO - Filling up the DagBag from /home/airflow/.local/lib/python3.12/site-packages/airflow/example_dags/example_datasets.py
[2024-08-23T10:25:07.108+0000] {processor.py:925} INFO - DAG(s) 'dataset_consumes_unknown_never_scheduled', 'dataset_consumes_1_never_scheduled', 'dataset_produces_1', 'consume_1_or_both_2_and_3_with_dataset_expressions', 'conditional_dataset_and_time_based_timetable', 'consume_1_or_2_with_dataset_expressions', 'consume_1_and_2_with_dataset_expressions', 'dataset_produces_2', 'dataset_consumes_1', 'dataset_consumes_1_and_2' retrieved from /home/airflow/.local/lib/python3.12/site-packages/airflow/example_dags/example_datasets.py
[2024-08-23T10:25:07.174+0000] {logging_mixin.py:190} INFO - [2024-08-23T10:25:07.173+0000] {dag.py:3211} INFO - Sync 10 DAGs
[2024-08-23T10:25:07.213+0000] {logging_mixin.py:190} INFO - [2024-08-23T10:25:07.213+0000] {dag.py:4138} INFO - Setting next_dagrun for conditional_dataset_and_time_based_timetable to 2024-08-21 01:00:00+00:00, run_after=2024-08-21 01:00:00+00:00
[2024-08-23T10:25:07.218+0000] {logging_mixin.py:190} INFO - [2024-08-23T10:25:07.218+0000] {dag.py:4138} INFO - Setting next_dagrun for consume_1_and_2_with_dataset_expressions to None, run_after=None
[2024-08-23T10:25:07.220+0000] {logging_mixin.py:190} INFO - [2024-08-23T10:25:07.220+0000] {dag.py:4138} INFO - Setting next_dagrun for consume_1_or_2_with_dataset_expressions to None, run_after=None
[2024-08-23T10:25:07.222+0000] {logging_mixin.py:190} INFO - [2024-08-23T10:25:07.222+0000] {dag.py:4138} INFO - Setting next_dagrun for consume_1_or_both_2_and_3_with_dataset_expressions to None, run_after=None
[2024-08-23T10:25:07.224+0000] {logging_mixin.py:190} INFO - [2024-08-23T10:25:07.224+0000] {dag.py:4138} INFO - Setting next_dagrun for dataset_consumes_1 to None, run_after=None
[2024-08-23T10:25:07.226+0000] {logging_mixin.py:190} INFO - [2024-08-23T10:25:07.226+0000] {dag.py:4138} INFO - Setting next_dagrun for dataset_consumes_1_and_2 to None, run_after=None
[2024-08-23T10:25:07.228+0000] {logging_mixin.py:190} INFO - [2024-08-23T10:25:07.228+0000] {dag.py:4138} INFO - Setting next_dagrun for dataset_consumes_1_never_scheduled to None, run_after=None
[2024-08-23T10:25:07.230+0000] {logging_mixin.py:190} INFO - [2024-08-23T10:25:07.230+0000] {dag.py:4138} INFO - Setting next_dagrun for dataset_consumes_unknown_never_scheduled to None, run_after=None
[2024-08-23T10:25:07.233+0000] {logging_mixin.py:190} INFO - [2024-08-23T10:25:07.233+0000] {dag.py:4138} INFO - Setting next_dagrun for dataset_produces_1 to 2024-08-22 00:00:00+00:00, run_after=2024-08-23 00:00:00+00:00
[2024-08-23T10:25:07.236+0000] {logging_mixin.py:190} INFO - [2024-08-23T10:25:07.235+0000] {dag.py:4138} INFO - Setting next_dagrun for dataset_produces_2 to None, run_after=None
[2024-08-23T10:25:07.286+0000] {processor.py:208} INFO - Processing /home/airflow/.local/lib/python3.12/site-packages/airflow/example_dags/example_datasets.py took 0.419 seconds
[2024-08-23T10:25:37.971+0000] {processor.py:186} INFO - Started process (PID=174) to work on /home/airflow/.local/lib/python3.12/site-packages/airflow/example_dags/example_datasets.py
[2024-08-23T10:25:37.972+0000] {processor.py:914} INFO - Processing file /home/airflow/.local/lib/python3.12/site-packages/airflow/example_dags/example_datasets.py for tasks to queue
[2024-08-23T10:25:37.974+0000] {logging_mixin.py:190} INFO - [2024-08-23T10:25:37.973+0000] {dagbag.py:587} INFO - Filling up the DagBag from /home/airflow/.local/lib/python3.12/site-packages/airflow/example_dags/example_datasets.py
[2024-08-23T10:25:38.105+0000] {processor.py:925} INFO - DAG(s) 'conditional_dataset_and_time_based_timetable', 'dataset_consumes_1_never_scheduled', 'dataset_consumes_unknown_never_scheduled', 'dataset_consumes_1', 'consume_1_or_2_with_dataset_expressions', 'dataset_produces_2', 'dataset_produces_1', 'consume_1_and_2_with_dataset_expressions', 'dataset_consumes_1_and_2', 'consume_1_or_both_2_and_3_with_dataset_expressions' retrieved from /home/airflow/.local/lib/python3.12/site-packages/airflow/example_dags/example_datasets.py
[2024-08-23T10:25:38.156+0000] {logging_mixin.py:190} INFO - [2024-08-23T10:25:38.155+0000] {dag.py:3211} INFO - Sync 10 DAGs
[2024-08-23T10:25:38.180+0000] {logging_mixin.py:190} INFO - [2024-08-23T10:25:38.180+0000] {dag.py:4138} INFO - Setting next_dagrun for conditional_dataset_and_time_based_timetable to 2024-08-21 01:00:00+00:00, run_after=2024-08-21 01:00:00+00:00
[2024-08-23T10:25:38.184+0000] {logging_mixin.py:190} INFO - [2024-08-23T10:25:38.184+0000] {dag.py:4138} INFO - Setting next_dagrun for consume_1_and_2_with_dataset_expressions to None, run_after=None
[2024-08-23T10:25:38.185+0000] {logging_mixin.py:190} INFO - [2024-08-23T10:25:38.185+0000] {dag.py:4138} INFO - Setting next_dagrun for consume_1_or_2_with_dataset_expressions to None, run_after=None
[2024-08-23T10:25:38.186+0000] {logging_mixin.py:190} INFO - [2024-08-23T10:25:38.186+0000] {dag.py:4138} INFO - Setting next_dagrun for consume_1_or_both_2_and_3_with_dataset_expressions to None, run_after=None
[2024-08-23T10:25:38.188+0000] {logging_mixin.py:190} INFO - [2024-08-23T10:25:38.187+0000] {dag.py:4138} INFO - Setting next_dagrun for dataset_consumes_1 to None, run_after=None
[2024-08-23T10:25:38.189+0000] {logging_mixin.py:190} INFO - [2024-08-23T10:25:38.189+0000] {dag.py:4138} INFO - Setting next_dagrun for dataset_consumes_1_and_2 to None, run_after=None
[2024-08-23T10:25:38.190+0000] {logging_mixin.py:190} INFO - [2024-08-23T10:25:38.190+0000] {dag.py:4138} INFO - Setting next_dagrun for dataset_consumes_1_never_scheduled to None, run_after=None
[2024-08-23T10:25:38.191+0000] {logging_mixin.py:190} INFO - [2024-08-23T10:25:38.191+0000] {dag.py:4138} INFO - Setting next_dagrun for dataset_consumes_unknown_never_scheduled to None, run_after=None
[2024-08-23T10:25:38.194+0000] {logging_mixin.py:190} INFO - [2024-08-23T10:25:38.193+0000] {dag.py:4138} INFO - Setting next_dagrun for dataset_produces_1 to 2024-08-22 00:00:00+00:00, run_after=2024-08-23 00:00:00+00:00
[2024-08-23T10:25:38.195+0000] {logging_mixin.py:190} INFO - [2024-08-23T10:25:38.195+0000] {dag.py:4138} INFO - Setting next_dagrun for dataset_produces_2 to None, run_after=None
[2024-08-23T10:25:38.227+0000] {processor.py:208} INFO - Processing /home/airflow/.local/lib/python3.12/site-packages/airflow/example_dags/example_datasets.py took 0.261 seconds
[2024-08-23T10:26:08.752+0000] {processor.py:186} INFO - Started process (PID=236) to work on /home/airflow/.local/lib/python3.12/site-packages/airflow/example_dags/example_datasets.py
[2024-08-23T10:26:08.753+0000] {processor.py:914} INFO - Processing file /home/airflow/.local/lib/python3.12/site-packages/airflow/example_dags/example_datasets.py for tasks to queue
[2024-08-23T10:26:08.755+0000] {logging_mixin.py:190} INFO - [2024-08-23T10:26:08.755+0000] {dagbag.py:587} INFO - Filling up the DagBag from /home/airflow/.local/lib/python3.12/site-packages/airflow/example_dags/example_datasets.py
[2024-08-23T10:26:08.891+0000] {processor.py:925} INFO - DAG(s) 'consume_1_and_2_with_dataset_expressions', 'consume_1_or_2_with_dataset_expressions', 'dataset_produces_2', 'dataset_produces_1', 'dataset_consumes_1', 'conditional_dataset_and_time_based_timetable', 'dataset_consumes_1_never_scheduled', 'dataset_consumes_unknown_never_scheduled', 'dataset_consumes_1_and_2', 'consume_1_or_both_2_and_3_with_dataset_expressions' retrieved from /home/airflow/.local/lib/python3.12/site-packages/airflow/example_dags/example_datasets.py
[2024-08-23T10:26:08.931+0000] {logging_mixin.py:190} INFO - [2024-08-23T10:26:08.931+0000] {dag.py:3211} INFO - Sync 10 DAGs
[2024-08-23T10:26:08.953+0000] {logging_mixin.py:190} INFO - [2024-08-23T10:26:08.953+0000] {dag.py:4138} INFO - Setting next_dagrun for conditional_dataset_and_time_based_timetable to 2024-08-21 01:00:00+00:00, run_after=2024-08-21 01:00:00+00:00
[2024-08-23T10:26:08.957+0000] {logging_mixin.py:190} INFO - [2024-08-23T10:26:08.957+0000] {dag.py:4138} INFO - Setting next_dagrun for consume_1_and_2_with_dataset_expressions to None, run_after=None
[2024-08-23T10:26:08.959+0000] {logging_mixin.py:190} INFO - [2024-08-23T10:26:08.958+0000] {dag.py:4138} INFO - Setting next_dagrun for consume_1_or_2_with_dataset_expressions to None, run_after=None
[2024-08-23T10:26:08.960+0000] {logging_mixin.py:190} INFO - [2024-08-23T10:26:08.960+0000] {dag.py:4138} INFO - Setting next_dagrun for consume_1_or_both_2_and_3_with_dataset_expressions to None, run_after=None
[2024-08-23T10:26:08.961+0000] {logging_mixin.py:190} INFO - [2024-08-23T10:26:08.961+0000] {dag.py:4138} INFO - Setting next_dagrun for dataset_consumes_1 to None, run_after=None
[2024-08-23T10:26:08.962+0000] {logging_mixin.py:190} INFO - [2024-08-23T10:26:08.962+0000] {dag.py:4138} INFO - Setting next_dagrun for dataset_consumes_1_and_2 to None, run_after=None
[2024-08-23T10:26:08.963+0000] {logging_mixin.py:190} INFO - [2024-08-23T10:26:08.963+0000] {dag.py:4138} INFO - Setting next_dagrun for dataset_consumes_1_never_scheduled to None, run_after=None
[2024-08-23T10:26:08.964+0000] {logging_mixin.py:190} INFO - [2024-08-23T10:26:08.964+0000] {dag.py:4138} INFO - Setting next_dagrun for dataset_consumes_unknown_never_scheduled to None, run_after=None
[2024-08-23T10:26:08.966+0000] {logging_mixin.py:190} INFO - [2024-08-23T10:26:08.966+0000] {dag.py:4138} INFO - Setting next_dagrun for dataset_produces_1 to 2024-08-22 00:00:00+00:00, run_after=2024-08-23 00:00:00+00:00
[2024-08-23T10:26:08.968+0000] {logging_mixin.py:190} INFO - [2024-08-23T10:26:08.967+0000] {dag.py:4138} INFO - Setting next_dagrun for dataset_produces_2 to None, run_after=None
[2024-08-23T10:26:08.999+0000] {processor.py:208} INFO - Processing /home/airflow/.local/lib/python3.12/site-packages/airflow/example_dags/example_datasets.py took 0.251 seconds
[2024-08-23T10:26:39.097+0000] {processor.py:186} INFO - Started process (PID=300) to work on /home/airflow/.local/lib/python3.12/site-packages/airflow/example_dags/example_datasets.py
[2024-08-23T10:26:39.098+0000] {processor.py:914} INFO - Processing file /home/airflow/.local/lib/python3.12/site-packages/airflow/example_dags/example_datasets.py for tasks to queue
[2024-08-23T10:26:39.100+0000] {logging_mixin.py:190} INFO - [2024-08-23T10:26:39.100+0000] {dagbag.py:587} INFO - Filling up the DagBag from /home/airflow/.local/lib/python3.12/site-packages/airflow/example_dags/example_datasets.py
[2024-08-23T10:26:39.238+0000] {processor.py:925} INFO - DAG(s) 'dataset_produces_2', 'dataset_produces_1', 'dataset_consumes_1', 'consume_1_or_both_2_and_3_with_dataset_expressions', 'dataset_consumes_1_never_scheduled', 'consume_1_or_2_with_dataset_expressions', 'dataset_consumes_unknown_never_scheduled', 'consume_1_and_2_with_dataset_expressions', 'dataset_consumes_1_and_2', 'conditional_dataset_and_time_based_timetable' retrieved from /home/airflow/.local/lib/python3.12/site-packages/airflow/example_dags/example_datasets.py
[2024-08-23T10:26:39.283+0000] {logging_mixin.py:190} INFO - [2024-08-23T10:26:39.283+0000] {dag.py:3211} INFO - Sync 10 DAGs
[2024-08-23T10:26:39.310+0000] {logging_mixin.py:190} INFO - [2024-08-23T10:26:39.310+0000] {dag.py:4138} INFO - Setting next_dagrun for conditional_dataset_and_time_based_timetable to 2024-08-21 01:00:00+00:00, run_after=2024-08-21 01:00:00+00:00
[2024-08-23T10:26:39.314+0000] {logging_mixin.py:190} INFO - [2024-08-23T10:26:39.313+0000] {dag.py:4138} INFO - Setting next_dagrun for consume_1_and_2_with_dataset_expressions to None, run_after=None
[2024-08-23T10:26:39.316+0000] {logging_mixin.py:190} INFO - [2024-08-23T10:26:39.315+0000] {dag.py:4138} INFO - Setting next_dagrun for consume_1_or_2_with_dataset_expressions to None, run_after=None
[2024-08-23T10:26:39.317+0000] {logging_mixin.py:190} INFO - [2024-08-23T10:26:39.317+0000] {dag.py:4138} INFO - Setting next_dagrun for consume_1_or_both_2_and_3_with_dataset_expressions to None, run_after=None
[2024-08-23T10:26:39.319+0000] {logging_mixin.py:190} INFO - [2024-08-23T10:26:39.319+0000] {dag.py:4138} INFO - Setting next_dagrun for dataset_consumes_1 to None, run_after=None
[2024-08-23T10:26:39.320+0000] {logging_mixin.py:190} INFO - [2024-08-23T10:26:39.320+0000] {dag.py:4138} INFO - Setting next_dagrun for dataset_consumes_1_and_2 to None, run_after=None
[2024-08-23T10:26:39.322+0000] {logging_mixin.py:190} INFO - [2024-08-23T10:26:39.322+0000] {dag.py:4138} INFO - Setting next_dagrun for dataset_consumes_1_never_scheduled to None, run_after=None
[2024-08-23T10:26:39.323+0000] {logging_mixin.py:190} INFO - [2024-08-23T10:26:39.323+0000] {dag.py:4138} INFO - Setting next_dagrun for dataset_consumes_unknown_never_scheduled to None, run_after=None
[2024-08-23T10:26:39.326+0000] {logging_mixin.py:190} INFO - [2024-08-23T10:26:39.326+0000] {dag.py:4138} INFO - Setting next_dagrun for dataset_produces_1 to 2024-08-22 00:00:00+00:00, run_after=2024-08-23 00:00:00+00:00
[2024-08-23T10:26:39.327+0000] {logging_mixin.py:190} INFO - [2024-08-23T10:26:39.327+0000] {dag.py:4138} INFO - Setting next_dagrun for dataset_produces_2 to None, run_after=None
[2024-08-23T10:26:39.360+0000] {processor.py:208} INFO - Processing /home/airflow/.local/lib/python3.12/site-packages/airflow/example_dags/example_datasets.py took 0.268 seconds
[2024-08-23T10:27:11.730+0000] {processor.py:186} INFO - Started process (PID=360) to work on /home/airflow/.local/lib/python3.12/site-packages/airflow/example_dags/example_datasets.py
[2024-08-23T10:27:11.732+0000] {processor.py:914} INFO - Processing file /home/airflow/.local/lib/python3.12/site-packages/airflow/example_dags/example_datasets.py for tasks to queue
[2024-08-23T10:27:11.736+0000] {logging_mixin.py:190} INFO - [2024-08-23T10:27:11.735+0000] {dagbag.py:587} INFO - Filling up the DagBag from /home/airflow/.local/lib/python3.12/site-packages/airflow/example_dags/example_datasets.py
[2024-08-23T10:27:11.970+0000] {processor.py:925} INFO - DAG(s) 'dataset_consumes_1', 'dataset_consumes_1_and_2', 'conditional_dataset_and_time_based_timetable', 'consume_1_and_2_with_dataset_expressions', 'dataset_produces_2', 'consume_1_or_both_2_and_3_with_dataset_expressions', 'dataset_produces_1', 'consume_1_or_2_with_dataset_expressions', 'dataset_consumes_unknown_never_scheduled', 'dataset_consumes_1_never_scheduled' retrieved from /home/airflow/.local/lib/python3.12/site-packages/airflow/example_dags/example_datasets.py
[2024-08-23T10:27:12.040+0000] {logging_mixin.py:190} INFO - [2024-08-23T10:27:12.039+0000] {dag.py:3211} INFO - Sync 10 DAGs
[2024-08-23T10:27:12.085+0000] {logging_mixin.py:190} INFO - [2024-08-23T10:27:12.084+0000] {dag.py:4138} INFO - Setting next_dagrun for conditional_dataset_and_time_based_timetable to 2024-08-21 01:00:00+00:00, run_after=2024-08-21 01:00:00+00:00
[2024-08-23T10:27:12.092+0000] {logging_mixin.py:190} INFO - [2024-08-23T10:27:12.092+0000] {dag.py:4138} INFO - Setting next_dagrun for consume_1_and_2_with_dataset_expressions to None, run_after=None
[2024-08-23T10:27:12.095+0000] {logging_mixin.py:190} INFO - [2024-08-23T10:27:12.095+0000] {dag.py:4138} INFO - Setting next_dagrun for consume_1_or_2_with_dataset_expressions to None, run_after=None
[2024-08-23T10:27:12.097+0000] {logging_mixin.py:190} INFO - [2024-08-23T10:27:12.097+0000] {dag.py:4138} INFO - Setting next_dagrun for consume_1_or_both_2_and_3_with_dataset_expressions to None, run_after=None
[2024-08-23T10:27:12.100+0000] {logging_mixin.py:190} INFO - [2024-08-23T10:27:12.099+0000] {dag.py:4138} INFO - Setting next_dagrun for dataset_consumes_1 to None, run_after=None
[2024-08-23T10:27:12.102+0000] {logging_mixin.py:190} INFO - [2024-08-23T10:27:12.102+0000] {dag.py:4138} INFO - Setting next_dagrun for dataset_consumes_1_and_2 to None, run_after=None
[2024-08-23T10:27:12.105+0000] {logging_mixin.py:190} INFO - [2024-08-23T10:27:12.105+0000] {dag.py:4138} INFO - Setting next_dagrun for dataset_consumes_1_never_scheduled to None, run_after=None
[2024-08-23T10:27:12.109+0000] {logging_mixin.py:190} INFO - [2024-08-23T10:27:12.109+0000] {dag.py:4138} INFO - Setting next_dagrun for dataset_consumes_unknown_never_scheduled to None, run_after=None
[2024-08-23T10:27:12.113+0000] {logging_mixin.py:190} INFO - [2024-08-23T10:27:12.113+0000] {dag.py:4138} INFO - Setting next_dagrun for dataset_produces_1 to 2024-08-22 00:00:00+00:00, run_after=2024-08-23 00:00:00+00:00
[2024-08-23T10:27:12.116+0000] {logging_mixin.py:190} INFO - [2024-08-23T10:27:12.116+0000] {dag.py:4138} INFO - Setting next_dagrun for dataset_produces_2 to None, run_after=None
[2024-08-23T10:27:12.187+0000] {processor.py:208} INFO - Processing /home/airflow/.local/lib/python3.12/site-packages/airflow/example_dags/example_datasets.py took 0.466 seconds
[2024-08-23T10:27:43.646+0000] {processor.py:186} INFO - Started process (PID=422) to work on /home/airflow/.local/lib/python3.12/site-packages/airflow/example_dags/example_datasets.py
[2024-08-23T10:27:43.649+0000] {processor.py:914} INFO - Processing file /home/airflow/.local/lib/python3.12/site-packages/airflow/example_dags/example_datasets.py for tasks to queue
[2024-08-23T10:27:43.654+0000] {logging_mixin.py:190} INFO - [2024-08-23T10:27:43.653+0000] {dagbag.py:587} INFO - Filling up the DagBag from /home/airflow/.local/lib/python3.12/site-packages/airflow/example_dags/example_datasets.py
[2024-08-23T10:27:44.251+0000] {processor.py:925} INFO - DAG(s) 'dataset_consumes_1_never_scheduled', 'dataset_consumes_1', 'dataset_produces_1', 'consume_1_or_2_with_dataset_expressions', 'dataset_produces_2', 'conditional_dataset_and_time_based_timetable', 'dataset_consumes_unknown_never_scheduled', 'dataset_consumes_1_and_2', 'consume_1_or_both_2_and_3_with_dataset_expressions', 'consume_1_and_2_with_dataset_expressions' retrieved from /home/airflow/.local/lib/python3.12/site-packages/airflow/example_dags/example_datasets.py
[2024-08-23T10:27:44.380+0000] {logging_mixin.py:190} INFO - [2024-08-23T10:27:44.379+0000] {dag.py:3211} INFO - Sync 10 DAGs
[2024-08-23T10:27:44.466+0000] {logging_mixin.py:190} INFO - [2024-08-23T10:27:44.465+0000] {dag.py:4138} INFO - Setting next_dagrun for conditional_dataset_and_time_based_timetable to 2024-08-21 01:00:00+00:00, run_after=2024-08-21 01:00:00+00:00
[2024-08-23T10:27:44.475+0000] {logging_mixin.py:190} INFO - [2024-08-23T10:27:44.474+0000] {dag.py:4138} INFO - Setting next_dagrun for consume_1_and_2_with_dataset_expressions to None, run_after=None
[2024-08-23T10:27:44.480+0000] {logging_mixin.py:190} INFO - [2024-08-23T10:27:44.479+0000] {dag.py:4138} INFO - Setting next_dagrun for consume_1_or_2_with_dataset_expressions to None, run_after=None
[2024-08-23T10:27:44.485+0000] {logging_mixin.py:190} INFO - [2024-08-23T10:27:44.484+0000] {dag.py:4138} INFO - Setting next_dagrun for consume_1_or_both_2_and_3_with_dataset_expressions to None, run_after=None
[2024-08-23T10:27:44.488+0000] {logging_mixin.py:190} INFO - [2024-08-23T10:27:44.488+0000] {dag.py:4138} INFO - Setting next_dagrun for dataset_consumes_1 to None, run_after=None
[2024-08-23T10:27:44.492+0000] {logging_mixin.py:190} INFO - [2024-08-23T10:27:44.491+0000] {dag.py:4138} INFO - Setting next_dagrun for dataset_consumes_1_and_2 to None, run_after=None
[2024-08-23T10:27:44.496+0000] {logging_mixin.py:190} INFO - [2024-08-23T10:27:44.495+0000] {dag.py:4138} INFO - Setting next_dagrun for dataset_consumes_1_never_scheduled to None, run_after=None
[2024-08-23T10:27:44.501+0000] {logging_mixin.py:190} INFO - [2024-08-23T10:27:44.501+0000] {dag.py:4138} INFO - Setting next_dagrun for dataset_consumes_unknown_never_scheduled to None, run_after=None
[2024-08-23T10:27:44.509+0000] {logging_mixin.py:190} INFO - [2024-08-23T10:27:44.508+0000] {dag.py:4138} INFO - Setting next_dagrun for dataset_produces_1 to 2024-08-22 00:00:00+00:00, run_after=2024-08-23 00:00:00+00:00
[2024-08-23T10:27:44.514+0000] {logging_mixin.py:190} INFO - [2024-08-23T10:27:44.513+0000] {dag.py:4138} INFO - Setting next_dagrun for dataset_produces_2 to None, run_after=None
[2024-08-23T10:27:44.616+0000] {processor.py:208} INFO - Processing /home/airflow/.local/lib/python3.12/site-packages/airflow/example_dags/example_datasets.py took 0.989 seconds
