[2024-08-23T06:38:31.914+0000] {processor.py:186} INFO - Started process (PID=88) to work on /home/airflow/.local/lib/python3.12/site-packages/airflow/example_dags/example_external_task_marker_dag.py
[2024-08-23T06:38:31.916+0000] {processor.py:914} INFO - Processing file /home/airflow/.local/lib/python3.12/site-packages/airflow/example_dags/example_external_task_marker_dag.py for tasks to queue
[2024-08-23T06:38:31.919+0000] {logging_mixin.py:190} INFO - [2024-08-23T06:38:31.919+0000] {dagbag.py:587} INFO - Filling up the DagBag from /home/airflow/.local/lib/python3.12/site-packages/airflow/example_dags/example_external_task_marker_dag.py
[2024-08-23T06:38:31.929+0000] {processor.py:925} INFO - DAG(s) 'example_external_task_marker_parent', 'example_external_task_marker_child' retrieved from /home/airflow/.local/lib/python3.12/site-packages/airflow/example_dags/example_external_task_marker_dag.py
[2024-08-23T06:38:32.035+0000] {logging_mixin.py:190} INFO - [2024-08-23T06:38:32.035+0000] {override.py:1858} INFO - Created Permission View: can edit on DAG:example_external_task_marker_parent
[2024-08-23T06:38:32.047+0000] {logging_mixin.py:190} INFO - [2024-08-23T06:38:32.046+0000] {override.py:1858} INFO - Created Permission View: can delete on DAG:example_external_task_marker_parent
[2024-08-23T06:38:32.055+0000] {logging_mixin.py:190} INFO - [2024-08-23T06:38:32.055+0000] {override.py:1858} INFO - Created Permission View: can read on DAG:example_external_task_marker_parent
[2024-08-23T06:38:32.073+0000] {logging_mixin.py:190} INFO - [2024-08-23T06:38:32.072+0000] {override.py:1858} INFO - Created Permission View: can edit on DAG:example_external_task_marker_child
[2024-08-23T06:38:32.081+0000] {logging_mixin.py:190} INFO - [2024-08-23T06:38:32.081+0000] {override.py:1858} INFO - Created Permission View: can delete on DAG:example_external_task_marker_child
[2024-08-23T06:38:32.088+0000] {logging_mixin.py:190} INFO - [2024-08-23T06:38:32.088+0000] {override.py:1858} INFO - Created Permission View: can read on DAG:example_external_task_marker_child
[2024-08-23T06:38:32.089+0000] {logging_mixin.py:190} INFO - [2024-08-23T06:38:32.089+0000] {dag.py:3211} INFO - Sync 2 DAGs
[2024-08-23T06:38:32.105+0000] {logging_mixin.py:190} INFO - [2024-08-23T06:38:32.105+0000] {dag.py:3234} INFO - Creating ORM DAG for example_external_task_marker_parent
[2024-08-23T06:38:32.107+0000] {logging_mixin.py:190} INFO - [2024-08-23T06:38:32.107+0000] {dag.py:3234} INFO - Creating ORM DAG for example_external_task_marker_child
[2024-08-23T06:38:32.108+0000] {logging_mixin.py:190} INFO - [2024-08-23T06:38:32.108+0000] {dag.py:4138} INFO - Setting next_dagrun for example_external_task_marker_child to None, run_after=None
[2024-08-23T06:38:32.109+0000] {logging_mixin.py:190} INFO - [2024-08-23T06:38:32.109+0000] {dag.py:4138} INFO - Setting next_dagrun for example_external_task_marker_parent to None, run_after=None
[2024-08-23T06:38:32.127+0000] {processor.py:208} INFO - Processing /home/airflow/.local/lib/python3.12/site-packages/airflow/example_dags/example_external_task_marker_dag.py took 0.219 seconds
[2024-08-23T06:39:02.293+0000] {processor.py:186} INFO - Started process (PID=150) to work on /home/airflow/.local/lib/python3.12/site-packages/airflow/example_dags/example_external_task_marker_dag.py
[2024-08-23T06:39:02.295+0000] {processor.py:914} INFO - Processing file /home/airflow/.local/lib/python3.12/site-packages/airflow/example_dags/example_external_task_marker_dag.py for tasks to queue
[2024-08-23T06:39:02.300+0000] {logging_mixin.py:190} INFO - [2024-08-23T06:39:02.300+0000] {dagbag.py:587} INFO - Filling up the DagBag from /home/airflow/.local/lib/python3.12/site-packages/airflow/example_dags/example_external_task_marker_dag.py
[2024-08-23T06:39:02.315+0000] {processor.py:925} INFO - DAG(s) 'example_external_task_marker_parent', 'example_external_task_marker_child' retrieved from /home/airflow/.local/lib/python3.12/site-packages/airflow/example_dags/example_external_task_marker_dag.py
[2024-08-23T06:39:02.361+0000] {logging_mixin.py:190} INFO - [2024-08-23T06:39:02.361+0000] {dag.py:3211} INFO - Sync 2 DAGs
[2024-08-23T06:39:02.395+0000] {logging_mixin.py:190} INFO - [2024-08-23T06:39:02.395+0000] {dag.py:4138} INFO - Setting next_dagrun for example_external_task_marker_child to None, run_after=None
[2024-08-23T06:39:02.404+0000] {logging_mixin.py:190} INFO - [2024-08-23T06:39:02.404+0000] {dag.py:4138} INFO - Setting next_dagrun for example_external_task_marker_parent to None, run_after=None
[2024-08-23T06:39:02.446+0000] {processor.py:208} INFO - Processing /home/airflow/.local/lib/python3.12/site-packages/airflow/example_dags/example_external_task_marker_dag.py took 0.163 seconds
[2024-08-23T06:39:33.177+0000] {processor.py:186} INFO - Started process (PID=212) to work on /home/airflow/.local/lib/python3.12/site-packages/airflow/example_dags/example_external_task_marker_dag.py
[2024-08-23T06:39:33.179+0000] {processor.py:914} INFO - Processing file /home/airflow/.local/lib/python3.12/site-packages/airflow/example_dags/example_external_task_marker_dag.py for tasks to queue
[2024-08-23T06:39:33.183+0000] {logging_mixin.py:190} INFO - [2024-08-23T06:39:33.182+0000] {dagbag.py:587} INFO - Filling up the DagBag from /home/airflow/.local/lib/python3.12/site-packages/airflow/example_dags/example_external_task_marker_dag.py
[2024-08-23T06:39:33.199+0000] {processor.py:925} INFO - DAG(s) 'example_external_task_marker_child', 'example_external_task_marker_parent' retrieved from /home/airflow/.local/lib/python3.12/site-packages/airflow/example_dags/example_external_task_marker_dag.py
[2024-08-23T06:39:33.258+0000] {logging_mixin.py:190} INFO - [2024-08-23T06:39:33.257+0000] {dag.py:3211} INFO - Sync 2 DAGs
[2024-08-23T06:39:33.296+0000] {logging_mixin.py:190} INFO - [2024-08-23T06:39:33.295+0000] {dag.py:4138} INFO - Setting next_dagrun for example_external_task_marker_child to None, run_after=None
[2024-08-23T06:39:33.306+0000] {logging_mixin.py:190} INFO - [2024-08-23T06:39:33.305+0000] {dag.py:4138} INFO - Setting next_dagrun for example_external_task_marker_parent to None, run_after=None
[2024-08-23T06:39:33.337+0000] {processor.py:208} INFO - Processing /home/airflow/.local/lib/python3.12/site-packages/airflow/example_dags/example_external_task_marker_dag.py took 0.183 seconds
[2024-08-23T06:40:03.595+0000] {processor.py:186} INFO - Started process (PID=274) to work on /home/airflow/.local/lib/python3.12/site-packages/airflow/example_dags/example_external_task_marker_dag.py
[2024-08-23T06:40:03.597+0000] {processor.py:914} INFO - Processing file /home/airflow/.local/lib/python3.12/site-packages/airflow/example_dags/example_external_task_marker_dag.py for tasks to queue
[2024-08-23T06:40:03.603+0000] {logging_mixin.py:190} INFO - [2024-08-23T06:40:03.603+0000] {dagbag.py:587} INFO - Filling up the DagBag from /home/airflow/.local/lib/python3.12/site-packages/airflow/example_dags/example_external_task_marker_dag.py
[2024-08-23T06:40:03.620+0000] {processor.py:925} INFO - DAG(s) 'example_external_task_marker_child', 'example_external_task_marker_parent' retrieved from /home/airflow/.local/lib/python3.12/site-packages/airflow/example_dags/example_external_task_marker_dag.py
[2024-08-23T06:40:03.666+0000] {logging_mixin.py:190} INFO - [2024-08-23T06:40:03.665+0000] {dag.py:3211} INFO - Sync 2 DAGs
[2024-08-23T06:40:03.701+0000] {logging_mixin.py:190} INFO - [2024-08-23T06:40:03.700+0000] {dag.py:4138} INFO - Setting next_dagrun for example_external_task_marker_child to None, run_after=None
[2024-08-23T06:40:03.710+0000] {logging_mixin.py:190} INFO - [2024-08-23T06:40:03.709+0000] {dag.py:4138} INFO - Setting next_dagrun for example_external_task_marker_parent to None, run_after=None
[2024-08-23T06:40:03.756+0000] {processor.py:208} INFO - Processing /home/airflow/.local/lib/python3.12/site-packages/airflow/example_dags/example_external_task_marker_dag.py took 0.174 seconds
[2024-08-23T06:40:34.804+0000] {processor.py:186} INFO - Started process (PID=336) to work on /home/airflow/.local/lib/python3.12/site-packages/airflow/example_dags/example_external_task_marker_dag.py
[2024-08-23T06:40:34.806+0000] {processor.py:914} INFO - Processing file /home/airflow/.local/lib/python3.12/site-packages/airflow/example_dags/example_external_task_marker_dag.py for tasks to queue
[2024-08-23T06:40:34.809+0000] {logging_mixin.py:190} INFO - [2024-08-23T06:40:34.809+0000] {dagbag.py:587} INFO - Filling up the DagBag from /home/airflow/.local/lib/python3.12/site-packages/airflow/example_dags/example_external_task_marker_dag.py
[2024-08-23T06:40:34.825+0000] {processor.py:925} INFO - DAG(s) 'example_external_task_marker_parent', 'example_external_task_marker_child' retrieved from /home/airflow/.local/lib/python3.12/site-packages/airflow/example_dags/example_external_task_marker_dag.py
[2024-08-23T06:40:34.887+0000] {logging_mixin.py:190} INFO - [2024-08-23T06:40:34.886+0000] {dag.py:3211} INFO - Sync 2 DAGs
[2024-08-23T06:40:34.921+0000] {logging_mixin.py:190} INFO - [2024-08-23T06:40:34.920+0000] {dag.py:4138} INFO - Setting next_dagrun for example_external_task_marker_child to None, run_after=None
[2024-08-23T06:40:34.931+0000] {logging_mixin.py:190} INFO - [2024-08-23T06:40:34.930+0000] {dag.py:4138} INFO - Setting next_dagrun for example_external_task_marker_parent to None, run_after=None
[2024-08-23T06:40:34.967+0000] {processor.py:208} INFO - Processing /home/airflow/.local/lib/python3.12/site-packages/airflow/example_dags/example_external_task_marker_dag.py took 0.174 seconds
[2024-08-23T06:41:05.060+0000] {processor.py:186} INFO - Started process (PID=398) to work on /home/airflow/.local/lib/python3.12/site-packages/airflow/example_dags/example_external_task_marker_dag.py
[2024-08-23T06:41:05.061+0000] {processor.py:914} INFO - Processing file /home/airflow/.local/lib/python3.12/site-packages/airflow/example_dags/example_external_task_marker_dag.py for tasks to queue
[2024-08-23T06:41:05.064+0000] {logging_mixin.py:190} INFO - [2024-08-23T06:41:05.063+0000] {dagbag.py:587} INFO - Filling up the DagBag from /home/airflow/.local/lib/python3.12/site-packages/airflow/example_dags/example_external_task_marker_dag.py
[2024-08-23T06:41:05.076+0000] {processor.py:925} INFO - DAG(s) 'example_external_task_marker_parent', 'example_external_task_marker_child' retrieved from /home/airflow/.local/lib/python3.12/site-packages/airflow/example_dags/example_external_task_marker_dag.py
[2024-08-23T06:41:05.100+0000] {logging_mixin.py:190} INFO - [2024-08-23T06:41:05.100+0000] {dag.py:3211} INFO - Sync 2 DAGs
[2024-08-23T06:41:05.114+0000] {logging_mixin.py:190} INFO - [2024-08-23T06:41:05.114+0000] {dag.py:4138} INFO - Setting next_dagrun for example_external_task_marker_child to None, run_after=None
[2024-08-23T06:41:05.118+0000] {logging_mixin.py:190} INFO - [2024-08-23T06:41:05.118+0000] {dag.py:4138} INFO - Setting next_dagrun for example_external_task_marker_parent to None, run_after=None
[2024-08-23T06:41:05.136+0000] {processor.py:208} INFO - Processing /home/airflow/.local/lib/python3.12/site-packages/airflow/example_dags/example_external_task_marker_dag.py took 0.083 seconds
[2024-08-23T06:41:35.277+0000] {processor.py:186} INFO - Started process (PID=460) to work on /home/airflow/.local/lib/python3.12/site-packages/airflow/example_dags/example_external_task_marker_dag.py
[2024-08-23T06:41:35.280+0000] {processor.py:914} INFO - Processing file /home/airflow/.local/lib/python3.12/site-packages/airflow/example_dags/example_external_task_marker_dag.py for tasks to queue
[2024-08-23T06:41:35.284+0000] {logging_mixin.py:190} INFO - [2024-08-23T06:41:35.284+0000] {dagbag.py:587} INFO - Filling up the DagBag from /home/airflow/.local/lib/python3.12/site-packages/airflow/example_dags/example_external_task_marker_dag.py
[2024-08-23T06:41:35.292+0000] {processor.py:925} INFO - DAG(s) 'example_external_task_marker_child', 'example_external_task_marker_parent' retrieved from /home/airflow/.local/lib/python3.12/site-packages/airflow/example_dags/example_external_task_marker_dag.py
[2024-08-23T06:41:35.320+0000] {logging_mixin.py:190} INFO - [2024-08-23T06:41:35.319+0000] {dag.py:3211} INFO - Sync 2 DAGs
[2024-08-23T06:41:35.351+0000] {logging_mixin.py:190} INFO - [2024-08-23T06:41:35.350+0000] {dag.py:4138} INFO - Setting next_dagrun for example_external_task_marker_child to None, run_after=None
[2024-08-23T06:41:35.356+0000] {logging_mixin.py:190} INFO - [2024-08-23T06:41:35.356+0000] {dag.py:4138} INFO - Setting next_dagrun for example_external_task_marker_parent to None, run_after=None
[2024-08-23T06:41:35.389+0000] {processor.py:208} INFO - Processing /home/airflow/.local/lib/python3.12/site-packages/airflow/example_dags/example_external_task_marker_dag.py took 0.116 seconds
[2024-08-23T06:42:06.634+0000] {processor.py:186} INFO - Started process (PID=522) to work on /home/airflow/.local/lib/python3.12/site-packages/airflow/example_dags/example_external_task_marker_dag.py
[2024-08-23T06:42:06.636+0000] {processor.py:914} INFO - Processing file /home/airflow/.local/lib/python3.12/site-packages/airflow/example_dags/example_external_task_marker_dag.py for tasks to queue
[2024-08-23T06:42:06.644+0000] {logging_mixin.py:190} INFO - [2024-08-23T06:42:06.643+0000] {dagbag.py:587} INFO - Filling up the DagBag from /home/airflow/.local/lib/python3.12/site-packages/airflow/example_dags/example_external_task_marker_dag.py
[2024-08-23T06:42:06.657+0000] {processor.py:925} INFO - DAG(s) 'example_external_task_marker_parent', 'example_external_task_marker_child' retrieved from /home/airflow/.local/lib/python3.12/site-packages/airflow/example_dags/example_external_task_marker_dag.py
[2024-08-23T06:42:06.684+0000] {logging_mixin.py:190} INFO - [2024-08-23T06:42:06.684+0000] {dag.py:3211} INFO - Sync 2 DAGs
[2024-08-23T06:42:06.710+0000] {logging_mixin.py:190} INFO - [2024-08-23T06:42:06.710+0000] {dag.py:4138} INFO - Setting next_dagrun for example_external_task_marker_child to None, run_after=None
[2024-08-23T06:42:06.714+0000] {logging_mixin.py:190} INFO - [2024-08-23T06:42:06.714+0000] {dag.py:4138} INFO - Setting next_dagrun for example_external_task_marker_parent to None, run_after=None
[2024-08-23T06:42:06.738+0000] {processor.py:208} INFO - Processing /home/airflow/.local/lib/python3.12/site-packages/airflow/example_dags/example_external_task_marker_dag.py took 0.109 seconds
[2024-08-23T07:54:11.950+0000] {processor.py:186} INFO - Started process (PID=91) to work on /home/airflow/.local/lib/python3.12/site-packages/airflow/example_dags/example_external_task_marker_dag.py
[2024-08-23T07:54:11.953+0000] {processor.py:914} INFO - Processing file /home/airflow/.local/lib/python3.12/site-packages/airflow/example_dags/example_external_task_marker_dag.py for tasks to queue
[2024-08-23T07:54:11.959+0000] {logging_mixin.py:190} INFO - [2024-08-23T07:54:11.959+0000] {dagbag.py:587} INFO - Filling up the DagBag from /home/airflow/.local/lib/python3.12/site-packages/airflow/example_dags/example_external_task_marker_dag.py
[2024-08-23T07:54:11.977+0000] {processor.py:925} INFO - DAG(s) 'example_external_task_marker_parent', 'example_external_task_marker_child' retrieved from /home/airflow/.local/lib/python3.12/site-packages/airflow/example_dags/example_external_task_marker_dag.py
[2024-08-23T07:54:12.018+0000] {logging_mixin.py:190} INFO - [2024-08-23T07:54:12.018+0000] {dag.py:3211} INFO - Sync 2 DAGs
[2024-08-23T07:54:12.042+0000] {logging_mixin.py:190} INFO - [2024-08-23T07:54:12.042+0000] {dag.py:4138} INFO - Setting next_dagrun for example_external_task_marker_child to None, run_after=None
[2024-08-23T07:54:12.050+0000] {logging_mixin.py:190} INFO - [2024-08-23T07:54:12.050+0000] {dag.py:4138} INFO - Setting next_dagrun for example_external_task_marker_parent to None, run_after=None
[2024-08-23T07:54:12.084+0000] {processor.py:208} INFO - Processing /home/airflow/.local/lib/python3.12/site-packages/airflow/example_dags/example_external_task_marker_dag.py took 0.146 seconds
[2024-08-23T07:54:42.525+0000] {processor.py:186} INFO - Started process (PID=153) to work on /home/airflow/.local/lib/python3.12/site-packages/airflow/example_dags/example_external_task_marker_dag.py
[2024-08-23T07:54:42.528+0000] {processor.py:914} INFO - Processing file /home/airflow/.local/lib/python3.12/site-packages/airflow/example_dags/example_external_task_marker_dag.py for tasks to queue
[2024-08-23T07:54:42.536+0000] {logging_mixin.py:190} INFO - [2024-08-23T07:54:42.535+0000] {dagbag.py:587} INFO - Filling up the DagBag from /home/airflow/.local/lib/python3.12/site-packages/airflow/example_dags/example_external_task_marker_dag.py
[2024-08-23T07:54:42.562+0000] {processor.py:925} INFO - DAG(s) 'example_external_task_marker_child', 'example_external_task_marker_parent' retrieved from /home/airflow/.local/lib/python3.12/site-packages/airflow/example_dags/example_external_task_marker_dag.py
[2024-08-23T07:54:42.653+0000] {logging_mixin.py:190} INFO - [2024-08-23T07:54:42.651+0000] {dag.py:3211} INFO - Sync 2 DAGs
[2024-08-23T07:54:42.701+0000] {logging_mixin.py:190} INFO - [2024-08-23T07:54:42.700+0000] {dag.py:4138} INFO - Setting next_dagrun for example_external_task_marker_child to None, run_after=None
[2024-08-23T07:54:42.713+0000] {logging_mixin.py:190} INFO - [2024-08-23T07:54:42.712+0000] {dag.py:4138} INFO - Setting next_dagrun for example_external_task_marker_parent to None, run_after=None
[2024-08-23T07:54:42.757+0000] {processor.py:208} INFO - Processing /home/airflow/.local/lib/python3.12/site-packages/airflow/example_dags/example_external_task_marker_dag.py took 0.248 seconds
[2024-08-23T07:55:13.064+0000] {processor.py:186} INFO - Started process (PID=215) to work on /home/airflow/.local/lib/python3.12/site-packages/airflow/example_dags/example_external_task_marker_dag.py
[2024-08-23T07:55:13.066+0000] {processor.py:914} INFO - Processing file /home/airflow/.local/lib/python3.12/site-packages/airflow/example_dags/example_external_task_marker_dag.py for tasks to queue
[2024-08-23T07:55:13.068+0000] {logging_mixin.py:190} INFO - [2024-08-23T07:55:13.068+0000] {dagbag.py:587} INFO - Filling up the DagBag from /home/airflow/.local/lib/python3.12/site-packages/airflow/example_dags/example_external_task_marker_dag.py
[2024-08-23T07:55:13.076+0000] {processor.py:925} INFO - DAG(s) 'example_external_task_marker_child', 'example_external_task_marker_parent' retrieved from /home/airflow/.local/lib/python3.12/site-packages/airflow/example_dags/example_external_task_marker_dag.py
[2024-08-23T07:55:13.099+0000] {logging_mixin.py:190} INFO - [2024-08-23T07:55:13.099+0000] {dag.py:3211} INFO - Sync 2 DAGs
[2024-08-23T07:55:13.113+0000] {logging_mixin.py:190} INFO - [2024-08-23T07:55:13.112+0000] {dag.py:4138} INFO - Setting next_dagrun for example_external_task_marker_child to None, run_after=None
[2024-08-23T07:55:13.117+0000] {logging_mixin.py:190} INFO - [2024-08-23T07:55:13.117+0000] {dag.py:4138} INFO - Setting next_dagrun for example_external_task_marker_parent to None, run_after=None
[2024-08-23T07:55:13.135+0000] {processor.py:208} INFO - Processing /home/airflow/.local/lib/python3.12/site-packages/airflow/example_dags/example_external_task_marker_dag.py took 0.078 seconds
[2024-08-23T08:20:33.463+0000] {processor.py:186} INFO - Started process (PID=86) to work on /home/airflow/.local/lib/python3.12/site-packages/airflow/example_dags/example_external_task_marker_dag.py
[2024-08-23T08:20:33.465+0000] {processor.py:914} INFO - Processing file /home/airflow/.local/lib/python3.12/site-packages/airflow/example_dags/example_external_task_marker_dag.py for tasks to queue
[2024-08-23T08:20:33.467+0000] {logging_mixin.py:190} INFO - [2024-08-23T08:20:33.467+0000] {dagbag.py:587} INFO - Filling up the DagBag from /home/airflow/.local/lib/python3.12/site-packages/airflow/example_dags/example_external_task_marker_dag.py
[2024-08-23T08:20:33.475+0000] {processor.py:925} INFO - DAG(s) 'example_external_task_marker_child', 'example_external_task_marker_parent' retrieved from /home/airflow/.local/lib/python3.12/site-packages/airflow/example_dags/example_external_task_marker_dag.py
[2024-08-23T08:20:33.499+0000] {logging_mixin.py:190} INFO - [2024-08-23T08:20:33.499+0000] {dag.py:3211} INFO - Sync 2 DAGs
[2024-08-23T08:20:33.514+0000] {logging_mixin.py:190} INFO - [2024-08-23T08:20:33.514+0000] {dag.py:4138} INFO - Setting next_dagrun for example_external_task_marker_child to None, run_after=None
[2024-08-23T08:20:33.518+0000] {logging_mixin.py:190} INFO - [2024-08-23T08:20:33.518+0000] {dag.py:4138} INFO - Setting next_dagrun for example_external_task_marker_parent to None, run_after=None
[2024-08-23T08:20:33.536+0000] {processor.py:208} INFO - Processing /home/airflow/.local/lib/python3.12/site-packages/airflow/example_dags/example_external_task_marker_dag.py took 0.078 seconds
[2024-08-23T08:23:27.486+0000] {processor.py:186} INFO - Started process (PID=83) to work on /home/airflow/.local/lib/python3.12/site-packages/airflow/example_dags/example_external_task_marker_dag.py
[2024-08-23T08:23:27.487+0000] {processor.py:914} INFO - Processing file /home/airflow/.local/lib/python3.12/site-packages/airflow/example_dags/example_external_task_marker_dag.py for tasks to queue
[2024-08-23T08:23:27.490+0000] {logging_mixin.py:190} INFO - [2024-08-23T08:23:27.490+0000] {dagbag.py:587} INFO - Filling up the DagBag from /home/airflow/.local/lib/python3.12/site-packages/airflow/example_dags/example_external_task_marker_dag.py
[2024-08-23T08:23:27.499+0000] {processor.py:925} INFO - DAG(s) 'example_external_task_marker_child', 'example_external_task_marker_parent' retrieved from /home/airflow/.local/lib/python3.12/site-packages/airflow/example_dags/example_external_task_marker_dag.py
[2024-08-23T08:23:27.523+0000] {logging_mixin.py:190} INFO - [2024-08-23T08:23:27.522+0000] {dag.py:3211} INFO - Sync 2 DAGs
[2024-08-23T08:23:27.542+0000] {logging_mixin.py:190} INFO - [2024-08-23T08:23:27.541+0000] {dag.py:4138} INFO - Setting next_dagrun for example_external_task_marker_child to None, run_after=None
[2024-08-23T08:23:27.548+0000] {logging_mixin.py:190} INFO - [2024-08-23T08:23:27.547+0000] {dag.py:4138} INFO - Setting next_dagrun for example_external_task_marker_parent to None, run_after=None
[2024-08-23T08:23:27.566+0000] {processor.py:208} INFO - Processing /home/airflow/.local/lib/python3.12/site-packages/airflow/example_dags/example_external_task_marker_dag.py took 0.085 seconds
[2024-08-23T08:23:58.564+0000] {processor.py:186} INFO - Started process (PID=146) to work on /home/airflow/.local/lib/python3.12/site-packages/airflow/example_dags/example_external_task_marker_dag.py
[2024-08-23T08:23:58.565+0000] {processor.py:914} INFO - Processing file /home/airflow/.local/lib/python3.12/site-packages/airflow/example_dags/example_external_task_marker_dag.py for tasks to queue
[2024-08-23T08:23:58.567+0000] {logging_mixin.py:190} INFO - [2024-08-23T08:23:58.567+0000] {dagbag.py:587} INFO - Filling up the DagBag from /home/airflow/.local/lib/python3.12/site-packages/airflow/example_dags/example_external_task_marker_dag.py
[2024-08-23T08:23:58.573+0000] {processor.py:925} INFO - DAG(s) 'example_external_task_marker_parent', 'example_external_task_marker_child' retrieved from /home/airflow/.local/lib/python3.12/site-packages/airflow/example_dags/example_external_task_marker_dag.py
[2024-08-23T08:23:58.593+0000] {logging_mixin.py:190} INFO - [2024-08-23T08:23:58.593+0000] {dag.py:3211} INFO - Sync 2 DAGs
[2024-08-23T08:23:58.606+0000] {logging_mixin.py:190} INFO - [2024-08-23T08:23:58.606+0000] {dag.py:4138} INFO - Setting next_dagrun for example_external_task_marker_child to None, run_after=None
[2024-08-23T08:23:58.610+0000] {logging_mixin.py:190} INFO - [2024-08-23T08:23:58.610+0000] {dag.py:4138} INFO - Setting next_dagrun for example_external_task_marker_parent to None, run_after=None
[2024-08-23T08:23:58.636+0000] {processor.py:208} INFO - Processing /home/airflow/.local/lib/python3.12/site-packages/airflow/example_dags/example_external_task_marker_dag.py took 0.076 seconds
[2024-08-23T08:24:28.997+0000] {processor.py:186} INFO - Started process (PID=208) to work on /home/airflow/.local/lib/python3.12/site-packages/airflow/example_dags/example_external_task_marker_dag.py
[2024-08-23T08:24:28.998+0000] {processor.py:914} INFO - Processing file /home/airflow/.local/lib/python3.12/site-packages/airflow/example_dags/example_external_task_marker_dag.py for tasks to queue
[2024-08-23T08:24:29.000+0000] {logging_mixin.py:190} INFO - [2024-08-23T08:24:29.000+0000] {dagbag.py:587} INFO - Filling up the DagBag from /home/airflow/.local/lib/python3.12/site-packages/airflow/example_dags/example_external_task_marker_dag.py
[2024-08-23T08:24:29.006+0000] {processor.py:925} INFO - DAG(s) 'example_external_task_marker_child', 'example_external_task_marker_parent' retrieved from /home/airflow/.local/lib/python3.12/site-packages/airflow/example_dags/example_external_task_marker_dag.py
[2024-08-23T08:24:29.027+0000] {logging_mixin.py:190} INFO - [2024-08-23T08:24:29.026+0000] {dag.py:3211} INFO - Sync 2 DAGs
[2024-08-23T08:24:29.040+0000] {logging_mixin.py:190} INFO - [2024-08-23T08:24:29.040+0000] {dag.py:4138} INFO - Setting next_dagrun for example_external_task_marker_child to None, run_after=None
[2024-08-23T08:24:29.044+0000] {logging_mixin.py:190} INFO - [2024-08-23T08:24:29.044+0000] {dag.py:4138} INFO - Setting next_dagrun for example_external_task_marker_parent to None, run_after=None
[2024-08-23T08:24:29.061+0000] {processor.py:208} INFO - Processing /home/airflow/.local/lib/python3.12/site-packages/airflow/example_dags/example_external_task_marker_dag.py took 0.071 seconds
[2024-08-23T08:25:00.164+0000] {processor.py:186} INFO - Started process (PID=270) to work on /home/airflow/.local/lib/python3.12/site-packages/airflow/example_dags/example_external_task_marker_dag.py
[2024-08-23T08:25:00.177+0000] {processor.py:914} INFO - Processing file /home/airflow/.local/lib/python3.12/site-packages/airflow/example_dags/example_external_task_marker_dag.py for tasks to queue
[2024-08-23T08:25:00.185+0000] {logging_mixin.py:190} INFO - [2024-08-23T08:25:00.184+0000] {dagbag.py:587} INFO - Filling up the DagBag from /home/airflow/.local/lib/python3.12/site-packages/airflow/example_dags/example_external_task_marker_dag.py
[2024-08-23T08:25:00.214+0000] {processor.py:925} INFO - DAG(s) 'example_external_task_marker_parent', 'example_external_task_marker_child' retrieved from /home/airflow/.local/lib/python3.12/site-packages/airflow/example_dags/example_external_task_marker_dag.py
[2024-08-23T08:25:00.298+0000] {logging_mixin.py:190} INFO - [2024-08-23T08:25:00.298+0000] {dag.py:3211} INFO - Sync 2 DAGs
[2024-08-23T08:25:00.350+0000] {logging_mixin.py:190} INFO - [2024-08-23T08:25:00.350+0000] {dag.py:4138} INFO - Setting next_dagrun for example_external_task_marker_child to None, run_after=None
[2024-08-23T08:25:00.361+0000] {logging_mixin.py:190} INFO - [2024-08-23T08:25:00.361+0000] {dag.py:4138} INFO - Setting next_dagrun for example_external_task_marker_parent to None, run_after=None
[2024-08-23T08:25:00.405+0000] {processor.py:208} INFO - Processing /home/airflow/.local/lib/python3.12/site-packages/airflow/example_dags/example_external_task_marker_dag.py took 0.260 seconds
[2024-08-23T08:25:30.711+0000] {processor.py:186} INFO - Started process (PID=332) to work on /home/airflow/.local/lib/python3.12/site-packages/airflow/example_dags/example_external_task_marker_dag.py
[2024-08-23T08:25:30.714+0000] {processor.py:914} INFO - Processing file /home/airflow/.local/lib/python3.12/site-packages/airflow/example_dags/example_external_task_marker_dag.py for tasks to queue
[2024-08-23T08:25:30.719+0000] {logging_mixin.py:190} INFO - [2024-08-23T08:25:30.719+0000] {dagbag.py:587} INFO - Filling up the DagBag from /home/airflow/.local/lib/python3.12/site-packages/airflow/example_dags/example_external_task_marker_dag.py
[2024-08-23T08:25:30.735+0000] {processor.py:925} INFO - DAG(s) 'example_external_task_marker_child', 'example_external_task_marker_parent' retrieved from /home/airflow/.local/lib/python3.12/site-packages/airflow/example_dags/example_external_task_marker_dag.py
[2024-08-23T08:25:30.778+0000] {logging_mixin.py:190} INFO - [2024-08-23T08:25:30.777+0000] {dag.py:3211} INFO - Sync 2 DAGs
[2024-08-23T08:25:30.802+0000] {logging_mixin.py:190} INFO - [2024-08-23T08:25:30.802+0000] {dag.py:4138} INFO - Setting next_dagrun for example_external_task_marker_child to None, run_after=None
[2024-08-23T08:25:30.809+0000] {logging_mixin.py:190} INFO - [2024-08-23T08:25:30.809+0000] {dag.py:4138} INFO - Setting next_dagrun for example_external_task_marker_parent to None, run_after=None
[2024-08-23T08:25:30.840+0000] {processor.py:208} INFO - Processing /home/airflow/.local/lib/python3.12/site-packages/airflow/example_dags/example_external_task_marker_dag.py took 0.141 seconds
[2024-08-23T08:26:01.067+0000] {processor.py:186} INFO - Started process (PID=394) to work on /home/airflow/.local/lib/python3.12/site-packages/airflow/example_dags/example_external_task_marker_dag.py
[2024-08-23T08:26:01.068+0000] {processor.py:914} INFO - Processing file /home/airflow/.local/lib/python3.12/site-packages/airflow/example_dags/example_external_task_marker_dag.py for tasks to queue
[2024-08-23T08:26:01.070+0000] {logging_mixin.py:190} INFO - [2024-08-23T08:26:01.070+0000] {dagbag.py:587} INFO - Filling up the DagBag from /home/airflow/.local/lib/python3.12/site-packages/airflow/example_dags/example_external_task_marker_dag.py
[2024-08-23T08:26:01.080+0000] {processor.py:925} INFO - DAG(s) 'example_external_task_marker_child', 'example_external_task_marker_parent' retrieved from /home/airflow/.local/lib/python3.12/site-packages/airflow/example_dags/example_external_task_marker_dag.py
[2024-08-23T08:26:01.104+0000] {logging_mixin.py:190} INFO - [2024-08-23T08:26:01.103+0000] {dag.py:3211} INFO - Sync 2 DAGs
[2024-08-23T08:26:01.118+0000] {logging_mixin.py:190} INFO - [2024-08-23T08:26:01.117+0000] {dag.py:4138} INFO - Setting next_dagrun for example_external_task_marker_child to None, run_after=None
[2024-08-23T08:26:01.121+0000] {logging_mixin.py:190} INFO - [2024-08-23T08:26:01.121+0000] {dag.py:4138} INFO - Setting next_dagrun for example_external_task_marker_parent to None, run_after=None
[2024-08-23T08:26:01.140+0000] {processor.py:208} INFO - Processing /home/airflow/.local/lib/python3.12/site-packages/airflow/example_dags/example_external_task_marker_dag.py took 0.079 seconds
[2024-08-23T08:26:31.389+0000] {processor.py:186} INFO - Started process (PID=456) to work on /home/airflow/.local/lib/python3.12/site-packages/airflow/example_dags/example_external_task_marker_dag.py
[2024-08-23T08:26:31.390+0000] {processor.py:914} INFO - Processing file /home/airflow/.local/lib/python3.12/site-packages/airflow/example_dags/example_external_task_marker_dag.py for tasks to queue
[2024-08-23T08:26:31.393+0000] {logging_mixin.py:190} INFO - [2024-08-23T08:26:31.392+0000] {dagbag.py:587} INFO - Filling up the DagBag from /home/airflow/.local/lib/python3.12/site-packages/airflow/example_dags/example_external_task_marker_dag.py
[2024-08-23T08:26:31.403+0000] {processor.py:925} INFO - DAG(s) 'example_external_task_marker_child', 'example_external_task_marker_parent' retrieved from /home/airflow/.local/lib/python3.12/site-packages/airflow/example_dags/example_external_task_marker_dag.py
[2024-08-23T08:26:31.424+0000] {logging_mixin.py:190} INFO - [2024-08-23T08:26:31.424+0000] {dag.py:3211} INFO - Sync 2 DAGs
[2024-08-23T08:26:31.437+0000] {logging_mixin.py:190} INFO - [2024-08-23T08:26:31.437+0000] {dag.py:4138} INFO - Setting next_dagrun for example_external_task_marker_child to None, run_after=None
[2024-08-23T08:26:31.441+0000] {logging_mixin.py:190} INFO - [2024-08-23T08:26:31.441+0000] {dag.py:4138} INFO - Setting next_dagrun for example_external_task_marker_parent to None, run_after=None
[2024-08-23T08:26:31.459+0000] {processor.py:208} INFO - Processing /home/airflow/.local/lib/python3.12/site-packages/airflow/example_dags/example_external_task_marker_dag.py took 0.077 seconds
[2024-08-23T10:25:04.315+0000] {processor.py:186} INFO - Started process (PID=88) to work on /home/airflow/.local/lib/python3.12/site-packages/airflow/example_dags/example_external_task_marker_dag.py
[2024-08-23T10:25:04.317+0000] {processor.py:914} INFO - Processing file /home/airflow/.local/lib/python3.12/site-packages/airflow/example_dags/example_external_task_marker_dag.py for tasks to queue
[2024-08-23T10:25:04.320+0000] {logging_mixin.py:190} INFO - [2024-08-23T10:25:04.320+0000] {dagbag.py:587} INFO - Filling up the DagBag from /home/airflow/.local/lib/python3.12/site-packages/airflow/example_dags/example_external_task_marker_dag.py
[2024-08-23T10:25:04.335+0000] {processor.py:925} INFO - DAG(s) 'example_external_task_marker_parent', 'example_external_task_marker_child' retrieved from /home/airflow/.local/lib/python3.12/site-packages/airflow/example_dags/example_external_task_marker_dag.py
[2024-08-23T10:25:04.375+0000] {logging_mixin.py:190} INFO - [2024-08-23T10:25:04.375+0000] {dag.py:3211} INFO - Sync 2 DAGs
[2024-08-23T10:25:04.403+0000] {logging_mixin.py:190} INFO - [2024-08-23T10:25:04.403+0000] {dag.py:4138} INFO - Setting next_dagrun for example_external_task_marker_child to None, run_after=None
[2024-08-23T10:25:04.410+0000] {logging_mixin.py:190} INFO - [2024-08-23T10:25:04.409+0000] {dag.py:4138} INFO - Setting next_dagrun for example_external_task_marker_parent to None, run_after=None
[2024-08-23T10:25:04.436+0000] {processor.py:208} INFO - Processing /home/airflow/.local/lib/python3.12/site-packages/airflow/example_dags/example_external_task_marker_dag.py took 0.130 seconds
[2024-08-23T10:25:35.440+0000] {processor.py:186} INFO - Started process (PID=150) to work on /home/airflow/.local/lib/python3.12/site-packages/airflow/example_dags/example_external_task_marker_dag.py
[2024-08-23T10:25:35.442+0000] {processor.py:914} INFO - Processing file /home/airflow/.local/lib/python3.12/site-packages/airflow/example_dags/example_external_task_marker_dag.py for tasks to queue
[2024-08-23T10:25:35.444+0000] {logging_mixin.py:190} INFO - [2024-08-23T10:25:35.444+0000] {dagbag.py:587} INFO - Filling up the DagBag from /home/airflow/.local/lib/python3.12/site-packages/airflow/example_dags/example_external_task_marker_dag.py
[2024-08-23T10:25:35.450+0000] {processor.py:925} INFO - DAG(s) 'example_external_task_marker_parent', 'example_external_task_marker_child' retrieved from /home/airflow/.local/lib/python3.12/site-packages/airflow/example_dags/example_external_task_marker_dag.py
[2024-08-23T10:25:35.472+0000] {logging_mixin.py:190} INFO - [2024-08-23T10:25:35.472+0000] {dag.py:3211} INFO - Sync 2 DAGs
[2024-08-23T10:25:35.484+0000] {logging_mixin.py:190} INFO - [2024-08-23T10:25:35.484+0000] {dag.py:4138} INFO - Setting next_dagrun for example_external_task_marker_child to None, run_after=None
[2024-08-23T10:25:35.487+0000] {logging_mixin.py:190} INFO - [2024-08-23T10:25:35.487+0000] {dag.py:4138} INFO - Setting next_dagrun for example_external_task_marker_parent to None, run_after=None
[2024-08-23T10:25:35.507+0000] {processor.py:208} INFO - Processing /home/airflow/.local/lib/python3.12/site-packages/airflow/example_dags/example_external_task_marker_dag.py took 0.071 seconds
[2024-08-23T10:26:06.111+0000] {processor.py:186} INFO - Started process (PID=212) to work on /home/airflow/.local/lib/python3.12/site-packages/airflow/example_dags/example_external_task_marker_dag.py
[2024-08-23T10:26:06.112+0000] {processor.py:914} INFO - Processing file /home/airflow/.local/lib/python3.12/site-packages/airflow/example_dags/example_external_task_marker_dag.py for tasks to queue
[2024-08-23T10:26:06.114+0000] {logging_mixin.py:190} INFO - [2024-08-23T10:26:06.114+0000] {dagbag.py:587} INFO - Filling up the DagBag from /home/airflow/.local/lib/python3.12/site-packages/airflow/example_dags/example_external_task_marker_dag.py
[2024-08-23T10:26:06.120+0000] {processor.py:925} INFO - DAG(s) 'example_external_task_marker_child', 'example_external_task_marker_parent' retrieved from /home/airflow/.local/lib/python3.12/site-packages/airflow/example_dags/example_external_task_marker_dag.py
[2024-08-23T10:26:06.141+0000] {logging_mixin.py:190} INFO - [2024-08-23T10:26:06.141+0000] {dag.py:3211} INFO - Sync 2 DAGs
[2024-08-23T10:26:06.154+0000] {logging_mixin.py:190} INFO - [2024-08-23T10:26:06.153+0000] {dag.py:4138} INFO - Setting next_dagrun for example_external_task_marker_child to None, run_after=None
[2024-08-23T10:26:06.158+0000] {logging_mixin.py:190} INFO - [2024-08-23T10:26:06.157+0000] {dag.py:4138} INFO - Setting next_dagrun for example_external_task_marker_parent to None, run_after=None
[2024-08-23T10:26:06.178+0000] {processor.py:208} INFO - Processing /home/airflow/.local/lib/python3.12/site-packages/airflow/example_dags/example_external_task_marker_dag.py took 0.071 seconds
[2024-08-23T10:26:37.115+0000] {processor.py:186} INFO - Started process (PID=274) to work on /home/airflow/.local/lib/python3.12/site-packages/airflow/example_dags/example_external_task_marker_dag.py
[2024-08-23T10:26:37.116+0000] {processor.py:914} INFO - Processing file /home/airflow/.local/lib/python3.12/site-packages/airflow/example_dags/example_external_task_marker_dag.py for tasks to queue
[2024-08-23T10:26:37.119+0000] {logging_mixin.py:190} INFO - [2024-08-23T10:26:37.118+0000] {dagbag.py:587} INFO - Filling up the DagBag from /home/airflow/.local/lib/python3.12/site-packages/airflow/example_dags/example_external_task_marker_dag.py
[2024-08-23T10:26:37.131+0000] {processor.py:925} INFO - DAG(s) 'example_external_task_marker_parent', 'example_external_task_marker_child' retrieved from /home/airflow/.local/lib/python3.12/site-packages/airflow/example_dags/example_external_task_marker_dag.py
[2024-08-23T10:26:37.166+0000] {logging_mixin.py:190} INFO - [2024-08-23T10:26:37.166+0000] {dag.py:3211} INFO - Sync 2 DAGs
[2024-08-23T10:26:37.181+0000] {logging_mixin.py:190} INFO - [2024-08-23T10:26:37.181+0000] {dag.py:4138} INFO - Setting next_dagrun for example_external_task_marker_child to None, run_after=None
[2024-08-23T10:26:37.186+0000] {logging_mixin.py:190} INFO - [2024-08-23T10:26:37.186+0000] {dag.py:4138} INFO - Setting next_dagrun for example_external_task_marker_parent to None, run_after=None
[2024-08-23T10:26:37.207+0000] {processor.py:208} INFO - Processing /home/airflow/.local/lib/python3.12/site-packages/airflow/example_dags/example_external_task_marker_dag.py took 0.098 seconds
[2024-08-23T10:27:08.270+0000] {processor.py:186} INFO - Started process (PID=336) to work on /home/airflow/.local/lib/python3.12/site-packages/airflow/example_dags/example_external_task_marker_dag.py
[2024-08-23T10:27:08.272+0000] {processor.py:914} INFO - Processing file /home/airflow/.local/lib/python3.12/site-packages/airflow/example_dags/example_external_task_marker_dag.py for tasks to queue
[2024-08-23T10:27:08.277+0000] {logging_mixin.py:190} INFO - [2024-08-23T10:27:08.277+0000] {dagbag.py:587} INFO - Filling up the DagBag from /home/airflow/.local/lib/python3.12/site-packages/airflow/example_dags/example_external_task_marker_dag.py
[2024-08-23T10:27:08.300+0000] {processor.py:925} INFO - DAG(s) 'example_external_task_marker_parent', 'example_external_task_marker_child' retrieved from /home/airflow/.local/lib/python3.12/site-packages/airflow/example_dags/example_external_task_marker_dag.py
[2024-08-23T10:27:08.358+0000] {logging_mixin.py:190} INFO - [2024-08-23T10:27:08.358+0000] {dag.py:3211} INFO - Sync 2 DAGs
[2024-08-23T10:27:08.391+0000] {logging_mixin.py:190} INFO - [2024-08-23T10:27:08.391+0000] {dag.py:4138} INFO - Setting next_dagrun for example_external_task_marker_child to None, run_after=None
[2024-08-23T10:27:08.402+0000] {logging_mixin.py:190} INFO - [2024-08-23T10:27:08.401+0000] {dag.py:4138} INFO - Setting next_dagrun for example_external_task_marker_parent to None, run_after=None
[2024-08-23T10:27:08.439+0000] {processor.py:208} INFO - Processing /home/airflow/.local/lib/python3.12/site-packages/airflow/example_dags/example_external_task_marker_dag.py took 0.181 seconds
[2024-08-23T10:27:39.351+0000] {processor.py:186} INFO - Started process (PID=398) to work on /home/airflow/.local/lib/python3.12/site-packages/airflow/example_dags/example_external_task_marker_dag.py
[2024-08-23T10:27:39.352+0000] {processor.py:914} INFO - Processing file /home/airflow/.local/lib/python3.12/site-packages/airflow/example_dags/example_external_task_marker_dag.py for tasks to queue
[2024-08-23T10:27:39.355+0000] {logging_mixin.py:190} INFO - [2024-08-23T10:27:39.355+0000] {dagbag.py:587} INFO - Filling up the DagBag from /home/airflow/.local/lib/python3.12/site-packages/airflow/example_dags/example_external_task_marker_dag.py
[2024-08-23T10:27:39.367+0000] {processor.py:925} INFO - DAG(s) 'example_external_task_marker_child', 'example_external_task_marker_parent' retrieved from /home/airflow/.local/lib/python3.12/site-packages/airflow/example_dags/example_external_task_marker_dag.py
[2024-08-23T10:27:39.406+0000] {logging_mixin.py:190} INFO - [2024-08-23T10:27:39.406+0000] {dag.py:3211} INFO - Sync 2 DAGs
[2024-08-23T10:27:39.434+0000] {logging_mixin.py:190} INFO - [2024-08-23T10:27:39.433+0000] {dag.py:4138} INFO - Setting next_dagrun for example_external_task_marker_child to None, run_after=None
[2024-08-23T10:27:39.444+0000] {logging_mixin.py:190} INFO - [2024-08-23T10:27:39.443+0000] {dag.py:4138} INFO - Setting next_dagrun for example_external_task_marker_parent to None, run_after=None
[2024-08-23T10:27:39.480+0000] {processor.py:208} INFO - Processing /home/airflow/.local/lib/python3.12/site-packages/airflow/example_dags/example_external_task_marker_dag.py took 0.136 seconds
[2024-08-23T10:28:09.890+0000] {processor.py:186} INFO - Started process (PID=460) to work on /home/airflow/.local/lib/python3.12/site-packages/airflow/example_dags/example_external_task_marker_dag.py
[2024-08-23T10:28:09.892+0000] {processor.py:914} INFO - Processing file /home/airflow/.local/lib/python3.12/site-packages/airflow/example_dags/example_external_task_marker_dag.py for tasks to queue
[2024-08-23T10:28:09.897+0000] {logging_mixin.py:190} INFO - [2024-08-23T10:28:09.896+0000] {dagbag.py:587} INFO - Filling up the DagBag from /home/airflow/.local/lib/python3.12/site-packages/airflow/example_dags/example_external_task_marker_dag.py
[2024-08-23T10:28:09.909+0000] {processor.py:925} INFO - DAG(s) 'example_external_task_marker_child', 'example_external_task_marker_parent' retrieved from /home/airflow/.local/lib/python3.12/site-packages/airflow/example_dags/example_external_task_marker_dag.py
[2024-08-23T10:28:09.942+0000] {logging_mixin.py:190} INFO - [2024-08-23T10:28:09.942+0000] {dag.py:3211} INFO - Sync 2 DAGs
[2024-08-23T10:28:09.964+0000] {logging_mixin.py:190} INFO - [2024-08-23T10:28:09.963+0000] {dag.py:4138} INFO - Setting next_dagrun for example_external_task_marker_child to None, run_after=None
[2024-08-23T10:28:09.969+0000] {logging_mixin.py:190} INFO - [2024-08-23T10:28:09.969+0000] {dag.py:4138} INFO - Setting next_dagrun for example_external_task_marker_parent to None, run_after=None
[2024-08-23T10:28:09.993+0000] {processor.py:208} INFO - Processing /home/airflow/.local/lib/python3.12/site-packages/airflow/example_dags/example_external_task_marker_dag.py took 0.112 seconds
