[2024-08-23T06:38:32.626+0000] {processor.py:186} INFO - Started process (PID=93) to work on /home/airflow/.local/lib/python3.12/site-packages/airflow/example_dags/example_subdag_operator.py
[2024-08-23T06:38:32.631+0000] {processor.py:914} INFO - Processing file /home/airflow/.local/lib/python3.12/site-packages/airflow/example_dags/example_subdag_operator.py for tasks to queue
[2024-08-23T06:38:32.635+0000] {logging_mixin.py:190} INFO - [2024-08-23T06:38:32.634+0000] {dagbag.py:587} INFO - Filling up the DagBag from /home/airflow/.local/lib/python3.12/site-packages/airflow/example_dags/example_subdag_operator.py
[2024-08-23T06:38:32.682+0000] {processor.py:925} INFO - DAG(s) 'example_subdag_operator.section-1', 'example_subdag_operator.section-2', 'example_subdag_operator' retrieved from /home/airflow/.local/lib/python3.12/site-packages/airflow/example_dags/example_subdag_operator.py
[2024-08-23T06:38:32.825+0000] {logging_mixin.py:190} INFO - [2024-08-23T06:38:32.824+0000] {override.py:1858} INFO - Created Permission View: can edit on DAG:example_subdag_operator
[2024-08-23T06:38:32.838+0000] {logging_mixin.py:190} INFO - [2024-08-23T06:38:32.837+0000] {override.py:1858} INFO - Created Permission View: can delete on DAG:example_subdag_operator
[2024-08-23T06:38:32.845+0000] {logging_mixin.py:190} INFO - [2024-08-23T06:38:32.845+0000] {override.py:1858} INFO - Created Permission View: can read on DAG:example_subdag_operator
[2024-08-23T06:38:32.846+0000] {logging_mixin.py:190} INFO - [2024-08-23T06:38:32.846+0000] {dag.py:3211} INFO - Sync 3 DAGs
[2024-08-23T06:38:32.865+0000] {logging_mixin.py:190} INFO - [2024-08-23T06:38:32.865+0000] {dag.py:3234} INFO - Creating ORM DAG for example_subdag_operator.section-2
[2024-08-23T06:38:32.867+0000] {logging_mixin.py:190} INFO - [2024-08-23T06:38:32.866+0000] {dag.py:3234} INFO - Creating ORM DAG for example_subdag_operator
[2024-08-23T06:38:32.868+0000] {logging_mixin.py:190} INFO - [2024-08-23T06:38:32.867+0000] {dag.py:3234} INFO - Creating ORM DAG for example_subdag_operator.section-1
[2024-08-23T06:38:32.879+0000] {logging_mixin.py:190} INFO - [2024-08-23T06:38:32.879+0000] {dag.py:4138} INFO - Setting next_dagrun for example_subdag_operator to 2022-01-01 00:00:00+00:00, run_after=2022-01-01 00:00:00+00:00
[2024-08-23T06:38:32.880+0000] {logging_mixin.py:190} INFO - [2024-08-23T06:38:32.880+0000] {dag.py:4138} INFO - Setting next_dagrun for example_subdag_operator.section-1 to None, run_after=None
[2024-08-23T06:38:32.881+0000] {logging_mixin.py:190} INFO - [2024-08-23T06:38:32.881+0000] {dag.py:4138} INFO - Setting next_dagrun for example_subdag_operator.section-2 to None, run_after=None
[2024-08-23T06:38:32.892+0000] {logging_mixin.py:190} INFO - [2024-08-23T06:38:32.891+0000] {dag.py:3211} INFO - Sync 2 DAGs
[2024-08-23T06:38:32.900+0000] {logging_mixin.py:190} INFO - [2024-08-23T06:38:32.900+0000] {dag.py:4138} INFO - Setting next_dagrun for example_subdag_operator.section-1 to None, run_after=None
[2024-08-23T06:38:32.904+0000] {logging_mixin.py:190} INFO - [2024-08-23T06:38:32.904+0000] {dag.py:4138} INFO - Setting next_dagrun for example_subdag_operator.section-2 to None, run_after=None
[2024-08-23T06:38:32.917+0000] {processor.py:208} INFO - Processing /home/airflow/.local/lib/python3.12/site-packages/airflow/example_dags/example_subdag_operator.py took 0.300 seconds
[2024-08-23T06:39:02.991+0000] {processor.py:186} INFO - Started process (PID=155) to work on /home/airflow/.local/lib/python3.12/site-packages/airflow/example_dags/example_subdag_operator.py
[2024-08-23T06:39:02.994+0000] {processor.py:914} INFO - Processing file /home/airflow/.local/lib/python3.12/site-packages/airflow/example_dags/example_subdag_operator.py for tasks to queue
[2024-08-23T06:39:03.000+0000] {logging_mixin.py:190} INFO - [2024-08-23T06:39:02.999+0000] {dagbag.py:587} INFO - Filling up the DagBag from /home/airflow/.local/lib/python3.12/site-packages/airflow/example_dags/example_subdag_operator.py
[2024-08-23T06:39:03.057+0000] {processor.py:925} INFO - DAG(s) 'example_subdag_operator.section-1', 'example_subdag_operator.section-2', 'example_subdag_operator' retrieved from /home/airflow/.local/lib/python3.12/site-packages/airflow/example_dags/example_subdag_operator.py
[2024-08-23T06:39:03.098+0000] {logging_mixin.py:190} INFO - [2024-08-23T06:39:03.098+0000] {dag.py:3211} INFO - Sync 3 DAGs
[2024-08-23T06:39:03.153+0000] {logging_mixin.py:190} INFO - [2024-08-23T06:39:03.152+0000] {dag.py:4138} INFO - Setting next_dagrun for example_subdag_operator to 2022-01-01 00:00:00+00:00, run_after=2022-01-01 00:00:00+00:00
[2024-08-23T06:39:03.162+0000] {logging_mixin.py:190} INFO - [2024-08-23T06:39:03.162+0000] {dag.py:4138} INFO - Setting next_dagrun for example_subdag_operator.section-1 to None, run_after=None
[2024-08-23T06:39:03.167+0000] {logging_mixin.py:190} INFO - [2024-08-23T06:39:03.166+0000] {dag.py:4138} INFO - Setting next_dagrun for example_subdag_operator.section-2 to None, run_after=None
[2024-08-23T06:39:03.181+0000] {logging_mixin.py:190} INFO - [2024-08-23T06:39:03.181+0000] {dag.py:3211} INFO - Sync 2 DAGs
[2024-08-23T06:39:03.196+0000] {logging_mixin.py:190} INFO - [2024-08-23T06:39:03.195+0000] {dag.py:4138} INFO - Setting next_dagrun for example_subdag_operator.section-1 to None, run_after=None
[2024-08-23T06:39:03.197+0000] {logging_mixin.py:190} INFO - [2024-08-23T06:39:03.197+0000] {dag.py:4138} INFO - Setting next_dagrun for example_subdag_operator.section-2 to None, run_after=None
[2024-08-23T06:39:03.222+0000] {processor.py:208} INFO - Processing /home/airflow/.local/lib/python3.12/site-packages/airflow/example_dags/example_subdag_operator.py took 0.245 seconds
[2024-08-23T06:39:33.762+0000] {processor.py:186} INFO - Started process (PID=217) to work on /home/airflow/.local/lib/python3.12/site-packages/airflow/example_dags/example_subdag_operator.py
[2024-08-23T06:39:33.764+0000] {processor.py:914} INFO - Processing file /home/airflow/.local/lib/python3.12/site-packages/airflow/example_dags/example_subdag_operator.py for tasks to queue
[2024-08-23T06:39:33.768+0000] {logging_mixin.py:190} INFO - [2024-08-23T06:39:33.767+0000] {dagbag.py:587} INFO - Filling up the DagBag from /home/airflow/.local/lib/python3.12/site-packages/airflow/example_dags/example_subdag_operator.py
[2024-08-23T06:39:33.810+0000] {processor.py:925} INFO - DAG(s) 'example_subdag_operator.section-1', 'example_subdag_operator.section-2', 'example_subdag_operator' retrieved from /home/airflow/.local/lib/python3.12/site-packages/airflow/example_dags/example_subdag_operator.py
[2024-08-23T06:39:33.840+0000] {logging_mixin.py:190} INFO - [2024-08-23T06:39:33.840+0000] {dag.py:3211} INFO - Sync 3 DAGs
[2024-08-23T06:39:33.888+0000] {logging_mixin.py:190} INFO - [2024-08-23T06:39:33.887+0000] {dag.py:4138} INFO - Setting next_dagrun for example_subdag_operator to 2022-01-01 00:00:00+00:00, run_after=2022-01-01 00:00:00+00:00
[2024-08-23T06:39:33.895+0000] {logging_mixin.py:190} INFO - [2024-08-23T06:39:33.894+0000] {dag.py:4138} INFO - Setting next_dagrun for example_subdag_operator.section-1 to None, run_after=None
[2024-08-23T06:39:33.897+0000] {logging_mixin.py:190} INFO - [2024-08-23T06:39:33.897+0000] {dag.py:4138} INFO - Setting next_dagrun for example_subdag_operator.section-2 to None, run_after=None
[2024-08-23T06:39:33.908+0000] {logging_mixin.py:190} INFO - [2024-08-23T06:39:33.908+0000] {dag.py:3211} INFO - Sync 2 DAGs
[2024-08-23T06:39:33.917+0000] {logging_mixin.py:190} INFO - [2024-08-23T06:39:33.917+0000] {dag.py:4138} INFO - Setting next_dagrun for example_subdag_operator.section-1 to None, run_after=None
[2024-08-23T06:39:33.918+0000] {logging_mixin.py:190} INFO - [2024-08-23T06:39:33.918+0000] {dag.py:4138} INFO - Setting next_dagrun for example_subdag_operator.section-2 to None, run_after=None
[2024-08-23T06:39:33.943+0000] {processor.py:208} INFO - Processing /home/airflow/.local/lib/python3.12/site-packages/airflow/example_dags/example_subdag_operator.py took 0.192 seconds
[2024-08-23T06:40:04.257+0000] {processor.py:186} INFO - Started process (PID=279) to work on /home/airflow/.local/lib/python3.12/site-packages/airflow/example_dags/example_subdag_operator.py
[2024-08-23T06:40:04.260+0000] {processor.py:914} INFO - Processing file /home/airflow/.local/lib/python3.12/site-packages/airflow/example_dags/example_subdag_operator.py for tasks to queue
[2024-08-23T06:40:04.266+0000] {logging_mixin.py:190} INFO - [2024-08-23T06:40:04.265+0000] {dagbag.py:587} INFO - Filling up the DagBag from /home/airflow/.local/lib/python3.12/site-packages/airflow/example_dags/example_subdag_operator.py
[2024-08-23T06:40:04.330+0000] {processor.py:925} INFO - DAG(s) 'example_subdag_operator.section-1', 'example_subdag_operator.section-2', 'example_subdag_operator' retrieved from /home/airflow/.local/lib/python3.12/site-packages/airflow/example_dags/example_subdag_operator.py
[2024-08-23T06:40:04.393+0000] {logging_mixin.py:190} INFO - [2024-08-23T06:40:04.392+0000] {dag.py:3211} INFO - Sync 3 DAGs
[2024-08-23T06:40:04.519+0000] {logging_mixin.py:190} INFO - [2024-08-23T06:40:04.518+0000] {dag.py:4138} INFO - Setting next_dagrun for example_subdag_operator to 2022-01-01 00:00:00+00:00, run_after=2022-01-01 00:00:00+00:00
[2024-08-23T06:40:04.551+0000] {logging_mixin.py:190} INFO - [2024-08-23T06:40:04.541+0000] {dag.py:4138} INFO - Setting next_dagrun for example_subdag_operator.section-1 to None, run_after=None
[2024-08-23T06:40:04.644+0000] {logging_mixin.py:190} INFO - [2024-08-23T06:40:04.643+0000] {dag.py:4138} INFO - Setting next_dagrun for example_subdag_operator.section-2 to None, run_after=None
[2024-08-23T06:40:04.698+0000] {logging_mixin.py:190} INFO - [2024-08-23T06:40:04.689+0000] {dag.py:3211} INFO - Sync 2 DAGs
[2024-08-23T06:40:04.726+0000] {logging_mixin.py:190} INFO - [2024-08-23T06:40:04.725+0000] {dag.py:4138} INFO - Setting next_dagrun for example_subdag_operator.section-1 to None, run_after=None
[2024-08-23T06:40:04.729+0000] {logging_mixin.py:190} INFO - [2024-08-23T06:40:04.728+0000] {dag.py:4138} INFO - Setting next_dagrun for example_subdag_operator.section-2 to None, run_after=None
[2024-08-23T06:40:04.798+0000] {processor.py:208} INFO - Processing /home/airflow/.local/lib/python3.12/site-packages/airflow/example_dags/example_subdag_operator.py took 0.559 seconds
[2024-08-23T06:40:35.337+0000] {processor.py:186} INFO - Started process (PID=341) to work on /home/airflow/.local/lib/python3.12/site-packages/airflow/example_dags/example_subdag_operator.py
[2024-08-23T06:40:35.338+0000] {processor.py:914} INFO - Processing file /home/airflow/.local/lib/python3.12/site-packages/airflow/example_dags/example_subdag_operator.py for tasks to queue
[2024-08-23T06:40:35.342+0000] {logging_mixin.py:190} INFO - [2024-08-23T06:40:35.341+0000] {dagbag.py:587} INFO - Filling up the DagBag from /home/airflow/.local/lib/python3.12/site-packages/airflow/example_dags/example_subdag_operator.py
[2024-08-23T06:40:35.406+0000] {processor.py:925} INFO - DAG(s) 'example_subdag_operator.section-1', 'example_subdag_operator.section-2', 'example_subdag_operator' retrieved from /home/airflow/.local/lib/python3.12/site-packages/airflow/example_dags/example_subdag_operator.py
[2024-08-23T06:40:35.444+0000] {logging_mixin.py:190} INFO - [2024-08-23T06:40:35.443+0000] {dag.py:3211} INFO - Sync 3 DAGs
[2024-08-23T06:40:35.500+0000] {logging_mixin.py:190} INFO - [2024-08-23T06:40:35.500+0000] {dag.py:4138} INFO - Setting next_dagrun for example_subdag_operator to 2022-01-01 00:00:00+00:00, run_after=2022-01-01 00:00:00+00:00
[2024-08-23T06:40:35.509+0000] {logging_mixin.py:190} INFO - [2024-08-23T06:40:35.509+0000] {dag.py:4138} INFO - Setting next_dagrun for example_subdag_operator.section-1 to None, run_after=None
[2024-08-23T06:40:35.514+0000] {logging_mixin.py:190} INFO - [2024-08-23T06:40:35.513+0000] {dag.py:4138} INFO - Setting next_dagrun for example_subdag_operator.section-2 to None, run_after=None
[2024-08-23T06:40:35.529+0000] {logging_mixin.py:190} INFO - [2024-08-23T06:40:35.529+0000] {dag.py:3211} INFO - Sync 2 DAGs
[2024-08-23T06:40:35.544+0000] {logging_mixin.py:190} INFO - [2024-08-23T06:40:35.543+0000] {dag.py:4138} INFO - Setting next_dagrun for example_subdag_operator.section-1 to None, run_after=None
[2024-08-23T06:40:35.545+0000] {logging_mixin.py:190} INFO - [2024-08-23T06:40:35.545+0000] {dag.py:4138} INFO - Setting next_dagrun for example_subdag_operator.section-2 to None, run_after=None
[2024-08-23T06:40:35.568+0000] {processor.py:208} INFO - Processing /home/airflow/.local/lib/python3.12/site-packages/airflow/example_dags/example_subdag_operator.py took 0.243 seconds
[2024-08-23T06:41:05.695+0000] {processor.py:186} INFO - Started process (PID=403) to work on /home/airflow/.local/lib/python3.12/site-packages/airflow/example_dags/example_subdag_operator.py
[2024-08-23T06:41:05.697+0000] {processor.py:914} INFO - Processing file /home/airflow/.local/lib/python3.12/site-packages/airflow/example_dags/example_subdag_operator.py for tasks to queue
[2024-08-23T06:41:05.700+0000] {logging_mixin.py:190} INFO - [2024-08-23T06:41:05.699+0000] {dagbag.py:587} INFO - Filling up the DagBag from /home/airflow/.local/lib/python3.12/site-packages/airflow/example_dags/example_subdag_operator.py
[2024-08-23T06:41:05.751+0000] {processor.py:925} INFO - DAG(s) 'example_subdag_operator.section-1', 'example_subdag_operator.section-2', 'example_subdag_operator' retrieved from /home/airflow/.local/lib/python3.12/site-packages/airflow/example_dags/example_subdag_operator.py
[2024-08-23T06:41:05.769+0000] {logging_mixin.py:190} INFO - [2024-08-23T06:41:05.769+0000] {dag.py:3211} INFO - Sync 3 DAGs
[2024-08-23T06:41:05.797+0000] {logging_mixin.py:190} INFO - [2024-08-23T06:41:05.797+0000] {dag.py:4138} INFO - Setting next_dagrun for example_subdag_operator to 2022-01-01 00:00:00+00:00, run_after=2022-01-01 00:00:00+00:00
[2024-08-23T06:41:05.802+0000] {logging_mixin.py:190} INFO - [2024-08-23T06:41:05.801+0000] {dag.py:4138} INFO - Setting next_dagrun for example_subdag_operator.section-1 to None, run_after=None
[2024-08-23T06:41:05.804+0000] {logging_mixin.py:190} INFO - [2024-08-23T06:41:05.803+0000] {dag.py:4138} INFO - Setting next_dagrun for example_subdag_operator.section-2 to None, run_after=None
[2024-08-23T06:41:05.813+0000] {logging_mixin.py:190} INFO - [2024-08-23T06:41:05.813+0000] {dag.py:3211} INFO - Sync 2 DAGs
[2024-08-23T06:41:05.819+0000] {logging_mixin.py:190} INFO - [2024-08-23T06:41:05.818+0000] {dag.py:4138} INFO - Setting next_dagrun for example_subdag_operator.section-1 to None, run_after=None
[2024-08-23T06:41:05.820+0000] {logging_mixin.py:190} INFO - [2024-08-23T06:41:05.820+0000] {dag.py:4138} INFO - Setting next_dagrun for example_subdag_operator.section-2 to None, run_after=None
[2024-08-23T06:41:05.835+0000] {processor.py:208} INFO - Processing /home/airflow/.local/lib/python3.12/site-packages/airflow/example_dags/example_subdag_operator.py took 0.146 seconds
[2024-08-23T06:41:36.804+0000] {processor.py:186} INFO - Started process (PID=465) to work on /home/airflow/.local/lib/python3.12/site-packages/airflow/example_dags/example_subdag_operator.py
[2024-08-23T06:41:36.807+0000] {processor.py:914} INFO - Processing file /home/airflow/.local/lib/python3.12/site-packages/airflow/example_dags/example_subdag_operator.py for tasks to queue
[2024-08-23T06:41:36.812+0000] {logging_mixin.py:190} INFO - [2024-08-23T06:41:36.810+0000] {dagbag.py:587} INFO - Filling up the DagBag from /home/airflow/.local/lib/python3.12/site-packages/airflow/example_dags/example_subdag_operator.py
[2024-08-23T06:41:36.866+0000] {processor.py:925} INFO - DAG(s) 'example_subdag_operator.section-1', 'example_subdag_operator.section-2', 'example_subdag_operator' retrieved from /home/airflow/.local/lib/python3.12/site-packages/airflow/example_dags/example_subdag_operator.py
[2024-08-23T06:41:36.887+0000] {logging_mixin.py:190} INFO - [2024-08-23T06:41:36.887+0000] {dag.py:3211} INFO - Sync 3 DAGs
[2024-08-23T06:41:36.935+0000] {logging_mixin.py:190} INFO - [2024-08-23T06:41:36.935+0000] {dag.py:4138} INFO - Setting next_dagrun for example_subdag_operator to 2022-01-01 00:00:00+00:00, run_after=2022-01-01 00:00:00+00:00
[2024-08-23T06:41:36.938+0000] {logging_mixin.py:190} INFO - [2024-08-23T06:41:36.938+0000] {dag.py:4138} INFO - Setting next_dagrun for example_subdag_operator.section-1 to None, run_after=None
[2024-08-23T06:41:36.940+0000] {logging_mixin.py:190} INFO - [2024-08-23T06:41:36.940+0000] {dag.py:4138} INFO - Setting next_dagrun for example_subdag_operator.section-2 to None, run_after=None
[2024-08-23T06:41:36.951+0000] {logging_mixin.py:190} INFO - [2024-08-23T06:41:36.951+0000] {dag.py:3211} INFO - Sync 2 DAGs
[2024-08-23T06:41:36.963+0000] {logging_mixin.py:190} INFO - [2024-08-23T06:41:36.962+0000] {dag.py:4138} INFO - Setting next_dagrun for example_subdag_operator.section-1 to None, run_after=None
[2024-08-23T06:41:36.967+0000] {logging_mixin.py:190} INFO - [2024-08-23T06:41:36.966+0000] {dag.py:4138} INFO - Setting next_dagrun for example_subdag_operator.section-2 to None, run_after=None
[2024-08-23T06:41:37.002+0000] {processor.py:208} INFO - Processing /home/airflow/.local/lib/python3.12/site-packages/airflow/example_dags/example_subdag_operator.py took 0.207 seconds
[2024-08-23T06:42:07.142+0000] {processor.py:186} INFO - Started process (PID=528) to work on /home/airflow/.local/lib/python3.12/site-packages/airflow/example_dags/example_subdag_operator.py
[2024-08-23T06:42:07.144+0000] {processor.py:914} INFO - Processing file /home/airflow/.local/lib/python3.12/site-packages/airflow/example_dags/example_subdag_operator.py for tasks to queue
[2024-08-23T06:42:07.146+0000] {logging_mixin.py:190} INFO - [2024-08-23T06:42:07.146+0000] {dagbag.py:587} INFO - Filling up the DagBag from /home/airflow/.local/lib/python3.12/site-packages/airflow/example_dags/example_subdag_operator.py
[2024-08-23T06:42:07.179+0000] {processor.py:925} INFO - DAG(s) 'example_subdag_operator.section-1', 'example_subdag_operator.section-2', 'example_subdag_operator' retrieved from /home/airflow/.local/lib/python3.12/site-packages/airflow/example_dags/example_subdag_operator.py
[2024-08-23T06:42:07.196+0000] {logging_mixin.py:190} INFO - [2024-08-23T06:42:07.196+0000] {dag.py:3211} INFO - Sync 3 DAGs
[2024-08-23T06:42:07.229+0000] {logging_mixin.py:190} INFO - [2024-08-23T06:42:07.228+0000] {dag.py:4138} INFO - Setting next_dagrun for example_subdag_operator to 2022-01-01 00:00:00+00:00, run_after=2022-01-01 00:00:00+00:00
[2024-08-23T06:42:07.232+0000] {logging_mixin.py:190} INFO - [2024-08-23T06:42:07.232+0000] {dag.py:4138} INFO - Setting next_dagrun for example_subdag_operator.section-1 to None, run_after=None
[2024-08-23T06:42:07.234+0000] {logging_mixin.py:190} INFO - [2024-08-23T06:42:07.234+0000] {dag.py:4138} INFO - Setting next_dagrun for example_subdag_operator.section-2 to None, run_after=None
[2024-08-23T06:42:07.246+0000] {logging_mixin.py:190} INFO - [2024-08-23T06:42:07.246+0000] {dag.py:3211} INFO - Sync 2 DAGs
[2024-08-23T06:42:07.257+0000] {logging_mixin.py:190} INFO - [2024-08-23T06:42:07.256+0000] {dag.py:4138} INFO - Setting next_dagrun for example_subdag_operator.section-1 to None, run_after=None
[2024-08-23T06:42:07.258+0000] {logging_mixin.py:190} INFO - [2024-08-23T06:42:07.258+0000] {dag.py:4138} INFO - Setting next_dagrun for example_subdag_operator.section-2 to None, run_after=None
[2024-08-23T06:42:07.274+0000] {processor.py:208} INFO - Processing /home/airflow/.local/lib/python3.12/site-packages/airflow/example_dags/example_subdag_operator.py took 0.142 seconds
[2024-08-23T07:54:12.557+0000] {processor.py:186} INFO - Started process (PID=96) to work on /home/airflow/.local/lib/python3.12/site-packages/airflow/example_dags/example_subdag_operator.py
[2024-08-23T07:54:12.559+0000] {processor.py:914} INFO - Processing file /home/airflow/.local/lib/python3.12/site-packages/airflow/example_dags/example_subdag_operator.py for tasks to queue
[2024-08-23T07:54:12.563+0000] {logging_mixin.py:190} INFO - [2024-08-23T07:54:12.563+0000] {dagbag.py:587} INFO - Filling up the DagBag from /home/airflow/.local/lib/python3.12/site-packages/airflow/example_dags/example_subdag_operator.py
[2024-08-23T07:54:12.606+0000] {processor.py:925} INFO - DAG(s) 'example_subdag_operator.section-1', 'example_subdag_operator.section-2', 'example_subdag_operator' retrieved from /home/airflow/.local/lib/python3.12/site-packages/airflow/example_dags/example_subdag_operator.py
[2024-08-23T07:54:12.636+0000] {logging_mixin.py:190} INFO - [2024-08-23T07:54:12.635+0000] {dag.py:3211} INFO - Sync 3 DAGs
[2024-08-23T07:54:12.681+0000] {logging_mixin.py:190} INFO - [2024-08-23T07:54:12.680+0000] {dag.py:4138} INFO - Setting next_dagrun for example_subdag_operator to 2022-01-01 00:00:00+00:00, run_after=2022-01-01 00:00:00+00:00
[2024-08-23T07:54:12.690+0000] {logging_mixin.py:190} INFO - [2024-08-23T07:54:12.689+0000] {dag.py:4138} INFO - Setting next_dagrun for example_subdag_operator.section-1 to None, run_after=None
[2024-08-23T07:54:12.693+0000] {logging_mixin.py:190} INFO - [2024-08-23T07:54:12.692+0000] {dag.py:4138} INFO - Setting next_dagrun for example_subdag_operator.section-2 to None, run_after=None
[2024-08-23T07:54:12.709+0000] {logging_mixin.py:190} INFO - [2024-08-23T07:54:12.709+0000] {dag.py:3211} INFO - Sync 2 DAGs
[2024-08-23T07:54:12.719+0000] {logging_mixin.py:190} INFO - [2024-08-23T07:54:12.719+0000] {dag.py:4138} INFO - Setting next_dagrun for example_subdag_operator.section-1 to None, run_after=None
[2024-08-23T07:54:12.721+0000] {logging_mixin.py:190} INFO - [2024-08-23T07:54:12.720+0000] {dag.py:4138} INFO - Setting next_dagrun for example_subdag_operator.section-2 to None, run_after=None
[2024-08-23T07:54:12.743+0000] {processor.py:208} INFO - Processing /home/airflow/.local/lib/python3.12/site-packages/airflow/example_dags/example_subdag_operator.py took 0.196 seconds
[2024-08-23T07:54:43.549+0000] {processor.py:186} INFO - Started process (PID=158) to work on /home/airflow/.local/lib/python3.12/site-packages/airflow/example_dags/example_subdag_operator.py
[2024-08-23T07:54:43.552+0000] {processor.py:914} INFO - Processing file /home/airflow/.local/lib/python3.12/site-packages/airflow/example_dags/example_subdag_operator.py for tasks to queue
[2024-08-23T07:54:43.558+0000] {logging_mixin.py:190} INFO - [2024-08-23T07:54:43.557+0000] {dagbag.py:587} INFO - Filling up the DagBag from /home/airflow/.local/lib/python3.12/site-packages/airflow/example_dags/example_subdag_operator.py
[2024-08-23T07:54:43.616+0000] {processor.py:925} INFO - DAG(s) 'example_subdag_operator.section-1', 'example_subdag_operator.section-2', 'example_subdag_operator' retrieved from /home/airflow/.local/lib/python3.12/site-packages/airflow/example_dags/example_subdag_operator.py
[2024-08-23T07:54:43.659+0000] {logging_mixin.py:190} INFO - [2024-08-23T07:54:43.659+0000] {dag.py:3211} INFO - Sync 3 DAGs
[2024-08-23T07:54:43.709+0000] {logging_mixin.py:190} INFO - [2024-08-23T07:54:43.708+0000] {dag.py:4138} INFO - Setting next_dagrun for example_subdag_operator to 2022-01-01 00:00:00+00:00, run_after=2022-01-01 00:00:00+00:00
[2024-08-23T07:54:43.718+0000] {logging_mixin.py:190} INFO - [2024-08-23T07:54:43.718+0000] {dag.py:4138} INFO - Setting next_dagrun for example_subdag_operator.section-1 to None, run_after=None
[2024-08-23T07:54:43.721+0000] {logging_mixin.py:190} INFO - [2024-08-23T07:54:43.721+0000] {dag.py:4138} INFO - Setting next_dagrun for example_subdag_operator.section-2 to None, run_after=None
[2024-08-23T07:54:43.738+0000] {logging_mixin.py:190} INFO - [2024-08-23T07:54:43.738+0000] {dag.py:3211} INFO - Sync 2 DAGs
[2024-08-23T07:54:43.751+0000] {logging_mixin.py:190} INFO - [2024-08-23T07:54:43.751+0000] {dag.py:4138} INFO - Setting next_dagrun for example_subdag_operator.section-1 to None, run_after=None
[2024-08-23T07:54:43.754+0000] {logging_mixin.py:190} INFO - [2024-08-23T07:54:43.752+0000] {dag.py:4138} INFO - Setting next_dagrun for example_subdag_operator.section-2 to None, run_after=None
[2024-08-23T07:54:43.786+0000] {processor.py:208} INFO - Processing /home/airflow/.local/lib/python3.12/site-packages/airflow/example_dags/example_subdag_operator.py took 0.253 seconds
[2024-08-23T07:55:14.410+0000] {processor.py:186} INFO - Started process (PID=220) to work on /home/airflow/.local/lib/python3.12/site-packages/airflow/example_dags/example_subdag_operator.py
[2024-08-23T07:55:14.412+0000] {processor.py:914} INFO - Processing file /home/airflow/.local/lib/python3.12/site-packages/airflow/example_dags/example_subdag_operator.py for tasks to queue
[2024-08-23T07:55:14.414+0000] {logging_mixin.py:190} INFO - [2024-08-23T07:55:14.414+0000] {dagbag.py:587} INFO - Filling up the DagBag from /home/airflow/.local/lib/python3.12/site-packages/airflow/example_dags/example_subdag_operator.py
[2024-08-23T07:55:14.440+0000] {processor.py:925} INFO - DAG(s) 'example_subdag_operator.section-1', 'example_subdag_operator.section-2', 'example_subdag_operator' retrieved from /home/airflow/.local/lib/python3.12/site-packages/airflow/example_dags/example_subdag_operator.py
[2024-08-23T07:55:14.456+0000] {logging_mixin.py:190} INFO - [2024-08-23T07:55:14.456+0000] {dag.py:3211} INFO - Sync 3 DAGs
[2024-08-23T07:55:14.479+0000] {logging_mixin.py:190} INFO - [2024-08-23T07:55:14.478+0000] {dag.py:4138} INFO - Setting next_dagrun for example_subdag_operator to 2022-01-01 00:00:00+00:00, run_after=2022-01-01 00:00:00+00:00
[2024-08-23T07:55:14.482+0000] {logging_mixin.py:190} INFO - [2024-08-23T07:55:14.482+0000] {dag.py:4138} INFO - Setting next_dagrun for example_subdag_operator.section-1 to None, run_after=None
[2024-08-23T07:55:14.484+0000] {logging_mixin.py:190} INFO - [2024-08-23T07:55:14.484+0000] {dag.py:4138} INFO - Setting next_dagrun for example_subdag_operator.section-2 to None, run_after=None
[2024-08-23T07:55:14.491+0000] {logging_mixin.py:190} INFO - [2024-08-23T07:55:14.491+0000] {dag.py:3211} INFO - Sync 2 DAGs
[2024-08-23T07:55:14.496+0000] {logging_mixin.py:190} INFO - [2024-08-23T07:55:14.496+0000] {dag.py:4138} INFO - Setting next_dagrun for example_subdag_operator.section-1 to None, run_after=None
[2024-08-23T07:55:14.497+0000] {logging_mixin.py:190} INFO - [2024-08-23T07:55:14.497+0000] {dag.py:4138} INFO - Setting next_dagrun for example_subdag_operator.section-2 to None, run_after=None
[2024-08-23T07:55:14.509+0000] {processor.py:208} INFO - Processing /home/airflow/.local/lib/python3.12/site-packages/airflow/example_dags/example_subdag_operator.py took 0.105 seconds
[2024-08-23T08:20:33.729+0000] {processor.py:186} INFO - Started process (PID=91) to work on /home/airflow/.local/lib/python3.12/site-packages/airflow/example_dags/example_subdag_operator.py
[2024-08-23T08:20:33.730+0000] {processor.py:914} INFO - Processing file /home/airflow/.local/lib/python3.12/site-packages/airflow/example_dags/example_subdag_operator.py for tasks to queue
[2024-08-23T08:20:33.732+0000] {logging_mixin.py:190} INFO - [2024-08-23T08:20:33.732+0000] {dagbag.py:587} INFO - Filling up the DagBag from /home/airflow/.local/lib/python3.12/site-packages/airflow/example_dags/example_subdag_operator.py
[2024-08-23T08:20:33.763+0000] {processor.py:925} INFO - DAG(s) 'example_subdag_operator.section-1', 'example_subdag_operator.section-2', 'example_subdag_operator' retrieved from /home/airflow/.local/lib/python3.12/site-packages/airflow/example_dags/example_subdag_operator.py
[2024-08-23T08:20:33.786+0000] {logging_mixin.py:190} INFO - [2024-08-23T08:20:33.785+0000] {dag.py:3211} INFO - Sync 3 DAGs
[2024-08-23T08:20:33.819+0000] {logging_mixin.py:190} INFO - [2024-08-23T08:20:33.819+0000] {dag.py:4138} INFO - Setting next_dagrun for example_subdag_operator to 2022-01-01 00:00:00+00:00, run_after=2022-01-01 00:00:00+00:00
[2024-08-23T08:20:33.826+0000] {logging_mixin.py:190} INFO - [2024-08-23T08:20:33.825+0000] {dag.py:4138} INFO - Setting next_dagrun for example_subdag_operator.section-1 to None, run_after=None
[2024-08-23T08:20:33.828+0000] {logging_mixin.py:190} INFO - [2024-08-23T08:20:33.828+0000] {dag.py:4138} INFO - Setting next_dagrun for example_subdag_operator.section-2 to None, run_after=None
[2024-08-23T08:20:33.843+0000] {logging_mixin.py:190} INFO - [2024-08-23T08:20:33.843+0000] {dag.py:3211} INFO - Sync 2 DAGs
[2024-08-23T08:20:33.853+0000] {logging_mixin.py:190} INFO - [2024-08-23T08:20:33.852+0000] {dag.py:4138} INFO - Setting next_dagrun for example_subdag_operator.section-1 to None, run_after=None
[2024-08-23T08:20:33.854+0000] {logging_mixin.py:190} INFO - [2024-08-23T08:20:33.854+0000] {dag.py:4138} INFO - Setting next_dagrun for example_subdag_operator.section-2 to None, run_after=None
[2024-08-23T08:20:33.868+0000] {processor.py:208} INFO - Processing /home/airflow/.local/lib/python3.12/site-packages/airflow/example_dags/example_subdag_operator.py took 0.145 seconds
[2024-08-23T08:23:27.836+0000] {processor.py:186} INFO - Started process (PID=88) to work on /home/airflow/.local/lib/python3.12/site-packages/airflow/example_dags/example_subdag_operator.py
[2024-08-23T08:23:27.837+0000] {processor.py:914} INFO - Processing file /home/airflow/.local/lib/python3.12/site-packages/airflow/example_dags/example_subdag_operator.py for tasks to queue
[2024-08-23T08:23:27.840+0000] {logging_mixin.py:190} INFO - [2024-08-23T08:23:27.840+0000] {dagbag.py:587} INFO - Filling up the DagBag from /home/airflow/.local/lib/python3.12/site-packages/airflow/example_dags/example_subdag_operator.py
[2024-08-23T08:23:27.871+0000] {processor.py:925} INFO - DAG(s) 'example_subdag_operator.section-1', 'example_subdag_operator.section-2', 'example_subdag_operator' retrieved from /home/airflow/.local/lib/python3.12/site-packages/airflow/example_dags/example_subdag_operator.py
[2024-08-23T08:23:27.889+0000] {logging_mixin.py:190} INFO - [2024-08-23T08:23:27.889+0000] {dag.py:3211} INFO - Sync 3 DAGs
[2024-08-23T08:23:27.919+0000] {logging_mixin.py:190} INFO - [2024-08-23T08:23:27.919+0000] {dag.py:4138} INFO - Setting next_dagrun for example_subdag_operator to 2022-01-01 00:00:00+00:00, run_after=2022-01-01 00:00:00+00:00
[2024-08-23T08:23:27.924+0000] {logging_mixin.py:190} INFO - [2024-08-23T08:23:27.924+0000] {dag.py:4138} INFO - Setting next_dagrun for example_subdag_operator.section-1 to None, run_after=None
[2024-08-23T08:23:27.926+0000] {logging_mixin.py:190} INFO - [2024-08-23T08:23:27.926+0000] {dag.py:4138} INFO - Setting next_dagrun for example_subdag_operator.section-2 to None, run_after=None
[2024-08-23T08:23:27.937+0000] {logging_mixin.py:190} INFO - [2024-08-23T08:23:27.937+0000] {dag.py:3211} INFO - Sync 2 DAGs
[2024-08-23T08:23:27.944+0000] {logging_mixin.py:190} INFO - [2024-08-23T08:23:27.944+0000] {dag.py:4138} INFO - Setting next_dagrun for example_subdag_operator.section-1 to None, run_after=None
[2024-08-23T08:23:27.945+0000] {logging_mixin.py:190} INFO - [2024-08-23T08:23:27.945+0000] {dag.py:4138} INFO - Setting next_dagrun for example_subdag_operator.section-2 to None, run_after=None
[2024-08-23T08:23:27.957+0000] {processor.py:208} INFO - Processing /home/airflow/.local/lib/python3.12/site-packages/airflow/example_dags/example_subdag_operator.py took 0.128 seconds
[2024-08-23T08:23:58.816+0000] {processor.py:186} INFO - Started process (PID=151) to work on /home/airflow/.local/lib/python3.12/site-packages/airflow/example_dags/example_subdag_operator.py
[2024-08-23T08:23:58.817+0000] {processor.py:914} INFO - Processing file /home/airflow/.local/lib/python3.12/site-packages/airflow/example_dags/example_subdag_operator.py for tasks to queue
[2024-08-23T08:23:58.820+0000] {logging_mixin.py:190} INFO - [2024-08-23T08:23:58.820+0000] {dagbag.py:587} INFO - Filling up the DagBag from /home/airflow/.local/lib/python3.12/site-packages/airflow/example_dags/example_subdag_operator.py
[2024-08-23T08:23:58.848+0000] {processor.py:925} INFO - DAG(s) 'example_subdag_operator.section-1', 'example_subdag_operator.section-2', 'example_subdag_operator' retrieved from /home/airflow/.local/lib/python3.12/site-packages/airflow/example_dags/example_subdag_operator.py
[2024-08-23T08:23:58.862+0000] {logging_mixin.py:190} INFO - [2024-08-23T08:23:58.862+0000] {dag.py:3211} INFO - Sync 3 DAGs
[2024-08-23T08:23:58.887+0000] {logging_mixin.py:190} INFO - [2024-08-23T08:23:58.886+0000] {dag.py:4138} INFO - Setting next_dagrun for example_subdag_operator to 2022-01-01 00:00:00+00:00, run_after=2022-01-01 00:00:00+00:00
[2024-08-23T08:23:58.890+0000] {logging_mixin.py:190} INFO - [2024-08-23T08:23:58.890+0000] {dag.py:4138} INFO - Setting next_dagrun for example_subdag_operator.section-1 to None, run_after=None
[2024-08-23T08:23:58.892+0000] {logging_mixin.py:190} INFO - [2024-08-23T08:23:58.892+0000] {dag.py:4138} INFO - Setting next_dagrun for example_subdag_operator.section-2 to None, run_after=None
[2024-08-23T08:23:58.898+0000] {logging_mixin.py:190} INFO - [2024-08-23T08:23:58.898+0000] {dag.py:3211} INFO - Sync 2 DAGs
[2024-08-23T08:23:58.903+0000] {logging_mixin.py:190} INFO - [2024-08-23T08:23:58.903+0000] {dag.py:4138} INFO - Setting next_dagrun for example_subdag_operator.section-1 to None, run_after=None
[2024-08-23T08:23:58.903+0000] {logging_mixin.py:190} INFO - [2024-08-23T08:23:58.903+0000] {dag.py:4138} INFO - Setting next_dagrun for example_subdag_operator.section-2 to None, run_after=None
[2024-08-23T08:23:58.937+0000] {processor.py:208} INFO - Processing /home/airflow/.local/lib/python3.12/site-packages/airflow/example_dags/example_subdag_operator.py took 0.128 seconds
[2024-08-23T08:24:29.259+0000] {processor.py:186} INFO - Started process (PID=213) to work on /home/airflow/.local/lib/python3.12/site-packages/airflow/example_dags/example_subdag_operator.py
[2024-08-23T08:24:29.260+0000] {processor.py:914} INFO - Processing file /home/airflow/.local/lib/python3.12/site-packages/airflow/example_dags/example_subdag_operator.py for tasks to queue
[2024-08-23T08:24:29.263+0000] {logging_mixin.py:190} INFO - [2024-08-23T08:24:29.262+0000] {dagbag.py:587} INFO - Filling up the DagBag from /home/airflow/.local/lib/python3.12/site-packages/airflow/example_dags/example_subdag_operator.py
[2024-08-23T08:24:29.287+0000] {processor.py:925} INFO - DAG(s) 'example_subdag_operator.section-1', 'example_subdag_operator.section-2', 'example_subdag_operator' retrieved from /home/airflow/.local/lib/python3.12/site-packages/airflow/example_dags/example_subdag_operator.py
[2024-08-23T08:24:29.302+0000] {logging_mixin.py:190} INFO - [2024-08-23T08:24:29.302+0000] {dag.py:3211} INFO - Sync 3 DAGs
[2024-08-23T08:24:29.323+0000] {logging_mixin.py:190} INFO - [2024-08-23T08:24:29.323+0000] {dag.py:4138} INFO - Setting next_dagrun for example_subdag_operator to 2022-01-01 00:00:00+00:00, run_after=2022-01-01 00:00:00+00:00
[2024-08-23T08:24:29.327+0000] {logging_mixin.py:190} INFO - [2024-08-23T08:24:29.326+0000] {dag.py:4138} INFO - Setting next_dagrun for example_subdag_operator.section-1 to None, run_after=None
[2024-08-23T08:24:29.328+0000] {logging_mixin.py:190} INFO - [2024-08-23T08:24:29.328+0000] {dag.py:4138} INFO - Setting next_dagrun for example_subdag_operator.section-2 to None, run_after=None
[2024-08-23T08:24:29.336+0000] {logging_mixin.py:190} INFO - [2024-08-23T08:24:29.335+0000] {dag.py:3211} INFO - Sync 2 DAGs
[2024-08-23T08:24:29.341+0000] {logging_mixin.py:190} INFO - [2024-08-23T08:24:29.341+0000] {dag.py:4138} INFO - Setting next_dagrun for example_subdag_operator.section-1 to None, run_after=None
[2024-08-23T08:24:29.342+0000] {logging_mixin.py:190} INFO - [2024-08-23T08:24:29.341+0000] {dag.py:4138} INFO - Setting next_dagrun for example_subdag_operator.section-2 to None, run_after=None
[2024-08-23T08:24:29.356+0000] {processor.py:208} INFO - Processing /home/airflow/.local/lib/python3.12/site-packages/airflow/example_dags/example_subdag_operator.py took 0.102 seconds
[2024-08-23T08:25:01.006+0000] {processor.py:186} INFO - Started process (PID=275) to work on /home/airflow/.local/lib/python3.12/site-packages/airflow/example_dags/example_subdag_operator.py
[2024-08-23T08:25:01.009+0000] {processor.py:914} INFO - Processing file /home/airflow/.local/lib/python3.12/site-packages/airflow/example_dags/example_subdag_operator.py for tasks to queue
[2024-08-23T08:25:01.024+0000] {logging_mixin.py:190} INFO - [2024-08-23T08:25:01.023+0000] {dagbag.py:587} INFO - Filling up the DagBag from /home/airflow/.local/lib/python3.12/site-packages/airflow/example_dags/example_subdag_operator.py
[2024-08-23T08:25:01.184+0000] {processor.py:925} INFO - DAG(s) 'example_subdag_operator.section-1', 'example_subdag_operator.section-2', 'example_subdag_operator' retrieved from /home/airflow/.local/lib/python3.12/site-packages/airflow/example_dags/example_subdag_operator.py
[2024-08-23T08:25:01.239+0000] {logging_mixin.py:190} INFO - [2024-08-23T08:25:01.238+0000] {dag.py:3211} INFO - Sync 3 DAGs
[2024-08-23T08:25:01.307+0000] {logging_mixin.py:190} INFO - [2024-08-23T08:25:01.307+0000] {dag.py:4138} INFO - Setting next_dagrun for example_subdag_operator to 2022-01-01 00:00:00+00:00, run_after=2022-01-01 00:00:00+00:00
[2024-08-23T08:25:01.317+0000] {logging_mixin.py:190} INFO - [2024-08-23T08:25:01.317+0000] {dag.py:4138} INFO - Setting next_dagrun for example_subdag_operator.section-1 to None, run_after=None
[2024-08-23T08:25:01.321+0000] {logging_mixin.py:190} INFO - [2024-08-23T08:25:01.321+0000] {dag.py:4138} INFO - Setting next_dagrun for example_subdag_operator.section-2 to None, run_after=None
[2024-08-23T08:25:01.347+0000] {logging_mixin.py:190} INFO - [2024-08-23T08:25:01.346+0000] {dag.py:3211} INFO - Sync 2 DAGs
[2024-08-23T08:25:01.365+0000] {logging_mixin.py:190} INFO - [2024-08-23T08:25:01.364+0000] {dag.py:4138} INFO - Setting next_dagrun for example_subdag_operator.section-1 to None, run_after=None
[2024-08-23T08:25:01.367+0000] {logging_mixin.py:190} INFO - [2024-08-23T08:25:01.366+0000] {dag.py:4138} INFO - Setting next_dagrun for example_subdag_operator.section-2 to None, run_after=None
[2024-08-23T08:25:01.404+0000] {processor.py:208} INFO - Processing /home/airflow/.local/lib/python3.12/site-packages/airflow/example_dags/example_subdag_operator.py took 0.420 seconds
[2024-08-23T08:25:32.257+0000] {processor.py:186} INFO - Started process (PID=337) to work on /home/airflow/.local/lib/python3.12/site-packages/airflow/example_dags/example_subdag_operator.py
[2024-08-23T08:25:32.258+0000] {processor.py:914} INFO - Processing file /home/airflow/.local/lib/python3.12/site-packages/airflow/example_dags/example_subdag_operator.py for tasks to queue
[2024-08-23T08:25:32.260+0000] {logging_mixin.py:190} INFO - [2024-08-23T08:25:32.260+0000] {dagbag.py:587} INFO - Filling up the DagBag from /home/airflow/.local/lib/python3.12/site-packages/airflow/example_dags/example_subdag_operator.py
[2024-08-23T08:25:32.288+0000] {processor.py:925} INFO - DAG(s) 'example_subdag_operator.section-1', 'example_subdag_operator.section-2', 'example_subdag_operator' retrieved from /home/airflow/.local/lib/python3.12/site-packages/airflow/example_dags/example_subdag_operator.py
[2024-08-23T08:25:32.302+0000] {logging_mixin.py:190} INFO - [2024-08-23T08:25:32.301+0000] {dag.py:3211} INFO - Sync 3 DAGs
[2024-08-23T08:25:32.322+0000] {logging_mixin.py:190} INFO - [2024-08-23T08:25:32.321+0000] {dag.py:4138} INFO - Setting next_dagrun for example_subdag_operator to 2022-01-01 00:00:00+00:00, run_after=2022-01-01 00:00:00+00:00
[2024-08-23T08:25:32.325+0000] {logging_mixin.py:190} INFO - [2024-08-23T08:25:32.325+0000] {dag.py:4138} INFO - Setting next_dagrun for example_subdag_operator.section-1 to None, run_after=None
[2024-08-23T08:25:32.327+0000] {logging_mixin.py:190} INFO - [2024-08-23T08:25:32.327+0000] {dag.py:4138} INFO - Setting next_dagrun for example_subdag_operator.section-2 to None, run_after=None
[2024-08-23T08:25:32.333+0000] {logging_mixin.py:190} INFO - [2024-08-23T08:25:32.333+0000] {dag.py:3211} INFO - Sync 2 DAGs
[2024-08-23T08:25:32.339+0000] {logging_mixin.py:190} INFO - [2024-08-23T08:25:32.339+0000] {dag.py:4138} INFO - Setting next_dagrun for example_subdag_operator.section-1 to None, run_after=None
[2024-08-23T08:25:32.340+0000] {logging_mixin.py:190} INFO - [2024-08-23T08:25:32.340+0000] {dag.py:4138} INFO - Setting next_dagrun for example_subdag_operator.section-2 to None, run_after=None
[2024-08-23T08:25:32.354+0000] {processor.py:208} INFO - Processing /home/airflow/.local/lib/python3.12/site-packages/airflow/example_dags/example_subdag_operator.py took 0.101 seconds
[2024-08-23T08:26:02.386+0000] {processor.py:186} INFO - Started process (PID=399) to work on /home/airflow/.local/lib/python3.12/site-packages/airflow/example_dags/example_subdag_operator.py
[2024-08-23T08:26:02.388+0000] {processor.py:914} INFO - Processing file /home/airflow/.local/lib/python3.12/site-packages/airflow/example_dags/example_subdag_operator.py for tasks to queue
[2024-08-23T08:26:02.390+0000] {logging_mixin.py:190} INFO - [2024-08-23T08:26:02.390+0000] {dagbag.py:587} INFO - Filling up the DagBag from /home/airflow/.local/lib/python3.12/site-packages/airflow/example_dags/example_subdag_operator.py
[2024-08-23T08:26:02.413+0000] {processor.py:925} INFO - DAG(s) 'example_subdag_operator.section-1', 'example_subdag_operator.section-2', 'example_subdag_operator' retrieved from /home/airflow/.local/lib/python3.12/site-packages/airflow/example_dags/example_subdag_operator.py
[2024-08-23T08:26:02.429+0000] {logging_mixin.py:190} INFO - [2024-08-23T08:26:02.429+0000] {dag.py:3211} INFO - Sync 3 DAGs
[2024-08-23T08:26:02.450+0000] {logging_mixin.py:190} INFO - [2024-08-23T08:26:02.449+0000] {dag.py:4138} INFO - Setting next_dagrun for example_subdag_operator to 2022-01-01 00:00:00+00:00, run_after=2022-01-01 00:00:00+00:00
[2024-08-23T08:26:02.453+0000] {logging_mixin.py:190} INFO - [2024-08-23T08:26:02.453+0000] {dag.py:4138} INFO - Setting next_dagrun for example_subdag_operator.section-1 to None, run_after=None
[2024-08-23T08:26:02.454+0000] {logging_mixin.py:190} INFO - [2024-08-23T08:26:02.454+0000] {dag.py:4138} INFO - Setting next_dagrun for example_subdag_operator.section-2 to None, run_after=None
[2024-08-23T08:26:02.464+0000] {logging_mixin.py:190} INFO - [2024-08-23T08:26:02.463+0000] {dag.py:3211} INFO - Sync 2 DAGs
[2024-08-23T08:26:02.470+0000] {logging_mixin.py:190} INFO - [2024-08-23T08:26:02.470+0000] {dag.py:4138} INFO - Setting next_dagrun for example_subdag_operator.section-1 to None, run_after=None
[2024-08-23T08:26:02.471+0000] {logging_mixin.py:190} INFO - [2024-08-23T08:26:02.471+0000] {dag.py:4138} INFO - Setting next_dagrun for example_subdag_operator.section-2 to None, run_after=None
[2024-08-23T08:26:02.482+0000] {processor.py:208} INFO - Processing /home/airflow/.local/lib/python3.12/site-packages/airflow/example_dags/example_subdag_operator.py took 0.101 seconds
[2024-08-23T08:26:32.692+0000] {processor.py:186} INFO - Started process (PID=461) to work on /home/airflow/.local/lib/python3.12/site-packages/airflow/example_dags/example_subdag_operator.py
[2024-08-23T08:26:32.692+0000] {processor.py:914} INFO - Processing file /home/airflow/.local/lib/python3.12/site-packages/airflow/example_dags/example_subdag_operator.py for tasks to queue
[2024-08-23T08:26:32.695+0000] {logging_mixin.py:190} INFO - [2024-08-23T08:26:32.695+0000] {dagbag.py:587} INFO - Filling up the DagBag from /home/airflow/.local/lib/python3.12/site-packages/airflow/example_dags/example_subdag_operator.py
[2024-08-23T08:26:32.718+0000] {processor.py:925} INFO - DAG(s) 'example_subdag_operator.section-1', 'example_subdag_operator.section-2', 'example_subdag_operator' retrieved from /home/airflow/.local/lib/python3.12/site-packages/airflow/example_dags/example_subdag_operator.py
[2024-08-23T08:26:32.731+0000] {logging_mixin.py:190} INFO - [2024-08-23T08:26:32.731+0000] {dag.py:3211} INFO - Sync 3 DAGs
[2024-08-23T08:26:32.753+0000] {logging_mixin.py:190} INFO - [2024-08-23T08:26:32.753+0000] {dag.py:4138} INFO - Setting next_dagrun for example_subdag_operator to 2022-01-01 00:00:00+00:00, run_after=2022-01-01 00:00:00+00:00
[2024-08-23T08:26:32.757+0000] {logging_mixin.py:190} INFO - [2024-08-23T08:26:32.757+0000] {dag.py:4138} INFO - Setting next_dagrun for example_subdag_operator.section-1 to None, run_after=None
[2024-08-23T08:26:32.758+0000] {logging_mixin.py:190} INFO - [2024-08-23T08:26:32.758+0000] {dag.py:4138} INFO - Setting next_dagrun for example_subdag_operator.section-2 to None, run_after=None
[2024-08-23T08:26:32.766+0000] {logging_mixin.py:190} INFO - [2024-08-23T08:26:32.765+0000] {dag.py:3211} INFO - Sync 2 DAGs
[2024-08-23T08:26:32.771+0000] {logging_mixin.py:190} INFO - [2024-08-23T08:26:32.771+0000] {dag.py:4138} INFO - Setting next_dagrun for example_subdag_operator.section-1 to None, run_after=None
[2024-08-23T08:26:32.772+0000] {logging_mixin.py:190} INFO - [2024-08-23T08:26:32.772+0000] {dag.py:4138} INFO - Setting next_dagrun for example_subdag_operator.section-2 to None, run_after=None
[2024-08-23T08:26:32.784+0000] {processor.py:208} INFO - Processing /home/airflow/.local/lib/python3.12/site-packages/airflow/example_dags/example_subdag_operator.py took 0.098 seconds
[2024-08-23T10:25:04.821+0000] {processor.py:186} INFO - Started process (PID=93) to work on /home/airflow/.local/lib/python3.12/site-packages/airflow/example_dags/example_subdag_operator.py
[2024-08-23T10:25:04.851+0000] {processor.py:914} INFO - Processing file /home/airflow/.local/lib/python3.12/site-packages/airflow/example_dags/example_subdag_operator.py for tasks to queue
[2024-08-23T10:25:04.854+0000] {logging_mixin.py:190} INFO - [2024-08-23T10:25:04.853+0000] {dagbag.py:587} INFO - Filling up the DagBag from /home/airflow/.local/lib/python3.12/site-packages/airflow/example_dags/example_subdag_operator.py
[2024-08-23T10:25:04.878+0000] {processor.py:925} INFO - DAG(s) 'example_subdag_operator.section-1', 'example_subdag_operator.section-2', 'example_subdag_operator' retrieved from /home/airflow/.local/lib/python3.12/site-packages/airflow/example_dags/example_subdag_operator.py
[2024-08-23T10:25:04.892+0000] {logging_mixin.py:190} INFO - [2024-08-23T10:25:04.892+0000] {dag.py:3211} INFO - Sync 3 DAGs
[2024-08-23T10:25:04.911+0000] {logging_mixin.py:190} INFO - [2024-08-23T10:25:04.911+0000] {dag.py:4138} INFO - Setting next_dagrun for example_subdag_operator to 2022-01-01 00:00:00+00:00, run_after=2022-01-01 00:00:00+00:00
[2024-08-23T10:25:04.914+0000] {logging_mixin.py:190} INFO - [2024-08-23T10:25:04.914+0000] {dag.py:4138} INFO - Setting next_dagrun for example_subdag_operator.section-1 to None, run_after=None
[2024-08-23T10:25:04.916+0000] {logging_mixin.py:190} INFO - [2024-08-23T10:25:04.916+0000] {dag.py:4138} INFO - Setting next_dagrun for example_subdag_operator.section-2 to None, run_after=None
[2024-08-23T10:25:04.924+0000] {logging_mixin.py:190} INFO - [2024-08-23T10:25:04.923+0000] {dag.py:3211} INFO - Sync 2 DAGs
[2024-08-23T10:25:04.928+0000] {logging_mixin.py:190} INFO - [2024-08-23T10:25:04.928+0000] {dag.py:4138} INFO - Setting next_dagrun for example_subdag_operator.section-1 to None, run_after=None
[2024-08-23T10:25:04.929+0000] {logging_mixin.py:190} INFO - [2024-08-23T10:25:04.929+0000] {dag.py:4138} INFO - Setting next_dagrun for example_subdag_operator.section-2 to None, run_after=None
[2024-08-23T10:25:05.184+0000] {processor.py:208} INFO - Processing /home/airflow/.local/lib/python3.12/site-packages/airflow/example_dags/example_subdag_operator.py took 0.367 seconds
[2024-08-23T10:25:35.747+0000] {processor.py:186} INFO - Started process (PID=155) to work on /home/airflow/.local/lib/python3.12/site-packages/airflow/example_dags/example_subdag_operator.py
[2024-08-23T10:25:35.755+0000] {processor.py:914} INFO - Processing file /home/airflow/.local/lib/python3.12/site-packages/airflow/example_dags/example_subdag_operator.py for tasks to queue
[2024-08-23T10:25:35.758+0000] {logging_mixin.py:190} INFO - [2024-08-23T10:25:35.758+0000] {dagbag.py:587} INFO - Filling up the DagBag from /home/airflow/.local/lib/python3.12/site-packages/airflow/example_dags/example_subdag_operator.py
[2024-08-23T10:25:35.790+0000] {processor.py:925} INFO - DAG(s) 'example_subdag_operator.section-1', 'example_subdag_operator.section-2', 'example_subdag_operator' retrieved from /home/airflow/.local/lib/python3.12/site-packages/airflow/example_dags/example_subdag_operator.py
[2024-08-23T10:25:35.807+0000] {logging_mixin.py:190} INFO - [2024-08-23T10:25:35.806+0000] {dag.py:3211} INFO - Sync 3 DAGs
[2024-08-23T10:25:35.826+0000] {logging_mixin.py:190} INFO - [2024-08-23T10:25:35.826+0000] {dag.py:4138} INFO - Setting next_dagrun for example_subdag_operator to 2022-01-01 00:00:00+00:00, run_after=2022-01-01 00:00:00+00:00
[2024-08-23T10:25:35.829+0000] {logging_mixin.py:190} INFO - [2024-08-23T10:25:35.829+0000] {dag.py:4138} INFO - Setting next_dagrun for example_subdag_operator.section-1 to None, run_after=None
[2024-08-23T10:25:35.831+0000] {logging_mixin.py:190} INFO - [2024-08-23T10:25:35.831+0000] {dag.py:4138} INFO - Setting next_dagrun for example_subdag_operator.section-2 to None, run_after=None
[2024-08-23T10:25:35.837+0000] {logging_mixin.py:190} INFO - [2024-08-23T10:25:35.837+0000] {dag.py:3211} INFO - Sync 2 DAGs
[2024-08-23T10:25:35.841+0000] {logging_mixin.py:190} INFO - [2024-08-23T10:25:35.841+0000] {dag.py:4138} INFO - Setting next_dagrun for example_subdag_operator.section-1 to None, run_after=None
[2024-08-23T10:25:35.842+0000] {logging_mixin.py:190} INFO - [2024-08-23T10:25:35.842+0000] {dag.py:4138} INFO - Setting next_dagrun for example_subdag_operator.section-2 to None, run_after=None
[2024-08-23T10:25:35.855+0000] {processor.py:208} INFO - Processing /home/airflow/.local/lib/python3.12/site-packages/airflow/example_dags/example_subdag_operator.py took 0.113 seconds
[2024-08-23T10:26:06.442+0000] {processor.py:186} INFO - Started process (PID=217) to work on /home/airflow/.local/lib/python3.12/site-packages/airflow/example_dags/example_subdag_operator.py
[2024-08-23T10:26:06.443+0000] {processor.py:914} INFO - Processing file /home/airflow/.local/lib/python3.12/site-packages/airflow/example_dags/example_subdag_operator.py for tasks to queue
[2024-08-23T10:26:06.450+0000] {logging_mixin.py:190} INFO - [2024-08-23T10:26:06.449+0000] {dagbag.py:587} INFO - Filling up the DagBag from /home/airflow/.local/lib/python3.12/site-packages/airflow/example_dags/example_subdag_operator.py
[2024-08-23T10:26:06.493+0000] {processor.py:925} INFO - DAG(s) 'example_subdag_operator.section-1', 'example_subdag_operator.section-2', 'example_subdag_operator' retrieved from /home/airflow/.local/lib/python3.12/site-packages/airflow/example_dags/example_subdag_operator.py
[2024-08-23T10:26:06.514+0000] {logging_mixin.py:190} INFO - [2024-08-23T10:26:06.513+0000] {dag.py:3211} INFO - Sync 3 DAGs
[2024-08-23T10:26:06.552+0000] {logging_mixin.py:190} INFO - [2024-08-23T10:26:06.551+0000] {dag.py:4138} INFO - Setting next_dagrun for example_subdag_operator to 2022-01-01 00:00:00+00:00, run_after=2022-01-01 00:00:00+00:00
[2024-08-23T10:26:06.556+0000] {logging_mixin.py:190} INFO - [2024-08-23T10:26:06.555+0000] {dag.py:4138} INFO - Setting next_dagrun for example_subdag_operator.section-1 to None, run_after=None
[2024-08-23T10:26:06.558+0000] {logging_mixin.py:190} INFO - [2024-08-23T10:26:06.557+0000] {dag.py:4138} INFO - Setting next_dagrun for example_subdag_operator.section-2 to None, run_after=None
[2024-08-23T10:26:06.568+0000] {logging_mixin.py:190} INFO - [2024-08-23T10:26:06.568+0000] {dag.py:3211} INFO - Sync 2 DAGs
[2024-08-23T10:26:06.574+0000] {logging_mixin.py:190} INFO - [2024-08-23T10:26:06.574+0000] {dag.py:4138} INFO - Setting next_dagrun for example_subdag_operator.section-1 to None, run_after=None
[2024-08-23T10:26:06.575+0000] {logging_mixin.py:190} INFO - [2024-08-23T10:26:06.575+0000] {dag.py:4138} INFO - Setting next_dagrun for example_subdag_operator.section-2 to None, run_after=None
[2024-08-23T10:26:06.593+0000] {processor.py:208} INFO - Processing /home/airflow/.local/lib/python3.12/site-packages/airflow/example_dags/example_subdag_operator.py took 0.159 seconds
[2024-08-23T10:26:37.476+0000] {processor.py:186} INFO - Started process (PID=279) to work on /home/airflow/.local/lib/python3.12/site-packages/airflow/example_dags/example_subdag_operator.py
[2024-08-23T10:26:37.478+0000] {processor.py:914} INFO - Processing file /home/airflow/.local/lib/python3.12/site-packages/airflow/example_dags/example_subdag_operator.py for tasks to queue
[2024-08-23T10:26:37.481+0000] {logging_mixin.py:190} INFO - [2024-08-23T10:26:37.481+0000] {dagbag.py:587} INFO - Filling up the DagBag from /home/airflow/.local/lib/python3.12/site-packages/airflow/example_dags/example_subdag_operator.py
[2024-08-23T10:26:37.506+0000] {processor.py:925} INFO - DAG(s) 'example_subdag_operator.section-1', 'example_subdag_operator.section-2', 'example_subdag_operator' retrieved from /home/airflow/.local/lib/python3.12/site-packages/airflow/example_dags/example_subdag_operator.py
[2024-08-23T10:26:37.520+0000] {logging_mixin.py:190} INFO - [2024-08-23T10:26:37.520+0000] {dag.py:3211} INFO - Sync 3 DAGs
[2024-08-23T10:26:37.540+0000] {logging_mixin.py:190} INFO - [2024-08-23T10:26:37.539+0000] {dag.py:4138} INFO - Setting next_dagrun for example_subdag_operator to 2022-01-01 00:00:00+00:00, run_after=2022-01-01 00:00:00+00:00
[2024-08-23T10:26:37.543+0000] {logging_mixin.py:190} INFO - [2024-08-23T10:26:37.543+0000] {dag.py:4138} INFO - Setting next_dagrun for example_subdag_operator.section-1 to None, run_after=None
[2024-08-23T10:26:37.545+0000] {logging_mixin.py:190} INFO - [2024-08-23T10:26:37.545+0000] {dag.py:4138} INFO - Setting next_dagrun for example_subdag_operator.section-2 to None, run_after=None
[2024-08-23T10:26:37.552+0000] {logging_mixin.py:190} INFO - [2024-08-23T10:26:37.551+0000] {dag.py:3211} INFO - Sync 2 DAGs
[2024-08-23T10:26:37.557+0000] {logging_mixin.py:190} INFO - [2024-08-23T10:26:37.557+0000] {dag.py:4138} INFO - Setting next_dagrun for example_subdag_operator.section-1 to None, run_after=None
[2024-08-23T10:26:37.558+0000] {logging_mixin.py:190} INFO - [2024-08-23T10:26:37.557+0000] {dag.py:4138} INFO - Setting next_dagrun for example_subdag_operator.section-2 to None, run_after=None
[2024-08-23T10:26:37.571+0000] {processor.py:208} INFO - Processing /home/airflow/.local/lib/python3.12/site-packages/airflow/example_dags/example_subdag_operator.py took 0.105 seconds
[2024-08-23T10:27:09.147+0000] {processor.py:186} INFO - Started process (PID=341) to work on /home/airflow/.local/lib/python3.12/site-packages/airflow/example_dags/example_subdag_operator.py
[2024-08-23T10:27:09.149+0000] {processor.py:914} INFO - Processing file /home/airflow/.local/lib/python3.12/site-packages/airflow/example_dags/example_subdag_operator.py for tasks to queue
[2024-08-23T10:27:09.154+0000] {logging_mixin.py:190} INFO - [2024-08-23T10:27:09.154+0000] {dagbag.py:587} INFO - Filling up the DagBag from /home/airflow/.local/lib/python3.12/site-packages/airflow/example_dags/example_subdag_operator.py
[2024-08-23T10:27:09.201+0000] {processor.py:925} INFO - DAG(s) 'example_subdag_operator.section-1', 'example_subdag_operator.section-2', 'example_subdag_operator' retrieved from /home/airflow/.local/lib/python3.12/site-packages/airflow/example_dags/example_subdag_operator.py
[2024-08-23T10:27:09.230+0000] {logging_mixin.py:190} INFO - [2024-08-23T10:27:09.229+0000] {dag.py:3211} INFO - Sync 3 DAGs
[2024-08-23T10:27:09.276+0000] {logging_mixin.py:190} INFO - [2024-08-23T10:27:09.276+0000] {dag.py:4138} INFO - Setting next_dagrun for example_subdag_operator to 2022-01-01 00:00:00+00:00, run_after=2022-01-01 00:00:00+00:00
[2024-08-23T10:27:09.284+0000] {logging_mixin.py:190} INFO - [2024-08-23T10:27:09.284+0000] {dag.py:4138} INFO - Setting next_dagrun for example_subdag_operator.section-1 to None, run_after=None
[2024-08-23T10:27:09.287+0000] {logging_mixin.py:190} INFO - [2024-08-23T10:27:09.287+0000] {dag.py:4138} INFO - Setting next_dagrun for example_subdag_operator.section-2 to None, run_after=None
[2024-08-23T10:27:09.304+0000] {logging_mixin.py:190} INFO - [2024-08-23T10:27:09.304+0000] {dag.py:3211} INFO - Sync 2 DAGs
[2024-08-23T10:27:09.317+0000] {logging_mixin.py:190} INFO - [2024-08-23T10:27:09.317+0000] {dag.py:4138} INFO - Setting next_dagrun for example_subdag_operator.section-1 to None, run_after=None
[2024-08-23T10:27:09.318+0000] {logging_mixin.py:190} INFO - [2024-08-23T10:27:09.318+0000] {dag.py:4138} INFO - Setting next_dagrun for example_subdag_operator.section-2 to None, run_after=None
[2024-08-23T10:27:09.339+0000] {processor.py:208} INFO - Processing /home/airflow/.local/lib/python3.12/site-packages/airflow/example_dags/example_subdag_operator.py took 0.206 seconds
[2024-08-23T10:27:39.975+0000] {processor.py:186} INFO - Started process (PID=403) to work on /home/airflow/.local/lib/python3.12/site-packages/airflow/example_dags/example_subdag_operator.py
[2024-08-23T10:27:39.978+0000] {processor.py:914} INFO - Processing file /home/airflow/.local/lib/python3.12/site-packages/airflow/example_dags/example_subdag_operator.py for tasks to queue
[2024-08-23T10:27:39.993+0000] {logging_mixin.py:190} INFO - [2024-08-23T10:27:39.992+0000] {dagbag.py:587} INFO - Filling up the DagBag from /home/airflow/.local/lib/python3.12/site-packages/airflow/example_dags/example_subdag_operator.py
[2024-08-23T10:27:40.098+0000] {processor.py:925} INFO - DAG(s) 'example_subdag_operator.section-1', 'example_subdag_operator.section-2', 'example_subdag_operator' retrieved from /home/airflow/.local/lib/python3.12/site-packages/airflow/example_dags/example_subdag_operator.py
[2024-08-23T10:27:40.158+0000] {logging_mixin.py:190} INFO - [2024-08-23T10:27:40.158+0000] {dag.py:3211} INFO - Sync 3 DAGs
[2024-08-23T10:27:40.239+0000] {logging_mixin.py:190} INFO - [2024-08-23T10:27:40.238+0000] {dag.py:4138} INFO - Setting next_dagrun for example_subdag_operator to 2022-01-01 00:00:00+00:00, run_after=2022-01-01 00:00:00+00:00
[2024-08-23T10:27:40.251+0000] {logging_mixin.py:190} INFO - [2024-08-23T10:27:40.250+0000] {dag.py:4138} INFO - Setting next_dagrun for example_subdag_operator.section-1 to None, run_after=None
[2024-08-23T10:27:40.256+0000] {logging_mixin.py:190} INFO - [2024-08-23T10:27:40.255+0000] {dag.py:4138} INFO - Setting next_dagrun for example_subdag_operator.section-2 to None, run_after=None
[2024-08-23T10:27:40.276+0000] {logging_mixin.py:190} INFO - [2024-08-23T10:27:40.275+0000] {dag.py:3211} INFO - Sync 2 DAGs
[2024-08-23T10:27:40.291+0000] {logging_mixin.py:190} INFO - [2024-08-23T10:27:40.290+0000] {dag.py:4138} INFO - Setting next_dagrun for example_subdag_operator.section-1 to None, run_after=None
[2024-08-23T10:27:40.293+0000] {logging_mixin.py:190} INFO - [2024-08-23T10:27:40.292+0000] {dag.py:4138} INFO - Setting next_dagrun for example_subdag_operator.section-2 to None, run_after=None
[2024-08-23T10:27:40.332+0000] {processor.py:208} INFO - Processing /home/airflow/.local/lib/python3.12/site-packages/airflow/example_dags/example_subdag_operator.py took 0.391 seconds
[2024-08-23T10:28:11.231+0000] {processor.py:186} INFO - Started process (PID=465) to work on /home/airflow/.local/lib/python3.12/site-packages/airflow/example_dags/example_subdag_operator.py
[2024-08-23T10:28:11.232+0000] {processor.py:914} INFO - Processing file /home/airflow/.local/lib/python3.12/site-packages/airflow/example_dags/example_subdag_operator.py for tasks to queue
[2024-08-23T10:28:11.235+0000] {logging_mixin.py:190} INFO - [2024-08-23T10:28:11.235+0000] {dagbag.py:587} INFO - Filling up the DagBag from /home/airflow/.local/lib/python3.12/site-packages/airflow/example_dags/example_subdag_operator.py
[2024-08-23T10:28:11.261+0000] {processor.py:925} INFO - DAG(s) 'example_subdag_operator.section-1', 'example_subdag_operator.section-2', 'example_subdag_operator' retrieved from /home/airflow/.local/lib/python3.12/site-packages/airflow/example_dags/example_subdag_operator.py
[2024-08-23T10:28:11.276+0000] {logging_mixin.py:190} INFO - [2024-08-23T10:28:11.275+0000] {dag.py:3211} INFO - Sync 3 DAGs
[2024-08-23T10:28:11.296+0000] {logging_mixin.py:190} INFO - [2024-08-23T10:28:11.295+0000] {dag.py:4138} INFO - Setting next_dagrun for example_subdag_operator to 2022-01-01 00:00:00+00:00, run_after=2022-01-01 00:00:00+00:00
[2024-08-23T10:28:11.299+0000] {logging_mixin.py:190} INFO - [2024-08-23T10:28:11.299+0000] {dag.py:4138} INFO - Setting next_dagrun for example_subdag_operator.section-1 to None, run_after=None
[2024-08-23T10:28:11.301+0000] {logging_mixin.py:190} INFO - [2024-08-23T10:28:11.301+0000] {dag.py:4138} INFO - Setting next_dagrun for example_subdag_operator.section-2 to None, run_after=None
[2024-08-23T10:28:11.308+0000] {logging_mixin.py:190} INFO - [2024-08-23T10:28:11.308+0000] {dag.py:3211} INFO - Sync 2 DAGs
[2024-08-23T10:28:11.314+0000] {logging_mixin.py:190} INFO - [2024-08-23T10:28:11.313+0000] {dag.py:4138} INFO - Setting next_dagrun for example_subdag_operator.section-1 to None, run_after=None
[2024-08-23T10:28:11.314+0000] {logging_mixin.py:190} INFO - [2024-08-23T10:28:11.314+0000] {dag.py:4138} INFO - Setting next_dagrun for example_subdag_operator.section-2 to None, run_after=None
[2024-08-23T10:28:11.328+0000] {processor.py:208} INFO - Processing /home/airflow/.local/lib/python3.12/site-packages/airflow/example_dags/example_subdag_operator.py took 0.102 seconds
