[2024-08-23T06:38:29.548+0000] {processor.py:186} INFO - Started process (PID=72) to work on /home/airflow/.local/lib/python3.12/site-packages/airflow/example_dags/example_inlet_event_extra.py
[2024-08-23T06:38:29.549+0000] {processor.py:914} INFO - Processing file /home/airflow/.local/lib/python3.12/site-packages/airflow/example_dags/example_inlet_event_extra.py for tasks to queue
[2024-08-23T06:38:29.552+0000] {logging_mixin.py:190} INFO - [2024-08-23T06:38:29.551+0000] {dagbag.py:587} INFO - Filling up the DagBag from /home/airflow/.local/lib/python3.12/site-packages/airflow/example_dags/example_inlet_event_extra.py
[2024-08-23T06:38:29.835+0000] {processor.py:925} INFO - DAG(s) 'read_dataset_event_from_classic', 'read_dataset_event' retrieved from /home/airflow/.local/lib/python3.12/site-packages/airflow/example_dags/example_inlet_event_extra.py
[2024-08-23T06:38:29.967+0000] {logging_mixin.py:190} INFO - [2024-08-23T06:38:29.966+0000] {override.py:1858} INFO - Created Permission View: can edit on DAG:read_dataset_event_from_classic
[2024-08-23T06:38:29.981+0000] {logging_mixin.py:190} INFO - [2024-08-23T06:38:29.980+0000] {override.py:1858} INFO - Created Permission View: can delete on DAG:read_dataset_event_from_classic
[2024-08-23T06:38:29.989+0000] {logging_mixin.py:190} INFO - [2024-08-23T06:38:29.989+0000] {override.py:1858} INFO - Created Permission View: can read on DAG:read_dataset_event_from_classic
[2024-08-23T06:38:30.015+0000] {logging_mixin.py:190} INFO - [2024-08-23T06:38:30.014+0000] {override.py:1858} INFO - Created Permission View: can edit on DAG:read_dataset_event
[2024-08-23T06:38:30.025+0000] {logging_mixin.py:190} INFO - [2024-08-23T06:38:30.024+0000] {override.py:1858} INFO - Created Permission View: can delete on DAG:read_dataset_event
[2024-08-23T06:38:30.034+0000] {logging_mixin.py:190} INFO - [2024-08-23T06:38:30.034+0000] {override.py:1858} INFO - Created Permission View: can read on DAG:read_dataset_event
[2024-08-23T06:38:30.035+0000] {logging_mixin.py:190} INFO - [2024-08-23T06:38:30.035+0000] {dag.py:3211} INFO - Sync 2 DAGs
[2024-08-23T06:38:30.055+0000] {logging_mixin.py:190} INFO - [2024-08-23T06:38:30.055+0000] {dag.py:3234} INFO - Creating ORM DAG for read_dataset_event_from_classic
[2024-08-23T06:38:30.056+0000] {logging_mixin.py:190} INFO - [2024-08-23T06:38:30.056+0000] {dag.py:3234} INFO - Creating ORM DAG for read_dataset_event
[2024-08-23T06:38:30.076+0000] {logging_mixin.py:190} INFO - [2024-08-23T06:38:30.076+0000] {dag.py:4138} INFO - Setting next_dagrun for read_dataset_event to 2024-08-22 00:00:00+00:00, run_after=2024-08-23 00:00:00+00:00
[2024-08-23T06:38:30.079+0000] {logging_mixin.py:190} INFO - [2024-08-23T06:38:30.079+0000] {dag.py:4138} INFO - Setting next_dagrun for read_dataset_event_from_classic to 2024-08-22 00:00:00+00:00, run_after=2024-08-23 00:00:00+00:00
[2024-08-23T06:38:30.100+0000] {processor.py:208} INFO - Processing /home/airflow/.local/lib/python3.12/site-packages/airflow/example_dags/example_inlet_event_extra.py took 0.557 seconds
[2024-08-23T06:39:00.668+0000] {processor.py:186} INFO - Started process (PID=134) to work on /home/airflow/.local/lib/python3.12/site-packages/airflow/example_dags/example_inlet_event_extra.py
[2024-08-23T06:39:00.672+0000] {processor.py:914} INFO - Processing file /home/airflow/.local/lib/python3.12/site-packages/airflow/example_dags/example_inlet_event_extra.py for tasks to queue
[2024-08-23T06:39:00.674+0000] {logging_mixin.py:190} INFO - [2024-08-23T06:39:00.674+0000] {dagbag.py:587} INFO - Filling up the DagBag from /home/airflow/.local/lib/python3.12/site-packages/airflow/example_dags/example_inlet_event_extra.py
[2024-08-23T06:39:00.816+0000] {processor.py:925} INFO - DAG(s) 'read_dataset_event', 'read_dataset_event_from_classic' retrieved from /home/airflow/.local/lib/python3.12/site-packages/airflow/example_dags/example_inlet_event_extra.py
[2024-08-23T06:39:00.839+0000] {logging_mixin.py:190} INFO - [2024-08-23T06:39:00.839+0000] {dag.py:3211} INFO - Sync 2 DAGs
[2024-08-23T06:39:00.868+0000] {logging_mixin.py:190} INFO - [2024-08-23T06:39:00.868+0000] {dag.py:4138} INFO - Setting next_dagrun for read_dataset_event to 2024-08-22 00:00:00+00:00, run_after=2024-08-23 00:00:00+00:00
[2024-08-23T06:39:00.873+0000] {logging_mixin.py:190} INFO - [2024-08-23T06:39:00.873+0000] {dag.py:4138} INFO - Setting next_dagrun for read_dataset_event_from_classic to 2024-08-22 00:00:00+00:00, run_after=2024-08-23 00:00:00+00:00
[2024-08-23T06:39:00.890+0000] {processor.py:208} INFO - Processing /home/airflow/.local/lib/python3.12/site-packages/airflow/example_dags/example_inlet_event_extra.py took 0.228 seconds
[2024-08-23T06:39:31.242+0000] {processor.py:186} INFO - Started process (PID=196) to work on /home/airflow/.local/lib/python3.12/site-packages/airflow/example_dags/example_inlet_event_extra.py
[2024-08-23T06:39:31.244+0000] {processor.py:914} INFO - Processing file /home/airflow/.local/lib/python3.12/site-packages/airflow/example_dags/example_inlet_event_extra.py for tasks to queue
[2024-08-23T06:39:31.246+0000] {logging_mixin.py:190} INFO - [2024-08-23T06:39:31.246+0000] {dagbag.py:587} INFO - Filling up the DagBag from /home/airflow/.local/lib/python3.12/site-packages/airflow/example_dags/example_inlet_event_extra.py
[2024-08-23T06:39:31.421+0000] {processor.py:925} INFO - DAG(s) 'read_dataset_event_from_classic', 'read_dataset_event' retrieved from /home/airflow/.local/lib/python3.12/site-packages/airflow/example_dags/example_inlet_event_extra.py
[2024-08-23T06:39:31.450+0000] {logging_mixin.py:190} INFO - [2024-08-23T06:39:31.449+0000] {dag.py:3211} INFO - Sync 2 DAGs
[2024-08-23T06:39:31.484+0000] {logging_mixin.py:190} INFO - [2024-08-23T06:39:31.484+0000] {dag.py:4138} INFO - Setting next_dagrun for read_dataset_event to 2024-08-22 00:00:00+00:00, run_after=2024-08-23 00:00:00+00:00
[2024-08-23T06:39:31.492+0000] {logging_mixin.py:190} INFO - [2024-08-23T06:39:31.492+0000] {dag.py:4138} INFO - Setting next_dagrun for read_dataset_event_from_classic to 2024-08-22 00:00:00+00:00, run_after=2024-08-23 00:00:00+00:00
[2024-08-23T06:39:31.514+0000] {processor.py:208} INFO - Processing /home/airflow/.local/lib/python3.12/site-packages/airflow/example_dags/example_inlet_event_extra.py took 0.278 seconds
[2024-08-23T06:40:01.633+0000] {processor.py:186} INFO - Started process (PID=258) to work on /home/airflow/.local/lib/python3.12/site-packages/airflow/example_dags/example_inlet_event_extra.py
[2024-08-23T06:40:01.634+0000] {processor.py:914} INFO - Processing file /home/airflow/.local/lib/python3.12/site-packages/airflow/example_dags/example_inlet_event_extra.py for tasks to queue
[2024-08-23T06:40:01.637+0000] {logging_mixin.py:190} INFO - [2024-08-23T06:40:01.637+0000] {dagbag.py:587} INFO - Filling up the DagBag from /home/airflow/.local/lib/python3.12/site-packages/airflow/example_dags/example_inlet_event_extra.py
[2024-08-23T06:40:01.804+0000] {processor.py:925} INFO - DAG(s) 'read_dataset_event_from_classic', 'read_dataset_event' retrieved from /home/airflow/.local/lib/python3.12/site-packages/airflow/example_dags/example_inlet_event_extra.py
[2024-08-23T06:40:01.828+0000] {logging_mixin.py:190} INFO - [2024-08-23T06:40:01.828+0000] {dag.py:3211} INFO - Sync 2 DAGs
[2024-08-23T06:40:01.853+0000] {logging_mixin.py:190} INFO - [2024-08-23T06:40:01.853+0000] {dag.py:4138} INFO - Setting next_dagrun for read_dataset_event to 2024-08-22 00:00:00+00:00, run_after=2024-08-23 00:00:00+00:00
[2024-08-23T06:40:01.859+0000] {logging_mixin.py:190} INFO - [2024-08-23T06:40:01.859+0000] {dag.py:4138} INFO - Setting next_dagrun for read_dataset_event_from_classic to 2024-08-22 00:00:00+00:00, run_after=2024-08-23 00:00:00+00:00
[2024-08-23T06:40:01.875+0000] {processor.py:208} INFO - Processing /home/airflow/.local/lib/python3.12/site-packages/airflow/example_dags/example_inlet_event_extra.py took 0.248 seconds
[2024-08-23T06:40:32.552+0000] {processor.py:186} INFO - Started process (PID=320) to work on /home/airflow/.local/lib/python3.12/site-packages/airflow/example_dags/example_inlet_event_extra.py
[2024-08-23T06:40:32.554+0000] {processor.py:914} INFO - Processing file /home/airflow/.local/lib/python3.12/site-packages/airflow/example_dags/example_inlet_event_extra.py for tasks to queue
[2024-08-23T06:40:32.557+0000] {logging_mixin.py:190} INFO - [2024-08-23T06:40:32.556+0000] {dagbag.py:587} INFO - Filling up the DagBag from /home/airflow/.local/lib/python3.12/site-packages/airflow/example_dags/example_inlet_event_extra.py
[2024-08-23T06:40:32.868+0000] {processor.py:925} INFO - DAG(s) 'read_dataset_event', 'read_dataset_event_from_classic' retrieved from /home/airflow/.local/lib/python3.12/site-packages/airflow/example_dags/example_inlet_event_extra.py
[2024-08-23T06:40:32.920+0000] {logging_mixin.py:190} INFO - [2024-08-23T06:40:32.918+0000] {dag.py:3211} INFO - Sync 2 DAGs
[2024-08-23T06:40:32.974+0000] {logging_mixin.py:190} INFO - [2024-08-23T06:40:32.974+0000] {dag.py:4138} INFO - Setting next_dagrun for read_dataset_event to 2024-08-22 00:00:00+00:00, run_after=2024-08-23 00:00:00+00:00
[2024-08-23T06:40:32.985+0000] {logging_mixin.py:190} INFO - [2024-08-23T06:40:32.984+0000] {dag.py:4138} INFO - Setting next_dagrun for read_dataset_event_from_classic to 2024-08-22 00:00:00+00:00, run_after=2024-08-23 00:00:00+00:00
[2024-08-23T06:40:33.015+0000] {processor.py:208} INFO - Processing /home/airflow/.local/lib/python3.12/site-packages/airflow/example_dags/example_inlet_event_extra.py took 0.472 seconds
[2024-08-23T06:41:03.187+0000] {processor.py:186} INFO - Started process (PID=382) to work on /home/airflow/.local/lib/python3.12/site-packages/airflow/example_dags/example_inlet_event_extra.py
[2024-08-23T06:41:03.192+0000] {processor.py:914} INFO - Processing file /home/airflow/.local/lib/python3.12/site-packages/airflow/example_dags/example_inlet_event_extra.py for tasks to queue
[2024-08-23T06:41:03.196+0000] {logging_mixin.py:190} INFO - [2024-08-23T06:41:03.195+0000] {dagbag.py:587} INFO - Filling up the DagBag from /home/airflow/.local/lib/python3.12/site-packages/airflow/example_dags/example_inlet_event_extra.py
[2024-08-23T06:41:03.560+0000] {processor.py:925} INFO - DAG(s) 'read_dataset_event_from_classic', 'read_dataset_event' retrieved from /home/airflow/.local/lib/python3.12/site-packages/airflow/example_dags/example_inlet_event_extra.py
[2024-08-23T06:41:03.629+0000] {logging_mixin.py:190} INFO - [2024-08-23T06:41:03.629+0000] {dag.py:3211} INFO - Sync 2 DAGs
[2024-08-23T06:41:03.695+0000] {logging_mixin.py:190} INFO - [2024-08-23T06:41:03.695+0000] {dag.py:4138} INFO - Setting next_dagrun for read_dataset_event to 2024-08-22 00:00:00+00:00, run_after=2024-08-23 00:00:00+00:00
[2024-08-23T06:41:03.701+0000] {logging_mixin.py:190} INFO - [2024-08-23T06:41:03.701+0000] {dag.py:4138} INFO - Setting next_dagrun for read_dataset_event_from_classic to 2024-08-22 00:00:00+00:00, run_after=2024-08-23 00:00:00+00:00
[2024-08-23T06:41:03.724+0000] {processor.py:208} INFO - Processing /home/airflow/.local/lib/python3.12/site-packages/airflow/example_dags/example_inlet_event_extra.py took 0.548 seconds
[2024-08-23T06:41:33.908+0000] {processor.py:186} INFO - Started process (PID=444) to work on /home/airflow/.local/lib/python3.12/site-packages/airflow/example_dags/example_inlet_event_extra.py
[2024-08-23T06:41:33.910+0000] {processor.py:914} INFO - Processing file /home/airflow/.local/lib/python3.12/site-packages/airflow/example_dags/example_inlet_event_extra.py for tasks to queue
[2024-08-23T06:41:33.915+0000] {logging_mixin.py:190} INFO - [2024-08-23T06:41:33.913+0000] {dagbag.py:587} INFO - Filling up the DagBag from /home/airflow/.local/lib/python3.12/site-packages/airflow/example_dags/example_inlet_event_extra.py
[2024-08-23T06:41:34.080+0000] {processor.py:925} INFO - DAG(s) 'read_dataset_event', 'read_dataset_event_from_classic' retrieved from /home/airflow/.local/lib/python3.12/site-packages/airflow/example_dags/example_inlet_event_extra.py
[2024-08-23T06:41:34.106+0000] {logging_mixin.py:190} INFO - [2024-08-23T06:41:34.106+0000] {dag.py:3211} INFO - Sync 2 DAGs
[2024-08-23T06:41:34.135+0000] {logging_mixin.py:190} INFO - [2024-08-23T06:41:34.134+0000] {dag.py:4138} INFO - Setting next_dagrun for read_dataset_event to 2024-08-22 00:00:00+00:00, run_after=2024-08-23 00:00:00+00:00
[2024-08-23T06:41:34.140+0000] {logging_mixin.py:190} INFO - [2024-08-23T06:41:34.140+0000] {dag.py:4138} INFO - Setting next_dagrun for read_dataset_event_from_classic to 2024-08-22 00:00:00+00:00, run_after=2024-08-23 00:00:00+00:00
[2024-08-23T06:41:34.159+0000] {processor.py:208} INFO - Processing /home/airflow/.local/lib/python3.12/site-packages/airflow/example_dags/example_inlet_event_extra.py took 0.260 seconds
[2024-08-23T06:42:04.922+0000] {processor.py:186} INFO - Started process (PID=506) to work on /home/airflow/.local/lib/python3.12/site-packages/airflow/example_dags/example_inlet_event_extra.py
[2024-08-23T06:42:04.923+0000] {processor.py:914} INFO - Processing file /home/airflow/.local/lib/python3.12/site-packages/airflow/example_dags/example_inlet_event_extra.py for tasks to queue
[2024-08-23T06:42:04.927+0000] {logging_mixin.py:190} INFO - [2024-08-23T06:42:04.926+0000] {dagbag.py:587} INFO - Filling up the DagBag from /home/airflow/.local/lib/python3.12/site-packages/airflow/example_dags/example_inlet_event_extra.py
[2024-08-23T06:42:05.097+0000] {processor.py:925} INFO - DAG(s) 'read_dataset_event', 'read_dataset_event_from_classic' retrieved from /home/airflow/.local/lib/python3.12/site-packages/airflow/example_dags/example_inlet_event_extra.py
[2024-08-23T06:42:05.119+0000] {logging_mixin.py:190} INFO - [2024-08-23T06:42:05.119+0000] {dag.py:3211} INFO - Sync 2 DAGs
[2024-08-23T06:42:05.143+0000] {logging_mixin.py:190} INFO - [2024-08-23T06:42:05.143+0000] {dag.py:4138} INFO - Setting next_dagrun for read_dataset_event to 2024-08-22 00:00:00+00:00, run_after=2024-08-23 00:00:00+00:00
[2024-08-23T06:42:05.147+0000] {logging_mixin.py:190} INFO - [2024-08-23T06:42:05.147+0000] {dag.py:4138} INFO - Setting next_dagrun for read_dataset_event_from_classic to 2024-08-22 00:00:00+00:00, run_after=2024-08-23 00:00:00+00:00
[2024-08-23T06:42:05.164+0000] {processor.py:208} INFO - Processing /home/airflow/.local/lib/python3.12/site-packages/airflow/example_dags/example_inlet_event_extra.py took 0.252 seconds
[2024-08-23T07:54:04.156+0000] {processor.py:186} INFO - Started process (PID=75) to work on /home/airflow/.local/lib/python3.12/site-packages/airflow/example_dags/example_inlet_event_extra.py
[2024-08-23T07:54:04.159+0000] {processor.py:914} INFO - Processing file /home/airflow/.local/lib/python3.12/site-packages/airflow/example_dags/example_inlet_event_extra.py for tasks to queue
[2024-08-23T07:54:04.165+0000] {logging_mixin.py:190} INFO - [2024-08-23T07:54:04.164+0000] {dagbag.py:587} INFO - Filling up the DagBag from /home/airflow/.local/lib/python3.12/site-packages/airflow/example_dags/example_inlet_event_extra.py
[2024-08-23T07:54:06.094+0000] {processor.py:925} INFO - DAG(s) 'read_dataset_event_from_classic', 'read_dataset_event' retrieved from /home/airflow/.local/lib/python3.12/site-packages/airflow/example_dags/example_inlet_event_extra.py
[2024-08-23T07:54:06.170+0000] {logging_mixin.py:190} INFO - [2024-08-23T07:54:06.169+0000] {dag.py:3211} INFO - Sync 2 DAGs
[2024-08-23T07:54:06.282+0000] {logging_mixin.py:190} INFO - [2024-08-23T07:54:06.280+0000] {dag.py:4138} INFO - Setting next_dagrun for read_dataset_event to 2024-08-22 00:00:00+00:00, run_after=2024-08-23 00:00:00+00:00
[2024-08-23T07:54:06.300+0000] {logging_mixin.py:190} INFO - [2024-08-23T07:54:06.299+0000] {dag.py:4138} INFO - Setting next_dagrun for read_dataset_event_from_classic to 2024-08-22 00:00:00+00:00, run_after=2024-08-23 00:00:00+00:00
[2024-08-23T07:54:06.360+0000] {processor.py:208} INFO - Processing /home/airflow/.local/lib/python3.12/site-packages/airflow/example_dags/example_inlet_event_extra.py took 2.221 seconds
[2024-08-23T07:54:37.123+0000] {processor.py:186} INFO - Started process (PID=137) to work on /home/airflow/.local/lib/python3.12/site-packages/airflow/example_dags/example_inlet_event_extra.py
[2024-08-23T07:54:37.125+0000] {processor.py:914} INFO - Processing file /home/airflow/.local/lib/python3.12/site-packages/airflow/example_dags/example_inlet_event_extra.py for tasks to queue
[2024-08-23T07:54:37.128+0000] {logging_mixin.py:190} INFO - [2024-08-23T07:54:37.128+0000] {dagbag.py:587} INFO - Filling up the DagBag from /home/airflow/.local/lib/python3.12/site-packages/airflow/example_dags/example_inlet_event_extra.py
[2024-08-23T07:54:37.238+0000] {processor.py:925} INFO - DAG(s) 'read_dataset_event', 'read_dataset_event_from_classic' retrieved from /home/airflow/.local/lib/python3.12/site-packages/airflow/example_dags/example_inlet_event_extra.py
[2024-08-23T07:54:37.259+0000] {logging_mixin.py:190} INFO - [2024-08-23T07:54:37.258+0000] {dag.py:3211} INFO - Sync 2 DAGs
[2024-08-23T07:54:37.281+0000] {logging_mixin.py:190} INFO - [2024-08-23T07:54:37.281+0000] {dag.py:4138} INFO - Setting next_dagrun for read_dataset_event to 2024-08-22 00:00:00+00:00, run_after=2024-08-23 00:00:00+00:00
[2024-08-23T07:54:37.286+0000] {logging_mixin.py:190} INFO - [2024-08-23T07:54:37.286+0000] {dag.py:4138} INFO - Setting next_dagrun for read_dataset_event_from_classic to 2024-08-22 00:00:00+00:00, run_after=2024-08-23 00:00:00+00:00
[2024-08-23T07:54:37.302+0000] {processor.py:208} INFO - Processing /home/airflow/.local/lib/python3.12/site-packages/airflow/example_dags/example_inlet_event_extra.py took 0.183 seconds
[2024-08-23T07:55:07.768+0000] {processor.py:186} INFO - Started process (PID=199) to work on /home/airflow/.local/lib/python3.12/site-packages/airflow/example_dags/example_inlet_event_extra.py
[2024-08-23T07:55:07.770+0000] {processor.py:914} INFO - Processing file /home/airflow/.local/lib/python3.12/site-packages/airflow/example_dags/example_inlet_event_extra.py for tasks to queue
[2024-08-23T07:55:07.774+0000] {logging_mixin.py:190} INFO - [2024-08-23T07:55:07.773+0000] {dagbag.py:587} INFO - Filling up the DagBag from /home/airflow/.local/lib/python3.12/site-packages/airflow/example_dags/example_inlet_event_extra.py
[2024-08-23T07:55:07.937+0000] {processor.py:925} INFO - DAG(s) 'read_dataset_event_from_classic', 'read_dataset_event' retrieved from /home/airflow/.local/lib/python3.12/site-packages/airflow/example_dags/example_inlet_event_extra.py
[2024-08-23T07:55:07.966+0000] {logging_mixin.py:190} INFO - [2024-08-23T07:55:07.966+0000] {dag.py:3211} INFO - Sync 2 DAGs
[2024-08-23T07:55:07.998+0000] {logging_mixin.py:190} INFO - [2024-08-23T07:55:07.997+0000] {dag.py:4138} INFO - Setting next_dagrun for read_dataset_event to 2024-08-22 00:00:00+00:00, run_after=2024-08-23 00:00:00+00:00
[2024-08-23T07:55:08.005+0000] {logging_mixin.py:190} INFO - [2024-08-23T07:55:08.005+0000] {dag.py:4138} INFO - Setting next_dagrun for read_dataset_event_from_classic to 2024-08-22 00:00:00+00:00, run_after=2024-08-23 00:00:00+00:00
[2024-08-23T07:55:08.033+0000] {processor.py:208} INFO - Processing /home/airflow/.local/lib/python3.12/site-packages/airflow/example_dags/example_inlet_event_extra.py took 0.269 seconds
[2024-08-23T07:55:38.604+0000] {processor.py:186} INFO - Started process (PID=262) to work on /home/airflow/.local/lib/python3.12/site-packages/airflow/example_dags/example_inlet_event_extra.py
[2024-08-23T07:55:38.606+0000] {processor.py:914} INFO - Processing file /home/airflow/.local/lib/python3.12/site-packages/airflow/example_dags/example_inlet_event_extra.py for tasks to queue
[2024-08-23T07:55:38.608+0000] {logging_mixin.py:190} INFO - [2024-08-23T07:55:38.608+0000] {dagbag.py:587} INFO - Filling up the DagBag from /home/airflow/.local/lib/python3.12/site-packages/airflow/example_dags/example_inlet_event_extra.py
[2024-08-23T07:55:38.735+0000] {processor.py:925} INFO - DAG(s) 'read_dataset_event_from_classic', 'read_dataset_event' retrieved from /home/airflow/.local/lib/python3.12/site-packages/airflow/example_dags/example_inlet_event_extra.py
[2024-08-23T07:55:38.764+0000] {logging_mixin.py:190} INFO - [2024-08-23T07:55:38.764+0000] {dag.py:3211} INFO - Sync 2 DAGs
[2024-08-23T07:55:38.792+0000] {logging_mixin.py:190} INFO - [2024-08-23T07:55:38.791+0000] {dag.py:4138} INFO - Setting next_dagrun for read_dataset_event to 2024-08-22 00:00:00+00:00, run_after=2024-08-23 00:00:00+00:00
[2024-08-23T07:55:38.797+0000] {logging_mixin.py:190} INFO - [2024-08-23T07:55:38.797+0000] {dag.py:4138} INFO - Setting next_dagrun for read_dataset_event_from_classic to 2024-08-22 00:00:00+00:00, run_after=2024-08-23 00:00:00+00:00
[2024-08-23T07:55:38.817+0000] {processor.py:208} INFO - Processing /home/airflow/.local/lib/python3.12/site-packages/airflow/example_dags/example_inlet_event_extra.py took 0.218 seconds
[2024-08-23T08:20:31.648+0000] {processor.py:186} INFO - Started process (PID=70) to work on /home/airflow/.local/lib/python3.12/site-packages/airflow/example_dags/example_inlet_event_extra.py
[2024-08-23T08:20:31.650+0000] {processor.py:914} INFO - Processing file /home/airflow/.local/lib/python3.12/site-packages/airflow/example_dags/example_inlet_event_extra.py for tasks to queue
[2024-08-23T08:20:31.653+0000] {logging_mixin.py:190} INFO - [2024-08-23T08:20:31.652+0000] {dagbag.py:587} INFO - Filling up the DagBag from /home/airflow/.local/lib/python3.12/site-packages/airflow/example_dags/example_inlet_event_extra.py
[2024-08-23T08:20:31.804+0000] {processor.py:925} INFO - DAG(s) 'read_dataset_event', 'read_dataset_event_from_classic' retrieved from /home/airflow/.local/lib/python3.12/site-packages/airflow/example_dags/example_inlet_event_extra.py
[2024-08-23T08:20:31.828+0000] {logging_mixin.py:190} INFO - [2024-08-23T08:20:31.828+0000] {dag.py:3211} INFO - Sync 2 DAGs
[2024-08-23T08:20:31.857+0000] {logging_mixin.py:190} INFO - [2024-08-23T08:20:31.856+0000] {dag.py:4138} INFO - Setting next_dagrun for read_dataset_event to 2024-08-22 00:00:00+00:00, run_after=2024-08-23 00:00:00+00:00
[2024-08-23T08:20:31.861+0000] {logging_mixin.py:190} INFO - [2024-08-23T08:20:31.861+0000] {dag.py:4138} INFO - Setting next_dagrun for read_dataset_event_from_classic to 2024-08-22 00:00:00+00:00, run_after=2024-08-23 00:00:00+00:00
[2024-08-23T08:20:31.878+0000] {processor.py:208} INFO - Processing /home/airflow/.local/lib/python3.12/site-packages/airflow/example_dags/example_inlet_event_extra.py took 0.235 seconds
[2024-08-23T08:23:26.066+0000] {processor.py:186} INFO - Started process (PID=67) to work on /home/airflow/.local/lib/python3.12/site-packages/airflow/example_dags/example_inlet_event_extra.py
[2024-08-23T08:23:26.068+0000] {processor.py:914} INFO - Processing file /home/airflow/.local/lib/python3.12/site-packages/airflow/example_dags/example_inlet_event_extra.py for tasks to queue
[2024-08-23T08:23:26.071+0000] {logging_mixin.py:190} INFO - [2024-08-23T08:23:26.071+0000] {dagbag.py:587} INFO - Filling up the DagBag from /home/airflow/.local/lib/python3.12/site-packages/airflow/example_dags/example_inlet_event_extra.py
[2024-08-23T08:23:26.247+0000] {processor.py:925} INFO - DAG(s) 'read_dataset_event', 'read_dataset_event_from_classic' retrieved from /home/airflow/.local/lib/python3.12/site-packages/airflow/example_dags/example_inlet_event_extra.py
[2024-08-23T08:23:26.273+0000] {logging_mixin.py:190} INFO - [2024-08-23T08:23:26.273+0000] {dag.py:3211} INFO - Sync 2 DAGs
[2024-08-23T08:23:26.302+0000] {logging_mixin.py:190} INFO - [2024-08-23T08:23:26.302+0000] {dag.py:4138} INFO - Setting next_dagrun for read_dataset_event to 2024-08-22 00:00:00+00:00, run_after=2024-08-23 00:00:00+00:00
[2024-08-23T08:23:26.306+0000] {logging_mixin.py:190} INFO - [2024-08-23T08:23:26.306+0000] {dag.py:4138} INFO - Setting next_dagrun for read_dataset_event_from_classic to 2024-08-22 00:00:00+00:00, run_after=2024-08-23 00:00:00+00:00
[2024-08-23T08:23:26.322+0000] {processor.py:208} INFO - Processing /home/airflow/.local/lib/python3.12/site-packages/airflow/example_dags/example_inlet_event_extra.py took 0.264 seconds
[2024-08-23T08:23:56.790+0000] {processor.py:186} INFO - Started process (PID=130) to work on /home/airflow/.local/lib/python3.12/site-packages/airflow/example_dags/example_inlet_event_extra.py
[2024-08-23T08:23:56.791+0000] {processor.py:914} INFO - Processing file /home/airflow/.local/lib/python3.12/site-packages/airflow/example_dags/example_inlet_event_extra.py for tasks to queue
[2024-08-23T08:23:56.793+0000] {logging_mixin.py:190} INFO - [2024-08-23T08:23:56.793+0000] {dagbag.py:587} INFO - Filling up the DagBag from /home/airflow/.local/lib/python3.12/site-packages/airflow/example_dags/example_inlet_event_extra.py
[2024-08-23T08:23:56.939+0000] {processor.py:925} INFO - DAG(s) 'read_dataset_event', 'read_dataset_event_from_classic' retrieved from /home/airflow/.local/lib/python3.12/site-packages/airflow/example_dags/example_inlet_event_extra.py
[2024-08-23T08:23:56.962+0000] {logging_mixin.py:190} INFO - [2024-08-23T08:23:56.962+0000] {dag.py:3211} INFO - Sync 2 DAGs
[2024-08-23T08:23:56.990+0000] {logging_mixin.py:190} INFO - [2024-08-23T08:23:56.990+0000] {dag.py:4138} INFO - Setting next_dagrun for read_dataset_event to 2024-08-22 00:00:00+00:00, run_after=2024-08-23 00:00:00+00:00
[2024-08-23T08:23:56.996+0000] {logging_mixin.py:190} INFO - [2024-08-23T08:23:56.995+0000] {dag.py:4138} INFO - Setting next_dagrun for read_dataset_event_from_classic to 2024-08-22 00:00:00+00:00, run_after=2024-08-23 00:00:00+00:00
[2024-08-23T08:23:57.308+0000] {processor.py:208} INFO - Processing /home/airflow/.local/lib/python3.12/site-packages/airflow/example_dags/example_inlet_event_extra.py took 0.523 seconds
[2024-08-23T08:24:28.124+0000] {processor.py:186} INFO - Started process (PID=193) to work on /home/airflow/.local/lib/python3.12/site-packages/airflow/example_dags/example_inlet_event_extra.py
[2024-08-23T08:24:28.125+0000] {processor.py:914} INFO - Processing file /home/airflow/.local/lib/python3.12/site-packages/airflow/example_dags/example_inlet_event_extra.py for tasks to queue
[2024-08-23T08:24:28.127+0000] {logging_mixin.py:190} INFO - [2024-08-23T08:24:28.127+0000] {dagbag.py:587} INFO - Filling up the DagBag from /home/airflow/.local/lib/python3.12/site-packages/airflow/example_dags/example_inlet_event_extra.py
[2024-08-23T08:24:28.230+0000] {processor.py:925} INFO - DAG(s) 'read_dataset_event_from_classic', 'read_dataset_event' retrieved from /home/airflow/.local/lib/python3.12/site-packages/airflow/example_dags/example_inlet_event_extra.py
[2024-08-23T08:24:28.249+0000] {logging_mixin.py:190} INFO - [2024-08-23T08:24:28.249+0000] {dag.py:3211} INFO - Sync 2 DAGs
[2024-08-23T08:24:28.268+0000] {logging_mixin.py:190} INFO - [2024-08-23T08:24:28.268+0000] {dag.py:4138} INFO - Setting next_dagrun for read_dataset_event to 2024-08-22 00:00:00+00:00, run_after=2024-08-23 00:00:00+00:00
[2024-08-23T08:24:28.272+0000] {logging_mixin.py:190} INFO - [2024-08-23T08:24:28.272+0000] {dag.py:4138} INFO - Setting next_dagrun for read_dataset_event_from_classic to 2024-08-22 00:00:00+00:00, run_after=2024-08-23 00:00:00+00:00
[2024-08-23T08:24:28.289+0000] {processor.py:208} INFO - Processing /home/airflow/.local/lib/python3.12/site-packages/airflow/example_dags/example_inlet_event_extra.py took 0.169 seconds
[2024-08-23T08:24:58.497+0000] {processor.py:186} INFO - Started process (PID=255) to work on /home/airflow/.local/lib/python3.12/site-packages/airflow/example_dags/example_inlet_event_extra.py
[2024-08-23T08:24:58.498+0000] {processor.py:914} INFO - Processing file /home/airflow/.local/lib/python3.12/site-packages/airflow/example_dags/example_inlet_event_extra.py for tasks to queue
[2024-08-23T08:24:58.501+0000] {logging_mixin.py:190} INFO - [2024-08-23T08:24:58.501+0000] {dagbag.py:587} INFO - Filling up the DagBag from /home/airflow/.local/lib/python3.12/site-packages/airflow/example_dags/example_inlet_event_extra.py
[2024-08-23T08:24:58.678+0000] {processor.py:925} INFO - DAG(s) 'read_dataset_event_from_classic', 'read_dataset_event' retrieved from /home/airflow/.local/lib/python3.12/site-packages/airflow/example_dags/example_inlet_event_extra.py
[2024-08-23T08:24:58.705+0000] {logging_mixin.py:190} INFO - [2024-08-23T08:24:58.705+0000] {dag.py:3211} INFO - Sync 2 DAGs
[2024-08-23T08:24:58.737+0000] {logging_mixin.py:190} INFO - [2024-08-23T08:24:58.737+0000] {dag.py:4138} INFO - Setting next_dagrun for read_dataset_event to 2024-08-22 00:00:00+00:00, run_after=2024-08-23 00:00:00+00:00
[2024-08-23T08:24:58.743+0000] {logging_mixin.py:190} INFO - [2024-08-23T08:24:58.743+0000] {dag.py:4138} INFO - Setting next_dagrun for read_dataset_event_from_classic to 2024-08-22 00:00:00+00:00, run_after=2024-08-23 00:00:00+00:00
[2024-08-23T08:24:58.769+0000] {processor.py:208} INFO - Processing /home/airflow/.local/lib/python3.12/site-packages/airflow/example_dags/example_inlet_event_extra.py took 0.278 seconds
[2024-08-23T08:25:28.950+0000] {processor.py:186} INFO - Started process (PID=318) to work on /home/airflow/.local/lib/python3.12/site-packages/airflow/example_dags/example_inlet_event_extra.py
[2024-08-23T08:25:28.952+0000] {processor.py:914} INFO - Processing file /home/airflow/.local/lib/python3.12/site-packages/airflow/example_dags/example_inlet_event_extra.py for tasks to queue
[2024-08-23T08:25:28.956+0000] {logging_mixin.py:190} INFO - [2024-08-23T08:25:28.956+0000] {dagbag.py:587} INFO - Filling up the DagBag from /home/airflow/.local/lib/python3.12/site-packages/airflow/example_dags/example_inlet_event_extra.py
[2024-08-23T08:25:29.196+0000] {processor.py:925} INFO - DAG(s) 'read_dataset_event_from_classic', 'read_dataset_event' retrieved from /home/airflow/.local/lib/python3.12/site-packages/airflow/example_dags/example_inlet_event_extra.py
[2024-08-23T08:25:29.232+0000] {logging_mixin.py:190} INFO - [2024-08-23T08:25:29.232+0000] {dag.py:3211} INFO - Sync 2 DAGs
[2024-08-23T08:25:29.278+0000] {logging_mixin.py:190} INFO - [2024-08-23T08:25:29.277+0000] {dag.py:4138} INFO - Setting next_dagrun for read_dataset_event to 2024-08-22 00:00:00+00:00, run_after=2024-08-23 00:00:00+00:00
[2024-08-23T08:25:29.286+0000] {logging_mixin.py:190} INFO - [2024-08-23T08:25:29.286+0000] {dag.py:4138} INFO - Setting next_dagrun for read_dataset_event_from_classic to 2024-08-22 00:00:00+00:00, run_after=2024-08-23 00:00:00+00:00
[2024-08-23T08:25:29.316+0000] {processor.py:208} INFO - Processing /home/airflow/.local/lib/python3.12/site-packages/airflow/example_dags/example_inlet_event_extra.py took 0.376 seconds
[2024-08-23T08:26:00.275+0000] {processor.py:186} INFO - Started process (PID=381) to work on /home/airflow/.local/lib/python3.12/site-packages/airflow/example_dags/example_inlet_event_extra.py
[2024-08-23T08:26:00.276+0000] {processor.py:914} INFO - Processing file /home/airflow/.local/lib/python3.12/site-packages/airflow/example_dags/example_inlet_event_extra.py for tasks to queue
[2024-08-23T08:26:00.278+0000] {logging_mixin.py:190} INFO - [2024-08-23T08:26:00.278+0000] {dagbag.py:587} INFO - Filling up the DagBag from /home/airflow/.local/lib/python3.12/site-packages/airflow/example_dags/example_inlet_event_extra.py
[2024-08-23T08:26:00.399+0000] {processor.py:925} INFO - DAG(s) 'read_dataset_event_from_classic', 'read_dataset_event' retrieved from /home/airflow/.local/lib/python3.12/site-packages/airflow/example_dags/example_inlet_event_extra.py
[2024-08-23T08:26:00.419+0000] {logging_mixin.py:190} INFO - [2024-08-23T08:26:00.419+0000] {dag.py:3211} INFO - Sync 2 DAGs
[2024-08-23T08:26:00.441+0000] {logging_mixin.py:190} INFO - [2024-08-23T08:26:00.441+0000] {dag.py:4138} INFO - Setting next_dagrun for read_dataset_event to 2024-08-22 00:00:00+00:00, run_after=2024-08-23 00:00:00+00:00
[2024-08-23T08:26:00.445+0000] {logging_mixin.py:190} INFO - [2024-08-23T08:26:00.445+0000] {dag.py:4138} INFO - Setting next_dagrun for read_dataset_event_from_classic to 2024-08-22 00:00:00+00:00, run_after=2024-08-23 00:00:00+00:00
[2024-08-23T08:26:00.462+0000] {processor.py:208} INFO - Processing /home/airflow/.local/lib/python3.12/site-packages/airflow/example_dags/example_inlet_event_extra.py took 0.192 seconds
[2024-08-23T08:26:30.579+0000] {processor.py:186} INFO - Started process (PID=443) to work on /home/airflow/.local/lib/python3.12/site-packages/airflow/example_dags/example_inlet_event_extra.py
[2024-08-23T08:26:30.580+0000] {processor.py:914} INFO - Processing file /home/airflow/.local/lib/python3.12/site-packages/airflow/example_dags/example_inlet_event_extra.py for tasks to queue
[2024-08-23T08:26:30.581+0000] {logging_mixin.py:190} INFO - [2024-08-23T08:26:30.581+0000] {dagbag.py:587} INFO - Filling up the DagBag from /home/airflow/.local/lib/python3.12/site-packages/airflow/example_dags/example_inlet_event_extra.py
[2024-08-23T08:26:30.691+0000] {processor.py:925} INFO - DAG(s) 'read_dataset_event', 'read_dataset_event_from_classic' retrieved from /home/airflow/.local/lib/python3.12/site-packages/airflow/example_dags/example_inlet_event_extra.py
[2024-08-23T08:26:30.708+0000] {logging_mixin.py:190} INFO - [2024-08-23T08:26:30.708+0000] {dag.py:3211} INFO - Sync 2 DAGs
[2024-08-23T08:26:30.728+0000] {logging_mixin.py:190} INFO - [2024-08-23T08:26:30.727+0000] {dag.py:4138} INFO - Setting next_dagrun for read_dataset_event to 2024-08-22 00:00:00+00:00, run_after=2024-08-23 00:00:00+00:00
[2024-08-23T08:26:30.732+0000] {logging_mixin.py:190} INFO - [2024-08-23T08:26:30.731+0000] {dag.py:4138} INFO - Setting next_dagrun for read_dataset_event_from_classic to 2024-08-22 00:00:00+00:00, run_after=2024-08-23 00:00:00+00:00
[2024-08-23T08:26:30.749+0000] {processor.py:208} INFO - Processing /home/airflow/.local/lib/python3.12/site-packages/airflow/example_dags/example_inlet_event_extra.py took 0.175 seconds
[2024-08-23T10:24:58.819+0000] {processor.py:186} INFO - Started process (PID=72) to work on /home/airflow/.local/lib/python3.12/site-packages/airflow/example_dags/example_inlet_event_extra.py
[2024-08-23T10:24:58.826+0000] {processor.py:914} INFO - Processing file /home/airflow/.local/lib/python3.12/site-packages/airflow/example_dags/example_inlet_event_extra.py for tasks to queue
[2024-08-23T10:24:58.831+0000] {logging_mixin.py:190} INFO - [2024-08-23T10:24:58.830+0000] {dagbag.py:587} INFO - Filling up the DagBag from /home/airflow/.local/lib/python3.12/site-packages/airflow/example_dags/example_inlet_event_extra.py
[2024-08-23T10:25:01.785+0000] {processor.py:925} INFO - DAG(s) 'read_dataset_event', 'read_dataset_event_from_classic' retrieved from /home/airflow/.local/lib/python3.12/site-packages/airflow/example_dags/example_inlet_event_extra.py
[2024-08-23T10:25:01.855+0000] {logging_mixin.py:190} INFO - [2024-08-23T10:25:01.855+0000] {dag.py:3211} INFO - Sync 2 DAGs
[2024-08-23T10:25:01.956+0000] {logging_mixin.py:190} INFO - [2024-08-23T10:25:01.947+0000] {dag.py:4138} INFO - Setting next_dagrun for read_dataset_event to 2024-08-22 00:00:00+00:00, run_after=2024-08-23 00:00:00+00:00
[2024-08-23T10:25:01.973+0000] {logging_mixin.py:190} INFO - [2024-08-23T10:25:01.973+0000] {dag.py:4138} INFO - Setting next_dagrun for read_dataset_event_from_classic to 2024-08-22 00:00:00+00:00, run_after=2024-08-23 00:00:00+00:00
[2024-08-23T10:25:02.029+0000] {processor.py:208} INFO - Processing /home/airflow/.local/lib/python3.12/site-packages/airflow/example_dags/example_inlet_event_extra.py took 3.234 seconds
[2024-08-23T10:25:32.233+0000] {processor.py:186} INFO - Started process (PID=134) to work on /home/airflow/.local/lib/python3.12/site-packages/airflow/example_dags/example_inlet_event_extra.py
[2024-08-23T10:25:32.234+0000] {processor.py:914} INFO - Processing file /home/airflow/.local/lib/python3.12/site-packages/airflow/example_dags/example_inlet_event_extra.py for tasks to queue
[2024-08-23T10:25:32.236+0000] {logging_mixin.py:190} INFO - [2024-08-23T10:25:32.236+0000] {dagbag.py:587} INFO - Filling up the DagBag from /home/airflow/.local/lib/python3.12/site-packages/airflow/example_dags/example_inlet_event_extra.py
[2024-08-23T10:25:32.374+0000] {processor.py:925} INFO - DAG(s) 'read_dataset_event', 'read_dataset_event_from_classic' retrieved from /home/airflow/.local/lib/python3.12/site-packages/airflow/example_dags/example_inlet_event_extra.py
[2024-08-23T10:25:32.395+0000] {logging_mixin.py:190} INFO - [2024-08-23T10:25:32.395+0000] {dag.py:3211} INFO - Sync 2 DAGs
[2024-08-23T10:25:32.418+0000] {logging_mixin.py:190} INFO - [2024-08-23T10:25:32.418+0000] {dag.py:4138} INFO - Setting next_dagrun for read_dataset_event to 2024-08-22 00:00:00+00:00, run_after=2024-08-23 00:00:00+00:00
[2024-08-23T10:25:32.423+0000] {logging_mixin.py:190} INFO - [2024-08-23T10:25:32.423+0000] {dag.py:4138} INFO - Setting next_dagrun for read_dataset_event_from_classic to 2024-08-22 00:00:00+00:00, run_after=2024-08-23 00:00:00+00:00
[2024-08-23T10:25:32.445+0000] {processor.py:208} INFO - Processing /home/airflow/.local/lib/python3.12/site-packages/airflow/example_dags/example_inlet_event_extra.py took 0.217 seconds
[2024-08-23T10:26:02.970+0000] {processor.py:186} INFO - Started process (PID=196) to work on /home/airflow/.local/lib/python3.12/site-packages/airflow/example_dags/example_inlet_event_extra.py
[2024-08-23T10:26:02.971+0000] {processor.py:914} INFO - Processing file /home/airflow/.local/lib/python3.12/site-packages/airflow/example_dags/example_inlet_event_extra.py for tasks to queue
[2024-08-23T10:26:02.974+0000] {logging_mixin.py:190} INFO - [2024-08-23T10:26:02.974+0000] {dagbag.py:587} INFO - Filling up the DagBag from /home/airflow/.local/lib/python3.12/site-packages/airflow/example_dags/example_inlet_event_extra.py
[2024-08-23T10:26:03.137+0000] {processor.py:925} INFO - DAG(s) 'read_dataset_event', 'read_dataset_event_from_classic' retrieved from /home/airflow/.local/lib/python3.12/site-packages/airflow/example_dags/example_inlet_event_extra.py
[2024-08-23T10:26:03.157+0000] {logging_mixin.py:190} INFO - [2024-08-23T10:26:03.157+0000] {dag.py:3211} INFO - Sync 2 DAGs
[2024-08-23T10:26:03.180+0000] {logging_mixin.py:190} INFO - [2024-08-23T10:26:03.180+0000] {dag.py:4138} INFO - Setting next_dagrun for read_dataset_event to 2024-08-22 00:00:00+00:00, run_after=2024-08-23 00:00:00+00:00
[2024-08-23T10:26:03.184+0000] {logging_mixin.py:190} INFO - [2024-08-23T10:26:03.184+0000] {dag.py:4138} INFO - Setting next_dagrun for read_dataset_event_from_classic to 2024-08-22 00:00:00+00:00, run_after=2024-08-23 00:00:00+00:00
[2024-08-23T10:26:03.203+0000] {processor.py:208} INFO - Processing /home/airflow/.local/lib/python3.12/site-packages/airflow/example_dags/example_inlet_event_extra.py took 0.238 seconds
[2024-08-23T10:26:33.919+0000] {processor.py:186} INFO - Started process (PID=258) to work on /home/airflow/.local/lib/python3.12/site-packages/airflow/example_dags/example_inlet_event_extra.py
[2024-08-23T10:26:33.920+0000] {processor.py:914} INFO - Processing file /home/airflow/.local/lib/python3.12/site-packages/airflow/example_dags/example_inlet_event_extra.py for tasks to queue
[2024-08-23T10:26:33.923+0000] {logging_mixin.py:190} INFO - [2024-08-23T10:26:33.923+0000] {dagbag.py:587} INFO - Filling up the DagBag from /home/airflow/.local/lib/python3.12/site-packages/airflow/example_dags/example_inlet_event_extra.py
[2024-08-23T10:26:34.047+0000] {processor.py:925} INFO - DAG(s) 'read_dataset_event_from_classic', 'read_dataset_event' retrieved from /home/airflow/.local/lib/python3.12/site-packages/airflow/example_dags/example_inlet_event_extra.py
[2024-08-23T10:26:34.071+0000] {logging_mixin.py:190} INFO - [2024-08-23T10:26:34.070+0000] {dag.py:3211} INFO - Sync 2 DAGs
[2024-08-23T10:26:34.092+0000] {logging_mixin.py:190} INFO - [2024-08-23T10:26:34.091+0000] {dag.py:4138} INFO - Setting next_dagrun for read_dataset_event to 2024-08-22 00:00:00+00:00, run_after=2024-08-23 00:00:00+00:00
[2024-08-23T10:26:34.096+0000] {logging_mixin.py:190} INFO - [2024-08-23T10:26:34.096+0000] {dag.py:4138} INFO - Setting next_dagrun for read_dataset_event_from_classic to 2024-08-22 00:00:00+00:00, run_after=2024-08-23 00:00:00+00:00
[2024-08-23T10:26:34.115+0000] {processor.py:208} INFO - Processing /home/airflow/.local/lib/python3.12/site-packages/airflow/example_dags/example_inlet_event_extra.py took 0.201 seconds
[2024-08-23T10:27:04.317+0000] {processor.py:186} INFO - Started process (PID=320) to work on /home/airflow/.local/lib/python3.12/site-packages/airflow/example_dags/example_inlet_event_extra.py
[2024-08-23T10:27:04.319+0000] {processor.py:914} INFO - Processing file /home/airflow/.local/lib/python3.12/site-packages/airflow/example_dags/example_inlet_event_extra.py for tasks to queue
[2024-08-23T10:27:04.324+0000] {logging_mixin.py:190} INFO - [2024-08-23T10:27:04.324+0000] {dagbag.py:587} INFO - Filling up the DagBag from /home/airflow/.local/lib/python3.12/site-packages/airflow/example_dags/example_inlet_event_extra.py
[2024-08-23T10:27:04.640+0000] {processor.py:925} INFO - DAG(s) 'read_dataset_event', 'read_dataset_event_from_classic' retrieved from /home/airflow/.local/lib/python3.12/site-packages/airflow/example_dags/example_inlet_event_extra.py
[2024-08-23T10:27:04.705+0000] {logging_mixin.py:190} INFO - [2024-08-23T10:27:04.705+0000] {dag.py:3211} INFO - Sync 2 DAGs
[2024-08-23T10:27:04.768+0000] {logging_mixin.py:190} INFO - [2024-08-23T10:27:04.765+0000] {dag.py:4138} INFO - Setting next_dagrun for read_dataset_event to 2024-08-22 00:00:00+00:00, run_after=2024-08-23 00:00:00+00:00
[2024-08-23T10:27:04.789+0000] {logging_mixin.py:190} INFO - [2024-08-23T10:27:04.788+0000] {dag.py:4138} INFO - Setting next_dagrun for read_dataset_event_from_classic to 2024-08-22 00:00:00+00:00, run_after=2024-08-23 00:00:00+00:00
[2024-08-23T10:27:04.833+0000] {processor.py:208} INFO - Processing /home/airflow/.local/lib/python3.12/site-packages/airflow/example_dags/example_inlet_event_extra.py took 0.532 seconds
[2024-08-23T10:27:35.122+0000] {processor.py:186} INFO - Started process (PID=382) to work on /home/airflow/.local/lib/python3.12/site-packages/airflow/example_dags/example_inlet_event_extra.py
[2024-08-23T10:27:35.124+0000] {processor.py:914} INFO - Processing file /home/airflow/.local/lib/python3.12/site-packages/airflow/example_dags/example_inlet_event_extra.py for tasks to queue
[2024-08-23T10:27:35.128+0000] {logging_mixin.py:190} INFO - [2024-08-23T10:27:35.127+0000] {dagbag.py:587} INFO - Filling up the DagBag from /home/airflow/.local/lib/python3.12/site-packages/airflow/example_dags/example_inlet_event_extra.py
[2024-08-23T10:27:35.404+0000] {processor.py:925} INFO - DAG(s) 'read_dataset_event', 'read_dataset_event_from_classic' retrieved from /home/airflow/.local/lib/python3.12/site-packages/airflow/example_dags/example_inlet_event_extra.py
[2024-08-23T10:27:35.463+0000] {logging_mixin.py:190} INFO - [2024-08-23T10:27:35.463+0000] {dag.py:3211} INFO - Sync 2 DAGs
[2024-08-23T10:27:35.524+0000] {logging_mixin.py:190} INFO - [2024-08-23T10:27:35.524+0000] {dag.py:4138} INFO - Setting next_dagrun for read_dataset_event to 2024-08-22 00:00:00+00:00, run_after=2024-08-23 00:00:00+00:00
[2024-08-23T10:27:35.535+0000] {logging_mixin.py:190} INFO - [2024-08-23T10:27:35.535+0000] {dag.py:4138} INFO - Setting next_dagrun for read_dataset_event_from_classic to 2024-08-22 00:00:00+00:00, run_after=2024-08-23 00:00:00+00:00
[2024-08-23T10:27:35.575+0000] {processor.py:208} INFO - Processing /home/airflow/.local/lib/python3.12/site-packages/airflow/example_dags/example_inlet_event_extra.py took 0.462 seconds
[2024-08-23T10:28:06.212+0000] {processor.py:186} INFO - Started process (PID=444) to work on /home/airflow/.local/lib/python3.12/site-packages/airflow/example_dags/example_inlet_event_extra.py
[2024-08-23T10:28:06.213+0000] {processor.py:914} INFO - Processing file /home/airflow/.local/lib/python3.12/site-packages/airflow/example_dags/example_inlet_event_extra.py for tasks to queue
[2024-08-23T10:28:06.215+0000] {logging_mixin.py:190} INFO - [2024-08-23T10:28:06.215+0000] {dagbag.py:587} INFO - Filling up the DagBag from /home/airflow/.local/lib/python3.12/site-packages/airflow/example_dags/example_inlet_event_extra.py
[2024-08-23T10:28:06.378+0000] {processor.py:925} INFO - DAG(s) 'read_dataset_event', 'read_dataset_event_from_classic' retrieved from /home/airflow/.local/lib/python3.12/site-packages/airflow/example_dags/example_inlet_event_extra.py
[2024-08-23T10:28:06.403+0000] {logging_mixin.py:190} INFO - [2024-08-23T10:28:06.403+0000] {dag.py:3211} INFO - Sync 2 DAGs
[2024-08-23T10:28:06.431+0000] {logging_mixin.py:190} INFO - [2024-08-23T10:28:06.430+0000] {dag.py:4138} INFO - Setting next_dagrun for read_dataset_event to 2024-08-22 00:00:00+00:00, run_after=2024-08-23 00:00:00+00:00
[2024-08-23T10:28:06.437+0000] {logging_mixin.py:190} INFO - [2024-08-23T10:28:06.437+0000] {dag.py:4138} INFO - Setting next_dagrun for read_dataset_event_from_classic to 2024-08-22 00:00:00+00:00, run_after=2024-08-23 00:00:00+00:00
[2024-08-23T10:28:06.465+0000] {processor.py:208} INFO - Processing /home/airflow/.local/lib/python3.12/site-packages/airflow/example_dags/example_inlet_event_extra.py took 0.260 seconds
