[2024-08-23T06:38:30.695+0000] {processor.py:186} INFO - Started process (PID=78) to work on /home/airflow/.local/lib/python3.12/site-packages/airflow/example_dags/example_task_group.py
[2024-08-23T06:38:30.696+0000] {processor.py:914} INFO - Processing file /home/airflow/.local/lib/python3.12/site-packages/airflow/example_dags/example_task_group.py for tasks to queue
[2024-08-23T06:38:30.698+0000] {logging_mixin.py:190} INFO - [2024-08-23T06:38:30.698+0000] {dagbag.py:587} INFO - Filling up the DagBag from /home/airflow/.local/lib/python3.12/site-packages/airflow/example_dags/example_task_group.py
[2024-08-23T06:38:30.706+0000] {processor.py:925} INFO - DAG(s) 'example_task_group' retrieved from /home/airflow/.local/lib/python3.12/site-packages/airflow/example_dags/example_task_group.py
[2024-08-23T06:38:30.830+0000] {logging_mixin.py:190} INFO - [2024-08-23T06:38:30.829+0000] {override.py:1858} INFO - Created Permission View: can edit on DAG:example_task_group
[2024-08-23T06:38:30.843+0000] {logging_mixin.py:190} INFO - [2024-08-23T06:38:30.843+0000] {override.py:1858} INFO - Created Permission View: can delete on DAG:example_task_group
[2024-08-23T06:38:30.850+0000] {logging_mixin.py:190} INFO - [2024-08-23T06:38:30.850+0000] {override.py:1858} INFO - Created Permission View: can read on DAG:example_task_group
[2024-08-23T06:38:30.851+0000] {logging_mixin.py:190} INFO - [2024-08-23T06:38:30.851+0000] {dag.py:3211} INFO - Sync 1 DAGs
[2024-08-23T06:38:30.863+0000] {logging_mixin.py:190} INFO - [2024-08-23T06:38:30.863+0000] {dag.py:3234} INFO - Creating ORM DAG for example_task_group
[2024-08-23T06:38:30.875+0000] {logging_mixin.py:190} INFO - [2024-08-23T06:38:30.875+0000] {dag.py:4138} INFO - Setting next_dagrun for example_task_group to 2024-08-22 00:00:00+00:00, run_after=2024-08-23 00:00:00+00:00
[2024-08-23T06:38:30.894+0000] {processor.py:208} INFO - Processing /home/airflow/.local/lib/python3.12/site-packages/airflow/example_dags/example_task_group.py took 0.205 seconds
[2024-08-23T06:39:01.238+0000] {processor.py:186} INFO - Started process (PID=140) to work on /home/airflow/.local/lib/python3.12/site-packages/airflow/example_dags/example_task_group.py
[2024-08-23T06:39:01.239+0000] {processor.py:914} INFO - Processing file /home/airflow/.local/lib/python3.12/site-packages/airflow/example_dags/example_task_group.py for tasks to queue
[2024-08-23T06:39:01.242+0000] {logging_mixin.py:190} INFO - [2024-08-23T06:39:01.242+0000] {dagbag.py:587} INFO - Filling up the DagBag from /home/airflow/.local/lib/python3.12/site-packages/airflow/example_dags/example_task_group.py
[2024-08-23T06:39:01.253+0000] {processor.py:925} INFO - DAG(s) 'example_task_group' retrieved from /home/airflow/.local/lib/python3.12/site-packages/airflow/example_dags/example_task_group.py
[2024-08-23T06:39:01.285+0000] {logging_mixin.py:190} INFO - [2024-08-23T06:39:01.284+0000] {dag.py:3211} INFO - Sync 1 DAGs
[2024-08-23T06:39:01.319+0000] {logging_mixin.py:190} INFO - [2024-08-23T06:39:01.318+0000] {dag.py:4138} INFO - Setting next_dagrun for example_task_group to 2024-08-22 00:00:00+00:00, run_after=2024-08-23 00:00:00+00:00
[2024-08-23T06:39:01.345+0000] {processor.py:208} INFO - Processing /home/airflow/.local/lib/python3.12/site-packages/airflow/example_dags/example_task_group.py took 0.116 seconds
[2024-08-23T06:39:31.944+0000] {processor.py:186} INFO - Started process (PID=202) to work on /home/airflow/.local/lib/python3.12/site-packages/airflow/example_dags/example_task_group.py
[2024-08-23T06:39:31.946+0000] {processor.py:914} INFO - Processing file /home/airflow/.local/lib/python3.12/site-packages/airflow/example_dags/example_task_group.py for tasks to queue
[2024-08-23T06:39:31.950+0000] {logging_mixin.py:190} INFO - [2024-08-23T06:39:31.949+0000] {dagbag.py:587} INFO - Filling up the DagBag from /home/airflow/.local/lib/python3.12/site-packages/airflow/example_dags/example_task_group.py
[2024-08-23T06:39:31.966+0000] {processor.py:925} INFO - DAG(s) 'example_task_group' retrieved from /home/airflow/.local/lib/python3.12/site-packages/airflow/example_dags/example_task_group.py
[2024-08-23T06:39:32.002+0000] {logging_mixin.py:190} INFO - [2024-08-23T06:39:32.001+0000] {dag.py:3211} INFO - Sync 1 DAGs
[2024-08-23T06:39:32.042+0000] {logging_mixin.py:190} INFO - [2024-08-23T06:39:32.042+0000] {dag.py:4138} INFO - Setting next_dagrun for example_task_group to 2024-08-22 00:00:00+00:00, run_after=2024-08-23 00:00:00+00:00
[2024-08-23T06:39:32.077+0000] {processor.py:208} INFO - Processing /home/airflow/.local/lib/python3.12/site-packages/airflow/example_dags/example_task_group.py took 0.141 seconds
[2024-08-23T06:40:02.491+0000] {processor.py:186} INFO - Started process (PID=264) to work on /home/airflow/.local/lib/python3.12/site-packages/airflow/example_dags/example_task_group.py
[2024-08-23T06:40:02.493+0000] {processor.py:914} INFO - Processing file /home/airflow/.local/lib/python3.12/site-packages/airflow/example_dags/example_task_group.py for tasks to queue
[2024-08-23T06:40:02.503+0000] {logging_mixin.py:190} INFO - [2024-08-23T06:40:02.503+0000] {dagbag.py:587} INFO - Filling up the DagBag from /home/airflow/.local/lib/python3.12/site-packages/airflow/example_dags/example_task_group.py
[2024-08-23T06:40:02.518+0000] {processor.py:925} INFO - DAG(s) 'example_task_group' retrieved from /home/airflow/.local/lib/python3.12/site-packages/airflow/example_dags/example_task_group.py
[2024-08-23T06:40:02.553+0000] {logging_mixin.py:190} INFO - [2024-08-23T06:40:02.552+0000] {dag.py:3211} INFO - Sync 1 DAGs
[2024-08-23T06:40:02.592+0000] {logging_mixin.py:190} INFO - [2024-08-23T06:40:02.592+0000] {dag.py:4138} INFO - Setting next_dagrun for example_task_group to 2024-08-22 00:00:00+00:00, run_after=2024-08-23 00:00:00+00:00
[2024-08-23T06:40:02.625+0000] {processor.py:208} INFO - Processing /home/airflow/.local/lib/python3.12/site-packages/airflow/example_dags/example_task_group.py took 0.142 seconds
[2024-08-23T06:40:33.544+0000] {processor.py:186} INFO - Started process (PID=326) to work on /home/airflow/.local/lib/python3.12/site-packages/airflow/example_dags/example_task_group.py
[2024-08-23T06:40:33.546+0000] {processor.py:914} INFO - Processing file /home/airflow/.local/lib/python3.12/site-packages/airflow/example_dags/example_task_group.py for tasks to queue
[2024-08-23T06:40:33.552+0000] {logging_mixin.py:190} INFO - [2024-08-23T06:40:33.551+0000] {dagbag.py:587} INFO - Filling up the DagBag from /home/airflow/.local/lib/python3.12/site-packages/airflow/example_dags/example_task_group.py
[2024-08-23T06:40:33.571+0000] {processor.py:925} INFO - DAG(s) 'example_task_group' retrieved from /home/airflow/.local/lib/python3.12/site-packages/airflow/example_dags/example_task_group.py
[2024-08-23T06:40:33.611+0000] {logging_mixin.py:190} INFO - [2024-08-23T06:40:33.610+0000] {dag.py:3211} INFO - Sync 1 DAGs
[2024-08-23T06:40:33.654+0000] {logging_mixin.py:190} INFO - [2024-08-23T06:40:33.654+0000] {dag.py:4138} INFO - Setting next_dagrun for example_task_group to 2024-08-22 00:00:00+00:00, run_after=2024-08-23 00:00:00+00:00
[2024-08-23T06:40:33.688+0000] {processor.py:208} INFO - Processing /home/airflow/.local/lib/python3.12/site-packages/airflow/example_dags/example_task_group.py took 0.156 seconds
[2024-08-23T06:41:04.055+0000] {processor.py:186} INFO - Started process (PID=388) to work on /home/airflow/.local/lib/python3.12/site-packages/airflow/example_dags/example_task_group.py
[2024-08-23T06:41:04.057+0000] {processor.py:914} INFO - Processing file /home/airflow/.local/lib/python3.12/site-packages/airflow/example_dags/example_task_group.py for tasks to queue
[2024-08-23T06:41:04.060+0000] {logging_mixin.py:190} INFO - [2024-08-23T06:41:04.059+0000] {dagbag.py:587} INFO - Filling up the DagBag from /home/airflow/.local/lib/python3.12/site-packages/airflow/example_dags/example_task_group.py
[2024-08-23T06:41:04.067+0000] {processor.py:925} INFO - DAG(s) 'example_task_group' retrieved from /home/airflow/.local/lib/python3.12/site-packages/airflow/example_dags/example_task_group.py
[2024-08-23T06:41:04.091+0000] {logging_mixin.py:190} INFO - [2024-08-23T06:41:04.089+0000] {dag.py:3211} INFO - Sync 1 DAGs
[2024-08-23T06:41:04.115+0000] {logging_mixin.py:190} INFO - [2024-08-23T06:41:04.115+0000] {dag.py:4138} INFO - Setting next_dagrun for example_task_group to 2024-08-22 00:00:00+00:00, run_after=2024-08-23 00:00:00+00:00
[2024-08-23T06:41:04.134+0000] {processor.py:208} INFO - Processing /home/airflow/.local/lib/python3.12/site-packages/airflow/example_dags/example_task_group.py took 0.085 seconds
[2024-08-23T06:41:34.469+0000] {processor.py:186} INFO - Started process (PID=450) to work on /home/airflow/.local/lib/python3.12/site-packages/airflow/example_dags/example_task_group.py
[2024-08-23T06:41:34.470+0000] {processor.py:914} INFO - Processing file /home/airflow/.local/lib/python3.12/site-packages/airflow/example_dags/example_task_group.py for tasks to queue
[2024-08-23T06:41:34.473+0000] {logging_mixin.py:190} INFO - [2024-08-23T06:41:34.473+0000] {dagbag.py:587} INFO - Filling up the DagBag from /home/airflow/.local/lib/python3.12/site-packages/airflow/example_dags/example_task_group.py
[2024-08-23T06:41:34.484+0000] {processor.py:925} INFO - DAG(s) 'example_task_group' retrieved from /home/airflow/.local/lib/python3.12/site-packages/airflow/example_dags/example_task_group.py
[2024-08-23T06:41:34.507+0000] {logging_mixin.py:190} INFO - [2024-08-23T06:41:34.506+0000] {dag.py:3211} INFO - Sync 1 DAGs
[2024-08-23T06:41:34.535+0000] {logging_mixin.py:190} INFO - [2024-08-23T06:41:34.535+0000] {dag.py:4138} INFO - Setting next_dagrun for example_task_group to 2024-08-22 00:00:00+00:00, run_after=2024-08-23 00:00:00+00:00
[2024-08-23T06:41:34.554+0000] {processor.py:208} INFO - Processing /home/airflow/.local/lib/python3.12/site-packages/airflow/example_dags/example_task_group.py took 0.094 seconds
[2024-08-23T06:42:05.563+0000] {processor.py:186} INFO - Started process (PID=512) to work on /home/airflow/.local/lib/python3.12/site-packages/airflow/example_dags/example_task_group.py
[2024-08-23T06:42:05.564+0000] {processor.py:914} INFO - Processing file /home/airflow/.local/lib/python3.12/site-packages/airflow/example_dags/example_task_group.py for tasks to queue
[2024-08-23T06:42:05.566+0000] {logging_mixin.py:190} INFO - [2024-08-23T06:42:05.566+0000] {dagbag.py:587} INFO - Filling up the DagBag from /home/airflow/.local/lib/python3.12/site-packages/airflow/example_dags/example_task_group.py
[2024-08-23T06:42:05.579+0000] {processor.py:925} INFO - DAG(s) 'example_task_group' retrieved from /home/airflow/.local/lib/python3.12/site-packages/airflow/example_dags/example_task_group.py
[2024-08-23T06:42:05.606+0000] {logging_mixin.py:190} INFO - [2024-08-23T06:42:05.606+0000] {dag.py:3211} INFO - Sync 1 DAGs
[2024-08-23T06:42:05.647+0000] {logging_mixin.py:190} INFO - [2024-08-23T06:42:05.647+0000] {dag.py:4138} INFO - Setting next_dagrun for example_task_group to 2024-08-22 00:00:00+00:00, run_after=2024-08-23 00:00:00+00:00
[2024-08-23T06:42:05.665+0000] {processor.py:208} INFO - Processing /home/airflow/.local/lib/python3.12/site-packages/airflow/example_dags/example_task_group.py took 0.114 seconds
[2024-08-23T07:54:08.121+0000] {processor.py:186} INFO - Started process (PID=81) to work on /home/airflow/.local/lib/python3.12/site-packages/airflow/example_dags/example_task_group.py
[2024-08-23T07:54:08.199+0000] {processor.py:914} INFO - Processing file /home/airflow/.local/lib/python3.12/site-packages/airflow/example_dags/example_task_group.py for tasks to queue
[2024-08-23T07:54:08.216+0000] {logging_mixin.py:190} INFO - [2024-08-23T07:54:08.205+0000] {dagbag.py:587} INFO - Filling up the DagBag from /home/airflow/.local/lib/python3.12/site-packages/airflow/example_dags/example_task_group.py
[2024-08-23T07:54:08.291+0000] {processor.py:925} INFO - DAG(s) 'example_task_group' retrieved from /home/airflow/.local/lib/python3.12/site-packages/airflow/example_dags/example_task_group.py
[2024-08-23T07:54:08.421+0000] {logging_mixin.py:190} INFO - [2024-08-23T07:54:08.420+0000] {dag.py:3211} INFO - Sync 1 DAGs
[2024-08-23T07:54:08.633+0000] {logging_mixin.py:190} INFO - [2024-08-23T07:54:08.624+0000] {dag.py:4138} INFO - Setting next_dagrun for example_task_group to 2024-08-22 00:00:00+00:00, run_after=2024-08-23 00:00:00+00:00
[2024-08-23T07:54:08.797+0000] {processor.py:208} INFO - Processing /home/airflow/.local/lib/python3.12/site-packages/airflow/example_dags/example_task_group.py took 0.713 seconds
[2024-08-23T07:54:39.815+0000] {processor.py:186} INFO - Started process (PID=143) to work on /home/airflow/.local/lib/python3.12/site-packages/airflow/example_dags/example_task_group.py
[2024-08-23T07:54:39.819+0000] {processor.py:914} INFO - Processing file /home/airflow/.local/lib/python3.12/site-packages/airflow/example_dags/example_task_group.py for tasks to queue
[2024-08-23T07:54:39.826+0000] {logging_mixin.py:190} INFO - [2024-08-23T07:54:39.825+0000] {dagbag.py:587} INFO - Filling up the DagBag from /home/airflow/.local/lib/python3.12/site-packages/airflow/example_dags/example_task_group.py
[2024-08-23T07:54:39.854+0000] {processor.py:925} INFO - DAG(s) 'example_task_group' retrieved from /home/airflow/.local/lib/python3.12/site-packages/airflow/example_dags/example_task_group.py
[2024-08-23T07:54:39.917+0000] {logging_mixin.py:190} INFO - [2024-08-23T07:54:39.917+0000] {dag.py:3211} INFO - Sync 1 DAGs
[2024-08-23T07:54:40.021+0000] {logging_mixin.py:190} INFO - [2024-08-23T07:54:40.020+0000] {dag.py:4138} INFO - Setting next_dagrun for example_task_group to 2024-08-22 00:00:00+00:00, run_after=2024-08-23 00:00:00+00:00
[2024-08-23T07:54:40.098+0000] {processor.py:208} INFO - Processing /home/airflow/.local/lib/python3.12/site-packages/airflow/example_dags/example_task_group.py took 0.307 seconds
[2024-08-23T07:55:10.362+0000] {processor.py:186} INFO - Started process (PID=205) to work on /home/airflow/.local/lib/python3.12/site-packages/airflow/example_dags/example_task_group.py
[2024-08-23T07:55:10.363+0000] {processor.py:914} INFO - Processing file /home/airflow/.local/lib/python3.12/site-packages/airflow/example_dags/example_task_group.py for tasks to queue
[2024-08-23T07:55:10.365+0000] {logging_mixin.py:190} INFO - [2024-08-23T07:55:10.365+0000] {dagbag.py:587} INFO - Filling up the DagBag from /home/airflow/.local/lib/python3.12/site-packages/airflow/example_dags/example_task_group.py
[2024-08-23T07:55:10.373+0000] {processor.py:925} INFO - DAG(s) 'example_task_group' retrieved from /home/airflow/.local/lib/python3.12/site-packages/airflow/example_dags/example_task_group.py
[2024-08-23T07:55:10.393+0000] {logging_mixin.py:190} INFO - [2024-08-23T07:55:10.393+0000] {dag.py:3211} INFO - Sync 1 DAGs
[2024-08-23T07:55:10.414+0000] {logging_mixin.py:190} INFO - [2024-08-23T07:55:10.414+0000] {dag.py:4138} INFO - Setting next_dagrun for example_task_group to 2024-08-22 00:00:00+00:00, run_after=2024-08-23 00:00:00+00:00
[2024-08-23T07:55:10.435+0000] {processor.py:208} INFO - Processing /home/airflow/.local/lib/python3.12/site-packages/airflow/example_dags/example_task_group.py took 0.078 seconds
[2024-08-23T08:20:32.048+0000] {processor.py:186} INFO - Started process (PID=76) to work on /home/airflow/.local/lib/python3.12/site-packages/airflow/example_dags/example_task_group.py
[2024-08-23T08:20:32.050+0000] {processor.py:914} INFO - Processing file /home/airflow/.local/lib/python3.12/site-packages/airflow/example_dags/example_task_group.py for tasks to queue
[2024-08-23T08:20:32.052+0000] {logging_mixin.py:190} INFO - [2024-08-23T08:20:32.052+0000] {dagbag.py:587} INFO - Filling up the DagBag from /home/airflow/.local/lib/python3.12/site-packages/airflow/example_dags/example_task_group.py
[2024-08-23T08:20:32.064+0000] {processor.py:925} INFO - DAG(s) 'example_task_group' retrieved from /home/airflow/.local/lib/python3.12/site-packages/airflow/example_dags/example_task_group.py
[2024-08-23T08:20:32.090+0000] {logging_mixin.py:190} INFO - [2024-08-23T08:20:32.090+0000] {dag.py:3211} INFO - Sync 1 DAGs
[2024-08-23T08:20:32.116+0000] {logging_mixin.py:190} INFO - [2024-08-23T08:20:32.116+0000] {dag.py:4138} INFO - Setting next_dagrun for example_task_group to 2024-08-22 00:00:00+00:00, run_after=2024-08-23 00:00:00+00:00
[2024-08-23T08:20:32.136+0000] {processor.py:208} INFO - Processing /home/airflow/.local/lib/python3.12/site-packages/airflow/example_dags/example_task_group.py took 0.094 seconds
[2024-08-23T08:23:26.490+0000] {processor.py:186} INFO - Started process (PID=73) to work on /home/airflow/.local/lib/python3.12/site-packages/airflow/example_dags/example_task_group.py
[2024-08-23T08:23:26.491+0000] {processor.py:914} INFO - Processing file /home/airflow/.local/lib/python3.12/site-packages/airflow/example_dags/example_task_group.py for tasks to queue
[2024-08-23T08:23:26.493+0000] {logging_mixin.py:190} INFO - [2024-08-23T08:23:26.493+0000] {dagbag.py:587} INFO - Filling up the DagBag from /home/airflow/.local/lib/python3.12/site-packages/airflow/example_dags/example_task_group.py
[2024-08-23T08:23:26.502+0000] {processor.py:925} INFO - DAG(s) 'example_task_group' retrieved from /home/airflow/.local/lib/python3.12/site-packages/airflow/example_dags/example_task_group.py
[2024-08-23T08:23:26.525+0000] {logging_mixin.py:190} INFO - [2024-08-23T08:23:26.525+0000] {dag.py:3211} INFO - Sync 1 DAGs
[2024-08-23T08:23:26.547+0000] {logging_mixin.py:190} INFO - [2024-08-23T08:23:26.547+0000] {dag.py:4138} INFO - Setting next_dagrun for example_task_group to 2024-08-22 00:00:00+00:00, run_after=2024-08-23 00:00:00+00:00
[2024-08-23T08:23:26.565+0000] {processor.py:208} INFO - Processing /home/airflow/.local/lib/python3.12/site-packages/airflow/example_dags/example_task_group.py took 0.082 seconds
[2024-08-23T08:23:58.009+0000] {processor.py:186} INFO - Started process (PID=136) to work on /home/airflow/.local/lib/python3.12/site-packages/airflow/example_dags/example_task_group.py
[2024-08-23T08:23:58.010+0000] {processor.py:914} INFO - Processing file /home/airflow/.local/lib/python3.12/site-packages/airflow/example_dags/example_task_group.py for tasks to queue
[2024-08-23T08:23:58.012+0000] {logging_mixin.py:190} INFO - [2024-08-23T08:23:58.012+0000] {dagbag.py:587} INFO - Filling up the DagBag from /home/airflow/.local/lib/python3.12/site-packages/airflow/example_dags/example_task_group.py
[2024-08-23T08:23:58.021+0000] {processor.py:925} INFO - DAG(s) 'example_task_group' retrieved from /home/airflow/.local/lib/python3.12/site-packages/airflow/example_dags/example_task_group.py
[2024-08-23T08:23:58.039+0000] {logging_mixin.py:190} INFO - [2024-08-23T08:23:58.039+0000] {dag.py:3211} INFO - Sync 1 DAGs
[2024-08-23T08:23:58.062+0000] {logging_mixin.py:190} INFO - [2024-08-23T08:23:58.062+0000] {dag.py:4138} INFO - Setting next_dagrun for example_task_group to 2024-08-22 00:00:00+00:00, run_after=2024-08-23 00:00:00+00:00
[2024-08-23T08:23:58.092+0000] {processor.py:208} INFO - Processing /home/airflow/.local/lib/python3.12/site-packages/airflow/example_dags/example_task_group.py took 0.088 seconds
[2024-08-23T08:24:28.425+0000] {processor.py:186} INFO - Started process (PID=198) to work on /home/airflow/.local/lib/python3.12/site-packages/airflow/example_dags/example_task_group.py
[2024-08-23T08:24:28.426+0000] {processor.py:914} INFO - Processing file /home/airflow/.local/lib/python3.12/site-packages/airflow/example_dags/example_task_group.py for tasks to queue
[2024-08-23T08:24:28.429+0000] {logging_mixin.py:190} INFO - [2024-08-23T08:24:28.428+0000] {dagbag.py:587} INFO - Filling up the DagBag from /home/airflow/.local/lib/python3.12/site-packages/airflow/example_dags/example_task_group.py
[2024-08-23T08:24:28.439+0000] {processor.py:925} INFO - DAG(s) 'example_task_group' retrieved from /home/airflow/.local/lib/python3.12/site-packages/airflow/example_dags/example_task_group.py
[2024-08-23T08:24:28.458+0000] {logging_mixin.py:190} INFO - [2024-08-23T08:24:28.458+0000] {dag.py:3211} INFO - Sync 1 DAGs
[2024-08-23T08:24:28.477+0000] {logging_mixin.py:190} INFO - [2024-08-23T08:24:28.476+0000] {dag.py:4138} INFO - Setting next_dagrun for example_task_group to 2024-08-22 00:00:00+00:00, run_after=2024-08-23 00:00:00+00:00
[2024-08-23T08:24:28.496+0000] {processor.py:208} INFO - Processing /home/airflow/.local/lib/python3.12/site-packages/airflow/example_dags/example_task_group.py took 0.075 seconds
[2024-08-23T08:24:58.976+0000] {processor.py:186} INFO - Started process (PID=260) to work on /home/airflow/.local/lib/python3.12/site-packages/airflow/example_dags/example_task_group.py
[2024-08-23T08:24:58.977+0000] {processor.py:914} INFO - Processing file /home/airflow/.local/lib/python3.12/site-packages/airflow/example_dags/example_task_group.py for tasks to queue
[2024-08-23T08:24:58.982+0000] {logging_mixin.py:190} INFO - [2024-08-23T08:24:58.981+0000] {dagbag.py:587} INFO - Filling up the DagBag from /home/airflow/.local/lib/python3.12/site-packages/airflow/example_dags/example_task_group.py
[2024-08-23T08:24:58.998+0000] {processor.py:925} INFO - DAG(s) 'example_task_group' retrieved from /home/airflow/.local/lib/python3.12/site-packages/airflow/example_dags/example_task_group.py
[2024-08-23T08:24:59.034+0000] {logging_mixin.py:190} INFO - [2024-08-23T08:24:59.034+0000] {dag.py:3211} INFO - Sync 1 DAGs
[2024-08-23T08:24:59.078+0000] {logging_mixin.py:190} INFO - [2024-08-23T08:24:59.077+0000] {dag.py:4138} INFO - Setting next_dagrun for example_task_group to 2024-08-22 00:00:00+00:00, run_after=2024-08-23 00:00:00+00:00
[2024-08-23T08:24:59.107+0000] {processor.py:208} INFO - Processing /home/airflow/.local/lib/python3.12/site-packages/airflow/example_dags/example_task_group.py took 0.142 seconds
[2024-08-23T08:25:29.375+0000] {processor.py:186} INFO - Started process (PID=322) to work on /home/airflow/.local/lib/python3.12/site-packages/airflow/example_dags/example_task_group.py
[2024-08-23T08:25:29.377+0000] {processor.py:914} INFO - Processing file /home/airflow/.local/lib/python3.12/site-packages/airflow/example_dags/example_task_group.py for tasks to queue
[2024-08-23T08:25:29.381+0000] {logging_mixin.py:190} INFO - [2024-08-23T08:25:29.380+0000] {dagbag.py:587} INFO - Filling up the DagBag from /home/airflow/.local/lib/python3.12/site-packages/airflow/example_dags/example_task_group.py
[2024-08-23T08:25:29.395+0000] {processor.py:925} INFO - DAG(s) 'example_task_group' retrieved from /home/airflow/.local/lib/python3.12/site-packages/airflow/example_dags/example_task_group.py
[2024-08-23T08:25:29.434+0000] {logging_mixin.py:190} INFO - [2024-08-23T08:25:29.434+0000] {dag.py:3211} INFO - Sync 1 DAGs
[2024-08-23T08:25:29.479+0000] {logging_mixin.py:190} INFO - [2024-08-23T08:25:29.479+0000] {dag.py:4138} INFO - Setting next_dagrun for example_task_group to 2024-08-22 00:00:00+00:00, run_after=2024-08-23 00:00:00+00:00
[2024-08-23T08:25:29.514+0000] {processor.py:208} INFO - Processing /home/airflow/.local/lib/python3.12/site-packages/airflow/example_dags/example_task_group.py took 0.151 seconds
[2024-08-23T08:26:00.496+0000] {processor.py:186} INFO - Started process (PID=384) to work on /home/airflow/.local/lib/python3.12/site-packages/airflow/example_dags/example_task_group.py
[2024-08-23T08:26:00.497+0000] {processor.py:914} INFO - Processing file /home/airflow/.local/lib/python3.12/site-packages/airflow/example_dags/example_task_group.py for tasks to queue
[2024-08-23T08:26:00.500+0000] {logging_mixin.py:190} INFO - [2024-08-23T08:26:00.500+0000] {dagbag.py:587} INFO - Filling up the DagBag from /home/airflow/.local/lib/python3.12/site-packages/airflow/example_dags/example_task_group.py
[2024-08-23T08:26:00.510+0000] {processor.py:925} INFO - DAG(s) 'example_task_group' retrieved from /home/airflow/.local/lib/python3.12/site-packages/airflow/example_dags/example_task_group.py
[2024-08-23T08:26:00.532+0000] {logging_mixin.py:190} INFO - [2024-08-23T08:26:00.532+0000] {dag.py:3211} INFO - Sync 1 DAGs
[2024-08-23T08:26:00.554+0000] {logging_mixin.py:190} INFO - [2024-08-23T08:26:00.553+0000] {dag.py:4138} INFO - Setting next_dagrun for example_task_group to 2024-08-22 00:00:00+00:00, run_after=2024-08-23 00:00:00+00:00
[2024-08-23T08:26:00.572+0000] {processor.py:208} INFO - Processing /home/airflow/.local/lib/python3.12/site-packages/airflow/example_dags/example_task_group.py took 0.084 seconds
[2024-08-23T08:26:30.777+0000] {processor.py:186} INFO - Started process (PID=446) to work on /home/airflow/.local/lib/python3.12/site-packages/airflow/example_dags/example_task_group.py
[2024-08-23T08:26:30.778+0000] {processor.py:914} INFO - Processing file /home/airflow/.local/lib/python3.12/site-packages/airflow/example_dags/example_task_group.py for tasks to queue
[2024-08-23T08:26:30.781+0000] {logging_mixin.py:190} INFO - [2024-08-23T08:26:30.780+0000] {dagbag.py:587} INFO - Filling up the DagBag from /home/airflow/.local/lib/python3.12/site-packages/airflow/example_dags/example_task_group.py
[2024-08-23T08:26:30.791+0000] {processor.py:925} INFO - DAG(s) 'example_task_group' retrieved from /home/airflow/.local/lib/python3.12/site-packages/airflow/example_dags/example_task_group.py
[2024-08-23T08:26:30.809+0000] {logging_mixin.py:190} INFO - [2024-08-23T08:26:30.809+0000] {dag.py:3211} INFO - Sync 1 DAGs
[2024-08-23T08:26:30.829+0000] {logging_mixin.py:190} INFO - [2024-08-23T08:26:30.828+0000] {dag.py:4138} INFO - Setting next_dagrun for example_task_group to 2024-08-22 00:00:00+00:00, run_after=2024-08-23 00:00:00+00:00
[2024-08-23T08:26:30.846+0000] {processor.py:208} INFO - Processing /home/airflow/.local/lib/python3.12/site-packages/airflow/example_dags/example_task_group.py took 0.073 seconds
[2024-08-23T10:25:02.736+0000] {processor.py:186} INFO - Started process (PID=78) to work on /home/airflow/.local/lib/python3.12/site-packages/airflow/example_dags/example_task_group.py
[2024-08-23T10:25:02.737+0000] {processor.py:914} INFO - Processing file /home/airflow/.local/lib/python3.12/site-packages/airflow/example_dags/example_task_group.py for tasks to queue
[2024-08-23T10:25:02.741+0000] {logging_mixin.py:190} INFO - [2024-08-23T10:25:02.740+0000] {dagbag.py:587} INFO - Filling up the DagBag from /home/airflow/.local/lib/python3.12/site-packages/airflow/example_dags/example_task_group.py
[2024-08-23T10:25:02.758+0000] {processor.py:925} INFO - DAG(s) 'example_task_group' retrieved from /home/airflow/.local/lib/python3.12/site-packages/airflow/example_dags/example_task_group.py
[2024-08-23T10:25:02.801+0000] {logging_mixin.py:190} INFO - [2024-08-23T10:25:02.801+0000] {dag.py:3211} INFO - Sync 1 DAGs
[2024-08-23T10:25:02.840+0000] {logging_mixin.py:190} INFO - [2024-08-23T10:25:02.839+0000] {dag.py:4138} INFO - Setting next_dagrun for example_task_group to 2024-08-22 00:00:00+00:00, run_after=2024-08-23 00:00:00+00:00
[2024-08-23T10:25:02.874+0000] {processor.py:208} INFO - Processing /home/airflow/.local/lib/python3.12/site-packages/airflow/example_dags/example_task_group.py took 0.148 seconds
[2024-08-23T10:25:33.723+0000] {processor.py:186} INFO - Started process (PID=140) to work on /home/airflow/.local/lib/python3.12/site-packages/airflow/example_dags/example_task_group.py
[2024-08-23T10:25:33.724+0000] {processor.py:914} INFO - Processing file /home/airflow/.local/lib/python3.12/site-packages/airflow/example_dags/example_task_group.py for tasks to queue
[2024-08-23T10:25:33.727+0000] {logging_mixin.py:190} INFO - [2024-08-23T10:25:33.726+0000] {dagbag.py:587} INFO - Filling up the DagBag from /home/airflow/.local/lib/python3.12/site-packages/airflow/example_dags/example_task_group.py
[2024-08-23T10:25:33.735+0000] {processor.py:925} INFO - DAG(s) 'example_task_group' retrieved from /home/airflow/.local/lib/python3.12/site-packages/airflow/example_dags/example_task_group.py
[2024-08-23T10:25:33.753+0000] {logging_mixin.py:190} INFO - [2024-08-23T10:25:33.753+0000] {dag.py:3211} INFO - Sync 1 DAGs
[2024-08-23T10:25:33.774+0000] {logging_mixin.py:190} INFO - [2024-08-23T10:25:33.774+0000] {dag.py:4138} INFO - Setting next_dagrun for example_task_group to 2024-08-22 00:00:00+00:00, run_after=2024-08-23 00:00:00+00:00
[2024-08-23T10:25:33.800+0000] {processor.py:208} INFO - Processing /home/airflow/.local/lib/python3.12/site-packages/airflow/example_dags/example_task_group.py took 0.082 seconds
[2024-08-23T10:26:04.493+0000] {processor.py:186} INFO - Started process (PID=202) to work on /home/airflow/.local/lib/python3.12/site-packages/airflow/example_dags/example_task_group.py
[2024-08-23T10:26:04.494+0000] {processor.py:914} INFO - Processing file /home/airflow/.local/lib/python3.12/site-packages/airflow/example_dags/example_task_group.py for tasks to queue
[2024-08-23T10:26:04.496+0000] {logging_mixin.py:190} INFO - [2024-08-23T10:26:04.496+0000] {dagbag.py:587} INFO - Filling up the DagBag from /home/airflow/.local/lib/python3.12/site-packages/airflow/example_dags/example_task_group.py
[2024-08-23T10:26:04.504+0000] {processor.py:925} INFO - DAG(s) 'example_task_group' retrieved from /home/airflow/.local/lib/python3.12/site-packages/airflow/example_dags/example_task_group.py
[2024-08-23T10:26:04.529+0000] {logging_mixin.py:190} INFO - [2024-08-23T10:26:04.528+0000] {dag.py:3211} INFO - Sync 1 DAGs
[2024-08-23T10:26:04.557+0000] {logging_mixin.py:190} INFO - [2024-08-23T10:26:04.556+0000] {dag.py:4138} INFO - Setting next_dagrun for example_task_group to 2024-08-22 00:00:00+00:00, run_after=2024-08-23 00:00:00+00:00
[2024-08-23T10:26:04.577+0000] {processor.py:208} INFO - Processing /home/airflow/.local/lib/python3.12/site-packages/airflow/example_dags/example_task_group.py took 0.088 seconds
[2024-08-23T10:26:35.481+0000] {processor.py:186} INFO - Started process (PID=264) to work on /home/airflow/.local/lib/python3.12/site-packages/airflow/example_dags/example_task_group.py
[2024-08-23T10:26:35.482+0000] {processor.py:914} INFO - Processing file /home/airflow/.local/lib/python3.12/site-packages/airflow/example_dags/example_task_group.py for tasks to queue
[2024-08-23T10:26:35.486+0000] {logging_mixin.py:190} INFO - [2024-08-23T10:26:35.485+0000] {dagbag.py:587} INFO - Filling up the DagBag from /home/airflow/.local/lib/python3.12/site-packages/airflow/example_dags/example_task_group.py
[2024-08-23T10:26:35.496+0000] {processor.py:925} INFO - DAG(s) 'example_task_group' retrieved from /home/airflow/.local/lib/python3.12/site-packages/airflow/example_dags/example_task_group.py
[2024-08-23T10:26:35.516+0000] {logging_mixin.py:190} INFO - [2024-08-23T10:26:35.516+0000] {dag.py:3211} INFO - Sync 1 DAGs
[2024-08-23T10:26:35.540+0000] {logging_mixin.py:190} INFO - [2024-08-23T10:26:35.540+0000] {dag.py:4138} INFO - Setting next_dagrun for example_task_group to 2024-08-22 00:00:00+00:00, run_after=2024-08-23 00:00:00+00:00
[2024-08-23T10:26:35.560+0000] {processor.py:208} INFO - Processing /home/airflow/.local/lib/python3.12/site-packages/airflow/example_dags/example_task_group.py took 0.085 seconds
[2024-08-23T10:27:06.410+0000] {processor.py:186} INFO - Started process (PID=326) to work on /home/airflow/.local/lib/python3.12/site-packages/airflow/example_dags/example_task_group.py
[2024-08-23T10:27:06.413+0000] {processor.py:914} INFO - Processing file /home/airflow/.local/lib/python3.12/site-packages/airflow/example_dags/example_task_group.py for tasks to queue
[2024-08-23T10:27:06.419+0000] {logging_mixin.py:190} INFO - [2024-08-23T10:27:06.418+0000] {dagbag.py:587} INFO - Filling up the DagBag from /home/airflow/.local/lib/python3.12/site-packages/airflow/example_dags/example_task_group.py
[2024-08-23T10:27:06.437+0000] {processor.py:925} INFO - DAG(s) 'example_task_group' retrieved from /home/airflow/.local/lib/python3.12/site-packages/airflow/example_dags/example_task_group.py
[2024-08-23T10:27:06.505+0000] {logging_mixin.py:190} INFO - [2024-08-23T10:27:06.504+0000] {dag.py:3211} INFO - Sync 1 DAGs
[2024-08-23T10:27:06.568+0000] {logging_mixin.py:190} INFO - [2024-08-23T10:27:06.567+0000] {dag.py:4138} INFO - Setting next_dagrun for example_task_group to 2024-08-22 00:00:00+00:00, run_after=2024-08-23 00:00:00+00:00
[2024-08-23T10:27:06.622+0000] {processor.py:208} INFO - Processing /home/airflow/.local/lib/python3.12/site-packages/airflow/example_dags/example_task_group.py took 0.223 seconds
[2024-08-23T10:27:37.192+0000] {processor.py:186} INFO - Started process (PID=388) to work on /home/airflow/.local/lib/python3.12/site-packages/airflow/example_dags/example_task_group.py
[2024-08-23T10:27:37.193+0000] {processor.py:914} INFO - Processing file /home/airflow/.local/lib/python3.12/site-packages/airflow/example_dags/example_task_group.py for tasks to queue
[2024-08-23T10:27:37.198+0000] {logging_mixin.py:190} INFO - [2024-08-23T10:27:37.197+0000] {dagbag.py:587} INFO - Filling up the DagBag from /home/airflow/.local/lib/python3.12/site-packages/airflow/example_dags/example_task_group.py
[2024-08-23T10:27:37.211+0000] {processor.py:925} INFO - DAG(s) 'example_task_group' retrieved from /home/airflow/.local/lib/python3.12/site-packages/airflow/example_dags/example_task_group.py
[2024-08-23T10:27:37.243+0000] {logging_mixin.py:190} INFO - [2024-08-23T10:27:37.243+0000] {dag.py:3211} INFO - Sync 1 DAGs
[2024-08-23T10:27:37.290+0000] {logging_mixin.py:190} INFO - [2024-08-23T10:27:37.290+0000] {dag.py:4138} INFO - Setting next_dagrun for example_task_group to 2024-08-22 00:00:00+00:00, run_after=2024-08-23 00:00:00+00:00
[2024-08-23T10:27:37.332+0000] {processor.py:208} INFO - Processing /home/airflow/.local/lib/python3.12/site-packages/airflow/example_dags/example_task_group.py took 0.149 seconds
[2024-08-23T10:28:07.860+0000] {processor.py:186} INFO - Started process (PID=450) to work on /home/airflow/.local/lib/python3.12/site-packages/airflow/example_dags/example_task_group.py
[2024-08-23T10:28:07.861+0000] {processor.py:914} INFO - Processing file /home/airflow/.local/lib/python3.12/site-packages/airflow/example_dags/example_task_group.py for tasks to queue
[2024-08-23T10:28:07.864+0000] {logging_mixin.py:190} INFO - [2024-08-23T10:28:07.864+0000] {dagbag.py:587} INFO - Filling up the DagBag from /home/airflow/.local/lib/python3.12/site-packages/airflow/example_dags/example_task_group.py
[2024-08-23T10:28:07.875+0000] {processor.py:925} INFO - DAG(s) 'example_task_group' retrieved from /home/airflow/.local/lib/python3.12/site-packages/airflow/example_dags/example_task_group.py
[2024-08-23T10:28:07.902+0000] {logging_mixin.py:190} INFO - [2024-08-23T10:28:07.902+0000] {dag.py:3211} INFO - Sync 1 DAGs
[2024-08-23T10:28:07.937+0000] {logging_mixin.py:190} INFO - [2024-08-23T10:28:07.937+0000] {dag.py:4138} INFO - Setting next_dagrun for example_task_group to 2024-08-22 00:00:00+00:00, run_after=2024-08-23 00:00:00+00:00
[2024-08-23T10:28:07.963+0000] {processor.py:208} INFO - Processing /home/airflow/.local/lib/python3.12/site-packages/airflow/example_dags/example_task_group.py took 0.110 seconds
