[2024-08-23T06:38:36.176+0000] {processor.py:186} INFO - Started process (PID=114) to work on /home/airflow/.local/lib/python3.12/site-packages/airflow/example_dags/example_xcom.py
[2024-08-23T06:38:36.179+0000] {processor.py:914} INFO - Processing file /home/airflow/.local/lib/python3.12/site-packages/airflow/example_dags/example_xcom.py for tasks to queue
[2024-08-23T06:38:36.182+0000] {logging_mixin.py:190} INFO - [2024-08-23T06:38:36.182+0000] {dagbag.py:587} INFO - Filling up the DagBag from /home/airflow/.local/lib/python3.12/site-packages/airflow/example_dags/example_xcom.py
[2024-08-23T06:38:36.193+0000] {processor.py:925} INFO - DAG(s) 'example_xcom' retrieved from /home/airflow/.local/lib/python3.12/site-packages/airflow/example_dags/example_xcom.py
[2024-08-23T06:38:36.323+0000] {logging_mixin.py:190} INFO - [2024-08-23T06:38:36.323+0000] {override.py:1858} INFO - Created Permission View: can edit on DAG:example_xcom
[2024-08-23T06:38:36.338+0000] {logging_mixin.py:190} INFO - [2024-08-23T06:38:36.338+0000] {override.py:1858} INFO - Created Permission View: can delete on DAG:example_xcom
[2024-08-23T06:38:36.348+0000] {logging_mixin.py:190} INFO - [2024-08-23T06:38:36.348+0000] {override.py:1858} INFO - Created Permission View: can read on DAG:example_xcom
[2024-08-23T06:38:36.349+0000] {logging_mixin.py:190} INFO - [2024-08-23T06:38:36.349+0000] {dag.py:3211} INFO - Sync 1 DAGs
[2024-08-23T06:38:36.375+0000] {logging_mixin.py:190} INFO - [2024-08-23T06:38:36.375+0000] {dag.py:3234} INFO - Creating ORM DAG for example_xcom
[2024-08-23T06:38:36.387+0000] {logging_mixin.py:190} INFO - [2024-08-23T06:38:36.387+0000] {dag.py:4138} INFO - Setting next_dagrun for example_xcom to 2021-01-01 00:00:00+00:00, run_after=2021-01-01 00:00:00+00:00
[2024-08-23T06:38:36.409+0000] {processor.py:208} INFO - Processing /home/airflow/.local/lib/python3.12/site-packages/airflow/example_dags/example_xcom.py took 0.239 seconds
[2024-08-23T06:39:07.110+0000] {processor.py:186} INFO - Started process (PID=176) to work on /home/airflow/.local/lib/python3.12/site-packages/airflow/example_dags/example_xcom.py
[2024-08-23T06:39:07.111+0000] {processor.py:914} INFO - Processing file /home/airflow/.local/lib/python3.12/site-packages/airflow/example_dags/example_xcom.py for tasks to queue
[2024-08-23T06:39:07.113+0000] {logging_mixin.py:190} INFO - [2024-08-23T06:39:07.113+0000] {dagbag.py:587} INFO - Filling up the DagBag from /home/airflow/.local/lib/python3.12/site-packages/airflow/example_dags/example_xcom.py
[2024-08-23T06:39:07.124+0000] {processor.py:925} INFO - DAG(s) 'example_xcom' retrieved from /home/airflow/.local/lib/python3.12/site-packages/airflow/example_dags/example_xcom.py
[2024-08-23T06:39:07.154+0000] {logging_mixin.py:190} INFO - [2024-08-23T06:39:07.154+0000] {dag.py:3211} INFO - Sync 1 DAGs
[2024-08-23T06:39:07.180+0000] {logging_mixin.py:190} INFO - [2024-08-23T06:39:07.180+0000] {dag.py:4138} INFO - Setting next_dagrun for example_xcom to 2021-01-01 00:00:00+00:00, run_after=2021-01-01 00:00:00+00:00
[2024-08-23T06:39:07.202+0000] {processor.py:208} INFO - Processing /home/airflow/.local/lib/python3.12/site-packages/airflow/example_dags/example_xcom.py took 0.099 seconds
[2024-08-23T06:39:37.607+0000] {processor.py:186} INFO - Started process (PID=238) to work on /home/airflow/.local/lib/python3.12/site-packages/airflow/example_dags/example_xcom.py
[2024-08-23T06:39:37.608+0000] {processor.py:914} INFO - Processing file /home/airflow/.local/lib/python3.12/site-packages/airflow/example_dags/example_xcom.py for tasks to queue
[2024-08-23T06:39:37.611+0000] {logging_mixin.py:190} INFO - [2024-08-23T06:39:37.611+0000] {dagbag.py:587} INFO - Filling up the DagBag from /home/airflow/.local/lib/python3.12/site-packages/airflow/example_dags/example_xcom.py
[2024-08-23T06:39:37.620+0000] {processor.py:925} INFO - DAG(s) 'example_xcom' retrieved from /home/airflow/.local/lib/python3.12/site-packages/airflow/example_dags/example_xcom.py
[2024-08-23T06:39:37.638+0000] {logging_mixin.py:190} INFO - [2024-08-23T06:39:37.638+0000] {dag.py:3211} INFO - Sync 1 DAGs
[2024-08-23T06:39:37.661+0000] {logging_mixin.py:190} INFO - [2024-08-23T06:39:37.661+0000] {dag.py:4138} INFO - Setting next_dagrun for example_xcom to 2021-01-01 00:00:00+00:00, run_after=2021-01-01 00:00:00+00:00
[2024-08-23T06:39:37.681+0000] {processor.py:208} INFO - Processing /home/airflow/.local/lib/python3.12/site-packages/airflow/example_dags/example_xcom.py took 0.079 seconds
[2024-08-23T06:40:08.612+0000] {processor.py:186} INFO - Started process (PID=300) to work on /home/airflow/.local/lib/python3.12/site-packages/airflow/example_dags/example_xcom.py
[2024-08-23T06:40:08.614+0000] {processor.py:914} INFO - Processing file /home/airflow/.local/lib/python3.12/site-packages/airflow/example_dags/example_xcom.py for tasks to queue
[2024-08-23T06:40:08.619+0000] {logging_mixin.py:190} INFO - [2024-08-23T06:40:08.618+0000] {dagbag.py:587} INFO - Filling up the DagBag from /home/airflow/.local/lib/python3.12/site-packages/airflow/example_dags/example_xcom.py
[2024-08-23T06:40:08.635+0000] {processor.py:925} INFO - DAG(s) 'example_xcom' retrieved from /home/airflow/.local/lib/python3.12/site-packages/airflow/example_dags/example_xcom.py
[2024-08-23T06:40:08.673+0000] {logging_mixin.py:190} INFO - [2024-08-23T06:40:08.673+0000] {dag.py:3211} INFO - Sync 1 DAGs
[2024-08-23T06:40:08.758+0000] {logging_mixin.py:190} INFO - [2024-08-23T06:40:08.756+0000] {dag.py:4138} INFO - Setting next_dagrun for example_xcom to 2021-01-01 00:00:00+00:00, run_after=2021-01-01 00:00:00+00:00
[2024-08-23T06:40:08.807+0000] {processor.py:208} INFO - Processing /home/airflow/.local/lib/python3.12/site-packages/airflow/example_dags/example_xcom.py took 0.207 seconds
[2024-08-23T06:40:39.203+0000] {processor.py:186} INFO - Started process (PID=361) to work on /home/airflow/.local/lib/python3.12/site-packages/airflow/example_dags/example_xcom.py
[2024-08-23T06:40:39.205+0000] {processor.py:914} INFO - Processing file /home/airflow/.local/lib/python3.12/site-packages/airflow/example_dags/example_xcom.py for tasks to queue
[2024-08-23T06:40:39.210+0000] {logging_mixin.py:190} INFO - [2024-08-23T06:40:39.210+0000] {dagbag.py:587} INFO - Filling up the DagBag from /home/airflow/.local/lib/python3.12/site-packages/airflow/example_dags/example_xcom.py
[2024-08-23T06:40:39.233+0000] {processor.py:925} INFO - DAG(s) 'example_xcom' retrieved from /home/airflow/.local/lib/python3.12/site-packages/airflow/example_dags/example_xcom.py
[2024-08-23T06:40:39.288+0000] {logging_mixin.py:190} INFO - [2024-08-23T06:40:39.287+0000] {dag.py:3211} INFO - Sync 1 DAGs
[2024-08-23T06:40:39.349+0000] {logging_mixin.py:190} INFO - [2024-08-23T06:40:39.348+0000] {dag.py:4138} INFO - Setting next_dagrun for example_xcom to 2021-01-01 00:00:00+00:00, run_after=2021-01-01 00:00:00+00:00
[2024-08-23T06:40:39.398+0000] {processor.py:208} INFO - Processing /home/airflow/.local/lib/python3.12/site-packages/airflow/example_dags/example_xcom.py took 0.212 seconds
[2024-08-23T06:41:09.590+0000] {processor.py:186} INFO - Started process (PID=423) to work on /home/airflow/.local/lib/python3.12/site-packages/airflow/example_dags/example_xcom.py
[2024-08-23T06:41:09.592+0000] {processor.py:914} INFO - Processing file /home/airflow/.local/lib/python3.12/site-packages/airflow/example_dags/example_xcom.py for tasks to queue
[2024-08-23T06:41:09.595+0000] {logging_mixin.py:190} INFO - [2024-08-23T06:41:09.595+0000] {dagbag.py:587} INFO - Filling up the DagBag from /home/airflow/.local/lib/python3.12/site-packages/airflow/example_dags/example_xcom.py
[2024-08-23T06:41:09.608+0000] {processor.py:925} INFO - DAG(s) 'example_xcom' retrieved from /home/airflow/.local/lib/python3.12/site-packages/airflow/example_dags/example_xcom.py
[2024-08-23T06:41:09.633+0000] {logging_mixin.py:190} INFO - [2024-08-23T06:41:09.633+0000] {dag.py:3211} INFO - Sync 1 DAGs
[2024-08-23T06:41:09.658+0000] {logging_mixin.py:190} INFO - [2024-08-23T06:41:09.658+0000] {dag.py:4138} INFO - Setting next_dagrun for example_xcom to 2021-01-01 00:00:00+00:00, run_after=2021-01-01 00:00:00+00:00
[2024-08-23T06:41:09.679+0000] {processor.py:208} INFO - Processing /home/airflow/.local/lib/python3.12/site-packages/airflow/example_dags/example_xcom.py took 0.101 seconds
[2024-08-23T06:41:40.238+0000] {processor.py:186} INFO - Started process (PID=485) to work on /home/airflow/.local/lib/python3.12/site-packages/airflow/example_dags/example_xcom.py
[2024-08-23T06:41:40.240+0000] {processor.py:914} INFO - Processing file /home/airflow/.local/lib/python3.12/site-packages/airflow/example_dags/example_xcom.py for tasks to queue
[2024-08-23T06:41:40.247+0000] {logging_mixin.py:190} INFO - [2024-08-23T06:41:40.246+0000] {dagbag.py:587} INFO - Filling up the DagBag from /home/airflow/.local/lib/python3.12/site-packages/airflow/example_dags/example_xcom.py
[2024-08-23T06:41:40.261+0000] {processor.py:925} INFO - DAG(s) 'example_xcom' retrieved from /home/airflow/.local/lib/python3.12/site-packages/airflow/example_dags/example_xcom.py
[2024-08-23T06:41:40.293+0000] {logging_mixin.py:190} INFO - [2024-08-23T06:41:40.293+0000] {dag.py:3211} INFO - Sync 1 DAGs
[2024-08-23T06:41:40.338+0000] {logging_mixin.py:190} INFO - [2024-08-23T06:41:40.337+0000] {dag.py:4138} INFO - Setting next_dagrun for example_xcom to 2021-01-01 00:00:00+00:00, run_after=2021-01-01 00:00:00+00:00
[2024-08-23T06:41:40.387+0000] {processor.py:208} INFO - Processing /home/airflow/.local/lib/python3.12/site-packages/airflow/example_dags/example_xcom.py took 0.158 seconds
[2024-08-23T06:42:10.463+0000] {processor.py:186} INFO - Started process (PID=547) to work on /home/airflow/.local/lib/python3.12/site-packages/airflow/example_dags/example_xcom.py
[2024-08-23T06:42:10.465+0000] {processor.py:914} INFO - Processing file /home/airflow/.local/lib/python3.12/site-packages/airflow/example_dags/example_xcom.py for tasks to queue
[2024-08-23T06:42:10.469+0000] {logging_mixin.py:190} INFO - [2024-08-23T06:42:10.469+0000] {dagbag.py:587} INFO - Filling up the DagBag from /home/airflow/.local/lib/python3.12/site-packages/airflow/example_dags/example_xcom.py
[2024-08-23T06:42:10.480+0000] {processor.py:925} INFO - DAG(s) 'example_xcom' retrieved from /home/airflow/.local/lib/python3.12/site-packages/airflow/example_dags/example_xcom.py
[2024-08-23T06:42:10.506+0000] {logging_mixin.py:190} INFO - [2024-08-23T06:42:10.505+0000] {dag.py:3211} INFO - Sync 1 DAGs
[2024-08-23T06:42:10.542+0000] {logging_mixin.py:190} INFO - [2024-08-23T06:42:10.541+0000] {dag.py:4138} INFO - Setting next_dagrun for example_xcom to 2021-01-01 00:00:00+00:00, run_after=2021-01-01 00:00:00+00:00
[2024-08-23T06:42:10.571+0000] {processor.py:208} INFO - Processing /home/airflow/.local/lib/python3.12/site-packages/airflow/example_dags/example_xcom.py took 0.118 seconds
[2024-08-23T07:54:17.161+0000] {processor.py:186} INFO - Started process (PID=117) to work on /home/airflow/.local/lib/python3.12/site-packages/airflow/example_dags/example_xcom.py
[2024-08-23T07:54:17.193+0000] {processor.py:914} INFO - Processing file /home/airflow/.local/lib/python3.12/site-packages/airflow/example_dags/example_xcom.py for tasks to queue
[2024-08-23T07:54:17.210+0000] {logging_mixin.py:190} INFO - [2024-08-23T07:54:17.209+0000] {dagbag.py:587} INFO - Filling up the DagBag from /home/airflow/.local/lib/python3.12/site-packages/airflow/example_dags/example_xcom.py
[2024-08-23T07:54:17.289+0000] {processor.py:925} INFO - DAG(s) 'example_xcom' retrieved from /home/airflow/.local/lib/python3.12/site-packages/airflow/example_dags/example_xcom.py
[2024-08-23T07:54:17.908+0000] {logging_mixin.py:190} INFO - [2024-08-23T07:54:17.908+0000] {dag.py:3211} INFO - Sync 1 DAGs
[2024-08-23T07:54:18.142+0000] {logging_mixin.py:190} INFO - [2024-08-23T07:54:18.141+0000] {dag.py:4138} INFO - Setting next_dagrun for example_xcom to 2021-01-01 00:00:00+00:00, run_after=2021-01-01 00:00:00+00:00
[2024-08-23T07:54:18.363+0000] {processor.py:208} INFO - Processing /home/airflow/.local/lib/python3.12/site-packages/airflow/example_dags/example_xcom.py took 1.239 seconds
[2024-08-23T07:54:48.563+0000] {processor.py:186} INFO - Started process (PID=178) to work on /home/airflow/.local/lib/python3.12/site-packages/airflow/example_dags/example_xcom.py
[2024-08-23T07:54:48.565+0000] {processor.py:914} INFO - Processing file /home/airflow/.local/lib/python3.12/site-packages/airflow/example_dags/example_xcom.py for tasks to queue
[2024-08-23T07:54:48.568+0000] {logging_mixin.py:190} INFO - [2024-08-23T07:54:48.568+0000] {dagbag.py:587} INFO - Filling up the DagBag from /home/airflow/.local/lib/python3.12/site-packages/airflow/example_dags/example_xcom.py
[2024-08-23T07:54:48.579+0000] {processor.py:925} INFO - DAG(s) 'example_xcom' retrieved from /home/airflow/.local/lib/python3.12/site-packages/airflow/example_dags/example_xcom.py
[2024-08-23T07:54:48.607+0000] {logging_mixin.py:190} INFO - [2024-08-23T07:54:48.607+0000] {dag.py:3211} INFO - Sync 1 DAGs
[2024-08-23T07:54:48.636+0000] {logging_mixin.py:190} INFO - [2024-08-23T07:54:48.636+0000] {dag.py:4138} INFO - Setting next_dagrun for example_xcom to 2021-01-01 00:00:00+00:00, run_after=2021-01-01 00:00:00+00:00
[2024-08-23T07:54:48.661+0000] {processor.py:208} INFO - Processing /home/airflow/.local/lib/python3.12/site-packages/airflow/example_dags/example_xcom.py took 0.105 seconds
[2024-08-23T07:55:19.248+0000] {processor.py:186} INFO - Started process (PID=240) to work on /home/airflow/.local/lib/python3.12/site-packages/airflow/example_dags/example_xcom.py
[2024-08-23T07:55:19.250+0000] {processor.py:914} INFO - Processing file /home/airflow/.local/lib/python3.12/site-packages/airflow/example_dags/example_xcom.py for tasks to queue
[2024-08-23T07:55:19.255+0000] {logging_mixin.py:190} INFO - [2024-08-23T07:55:19.255+0000] {dagbag.py:587} INFO - Filling up the DagBag from /home/airflow/.local/lib/python3.12/site-packages/airflow/example_dags/example_xcom.py
[2024-08-23T07:55:19.277+0000] {processor.py:925} INFO - DAG(s) 'example_xcom' retrieved from /home/airflow/.local/lib/python3.12/site-packages/airflow/example_dags/example_xcom.py
[2024-08-23T07:55:19.323+0000] {logging_mixin.py:190} INFO - [2024-08-23T07:55:19.322+0000] {dag.py:3211} INFO - Sync 1 DAGs
[2024-08-23T07:55:19.374+0000] {logging_mixin.py:190} INFO - [2024-08-23T07:55:19.373+0000] {dag.py:4138} INFO - Setting next_dagrun for example_xcom to 2021-01-01 00:00:00+00:00, run_after=2021-01-01 00:00:00+00:00
[2024-08-23T07:55:19.405+0000] {processor.py:208} INFO - Processing /home/airflow/.local/lib/python3.12/site-packages/airflow/example_dags/example_xcom.py took 0.174 seconds
[2024-08-23T08:20:35.313+0000] {processor.py:186} INFO - Started process (PID=112) to work on /home/airflow/.local/lib/python3.12/site-packages/airflow/example_dags/example_xcom.py
[2024-08-23T08:20:35.314+0000] {processor.py:914} INFO - Processing file /home/airflow/.local/lib/python3.12/site-packages/airflow/example_dags/example_xcom.py for tasks to queue
[2024-08-23T08:20:35.317+0000] {logging_mixin.py:190} INFO - [2024-08-23T08:20:35.317+0000] {dagbag.py:587} INFO - Filling up the DagBag from /home/airflow/.local/lib/python3.12/site-packages/airflow/example_dags/example_xcom.py
[2024-08-23T08:20:35.328+0000] {processor.py:925} INFO - DAG(s) 'example_xcom' retrieved from /home/airflow/.local/lib/python3.12/site-packages/airflow/example_dags/example_xcom.py
[2024-08-23T08:20:35.353+0000] {logging_mixin.py:190} INFO - [2024-08-23T08:20:35.353+0000] {dag.py:3211} INFO - Sync 1 DAGs
[2024-08-23T08:20:35.378+0000] {logging_mixin.py:190} INFO - [2024-08-23T08:20:35.377+0000] {dag.py:4138} INFO - Setting next_dagrun for example_xcom to 2021-01-01 00:00:00+00:00, run_after=2021-01-01 00:00:00+00:00
[2024-08-23T08:20:35.401+0000] {processor.py:208} INFO - Processing /home/airflow/.local/lib/python3.12/site-packages/airflow/example_dags/example_xcom.py took 0.094 seconds
[2024-08-23T08:23:29.319+0000] {processor.py:186} INFO - Started process (PID=109) to work on /home/airflow/.local/lib/python3.12/site-packages/airflow/example_dags/example_xcom.py
[2024-08-23T08:23:29.321+0000] {processor.py:914} INFO - Processing file /home/airflow/.local/lib/python3.12/site-packages/airflow/example_dags/example_xcom.py for tasks to queue
[2024-08-23T08:23:29.324+0000] {logging_mixin.py:190} INFO - [2024-08-23T08:23:29.323+0000] {dagbag.py:587} INFO - Filling up the DagBag from /home/airflow/.local/lib/python3.12/site-packages/airflow/example_dags/example_xcom.py
[2024-08-23T08:23:29.334+0000] {processor.py:925} INFO - DAG(s) 'example_xcom' retrieved from /home/airflow/.local/lib/python3.12/site-packages/airflow/example_dags/example_xcom.py
[2024-08-23T08:23:29.355+0000] {logging_mixin.py:190} INFO - [2024-08-23T08:23:29.355+0000] {dag.py:3211} INFO - Sync 1 DAGs
[2024-08-23T08:23:29.377+0000] {logging_mixin.py:190} INFO - [2024-08-23T08:23:29.377+0000] {dag.py:4138} INFO - Setting next_dagrun for example_xcom to 2021-01-01 00:00:00+00:00, run_after=2021-01-01 00:00:00+00:00
[2024-08-23T08:23:29.398+0000] {processor.py:208} INFO - Processing /home/airflow/.local/lib/python3.12/site-packages/airflow/example_dags/example_xcom.py took 0.085 seconds
[2024-08-23T08:24:00.068+0000] {processor.py:186} INFO - Started process (PID=172) to work on /home/airflow/.local/lib/python3.12/site-packages/airflow/example_dags/example_xcom.py
[2024-08-23T08:24:00.070+0000] {processor.py:914} INFO - Processing file /home/airflow/.local/lib/python3.12/site-packages/airflow/example_dags/example_xcom.py for tasks to queue
[2024-08-23T08:24:00.072+0000] {logging_mixin.py:190} INFO - [2024-08-23T08:24:00.072+0000] {dagbag.py:587} INFO - Filling up the DagBag from /home/airflow/.local/lib/python3.12/site-packages/airflow/example_dags/example_xcom.py
[2024-08-23T08:24:00.081+0000] {processor.py:925} INFO - DAG(s) 'example_xcom' retrieved from /home/airflow/.local/lib/python3.12/site-packages/airflow/example_dags/example_xcom.py
[2024-08-23T08:24:00.102+0000] {logging_mixin.py:190} INFO - [2024-08-23T08:24:00.102+0000] {dag.py:3211} INFO - Sync 1 DAGs
[2024-08-23T08:24:00.120+0000] {logging_mixin.py:190} INFO - [2024-08-23T08:24:00.119+0000] {dag.py:4138} INFO - Setting next_dagrun for example_xcom to 2021-01-01 00:00:00+00:00, run_after=2021-01-01 00:00:00+00:00
[2024-08-23T08:24:00.139+0000] {processor.py:208} INFO - Processing /home/airflow/.local/lib/python3.12/site-packages/airflow/example_dags/example_xcom.py took 0.077 seconds
[2024-08-23T08:24:31.135+0000] {processor.py:186} INFO - Started process (PID=234) to work on /home/airflow/.local/lib/python3.12/site-packages/airflow/example_dags/example_xcom.py
[2024-08-23T08:24:31.137+0000] {processor.py:914} INFO - Processing file /home/airflow/.local/lib/python3.12/site-packages/airflow/example_dags/example_xcom.py for tasks to queue
[2024-08-23T08:24:31.141+0000] {logging_mixin.py:190} INFO - [2024-08-23T08:24:31.140+0000] {dagbag.py:587} INFO - Filling up the DagBag from /home/airflow/.local/lib/python3.12/site-packages/airflow/example_dags/example_xcom.py
[2024-08-23T08:24:31.155+0000] {processor.py:925} INFO - DAG(s) 'example_xcom' retrieved from /home/airflow/.local/lib/python3.12/site-packages/airflow/example_dags/example_xcom.py
[2024-08-23T08:24:31.187+0000] {logging_mixin.py:190} INFO - [2024-08-23T08:24:31.186+0000] {dag.py:3211} INFO - Sync 1 DAGs
[2024-08-23T08:24:31.221+0000] {logging_mixin.py:190} INFO - [2024-08-23T08:24:31.220+0000] {dag.py:4138} INFO - Setting next_dagrun for example_xcom to 2021-01-01 00:00:00+00:00, run_after=2021-01-01 00:00:00+00:00
[2024-08-23T08:24:31.249+0000] {processor.py:208} INFO - Processing /home/airflow/.local/lib/python3.12/site-packages/airflow/example_dags/example_xcom.py took 0.123 seconds
[2024-08-23T08:25:04.588+0000] {processor.py:186} INFO - Started process (PID=296) to work on /home/airflow/.local/lib/python3.12/site-packages/airflow/example_dags/example_xcom.py
[2024-08-23T08:25:04.589+0000] {processor.py:914} INFO - Processing file /home/airflow/.local/lib/python3.12/site-packages/airflow/example_dags/example_xcom.py for tasks to queue
[2024-08-23T08:25:04.593+0000] {logging_mixin.py:190} INFO - [2024-08-23T08:25:04.592+0000] {dagbag.py:587} INFO - Filling up the DagBag from /home/airflow/.local/lib/python3.12/site-packages/airflow/example_dags/example_xcom.py
[2024-08-23T08:25:04.608+0000] {processor.py:925} INFO - DAG(s) 'example_xcom' retrieved from /home/airflow/.local/lib/python3.12/site-packages/airflow/example_dags/example_xcom.py
[2024-08-23T08:25:04.644+0000] {logging_mixin.py:190} INFO - [2024-08-23T08:25:04.643+0000] {dag.py:3211} INFO - Sync 1 DAGs
[2024-08-23T08:25:04.683+0000] {logging_mixin.py:190} INFO - [2024-08-23T08:25:04.682+0000] {dag.py:4138} INFO - Setting next_dagrun for example_xcom to 2021-01-01 00:00:00+00:00, run_after=2021-01-01 00:00:00+00:00
[2024-08-23T08:25:04.716+0000] {processor.py:208} INFO - Processing /home/airflow/.local/lib/python3.12/site-packages/airflow/example_dags/example_xcom.py took 0.139 seconds
[2024-08-23T08:25:35.185+0000] {processor.py:186} INFO - Started process (PID=358) to work on /home/airflow/.local/lib/python3.12/site-packages/airflow/example_dags/example_xcom.py
[2024-08-23T08:25:35.188+0000] {processor.py:914} INFO - Processing file /home/airflow/.local/lib/python3.12/site-packages/airflow/example_dags/example_xcom.py for tasks to queue
[2024-08-23T08:25:35.193+0000] {logging_mixin.py:190} INFO - [2024-08-23T08:25:35.192+0000] {dagbag.py:587} INFO - Filling up the DagBag from /home/airflow/.local/lib/python3.12/site-packages/airflow/example_dags/example_xcom.py
[2024-08-23T08:25:35.215+0000] {processor.py:925} INFO - DAG(s) 'example_xcom' retrieved from /home/airflow/.local/lib/python3.12/site-packages/airflow/example_dags/example_xcom.py
[2024-08-23T08:25:35.260+0000] {logging_mixin.py:190} INFO - [2024-08-23T08:25:35.260+0000] {dag.py:3211} INFO - Sync 1 DAGs
[2024-08-23T08:25:35.307+0000] {logging_mixin.py:190} INFO - [2024-08-23T08:25:35.307+0000] {dag.py:4138} INFO - Setting next_dagrun for example_xcom to 2021-01-01 00:00:00+00:00, run_after=2021-01-01 00:00:00+00:00
[2024-08-23T08:25:35.351+0000] {processor.py:208} INFO - Processing /home/airflow/.local/lib/python3.12/site-packages/airflow/example_dags/example_xcom.py took 0.185 seconds
[2024-08-23T08:26:05.460+0000] {processor.py:186} INFO - Started process (PID=419) to work on /home/airflow/.local/lib/python3.12/site-packages/airflow/example_dags/example_xcom.py
[2024-08-23T08:26:05.461+0000] {processor.py:914} INFO - Processing file /home/airflow/.local/lib/python3.12/site-packages/airflow/example_dags/example_xcom.py for tasks to queue
[2024-08-23T08:26:05.463+0000] {logging_mixin.py:190} INFO - [2024-08-23T08:26:05.462+0000] {dagbag.py:587} INFO - Filling up the DagBag from /home/airflow/.local/lib/python3.12/site-packages/airflow/example_dags/example_xcom.py
[2024-08-23T08:26:05.471+0000] {processor.py:925} INFO - DAG(s) 'example_xcom' retrieved from /home/airflow/.local/lib/python3.12/site-packages/airflow/example_dags/example_xcom.py
[2024-08-23T08:26:05.490+0000] {logging_mixin.py:190} INFO - [2024-08-23T08:26:05.490+0000] {dag.py:3211} INFO - Sync 1 DAGs
[2024-08-23T08:26:05.512+0000] {logging_mixin.py:190} INFO - [2024-08-23T08:26:05.512+0000] {dag.py:4138} INFO - Setting next_dagrun for example_xcom to 2021-01-01 00:00:00+00:00, run_after=2021-01-01 00:00:00+00:00
[2024-08-23T08:26:05.531+0000] {processor.py:208} INFO - Processing /home/airflow/.local/lib/python3.12/site-packages/airflow/example_dags/example_xcom.py took 0.076 seconds
[2024-08-23T10:25:07.152+0000] {processor.py:186} INFO - Started process (PID=114) to work on /home/airflow/.local/lib/python3.12/site-packages/airflow/example_dags/example_xcom.py
[2024-08-23T10:25:07.154+0000] {processor.py:914} INFO - Processing file /home/airflow/.local/lib/python3.12/site-packages/airflow/example_dags/example_xcom.py for tasks to queue
[2024-08-23T10:25:07.157+0000] {logging_mixin.py:190} INFO - [2024-08-23T10:25:07.156+0000] {dagbag.py:587} INFO - Filling up the DagBag from /home/airflow/.local/lib/python3.12/site-packages/airflow/example_dags/example_xcom.py
[2024-08-23T10:25:07.171+0000] {processor.py:925} INFO - DAG(s) 'example_xcom' retrieved from /home/airflow/.local/lib/python3.12/site-packages/airflow/example_dags/example_xcom.py
[2024-08-23T10:25:07.200+0000] {logging_mixin.py:190} INFO - [2024-08-23T10:25:07.200+0000] {dag.py:3211} INFO - Sync 1 DAGs
[2024-08-23T10:25:07.230+0000] {logging_mixin.py:190} INFO - [2024-08-23T10:25:07.230+0000] {dag.py:4138} INFO - Setting next_dagrun for example_xcom to 2021-01-01 00:00:00+00:00, run_after=2021-01-01 00:00:00+00:00
[2024-08-23T10:25:07.255+0000] {processor.py:208} INFO - Processing /home/airflow/.local/lib/python3.12/site-packages/airflow/example_dags/example_xcom.py took 0.109 seconds
[2024-08-23T10:25:38.073+0000] {processor.py:186} INFO - Started process (PID=176) to work on /home/airflow/.local/lib/python3.12/site-packages/airflow/example_dags/example_xcom.py
[2024-08-23T10:25:38.074+0000] {processor.py:914} INFO - Processing file /home/airflow/.local/lib/python3.12/site-packages/airflow/example_dags/example_xcom.py for tasks to queue
[2024-08-23T10:25:38.077+0000] {logging_mixin.py:190} INFO - [2024-08-23T10:25:38.076+0000] {dagbag.py:587} INFO - Filling up the DagBag from /home/airflow/.local/lib/python3.12/site-packages/airflow/example_dags/example_xcom.py
[2024-08-23T10:25:38.085+0000] {processor.py:925} INFO - DAG(s) 'example_xcom' retrieved from /home/airflow/.local/lib/python3.12/site-packages/airflow/example_dags/example_xcom.py
[2024-08-23T10:25:38.108+0000] {logging_mixin.py:190} INFO - [2024-08-23T10:25:38.108+0000] {dag.py:3211} INFO - Sync 1 DAGs
[2024-08-23T10:25:38.129+0000] {logging_mixin.py:190} INFO - [2024-08-23T10:25:38.129+0000] {dag.py:4138} INFO - Setting next_dagrun for example_xcom to 2021-01-01 00:00:00+00:00, run_after=2021-01-01 00:00:00+00:00
[2024-08-23T10:25:38.152+0000] {processor.py:208} INFO - Processing /home/airflow/.local/lib/python3.12/site-packages/airflow/example_dags/example_xcom.py took 0.084 seconds
[2024-08-23T10:26:08.869+0000] {processor.py:186} INFO - Started process (PID=238) to work on /home/airflow/.local/lib/python3.12/site-packages/airflow/example_dags/example_xcom.py
[2024-08-23T10:26:08.871+0000] {processor.py:914} INFO - Processing file /home/airflow/.local/lib/python3.12/site-packages/airflow/example_dags/example_xcom.py for tasks to queue
[2024-08-23T10:26:08.873+0000] {logging_mixin.py:190} INFO - [2024-08-23T10:26:08.873+0000] {dagbag.py:587} INFO - Filling up the DagBag from /home/airflow/.local/lib/python3.12/site-packages/airflow/example_dags/example_xcom.py
[2024-08-23T10:26:08.881+0000] {processor.py:925} INFO - DAG(s) 'example_xcom' retrieved from /home/airflow/.local/lib/python3.12/site-packages/airflow/example_dags/example_xcom.py
[2024-08-23T10:26:08.904+0000] {logging_mixin.py:190} INFO - [2024-08-23T10:26:08.904+0000] {dag.py:3211} INFO - Sync 1 DAGs
[2024-08-23T10:26:08.923+0000] {logging_mixin.py:190} INFO - [2024-08-23T10:26:08.923+0000] {dag.py:4138} INFO - Setting next_dagrun for example_xcom to 2021-01-01 00:00:00+00:00, run_after=2021-01-01 00:00:00+00:00
[2024-08-23T10:26:08.944+0000] {processor.py:208} INFO - Processing /home/airflow/.local/lib/python3.12/site-packages/airflow/example_dags/example_xcom.py took 0.080 seconds
[2024-08-23T10:26:38.993+0000] {processor.py:186} INFO - Started process (PID=299) to work on /home/airflow/.local/lib/python3.12/site-packages/airflow/example_dags/example_xcom.py
[2024-08-23T10:26:38.994+0000] {processor.py:914} INFO - Processing file /home/airflow/.local/lib/python3.12/site-packages/airflow/example_dags/example_xcom.py for tasks to queue
[2024-08-23T10:26:38.996+0000] {logging_mixin.py:190} INFO - [2024-08-23T10:26:38.996+0000] {dagbag.py:587} INFO - Filling up the DagBag from /home/airflow/.local/lib/python3.12/site-packages/airflow/example_dags/example_xcom.py
[2024-08-23T10:26:39.004+0000] {processor.py:925} INFO - DAG(s) 'example_xcom' retrieved from /home/airflow/.local/lib/python3.12/site-packages/airflow/example_dags/example_xcom.py
[2024-08-23T10:26:39.025+0000] {logging_mixin.py:190} INFO - [2024-08-23T10:26:39.025+0000] {dag.py:3211} INFO - Sync 1 DAGs
[2024-08-23T10:26:39.044+0000] {logging_mixin.py:190} INFO - [2024-08-23T10:26:39.044+0000] {dag.py:4138} INFO - Setting next_dagrun for example_xcom to 2021-01-01 00:00:00+00:00, run_after=2021-01-01 00:00:00+00:00
[2024-08-23T10:26:39.063+0000] {processor.py:208} INFO - Processing /home/airflow/.local/lib/python3.12/site-packages/airflow/example_dags/example_xcom.py took 0.074 seconds
[2024-08-23T10:27:11.979+0000] {processor.py:186} INFO - Started process (PID=362) to work on /home/airflow/.local/lib/python3.12/site-packages/airflow/example_dags/example_xcom.py
[2024-08-23T10:27:11.981+0000] {processor.py:914} INFO - Processing file /home/airflow/.local/lib/python3.12/site-packages/airflow/example_dags/example_xcom.py for tasks to queue
[2024-08-23T10:27:11.985+0000] {logging_mixin.py:190} INFO - [2024-08-23T10:27:11.984+0000] {dagbag.py:587} INFO - Filling up the DagBag from /home/airflow/.local/lib/python3.12/site-packages/airflow/example_dags/example_xcom.py
[2024-08-23T10:27:11.998+0000] {processor.py:925} INFO - DAG(s) 'example_xcom' retrieved from /home/airflow/.local/lib/python3.12/site-packages/airflow/example_dags/example_xcom.py
[2024-08-23T10:27:12.030+0000] {logging_mixin.py:190} INFO - [2024-08-23T10:27:12.029+0000] {dag.py:3211} INFO - Sync 1 DAGs
[2024-08-23T10:27:12.066+0000] {logging_mixin.py:190} INFO - [2024-08-23T10:27:12.066+0000] {dag.py:4138} INFO - Setting next_dagrun for example_xcom to 2021-01-01 00:00:00+00:00, run_after=2021-01-01 00:00:00+00:00
[2024-08-23T10:27:12.100+0000] {processor.py:208} INFO - Processing /home/airflow/.local/lib/python3.12/site-packages/airflow/example_dags/example_xcom.py took 0.130 seconds
[2024-08-23T10:27:44.247+0000] {processor.py:186} INFO - Started process (PID=424) to work on /home/airflow/.local/lib/python3.12/site-packages/airflow/example_dags/example_xcom.py
[2024-08-23T10:27:44.250+0000] {processor.py:914} INFO - Processing file /home/airflow/.local/lib/python3.12/site-packages/airflow/example_dags/example_xcom.py for tasks to queue
[2024-08-23T10:27:44.257+0000] {logging_mixin.py:190} INFO - [2024-08-23T10:27:44.256+0000] {dagbag.py:587} INFO - Filling up the DagBag from /home/airflow/.local/lib/python3.12/site-packages/airflow/example_dags/example_xcom.py
[2024-08-23T10:27:44.288+0000] {processor.py:925} INFO - DAG(s) 'example_xcom' retrieved from /home/airflow/.local/lib/python3.12/site-packages/airflow/example_dags/example_xcom.py
[2024-08-23T10:27:44.343+0000] {logging_mixin.py:190} INFO - [2024-08-23T10:27:44.342+0000] {dag.py:3211} INFO - Sync 1 DAGs
[2024-08-23T10:27:44.414+0000] {logging_mixin.py:190} INFO - [2024-08-23T10:27:44.413+0000] {dag.py:4138} INFO - Setting next_dagrun for example_xcom to 2021-01-01 00:00:00+00:00, run_after=2021-01-01 00:00:00+00:00
[2024-08-23T10:27:44.469+0000] {processor.py:208} INFO - Processing /home/airflow/.local/lib/python3.12/site-packages/airflow/example_dags/example_xcom.py took 0.241 seconds
