[2024-08-23T06:38:34.277+0000] {processor.py:186} INFO - Started process (PID=103) to work on /home/airflow/.local/lib/python3.12/site-packages/airflow/example_dags/example_dataset_alias.py
[2024-08-23T06:38:34.279+0000] {processor.py:914} INFO - Processing file /home/airflow/.local/lib/python3.12/site-packages/airflow/example_dags/example_dataset_alias.py for tasks to queue
[2024-08-23T06:38:34.282+0000] {logging_mixin.py:190} INFO - [2024-08-23T06:38:34.281+0000] {dagbag.py:587} INFO - Filling up the DagBag from /home/airflow/.local/lib/python3.12/site-packages/airflow/example_dags/example_dataset_alias.py
[2024-08-23T06:38:34.455+0000] {processor.py:925} INFO - DAG(s) 'dataset_s3_bucket_consumer', 'dataset_s3_bucket_producer', 'dataset_alias_example_alias_producer', 'dataset_alias_example_alias_consumer' retrieved from /home/airflow/.local/lib/python3.12/site-packages/airflow/example_dags/example_dataset_alias.py
[2024-08-23T06:38:34.554+0000] {logging_mixin.py:190} INFO - [2024-08-23T06:38:34.554+0000] {override.py:1858} INFO - Created Permission View: can edit on DAG:dataset_s3_bucket_consumer
[2024-08-23T06:38:34.567+0000] {logging_mixin.py:190} INFO - [2024-08-23T06:38:34.567+0000] {override.py:1858} INFO - Created Permission View: can delete on DAG:dataset_s3_bucket_consumer
[2024-08-23T06:38:34.575+0000] {logging_mixin.py:190} INFO - [2024-08-23T06:38:34.575+0000] {override.py:1858} INFO - Created Permission View: can read on DAG:dataset_s3_bucket_consumer
[2024-08-23T06:38:34.592+0000] {logging_mixin.py:190} INFO - [2024-08-23T06:38:34.591+0000] {override.py:1858} INFO - Created Permission View: can edit on DAG:dataset_s3_bucket_producer
[2024-08-23T06:38:34.600+0000] {logging_mixin.py:190} INFO - [2024-08-23T06:38:34.599+0000] {override.py:1858} INFO - Created Permission View: can delete on DAG:dataset_s3_bucket_producer
[2024-08-23T06:38:34.608+0000] {logging_mixin.py:190} INFO - [2024-08-23T06:38:34.608+0000] {override.py:1858} INFO - Created Permission View: can read on DAG:dataset_s3_bucket_producer
[2024-08-23T06:38:34.625+0000] {logging_mixin.py:190} INFO - [2024-08-23T06:38:34.624+0000] {override.py:1858} INFO - Created Permission View: can edit on DAG:dataset_alias_example_alias_producer
[2024-08-23T06:38:34.633+0000] {logging_mixin.py:190} INFO - [2024-08-23T06:38:34.633+0000] {override.py:1858} INFO - Created Permission View: can delete on DAG:dataset_alias_example_alias_producer
[2024-08-23T06:38:34.641+0000] {logging_mixin.py:190} INFO - [2024-08-23T06:38:34.641+0000] {override.py:1858} INFO - Created Permission View: can read on DAG:dataset_alias_example_alias_producer
[2024-08-23T06:38:34.655+0000] {logging_mixin.py:190} INFO - [2024-08-23T06:38:34.655+0000] {override.py:1858} INFO - Created Permission View: can edit on DAG:dataset_alias_example_alias_consumer
[2024-08-23T06:38:34.663+0000] {logging_mixin.py:190} INFO - [2024-08-23T06:38:34.662+0000] {override.py:1858} INFO - Created Permission View: can delete on DAG:dataset_alias_example_alias_consumer
[2024-08-23T06:38:34.671+0000] {logging_mixin.py:190} INFO - [2024-08-23T06:38:34.671+0000] {override.py:1858} INFO - Created Permission View: can read on DAG:dataset_alias_example_alias_consumer
[2024-08-23T06:38:34.672+0000] {logging_mixin.py:190} INFO - [2024-08-23T06:38:34.672+0000] {dag.py:3211} INFO - Sync 4 DAGs
[2024-08-23T06:38:34.688+0000] {logging_mixin.py:190} INFO - [2024-08-23T06:38:34.687+0000] {dag.py:3234} INFO - Creating ORM DAG for dataset_alias_example_alias_consumer
[2024-08-23T06:38:34.689+0000] {logging_mixin.py:190} INFO - [2024-08-23T06:38:34.689+0000] {dag.py:3234} INFO - Creating ORM DAG for dataset_s3_bucket_producer
[2024-08-23T06:38:34.690+0000] {logging_mixin.py:190} INFO - [2024-08-23T06:38:34.690+0000] {dag.py:3234} INFO - Creating ORM DAG for dataset_alias_example_alias_producer
[2024-08-23T06:38:34.691+0000] {logging_mixin.py:190} INFO - [2024-08-23T06:38:34.691+0000] {dag.py:3234} INFO - Creating ORM DAG for dataset_s3_bucket_consumer
[2024-08-23T06:38:34.702+0000] {logging_mixin.py:190} INFO - [2024-08-23T06:38:34.702+0000] {dag.py:4138} INFO - Setting next_dagrun for dataset_alias_example_alias_consumer to None, run_after=None
[2024-08-23T06:38:34.703+0000] {logging_mixin.py:190} INFO - [2024-08-23T06:38:34.703+0000] {dag.py:4138} INFO - Setting next_dagrun for dataset_alias_example_alias_producer to None, run_after=None
[2024-08-23T06:38:34.704+0000] {logging_mixin.py:190} INFO - [2024-08-23T06:38:34.704+0000] {dag.py:4138} INFO - Setting next_dagrun for dataset_s3_bucket_consumer to None, run_after=None
[2024-08-23T06:38:34.706+0000] {logging_mixin.py:190} INFO - [2024-08-23T06:38:34.706+0000] {dag.py:4138} INFO - Setting next_dagrun for dataset_s3_bucket_producer to None, run_after=None
[2024-08-23T06:38:34.740+0000] {processor.py:208} INFO - Processing /home/airflow/.local/lib/python3.12/site-packages/airflow/example_dags/example_dataset_alias.py took 0.469 seconds
[2024-08-23T06:39:04.932+0000] {processor.py:186} INFO - Started process (PID=166) to work on /home/airflow/.local/lib/python3.12/site-packages/airflow/example_dags/example_dataset_alias.py
[2024-08-23T06:39:04.934+0000] {processor.py:914} INFO - Processing file /home/airflow/.local/lib/python3.12/site-packages/airflow/example_dags/example_dataset_alias.py for tasks to queue
[2024-08-23T06:39:04.939+0000] {logging_mixin.py:190} INFO - [2024-08-23T06:39:04.938+0000] {dagbag.py:587} INFO - Filling up the DagBag from /home/airflow/.local/lib/python3.12/site-packages/airflow/example_dags/example_dataset_alias.py
[2024-08-23T06:39:05.178+0000] {processor.py:925} INFO - DAG(s) 'dataset_alias_example_alias_producer', 'dataset_s3_bucket_consumer', 'dataset_s3_bucket_producer', 'dataset_alias_example_alias_consumer' retrieved from /home/airflow/.local/lib/python3.12/site-packages/airflow/example_dags/example_dataset_alias.py
[2024-08-23T06:39:05.216+0000] {logging_mixin.py:190} INFO - [2024-08-23T06:39:05.215+0000] {dag.py:3211} INFO - Sync 4 DAGs
[2024-08-23T06:39:05.253+0000] {logging_mixin.py:190} INFO - [2024-08-23T06:39:05.253+0000] {dag.py:4138} INFO - Setting next_dagrun for dataset_alias_example_alias_consumer to None, run_after=None
[2024-08-23T06:39:05.258+0000] {logging_mixin.py:190} INFO - [2024-08-23T06:39:05.258+0000] {dag.py:4138} INFO - Setting next_dagrun for dataset_alias_example_alias_producer to None, run_after=None
[2024-08-23T06:39:05.261+0000] {logging_mixin.py:190} INFO - [2024-08-23T06:39:05.260+0000] {dag.py:4138} INFO - Setting next_dagrun for dataset_s3_bucket_consumer to None, run_after=None
[2024-08-23T06:39:05.263+0000] {logging_mixin.py:190} INFO - [2024-08-23T06:39:05.263+0000] {dag.py:4138} INFO - Setting next_dagrun for dataset_s3_bucket_producer to None, run_after=None
[2024-08-23T06:39:05.302+0000] {processor.py:208} INFO - Processing /home/airflow/.local/lib/python3.12/site-packages/airflow/example_dags/example_dataset_alias.py took 0.377 seconds
[2024-08-23T06:39:35.611+0000] {processor.py:186} INFO - Started process (PID=227) to work on /home/airflow/.local/lib/python3.12/site-packages/airflow/example_dags/example_dataset_alias.py
[2024-08-23T06:39:35.612+0000] {processor.py:914} INFO - Processing file /home/airflow/.local/lib/python3.12/site-packages/airflow/example_dags/example_dataset_alias.py for tasks to queue
[2024-08-23T06:39:35.615+0000] {logging_mixin.py:190} INFO - [2024-08-23T06:39:35.615+0000] {dagbag.py:587} INFO - Filling up the DagBag from /home/airflow/.local/lib/python3.12/site-packages/airflow/example_dags/example_dataset_alias.py
[2024-08-23T06:39:35.829+0000] {processor.py:925} INFO - DAG(s) 'dataset_s3_bucket_producer', 'dataset_s3_bucket_consumer', 'dataset_alias_example_alias_producer', 'dataset_alias_example_alias_consumer' retrieved from /home/airflow/.local/lib/python3.12/site-packages/airflow/example_dags/example_dataset_alias.py
[2024-08-23T06:39:35.858+0000] {logging_mixin.py:190} INFO - [2024-08-23T06:39:35.858+0000] {dag.py:3211} INFO - Sync 4 DAGs
[2024-08-23T06:39:35.888+0000] {logging_mixin.py:190} INFO - [2024-08-23T06:39:35.888+0000] {dag.py:4138} INFO - Setting next_dagrun for dataset_alias_example_alias_consumer to None, run_after=None
[2024-08-23T06:39:35.892+0000] {logging_mixin.py:190} INFO - [2024-08-23T06:39:35.891+0000] {dag.py:4138} INFO - Setting next_dagrun for dataset_alias_example_alias_producer to None, run_after=None
[2024-08-23T06:39:35.893+0000] {logging_mixin.py:190} INFO - [2024-08-23T06:39:35.893+0000] {dag.py:4138} INFO - Setting next_dagrun for dataset_s3_bucket_consumer to None, run_after=None
[2024-08-23T06:39:35.895+0000] {logging_mixin.py:190} INFO - [2024-08-23T06:39:35.895+0000] {dag.py:4138} INFO - Setting next_dagrun for dataset_s3_bucket_producer to None, run_after=None
[2024-08-23T06:39:35.922+0000] {processor.py:208} INFO - Processing /home/airflow/.local/lib/python3.12/site-packages/airflow/example_dags/example_dataset_alias.py took 0.320 seconds
[2024-08-23T06:40:06.602+0000] {processor.py:186} INFO - Started process (PID=289) to work on /home/airflow/.local/lib/python3.12/site-packages/airflow/example_dags/example_dataset_alias.py
[2024-08-23T06:40:06.605+0000] {processor.py:914} INFO - Processing file /home/airflow/.local/lib/python3.12/site-packages/airflow/example_dags/example_dataset_alias.py for tasks to queue
[2024-08-23T06:40:06.613+0000] {logging_mixin.py:190} INFO - [2024-08-23T06:40:06.612+0000] {dagbag.py:587} INFO - Filling up the DagBag from /home/airflow/.local/lib/python3.12/site-packages/airflow/example_dags/example_dataset_alias.py
[2024-08-23T06:40:07.131+0000] {processor.py:925} INFO - DAG(s) 'dataset_alias_example_alias_producer', 'dataset_s3_bucket_consumer', 'dataset_alias_example_alias_consumer', 'dataset_s3_bucket_producer' retrieved from /home/airflow/.local/lib/python3.12/site-packages/airflow/example_dags/example_dataset_alias.py
[2024-08-23T06:40:07.204+0000] {logging_mixin.py:190} INFO - [2024-08-23T06:40:07.204+0000] {dag.py:3211} INFO - Sync 4 DAGs
[2024-08-23T06:40:07.272+0000] {logging_mixin.py:190} INFO - [2024-08-23T06:40:07.270+0000] {dag.py:4138} INFO - Setting next_dagrun for dataset_alias_example_alias_consumer to None, run_after=None
[2024-08-23T06:40:07.282+0000] {logging_mixin.py:190} INFO - [2024-08-23T06:40:07.281+0000] {dag.py:4138} INFO - Setting next_dagrun for dataset_alias_example_alias_producer to None, run_after=None
[2024-08-23T06:40:07.285+0000] {logging_mixin.py:190} INFO - [2024-08-23T06:40:07.285+0000] {dag.py:4138} INFO - Setting next_dagrun for dataset_s3_bucket_consumer to None, run_after=None
[2024-08-23T06:40:07.289+0000] {logging_mixin.py:190} INFO - [2024-08-23T06:40:07.289+0000] {dag.py:4138} INFO - Setting next_dagrun for dataset_s3_bucket_producer to None, run_after=None
[2024-08-23T06:40:07.361+0000] {processor.py:208} INFO - Processing /home/airflow/.local/lib/python3.12/site-packages/airflow/example_dags/example_dataset_alias.py took 0.776 seconds
[2024-08-23T06:40:37.813+0000] {processor.py:186} INFO - Started process (PID=351) to work on /home/airflow/.local/lib/python3.12/site-packages/airflow/example_dags/example_dataset_alias.py
[2024-08-23T06:40:37.816+0000] {processor.py:914} INFO - Processing file /home/airflow/.local/lib/python3.12/site-packages/airflow/example_dags/example_dataset_alias.py for tasks to queue
[2024-08-23T06:40:37.820+0000] {logging_mixin.py:190} INFO - [2024-08-23T06:40:37.819+0000] {dagbag.py:587} INFO - Filling up the DagBag from /home/airflow/.local/lib/python3.12/site-packages/airflow/example_dags/example_dataset_alias.py
[2024-08-23T06:40:38.122+0000] {processor.py:925} INFO - DAG(s) 'dataset_s3_bucket_consumer', 'dataset_alias_example_alias_producer', 'dataset_alias_example_alias_consumer', 'dataset_s3_bucket_producer' retrieved from /home/airflow/.local/lib/python3.12/site-packages/airflow/example_dags/example_dataset_alias.py
[2024-08-23T06:40:38.168+0000] {logging_mixin.py:190} INFO - [2024-08-23T06:40:38.168+0000] {dag.py:3211} INFO - Sync 4 DAGs
[2024-08-23T06:40:38.219+0000] {logging_mixin.py:190} INFO - [2024-08-23T06:40:38.219+0000] {dag.py:4138} INFO - Setting next_dagrun for dataset_alias_example_alias_consumer to None, run_after=None
[2024-08-23T06:40:38.225+0000] {logging_mixin.py:190} INFO - [2024-08-23T06:40:38.224+0000] {dag.py:4138} INFO - Setting next_dagrun for dataset_alias_example_alias_producer to None, run_after=None
[2024-08-23T06:40:38.229+0000] {logging_mixin.py:190} INFO - [2024-08-23T06:40:38.228+0000] {dag.py:4138} INFO - Setting next_dagrun for dataset_s3_bucket_consumer to None, run_after=None
[2024-08-23T06:40:38.233+0000] {logging_mixin.py:190} INFO - [2024-08-23T06:40:38.232+0000] {dag.py:4138} INFO - Setting next_dagrun for dataset_s3_bucket_producer to None, run_after=None
[2024-08-23T06:40:38.274+0000] {processor.py:208} INFO - Processing /home/airflow/.local/lib/python3.12/site-packages/airflow/example_dags/example_dataset_alias.py took 0.471 seconds
[2024-08-23T06:41:08.498+0000] {processor.py:186} INFO - Started process (PID=413) to work on /home/airflow/.local/lib/python3.12/site-packages/airflow/example_dags/example_dataset_alias.py
[2024-08-23T06:41:08.500+0000] {processor.py:914} INFO - Processing file /home/airflow/.local/lib/python3.12/site-packages/airflow/example_dags/example_dataset_alias.py for tasks to queue
[2024-08-23T06:41:08.504+0000] {logging_mixin.py:190} INFO - [2024-08-23T06:41:08.503+0000] {dagbag.py:587} INFO - Filling up the DagBag from /home/airflow/.local/lib/python3.12/site-packages/airflow/example_dags/example_dataset_alias.py
[2024-08-23T06:41:08.661+0000] {processor.py:925} INFO - DAG(s) 'dataset_alias_example_alias_consumer', 'dataset_s3_bucket_producer', 'dataset_alias_example_alias_producer', 'dataset_s3_bucket_consumer' retrieved from /home/airflow/.local/lib/python3.12/site-packages/airflow/example_dags/example_dataset_alias.py
[2024-08-23T06:41:08.684+0000] {logging_mixin.py:190} INFO - [2024-08-23T06:41:08.683+0000] {dag.py:3211} INFO - Sync 4 DAGs
[2024-08-23T06:41:08.708+0000] {logging_mixin.py:190} INFO - [2024-08-23T06:41:08.708+0000] {dag.py:4138} INFO - Setting next_dagrun for dataset_alias_example_alias_consumer to None, run_after=None
[2024-08-23T06:41:08.711+0000] {logging_mixin.py:190} INFO - [2024-08-23T06:41:08.711+0000] {dag.py:4138} INFO - Setting next_dagrun for dataset_alias_example_alias_producer to None, run_after=None
[2024-08-23T06:41:08.712+0000] {logging_mixin.py:190} INFO - [2024-08-23T06:41:08.712+0000] {dag.py:4138} INFO - Setting next_dagrun for dataset_s3_bucket_consumer to None, run_after=None
[2024-08-23T06:41:08.714+0000] {logging_mixin.py:190} INFO - [2024-08-23T06:41:08.713+0000] {dag.py:4138} INFO - Setting next_dagrun for dataset_s3_bucket_producer to None, run_after=None
[2024-08-23T06:41:08.738+0000] {processor.py:208} INFO - Processing /home/airflow/.local/lib/python3.12/site-packages/airflow/example_dags/example_dataset_alias.py took 0.244 seconds
[2024-08-23T06:41:38.856+0000] {processor.py:186} INFO - Started process (PID=475) to work on /home/airflow/.local/lib/python3.12/site-packages/airflow/example_dags/example_dataset_alias.py
[2024-08-23T06:41:38.859+0000] {processor.py:914} INFO - Processing file /home/airflow/.local/lib/python3.12/site-packages/airflow/example_dags/example_dataset_alias.py for tasks to queue
[2024-08-23T06:41:38.864+0000] {logging_mixin.py:190} INFO - [2024-08-23T06:41:38.862+0000] {dagbag.py:587} INFO - Filling up the DagBag from /home/airflow/.local/lib/python3.12/site-packages/airflow/example_dags/example_dataset_alias.py
[2024-08-23T06:41:39.223+0000] {processor.py:925} INFO - DAG(s) 'dataset_alias_example_alias_producer', 'dataset_s3_bucket_producer', 'dataset_s3_bucket_consumer', 'dataset_alias_example_alias_consumer' retrieved from /home/airflow/.local/lib/python3.12/site-packages/airflow/example_dags/example_dataset_alias.py
[2024-08-23T06:41:39.271+0000] {logging_mixin.py:190} INFO - [2024-08-23T06:41:39.270+0000] {dag.py:3211} INFO - Sync 4 DAGs
[2024-08-23T06:41:39.325+0000] {logging_mixin.py:190} INFO - [2024-08-23T06:41:39.323+0000] {dag.py:4138} INFO - Setting next_dagrun for dataset_alias_example_alias_consumer to None, run_after=None
[2024-08-23T06:41:39.334+0000] {logging_mixin.py:190} INFO - [2024-08-23T06:41:39.332+0000] {dag.py:4138} INFO - Setting next_dagrun for dataset_alias_example_alias_producer to None, run_after=None
[2024-08-23T06:41:39.338+0000] {logging_mixin.py:190} INFO - [2024-08-23T06:41:39.338+0000] {dag.py:4138} INFO - Setting next_dagrun for dataset_s3_bucket_consumer to None, run_after=None
[2024-08-23T06:41:39.341+0000] {logging_mixin.py:190} INFO - [2024-08-23T06:41:39.340+0000] {dag.py:4138} INFO - Setting next_dagrun for dataset_s3_bucket_producer to None, run_after=None
[2024-08-23T06:41:39.405+0000] {processor.py:208} INFO - Processing /home/airflow/.local/lib/python3.12/site-packages/airflow/example_dags/example_dataset_alias.py took 0.558 seconds
[2024-08-23T06:42:09.588+0000] {processor.py:186} INFO - Started process (PID=538) to work on /home/airflow/.local/lib/python3.12/site-packages/airflow/example_dags/example_dataset_alias.py
[2024-08-23T06:42:09.590+0000] {processor.py:914} INFO - Processing file /home/airflow/.local/lib/python3.12/site-packages/airflow/example_dags/example_dataset_alias.py for tasks to queue
[2024-08-23T06:42:09.592+0000] {logging_mixin.py:190} INFO - [2024-08-23T06:42:09.592+0000] {dagbag.py:587} INFO - Filling up the DagBag from /home/airflow/.local/lib/python3.12/site-packages/airflow/example_dags/example_dataset_alias.py
[2024-08-23T06:42:09.789+0000] {processor.py:925} INFO - DAG(s) 'dataset_s3_bucket_producer', 'dataset_s3_bucket_consumer', 'dataset_alias_example_alias_producer', 'dataset_alias_example_alias_consumer' retrieved from /home/airflow/.local/lib/python3.12/site-packages/airflow/example_dags/example_dataset_alias.py
[2024-08-23T06:42:09.833+0000] {logging_mixin.py:190} INFO - [2024-08-23T06:42:09.832+0000] {dag.py:3211} INFO - Sync 4 DAGs
[2024-08-23T06:42:09.857+0000] {logging_mixin.py:190} INFO - [2024-08-23T06:42:09.856+0000] {dag.py:4138} INFO - Setting next_dagrun for dataset_alias_example_alias_consumer to None, run_after=None
[2024-08-23T06:42:09.860+0000] {logging_mixin.py:190} INFO - [2024-08-23T06:42:09.860+0000] {dag.py:4138} INFO - Setting next_dagrun for dataset_alias_example_alias_producer to None, run_after=None
[2024-08-23T06:42:09.863+0000] {logging_mixin.py:190} INFO - [2024-08-23T06:42:09.862+0000] {dag.py:4138} INFO - Setting next_dagrun for dataset_s3_bucket_consumer to None, run_after=None
[2024-08-23T06:42:09.865+0000] {logging_mixin.py:190} INFO - [2024-08-23T06:42:09.864+0000] {dag.py:4138} INFO - Setting next_dagrun for dataset_s3_bucket_producer to None, run_after=None
[2024-08-23T06:42:09.892+0000] {processor.py:208} INFO - Processing /home/airflow/.local/lib/python3.12/site-packages/airflow/example_dags/example_dataset_alias.py took 0.311 seconds
[2024-08-23T07:54:13.697+0000] {processor.py:186} INFO - Started process (PID=106) to work on /home/airflow/.local/lib/python3.12/site-packages/airflow/example_dags/example_dataset_alias.py
[2024-08-23T07:54:13.701+0000] {processor.py:914} INFO - Processing file /home/airflow/.local/lib/python3.12/site-packages/airflow/example_dags/example_dataset_alias.py for tasks to queue
[2024-08-23T07:54:13.708+0000] {logging_mixin.py:190} INFO - [2024-08-23T07:54:13.707+0000] {dagbag.py:587} INFO - Filling up the DagBag from /home/airflow/.local/lib/python3.12/site-packages/airflow/example_dags/example_dataset_alias.py
[2024-08-23T07:54:14.235+0000] {processor.py:925} INFO - DAG(s) 'dataset_s3_bucket_producer', 'dataset_s3_bucket_consumer', 'dataset_alias_example_alias_consumer', 'dataset_alias_example_alias_producer' retrieved from /home/airflow/.local/lib/python3.12/site-packages/airflow/example_dags/example_dataset_alias.py
[2024-08-23T07:54:14.343+0000] {logging_mixin.py:190} INFO - [2024-08-23T07:54:14.342+0000] {dag.py:3211} INFO - Sync 4 DAGs
[2024-08-23T07:54:14.460+0000] {logging_mixin.py:190} INFO - [2024-08-23T07:54:14.459+0000] {dag.py:4138} INFO - Setting next_dagrun for dataset_alias_example_alias_consumer to None, run_after=None
[2024-08-23T07:54:14.470+0000] {logging_mixin.py:190} INFO - [2024-08-23T07:54:14.470+0000] {dag.py:4138} INFO - Setting next_dagrun for dataset_alias_example_alias_producer to None, run_after=None
[2024-08-23T07:54:14.475+0000] {logging_mixin.py:190} INFO - [2024-08-23T07:54:14.475+0000] {dag.py:4138} INFO - Setting next_dagrun for dataset_s3_bucket_consumer to None, run_after=None
[2024-08-23T07:54:14.481+0000] {logging_mixin.py:190} INFO - [2024-08-23T07:54:14.481+0000] {dag.py:4138} INFO - Setting next_dagrun for dataset_s3_bucket_producer to None, run_after=None
[2024-08-23T07:54:14.561+0000] {processor.py:208} INFO - Processing /home/airflow/.local/lib/python3.12/site-packages/airflow/example_dags/example_dataset_alias.py took 0.881 seconds
[2024-08-23T07:54:45.254+0000] {processor.py:186} INFO - Started process (PID=168) to work on /home/airflow/.local/lib/python3.12/site-packages/airflow/example_dags/example_dataset_alias.py
[2024-08-23T07:54:45.256+0000] {processor.py:914} INFO - Processing file /home/airflow/.local/lib/python3.12/site-packages/airflow/example_dags/example_dataset_alias.py for tasks to queue
[2024-08-23T07:54:45.261+0000] {logging_mixin.py:190} INFO - [2024-08-23T07:54:45.260+0000] {dagbag.py:587} INFO - Filling up the DagBag from /home/airflow/.local/lib/python3.12/site-packages/airflow/example_dags/example_dataset_alias.py
[2024-08-23T07:54:45.603+0000] {processor.py:925} INFO - DAG(s) 'dataset_s3_bucket_consumer', 'dataset_alias_example_alias_producer', 'dataset_s3_bucket_producer', 'dataset_alias_example_alias_consumer' retrieved from /home/airflow/.local/lib/python3.12/site-packages/airflow/example_dags/example_dataset_alias.py
[2024-08-23T07:54:45.656+0000] {logging_mixin.py:190} INFO - [2024-08-23T07:54:45.655+0000] {dag.py:3211} INFO - Sync 4 DAGs
[2024-08-23T07:54:45.752+0000] {logging_mixin.py:190} INFO - [2024-08-23T07:54:45.752+0000] {dag.py:4138} INFO - Setting next_dagrun for dataset_alias_example_alias_consumer to None, run_after=None
[2024-08-23T07:54:45.765+0000] {logging_mixin.py:190} INFO - [2024-08-23T07:54:45.764+0000] {dag.py:4138} INFO - Setting next_dagrun for dataset_alias_example_alias_producer to None, run_after=None
[2024-08-23T07:54:45.768+0000] {logging_mixin.py:190} INFO - [2024-08-23T07:54:45.768+0000] {dag.py:4138} INFO - Setting next_dagrun for dataset_s3_bucket_consumer to None, run_after=None
[2024-08-23T07:54:45.771+0000] {logging_mixin.py:190} INFO - [2024-08-23T07:54:45.771+0000] {dag.py:4138} INFO - Setting next_dagrun for dataset_s3_bucket_producer to None, run_after=None
[2024-08-23T07:54:45.816+0000] {processor.py:208} INFO - Processing /home/airflow/.local/lib/python3.12/site-packages/airflow/example_dags/example_dataset_alias.py took 0.574 seconds
[2024-08-23T07:55:15.905+0000] {processor.py:186} INFO - Started process (PID=231) to work on /home/airflow/.local/lib/python3.12/site-packages/airflow/example_dags/example_dataset_alias.py
[2024-08-23T07:55:15.908+0000] {processor.py:914} INFO - Processing file /home/airflow/.local/lib/python3.12/site-packages/airflow/example_dags/example_dataset_alias.py for tasks to queue
[2024-08-23T07:55:15.913+0000] {logging_mixin.py:190} INFO - [2024-08-23T07:55:15.912+0000] {dagbag.py:587} INFO - Filling up the DagBag from /home/airflow/.local/lib/python3.12/site-packages/airflow/example_dags/example_dataset_alias.py
[2024-08-23T07:55:16.317+0000] {processor.py:925} INFO - DAG(s) 'dataset_s3_bucket_consumer', 'dataset_alias_example_alias_producer', 'dataset_s3_bucket_producer', 'dataset_alias_example_alias_consumer' retrieved from /home/airflow/.local/lib/python3.12/site-packages/airflow/example_dags/example_dataset_alias.py
[2024-08-23T07:55:16.370+0000] {logging_mixin.py:190} INFO - [2024-08-23T07:55:16.369+0000] {dag.py:3211} INFO - Sync 4 DAGs
[2024-08-23T07:55:16.434+0000] {logging_mixin.py:190} INFO - [2024-08-23T07:55:16.433+0000] {dag.py:4138} INFO - Setting next_dagrun for dataset_alias_example_alias_consumer to None, run_after=None
[2024-08-23T07:55:16.440+0000] {logging_mixin.py:190} INFO - [2024-08-23T07:55:16.440+0000] {dag.py:4138} INFO - Setting next_dagrun for dataset_alias_example_alias_producer to None, run_after=None
[2024-08-23T07:55:16.443+0000] {logging_mixin.py:190} INFO - [2024-08-23T07:55:16.443+0000] {dag.py:4138} INFO - Setting next_dagrun for dataset_s3_bucket_consumer to None, run_after=None
[2024-08-23T07:55:16.446+0000] {logging_mixin.py:190} INFO - [2024-08-23T07:55:16.446+0000] {dag.py:4138} INFO - Setting next_dagrun for dataset_s3_bucket_producer to None, run_after=None
[2024-08-23T07:55:16.497+0000] {processor.py:208} INFO - Processing /home/airflow/.local/lib/python3.12/site-packages/airflow/example_dags/example_dataset_alias.py took 0.606 seconds
[2024-08-23T08:20:34.437+0000] {processor.py:186} INFO - Started process (PID=101) to work on /home/airflow/.local/lib/python3.12/site-packages/airflow/example_dags/example_dataset_alias.py
[2024-08-23T08:20:34.439+0000] {processor.py:914} INFO - Processing file /home/airflow/.local/lib/python3.12/site-packages/airflow/example_dags/example_dataset_alias.py for tasks to queue
[2024-08-23T08:20:34.442+0000] {logging_mixin.py:190} INFO - [2024-08-23T08:20:34.441+0000] {dagbag.py:587} INFO - Filling up the DagBag from /home/airflow/.local/lib/python3.12/site-packages/airflow/example_dags/example_dataset_alias.py
[2024-08-23T08:20:34.642+0000] {processor.py:925} INFO - DAG(s) 'dataset_alias_example_alias_producer', 'dataset_alias_example_alias_consumer', 'dataset_s3_bucket_producer', 'dataset_s3_bucket_consumer' retrieved from /home/airflow/.local/lib/python3.12/site-packages/airflow/example_dags/example_dataset_alias.py
[2024-08-23T08:20:34.667+0000] {logging_mixin.py:190} INFO - [2024-08-23T08:20:34.667+0000] {dag.py:3211} INFO - Sync 4 DAGs
[2024-08-23T08:20:34.700+0000] {logging_mixin.py:190} INFO - [2024-08-23T08:20:34.699+0000] {dag.py:4138} INFO - Setting next_dagrun for dataset_alias_example_alias_consumer to None, run_after=None
[2024-08-23T08:20:34.702+0000] {logging_mixin.py:190} INFO - [2024-08-23T08:20:34.702+0000] {dag.py:4138} INFO - Setting next_dagrun for dataset_alias_example_alias_producer to None, run_after=None
[2024-08-23T08:20:34.703+0000] {logging_mixin.py:190} INFO - [2024-08-23T08:20:34.703+0000] {dag.py:4138} INFO - Setting next_dagrun for dataset_s3_bucket_consumer to None, run_after=None
[2024-08-23T08:20:34.705+0000] {logging_mixin.py:190} INFO - [2024-08-23T08:20:34.705+0000] {dag.py:4138} INFO - Setting next_dagrun for dataset_s3_bucket_producer to None, run_after=None
[2024-08-23T08:20:34.728+0000] {processor.py:208} INFO - Processing /home/airflow/.local/lib/python3.12/site-packages/airflow/example_dags/example_dataset_alias.py took 0.298 seconds
[2024-08-23T08:23:28.469+0000] {processor.py:186} INFO - Started process (PID=98) to work on /home/airflow/.local/lib/python3.12/site-packages/airflow/example_dags/example_dataset_alias.py
[2024-08-23T08:23:28.471+0000] {processor.py:914} INFO - Processing file /home/airflow/.local/lib/python3.12/site-packages/airflow/example_dags/example_dataset_alias.py for tasks to queue
[2024-08-23T08:23:28.473+0000] {logging_mixin.py:190} INFO - [2024-08-23T08:23:28.473+0000] {dagbag.py:587} INFO - Filling up the DagBag from /home/airflow/.local/lib/python3.12/site-packages/airflow/example_dags/example_dataset_alias.py
[2024-08-23T08:23:28.634+0000] {processor.py:925} INFO - DAG(s) 'dataset_alias_example_alias_producer', 'dataset_s3_bucket_consumer', 'dataset_alias_example_alias_consumer', 'dataset_s3_bucket_producer' retrieved from /home/airflow/.local/lib/python3.12/site-packages/airflow/example_dags/example_dataset_alias.py
[2024-08-23T08:23:28.658+0000] {logging_mixin.py:190} INFO - [2024-08-23T08:23:28.657+0000] {dag.py:3211} INFO - Sync 4 DAGs
[2024-08-23T08:23:28.686+0000] {logging_mixin.py:190} INFO - [2024-08-23T08:23:28.685+0000] {dag.py:4138} INFO - Setting next_dagrun for dataset_alias_example_alias_consumer to None, run_after=None
[2024-08-23T08:23:28.689+0000] {logging_mixin.py:190} INFO - [2024-08-23T08:23:28.689+0000] {dag.py:4138} INFO - Setting next_dagrun for dataset_alias_example_alias_producer to None, run_after=None
[2024-08-23T08:23:28.691+0000] {logging_mixin.py:190} INFO - [2024-08-23T08:23:28.690+0000] {dag.py:4138} INFO - Setting next_dagrun for dataset_s3_bucket_consumer to None, run_after=None
[2024-08-23T08:23:28.692+0000] {logging_mixin.py:190} INFO - [2024-08-23T08:23:28.692+0000] {dag.py:4138} INFO - Setting next_dagrun for dataset_s3_bucket_producer to None, run_after=None
[2024-08-23T08:23:28.715+0000] {processor.py:208} INFO - Processing /home/airflow/.local/lib/python3.12/site-packages/airflow/example_dags/example_dataset_alias.py took 0.252 seconds
[2024-08-23T08:23:59.357+0000] {processor.py:186} INFO - Started process (PID=161) to work on /home/airflow/.local/lib/python3.12/site-packages/airflow/example_dags/example_dataset_alias.py
[2024-08-23T08:23:59.358+0000] {processor.py:914} INFO - Processing file /home/airflow/.local/lib/python3.12/site-packages/airflow/example_dags/example_dataset_alias.py for tasks to queue
[2024-08-23T08:23:59.361+0000] {logging_mixin.py:190} INFO - [2024-08-23T08:23:59.361+0000] {dagbag.py:587} INFO - Filling up the DagBag from /home/airflow/.local/lib/python3.12/site-packages/airflow/example_dags/example_dataset_alias.py
[2024-08-23T08:23:59.503+0000] {processor.py:925} INFO - DAG(s) 'dataset_s3_bucket_producer', 'dataset_s3_bucket_consumer', 'dataset_alias_example_alias_consumer', 'dataset_alias_example_alias_producer' retrieved from /home/airflow/.local/lib/python3.12/site-packages/airflow/example_dags/example_dataset_alias.py
[2024-08-23T08:23:59.522+0000] {logging_mixin.py:190} INFO - [2024-08-23T08:23:59.521+0000] {dag.py:3211} INFO - Sync 4 DAGs
[2024-08-23T08:23:59.538+0000] {logging_mixin.py:190} INFO - [2024-08-23T08:23:59.538+0000] {dag.py:4138} INFO - Setting next_dagrun for dataset_alias_example_alias_consumer to None, run_after=None
[2024-08-23T08:23:59.540+0000] {logging_mixin.py:190} INFO - [2024-08-23T08:23:59.540+0000] {dag.py:4138} INFO - Setting next_dagrun for dataset_alias_example_alias_producer to None, run_after=None
[2024-08-23T08:23:59.542+0000] {logging_mixin.py:190} INFO - [2024-08-23T08:23:59.542+0000] {dag.py:4138} INFO - Setting next_dagrun for dataset_s3_bucket_consumer to None, run_after=None
[2024-08-23T08:23:59.543+0000] {logging_mixin.py:190} INFO - [2024-08-23T08:23:59.543+0000] {dag.py:4138} INFO - Setting next_dagrun for dataset_s3_bucket_producer to None, run_after=None
[2024-08-23T08:23:59.566+0000] {processor.py:208} INFO - Processing /home/airflow/.local/lib/python3.12/site-packages/airflow/example_dags/example_dataset_alias.py took 0.214 seconds
[2024-08-23T08:24:30.037+0000] {processor.py:186} INFO - Started process (PID=223) to work on /home/airflow/.local/lib/python3.12/site-packages/airflow/example_dags/example_dataset_alias.py
[2024-08-23T08:24:30.039+0000] {processor.py:914} INFO - Processing file /home/airflow/.local/lib/python3.12/site-packages/airflow/example_dags/example_dataset_alias.py for tasks to queue
[2024-08-23T08:24:30.042+0000] {logging_mixin.py:190} INFO - [2024-08-23T08:24:30.042+0000] {dagbag.py:587} INFO - Filling up the DagBag from /home/airflow/.local/lib/python3.12/site-packages/airflow/example_dags/example_dataset_alias.py
[2024-08-23T08:24:30.237+0000] {processor.py:925} INFO - DAG(s) 'dataset_s3_bucket_consumer', 'dataset_alias_example_alias_producer', 'dataset_s3_bucket_producer', 'dataset_alias_example_alias_consumer' retrieved from /home/airflow/.local/lib/python3.12/site-packages/airflow/example_dags/example_dataset_alias.py
[2024-08-23T08:24:30.268+0000] {logging_mixin.py:190} INFO - [2024-08-23T08:24:30.268+0000] {dag.py:3211} INFO - Sync 4 DAGs
[2024-08-23T08:24:30.299+0000] {logging_mixin.py:190} INFO - [2024-08-23T08:24:30.299+0000] {dag.py:4138} INFO - Setting next_dagrun for dataset_alias_example_alias_consumer to None, run_after=None
[2024-08-23T08:24:30.303+0000] {logging_mixin.py:190} INFO - [2024-08-23T08:24:30.303+0000] {dag.py:4138} INFO - Setting next_dagrun for dataset_alias_example_alias_producer to None, run_after=None
[2024-08-23T08:24:30.306+0000] {logging_mixin.py:190} INFO - [2024-08-23T08:24:30.306+0000] {dag.py:4138} INFO - Setting next_dagrun for dataset_s3_bucket_consumer to None, run_after=None
[2024-08-23T08:24:30.308+0000] {logging_mixin.py:190} INFO - [2024-08-23T08:24:30.308+0000] {dag.py:4138} INFO - Setting next_dagrun for dataset_s3_bucket_producer to None, run_after=None
[2024-08-23T08:24:30.340+0000] {processor.py:208} INFO - Processing /home/airflow/.local/lib/python3.12/site-packages/airflow/example_dags/example_dataset_alias.py took 0.310 seconds
[2024-08-23T08:25:02.811+0000] {processor.py:186} INFO - Started process (PID=285) to work on /home/airflow/.local/lib/python3.12/site-packages/airflow/example_dags/example_dataset_alias.py
[2024-08-23T08:25:02.813+0000] {processor.py:914} INFO - Processing file /home/airflow/.local/lib/python3.12/site-packages/airflow/example_dags/example_dataset_alias.py for tasks to queue
[2024-08-23T08:25:02.817+0000] {logging_mixin.py:190} INFO - [2024-08-23T08:25:02.816+0000] {dagbag.py:587} INFO - Filling up the DagBag from /home/airflow/.local/lib/python3.12/site-packages/airflow/example_dags/example_dataset_alias.py
[2024-08-23T08:25:03.199+0000] {processor.py:925} INFO - DAG(s) 'dataset_s3_bucket_consumer', 'dataset_alias_example_alias_producer', 'dataset_alias_example_alias_consumer', 'dataset_s3_bucket_producer' retrieved from /home/airflow/.local/lib/python3.12/site-packages/airflow/example_dags/example_dataset_alias.py
[2024-08-23T08:25:03.255+0000] {logging_mixin.py:190} INFO - [2024-08-23T08:25:03.255+0000] {dag.py:3211} INFO - Sync 4 DAGs
[2024-08-23T08:25:03.307+0000] {logging_mixin.py:190} INFO - [2024-08-23T08:25:03.307+0000] {dag.py:4138} INFO - Setting next_dagrun for dataset_alias_example_alias_consumer to None, run_after=None
[2024-08-23T08:25:03.316+0000] {logging_mixin.py:190} INFO - [2024-08-23T08:25:03.315+0000] {dag.py:4138} INFO - Setting next_dagrun for dataset_alias_example_alias_producer to None, run_after=None
[2024-08-23T08:25:03.319+0000] {logging_mixin.py:190} INFO - [2024-08-23T08:25:03.319+0000] {dag.py:4138} INFO - Setting next_dagrun for dataset_s3_bucket_consumer to None, run_after=None
[2024-08-23T08:25:03.326+0000] {logging_mixin.py:190} INFO - [2024-08-23T08:25:03.325+0000] {dag.py:4138} INFO - Setting next_dagrun for dataset_s3_bucket_producer to None, run_after=None
[2024-08-23T08:25:03.384+0000] {processor.py:208} INFO - Processing /home/airflow/.local/lib/python3.12/site-packages/airflow/example_dags/example_dataset_alias.py took 0.587 seconds
[2024-08-23T08:25:33.916+0000] {processor.py:186} INFO - Started process (PID=347) to work on /home/airflow/.local/lib/python3.12/site-packages/airflow/example_dags/example_dataset_alias.py
[2024-08-23T08:25:33.918+0000] {processor.py:914} INFO - Processing file /home/airflow/.local/lib/python3.12/site-packages/airflow/example_dags/example_dataset_alias.py for tasks to queue
[2024-08-23T08:25:33.922+0000] {logging_mixin.py:190} INFO - [2024-08-23T08:25:33.921+0000] {dagbag.py:587} INFO - Filling up the DagBag from /home/airflow/.local/lib/python3.12/site-packages/airflow/example_dags/example_dataset_alias.py
[2024-08-23T08:25:34.151+0000] {processor.py:925} INFO - DAG(s) 'dataset_s3_bucket_consumer', 'dataset_alias_example_alias_producer', 'dataset_s3_bucket_producer', 'dataset_alias_example_alias_consumer' retrieved from /home/airflow/.local/lib/python3.12/site-packages/airflow/example_dags/example_dataset_alias.py
[2024-08-23T08:25:34.185+0000] {logging_mixin.py:190} INFO - [2024-08-23T08:25:34.185+0000] {dag.py:3211} INFO - Sync 4 DAGs
[2024-08-23T08:25:34.221+0000] {logging_mixin.py:190} INFO - [2024-08-23T08:25:34.220+0000] {dag.py:4138} INFO - Setting next_dagrun for dataset_alias_example_alias_consumer to None, run_after=None
[2024-08-23T08:25:34.227+0000] {logging_mixin.py:190} INFO - [2024-08-23T08:25:34.227+0000] {dag.py:4138} INFO - Setting next_dagrun for dataset_alias_example_alias_producer to None, run_after=None
[2024-08-23T08:25:34.230+0000] {logging_mixin.py:190} INFO - [2024-08-23T08:25:34.230+0000] {dag.py:4138} INFO - Setting next_dagrun for dataset_s3_bucket_consumer to None, run_after=None
[2024-08-23T08:25:34.233+0000] {logging_mixin.py:190} INFO - [2024-08-23T08:25:34.233+0000] {dag.py:4138} INFO - Setting next_dagrun for dataset_s3_bucket_producer to None, run_after=None
[2024-08-23T08:25:34.272+0000] {processor.py:208} INFO - Processing /home/airflow/.local/lib/python3.12/site-packages/airflow/example_dags/example_dataset_alias.py took 0.366 seconds
[2024-08-23T08:26:04.851+0000] {processor.py:186} INFO - Started process (PID=409) to work on /home/airflow/.local/lib/python3.12/site-packages/airflow/example_dags/example_dataset_alias.py
[2024-08-23T08:26:04.852+0000] {processor.py:914} INFO - Processing file /home/airflow/.local/lib/python3.12/site-packages/airflow/example_dags/example_dataset_alias.py for tasks to queue
[2024-08-23T08:26:04.854+0000] {logging_mixin.py:190} INFO - [2024-08-23T08:26:04.854+0000] {dagbag.py:587} INFO - Filling up the DagBag from /home/airflow/.local/lib/python3.12/site-packages/airflow/example_dags/example_dataset_alias.py
[2024-08-23T08:26:04.973+0000] {processor.py:925} INFO - DAG(s) 'dataset_alias_example_alias_producer', 'dataset_s3_bucket_producer', 'dataset_alias_example_alias_consumer', 'dataset_s3_bucket_consumer' retrieved from /home/airflow/.local/lib/python3.12/site-packages/airflow/example_dags/example_dataset_alias.py
[2024-08-23T08:26:04.993+0000] {logging_mixin.py:190} INFO - [2024-08-23T08:26:04.993+0000] {dag.py:3211} INFO - Sync 4 DAGs
[2024-08-23T08:26:05.011+0000] {logging_mixin.py:190} INFO - [2024-08-23T08:26:05.011+0000] {dag.py:4138} INFO - Setting next_dagrun for dataset_alias_example_alias_consumer to None, run_after=None
[2024-08-23T08:26:05.014+0000] {logging_mixin.py:190} INFO - [2024-08-23T08:26:05.014+0000] {dag.py:4138} INFO - Setting next_dagrun for dataset_alias_example_alias_producer to None, run_after=None
[2024-08-23T08:26:05.015+0000] {logging_mixin.py:190} INFO - [2024-08-23T08:26:05.015+0000] {dag.py:4138} INFO - Setting next_dagrun for dataset_s3_bucket_consumer to None, run_after=None
[2024-08-23T08:26:05.017+0000] {logging_mixin.py:190} INFO - [2024-08-23T08:26:05.017+0000] {dag.py:4138} INFO - Setting next_dagrun for dataset_s3_bucket_producer to None, run_after=None
[2024-08-23T08:26:05.043+0000] {processor.py:208} INFO - Processing /home/airflow/.local/lib/python3.12/site-packages/airflow/example_dags/example_dataset_alias.py took 0.196 seconds
[2024-08-23T08:26:35.229+0000] {processor.py:186} INFO - Started process (PID=471) to work on /home/airflow/.local/lib/python3.12/site-packages/airflow/example_dags/example_dataset_alias.py
[2024-08-23T08:26:35.231+0000] {processor.py:914} INFO - Processing file /home/airflow/.local/lib/python3.12/site-packages/airflow/example_dags/example_dataset_alias.py for tasks to queue
[2024-08-23T08:26:35.239+0000] {logging_mixin.py:190} INFO - [2024-08-23T08:26:35.238+0000] {dagbag.py:587} INFO - Filling up the DagBag from /home/airflow/.local/lib/python3.12/site-packages/airflow/example_dags/example_dataset_alias.py
[2024-08-23T08:26:35.553+0000] {processor.py:925} INFO - DAG(s) 'dataset_s3_bucket_consumer', 'dataset_alias_example_alias_consumer', 'dataset_alias_example_alias_producer', 'dataset_s3_bucket_producer' retrieved from /home/airflow/.local/lib/python3.12/site-packages/airflow/example_dags/example_dataset_alias.py
[2024-08-23T08:26:35.592+0000] {logging_mixin.py:190} INFO - [2024-08-23T08:26:35.591+0000] {dag.py:3211} INFO - Sync 4 DAGs
[2024-08-23T08:26:35.641+0000] {logging_mixin.py:190} INFO - [2024-08-23T08:26:35.641+0000] {dag.py:4138} INFO - Setting next_dagrun for dataset_alias_example_alias_consumer to None, run_after=None
[2024-08-23T08:26:35.646+0000] {logging_mixin.py:190} INFO - [2024-08-23T08:26:35.645+0000] {dag.py:4138} INFO - Setting next_dagrun for dataset_alias_example_alias_producer to None, run_after=None
[2024-08-23T08:26:35.649+0000] {logging_mixin.py:190} INFO - [2024-08-23T08:26:35.649+0000] {dag.py:4138} INFO - Setting next_dagrun for dataset_s3_bucket_consumer to None, run_after=None
[2024-08-23T08:26:35.652+0000] {logging_mixin.py:190} INFO - [2024-08-23T08:26:35.652+0000] {dag.py:4138} INFO - Setting next_dagrun for dataset_s3_bucket_producer to None, run_after=None
[2024-08-23T08:26:35.695+0000] {processor.py:208} INFO - Processing /home/airflow/.local/lib/python3.12/site-packages/airflow/example_dags/example_dataset_alias.py took 0.475 seconds
[2024-08-23T10:25:06.014+0000] {processor.py:186} INFO - Started process (PID=103) to work on /home/airflow/.local/lib/python3.12/site-packages/airflow/example_dags/example_dataset_alias.py
[2024-08-23T10:25:06.016+0000] {processor.py:914} INFO - Processing file /home/airflow/.local/lib/python3.12/site-packages/airflow/example_dags/example_dataset_alias.py for tasks to queue
[2024-08-23T10:25:06.020+0000] {logging_mixin.py:190} INFO - [2024-08-23T10:25:06.019+0000] {dagbag.py:587} INFO - Filling up the DagBag from /home/airflow/.local/lib/python3.12/site-packages/airflow/example_dags/example_dataset_alias.py
[2024-08-23T10:25:06.308+0000] {processor.py:925} INFO - DAG(s) 'dataset_alias_example_alias_producer', 'dataset_alias_example_alias_consumer', 'dataset_s3_bucket_consumer', 'dataset_s3_bucket_producer' retrieved from /home/airflow/.local/lib/python3.12/site-packages/airflow/example_dags/example_dataset_alias.py
[2024-08-23T10:25:06.343+0000] {logging_mixin.py:190} INFO - [2024-08-23T10:25:06.342+0000] {dag.py:3211} INFO - Sync 4 DAGs
[2024-08-23T10:25:06.384+0000] {logging_mixin.py:190} INFO - [2024-08-23T10:25:06.384+0000] {dag.py:4138} INFO - Setting next_dagrun for dataset_alias_example_alias_consumer to None, run_after=None
[2024-08-23T10:25:06.389+0000] {logging_mixin.py:190} INFO - [2024-08-23T10:25:06.389+0000] {dag.py:4138} INFO - Setting next_dagrun for dataset_alias_example_alias_producer to None, run_after=None
[2024-08-23T10:25:06.391+0000] {logging_mixin.py:190} INFO - [2024-08-23T10:25:06.391+0000] {dag.py:4138} INFO - Setting next_dagrun for dataset_s3_bucket_consumer to None, run_after=None
[2024-08-23T10:25:06.393+0000] {logging_mixin.py:190} INFO - [2024-08-23T10:25:06.392+0000] {dag.py:4138} INFO - Setting next_dagrun for dataset_s3_bucket_producer to None, run_after=None
[2024-08-23T10:25:06.424+0000] {processor.py:208} INFO - Processing /home/airflow/.local/lib/python3.12/site-packages/airflow/example_dags/example_dataset_alias.py took 0.420 seconds
[2024-08-23T10:25:36.475+0000] {processor.py:186} INFO - Started process (PID=166) to work on /home/airflow/.local/lib/python3.12/site-packages/airflow/example_dags/example_dataset_alias.py
[2024-08-23T10:25:36.476+0000] {processor.py:914} INFO - Processing file /home/airflow/.local/lib/python3.12/site-packages/airflow/example_dags/example_dataset_alias.py for tasks to queue
[2024-08-23T10:25:36.478+0000] {logging_mixin.py:190} INFO - [2024-08-23T10:25:36.477+0000] {dagbag.py:587} INFO - Filling up the DagBag from /home/airflow/.local/lib/python3.12/site-packages/airflow/example_dags/example_dataset_alias.py
[2024-08-23T10:25:36.610+0000] {processor.py:925} INFO - DAG(s) 'dataset_s3_bucket_producer', 'dataset_alias_example_alias_consumer', 'dataset_alias_example_alias_producer', 'dataset_s3_bucket_consumer' retrieved from /home/airflow/.local/lib/python3.12/site-packages/airflow/example_dags/example_dataset_alias.py
[2024-08-23T10:25:36.631+0000] {logging_mixin.py:190} INFO - [2024-08-23T10:25:36.631+0000] {dag.py:3211} INFO - Sync 4 DAGs
[2024-08-23T10:25:36.650+0000] {logging_mixin.py:190} INFO - [2024-08-23T10:25:36.650+0000] {dag.py:4138} INFO - Setting next_dagrun for dataset_alias_example_alias_consumer to None, run_after=None
[2024-08-23T10:25:36.653+0000] {logging_mixin.py:190} INFO - [2024-08-23T10:25:36.653+0000] {dag.py:4138} INFO - Setting next_dagrun for dataset_alias_example_alias_producer to None, run_after=None
[2024-08-23T10:25:36.654+0000] {logging_mixin.py:190} INFO - [2024-08-23T10:25:36.654+0000] {dag.py:4138} INFO - Setting next_dagrun for dataset_s3_bucket_consumer to None, run_after=None
[2024-08-23T10:25:36.656+0000] {logging_mixin.py:190} INFO - [2024-08-23T10:25:36.656+0000] {dag.py:4138} INFO - Setting next_dagrun for dataset_s3_bucket_producer to None, run_after=None
[2024-08-23T10:25:36.678+0000] {processor.py:208} INFO - Processing /home/airflow/.local/lib/python3.12/site-packages/airflow/example_dags/example_dataset_alias.py took 0.208 seconds
[2024-08-23T10:26:07.191+0000] {processor.py:186} INFO - Started process (PID=227) to work on /home/airflow/.local/lib/python3.12/site-packages/airflow/example_dags/example_dataset_alias.py
[2024-08-23T10:26:07.192+0000] {processor.py:914} INFO - Processing file /home/airflow/.local/lib/python3.12/site-packages/airflow/example_dags/example_dataset_alias.py for tasks to queue
[2024-08-23T10:26:07.194+0000] {logging_mixin.py:190} INFO - [2024-08-23T10:26:07.194+0000] {dagbag.py:587} INFO - Filling up the DagBag from /home/airflow/.local/lib/python3.12/site-packages/airflow/example_dags/example_dataset_alias.py
[2024-08-23T10:26:07.334+0000] {processor.py:925} INFO - DAG(s) 'dataset_s3_bucket_producer', 'dataset_s3_bucket_consumer', 'dataset_alias_example_alias_consumer', 'dataset_alias_example_alias_producer' retrieved from /home/airflow/.local/lib/python3.12/site-packages/airflow/example_dags/example_dataset_alias.py
[2024-08-23T10:26:07.357+0000] {logging_mixin.py:190} INFO - [2024-08-23T10:26:07.357+0000] {dag.py:3211} INFO - Sync 4 DAGs
[2024-08-23T10:26:07.381+0000] {logging_mixin.py:190} INFO - [2024-08-23T10:26:07.380+0000] {dag.py:4138} INFO - Setting next_dagrun for dataset_alias_example_alias_consumer to None, run_after=None
[2024-08-23T10:26:07.383+0000] {logging_mixin.py:190} INFO - [2024-08-23T10:26:07.383+0000] {dag.py:4138} INFO - Setting next_dagrun for dataset_alias_example_alias_producer to None, run_after=None
[2024-08-23T10:26:07.385+0000] {logging_mixin.py:190} INFO - [2024-08-23T10:26:07.385+0000] {dag.py:4138} INFO - Setting next_dagrun for dataset_s3_bucket_consumer to None, run_after=None
[2024-08-23T10:26:07.386+0000] {logging_mixin.py:190} INFO - [2024-08-23T10:26:07.386+0000] {dag.py:4138} INFO - Setting next_dagrun for dataset_s3_bucket_producer to None, run_after=None
[2024-08-23T10:26:07.413+0000] {processor.py:208} INFO - Processing /home/airflow/.local/lib/python3.12/site-packages/airflow/example_dags/example_dataset_alias.py took 0.226 seconds
[2024-08-23T10:26:38.254+0000] {processor.py:186} INFO - Started process (PID=289) to work on /home/airflow/.local/lib/python3.12/site-packages/airflow/example_dags/example_dataset_alias.py
[2024-08-23T10:26:38.255+0000] {processor.py:914} INFO - Processing file /home/airflow/.local/lib/python3.12/site-packages/airflow/example_dags/example_dataset_alias.py for tasks to queue
[2024-08-23T10:26:38.257+0000] {logging_mixin.py:190} INFO - [2024-08-23T10:26:38.257+0000] {dagbag.py:587} INFO - Filling up the DagBag from /home/airflow/.local/lib/python3.12/site-packages/airflow/example_dags/example_dataset_alias.py
[2024-08-23T10:26:38.409+0000] {processor.py:925} INFO - DAG(s) 'dataset_alias_example_alias_producer', 'dataset_s3_bucket_consumer', 'dataset_s3_bucket_producer', 'dataset_alias_example_alias_consumer' retrieved from /home/airflow/.local/lib/python3.12/site-packages/airflow/example_dags/example_dataset_alias.py
[2024-08-23T10:26:38.433+0000] {logging_mixin.py:190} INFO - [2024-08-23T10:26:38.433+0000] {dag.py:3211} INFO - Sync 4 DAGs
[2024-08-23T10:26:38.456+0000] {logging_mixin.py:190} INFO - [2024-08-23T10:26:38.456+0000] {dag.py:4138} INFO - Setting next_dagrun for dataset_alias_example_alias_consumer to None, run_after=None
[2024-08-23T10:26:38.459+0000] {logging_mixin.py:190} INFO - [2024-08-23T10:26:38.459+0000] {dag.py:4138} INFO - Setting next_dagrun for dataset_alias_example_alias_producer to None, run_after=None
[2024-08-23T10:26:38.460+0000] {logging_mixin.py:190} INFO - [2024-08-23T10:26:38.460+0000] {dag.py:4138} INFO - Setting next_dagrun for dataset_s3_bucket_consumer to None, run_after=None
[2024-08-23T10:26:38.461+0000] {logging_mixin.py:190} INFO - [2024-08-23T10:26:38.461+0000] {dag.py:4138} INFO - Setting next_dagrun for dataset_s3_bucket_producer to None, run_after=None
[2024-08-23T10:26:38.486+0000] {processor.py:208} INFO - Processing /home/airflow/.local/lib/python3.12/site-packages/airflow/example_dags/example_dataset_alias.py took 0.237 seconds
[2024-08-23T10:27:10.693+0000] {processor.py:186} INFO - Started process (PID=351) to work on /home/airflow/.local/lib/python3.12/site-packages/airflow/example_dags/example_dataset_alias.py
[2024-08-23T10:27:10.695+0000] {processor.py:914} INFO - Processing file /home/airflow/.local/lib/python3.12/site-packages/airflow/example_dags/example_dataset_alias.py for tasks to queue
[2024-08-23T10:27:10.700+0000] {logging_mixin.py:190} INFO - [2024-08-23T10:27:10.699+0000] {dagbag.py:587} INFO - Filling up the DagBag from /home/airflow/.local/lib/python3.12/site-packages/airflow/example_dags/example_dataset_alias.py
[2024-08-23T10:27:11.052+0000] {processor.py:925} INFO - DAG(s) 'dataset_s3_bucket_consumer', 'dataset_alias_example_alias_consumer', 'dataset_alias_example_alias_producer', 'dataset_s3_bucket_producer' retrieved from /home/airflow/.local/lib/python3.12/site-packages/airflow/example_dags/example_dataset_alias.py
[2024-08-23T10:27:11.092+0000] {logging_mixin.py:190} INFO - [2024-08-23T10:27:11.092+0000] {dag.py:3211} INFO - Sync 4 DAGs
[2024-08-23T10:27:11.134+0000] {logging_mixin.py:190} INFO - [2024-08-23T10:27:11.133+0000] {dag.py:4138} INFO - Setting next_dagrun for dataset_alias_example_alias_consumer to None, run_after=None
[2024-08-23T10:27:11.139+0000] {logging_mixin.py:190} INFO - [2024-08-23T10:27:11.139+0000] {dag.py:4138} INFO - Setting next_dagrun for dataset_alias_example_alias_producer to None, run_after=None
[2024-08-23T10:27:11.142+0000] {logging_mixin.py:190} INFO - [2024-08-23T10:27:11.142+0000] {dag.py:4138} INFO - Setting next_dagrun for dataset_s3_bucket_consumer to None, run_after=None
[2024-08-23T10:27:11.145+0000] {logging_mixin.py:190} INFO - [2024-08-23T10:27:11.144+0000] {dag.py:4138} INFO - Setting next_dagrun for dataset_s3_bucket_producer to None, run_after=None
[2024-08-23T10:27:11.187+0000] {processor.py:208} INFO - Processing /home/airflow/.local/lib/python3.12/site-packages/airflow/example_dags/example_dataset_alias.py took 0.508 seconds
[2024-08-23T10:27:41.987+0000] {processor.py:186} INFO - Started process (PID=414) to work on /home/airflow/.local/lib/python3.12/site-packages/airflow/example_dags/example_dataset_alias.py
[2024-08-23T10:27:41.989+0000] {processor.py:914} INFO - Processing file /home/airflow/.local/lib/python3.12/site-packages/airflow/example_dags/example_dataset_alias.py for tasks to queue
[2024-08-23T10:27:41.997+0000] {logging_mixin.py:190} INFO - [2024-08-23T10:27:41.996+0000] {dagbag.py:587} INFO - Filling up the DagBag from /home/airflow/.local/lib/python3.12/site-packages/airflow/example_dags/example_dataset_alias.py
[2024-08-23T10:27:42.518+0000] {processor.py:925} INFO - DAG(s) 'dataset_alias_example_alias_consumer', 'dataset_s3_bucket_consumer', 'dataset_s3_bucket_producer', 'dataset_alias_example_alias_producer' retrieved from /home/airflow/.local/lib/python3.12/site-packages/airflow/example_dags/example_dataset_alias.py
[2024-08-23T10:27:42.588+0000] {logging_mixin.py:190} INFO - [2024-08-23T10:27:42.587+0000] {dag.py:3211} INFO - Sync 4 DAGs
[2024-08-23T10:27:42.655+0000] {logging_mixin.py:190} INFO - [2024-08-23T10:27:42.654+0000] {dag.py:4138} INFO - Setting next_dagrun for dataset_alias_example_alias_consumer to None, run_after=None
[2024-08-23T10:27:42.665+0000] {logging_mixin.py:190} INFO - [2024-08-23T10:27:42.664+0000] {dag.py:4138} INFO - Setting next_dagrun for dataset_alias_example_alias_producer to None, run_after=None
[2024-08-23T10:27:42.670+0000] {logging_mixin.py:190} INFO - [2024-08-23T10:27:42.669+0000] {dag.py:4138} INFO - Setting next_dagrun for dataset_s3_bucket_consumer to None, run_after=None
[2024-08-23T10:27:42.674+0000] {logging_mixin.py:190} INFO - [2024-08-23T10:27:42.673+0000] {dag.py:4138} INFO - Setting next_dagrun for dataset_s3_bucket_producer to None, run_after=None
[2024-08-23T10:27:42.745+0000] {processor.py:208} INFO - Processing /home/airflow/.local/lib/python3.12/site-packages/airflow/example_dags/example_dataset_alias.py took 0.773 seconds
