[2024-08-23T06:38:32.884+0000] {processor.py:186} INFO - Started process (PID=94) to work on /home/airflow/.local/lib/python3.12/site-packages/airflow/example_dags/example_short_circuit_operator.py
[2024-08-23T06:38:32.885+0000] {processor.py:914} INFO - Processing file /home/airflow/.local/lib/python3.12/site-packages/airflow/example_dags/example_short_circuit_operator.py for tasks to queue
[2024-08-23T06:38:32.889+0000] {logging_mixin.py:190} INFO - [2024-08-23T06:38:32.889+0000] {dagbag.py:587} INFO - Filling up the DagBag from /home/airflow/.local/lib/python3.12/site-packages/airflow/example_dags/example_short_circuit_operator.py
[2024-08-23T06:38:32.901+0000] {processor.py:925} INFO - DAG(s) 'example_short_circuit_operator' retrieved from /home/airflow/.local/lib/python3.12/site-packages/airflow/example_dags/example_short_circuit_operator.py
[2024-08-23T06:38:33.041+0000] {logging_mixin.py:190} INFO - [2024-08-23T06:38:33.041+0000] {override.py:1858} INFO - Created Permission View: can edit on DAG:example_short_circuit_operator
[2024-08-23T06:38:33.059+0000] {logging_mixin.py:190} INFO - [2024-08-23T06:38:33.058+0000] {override.py:1858} INFO - Created Permission View: can delete on DAG:example_short_circuit_operator
[2024-08-23T06:38:33.068+0000] {logging_mixin.py:190} INFO - [2024-08-23T06:38:33.068+0000] {override.py:1858} INFO - Created Permission View: can read on DAG:example_short_circuit_operator
[2024-08-23T06:38:33.070+0000] {logging_mixin.py:190} INFO - [2024-08-23T06:38:33.069+0000] {dag.py:3211} INFO - Sync 1 DAGs
[2024-08-23T06:38:33.090+0000] {logging_mixin.py:190} INFO - [2024-08-23T06:38:33.090+0000] {dag.py:3234} INFO - Creating ORM DAG for example_short_circuit_operator
[2024-08-23T06:38:33.104+0000] {logging_mixin.py:190} INFO - [2024-08-23T06:38:33.104+0000] {dag.py:4138} INFO - Setting next_dagrun for example_short_circuit_operator to 2024-08-22 00:00:00+00:00, run_after=2024-08-23 00:00:00+00:00
[2024-08-23T06:38:33.135+0000] {processor.py:208} INFO - Processing /home/airflow/.local/lib/python3.12/site-packages/airflow/example_dags/example_short_circuit_operator.py took 0.258 seconds
[2024-08-23T06:39:03.299+0000] {processor.py:186} INFO - Started process (PID=156) to work on /home/airflow/.local/lib/python3.12/site-packages/airflow/example_dags/example_short_circuit_operator.py
[2024-08-23T06:39:03.302+0000] {processor.py:914} INFO - Processing file /home/airflow/.local/lib/python3.12/site-packages/airflow/example_dags/example_short_circuit_operator.py for tasks to queue
[2024-08-23T06:39:03.306+0000] {logging_mixin.py:190} INFO - [2024-08-23T06:39:03.306+0000] {dagbag.py:587} INFO - Filling up the DagBag from /home/airflow/.local/lib/python3.12/site-packages/airflow/example_dags/example_short_circuit_operator.py
[2024-08-23T06:39:03.323+0000] {processor.py:925} INFO - DAG(s) 'example_short_circuit_operator' retrieved from /home/airflow/.local/lib/python3.12/site-packages/airflow/example_dags/example_short_circuit_operator.py
[2024-08-23T06:39:03.374+0000] {logging_mixin.py:190} INFO - [2024-08-23T06:39:03.373+0000] {dag.py:3211} INFO - Sync 1 DAGs
[2024-08-23T06:39:03.434+0000] {logging_mixin.py:190} INFO - [2024-08-23T06:39:03.433+0000] {dag.py:4138} INFO - Setting next_dagrun for example_short_circuit_operator to 2024-08-22 00:00:00+00:00, run_after=2024-08-23 00:00:00+00:00
[2024-08-23T06:39:03.473+0000] {processor.py:208} INFO - Processing /home/airflow/.local/lib/python3.12/site-packages/airflow/example_dags/example_short_circuit_operator.py took 0.186 seconds
[2024-08-23T06:39:33.850+0000] {processor.py:186} INFO - Started process (PID=218) to work on /home/airflow/.local/lib/python3.12/site-packages/airflow/example_dags/example_short_circuit_operator.py
[2024-08-23T06:39:33.856+0000] {processor.py:914} INFO - Processing file /home/airflow/.local/lib/python3.12/site-packages/airflow/example_dags/example_short_circuit_operator.py for tasks to queue
[2024-08-23T06:39:33.861+0000] {logging_mixin.py:190} INFO - [2024-08-23T06:39:33.860+0000] {dagbag.py:587} INFO - Filling up the DagBag from /home/airflow/.local/lib/python3.12/site-packages/airflow/example_dags/example_short_circuit_operator.py
[2024-08-23T06:39:33.876+0000] {processor.py:925} INFO - DAG(s) 'example_short_circuit_operator' retrieved from /home/airflow/.local/lib/python3.12/site-packages/airflow/example_dags/example_short_circuit_operator.py
[2024-08-23T06:39:33.914+0000] {logging_mixin.py:190} INFO - [2024-08-23T06:39:33.914+0000] {dag.py:3211} INFO - Sync 1 DAGs
[2024-08-23T06:39:33.958+0000] {logging_mixin.py:190} INFO - [2024-08-23T06:39:33.958+0000] {dag.py:4138} INFO - Setting next_dagrun for example_short_circuit_operator to 2024-08-22 00:00:00+00:00, run_after=2024-08-23 00:00:00+00:00
[2024-08-23T06:39:33.993+0000] {processor.py:208} INFO - Processing /home/airflow/.local/lib/python3.12/site-packages/airflow/example_dags/example_short_circuit_operator.py took 0.156 seconds
[2024-08-23T06:40:04.417+0000] {processor.py:186} INFO - Started process (PID=280) to work on /home/airflow/.local/lib/python3.12/site-packages/airflow/example_dags/example_short_circuit_operator.py
[2024-08-23T06:40:04.420+0000] {processor.py:914} INFO - Processing file /home/airflow/.local/lib/python3.12/site-packages/airflow/example_dags/example_short_circuit_operator.py for tasks to queue
[2024-08-23T06:40:04.435+0000] {logging_mixin.py:190} INFO - [2024-08-23T06:40:04.434+0000] {dagbag.py:587} INFO - Filling up the DagBag from /home/airflow/.local/lib/python3.12/site-packages/airflow/example_dags/example_short_circuit_operator.py
[2024-08-23T06:40:04.494+0000] {processor.py:925} INFO - DAG(s) 'example_short_circuit_operator' retrieved from /home/airflow/.local/lib/python3.12/site-packages/airflow/example_dags/example_short_circuit_operator.py
[2024-08-23T06:40:04.718+0000] {logging_mixin.py:190} INFO - [2024-08-23T06:40:04.717+0000] {dag.py:3211} INFO - Sync 1 DAGs
[2024-08-23T06:40:04.882+0000] {logging_mixin.py:190} INFO - [2024-08-23T06:40:04.882+0000] {dag.py:4138} INFO - Setting next_dagrun for example_short_circuit_operator to 2024-08-22 00:00:00+00:00, run_after=2024-08-23 00:00:00+00:00
[2024-08-23T06:40:04.955+0000] {processor.py:208} INFO - Processing /home/airflow/.local/lib/python3.12/site-packages/airflow/example_dags/example_short_circuit_operator.py took 0.558 seconds
[2024-08-23T06:40:35.498+0000] {processor.py:186} INFO - Started process (PID=342) to work on /home/airflow/.local/lib/python3.12/site-packages/airflow/example_dags/example_short_circuit_operator.py
[2024-08-23T06:40:35.500+0000] {processor.py:914} INFO - Processing file /home/airflow/.local/lib/python3.12/site-packages/airflow/example_dags/example_short_circuit_operator.py for tasks to queue
[2024-08-23T06:40:35.505+0000] {logging_mixin.py:190} INFO - [2024-08-23T06:40:35.504+0000] {dagbag.py:587} INFO - Filling up the DagBag from /home/airflow/.local/lib/python3.12/site-packages/airflow/example_dags/example_short_circuit_operator.py
[2024-08-23T06:40:35.522+0000] {processor.py:925} INFO - DAG(s) 'example_short_circuit_operator' retrieved from /home/airflow/.local/lib/python3.12/site-packages/airflow/example_dags/example_short_circuit_operator.py
[2024-08-23T06:40:35.570+0000] {logging_mixin.py:190} INFO - [2024-08-23T06:40:35.570+0000] {dag.py:3211} INFO - Sync 1 DAGs
[2024-08-23T06:40:35.626+0000] {logging_mixin.py:190} INFO - [2024-08-23T06:40:35.626+0000] {dag.py:4138} INFO - Setting next_dagrun for example_short_circuit_operator to 2024-08-22 00:00:00+00:00, run_after=2024-08-23 00:00:00+00:00
[2024-08-23T06:40:35.668+0000] {processor.py:208} INFO - Processing /home/airflow/.local/lib/python3.12/site-packages/airflow/example_dags/example_short_circuit_operator.py took 0.180 seconds
[2024-08-23T06:41:05.881+0000] {processor.py:186} INFO - Started process (PID=404) to work on /home/airflow/.local/lib/python3.12/site-packages/airflow/example_dags/example_short_circuit_operator.py
[2024-08-23T06:41:05.883+0000] {processor.py:914} INFO - Processing file /home/airflow/.local/lib/python3.12/site-packages/airflow/example_dags/example_short_circuit_operator.py for tasks to queue
[2024-08-23T06:41:05.885+0000] {logging_mixin.py:190} INFO - [2024-08-23T06:41:05.885+0000] {dagbag.py:587} INFO - Filling up the DagBag from /home/airflow/.local/lib/python3.12/site-packages/airflow/example_dags/example_short_circuit_operator.py
[2024-08-23T06:41:05.894+0000] {processor.py:925} INFO - DAG(s) 'example_short_circuit_operator' retrieved from /home/airflow/.local/lib/python3.12/site-packages/airflow/example_dags/example_short_circuit_operator.py
[2024-08-23T06:41:05.926+0000] {logging_mixin.py:190} INFO - [2024-08-23T06:41:05.926+0000] {dag.py:3211} INFO - Sync 1 DAGs
[2024-08-23T06:41:05.954+0000] {logging_mixin.py:190} INFO - [2024-08-23T06:41:05.953+0000] {dag.py:4138} INFO - Setting next_dagrun for example_short_circuit_operator to 2024-08-22 00:00:00+00:00, run_after=2024-08-23 00:00:00+00:00
[2024-08-23T06:41:05.990+0000] {processor.py:208} INFO - Processing /home/airflow/.local/lib/python3.12/site-packages/airflow/example_dags/example_short_circuit_operator.py took 0.114 seconds
[2024-08-23T06:41:36.806+0000] {processor.py:186} INFO - Started process (PID=466) to work on /home/airflow/.local/lib/python3.12/site-packages/airflow/example_dags/example_short_circuit_operator.py
[2024-08-23T06:41:36.807+0000] {processor.py:914} INFO - Processing file /home/airflow/.local/lib/python3.12/site-packages/airflow/example_dags/example_short_circuit_operator.py for tasks to queue
[2024-08-23T06:41:36.811+0000] {logging_mixin.py:190} INFO - [2024-08-23T06:41:36.811+0000] {dagbag.py:587} INFO - Filling up the DagBag from /home/airflow/.local/lib/python3.12/site-packages/airflow/example_dags/example_short_circuit_operator.py
[2024-08-23T06:41:36.841+0000] {processor.py:925} INFO - DAG(s) 'example_short_circuit_operator' retrieved from /home/airflow/.local/lib/python3.12/site-packages/airflow/example_dags/example_short_circuit_operator.py
[2024-08-23T06:41:36.873+0000] {logging_mixin.py:190} INFO - [2024-08-23T06:41:36.873+0000] {dag.py:3211} INFO - Sync 1 DAGs
[2024-08-23T06:41:36.904+0000] {logging_mixin.py:190} INFO - [2024-08-23T06:41:36.904+0000] {dag.py:4138} INFO - Setting next_dagrun for example_short_circuit_operator to 2024-08-22 00:00:00+00:00, run_after=2024-08-23 00:00:00+00:00
[2024-08-23T06:41:36.954+0000] {processor.py:208} INFO - Processing /home/airflow/.local/lib/python3.12/site-packages/airflow/example_dags/example_short_circuit_operator.py took 0.155 seconds
[2024-08-23T06:42:07.044+0000] {processor.py:186} INFO - Started process (PID=527) to work on /home/airflow/.local/lib/python3.12/site-packages/airflow/example_dags/example_short_circuit_operator.py
[2024-08-23T06:42:07.045+0000] {processor.py:914} INFO - Processing file /home/airflow/.local/lib/python3.12/site-packages/airflow/example_dags/example_short_circuit_operator.py for tasks to queue
[2024-08-23T06:42:07.047+0000] {logging_mixin.py:190} INFO - [2024-08-23T06:42:07.047+0000] {dagbag.py:587} INFO - Filling up the DagBag from /home/airflow/.local/lib/python3.12/site-packages/airflow/example_dags/example_short_circuit_operator.py
[2024-08-23T06:42:07.062+0000] {processor.py:925} INFO - DAG(s) 'example_short_circuit_operator' retrieved from /home/airflow/.local/lib/python3.12/site-packages/airflow/example_dags/example_short_circuit_operator.py
[2024-08-23T06:42:07.092+0000] {logging_mixin.py:190} INFO - [2024-08-23T06:42:07.092+0000] {dag.py:3211} INFO - Sync 1 DAGs
[2024-08-23T06:42:07.126+0000] {logging_mixin.py:190} INFO - [2024-08-23T06:42:07.126+0000] {dag.py:4138} INFO - Setting next_dagrun for example_short_circuit_operator to 2024-08-22 00:00:00+00:00, run_after=2024-08-23 00:00:00+00:00
[2024-08-23T06:42:07.154+0000] {processor.py:208} INFO - Processing /home/airflow/.local/lib/python3.12/site-packages/airflow/example_dags/example_short_circuit_operator.py took 0.117 seconds
[2024-08-23T07:54:12.592+0000] {processor.py:186} INFO - Started process (PID=97) to work on /home/airflow/.local/lib/python3.12/site-packages/airflow/example_dags/example_short_circuit_operator.py
[2024-08-23T07:54:12.594+0000] {processor.py:914} INFO - Processing file /home/airflow/.local/lib/python3.12/site-packages/airflow/example_dags/example_short_circuit_operator.py for tasks to queue
[2024-08-23T07:54:12.600+0000] {logging_mixin.py:190} INFO - [2024-08-23T07:54:12.600+0000] {dagbag.py:587} INFO - Filling up the DagBag from /home/airflow/.local/lib/python3.12/site-packages/airflow/example_dags/example_short_circuit_operator.py
[2024-08-23T07:54:12.618+0000] {processor.py:925} INFO - DAG(s) 'example_short_circuit_operator' retrieved from /home/airflow/.local/lib/python3.12/site-packages/airflow/example_dags/example_short_circuit_operator.py
[2024-08-23T07:54:12.663+0000] {logging_mixin.py:190} INFO - [2024-08-23T07:54:12.662+0000] {dag.py:3211} INFO - Sync 1 DAGs
[2024-08-23T07:54:12.709+0000] {logging_mixin.py:190} INFO - [2024-08-23T07:54:12.709+0000] {dag.py:4138} INFO - Setting next_dagrun for example_short_circuit_operator to 2024-08-22 00:00:00+00:00, run_after=2024-08-23 00:00:00+00:00
[2024-08-23T07:54:12.747+0000] {processor.py:208} INFO - Processing /home/airflow/.local/lib/python3.12/site-packages/airflow/example_dags/example_short_circuit_operator.py took 0.168 seconds
[2024-08-23T07:54:43.878+0000] {processor.py:186} INFO - Started process (PID=159) to work on /home/airflow/.local/lib/python3.12/site-packages/airflow/example_dags/example_short_circuit_operator.py
[2024-08-23T07:54:43.881+0000] {processor.py:914} INFO - Processing file /home/airflow/.local/lib/python3.12/site-packages/airflow/example_dags/example_short_circuit_operator.py for tasks to queue
[2024-08-23T07:54:43.887+0000] {logging_mixin.py:190} INFO - [2024-08-23T07:54:43.886+0000] {dagbag.py:587} INFO - Filling up the DagBag from /home/airflow/.local/lib/python3.12/site-packages/airflow/example_dags/example_short_circuit_operator.py
[2024-08-23T07:54:43.908+0000] {processor.py:925} INFO - DAG(s) 'example_short_circuit_operator' retrieved from /home/airflow/.local/lib/python3.12/site-packages/airflow/example_dags/example_short_circuit_operator.py
[2024-08-23T07:54:43.969+0000] {logging_mixin.py:190} INFO - [2024-08-23T07:54:43.968+0000] {dag.py:3211} INFO - Sync 1 DAGs
[2024-08-23T07:54:44.041+0000] {logging_mixin.py:190} INFO - [2024-08-23T07:54:44.041+0000] {dag.py:4138} INFO - Setting next_dagrun for example_short_circuit_operator to 2024-08-22 00:00:00+00:00, run_after=2024-08-23 00:00:00+00:00
[2024-08-23T07:54:44.090+0000] {processor.py:208} INFO - Processing /home/airflow/.local/lib/python3.12/site-packages/airflow/example_dags/example_short_circuit_operator.py took 0.227 seconds
[2024-08-23T07:55:14.552+0000] {processor.py:186} INFO - Started process (PID=221) to work on /home/airflow/.local/lib/python3.12/site-packages/airflow/example_dags/example_short_circuit_operator.py
[2024-08-23T07:55:14.553+0000] {processor.py:914} INFO - Processing file /home/airflow/.local/lib/python3.12/site-packages/airflow/example_dags/example_short_circuit_operator.py for tasks to queue
[2024-08-23T07:55:14.556+0000] {logging_mixin.py:190} INFO - [2024-08-23T07:55:14.556+0000] {dagbag.py:587} INFO - Filling up the DagBag from /home/airflow/.local/lib/python3.12/site-packages/airflow/example_dags/example_short_circuit_operator.py
[2024-08-23T07:55:14.565+0000] {processor.py:925} INFO - DAG(s) 'example_short_circuit_operator' retrieved from /home/airflow/.local/lib/python3.12/site-packages/airflow/example_dags/example_short_circuit_operator.py
[2024-08-23T07:55:14.593+0000] {logging_mixin.py:190} INFO - [2024-08-23T07:55:14.593+0000] {dag.py:3211} INFO - Sync 1 DAGs
[2024-08-23T07:55:14.621+0000] {logging_mixin.py:190} INFO - [2024-08-23T07:55:14.620+0000] {dag.py:4138} INFO - Setting next_dagrun for example_short_circuit_operator to 2024-08-22 00:00:00+00:00, run_after=2024-08-23 00:00:00+00:00
[2024-08-23T07:55:14.645+0000] {processor.py:208} INFO - Processing /home/airflow/.local/lib/python3.12/site-packages/airflow/example_dags/example_short_circuit_operator.py took 0.099 seconds
[2024-08-23T08:20:33.838+0000] {processor.py:186} INFO - Started process (PID=92) to work on /home/airflow/.local/lib/python3.12/site-packages/airflow/example_dags/example_short_circuit_operator.py
[2024-08-23T08:20:33.841+0000] {processor.py:914} INFO - Processing file /home/airflow/.local/lib/python3.12/site-packages/airflow/example_dags/example_short_circuit_operator.py for tasks to queue
[2024-08-23T08:20:33.845+0000] {logging_mixin.py:190} INFO - [2024-08-23T08:20:33.844+0000] {dagbag.py:587} INFO - Filling up the DagBag from /home/airflow/.local/lib/python3.12/site-packages/airflow/example_dags/example_short_circuit_operator.py
[2024-08-23T08:20:33.860+0000] {processor.py:925} INFO - DAG(s) 'example_short_circuit_operator' retrieved from /home/airflow/.local/lib/python3.12/site-packages/airflow/example_dags/example_short_circuit_operator.py
[2024-08-23T08:20:33.886+0000] {logging_mixin.py:190} INFO - [2024-08-23T08:20:33.886+0000] {dag.py:3211} INFO - Sync 1 DAGs
[2024-08-23T08:20:33.920+0000] {logging_mixin.py:190} INFO - [2024-08-23T08:20:33.919+0000] {dag.py:4138} INFO - Setting next_dagrun for example_short_circuit_operator to 2024-08-22 00:00:00+00:00, run_after=2024-08-23 00:00:00+00:00
[2024-08-23T08:20:33.952+0000] {processor.py:208} INFO - Processing /home/airflow/.local/lib/python3.12/site-packages/airflow/example_dags/example_short_circuit_operator.py took 0.124 seconds
[2024-08-23T08:23:27.946+0000] {processor.py:186} INFO - Started process (PID=89) to work on /home/airflow/.local/lib/python3.12/site-packages/airflow/example_dags/example_short_circuit_operator.py
[2024-08-23T08:23:27.948+0000] {processor.py:914} INFO - Processing file /home/airflow/.local/lib/python3.12/site-packages/airflow/example_dags/example_short_circuit_operator.py for tasks to queue
[2024-08-23T08:23:27.950+0000] {logging_mixin.py:190} INFO - [2024-08-23T08:23:27.950+0000] {dagbag.py:587} INFO - Filling up the DagBag from /home/airflow/.local/lib/python3.12/site-packages/airflow/example_dags/example_short_circuit_operator.py
[2024-08-23T08:23:27.960+0000] {processor.py:925} INFO - DAG(s) 'example_short_circuit_operator' retrieved from /home/airflow/.local/lib/python3.12/site-packages/airflow/example_dags/example_short_circuit_operator.py
[2024-08-23T08:23:27.983+0000] {logging_mixin.py:190} INFO - [2024-08-23T08:23:27.983+0000] {dag.py:3211} INFO - Sync 1 DAGs
[2024-08-23T08:23:28.006+0000] {logging_mixin.py:190} INFO - [2024-08-23T08:23:28.006+0000] {dag.py:4138} INFO - Setting next_dagrun for example_short_circuit_operator to 2024-08-22 00:00:00+00:00, run_after=2024-08-23 00:00:00+00:00
[2024-08-23T08:23:28.027+0000] {processor.py:208} INFO - Processing /home/airflow/.local/lib/python3.12/site-packages/airflow/example_dags/example_short_circuit_operator.py took 0.087 seconds
[2024-08-23T08:23:58.902+0000] {processor.py:186} INFO - Started process (PID=152) to work on /home/airflow/.local/lib/python3.12/site-packages/airflow/example_dags/example_short_circuit_operator.py
[2024-08-23T08:23:58.903+0000] {processor.py:914} INFO - Processing file /home/airflow/.local/lib/python3.12/site-packages/airflow/example_dags/example_short_circuit_operator.py for tasks to queue
[2024-08-23T08:23:58.905+0000] {logging_mixin.py:190} INFO - [2024-08-23T08:23:58.904+0000] {dagbag.py:587} INFO - Filling up the DagBag from /home/airflow/.local/lib/python3.12/site-packages/airflow/example_dags/example_short_circuit_operator.py
[2024-08-23T08:23:58.912+0000] {processor.py:925} INFO - DAG(s) 'example_short_circuit_operator' retrieved from /home/airflow/.local/lib/python3.12/site-packages/airflow/example_dags/example_short_circuit_operator.py
[2024-08-23T08:23:58.930+0000] {logging_mixin.py:190} INFO - [2024-08-23T08:23:58.930+0000] {dag.py:3211} INFO - Sync 1 DAGs
[2024-08-23T08:23:58.948+0000] {logging_mixin.py:190} INFO - [2024-08-23T08:23:58.948+0000] {dag.py:4138} INFO - Setting next_dagrun for example_short_circuit_operator to 2024-08-22 00:00:00+00:00, run_after=2024-08-23 00:00:00+00:00
[2024-08-23T08:23:58.968+0000] {processor.py:208} INFO - Processing /home/airflow/.local/lib/python3.12/site-packages/airflow/example_dags/example_short_circuit_operator.py took 0.072 seconds
[2024-08-23T08:24:29.301+0000] {processor.py:186} INFO - Started process (PID=214) to work on /home/airflow/.local/lib/python3.12/site-packages/airflow/example_dags/example_short_circuit_operator.py
[2024-08-23T08:24:29.302+0000] {processor.py:914} INFO - Processing file /home/airflow/.local/lib/python3.12/site-packages/airflow/example_dags/example_short_circuit_operator.py for tasks to queue
[2024-08-23T08:24:29.304+0000] {logging_mixin.py:190} INFO - [2024-08-23T08:24:29.304+0000] {dagbag.py:587} INFO - Filling up the DagBag from /home/airflow/.local/lib/python3.12/site-packages/airflow/example_dags/example_short_circuit_operator.py
[2024-08-23T08:24:29.313+0000] {processor.py:925} INFO - DAG(s) 'example_short_circuit_operator' retrieved from /home/airflow/.local/lib/python3.12/site-packages/airflow/example_dags/example_short_circuit_operator.py
[2024-08-23T08:24:29.335+0000] {logging_mixin.py:190} INFO - [2024-08-23T08:24:29.334+0000] {dag.py:3211} INFO - Sync 1 DAGs
[2024-08-23T08:24:29.355+0000] {logging_mixin.py:190} INFO - [2024-08-23T08:24:29.355+0000] {dag.py:4138} INFO - Setting next_dagrun for example_short_circuit_operator to 2024-08-22 00:00:00+00:00, run_after=2024-08-23 00:00:00+00:00
[2024-08-23T08:24:29.376+0000] {processor.py:208} INFO - Processing /home/airflow/.local/lib/python3.12/site-packages/airflow/example_dags/example_short_circuit_operator.py took 0.081 seconds
[2024-08-23T08:25:01.241+0000] {processor.py:186} INFO - Started process (PID=276) to work on /home/airflow/.local/lib/python3.12/site-packages/airflow/example_dags/example_short_circuit_operator.py
[2024-08-23T08:25:01.245+0000] {processor.py:914} INFO - Processing file /home/airflow/.local/lib/python3.12/site-packages/airflow/example_dags/example_short_circuit_operator.py for tasks to queue
[2024-08-23T08:25:01.253+0000] {logging_mixin.py:190} INFO - [2024-08-23T08:25:01.252+0000] {dagbag.py:587} INFO - Filling up the DagBag from /home/airflow/.local/lib/python3.12/site-packages/airflow/example_dags/example_short_circuit_operator.py
[2024-08-23T08:25:01.280+0000] {processor.py:925} INFO - DAG(s) 'example_short_circuit_operator' retrieved from /home/airflow/.local/lib/python3.12/site-packages/airflow/example_dags/example_short_circuit_operator.py
[2024-08-23T08:25:01.361+0000] {logging_mixin.py:190} INFO - [2024-08-23T08:25:01.360+0000] {dag.py:3211} INFO - Sync 1 DAGs
[2024-08-23T08:25:01.447+0000] {logging_mixin.py:190} INFO - [2024-08-23T08:25:01.446+0000] {dag.py:4138} INFO - Setting next_dagrun for example_short_circuit_operator to 2024-08-22 00:00:00+00:00, run_after=2024-08-23 00:00:00+00:00
[2024-08-23T08:25:01.508+0000] {processor.py:208} INFO - Processing /home/airflow/.local/lib/python3.12/site-packages/airflow/example_dags/example_short_circuit_operator.py took 0.287 seconds
[2024-08-23T08:25:32.258+0000] {processor.py:186} INFO - Started process (PID=338) to work on /home/airflow/.local/lib/python3.12/site-packages/airflow/example_dags/example_short_circuit_operator.py
[2024-08-23T08:25:32.259+0000] {processor.py:914} INFO - Processing file /home/airflow/.local/lib/python3.12/site-packages/airflow/example_dags/example_short_circuit_operator.py for tasks to queue
[2024-08-23T08:25:32.261+0000] {logging_mixin.py:190} INFO - [2024-08-23T08:25:32.260+0000] {dagbag.py:587} INFO - Filling up the DagBag from /home/airflow/.local/lib/python3.12/site-packages/airflow/example_dags/example_short_circuit_operator.py
[2024-08-23T08:25:32.269+0000] {processor.py:925} INFO - DAG(s) 'example_short_circuit_operator' retrieved from /home/airflow/.local/lib/python3.12/site-packages/airflow/example_dags/example_short_circuit_operator.py
[2024-08-23T08:25:32.292+0000] {logging_mixin.py:190} INFO - [2024-08-23T08:25:32.292+0000] {dag.py:3211} INFO - Sync 1 DAGs
[2024-08-23T08:25:32.312+0000] {logging_mixin.py:190} INFO - [2024-08-23T08:25:32.312+0000] {dag.py:4138} INFO - Setting next_dagrun for example_short_circuit_operator to 2024-08-22 00:00:00+00:00, run_after=2024-08-23 00:00:00+00:00
[2024-08-23T08:25:32.334+0000] {processor.py:208} INFO - Processing /home/airflow/.local/lib/python3.12/site-packages/airflow/example_dags/example_short_circuit_operator.py took 0.081 seconds
[2024-08-23T08:26:02.386+0000] {processor.py:186} INFO - Started process (PID=400) to work on /home/airflow/.local/lib/python3.12/site-packages/airflow/example_dags/example_short_circuit_operator.py
[2024-08-23T08:26:02.387+0000] {processor.py:914} INFO - Processing file /home/airflow/.local/lib/python3.12/site-packages/airflow/example_dags/example_short_circuit_operator.py for tasks to queue
[2024-08-23T08:26:02.390+0000] {logging_mixin.py:190} INFO - [2024-08-23T08:26:02.390+0000] {dagbag.py:587} INFO - Filling up the DagBag from /home/airflow/.local/lib/python3.12/site-packages/airflow/example_dags/example_short_circuit_operator.py
[2024-08-23T08:26:02.397+0000] {processor.py:925} INFO - DAG(s) 'example_short_circuit_operator' retrieved from /home/airflow/.local/lib/python3.12/site-packages/airflow/example_dags/example_short_circuit_operator.py
[2024-08-23T08:26:02.419+0000] {logging_mixin.py:190} INFO - [2024-08-23T08:26:02.419+0000] {dag.py:3211} INFO - Sync 1 DAGs
[2024-08-23T08:26:02.438+0000] {logging_mixin.py:190} INFO - [2024-08-23T08:26:02.438+0000] {dag.py:4138} INFO - Setting next_dagrun for example_short_circuit_operator to 2024-08-22 00:00:00+00:00, run_after=2024-08-23 00:00:00+00:00
[2024-08-23T08:26:02.456+0000] {processor.py:208} INFO - Processing /home/airflow/.local/lib/python3.12/site-packages/airflow/example_dags/example_short_circuit_operator.py took 0.075 seconds
[2024-08-23T08:26:32.790+0000] {processor.py:186} INFO - Started process (PID=462) to work on /home/airflow/.local/lib/python3.12/site-packages/airflow/example_dags/example_short_circuit_operator.py
[2024-08-23T08:26:32.791+0000] {processor.py:914} INFO - Processing file /home/airflow/.local/lib/python3.12/site-packages/airflow/example_dags/example_short_circuit_operator.py for tasks to queue
[2024-08-23T08:26:32.794+0000] {logging_mixin.py:190} INFO - [2024-08-23T08:26:32.793+0000] {dagbag.py:587} INFO - Filling up the DagBag from /home/airflow/.local/lib/python3.12/site-packages/airflow/example_dags/example_short_circuit_operator.py
[2024-08-23T08:26:32.802+0000] {processor.py:925} INFO - DAG(s) 'example_short_circuit_operator' retrieved from /home/airflow/.local/lib/python3.12/site-packages/airflow/example_dags/example_short_circuit_operator.py
[2024-08-23T08:26:32.823+0000] {logging_mixin.py:190} INFO - [2024-08-23T08:26:32.823+0000] {dag.py:3211} INFO - Sync 1 DAGs
[2024-08-23T08:26:32.841+0000] {logging_mixin.py:190} INFO - [2024-08-23T08:26:32.841+0000] {dag.py:4138} INFO - Setting next_dagrun for example_short_circuit_operator to 2024-08-22 00:00:00+00:00, run_after=2024-08-23 00:00:00+00:00
[2024-08-23T08:26:32.861+0000] {processor.py:208} INFO - Processing /home/airflow/.local/lib/python3.12/site-packages/airflow/example_dags/example_short_circuit_operator.py took 0.077 seconds
[2024-08-23T10:25:05.041+0000] {processor.py:186} INFO - Started process (PID=94) to work on /home/airflow/.local/lib/python3.12/site-packages/airflow/example_dags/example_short_circuit_operator.py
[2024-08-23T10:25:05.066+0000] {processor.py:914} INFO - Processing file /home/airflow/.local/lib/python3.12/site-packages/airflow/example_dags/example_short_circuit_operator.py for tasks to queue
[2024-08-23T10:25:05.068+0000] {logging_mixin.py:190} INFO - [2024-08-23T10:25:05.068+0000] {dagbag.py:587} INFO - Filling up the DagBag from /home/airflow/.local/lib/python3.12/site-packages/airflow/example_dags/example_short_circuit_operator.py
[2024-08-23T10:25:05.077+0000] {processor.py:925} INFO - DAG(s) 'example_short_circuit_operator' retrieved from /home/airflow/.local/lib/python3.12/site-packages/airflow/example_dags/example_short_circuit_operator.py
[2024-08-23T10:25:05.096+0000] {logging_mixin.py:190} INFO - [2024-08-23T10:25:05.096+0000] {dag.py:3211} INFO - Sync 1 DAGs
[2024-08-23T10:25:05.115+0000] {logging_mixin.py:190} INFO - [2024-08-23T10:25:05.115+0000] {dag.py:4138} INFO - Setting next_dagrun for example_short_circuit_operator to 2024-08-22 00:00:00+00:00, run_after=2024-08-23 00:00:00+00:00
[2024-08-23T10:25:05.303+0000] {processor.py:208} INFO - Processing /home/airflow/.local/lib/python3.12/site-packages/airflow/example_dags/example_short_circuit_operator.py took 0.268 seconds
[2024-08-23T10:25:35.885+0000] {processor.py:186} INFO - Started process (PID=156) to work on /home/airflow/.local/lib/python3.12/site-packages/airflow/example_dags/example_short_circuit_operator.py
[2024-08-23T10:25:35.886+0000] {processor.py:914} INFO - Processing file /home/airflow/.local/lib/python3.12/site-packages/airflow/example_dags/example_short_circuit_operator.py for tasks to queue
[2024-08-23T10:25:35.889+0000] {logging_mixin.py:190} INFO - [2024-08-23T10:25:35.888+0000] {dagbag.py:587} INFO - Filling up the DagBag from /home/airflow/.local/lib/python3.12/site-packages/airflow/example_dags/example_short_circuit_operator.py
[2024-08-23T10:25:35.897+0000] {processor.py:925} INFO - DAG(s) 'example_short_circuit_operator' retrieved from /home/airflow/.local/lib/python3.12/site-packages/airflow/example_dags/example_short_circuit_operator.py
[2024-08-23T10:25:35.921+0000] {logging_mixin.py:190} INFO - [2024-08-23T10:25:35.921+0000] {dag.py:3211} INFO - Sync 1 DAGs
[2024-08-23T10:25:35.940+0000] {logging_mixin.py:190} INFO - [2024-08-23T10:25:35.939+0000] {dag.py:4138} INFO - Setting next_dagrun for example_short_circuit_operator to 2024-08-22 00:00:00+00:00, run_after=2024-08-23 00:00:00+00:00
[2024-08-23T10:25:35.961+0000] {processor.py:208} INFO - Processing /home/airflow/.local/lib/python3.12/site-packages/airflow/example_dags/example_short_circuit_operator.py took 0.080 seconds
[2024-08-23T10:26:06.469+0000] {processor.py:186} INFO - Started process (PID=218) to work on /home/airflow/.local/lib/python3.12/site-packages/airflow/example_dags/example_short_circuit_operator.py
[2024-08-23T10:26:06.471+0000] {processor.py:914} INFO - Processing file /home/airflow/.local/lib/python3.12/site-packages/airflow/example_dags/example_short_circuit_operator.py for tasks to queue
[2024-08-23T10:26:06.475+0000] {logging_mixin.py:190} INFO - [2024-08-23T10:26:06.474+0000] {dagbag.py:587} INFO - Filling up the DagBag from /home/airflow/.local/lib/python3.12/site-packages/airflow/example_dags/example_short_circuit_operator.py
[2024-08-23T10:26:06.490+0000] {processor.py:925} INFO - DAG(s) 'example_short_circuit_operator' retrieved from /home/airflow/.local/lib/python3.12/site-packages/airflow/example_dags/example_short_circuit_operator.py
[2024-08-23T10:26:06.522+0000] {logging_mixin.py:190} INFO - [2024-08-23T10:26:06.521+0000] {dag.py:3211} INFO - Sync 1 DAGs
[2024-08-23T10:26:06.556+0000] {logging_mixin.py:190} INFO - [2024-08-23T10:26:06.556+0000] {dag.py:4138} INFO - Setting next_dagrun for example_short_circuit_operator to 2024-08-22 00:00:00+00:00, run_after=2024-08-23 00:00:00+00:00
[2024-08-23T10:26:06.582+0000] {processor.py:208} INFO - Processing /home/airflow/.local/lib/python3.12/site-packages/airflow/example_dags/example_short_circuit_operator.py took 0.123 seconds
[2024-08-23T10:26:37.610+0000] {processor.py:186} INFO - Started process (PID=280) to work on /home/airflow/.local/lib/python3.12/site-packages/airflow/example_dags/example_short_circuit_operator.py
[2024-08-23T10:26:37.611+0000] {processor.py:914} INFO - Processing file /home/airflow/.local/lib/python3.12/site-packages/airflow/example_dags/example_short_circuit_operator.py for tasks to queue
[2024-08-23T10:26:37.613+0000] {logging_mixin.py:190} INFO - [2024-08-23T10:26:37.612+0000] {dagbag.py:587} INFO - Filling up the DagBag from /home/airflow/.local/lib/python3.12/site-packages/airflow/example_dags/example_short_circuit_operator.py
[2024-08-23T10:26:37.620+0000] {processor.py:925} INFO - DAG(s) 'example_short_circuit_operator' retrieved from /home/airflow/.local/lib/python3.12/site-packages/airflow/example_dags/example_short_circuit_operator.py
[2024-08-23T10:26:37.648+0000] {logging_mixin.py:190} INFO - [2024-08-23T10:26:37.648+0000] {dag.py:3211} INFO - Sync 1 DAGs
[2024-08-23T10:26:37.673+0000] {logging_mixin.py:190} INFO - [2024-08-23T10:26:37.673+0000] {dag.py:4138} INFO - Setting next_dagrun for example_short_circuit_operator to 2024-08-22 00:00:00+00:00, run_after=2024-08-23 00:00:00+00:00
[2024-08-23T10:26:37.699+0000] {processor.py:208} INFO - Processing /home/airflow/.local/lib/python3.12/site-packages/airflow/example_dags/example_short_circuit_operator.py took 0.097 seconds
[2024-08-23T10:27:09.405+0000] {processor.py:186} INFO - Started process (PID=342) to work on /home/airflow/.local/lib/python3.12/site-packages/airflow/example_dags/example_short_circuit_operator.py
[2024-08-23T10:27:09.407+0000] {processor.py:914} INFO - Processing file /home/airflow/.local/lib/python3.12/site-packages/airflow/example_dags/example_short_circuit_operator.py for tasks to queue
[2024-08-23T10:27:09.411+0000] {logging_mixin.py:190} INFO - [2024-08-23T10:27:09.411+0000] {dagbag.py:587} INFO - Filling up the DagBag from /home/airflow/.local/lib/python3.12/site-packages/airflow/example_dags/example_short_circuit_operator.py
[2024-08-23T10:27:09.426+0000] {processor.py:925} INFO - DAG(s) 'example_short_circuit_operator' retrieved from /home/airflow/.local/lib/python3.12/site-packages/airflow/example_dags/example_short_circuit_operator.py
[2024-08-23T10:27:09.470+0000] {logging_mixin.py:190} INFO - [2024-08-23T10:27:09.470+0000] {dag.py:3211} INFO - Sync 1 DAGs
[2024-08-23T10:27:09.515+0000] {logging_mixin.py:190} INFO - [2024-08-23T10:27:09.515+0000] {dag.py:4138} INFO - Setting next_dagrun for example_short_circuit_operator to 2024-08-22 00:00:00+00:00, run_after=2024-08-23 00:00:00+00:00
[2024-08-23T10:27:09.555+0000] {processor.py:208} INFO - Processing /home/airflow/.local/lib/python3.12/site-packages/airflow/example_dags/example_short_circuit_operator.py took 0.159 seconds
[2024-08-23T10:27:40.427+0000] {processor.py:186} INFO - Started process (PID=404) to work on /home/airflow/.local/lib/python3.12/site-packages/airflow/example_dags/example_short_circuit_operator.py
[2024-08-23T10:27:40.429+0000] {processor.py:914} INFO - Processing file /home/airflow/.local/lib/python3.12/site-packages/airflow/example_dags/example_short_circuit_operator.py for tasks to queue
[2024-08-23T10:27:40.437+0000] {logging_mixin.py:190} INFO - [2024-08-23T10:27:40.436+0000] {dagbag.py:587} INFO - Filling up the DagBag from /home/airflow/.local/lib/python3.12/site-packages/airflow/example_dags/example_short_circuit_operator.py
[2024-08-23T10:27:40.470+0000] {processor.py:925} INFO - DAG(s) 'example_short_circuit_operator' retrieved from /home/airflow/.local/lib/python3.12/site-packages/airflow/example_dags/example_short_circuit_operator.py
[2024-08-23T10:27:40.530+0000] {logging_mixin.py:190} INFO - [2024-08-23T10:27:40.529+0000] {dag.py:3211} INFO - Sync 1 DAGs
[2024-08-23T10:27:40.602+0000] {logging_mixin.py:190} INFO - [2024-08-23T10:27:40.601+0000] {dag.py:4138} INFO - Setting next_dagrun for example_short_circuit_operator to 2024-08-22 00:00:00+00:00, run_after=2024-08-23 00:00:00+00:00
[2024-08-23T10:27:40.659+0000] {processor.py:208} INFO - Processing /home/airflow/.local/lib/python3.12/site-packages/airflow/example_dags/example_short_circuit_operator.py took 0.248 seconds
[2024-08-23T10:28:11.233+0000] {processor.py:186} INFO - Started process (PID=466) to work on /home/airflow/.local/lib/python3.12/site-packages/airflow/example_dags/example_short_circuit_operator.py
[2024-08-23T10:28:11.234+0000] {processor.py:914} INFO - Processing file /home/airflow/.local/lib/python3.12/site-packages/airflow/example_dags/example_short_circuit_operator.py for tasks to queue
[2024-08-23T10:28:11.237+0000] {logging_mixin.py:190} INFO - [2024-08-23T10:28:11.237+0000] {dagbag.py:587} INFO - Filling up the DagBag from /home/airflow/.local/lib/python3.12/site-packages/airflow/example_dags/example_short_circuit_operator.py
[2024-08-23T10:28:11.248+0000] {processor.py:925} INFO - DAG(s) 'example_short_circuit_operator' retrieved from /home/airflow/.local/lib/python3.12/site-packages/airflow/example_dags/example_short_circuit_operator.py
[2024-08-23T10:28:11.269+0000] {logging_mixin.py:190} INFO - [2024-08-23T10:28:11.269+0000] {dag.py:3211} INFO - Sync 1 DAGs
[2024-08-23T10:28:11.289+0000] {logging_mixin.py:190} INFO - [2024-08-23T10:28:11.289+0000] {dag.py:4138} INFO - Setting next_dagrun for example_short_circuit_operator to 2024-08-22 00:00:00+00:00, run_after=2024-08-23 00:00:00+00:00
[2024-08-23T10:28:11.310+0000] {processor.py:208} INFO - Processing /home/airflow/.local/lib/python3.12/site-packages/airflow/example_dags/example_short_circuit_operator.py took 0.082 seconds
