[2024-08-23T06:38:29.233+0000] {processor.py:186} INFO - Started process (PID=71) to work on /home/airflow/.local/lib/python3.12/site-packages/airflow/example_dags/example_dataset_alias_with_no_taskflow.py
[2024-08-23T06:38:29.235+0000] {processor.py:914} INFO - Processing file /home/airflow/.local/lib/python3.12/site-packages/airflow/example_dags/example_dataset_alias_with_no_taskflow.py for tasks to queue
[2024-08-23T06:38:29.238+0000] {logging_mixin.py:190} INFO - [2024-08-23T06:38:29.238+0000] {dagbag.py:587} INFO - Filling up the DagBag from /home/airflow/.local/lib/python3.12/site-packages/airflow/example_dags/example_dataset_alias_with_no_taskflow.py
[2024-08-23T06:38:29.848+0000] {processor.py:925} INFO - DAG(s) 'dataset_s3_bucket_consumer_with_no_taskflow', 'dataset_s3_bucket_producer_with_no_taskflow', 'dataset_alias_example_alias_consumer_with_no_taskflow', 'dataset_alias_example_alias_producer_with_no_taskflow' retrieved from /home/airflow/.local/lib/python3.12/site-packages/airflow/example_dags/example_dataset_alias_with_no_taskflow.py
[2024-08-23T06:38:29.963+0000] {logging_mixin.py:190} INFO - [2024-08-23T06:38:29.962+0000] {override.py:1858} INFO - Created Permission View: can edit on DAG:dataset_s3_bucket_consumer_with_no_taskflow
[2024-08-23T06:38:29.976+0000] {logging_mixin.py:190} INFO - [2024-08-23T06:38:29.976+0000] {override.py:1858} INFO - Created Permission View: can delete on DAG:dataset_s3_bucket_consumer_with_no_taskflow
[2024-08-23T06:38:29.987+0000] {logging_mixin.py:190} INFO - [2024-08-23T06:38:29.987+0000] {override.py:1858} INFO - Created Permission View: can read on DAG:dataset_s3_bucket_consumer_with_no_taskflow
[2024-08-23T06:38:30.009+0000] {logging_mixin.py:190} INFO - [2024-08-23T06:38:30.008+0000] {override.py:1858} INFO - Created Permission View: can edit on DAG:dataset_s3_bucket_producer_with_no_taskflow
[2024-08-23T06:38:30.020+0000] {logging_mixin.py:190} INFO - [2024-08-23T06:38:30.019+0000] {override.py:1858} INFO - Created Permission View: can delete on DAG:dataset_s3_bucket_producer_with_no_taskflow
[2024-08-23T06:38:30.029+0000] {logging_mixin.py:190} INFO - [2024-08-23T06:38:30.028+0000] {override.py:1858} INFO - Created Permission View: can read on DAG:dataset_s3_bucket_producer_with_no_taskflow
[2024-08-23T06:38:30.048+0000] {logging_mixin.py:190} INFO - [2024-08-23T06:38:30.048+0000] {override.py:1858} INFO - Created Permission View: can edit on DAG:dataset_alias_example_alias_consumer_with_no_taskflow
[2024-08-23T06:38:30.059+0000] {logging_mixin.py:190} INFO - [2024-08-23T06:38:30.058+0000] {override.py:1858} INFO - Created Permission View: can delete on DAG:dataset_alias_example_alias_consumer_with_no_taskflow
[2024-08-23T06:38:30.071+0000] {logging_mixin.py:190} INFO - [2024-08-23T06:38:30.070+0000] {override.py:1858} INFO - Created Permission View: can read on DAG:dataset_alias_example_alias_consumer_with_no_taskflow
[2024-08-23T06:38:30.088+0000] {logging_mixin.py:190} INFO - [2024-08-23T06:38:30.087+0000] {override.py:1858} INFO - Created Permission View: can edit on DAG:dataset_alias_example_alias_producer_with_no_taskflow
[2024-08-23T06:38:30.099+0000] {logging_mixin.py:190} INFO - [2024-08-23T06:38:30.098+0000] {override.py:1858} INFO - Created Permission View: can delete on DAG:dataset_alias_example_alias_producer_with_no_taskflow
[2024-08-23T06:38:30.110+0000] {logging_mixin.py:190} INFO - [2024-08-23T06:38:30.109+0000] {override.py:1858} INFO - Created Permission View: can read on DAG:dataset_alias_example_alias_producer_with_no_taskflow
[2024-08-23T06:38:30.111+0000] {logging_mixin.py:190} INFO - [2024-08-23T06:38:30.111+0000] {dag.py:3211} INFO - Sync 4 DAGs
[2024-08-23T06:38:30.127+0000] {logging_mixin.py:190} INFO - [2024-08-23T06:38:30.127+0000] {dag.py:3234} INFO - Creating ORM DAG for dataset_s3_bucket_consumer_with_no_taskflow
[2024-08-23T06:38:30.128+0000] {logging_mixin.py:190} INFO - [2024-08-23T06:38:30.128+0000] {dag.py:3234} INFO - Creating ORM DAG for dataset_s3_bucket_producer_with_no_taskflow
[2024-08-23T06:38:30.129+0000] {logging_mixin.py:190} INFO - [2024-08-23T06:38:30.129+0000] {dag.py:3234} INFO - Creating ORM DAG for dataset_alias_example_alias_producer_with_no_taskflow
[2024-08-23T06:38:30.130+0000] {logging_mixin.py:190} INFO - [2024-08-23T06:38:30.130+0000] {dag.py:3234} INFO - Creating ORM DAG for dataset_alias_example_alias_consumer_with_no_taskflow
[2024-08-23T06:38:30.143+0000] {logging_mixin.py:190} INFO - [2024-08-23T06:38:30.143+0000] {dag.py:4138} INFO - Setting next_dagrun for dataset_alias_example_alias_consumer_with_no_taskflow to None, run_after=None
[2024-08-23T06:38:30.145+0000] {logging_mixin.py:190} INFO - [2024-08-23T06:38:30.145+0000] {dag.py:4138} INFO - Setting next_dagrun for dataset_alias_example_alias_producer_with_no_taskflow to None, run_after=None
[2024-08-23T06:38:30.146+0000] {logging_mixin.py:190} INFO - [2024-08-23T06:38:30.146+0000] {dag.py:4138} INFO - Setting next_dagrun for dataset_s3_bucket_consumer_with_no_taskflow to None, run_after=None
[2024-08-23T06:38:30.147+0000] {logging_mixin.py:190} INFO - [2024-08-23T06:38:30.146+0000] {dag.py:4138} INFO - Setting next_dagrun for dataset_s3_bucket_producer_with_no_taskflow to None, run_after=None
[2024-08-23T06:38:30.183+0000] {processor.py:208} INFO - Processing /home/airflow/.local/lib/python3.12/site-packages/airflow/example_dags/example_dataset_alias_with_no_taskflow.py took 0.957 seconds
[2024-08-23T06:39:00.667+0000] {processor.py:186} INFO - Started process (PID=133) to work on /home/airflow/.local/lib/python3.12/site-packages/airflow/example_dags/example_dataset_alias_with_no_taskflow.py
[2024-08-23T06:39:00.673+0000] {processor.py:914} INFO - Processing file /home/airflow/.local/lib/python3.12/site-packages/airflow/example_dags/example_dataset_alias_with_no_taskflow.py for tasks to queue
[2024-08-23T06:39:00.676+0000] {logging_mixin.py:190} INFO - [2024-08-23T06:39:00.675+0000] {dagbag.py:587} INFO - Filling up the DagBag from /home/airflow/.local/lib/python3.12/site-packages/airflow/example_dags/example_dataset_alias_with_no_taskflow.py
[2024-08-23T06:39:00.831+0000] {processor.py:925} INFO - DAG(s) 'dataset_alias_example_alias_producer_with_no_taskflow', 'dataset_s3_bucket_producer_with_no_taskflow', 'dataset_alias_example_alias_consumer_with_no_taskflow', 'dataset_s3_bucket_consumer_with_no_taskflow' retrieved from /home/airflow/.local/lib/python3.12/site-packages/airflow/example_dags/example_dataset_alias_with_no_taskflow.py
[2024-08-23T06:39:00.858+0000] {logging_mixin.py:190} INFO - [2024-08-23T06:39:00.858+0000] {dag.py:3211} INFO - Sync 4 DAGs
[2024-08-23T06:39:00.884+0000] {logging_mixin.py:190} INFO - [2024-08-23T06:39:00.884+0000] {dag.py:4138} INFO - Setting next_dagrun for dataset_alias_example_alias_consumer_with_no_taskflow to None, run_after=None
[2024-08-23T06:39:00.888+0000] {logging_mixin.py:190} INFO - [2024-08-23T06:39:00.888+0000] {dag.py:4138} INFO - Setting next_dagrun for dataset_alias_example_alias_producer_with_no_taskflow to None, run_after=None
[2024-08-23T06:39:00.890+0000] {logging_mixin.py:190} INFO - [2024-08-23T06:39:00.890+0000] {dag.py:4138} INFO - Setting next_dagrun for dataset_s3_bucket_consumer_with_no_taskflow to None, run_after=None
[2024-08-23T06:39:00.891+0000] {logging_mixin.py:190} INFO - [2024-08-23T06:39:00.891+0000] {dag.py:4138} INFO - Setting next_dagrun for dataset_s3_bucket_producer_with_no_taskflow to None, run_after=None
[2024-08-23T06:39:00.915+0000] {processor.py:208} INFO - Processing /home/airflow/.local/lib/python3.12/site-packages/airflow/example_dags/example_dataset_alias_with_no_taskflow.py took 0.253 seconds
[2024-08-23T06:39:31.241+0000] {processor.py:186} INFO - Started process (PID=195) to work on /home/airflow/.local/lib/python3.12/site-packages/airflow/example_dags/example_dataset_alias_with_no_taskflow.py
[2024-08-23T06:39:31.243+0000] {processor.py:914} INFO - Processing file /home/airflow/.local/lib/python3.12/site-packages/airflow/example_dags/example_dataset_alias_with_no_taskflow.py for tasks to queue
[2024-08-23T06:39:31.246+0000] {logging_mixin.py:190} INFO - [2024-08-23T06:39:31.245+0000] {dagbag.py:587} INFO - Filling up the DagBag from /home/airflow/.local/lib/python3.12/site-packages/airflow/example_dags/example_dataset_alias_with_no_taskflow.py
[2024-08-23T06:39:31.441+0000] {processor.py:925} INFO - DAG(s) 'dataset_s3_bucket_producer_with_no_taskflow', 'dataset_alias_example_alias_producer_with_no_taskflow', 'dataset_s3_bucket_consumer_with_no_taskflow', 'dataset_alias_example_alias_consumer_with_no_taskflow' retrieved from /home/airflow/.local/lib/python3.12/site-packages/airflow/example_dags/example_dataset_alias_with_no_taskflow.py
[2024-08-23T06:39:31.473+0000] {logging_mixin.py:190} INFO - [2024-08-23T06:39:31.472+0000] {dag.py:3211} INFO - Sync 4 DAGs
[2024-08-23T06:39:31.503+0000] {logging_mixin.py:190} INFO - [2024-08-23T06:39:31.503+0000] {dag.py:4138} INFO - Setting next_dagrun for dataset_alias_example_alias_consumer_with_no_taskflow to None, run_after=None
[2024-08-23T06:39:31.507+0000] {logging_mixin.py:190} INFO - [2024-08-23T06:39:31.507+0000] {dag.py:4138} INFO - Setting next_dagrun for dataset_alias_example_alias_producer_with_no_taskflow to None, run_after=None
[2024-08-23T06:39:31.509+0000] {logging_mixin.py:190} INFO - [2024-08-23T06:39:31.509+0000] {dag.py:4138} INFO - Setting next_dagrun for dataset_s3_bucket_consumer_with_no_taskflow to None, run_after=None
[2024-08-23T06:39:31.511+0000] {logging_mixin.py:190} INFO - [2024-08-23T06:39:31.511+0000] {dag.py:4138} INFO - Setting next_dagrun for dataset_s3_bucket_producer_with_no_taskflow to None, run_after=None
[2024-08-23T06:39:31.544+0000] {processor.py:208} INFO - Processing /home/airflow/.local/lib/python3.12/site-packages/airflow/example_dags/example_dataset_alias_with_no_taskflow.py took 0.309 seconds
[2024-08-23T06:40:01.632+0000] {processor.py:186} INFO - Started process (PID=257) to work on /home/airflow/.local/lib/python3.12/site-packages/airflow/example_dags/example_dataset_alias_with_no_taskflow.py
[2024-08-23T06:40:01.633+0000] {processor.py:914} INFO - Processing file /home/airflow/.local/lib/python3.12/site-packages/airflow/example_dags/example_dataset_alias_with_no_taskflow.py for tasks to queue
[2024-08-23T06:40:01.636+0000] {logging_mixin.py:190} INFO - [2024-08-23T06:40:01.635+0000] {dagbag.py:587} INFO - Filling up the DagBag from /home/airflow/.local/lib/python3.12/site-packages/airflow/example_dags/example_dataset_alias_with_no_taskflow.py
[2024-08-23T06:40:01.813+0000] {processor.py:925} INFO - DAG(s) 'dataset_alias_example_alias_producer_with_no_taskflow', 'dataset_alias_example_alias_consumer_with_no_taskflow', 'dataset_s3_bucket_consumer_with_no_taskflow', 'dataset_s3_bucket_producer_with_no_taskflow' retrieved from /home/airflow/.local/lib/python3.12/site-packages/airflow/example_dags/example_dataset_alias_with_no_taskflow.py
[2024-08-23T06:40:01.838+0000] {logging_mixin.py:190} INFO - [2024-08-23T06:40:01.837+0000] {dag.py:3211} INFO - Sync 4 DAGs
[2024-08-23T06:40:01.859+0000] {logging_mixin.py:190} INFO - [2024-08-23T06:40:01.858+0000] {dag.py:4138} INFO - Setting next_dagrun for dataset_alias_example_alias_consumer_with_no_taskflow to None, run_after=None
[2024-08-23T06:40:01.861+0000] {logging_mixin.py:190} INFO - [2024-08-23T06:40:01.861+0000] {dag.py:4138} INFO - Setting next_dagrun for dataset_alias_example_alias_producer_with_no_taskflow to None, run_after=None
[2024-08-23T06:40:01.862+0000] {logging_mixin.py:190} INFO - [2024-08-23T06:40:01.862+0000] {dag.py:4138} INFO - Setting next_dagrun for dataset_s3_bucket_consumer_with_no_taskflow to None, run_after=None
[2024-08-23T06:40:01.864+0000] {logging_mixin.py:190} INFO - [2024-08-23T06:40:01.863+0000] {dag.py:4138} INFO - Setting next_dagrun for dataset_s3_bucket_producer_with_no_taskflow to None, run_after=None
[2024-08-23T06:40:01.886+0000] {processor.py:208} INFO - Processing /home/airflow/.local/lib/python3.12/site-packages/airflow/example_dags/example_dataset_alias_with_no_taskflow.py took 0.260 seconds
[2024-08-23T06:40:32.552+0000] {processor.py:186} INFO - Started process (PID=319) to work on /home/airflow/.local/lib/python3.12/site-packages/airflow/example_dags/example_dataset_alias_with_no_taskflow.py
[2024-08-23T06:40:32.554+0000] {processor.py:914} INFO - Processing file /home/airflow/.local/lib/python3.12/site-packages/airflow/example_dags/example_dataset_alias_with_no_taskflow.py for tasks to queue
[2024-08-23T06:40:32.557+0000] {logging_mixin.py:190} INFO - [2024-08-23T06:40:32.557+0000] {dagbag.py:587} INFO - Filling up the DagBag from /home/airflow/.local/lib/python3.12/site-packages/airflow/example_dags/example_dataset_alias_with_no_taskflow.py
[2024-08-23T06:40:32.896+0000] {processor.py:925} INFO - DAG(s) 'dataset_alias_example_alias_consumer_with_no_taskflow', 'dataset_s3_bucket_consumer_with_no_taskflow', 'dataset_alias_example_alias_producer_with_no_taskflow', 'dataset_s3_bucket_producer_with_no_taskflow' retrieved from /home/airflow/.local/lib/python3.12/site-packages/airflow/example_dags/example_dataset_alias_with_no_taskflow.py
[2024-08-23T06:40:32.948+0000] {logging_mixin.py:190} INFO - [2024-08-23T06:40:32.947+0000] {dag.py:3211} INFO - Sync 4 DAGs
[2024-08-23T06:40:32.996+0000] {logging_mixin.py:190} INFO - [2024-08-23T06:40:32.996+0000] {dag.py:4138} INFO - Setting next_dagrun for dataset_alias_example_alias_consumer_with_no_taskflow to None, run_after=None
[2024-08-23T06:40:33.003+0000] {logging_mixin.py:190} INFO - [2024-08-23T06:40:33.003+0000] {dag.py:4138} INFO - Setting next_dagrun for dataset_alias_example_alias_producer_with_no_taskflow to None, run_after=None
[2024-08-23T06:40:33.006+0000] {logging_mixin.py:190} INFO - [2024-08-23T06:40:33.006+0000] {dag.py:4138} INFO - Setting next_dagrun for dataset_s3_bucket_consumer_with_no_taskflow to None, run_after=None
[2024-08-23T06:40:33.009+0000] {logging_mixin.py:190} INFO - [2024-08-23T06:40:33.008+0000] {dag.py:4138} INFO - Setting next_dagrun for dataset_s3_bucket_producer_with_no_taskflow to None, run_after=None
[2024-08-23T06:40:33.054+0000] {processor.py:208} INFO - Processing /home/airflow/.local/lib/python3.12/site-packages/airflow/example_dags/example_dataset_alias_with_no_taskflow.py took 0.512 seconds
[2024-08-23T06:41:03.185+0000] {processor.py:186} INFO - Started process (PID=381) to work on /home/airflow/.local/lib/python3.12/site-packages/airflow/example_dags/example_dataset_alias_with_no_taskflow.py
[2024-08-23T06:41:03.187+0000] {processor.py:914} INFO - Processing file /home/airflow/.local/lib/python3.12/site-packages/airflow/example_dags/example_dataset_alias_with_no_taskflow.py for tasks to queue
[2024-08-23T06:41:03.196+0000] {logging_mixin.py:190} INFO - [2024-08-23T06:41:03.195+0000] {dagbag.py:587} INFO - Filling up the DagBag from /home/airflow/.local/lib/python3.12/site-packages/airflow/example_dags/example_dataset_alias_with_no_taskflow.py
[2024-08-23T06:41:03.619+0000] {processor.py:925} INFO - DAG(s) 'dataset_s3_bucket_consumer_with_no_taskflow', 'dataset_alias_example_alias_consumer_with_no_taskflow', 'dataset_s3_bucket_producer_with_no_taskflow', 'dataset_alias_example_alias_producer_with_no_taskflow' retrieved from /home/airflow/.local/lib/python3.12/site-packages/airflow/example_dags/example_dataset_alias_with_no_taskflow.py
[2024-08-23T06:41:03.678+0000] {logging_mixin.py:190} INFO - [2024-08-23T06:41:03.677+0000] {dag.py:3211} INFO - Sync 4 DAGs
[2024-08-23T06:41:03.709+0000] {logging_mixin.py:190} INFO - [2024-08-23T06:41:03.709+0000] {dag.py:4138} INFO - Setting next_dagrun for dataset_alias_example_alias_consumer_with_no_taskflow to None, run_after=None
[2024-08-23T06:41:03.713+0000] {logging_mixin.py:190} INFO - [2024-08-23T06:41:03.712+0000] {dag.py:4138} INFO - Setting next_dagrun for dataset_alias_example_alias_producer_with_no_taskflow to None, run_after=None
[2024-08-23T06:41:03.714+0000] {logging_mixin.py:190} INFO - [2024-08-23T06:41:03.714+0000] {dag.py:4138} INFO - Setting next_dagrun for dataset_s3_bucket_consumer_with_no_taskflow to None, run_after=None
[2024-08-23T06:41:03.716+0000] {logging_mixin.py:190} INFO - [2024-08-23T06:41:03.716+0000] {dag.py:4138} INFO - Setting next_dagrun for dataset_s3_bucket_producer_with_no_taskflow to None, run_after=None
[2024-08-23T06:41:03.744+0000] {processor.py:208} INFO - Processing /home/airflow/.local/lib/python3.12/site-packages/airflow/example_dags/example_dataset_alias_with_no_taskflow.py took 0.568 seconds
[2024-08-23T06:41:33.908+0000] {processor.py:186} INFO - Started process (PID=443) to work on /home/airflow/.local/lib/python3.12/site-packages/airflow/example_dags/example_dataset_alias_with_no_taskflow.py
[2024-08-23T06:41:33.910+0000] {processor.py:914} INFO - Processing file /home/airflow/.local/lib/python3.12/site-packages/airflow/example_dags/example_dataset_alias_with_no_taskflow.py for tasks to queue
[2024-08-23T06:41:33.915+0000] {logging_mixin.py:190} INFO - [2024-08-23T06:41:33.913+0000] {dagbag.py:587} INFO - Filling up the DagBag from /home/airflow/.local/lib/python3.12/site-packages/airflow/example_dags/example_dataset_alias_with_no_taskflow.py
[2024-08-23T06:41:34.101+0000] {processor.py:925} INFO - DAG(s) 'dataset_alias_example_alias_producer_with_no_taskflow', 'dataset_alias_example_alias_consumer_with_no_taskflow', 'dataset_s3_bucket_producer_with_no_taskflow', 'dataset_s3_bucket_consumer_with_no_taskflow' retrieved from /home/airflow/.local/lib/python3.12/site-packages/airflow/example_dags/example_dataset_alias_with_no_taskflow.py
[2024-08-23T06:41:34.126+0000] {logging_mixin.py:190} INFO - [2024-08-23T06:41:34.126+0000] {dag.py:3211} INFO - Sync 4 DAGs
[2024-08-23T06:41:34.153+0000] {logging_mixin.py:190} INFO - [2024-08-23T06:41:34.153+0000] {dag.py:4138} INFO - Setting next_dagrun for dataset_alias_example_alias_consumer_with_no_taskflow to None, run_after=None
[2024-08-23T06:41:34.157+0000] {logging_mixin.py:190} INFO - [2024-08-23T06:41:34.156+0000] {dag.py:4138} INFO - Setting next_dagrun for dataset_alias_example_alias_producer_with_no_taskflow to None, run_after=None
[2024-08-23T06:41:34.159+0000] {logging_mixin.py:190} INFO - [2024-08-23T06:41:34.159+0000] {dag.py:4138} INFO - Setting next_dagrun for dataset_s3_bucket_consumer_with_no_taskflow to None, run_after=None
[2024-08-23T06:41:34.161+0000] {logging_mixin.py:190} INFO - [2024-08-23T06:41:34.161+0000] {dag.py:4138} INFO - Setting next_dagrun for dataset_s3_bucket_producer_with_no_taskflow to None, run_after=None
[2024-08-23T06:41:34.189+0000] {processor.py:208} INFO - Processing /home/airflow/.local/lib/python3.12/site-packages/airflow/example_dags/example_dataset_alias_with_no_taskflow.py took 0.290 seconds
[2024-08-23T06:42:04.917+0000] {processor.py:186} INFO - Started process (PID=505) to work on /home/airflow/.local/lib/python3.12/site-packages/airflow/example_dags/example_dataset_alias_with_no_taskflow.py
[2024-08-23T06:42:04.919+0000] {processor.py:914} INFO - Processing file /home/airflow/.local/lib/python3.12/site-packages/airflow/example_dags/example_dataset_alias_with_no_taskflow.py for tasks to queue
[2024-08-23T06:42:04.923+0000] {logging_mixin.py:190} INFO - [2024-08-23T06:42:04.923+0000] {dagbag.py:587} INFO - Filling up the DagBag from /home/airflow/.local/lib/python3.12/site-packages/airflow/example_dags/example_dataset_alias_with_no_taskflow.py
[2024-08-23T06:42:05.112+0000] {processor.py:925} INFO - DAG(s) 'dataset_s3_bucket_consumer_with_no_taskflow', 'dataset_alias_example_alias_producer_with_no_taskflow', 'dataset_s3_bucket_producer_with_no_taskflow', 'dataset_alias_example_alias_consumer_with_no_taskflow' retrieved from /home/airflow/.local/lib/python3.12/site-packages/airflow/example_dags/example_dataset_alias_with_no_taskflow.py
[2024-08-23T06:42:05.138+0000] {logging_mixin.py:190} INFO - [2024-08-23T06:42:05.138+0000] {dag.py:3211} INFO - Sync 4 DAGs
[2024-08-23T06:42:05.160+0000] {logging_mixin.py:190} INFO - [2024-08-23T06:42:05.160+0000] {dag.py:4138} INFO - Setting next_dagrun for dataset_alias_example_alias_consumer_with_no_taskflow to None, run_after=None
[2024-08-23T06:42:05.163+0000] {logging_mixin.py:190} INFO - [2024-08-23T06:42:05.163+0000] {dag.py:4138} INFO - Setting next_dagrun for dataset_alias_example_alias_producer_with_no_taskflow to None, run_after=None
[2024-08-23T06:42:05.164+0000] {logging_mixin.py:190} INFO - [2024-08-23T06:42:05.164+0000] {dag.py:4138} INFO - Setting next_dagrun for dataset_s3_bucket_consumer_with_no_taskflow to None, run_after=None
[2024-08-23T06:42:05.165+0000] {logging_mixin.py:190} INFO - [2024-08-23T06:42:05.165+0000] {dag.py:4138} INFO - Setting next_dagrun for dataset_s3_bucket_producer_with_no_taskflow to None, run_after=None
[2024-08-23T06:42:05.190+0000] {processor.py:208} INFO - Processing /home/airflow/.local/lib/python3.12/site-packages/airflow/example_dags/example_dataset_alias_with_no_taskflow.py took 0.282 seconds
[2024-08-23T07:54:04.099+0000] {processor.py:186} INFO - Started process (PID=74) to work on /home/airflow/.local/lib/python3.12/site-packages/airflow/example_dags/example_dataset_alias_with_no_taskflow.py
[2024-08-23T07:54:04.101+0000] {processor.py:914} INFO - Processing file /home/airflow/.local/lib/python3.12/site-packages/airflow/example_dags/example_dataset_alias_with_no_taskflow.py for tasks to queue
[2024-08-23T07:54:04.115+0000] {logging_mixin.py:190} INFO - [2024-08-23T07:54:04.114+0000] {dagbag.py:587} INFO - Filling up the DagBag from /home/airflow/.local/lib/python3.12/site-packages/airflow/example_dags/example_dataset_alias_with_no_taskflow.py
[2024-08-23T07:54:06.148+0000] {processor.py:925} INFO - DAG(s) 'dataset_s3_bucket_consumer_with_no_taskflow', 'dataset_alias_example_alias_producer_with_no_taskflow', 'dataset_s3_bucket_producer_with_no_taskflow', 'dataset_alias_example_alias_consumer_with_no_taskflow' retrieved from /home/airflow/.local/lib/python3.12/site-packages/airflow/example_dags/example_dataset_alias_with_no_taskflow.py
[2024-08-23T07:54:06.223+0000] {logging_mixin.py:190} INFO - [2024-08-23T07:54:06.222+0000] {dag.py:3211} INFO - Sync 4 DAGs
[2024-08-23T07:54:06.321+0000] {logging_mixin.py:190} INFO - [2024-08-23T07:54:06.320+0000] {dag.py:4138} INFO - Setting next_dagrun for dataset_alias_example_alias_consumer_with_no_taskflow to None, run_after=None
[2024-08-23T07:54:06.331+0000] {logging_mixin.py:190} INFO - [2024-08-23T07:54:06.330+0000] {dag.py:4138} INFO - Setting next_dagrun for dataset_alias_example_alias_producer_with_no_taskflow to None, run_after=None
[2024-08-23T07:54:06.338+0000] {logging_mixin.py:190} INFO - [2024-08-23T07:54:06.337+0000] {dag.py:4138} INFO - Setting next_dagrun for dataset_s3_bucket_consumer_with_no_taskflow to None, run_after=None
[2024-08-23T07:54:06.342+0000] {logging_mixin.py:190} INFO - [2024-08-23T07:54:06.342+0000] {dag.py:4138} INFO - Setting next_dagrun for dataset_s3_bucket_producer_with_no_taskflow to None, run_after=None
[2024-08-23T07:54:06.414+0000] {processor.py:208} INFO - Processing /home/airflow/.local/lib/python3.12/site-packages/airflow/example_dags/example_dataset_alias_with_no_taskflow.py took 2.331 seconds
[2024-08-23T07:54:37.123+0000] {processor.py:186} INFO - Started process (PID=136) to work on /home/airflow/.local/lib/python3.12/site-packages/airflow/example_dags/example_dataset_alias_with_no_taskflow.py
[2024-08-23T07:54:37.125+0000] {processor.py:914} INFO - Processing file /home/airflow/.local/lib/python3.12/site-packages/airflow/example_dags/example_dataset_alias_with_no_taskflow.py for tasks to queue
[2024-08-23T07:54:37.128+0000] {logging_mixin.py:190} INFO - [2024-08-23T07:54:37.128+0000] {dagbag.py:587} INFO - Filling up the DagBag from /home/airflow/.local/lib/python3.12/site-packages/airflow/example_dags/example_dataset_alias_with_no_taskflow.py
[2024-08-23T07:54:37.255+0000] {processor.py:925} INFO - DAG(s) 'dataset_s3_bucket_consumer_with_no_taskflow', 'dataset_alias_example_alias_consumer_with_no_taskflow', 'dataset_alias_example_alias_producer_with_no_taskflow', 'dataset_s3_bucket_producer_with_no_taskflow' retrieved from /home/airflow/.local/lib/python3.12/site-packages/airflow/example_dags/example_dataset_alias_with_no_taskflow.py
[2024-08-23T07:54:37.276+0000] {logging_mixin.py:190} INFO - [2024-08-23T07:54:37.276+0000] {dag.py:3211} INFO - Sync 4 DAGs
[2024-08-23T07:54:37.299+0000] {logging_mixin.py:190} INFO - [2024-08-23T07:54:37.298+0000] {dag.py:4138} INFO - Setting next_dagrun for dataset_alias_example_alias_consumer_with_no_taskflow to None, run_after=None
[2024-08-23T07:54:37.301+0000] {logging_mixin.py:190} INFO - [2024-08-23T07:54:37.301+0000] {dag.py:4138} INFO - Setting next_dagrun for dataset_alias_example_alias_producer_with_no_taskflow to None, run_after=None
[2024-08-23T07:54:37.303+0000] {logging_mixin.py:190} INFO - [2024-08-23T07:54:37.303+0000] {dag.py:4138} INFO - Setting next_dagrun for dataset_s3_bucket_consumer_with_no_taskflow to None, run_after=None
[2024-08-23T07:54:37.304+0000] {logging_mixin.py:190} INFO - [2024-08-23T07:54:37.304+0000] {dag.py:4138} INFO - Setting next_dagrun for dataset_s3_bucket_producer_with_no_taskflow to None, run_after=None
[2024-08-23T07:54:37.331+0000] {processor.py:208} INFO - Processing /home/airflow/.local/lib/python3.12/site-packages/airflow/example_dags/example_dataset_alias_with_no_taskflow.py took 0.212 seconds
[2024-08-23T07:55:07.768+0000] {processor.py:186} INFO - Started process (PID=198) to work on /home/airflow/.local/lib/python3.12/site-packages/airflow/example_dags/example_dataset_alias_with_no_taskflow.py
[2024-08-23T07:55:07.770+0000] {processor.py:914} INFO - Processing file /home/airflow/.local/lib/python3.12/site-packages/airflow/example_dags/example_dataset_alias_with_no_taskflow.py for tasks to queue
[2024-08-23T07:55:07.774+0000] {logging_mixin.py:190} INFO - [2024-08-23T07:55:07.773+0000] {dagbag.py:587} INFO - Filling up the DagBag from /home/airflow/.local/lib/python3.12/site-packages/airflow/example_dags/example_dataset_alias_with_no_taskflow.py
[2024-08-23T07:55:07.966+0000] {processor.py:925} INFO - DAG(s) 'dataset_alias_example_alias_producer_with_no_taskflow', 'dataset_s3_bucket_consumer_with_no_taskflow', 'dataset_s3_bucket_producer_with_no_taskflow', 'dataset_alias_example_alias_consumer_with_no_taskflow' retrieved from /home/airflow/.local/lib/python3.12/site-packages/airflow/example_dags/example_dataset_alias_with_no_taskflow.py
[2024-08-23T07:55:07.993+0000] {logging_mixin.py:190} INFO - [2024-08-23T07:55:07.993+0000] {dag.py:3211} INFO - Sync 4 DAGs
[2024-08-23T07:55:08.031+0000] {logging_mixin.py:190} INFO - [2024-08-23T07:55:08.030+0000] {dag.py:4138} INFO - Setting next_dagrun for dataset_alias_example_alias_consumer_with_no_taskflow to None, run_after=None
[2024-08-23T07:55:08.035+0000] {logging_mixin.py:190} INFO - [2024-08-23T07:55:08.034+0000] {dag.py:4138} INFO - Setting next_dagrun for dataset_alias_example_alias_producer_with_no_taskflow to None, run_after=None
[2024-08-23T07:55:08.037+0000] {logging_mixin.py:190} INFO - [2024-08-23T07:55:08.036+0000] {dag.py:4138} INFO - Setting next_dagrun for dataset_s3_bucket_consumer_with_no_taskflow to None, run_after=None
[2024-08-23T07:55:08.038+0000] {logging_mixin.py:190} INFO - [2024-08-23T07:55:08.038+0000] {dag.py:4138} INFO - Setting next_dagrun for dataset_s3_bucket_producer_with_no_taskflow to None, run_after=None
[2024-08-23T07:55:08.078+0000] {processor.py:208} INFO - Processing /home/airflow/.local/lib/python3.12/site-packages/airflow/example_dags/example_dataset_alias_with_no_taskflow.py took 0.315 seconds
[2024-08-23T07:55:38.604+0000] {processor.py:186} INFO - Started process (PID=261) to work on /home/airflow/.local/lib/python3.12/site-packages/airflow/example_dags/example_dataset_alias_with_no_taskflow.py
[2024-08-23T07:55:38.606+0000] {processor.py:914} INFO - Processing file /home/airflow/.local/lib/python3.12/site-packages/airflow/example_dags/example_dataset_alias_with_no_taskflow.py for tasks to queue
[2024-08-23T07:55:38.609+0000] {logging_mixin.py:190} INFO - [2024-08-23T07:55:38.608+0000] {dagbag.py:587} INFO - Filling up the DagBag from /home/airflow/.local/lib/python3.12/site-packages/airflow/example_dags/example_dataset_alias_with_no_taskflow.py
[2024-08-23T07:55:38.759+0000] {processor.py:925} INFO - DAG(s) 'dataset_alias_example_alias_consumer_with_no_taskflow', 'dataset_s3_bucket_consumer_with_no_taskflow', 'dataset_s3_bucket_producer_with_no_taskflow', 'dataset_alias_example_alias_producer_with_no_taskflow' retrieved from /home/airflow/.local/lib/python3.12/site-packages/airflow/example_dags/example_dataset_alias_with_no_taskflow.py
[2024-08-23T07:55:38.788+0000] {logging_mixin.py:190} INFO - [2024-08-23T07:55:38.788+0000] {dag.py:3211} INFO - Sync 4 DAGs
[2024-08-23T07:55:38.816+0000] {logging_mixin.py:190} INFO - [2024-08-23T07:55:38.815+0000] {dag.py:4138} INFO - Setting next_dagrun for dataset_alias_example_alias_consumer_with_no_taskflow to None, run_after=None
[2024-08-23T07:55:38.822+0000] {logging_mixin.py:190} INFO - [2024-08-23T07:55:38.822+0000] {dag.py:4138} INFO - Setting next_dagrun for dataset_alias_example_alias_producer_with_no_taskflow to None, run_after=None
[2024-08-23T07:55:38.825+0000] {logging_mixin.py:190} INFO - [2024-08-23T07:55:38.824+0000] {dag.py:4138} INFO - Setting next_dagrun for dataset_s3_bucket_consumer_with_no_taskflow to None, run_after=None
[2024-08-23T07:55:38.827+0000] {logging_mixin.py:190} INFO - [2024-08-23T07:55:38.826+0000] {dag.py:4138} INFO - Setting next_dagrun for dataset_s3_bucket_producer_with_no_taskflow to None, run_after=None
[2024-08-23T07:55:38.864+0000] {processor.py:208} INFO - Processing /home/airflow/.local/lib/python3.12/site-packages/airflow/example_dags/example_dataset_alias_with_no_taskflow.py took 0.265 seconds
[2024-08-23T08:20:31.001+0000] {processor.py:186} INFO - Started process (PID=69) to work on /home/airflow/.local/lib/python3.12/site-packages/airflow/example_dags/example_dataset_alias_with_no_taskflow.py
[2024-08-23T08:20:31.002+0000] {processor.py:914} INFO - Processing file /home/airflow/.local/lib/python3.12/site-packages/airflow/example_dags/example_dataset_alias_with_no_taskflow.py for tasks to queue
[2024-08-23T08:20:31.005+0000] {logging_mixin.py:190} INFO - [2024-08-23T08:20:31.005+0000] {dagbag.py:587} INFO - Filling up the DagBag from /home/airflow/.local/lib/python3.12/site-packages/airflow/example_dags/example_dataset_alias_with_no_taskflow.py
[2024-08-23T08:20:31.533+0000] {processor.py:925} INFO - DAG(s) 'dataset_alias_example_alias_consumer_with_no_taskflow', 'dataset_s3_bucket_consumer_with_no_taskflow', 'dataset_s3_bucket_producer_with_no_taskflow', 'dataset_alias_example_alias_producer_with_no_taskflow' retrieved from /home/airflow/.local/lib/python3.12/site-packages/airflow/example_dags/example_dataset_alias_with_no_taskflow.py
[2024-08-23T08:20:31.558+0000] {logging_mixin.py:190} INFO - [2024-08-23T08:20:31.557+0000] {dag.py:3211} INFO - Sync 4 DAGs
[2024-08-23T08:20:31.582+0000] {logging_mixin.py:190} INFO - [2024-08-23T08:20:31.581+0000] {dag.py:4138} INFO - Setting next_dagrun for dataset_alias_example_alias_consumer_with_no_taskflow to None, run_after=None
[2024-08-23T08:20:31.584+0000] {logging_mixin.py:190} INFO - [2024-08-23T08:20:31.584+0000] {dag.py:4138} INFO - Setting next_dagrun for dataset_alias_example_alias_producer_with_no_taskflow to None, run_after=None
[2024-08-23T08:20:31.586+0000] {logging_mixin.py:190} INFO - [2024-08-23T08:20:31.586+0000] {dag.py:4138} INFO - Setting next_dagrun for dataset_s3_bucket_consumer_with_no_taskflow to None, run_after=None
[2024-08-23T08:20:31.587+0000] {logging_mixin.py:190} INFO - [2024-08-23T08:20:31.587+0000] {dag.py:4138} INFO - Setting next_dagrun for dataset_s3_bucket_producer_with_no_taskflow to None, run_after=None
[2024-08-23T08:20:31.610+0000] {processor.py:208} INFO - Processing /home/airflow/.local/lib/python3.12/site-packages/airflow/example_dags/example_dataset_alias_with_no_taskflow.py took 0.614 seconds
[2024-08-23T08:23:25.233+0000] {processor.py:186} INFO - Started process (PID=66) to work on /home/airflow/.local/lib/python3.12/site-packages/airflow/example_dags/example_dataset_alias_with_no_taskflow.py
[2024-08-23T08:23:25.237+0000] {processor.py:914} INFO - Processing file /home/airflow/.local/lib/python3.12/site-packages/airflow/example_dags/example_dataset_alias_with_no_taskflow.py for tasks to queue
[2024-08-23T08:23:25.240+0000] {logging_mixin.py:190} INFO - [2024-08-23T08:23:25.239+0000] {dagbag.py:587} INFO - Filling up the DagBag from /home/airflow/.local/lib/python3.12/site-packages/airflow/example_dags/example_dataset_alias_with_no_taskflow.py
[2024-08-23T08:23:25.935+0000] {processor.py:925} INFO - DAG(s) 'dataset_alias_example_alias_producer_with_no_taskflow', 'dataset_s3_bucket_consumer_with_no_taskflow', 'dataset_alias_example_alias_consumer_with_no_taskflow', 'dataset_s3_bucket_producer_with_no_taskflow' retrieved from /home/airflow/.local/lib/python3.12/site-packages/airflow/example_dags/example_dataset_alias_with_no_taskflow.py
[2024-08-23T08:23:25.965+0000] {logging_mixin.py:190} INFO - [2024-08-23T08:23:25.965+0000] {dag.py:3211} INFO - Sync 4 DAGs
[2024-08-23T08:23:25.990+0000] {logging_mixin.py:190} INFO - [2024-08-23T08:23:25.990+0000] {dag.py:4138} INFO - Setting next_dagrun for dataset_alias_example_alias_consumer_with_no_taskflow to None, run_after=None
[2024-08-23T08:23:25.993+0000] {logging_mixin.py:190} INFO - [2024-08-23T08:23:25.992+0000] {dag.py:4138} INFO - Setting next_dagrun for dataset_alias_example_alias_producer_with_no_taskflow to None, run_after=None
[2024-08-23T08:23:25.994+0000] {logging_mixin.py:190} INFO - [2024-08-23T08:23:25.994+0000] {dag.py:4138} INFO - Setting next_dagrun for dataset_s3_bucket_consumer_with_no_taskflow to None, run_after=None
[2024-08-23T08:23:25.996+0000] {logging_mixin.py:190} INFO - [2024-08-23T08:23:25.996+0000] {dag.py:4138} INFO - Setting next_dagrun for dataset_s3_bucket_producer_with_no_taskflow to None, run_after=None
[2024-08-23T08:23:26.023+0000] {processor.py:208} INFO - Processing /home/airflow/.local/lib/python3.12/site-packages/airflow/example_dags/example_dataset_alias_with_no_taskflow.py took 0.801 seconds
[2024-08-23T08:23:56.236+0000] {processor.py:186} INFO - Started process (PID=129) to work on /home/airflow/.local/lib/python3.12/site-packages/airflow/example_dags/example_dataset_alias_with_no_taskflow.py
[2024-08-23T08:23:56.237+0000] {processor.py:914} INFO - Processing file /home/airflow/.local/lib/python3.12/site-packages/airflow/example_dags/example_dataset_alias_with_no_taskflow.py for tasks to queue
[2024-08-23T08:23:56.239+0000] {logging_mixin.py:190} INFO - [2024-08-23T08:23:56.239+0000] {dagbag.py:587} INFO - Filling up the DagBag from /home/airflow/.local/lib/python3.12/site-packages/airflow/example_dags/example_dataset_alias_with_no_taskflow.py
[2024-08-23T08:23:56.364+0000] {processor.py:925} INFO - DAG(s) 'dataset_s3_bucket_producer_with_no_taskflow', 'dataset_alias_example_alias_consumer_with_no_taskflow', 'dataset_s3_bucket_consumer_with_no_taskflow', 'dataset_alias_example_alias_producer_with_no_taskflow' retrieved from /home/airflow/.local/lib/python3.12/site-packages/airflow/example_dags/example_dataset_alias_with_no_taskflow.py
[2024-08-23T08:23:56.381+0000] {logging_mixin.py:190} INFO - [2024-08-23T08:23:56.381+0000] {dag.py:3211} INFO - Sync 4 DAGs
[2024-08-23T08:23:56.401+0000] {logging_mixin.py:190} INFO - [2024-08-23T08:23:56.401+0000] {dag.py:4138} INFO - Setting next_dagrun for dataset_alias_example_alias_consumer_with_no_taskflow to None, run_after=None
[2024-08-23T08:23:56.404+0000] {logging_mixin.py:190} INFO - [2024-08-23T08:23:56.404+0000] {dag.py:4138} INFO - Setting next_dagrun for dataset_alias_example_alias_producer_with_no_taskflow to None, run_after=None
[2024-08-23T08:23:56.406+0000] {logging_mixin.py:190} INFO - [2024-08-23T08:23:56.406+0000] {dag.py:4138} INFO - Setting next_dagrun for dataset_s3_bucket_consumer_with_no_taskflow to None, run_after=None
[2024-08-23T08:23:56.407+0000] {logging_mixin.py:190} INFO - [2024-08-23T08:23:56.407+0000] {dag.py:4138} INFO - Setting next_dagrun for dataset_s3_bucket_producer_with_no_taskflow to None, run_after=None
[2024-08-23T08:23:56.805+0000] {processor.py:208} INFO - Processing /home/airflow/.local/lib/python3.12/site-packages/airflow/example_dags/example_dataset_alias_with_no_taskflow.py took 0.576 seconds
[2024-08-23T08:24:27.000+0000] {processor.py:186} INFO - Started process (PID=191) to work on /home/airflow/.local/lib/python3.12/site-packages/airflow/example_dags/example_dataset_alias_with_no_taskflow.py
[2024-08-23T08:24:27.001+0000] {processor.py:914} INFO - Processing file /home/airflow/.local/lib/python3.12/site-packages/airflow/example_dags/example_dataset_alias_with_no_taskflow.py for tasks to queue
[2024-08-23T08:24:27.003+0000] {logging_mixin.py:190} INFO - [2024-08-23T08:24:27.003+0000] {dagbag.py:587} INFO - Filling up the DagBag from /home/airflow/.local/lib/python3.12/site-packages/airflow/example_dags/example_dataset_alias_with_no_taskflow.py
[2024-08-23T08:24:27.132+0000] {processor.py:925} INFO - DAG(s) 'dataset_s3_bucket_producer_with_no_taskflow', 'dataset_alias_example_alias_consumer_with_no_taskflow', 'dataset_alias_example_alias_producer_with_no_taskflow', 'dataset_s3_bucket_consumer_with_no_taskflow' retrieved from /home/airflow/.local/lib/python3.12/site-packages/airflow/example_dags/example_dataset_alias_with_no_taskflow.py
[2024-08-23T08:24:27.150+0000] {logging_mixin.py:190} INFO - [2024-08-23T08:24:27.150+0000] {dag.py:3211} INFO - Sync 4 DAGs
[2024-08-23T08:24:27.170+0000] {logging_mixin.py:190} INFO - [2024-08-23T08:24:27.170+0000] {dag.py:4138} INFO - Setting next_dagrun for dataset_alias_example_alias_consumer_with_no_taskflow to None, run_after=None
[2024-08-23T08:24:27.172+0000] {logging_mixin.py:190} INFO - [2024-08-23T08:24:27.172+0000] {dag.py:4138} INFO - Setting next_dagrun for dataset_alias_example_alias_producer_with_no_taskflow to None, run_after=None
[2024-08-23T08:24:27.174+0000] {logging_mixin.py:190} INFO - [2024-08-23T08:24:27.174+0000] {dag.py:4138} INFO - Setting next_dagrun for dataset_s3_bucket_consumer_with_no_taskflow to None, run_after=None
[2024-08-23T08:24:27.175+0000] {logging_mixin.py:190} INFO - [2024-08-23T08:24:27.175+0000] {dag.py:4138} INFO - Setting next_dagrun for dataset_s3_bucket_producer_with_no_taskflow to None, run_after=None
[2024-08-23T08:24:27.194+0000] {processor.py:208} INFO - Processing /home/airflow/.local/lib/python3.12/site-packages/airflow/example_dags/example_dataset_alias_with_no_taskflow.py took 0.201 seconds
[2024-08-23T08:24:57.366+0000] {processor.py:186} INFO - Started process (PID=253) to work on /home/airflow/.local/lib/python3.12/site-packages/airflow/example_dags/example_dataset_alias_with_no_taskflow.py
[2024-08-23T08:24:57.367+0000] {processor.py:914} INFO - Processing file /home/airflow/.local/lib/python3.12/site-packages/airflow/example_dags/example_dataset_alias_with_no_taskflow.py for tasks to queue
[2024-08-23T08:24:57.369+0000] {logging_mixin.py:190} INFO - [2024-08-23T08:24:57.369+0000] {dagbag.py:587} INFO - Filling up the DagBag from /home/airflow/.local/lib/python3.12/site-packages/airflow/example_dags/example_dataset_alias_with_no_taskflow.py
[2024-08-23T08:24:57.497+0000] {processor.py:925} INFO - DAG(s) 'dataset_s3_bucket_consumer_with_no_taskflow', 'dataset_alias_example_alias_consumer_with_no_taskflow', 'dataset_alias_example_alias_producer_with_no_taskflow', 'dataset_s3_bucket_producer_with_no_taskflow' retrieved from /home/airflow/.local/lib/python3.12/site-packages/airflow/example_dags/example_dataset_alias_with_no_taskflow.py
[2024-08-23T08:24:57.515+0000] {logging_mixin.py:190} INFO - [2024-08-23T08:24:57.515+0000] {dag.py:3211} INFO - Sync 4 DAGs
[2024-08-23T08:24:57.533+0000] {logging_mixin.py:190} INFO - [2024-08-23T08:24:57.532+0000] {dag.py:4138} INFO - Setting next_dagrun for dataset_alias_example_alias_consumer_with_no_taskflow to None, run_after=None
[2024-08-23T08:24:57.535+0000] {logging_mixin.py:190} INFO - [2024-08-23T08:24:57.535+0000] {dag.py:4138} INFO - Setting next_dagrun for dataset_alias_example_alias_producer_with_no_taskflow to None, run_after=None
[2024-08-23T08:24:57.537+0000] {logging_mixin.py:190} INFO - [2024-08-23T08:24:57.537+0000] {dag.py:4138} INFO - Setting next_dagrun for dataset_s3_bucket_consumer_with_no_taskflow to None, run_after=None
[2024-08-23T08:24:57.538+0000] {logging_mixin.py:190} INFO - [2024-08-23T08:24:57.538+0000] {dag.py:4138} INFO - Setting next_dagrun for dataset_s3_bucket_producer_with_no_taskflow to None, run_after=None
[2024-08-23T08:24:57.559+0000] {processor.py:208} INFO - Processing /home/airflow/.local/lib/python3.12/site-packages/airflow/example_dags/example_dataset_alias_with_no_taskflow.py took 0.197 seconds
[2024-08-23T08:25:28.089+0000] {processor.py:186} INFO - Started process (PID=315) to work on /home/airflow/.local/lib/python3.12/site-packages/airflow/example_dags/example_dataset_alias_with_no_taskflow.py
[2024-08-23T08:25:28.091+0000] {processor.py:914} INFO - Processing file /home/airflow/.local/lib/python3.12/site-packages/airflow/example_dags/example_dataset_alias_with_no_taskflow.py for tasks to queue
[2024-08-23T08:25:28.096+0000] {logging_mixin.py:190} INFO - [2024-08-23T08:25:28.095+0000] {dagbag.py:587} INFO - Filling up the DagBag from /home/airflow/.local/lib/python3.12/site-packages/airflow/example_dags/example_dataset_alias_with_no_taskflow.py
[2024-08-23T08:25:28.498+0000] {processor.py:925} INFO - DAG(s) 'dataset_alias_example_alias_consumer_with_no_taskflow', 'dataset_s3_bucket_producer_with_no_taskflow', 'dataset_alias_example_alias_producer_with_no_taskflow', 'dataset_s3_bucket_consumer_with_no_taskflow' retrieved from /home/airflow/.local/lib/python3.12/site-packages/airflow/example_dags/example_dataset_alias_with_no_taskflow.py
[2024-08-23T08:25:28.560+0000] {logging_mixin.py:190} INFO - [2024-08-23T08:25:28.560+0000] {dag.py:3211} INFO - Sync 4 DAGs
[2024-08-23T08:25:28.604+0000] {logging_mixin.py:190} INFO - [2024-08-23T08:25:28.604+0000] {dag.py:4138} INFO - Setting next_dagrun for dataset_alias_example_alias_consumer_with_no_taskflow to None, run_after=None
[2024-08-23T08:25:28.609+0000] {logging_mixin.py:190} INFO - [2024-08-23T08:25:28.609+0000] {dag.py:4138} INFO - Setting next_dagrun for dataset_alias_example_alias_producer_with_no_taskflow to None, run_after=None
[2024-08-23T08:25:28.613+0000] {logging_mixin.py:190} INFO - [2024-08-23T08:25:28.612+0000] {dag.py:4138} INFO - Setting next_dagrun for dataset_s3_bucket_consumer_with_no_taskflow to None, run_after=None
[2024-08-23T08:25:28.615+0000] {logging_mixin.py:190} INFO - [2024-08-23T08:25:28.615+0000] {dag.py:4138} INFO - Setting next_dagrun for dataset_s3_bucket_producer_with_no_taskflow to None, run_after=None
[2024-08-23T08:25:28.657+0000] {processor.py:208} INFO - Processing /home/airflow/.local/lib/python3.12/site-packages/airflow/example_dags/example_dataset_alias_with_no_taskflow.py took 0.583 seconds
[2024-08-23T08:25:58.986+0000] {processor.py:186} INFO - Started process (PID=377) to work on /home/airflow/.local/lib/python3.12/site-packages/airflow/example_dags/example_dataset_alias_with_no_taskflow.py
[2024-08-23T08:25:58.987+0000] {processor.py:914} INFO - Processing file /home/airflow/.local/lib/python3.12/site-packages/airflow/example_dags/example_dataset_alias_with_no_taskflow.py for tasks to queue
[2024-08-23T08:25:58.990+0000] {logging_mixin.py:190} INFO - [2024-08-23T08:25:58.990+0000] {dagbag.py:587} INFO - Filling up the DagBag from /home/airflow/.local/lib/python3.12/site-packages/airflow/example_dags/example_dataset_alias_with_no_taskflow.py
[2024-08-23T08:25:59.152+0000] {processor.py:925} INFO - DAG(s) 'dataset_alias_example_alias_consumer_with_no_taskflow', 'dataset_alias_example_alias_producer_with_no_taskflow', 'dataset_s3_bucket_consumer_with_no_taskflow', 'dataset_s3_bucket_producer_with_no_taskflow' retrieved from /home/airflow/.local/lib/python3.12/site-packages/airflow/example_dags/example_dataset_alias_with_no_taskflow.py
[2024-08-23T08:25:59.175+0000] {logging_mixin.py:190} INFO - [2024-08-23T08:25:59.175+0000] {dag.py:3211} INFO - Sync 4 DAGs
[2024-08-23T08:25:59.204+0000] {logging_mixin.py:190} INFO - [2024-08-23T08:25:59.203+0000] {dag.py:4138} INFO - Setting next_dagrun for dataset_alias_example_alias_consumer_with_no_taskflow to None, run_after=None
[2024-08-23T08:25:59.207+0000] {logging_mixin.py:190} INFO - [2024-08-23T08:25:59.207+0000] {dag.py:4138} INFO - Setting next_dagrun for dataset_alias_example_alias_producer_with_no_taskflow to None, run_after=None
[2024-08-23T08:25:59.209+0000] {logging_mixin.py:190} INFO - [2024-08-23T08:25:59.208+0000] {dag.py:4138} INFO - Setting next_dagrun for dataset_s3_bucket_consumer_with_no_taskflow to None, run_after=None
[2024-08-23T08:25:59.210+0000] {logging_mixin.py:190} INFO - [2024-08-23T08:25:59.210+0000] {dag.py:4138} INFO - Setting next_dagrun for dataset_s3_bucket_producer_with_no_taskflow to None, run_after=None
[2024-08-23T08:25:59.232+0000] {processor.py:208} INFO - Processing /home/airflow/.local/lib/python3.12/site-packages/airflow/example_dags/example_dataset_alias_with_no_taskflow.py took 0.252 seconds
[2024-08-23T08:26:29.347+0000] {processor.py:186} INFO - Started process (PID=440) to work on /home/airflow/.local/lib/python3.12/site-packages/airflow/example_dags/example_dataset_alias_with_no_taskflow.py
[2024-08-23T08:26:29.348+0000] {processor.py:914} INFO - Processing file /home/airflow/.local/lib/python3.12/site-packages/airflow/example_dags/example_dataset_alias_with_no_taskflow.py for tasks to queue
[2024-08-23T08:26:29.350+0000] {logging_mixin.py:190} INFO - [2024-08-23T08:26:29.350+0000] {dagbag.py:587} INFO - Filling up the DagBag from /home/airflow/.local/lib/python3.12/site-packages/airflow/example_dags/example_dataset_alias_with_no_taskflow.py
[2024-08-23T08:26:29.466+0000] {processor.py:925} INFO - DAG(s) 'dataset_s3_bucket_producer_with_no_taskflow', 'dataset_alias_example_alias_consumer_with_no_taskflow', 'dataset_s3_bucket_consumer_with_no_taskflow', 'dataset_alias_example_alias_producer_with_no_taskflow' retrieved from /home/airflow/.local/lib/python3.12/site-packages/airflow/example_dags/example_dataset_alias_with_no_taskflow.py
[2024-08-23T08:26:29.484+0000] {logging_mixin.py:190} INFO - [2024-08-23T08:26:29.484+0000] {dag.py:3211} INFO - Sync 4 DAGs
[2024-08-23T08:26:29.505+0000] {logging_mixin.py:190} INFO - [2024-08-23T08:26:29.505+0000] {dag.py:4138} INFO - Setting next_dagrun for dataset_alias_example_alias_consumer_with_no_taskflow to None, run_after=None
[2024-08-23T08:26:29.508+0000] {logging_mixin.py:190} INFO - [2024-08-23T08:26:29.508+0000] {dag.py:4138} INFO - Setting next_dagrun for dataset_alias_example_alias_producer_with_no_taskflow to None, run_after=None
[2024-08-23T08:26:29.510+0000] {logging_mixin.py:190} INFO - [2024-08-23T08:26:29.510+0000] {dag.py:4138} INFO - Setting next_dagrun for dataset_s3_bucket_consumer_with_no_taskflow to None, run_after=None
[2024-08-23T08:26:29.512+0000] {logging_mixin.py:190} INFO - [2024-08-23T08:26:29.512+0000] {dag.py:4138} INFO - Setting next_dagrun for dataset_s3_bucket_producer_with_no_taskflow to None, run_after=None
[2024-08-23T08:26:29.536+0000] {processor.py:208} INFO - Processing /home/airflow/.local/lib/python3.12/site-packages/airflow/example_dags/example_dataset_alias_with_no_taskflow.py took 0.194 seconds
[2024-08-23T10:24:58.737+0000] {processor.py:186} INFO - Started process (PID=71) to work on /home/airflow/.local/lib/python3.12/site-packages/airflow/example_dags/example_dataset_alias_with_no_taskflow.py
[2024-08-23T10:24:58.739+0000] {processor.py:914} INFO - Processing file /home/airflow/.local/lib/python3.12/site-packages/airflow/example_dags/example_dataset_alias_with_no_taskflow.py for tasks to queue
[2024-08-23T10:24:58.748+0000] {logging_mixin.py:190} INFO - [2024-08-23T10:24:58.747+0000] {dagbag.py:587} INFO - Filling up the DagBag from /home/airflow/.local/lib/python3.12/site-packages/airflow/example_dags/example_dataset_alias_with_no_taskflow.py
[2024-08-23T10:25:01.804+0000] {processor.py:925} INFO - DAG(s) 'dataset_s3_bucket_consumer_with_no_taskflow', 'dataset_alias_example_alias_consumer_with_no_taskflow', 'dataset_s3_bucket_producer_with_no_taskflow', 'dataset_alias_example_alias_producer_with_no_taskflow' retrieved from /home/airflow/.local/lib/python3.12/site-packages/airflow/example_dags/example_dataset_alias_with_no_taskflow.py
[2024-08-23T10:25:01.919+0000] {logging_mixin.py:190} INFO - [2024-08-23T10:25:01.918+0000] {dag.py:3211} INFO - Sync 4 DAGs
[2024-08-23T10:25:02.028+0000] {logging_mixin.py:190} INFO - [2024-08-23T10:25:02.028+0000] {dag.py:4138} INFO - Setting next_dagrun for dataset_alias_example_alias_consumer_with_no_taskflow to None, run_after=None
[2024-08-23T10:25:02.050+0000] {logging_mixin.py:190} INFO - [2024-08-23T10:25:02.049+0000] {dag.py:4138} INFO - Setting next_dagrun for dataset_alias_example_alias_producer_with_no_taskflow to None, run_after=None
[2024-08-23T10:25:02.052+0000] {logging_mixin.py:190} INFO - [2024-08-23T10:25:02.052+0000] {dag.py:4138} INFO - Setting next_dagrun for dataset_s3_bucket_consumer_with_no_taskflow to None, run_after=None
[2024-08-23T10:25:02.066+0000] {logging_mixin.py:190} INFO - [2024-08-23T10:25:02.066+0000] {dag.py:4138} INFO - Setting next_dagrun for dataset_s3_bucket_producer_with_no_taskflow to None, run_after=None
[2024-08-23T10:25:02.147+0000] {processor.py:208} INFO - Processing /home/airflow/.local/lib/python3.12/site-packages/airflow/example_dags/example_dataset_alias_with_no_taskflow.py took 3.420 seconds
[2024-08-23T10:25:32.232+0000] {processor.py:186} INFO - Started process (PID=133) to work on /home/airflow/.local/lib/python3.12/site-packages/airflow/example_dags/example_dataset_alias_with_no_taskflow.py
[2024-08-23T10:25:32.234+0000] {processor.py:914} INFO - Processing file /home/airflow/.local/lib/python3.12/site-packages/airflow/example_dags/example_dataset_alias_with_no_taskflow.py for tasks to queue
[2024-08-23T10:25:32.236+0000] {logging_mixin.py:190} INFO - [2024-08-23T10:25:32.236+0000] {dagbag.py:587} INFO - Filling up the DagBag from /home/airflow/.local/lib/python3.12/site-packages/airflow/example_dags/example_dataset_alias_with_no_taskflow.py
[2024-08-23T10:25:32.389+0000] {processor.py:925} INFO - DAG(s) 'dataset_alias_example_alias_consumer_with_no_taskflow', 'dataset_s3_bucket_consumer_with_no_taskflow', 'dataset_s3_bucket_producer_with_no_taskflow', 'dataset_alias_example_alias_producer_with_no_taskflow' retrieved from /home/airflow/.local/lib/python3.12/site-packages/airflow/example_dags/example_dataset_alias_with_no_taskflow.py
[2024-08-23T10:25:32.408+0000] {logging_mixin.py:190} INFO - [2024-08-23T10:25:32.408+0000] {dag.py:3211} INFO - Sync 4 DAGs
[2024-08-23T10:25:32.434+0000] {logging_mixin.py:190} INFO - [2024-08-23T10:25:32.434+0000] {dag.py:4138} INFO - Setting next_dagrun for dataset_alias_example_alias_consumer_with_no_taskflow to None, run_after=None
[2024-08-23T10:25:32.437+0000] {logging_mixin.py:190} INFO - [2024-08-23T10:25:32.437+0000] {dag.py:4138} INFO - Setting next_dagrun for dataset_alias_example_alias_producer_with_no_taskflow to None, run_after=None
[2024-08-23T10:25:32.438+0000] {logging_mixin.py:190} INFO - [2024-08-23T10:25:32.438+0000] {dag.py:4138} INFO - Setting next_dagrun for dataset_s3_bucket_consumer_with_no_taskflow to None, run_after=None
[2024-08-23T10:25:32.440+0000] {logging_mixin.py:190} INFO - [2024-08-23T10:25:32.440+0000] {dag.py:4138} INFO - Setting next_dagrun for dataset_s3_bucket_producer_with_no_taskflow to None, run_after=None
[2024-08-23T10:25:32.464+0000] {processor.py:208} INFO - Processing /home/airflow/.local/lib/python3.12/site-packages/airflow/example_dags/example_dataset_alias_with_no_taskflow.py took 0.238 seconds
[2024-08-23T10:26:02.970+0000] {processor.py:186} INFO - Started process (PID=195) to work on /home/airflow/.local/lib/python3.12/site-packages/airflow/example_dags/example_dataset_alias_with_no_taskflow.py
[2024-08-23T10:26:02.971+0000] {processor.py:914} INFO - Processing file /home/airflow/.local/lib/python3.12/site-packages/airflow/example_dags/example_dataset_alias_with_no_taskflow.py for tasks to queue
[2024-08-23T10:26:02.973+0000] {logging_mixin.py:190} INFO - [2024-08-23T10:26:02.973+0000] {dagbag.py:587} INFO - Filling up the DagBag from /home/airflow/.local/lib/python3.12/site-packages/airflow/example_dags/example_dataset_alias_with_no_taskflow.py
[2024-08-23T10:26:03.152+0000] {processor.py:925} INFO - DAG(s) 'dataset_alias_example_alias_consumer_with_no_taskflow', 'dataset_alias_example_alias_producer_with_no_taskflow', 'dataset_s3_bucket_consumer_with_no_taskflow', 'dataset_s3_bucket_producer_with_no_taskflow' retrieved from /home/airflow/.local/lib/python3.12/site-packages/airflow/example_dags/example_dataset_alias_with_no_taskflow.py
[2024-08-23T10:26:03.174+0000] {logging_mixin.py:190} INFO - [2024-08-23T10:26:03.174+0000] {dag.py:3211} INFO - Sync 4 DAGs
[2024-08-23T10:26:03.195+0000] {logging_mixin.py:190} INFO - [2024-08-23T10:26:03.195+0000] {dag.py:4138} INFO - Setting next_dagrun for dataset_alias_example_alias_consumer_with_no_taskflow to None, run_after=None
[2024-08-23T10:26:03.198+0000] {logging_mixin.py:190} INFO - [2024-08-23T10:26:03.198+0000] {dag.py:4138} INFO - Setting next_dagrun for dataset_alias_example_alias_producer_with_no_taskflow to None, run_after=None
[2024-08-23T10:26:03.199+0000] {logging_mixin.py:190} INFO - [2024-08-23T10:26:03.199+0000] {dag.py:4138} INFO - Setting next_dagrun for dataset_s3_bucket_consumer_with_no_taskflow to None, run_after=None
[2024-08-23T10:26:03.200+0000] {logging_mixin.py:190} INFO - [2024-08-23T10:26:03.200+0000] {dag.py:4138} INFO - Setting next_dagrun for dataset_s3_bucket_producer_with_no_taskflow to None, run_after=None
[2024-08-23T10:26:03.226+0000] {processor.py:208} INFO - Processing /home/airflow/.local/lib/python3.12/site-packages/airflow/example_dags/example_dataset_alias_with_no_taskflow.py took 0.260 seconds
[2024-08-23T10:26:33.918+0000] {processor.py:186} INFO - Started process (PID=257) to work on /home/airflow/.local/lib/python3.12/site-packages/airflow/example_dags/example_dataset_alias_with_no_taskflow.py
[2024-08-23T10:26:33.919+0000] {processor.py:914} INFO - Processing file /home/airflow/.local/lib/python3.12/site-packages/airflow/example_dags/example_dataset_alias_with_no_taskflow.py for tasks to queue
[2024-08-23T10:26:33.923+0000] {logging_mixin.py:190} INFO - [2024-08-23T10:26:33.922+0000] {dagbag.py:587} INFO - Filling up the DagBag from /home/airflow/.local/lib/python3.12/site-packages/airflow/example_dags/example_dataset_alias_with_no_taskflow.py
[2024-08-23T10:26:34.066+0000] {processor.py:925} INFO - DAG(s) 'dataset_s3_bucket_producer_with_no_taskflow', 'dataset_alias_example_alias_producer_with_no_taskflow', 'dataset_alias_example_alias_consumer_with_no_taskflow', 'dataset_s3_bucket_consumer_with_no_taskflow' retrieved from /home/airflow/.local/lib/python3.12/site-packages/airflow/example_dags/example_dataset_alias_with_no_taskflow.py
[2024-08-23T10:26:34.087+0000] {logging_mixin.py:190} INFO - [2024-08-23T10:26:34.086+0000] {dag.py:3211} INFO - Sync 4 DAGs
[2024-08-23T10:26:34.110+0000] {logging_mixin.py:190} INFO - [2024-08-23T10:26:34.110+0000] {dag.py:4138} INFO - Setting next_dagrun for dataset_alias_example_alias_consumer_with_no_taskflow to None, run_after=None
[2024-08-23T10:26:34.112+0000] {logging_mixin.py:190} INFO - [2024-08-23T10:26:34.112+0000] {dag.py:4138} INFO - Setting next_dagrun for dataset_alias_example_alias_producer_with_no_taskflow to None, run_after=None
[2024-08-23T10:26:34.114+0000] {logging_mixin.py:190} INFO - [2024-08-23T10:26:34.114+0000] {dag.py:4138} INFO - Setting next_dagrun for dataset_s3_bucket_consumer_with_no_taskflow to None, run_after=None
[2024-08-23T10:26:34.115+0000] {logging_mixin.py:190} INFO - [2024-08-23T10:26:34.115+0000] {dag.py:4138} INFO - Setting next_dagrun for dataset_s3_bucket_producer_with_no_taskflow to None, run_after=None
[2024-08-23T10:26:34.145+0000] {processor.py:208} INFO - Processing /home/airflow/.local/lib/python3.12/site-packages/airflow/example_dags/example_dataset_alias_with_no_taskflow.py took 0.232 seconds
[2024-08-23T10:27:04.314+0000] {processor.py:186} INFO - Started process (PID=319) to work on /home/airflow/.local/lib/python3.12/site-packages/airflow/example_dags/example_dataset_alias_with_no_taskflow.py
[2024-08-23T10:27:04.317+0000] {processor.py:914} INFO - Processing file /home/airflow/.local/lib/python3.12/site-packages/airflow/example_dags/example_dataset_alias_with_no_taskflow.py for tasks to queue
[2024-08-23T10:27:04.323+0000] {logging_mixin.py:190} INFO - [2024-08-23T10:27:04.322+0000] {dagbag.py:587} INFO - Filling up the DagBag from /home/airflow/.local/lib/python3.12/site-packages/airflow/example_dags/example_dataset_alias_with_no_taskflow.py
[2024-08-23T10:27:04.659+0000] {processor.py:925} INFO - DAG(s) 'dataset_s3_bucket_producer_with_no_taskflow', 'dataset_s3_bucket_consumer_with_no_taskflow', 'dataset_alias_example_alias_consumer_with_no_taskflow', 'dataset_alias_example_alias_producer_with_no_taskflow' retrieved from /home/airflow/.local/lib/python3.12/site-packages/airflow/example_dags/example_dataset_alias_with_no_taskflow.py
[2024-08-23T10:27:04.725+0000] {logging_mixin.py:190} INFO - [2024-08-23T10:27:04.725+0000] {dag.py:3211} INFO - Sync 4 DAGs
[2024-08-23T10:27:04.791+0000] {logging_mixin.py:190} INFO - [2024-08-23T10:27:04.790+0000] {dag.py:4138} INFO - Setting next_dagrun for dataset_alias_example_alias_consumer_with_no_taskflow to None, run_after=None
[2024-08-23T10:27:04.800+0000] {logging_mixin.py:190} INFO - [2024-08-23T10:27:04.799+0000] {dag.py:4138} INFO - Setting next_dagrun for dataset_alias_example_alias_producer_with_no_taskflow to None, run_after=None
[2024-08-23T10:27:04.803+0000] {logging_mixin.py:190} INFO - [2024-08-23T10:27:04.803+0000] {dag.py:4138} INFO - Setting next_dagrun for dataset_s3_bucket_consumer_with_no_taskflow to None, run_after=None
[2024-08-23T10:27:04.809+0000] {logging_mixin.py:190} INFO - [2024-08-23T10:27:04.808+0000] {dag.py:4138} INFO - Setting next_dagrun for dataset_s3_bucket_producer_with_no_taskflow to None, run_after=None
[2024-08-23T10:27:04.859+0000] {processor.py:208} INFO - Processing /home/airflow/.local/lib/python3.12/site-packages/airflow/example_dags/example_dataset_alias_with_no_taskflow.py took 0.561 seconds
[2024-08-23T10:27:35.121+0000] {processor.py:186} INFO - Started process (PID=381) to work on /home/airflow/.local/lib/python3.12/site-packages/airflow/example_dags/example_dataset_alias_with_no_taskflow.py
[2024-08-23T10:27:35.123+0000] {processor.py:914} INFO - Processing file /home/airflow/.local/lib/python3.12/site-packages/airflow/example_dags/example_dataset_alias_with_no_taskflow.py for tasks to queue
[2024-08-23T10:27:35.128+0000] {logging_mixin.py:190} INFO - [2024-08-23T10:27:35.127+0000] {dagbag.py:587} INFO - Filling up the DagBag from /home/airflow/.local/lib/python3.12/site-packages/airflow/example_dags/example_dataset_alias_with_no_taskflow.py
[2024-08-23T10:27:35.433+0000] {processor.py:925} INFO - DAG(s) 'dataset_s3_bucket_producer_with_no_taskflow', 'dataset_s3_bucket_consumer_with_no_taskflow', 'dataset_alias_example_alias_consumer_with_no_taskflow', 'dataset_alias_example_alias_producer_with_no_taskflow' retrieved from /home/airflow/.local/lib/python3.12/site-packages/airflow/example_dags/example_dataset_alias_with_no_taskflow.py
[2024-08-23T10:27:35.494+0000] {logging_mixin.py:190} INFO - [2024-08-23T10:27:35.494+0000] {dag.py:3211} INFO - Sync 4 DAGs
[2024-08-23T10:27:35.550+0000] {logging_mixin.py:190} INFO - [2024-08-23T10:27:35.549+0000] {dag.py:4138} INFO - Setting next_dagrun for dataset_alias_example_alias_consumer_with_no_taskflow to None, run_after=None
[2024-08-23T10:27:35.558+0000] {logging_mixin.py:190} INFO - [2024-08-23T10:27:35.557+0000] {dag.py:4138} INFO - Setting next_dagrun for dataset_alias_example_alias_producer_with_no_taskflow to None, run_after=None
[2024-08-23T10:27:35.562+0000] {logging_mixin.py:190} INFO - [2024-08-23T10:27:35.561+0000] {dag.py:4138} INFO - Setting next_dagrun for dataset_s3_bucket_consumer_with_no_taskflow to None, run_after=None
[2024-08-23T10:27:35.565+0000] {logging_mixin.py:190} INFO - [2024-08-23T10:27:35.565+0000] {dag.py:4138} INFO - Setting next_dagrun for dataset_s3_bucket_producer_with_no_taskflow to None, run_after=None
[2024-08-23T10:27:35.613+0000] {processor.py:208} INFO - Processing /home/airflow/.local/lib/python3.12/site-packages/airflow/example_dags/example_dataset_alias_with_no_taskflow.py took 0.500 seconds
[2024-08-23T10:28:06.211+0000] {processor.py:186} INFO - Started process (PID=443) to work on /home/airflow/.local/lib/python3.12/site-packages/airflow/example_dags/example_dataset_alias_with_no_taskflow.py
[2024-08-23T10:28:06.212+0000] {processor.py:914} INFO - Processing file /home/airflow/.local/lib/python3.12/site-packages/airflow/example_dags/example_dataset_alias_with_no_taskflow.py for tasks to queue
[2024-08-23T10:28:06.215+0000] {logging_mixin.py:190} INFO - [2024-08-23T10:28:06.214+0000] {dagbag.py:587} INFO - Filling up the DagBag from /home/airflow/.local/lib/python3.12/site-packages/airflow/example_dags/example_dataset_alias_with_no_taskflow.py
[2024-08-23T10:28:06.374+0000] {processor.py:925} INFO - DAG(s) 'dataset_alias_example_alias_consumer_with_no_taskflow', 'dataset_s3_bucket_producer_with_no_taskflow', 'dataset_alias_example_alias_producer_with_no_taskflow', 'dataset_s3_bucket_consumer_with_no_taskflow' retrieved from /home/airflow/.local/lib/python3.12/site-packages/airflow/example_dags/example_dataset_alias_with_no_taskflow.py
[2024-08-23T10:28:06.400+0000] {logging_mixin.py:190} INFO - [2024-08-23T10:28:06.400+0000] {dag.py:3211} INFO - Sync 4 DAGs
[2024-08-23T10:28:06.425+0000] {logging_mixin.py:190} INFO - [2024-08-23T10:28:06.425+0000] {dag.py:4138} INFO - Setting next_dagrun for dataset_alias_example_alias_consumer_with_no_taskflow to None, run_after=None
[2024-08-23T10:28:06.429+0000] {logging_mixin.py:190} INFO - [2024-08-23T10:28:06.429+0000] {dag.py:4138} INFO - Setting next_dagrun for dataset_alias_example_alias_producer_with_no_taskflow to None, run_after=None
[2024-08-23T10:28:06.431+0000] {logging_mixin.py:190} INFO - [2024-08-23T10:28:06.431+0000] {dag.py:4138} INFO - Setting next_dagrun for dataset_s3_bucket_consumer_with_no_taskflow to None, run_after=None
[2024-08-23T10:28:06.433+0000] {logging_mixin.py:190} INFO - [2024-08-23T10:28:06.433+0000] {dag.py:4138} INFO - Setting next_dagrun for dataset_s3_bucket_producer_with_no_taskflow to None, run_after=None
[2024-08-23T10:28:06.469+0000] {processor.py:208} INFO - Processing /home/airflow/.local/lib/python3.12/site-packages/airflow/example_dags/example_dataset_alias_with_no_taskflow.py took 0.264 seconds
