[2024-08-23T06:38:33.914+0000] {processor.py:186} INFO - Started process (PID=101) to work on /home/airflow/.local/lib/python3.12/site-packages/airflow/example_dags/example_xcomargs.py
[2024-08-23T06:38:33.916+0000] {processor.py:914} INFO - Processing file /home/airflow/.local/lib/python3.12/site-packages/airflow/example_dags/example_xcomargs.py for tasks to queue
[2024-08-23T06:38:33.920+0000] {logging_mixin.py:190} INFO - [2024-08-23T06:38:33.919+0000] {dagbag.py:587} INFO - Filling up the DagBag from /home/airflow/.local/lib/python3.12/site-packages/airflow/example_dags/example_xcomargs.py
[2024-08-23T06:38:33.939+0000] {processor.py:925} INFO - DAG(s) 'example_xcom_args', 'example_xcom_args_with_operators' retrieved from /home/airflow/.local/lib/python3.12/site-packages/airflow/example_dags/example_xcomargs.py
[2024-08-23T06:38:34.146+0000] {logging_mixin.py:190} INFO - [2024-08-23T06:38:34.145+0000] {override.py:1858} INFO - Created Permission View: can edit on DAG:example_xcom_args
[2024-08-23T06:38:34.160+0000] {logging_mixin.py:190} INFO - [2024-08-23T06:38:34.160+0000] {override.py:1858} INFO - Created Permission View: can delete on DAG:example_xcom_args
[2024-08-23T06:38:34.169+0000] {logging_mixin.py:190} INFO - [2024-08-23T06:38:34.169+0000] {override.py:1858} INFO - Created Permission View: can read on DAG:example_xcom_args
[2024-08-23T06:38:34.188+0000] {logging_mixin.py:190} INFO - [2024-08-23T06:38:34.187+0000] {override.py:1858} INFO - Created Permission View: can edit on DAG:example_xcom_args_with_operators
[2024-08-23T06:38:34.197+0000] {logging_mixin.py:190} INFO - [2024-08-23T06:38:34.197+0000] {override.py:1858} INFO - Created Permission View: can delete on DAG:example_xcom_args_with_operators
[2024-08-23T06:38:34.205+0000] {logging_mixin.py:190} INFO - [2024-08-23T06:38:34.205+0000] {override.py:1858} INFO - Created Permission View: can read on DAG:example_xcom_args_with_operators
[2024-08-23T06:38:34.206+0000] {logging_mixin.py:190} INFO - [2024-08-23T06:38:34.206+0000] {dag.py:3211} INFO - Sync 2 DAGs
[2024-08-23T06:38:34.221+0000] {logging_mixin.py:190} INFO - [2024-08-23T06:38:34.220+0000] {dag.py:3234} INFO - Creating ORM DAG for example_xcom_args_with_operators
[2024-08-23T06:38:34.222+0000] {logging_mixin.py:190} INFO - [2024-08-23T06:38:34.222+0000] {dag.py:3234} INFO - Creating ORM DAG for example_xcom_args
[2024-08-23T06:38:34.223+0000] {logging_mixin.py:190} INFO - [2024-08-23T06:38:34.223+0000] {dag.py:4138} INFO - Setting next_dagrun for example_xcom_args to None, run_after=None
[2024-08-23T06:38:34.224+0000] {logging_mixin.py:190} INFO - [2024-08-23T06:38:34.224+0000] {dag.py:4138} INFO - Setting next_dagrun for example_xcom_args_with_operators to None, run_after=None
[2024-08-23T06:38:34.243+0000] {processor.py:208} INFO - Processing /home/airflow/.local/lib/python3.12/site-packages/airflow/example_dags/example_xcomargs.py took 0.339 seconds
[2024-08-23T06:39:04.393+0000] {processor.py:186} INFO - Started process (PID=163) to work on /home/airflow/.local/lib/python3.12/site-packages/airflow/example_dags/example_xcomargs.py
[2024-08-23T06:39:04.395+0000] {processor.py:914} INFO - Processing file /home/airflow/.local/lib/python3.12/site-packages/airflow/example_dags/example_xcomargs.py for tasks to queue
[2024-08-23T06:39:04.399+0000] {logging_mixin.py:190} INFO - [2024-08-23T06:39:04.399+0000] {dagbag.py:587} INFO - Filling up the DagBag from /home/airflow/.local/lib/python3.12/site-packages/airflow/example_dags/example_xcomargs.py
[2024-08-23T06:39:04.418+0000] {processor.py:925} INFO - DAG(s) 'example_xcom_args_with_operators', 'example_xcom_args' retrieved from /home/airflow/.local/lib/python3.12/site-packages/airflow/example_dags/example_xcomargs.py
[2024-08-23T06:39:04.458+0000] {logging_mixin.py:190} INFO - [2024-08-23T06:39:04.457+0000] {dag.py:3211} INFO - Sync 2 DAGs
[2024-08-23T06:39:04.484+0000] {logging_mixin.py:190} INFO - [2024-08-23T06:39:04.484+0000] {dag.py:4138} INFO - Setting next_dagrun for example_xcom_args to None, run_after=None
[2024-08-23T06:39:04.491+0000] {logging_mixin.py:190} INFO - [2024-08-23T06:39:04.491+0000] {dag.py:4138} INFO - Setting next_dagrun for example_xcom_args_with_operators to None, run_after=None
[2024-08-23T06:39:04.520+0000] {processor.py:208} INFO - Processing /home/airflow/.local/lib/python3.12/site-packages/airflow/example_dags/example_xcomargs.py took 0.137 seconds
[2024-08-23T06:39:34.581+0000] {processor.py:186} INFO - Started process (PID=225) to work on /home/airflow/.local/lib/python3.12/site-packages/airflow/example_dags/example_xcomargs.py
[2024-08-23T06:39:34.583+0000] {processor.py:914} INFO - Processing file /home/airflow/.local/lib/python3.12/site-packages/airflow/example_dags/example_xcomargs.py for tasks to queue
[2024-08-23T06:39:34.586+0000] {logging_mixin.py:190} INFO - [2024-08-23T06:39:34.585+0000] {dagbag.py:587} INFO - Filling up the DagBag from /home/airflow/.local/lib/python3.12/site-packages/airflow/example_dags/example_xcomargs.py
[2024-08-23T06:39:34.602+0000] {processor.py:925} INFO - DAG(s) 'example_xcom_args', 'example_xcom_args_with_operators' retrieved from /home/airflow/.local/lib/python3.12/site-packages/airflow/example_dags/example_xcomargs.py
[2024-08-23T06:39:34.640+0000] {logging_mixin.py:190} INFO - [2024-08-23T06:39:34.639+0000] {dag.py:3211} INFO - Sync 2 DAGs
[2024-08-23T06:39:34.664+0000] {logging_mixin.py:190} INFO - [2024-08-23T06:39:34.663+0000] {dag.py:4138} INFO - Setting next_dagrun for example_xcom_args to None, run_after=None
[2024-08-23T06:39:34.670+0000] {logging_mixin.py:190} INFO - [2024-08-23T06:39:34.669+0000] {dag.py:4138} INFO - Setting next_dagrun for example_xcom_args_with_operators to None, run_after=None
[2024-08-23T06:39:34.697+0000] {processor.py:208} INFO - Processing /home/airflow/.local/lib/python3.12/site-packages/airflow/example_dags/example_xcomargs.py took 0.125 seconds
[2024-08-23T06:40:06.281+0000] {processor.py:186} INFO - Started process (PID=287) to work on /home/airflow/.local/lib/python3.12/site-packages/airflow/example_dags/example_xcomargs.py
[2024-08-23T06:40:06.284+0000] {processor.py:914} INFO - Processing file /home/airflow/.local/lib/python3.12/site-packages/airflow/example_dags/example_xcomargs.py for tasks to queue
[2024-08-23T06:40:06.291+0000] {logging_mixin.py:190} INFO - [2024-08-23T06:40:06.290+0000] {dagbag.py:587} INFO - Filling up the DagBag from /home/airflow/.local/lib/python3.12/site-packages/airflow/example_dags/example_xcomargs.py
[2024-08-23T06:40:06.328+0000] {processor.py:925} INFO - DAG(s) 'example_xcom_args_with_operators', 'example_xcom_args' retrieved from /home/airflow/.local/lib/python3.12/site-packages/airflow/example_dags/example_xcomargs.py
[2024-08-23T06:40:06.398+0000] {logging_mixin.py:190} INFO - [2024-08-23T06:40:06.397+0000] {dag.py:3211} INFO - Sync 2 DAGs
[2024-08-23T06:40:06.447+0000] {logging_mixin.py:190} INFO - [2024-08-23T06:40:06.446+0000] {dag.py:4138} INFO - Setting next_dagrun for example_xcom_args to None, run_after=None
[2024-08-23T06:40:06.457+0000] {logging_mixin.py:190} INFO - [2024-08-23T06:40:06.456+0000] {dag.py:4138} INFO - Setting next_dagrun for example_xcom_args_with_operators to None, run_after=None
[2024-08-23T06:40:06.510+0000] {processor.py:208} INFO - Processing /home/airflow/.local/lib/python3.12/site-packages/airflow/example_dags/example_xcomargs.py took 0.249 seconds
[2024-08-23T06:40:36.613+0000] {processor.py:186} INFO - Started process (PID=349) to work on /home/airflow/.local/lib/python3.12/site-packages/airflow/example_dags/example_xcomargs.py
[2024-08-23T06:40:36.616+0000] {processor.py:914} INFO - Processing file /home/airflow/.local/lib/python3.12/site-packages/airflow/example_dags/example_xcomargs.py for tasks to queue
[2024-08-23T06:40:36.619+0000] {logging_mixin.py:190} INFO - [2024-08-23T06:40:36.619+0000] {dagbag.py:587} INFO - Filling up the DagBag from /home/airflow/.local/lib/python3.12/site-packages/airflow/example_dags/example_xcomargs.py
[2024-08-23T06:40:36.635+0000] {processor.py:925} INFO - DAG(s) 'example_xcom_args', 'example_xcom_args_with_operators' retrieved from /home/airflow/.local/lib/python3.12/site-packages/airflow/example_dags/example_xcomargs.py
[2024-08-23T06:40:36.670+0000] {logging_mixin.py:190} INFO - [2024-08-23T06:40:36.669+0000] {dag.py:3211} INFO - Sync 2 DAGs
[2024-08-23T06:40:36.690+0000] {logging_mixin.py:190} INFO - [2024-08-23T06:40:36.690+0000] {dag.py:4138} INFO - Setting next_dagrun for example_xcom_args to None, run_after=None
[2024-08-23T06:40:36.699+0000] {logging_mixin.py:190} INFO - [2024-08-23T06:40:36.699+0000] {dag.py:4138} INFO - Setting next_dagrun for example_xcom_args_with_operators to None, run_after=None
[2024-08-23T06:40:36.723+0000] {processor.py:208} INFO - Processing /home/airflow/.local/lib/python3.12/site-packages/airflow/example_dags/example_xcomargs.py took 0.118 seconds
[2024-08-23T06:41:07.516+0000] {processor.py:186} INFO - Started process (PID=411) to work on /home/airflow/.local/lib/python3.12/site-packages/airflow/example_dags/example_xcomargs.py
[2024-08-23T06:41:07.518+0000] {processor.py:914} INFO - Processing file /home/airflow/.local/lib/python3.12/site-packages/airflow/example_dags/example_xcomargs.py for tasks to queue
[2024-08-23T06:41:07.524+0000] {logging_mixin.py:190} INFO - [2024-08-23T06:41:07.524+0000] {dagbag.py:587} INFO - Filling up the DagBag from /home/airflow/.local/lib/python3.12/site-packages/airflow/example_dags/example_xcomargs.py
[2024-08-23T06:41:07.542+0000] {processor.py:925} INFO - DAG(s) 'example_xcom_args', 'example_xcom_args_with_operators' retrieved from /home/airflow/.local/lib/python3.12/site-packages/airflow/example_dags/example_xcomargs.py
[2024-08-23T06:41:07.573+0000] {logging_mixin.py:190} INFO - [2024-08-23T06:41:07.573+0000] {dag.py:3211} INFO - Sync 2 DAGs
[2024-08-23T06:41:07.595+0000] {logging_mixin.py:190} INFO - [2024-08-23T06:41:07.595+0000] {dag.py:4138} INFO - Setting next_dagrun for example_xcom_args to None, run_after=None
[2024-08-23T06:41:07.599+0000] {logging_mixin.py:190} INFO - [2024-08-23T06:41:07.599+0000] {dag.py:4138} INFO - Setting next_dagrun for example_xcom_args_with_operators to None, run_after=None
[2024-08-23T06:41:07.618+0000] {processor.py:208} INFO - Processing /home/airflow/.local/lib/python3.12/site-packages/airflow/example_dags/example_xcomargs.py took 0.116 seconds
[2024-08-23T06:41:37.832+0000] {processor.py:186} INFO - Started process (PID=473) to work on /home/airflow/.local/lib/python3.12/site-packages/airflow/example_dags/example_xcomargs.py
[2024-08-23T06:41:37.835+0000] {processor.py:914} INFO - Processing file /home/airflow/.local/lib/python3.12/site-packages/airflow/example_dags/example_xcomargs.py for tasks to queue
[2024-08-23T06:41:37.837+0000] {logging_mixin.py:190} INFO - [2024-08-23T06:41:37.837+0000] {dagbag.py:587} INFO - Filling up the DagBag from /home/airflow/.local/lib/python3.12/site-packages/airflow/example_dags/example_xcomargs.py
[2024-08-23T06:41:37.852+0000] {processor.py:925} INFO - DAG(s) 'example_xcom_args', 'example_xcom_args_with_operators' retrieved from /home/airflow/.local/lib/python3.12/site-packages/airflow/example_dags/example_xcomargs.py
[2024-08-23T06:41:37.880+0000] {logging_mixin.py:190} INFO - [2024-08-23T06:41:37.880+0000] {dag.py:3211} INFO - Sync 2 DAGs
[2024-08-23T06:41:37.901+0000] {logging_mixin.py:190} INFO - [2024-08-23T06:41:37.901+0000] {dag.py:4138} INFO - Setting next_dagrun for example_xcom_args to None, run_after=None
[2024-08-23T06:41:37.905+0000] {logging_mixin.py:190} INFO - [2024-08-23T06:41:37.905+0000] {dag.py:4138} INFO - Setting next_dagrun for example_xcom_args_with_operators to None, run_after=None
[2024-08-23T06:41:37.924+0000] {processor.py:208} INFO - Processing /home/airflow/.local/lib/python3.12/site-packages/airflow/example_dags/example_xcomargs.py took 0.102 seconds
[2024-08-23T06:42:08.074+0000] {processor.py:186} INFO - Started process (PID=535) to work on /home/airflow/.local/lib/python3.12/site-packages/airflow/example_dags/example_xcomargs.py
[2024-08-23T06:42:08.076+0000] {processor.py:914} INFO - Processing file /home/airflow/.local/lib/python3.12/site-packages/airflow/example_dags/example_xcomargs.py for tasks to queue
[2024-08-23T06:42:08.078+0000] {logging_mixin.py:190} INFO - [2024-08-23T06:42:08.078+0000] {dagbag.py:587} INFO - Filling up the DagBag from /home/airflow/.local/lib/python3.12/site-packages/airflow/example_dags/example_xcomargs.py
[2024-08-23T06:42:08.094+0000] {processor.py:925} INFO - DAG(s) 'example_xcom_args_with_operators', 'example_xcom_args' retrieved from /home/airflow/.local/lib/python3.12/site-packages/airflow/example_dags/example_xcomargs.py
[2024-08-23T06:42:08.128+0000] {logging_mixin.py:190} INFO - [2024-08-23T06:42:08.127+0000] {dag.py:3211} INFO - Sync 2 DAGs
[2024-08-23T06:42:08.144+0000] {logging_mixin.py:190} INFO - [2024-08-23T06:42:08.144+0000] {dag.py:4138} INFO - Setting next_dagrun for example_xcom_args to None, run_after=None
[2024-08-23T06:42:08.153+0000] {logging_mixin.py:190} INFO - [2024-08-23T06:42:08.149+0000] {dag.py:4138} INFO - Setting next_dagrun for example_xcom_args_with_operators to None, run_after=None
[2024-08-23T06:42:08.195+0000] {processor.py:208} INFO - Processing /home/airflow/.local/lib/python3.12/site-packages/airflow/example_dags/example_xcomargs.py took 0.128 seconds
[2024-08-23T07:54:13.448+0000] {processor.py:186} INFO - Started process (PID=104) to work on /home/airflow/.local/lib/python3.12/site-packages/airflow/example_dags/example_xcomargs.py
[2024-08-23T07:54:13.451+0000] {processor.py:914} INFO - Processing file /home/airflow/.local/lib/python3.12/site-packages/airflow/example_dags/example_xcomargs.py for tasks to queue
[2024-08-23T07:54:13.457+0000] {logging_mixin.py:190} INFO - [2024-08-23T07:54:13.456+0000] {dagbag.py:587} INFO - Filling up the DagBag from /home/airflow/.local/lib/python3.12/site-packages/airflow/example_dags/example_xcomargs.py
[2024-08-23T07:54:13.476+0000] {processor.py:925} INFO - DAG(s) 'example_xcom_args_with_operators', 'example_xcom_args' retrieved from /home/airflow/.local/lib/python3.12/site-packages/airflow/example_dags/example_xcomargs.py
[2024-08-23T07:54:13.547+0000] {logging_mixin.py:190} INFO - [2024-08-23T07:54:13.546+0000] {dag.py:3211} INFO - Sync 2 DAGs
[2024-08-23T07:54:13.585+0000] {logging_mixin.py:190} INFO - [2024-08-23T07:54:13.584+0000] {dag.py:4138} INFO - Setting next_dagrun for example_xcom_args to None, run_after=None
[2024-08-23T07:54:13.593+0000] {logging_mixin.py:190} INFO - [2024-08-23T07:54:13.593+0000] {dag.py:4138} INFO - Setting next_dagrun for example_xcom_args_with_operators to None, run_after=None
[2024-08-23T07:54:13.631+0000] {processor.py:208} INFO - Processing /home/airflow/.local/lib/python3.12/site-packages/airflow/example_dags/example_xcomargs.py took 0.197 seconds
[2024-08-23T07:54:44.940+0000] {processor.py:186} INFO - Started process (PID=166) to work on /home/airflow/.local/lib/python3.12/site-packages/airflow/example_dags/example_xcomargs.py
[2024-08-23T07:54:44.943+0000] {processor.py:914} INFO - Processing file /home/airflow/.local/lib/python3.12/site-packages/airflow/example_dags/example_xcomargs.py for tasks to queue
[2024-08-23T07:54:44.949+0000] {logging_mixin.py:190} INFO - [2024-08-23T07:54:44.948+0000] {dagbag.py:587} INFO - Filling up the DagBag from /home/airflow/.local/lib/python3.12/site-packages/airflow/example_dags/example_xcomargs.py
[2024-08-23T07:54:44.987+0000] {processor.py:925} INFO - DAG(s) 'example_xcom_args_with_operators', 'example_xcom_args' retrieved from /home/airflow/.local/lib/python3.12/site-packages/airflow/example_dags/example_xcomargs.py
[2024-08-23T07:54:45.078+0000] {logging_mixin.py:190} INFO - [2024-08-23T07:54:45.077+0000] {dag.py:3211} INFO - Sync 2 DAGs
[2024-08-23T07:54:45.120+0000] {logging_mixin.py:190} INFO - [2024-08-23T07:54:45.119+0000] {dag.py:4138} INFO - Setting next_dagrun for example_xcom_args to None, run_after=None
[2024-08-23T07:54:45.138+0000] {logging_mixin.py:190} INFO - [2024-08-23T07:54:45.137+0000] {dag.py:4138} INFO - Setting next_dagrun for example_xcom_args_with_operators to None, run_after=None
[2024-08-23T07:54:45.189+0000] {processor.py:208} INFO - Processing /home/airflow/.local/lib/python3.12/site-packages/airflow/example_dags/example_xcomargs.py took 0.262 seconds
[2024-08-23T07:55:15.438+0000] {processor.py:186} INFO - Started process (PID=228) to work on /home/airflow/.local/lib/python3.12/site-packages/airflow/example_dags/example_xcomargs.py
[2024-08-23T07:55:15.439+0000] {processor.py:914} INFO - Processing file /home/airflow/.local/lib/python3.12/site-packages/airflow/example_dags/example_xcomargs.py for tasks to queue
[2024-08-23T07:55:15.444+0000] {logging_mixin.py:190} INFO - [2024-08-23T07:55:15.443+0000] {dagbag.py:587} INFO - Filling up the DagBag from /home/airflow/.local/lib/python3.12/site-packages/airflow/example_dags/example_xcomargs.py
[2024-08-23T07:55:15.464+0000] {processor.py:925} INFO - DAG(s) 'example_xcom_args_with_operators', 'example_xcom_args' retrieved from /home/airflow/.local/lib/python3.12/site-packages/airflow/example_dags/example_xcomargs.py
[2024-08-23T07:55:15.511+0000] {logging_mixin.py:190} INFO - [2024-08-23T07:55:15.510+0000] {dag.py:3211} INFO - Sync 2 DAGs
[2024-08-23T07:55:15.546+0000] {logging_mixin.py:190} INFO - [2024-08-23T07:55:15.546+0000] {dag.py:4138} INFO - Setting next_dagrun for example_xcom_args to None, run_after=None
[2024-08-23T07:55:15.555+0000] {logging_mixin.py:190} INFO - [2024-08-23T07:55:15.554+0000] {dag.py:4138} INFO - Setting next_dagrun for example_xcom_args_with_operators to None, run_after=None
[2024-08-23T07:55:15.590+0000] {processor.py:208} INFO - Processing /home/airflow/.local/lib/python3.12/site-packages/airflow/example_dags/example_xcomargs.py took 0.165 seconds
[2024-08-23T08:20:34.309+0000] {processor.py:186} INFO - Started process (PID=99) to work on /home/airflow/.local/lib/python3.12/site-packages/airflow/example_dags/example_xcomargs.py
[2024-08-23T08:20:34.310+0000] {processor.py:914} INFO - Processing file /home/airflow/.local/lib/python3.12/site-packages/airflow/example_dags/example_xcomargs.py for tasks to queue
[2024-08-23T08:20:34.313+0000] {logging_mixin.py:190} INFO - [2024-08-23T08:20:34.312+0000] {dagbag.py:587} INFO - Filling up the DagBag from /home/airflow/.local/lib/python3.12/site-packages/airflow/example_dags/example_xcomargs.py
[2024-08-23T08:20:34.324+0000] {processor.py:925} INFO - DAG(s) 'example_xcom_args_with_operators', 'example_xcom_args' retrieved from /home/airflow/.local/lib/python3.12/site-packages/airflow/example_dags/example_xcomargs.py
[2024-08-23T08:20:34.351+0000] {logging_mixin.py:190} INFO - [2024-08-23T08:20:34.350+0000] {dag.py:3211} INFO - Sync 2 DAGs
[2024-08-23T08:20:34.371+0000] {logging_mixin.py:190} INFO - [2024-08-23T08:20:34.371+0000] {dag.py:4138} INFO - Setting next_dagrun for example_xcom_args to None, run_after=None
[2024-08-23T08:20:34.376+0000] {logging_mixin.py:190} INFO - [2024-08-23T08:20:34.376+0000] {dag.py:4138} INFO - Setting next_dagrun for example_xcom_args_with_operators to None, run_after=None
[2024-08-23T08:20:34.399+0000] {processor.py:208} INFO - Processing /home/airflow/.local/lib/python3.12/site-packages/airflow/example_dags/example_xcomargs.py took 0.096 seconds
[2024-08-23T08:23:28.358+0000] {processor.py:186} INFO - Started process (PID=96) to work on /home/airflow/.local/lib/python3.12/site-packages/airflow/example_dags/example_xcomargs.py
[2024-08-23T08:23:28.359+0000] {processor.py:914} INFO - Processing file /home/airflow/.local/lib/python3.12/site-packages/airflow/example_dags/example_xcomargs.py for tasks to queue
[2024-08-23T08:23:28.361+0000] {logging_mixin.py:190} INFO - [2024-08-23T08:23:28.361+0000] {dagbag.py:587} INFO - Filling up the DagBag from /home/airflow/.local/lib/python3.12/site-packages/airflow/example_dags/example_xcomargs.py
[2024-08-23T08:23:28.372+0000] {processor.py:925} INFO - DAG(s) 'example_xcom_args_with_operators', 'example_xcom_args' retrieved from /home/airflow/.local/lib/python3.12/site-packages/airflow/example_dags/example_xcomargs.py
[2024-08-23T08:23:28.398+0000] {logging_mixin.py:190} INFO - [2024-08-23T08:23:28.397+0000] {dag.py:3211} INFO - Sync 2 DAGs
[2024-08-23T08:23:28.415+0000] {logging_mixin.py:190} INFO - [2024-08-23T08:23:28.414+0000] {dag.py:4138} INFO - Setting next_dagrun for example_xcom_args to None, run_after=None
[2024-08-23T08:23:28.420+0000] {logging_mixin.py:190} INFO - [2024-08-23T08:23:28.420+0000] {dag.py:4138} INFO - Setting next_dagrun for example_xcom_args_with_operators to None, run_after=None
[2024-08-23T08:23:28.441+0000] {processor.py:208} INFO - Processing /home/airflow/.local/lib/python3.12/site-packages/airflow/example_dags/example_xcomargs.py took 0.089 seconds
[2024-08-23T08:23:59.263+0000] {processor.py:186} INFO - Started process (PID=159) to work on /home/airflow/.local/lib/python3.12/site-packages/airflow/example_dags/example_xcomargs.py
[2024-08-23T08:23:59.264+0000] {processor.py:914} INFO - Processing file /home/airflow/.local/lib/python3.12/site-packages/airflow/example_dags/example_xcomargs.py for tasks to queue
[2024-08-23T08:23:59.266+0000] {logging_mixin.py:190} INFO - [2024-08-23T08:23:59.266+0000] {dagbag.py:587} INFO - Filling up the DagBag from /home/airflow/.local/lib/python3.12/site-packages/airflow/example_dags/example_xcomargs.py
[2024-08-23T08:23:59.275+0000] {processor.py:925} INFO - DAG(s) 'example_xcom_args', 'example_xcom_args_with_operators' retrieved from /home/airflow/.local/lib/python3.12/site-packages/airflow/example_dags/example_xcomargs.py
[2024-08-23T08:23:59.295+0000] {logging_mixin.py:190} INFO - [2024-08-23T08:23:59.295+0000] {dag.py:3211} INFO - Sync 2 DAGs
[2024-08-23T08:23:59.307+0000] {logging_mixin.py:190} INFO - [2024-08-23T08:23:59.307+0000] {dag.py:4138} INFO - Setting next_dagrun for example_xcom_args to None, run_after=None
[2024-08-23T08:23:59.311+0000] {logging_mixin.py:190} INFO - [2024-08-23T08:23:59.311+0000] {dag.py:4138} INFO - Setting next_dagrun for example_xcom_args_with_operators to None, run_after=None
[2024-08-23T08:23:59.327+0000] {processor.py:208} INFO - Processing /home/airflow/.local/lib/python3.12/site-packages/airflow/example_dags/example_xcomargs.py took 0.069 seconds
[2024-08-23T08:24:29.902+0000] {processor.py:186} INFO - Started process (PID=221) to work on /home/airflow/.local/lib/python3.12/site-packages/airflow/example_dags/example_xcomargs.py
[2024-08-23T08:24:29.904+0000] {processor.py:914} INFO - Processing file /home/airflow/.local/lib/python3.12/site-packages/airflow/example_dags/example_xcomargs.py for tasks to queue
[2024-08-23T08:24:29.907+0000] {logging_mixin.py:190} INFO - [2024-08-23T08:24:29.907+0000] {dagbag.py:587} INFO - Filling up the DagBag from /home/airflow/.local/lib/python3.12/site-packages/airflow/example_dags/example_xcomargs.py
[2024-08-23T08:24:29.919+0000] {processor.py:925} INFO - DAG(s) 'example_xcom_args_with_operators', 'example_xcom_args' retrieved from /home/airflow/.local/lib/python3.12/site-packages/airflow/example_dags/example_xcomargs.py
[2024-08-23T08:24:29.947+0000] {logging_mixin.py:190} INFO - [2024-08-23T08:24:29.947+0000] {dag.py:3211} INFO - Sync 2 DAGs
[2024-08-23T08:24:29.964+0000] {logging_mixin.py:190} INFO - [2024-08-23T08:24:29.964+0000] {dag.py:4138} INFO - Setting next_dagrun for example_xcom_args to None, run_after=None
[2024-08-23T08:24:29.969+0000] {logging_mixin.py:190} INFO - [2024-08-23T08:24:29.969+0000] {dag.py:4138} INFO - Setting next_dagrun for example_xcom_args_with_operators to None, run_after=None
[2024-08-23T08:24:29.992+0000] {processor.py:208} INFO - Processing /home/airflow/.local/lib/python3.12/site-packages/airflow/example_dags/example_xcomargs.py took 0.096 seconds
[2024-08-23T08:25:02.582+0000] {processor.py:186} INFO - Started process (PID=283) to work on /home/airflow/.local/lib/python3.12/site-packages/airflow/example_dags/example_xcomargs.py
[2024-08-23T08:25:02.584+0000] {processor.py:914} INFO - Processing file /home/airflow/.local/lib/python3.12/site-packages/airflow/example_dags/example_xcomargs.py for tasks to queue
[2024-08-23T08:25:02.590+0000] {logging_mixin.py:190} INFO - [2024-08-23T08:25:02.589+0000] {dagbag.py:587} INFO - Filling up the DagBag from /home/airflow/.local/lib/python3.12/site-packages/airflow/example_dags/example_xcomargs.py
[2024-08-23T08:25:02.611+0000] {processor.py:925} INFO - DAG(s) 'example_xcom_args_with_operators', 'example_xcom_args' retrieved from /home/airflow/.local/lib/python3.12/site-packages/airflow/example_dags/example_xcomargs.py
[2024-08-23T08:25:02.662+0000] {logging_mixin.py:190} INFO - [2024-08-23T08:25:02.662+0000] {dag.py:3211} INFO - Sync 2 DAGs
[2024-08-23T08:25:02.695+0000] {logging_mixin.py:190} INFO - [2024-08-23T08:25:02.694+0000] {dag.py:4138} INFO - Setting next_dagrun for example_xcom_args to None, run_after=None
[2024-08-23T08:25:02.704+0000] {logging_mixin.py:190} INFO - [2024-08-23T08:25:02.703+0000] {dag.py:4138} INFO - Setting next_dagrun for example_xcom_args_with_operators to None, run_after=None
[2024-08-23T08:25:02.742+0000] {processor.py:208} INFO - Processing /home/airflow/.local/lib/python3.12/site-packages/airflow/example_dags/example_xcomargs.py took 0.175 seconds
[2024-08-23T08:25:32.884+0000] {processor.py:186} INFO - Started process (PID=345) to work on /home/airflow/.local/lib/python3.12/site-packages/airflow/example_dags/example_xcomargs.py
[2024-08-23T08:25:32.885+0000] {processor.py:914} INFO - Processing file /home/airflow/.local/lib/python3.12/site-packages/airflow/example_dags/example_xcomargs.py for tasks to queue
[2024-08-23T08:25:32.888+0000] {logging_mixin.py:190} INFO - [2024-08-23T08:25:32.888+0000] {dagbag.py:587} INFO - Filling up the DagBag from /home/airflow/.local/lib/python3.12/site-packages/airflow/example_dags/example_xcomargs.py
[2024-08-23T08:25:32.902+0000] {processor.py:925} INFO - DAG(s) 'example_xcom_args', 'example_xcom_args_with_operators' retrieved from /home/airflow/.local/lib/python3.12/site-packages/airflow/example_dags/example_xcomargs.py
[2024-08-23T08:25:32.932+0000] {logging_mixin.py:190} INFO - [2024-08-23T08:25:32.932+0000] {dag.py:3211} INFO - Sync 2 DAGs
[2024-08-23T08:25:32.952+0000] {logging_mixin.py:190} INFO - [2024-08-23T08:25:32.952+0000] {dag.py:4138} INFO - Setting next_dagrun for example_xcom_args to None, run_after=None
[2024-08-23T08:25:32.958+0000] {logging_mixin.py:190} INFO - [2024-08-23T08:25:32.958+0000] {dag.py:4138} INFO - Setting next_dagrun for example_xcom_args_with_operators to None, run_after=None
[2024-08-23T08:25:32.983+0000] {processor.py:208} INFO - Processing /home/airflow/.local/lib/python3.12/site-packages/airflow/example_dags/example_xcomargs.py took 0.109 seconds
[2024-08-23T08:26:03.840+0000] {processor.py:186} INFO - Started process (PID=407) to work on /home/airflow/.local/lib/python3.12/site-packages/airflow/example_dags/example_xcomargs.py
[2024-08-23T08:26:03.841+0000] {processor.py:914} INFO - Processing file /home/airflow/.local/lib/python3.12/site-packages/airflow/example_dags/example_xcomargs.py for tasks to queue
[2024-08-23T08:26:03.843+0000] {logging_mixin.py:190} INFO - [2024-08-23T08:26:03.843+0000] {dagbag.py:587} INFO - Filling up the DagBag from /home/airflow/.local/lib/python3.12/site-packages/airflow/example_dags/example_xcomargs.py
[2024-08-23T08:26:03.855+0000] {processor.py:925} INFO - DAG(s) 'example_xcom_args', 'example_xcom_args_with_operators' retrieved from /home/airflow/.local/lib/python3.12/site-packages/airflow/example_dags/example_xcomargs.py
[2024-08-23T08:26:03.885+0000] {logging_mixin.py:190} INFO - [2024-08-23T08:26:03.885+0000] {dag.py:3211} INFO - Sync 2 DAGs
[2024-08-23T08:26:03.903+0000] {logging_mixin.py:190} INFO - [2024-08-23T08:26:03.902+0000] {dag.py:4138} INFO - Setting next_dagrun for example_xcom_args to None, run_after=None
[2024-08-23T08:26:03.907+0000] {logging_mixin.py:190} INFO - [2024-08-23T08:26:03.907+0000] {dag.py:4138} INFO - Setting next_dagrun for example_xcom_args_with_operators to None, run_after=None
[2024-08-23T08:26:03.927+0000] {processor.py:208} INFO - Processing /home/airflow/.local/lib/python3.12/site-packages/airflow/example_dags/example_xcomargs.py took 0.092 seconds
[2024-08-23T08:26:34.188+0000] {processor.py:186} INFO - Started process (PID=469) to work on /home/airflow/.local/lib/python3.12/site-packages/airflow/example_dags/example_xcomargs.py
[2024-08-23T08:26:34.189+0000] {processor.py:914} INFO - Processing file /home/airflow/.local/lib/python3.12/site-packages/airflow/example_dags/example_xcomargs.py for tasks to queue
[2024-08-23T08:26:34.191+0000] {logging_mixin.py:190} INFO - [2024-08-23T08:26:34.191+0000] {dagbag.py:587} INFO - Filling up the DagBag from /home/airflow/.local/lib/python3.12/site-packages/airflow/example_dags/example_xcomargs.py
[2024-08-23T08:26:34.200+0000] {processor.py:925} INFO - DAG(s) 'example_xcom_args', 'example_xcom_args_with_operators' retrieved from /home/airflow/.local/lib/python3.12/site-packages/airflow/example_dags/example_xcomargs.py
[2024-08-23T08:26:34.224+0000] {logging_mixin.py:190} INFO - [2024-08-23T08:26:34.223+0000] {dag.py:3211} INFO - Sync 2 DAGs
[2024-08-23T08:26:34.239+0000] {logging_mixin.py:190} INFO - [2024-08-23T08:26:34.239+0000] {dag.py:4138} INFO - Setting next_dagrun for example_xcom_args to None, run_after=None
[2024-08-23T08:26:34.243+0000] {logging_mixin.py:190} INFO - [2024-08-23T08:26:34.243+0000] {dag.py:4138} INFO - Setting next_dagrun for example_xcom_args_with_operators to None, run_after=None
[2024-08-23T08:26:34.262+0000] {processor.py:208} INFO - Processing /home/airflow/.local/lib/python3.12/site-packages/airflow/example_dags/example_xcomargs.py took 0.078 seconds
[2024-08-23T10:25:05.837+0000] {processor.py:186} INFO - Started process (PID=101) to work on /home/airflow/.local/lib/python3.12/site-packages/airflow/example_dags/example_xcomargs.py
[2024-08-23T10:25:05.839+0000] {processor.py:914} INFO - Processing file /home/airflow/.local/lib/python3.12/site-packages/airflow/example_dags/example_xcomargs.py for tasks to queue
[2024-08-23T10:25:05.842+0000] {logging_mixin.py:190} INFO - [2024-08-23T10:25:05.842+0000] {dagbag.py:587} INFO - Filling up the DagBag from /home/airflow/.local/lib/python3.12/site-packages/airflow/example_dags/example_xcomargs.py
[2024-08-23T10:25:05.859+0000] {processor.py:925} INFO - DAG(s) 'example_xcom_args', 'example_xcom_args_with_operators' retrieved from /home/airflow/.local/lib/python3.12/site-packages/airflow/example_dags/example_xcomargs.py
[2024-08-23T10:25:05.897+0000] {logging_mixin.py:190} INFO - [2024-08-23T10:25:05.896+0000] {dag.py:3211} INFO - Sync 2 DAGs
[2024-08-23T10:25:05.920+0000] {logging_mixin.py:190} INFO - [2024-08-23T10:25:05.920+0000] {dag.py:4138} INFO - Setting next_dagrun for example_xcom_args to None, run_after=None
[2024-08-23T10:25:05.926+0000] {logging_mixin.py:190} INFO - [2024-08-23T10:25:05.926+0000] {dag.py:4138} INFO - Setting next_dagrun for example_xcom_args_with_operators to None, run_after=None
[2024-08-23T10:25:05.963+0000] {processor.py:208} INFO - Processing /home/airflow/.local/lib/python3.12/site-packages/airflow/example_dags/example_xcomargs.py took 0.135 seconds
[2024-08-23T10:25:36.274+0000] {processor.py:186} INFO - Started process (PID=163) to work on /home/airflow/.local/lib/python3.12/site-packages/airflow/example_dags/example_xcomargs.py
[2024-08-23T10:25:36.275+0000] {processor.py:914} INFO - Processing file /home/airflow/.local/lib/python3.12/site-packages/airflow/example_dags/example_xcomargs.py for tasks to queue
[2024-08-23T10:25:36.277+0000] {logging_mixin.py:190} INFO - [2024-08-23T10:25:36.277+0000] {dagbag.py:587} INFO - Filling up the DagBag from /home/airflow/.local/lib/python3.12/site-packages/airflow/example_dags/example_xcomargs.py
[2024-08-23T10:25:36.285+0000] {processor.py:925} INFO - DAG(s) 'example_xcom_args', 'example_xcom_args_with_operators' retrieved from /home/airflow/.local/lib/python3.12/site-packages/airflow/example_dags/example_xcomargs.py
[2024-08-23T10:25:36.306+0000] {logging_mixin.py:190} INFO - [2024-08-23T10:25:36.305+0000] {dag.py:3211} INFO - Sync 2 DAGs
[2024-08-23T10:25:36.324+0000] {logging_mixin.py:190} INFO - [2024-08-23T10:25:36.324+0000] {dag.py:4138} INFO - Setting next_dagrun for example_xcom_args to None, run_after=None
[2024-08-23T10:25:36.328+0000] {logging_mixin.py:190} INFO - [2024-08-23T10:25:36.328+0000] {dag.py:4138} INFO - Setting next_dagrun for example_xcom_args_with_operators to None, run_after=None
[2024-08-23T10:25:36.346+0000] {processor.py:208} INFO - Processing /home/airflow/.local/lib/python3.12/site-packages/airflow/example_dags/example_xcomargs.py took 0.076 seconds
[2024-08-23T10:26:06.980+0000] {processor.py:186} INFO - Started process (PID=225) to work on /home/airflow/.local/lib/python3.12/site-packages/airflow/example_dags/example_xcomargs.py
[2024-08-23T10:26:06.981+0000] {processor.py:914} INFO - Processing file /home/airflow/.local/lib/python3.12/site-packages/airflow/example_dags/example_xcomargs.py for tasks to queue
[2024-08-23T10:26:06.982+0000] {logging_mixin.py:190} INFO - [2024-08-23T10:26:06.982+0000] {dagbag.py:587} INFO - Filling up the DagBag from /home/airflow/.local/lib/python3.12/site-packages/airflow/example_dags/example_xcomargs.py
[2024-08-23T10:26:06.992+0000] {processor.py:925} INFO - DAG(s) 'example_xcom_args_with_operators', 'example_xcom_args' retrieved from /home/airflow/.local/lib/python3.12/site-packages/airflow/example_dags/example_xcomargs.py
[2024-08-23T10:26:07.018+0000] {logging_mixin.py:190} INFO - [2024-08-23T10:26:07.018+0000] {dag.py:3211} INFO - Sync 2 DAGs
[2024-08-23T10:26:07.032+0000] {logging_mixin.py:190} INFO - [2024-08-23T10:26:07.032+0000] {dag.py:4138} INFO - Setting next_dagrun for example_xcom_args to None, run_after=None
[2024-08-23T10:26:07.037+0000] {logging_mixin.py:190} INFO - [2024-08-23T10:26:07.037+0000] {dag.py:4138} INFO - Setting next_dagrun for example_xcom_args_with_operators to None, run_after=None
[2024-08-23T10:26:07.054+0000] {processor.py:208} INFO - Processing /home/airflow/.local/lib/python3.12/site-packages/airflow/example_dags/example_xcomargs.py took 0.079 seconds
[2024-08-23T10:26:38.040+0000] {processor.py:186} INFO - Started process (PID=287) to work on /home/airflow/.local/lib/python3.12/site-packages/airflow/example_dags/example_xcomargs.py
[2024-08-23T10:26:38.040+0000] {processor.py:914} INFO - Processing file /home/airflow/.local/lib/python3.12/site-packages/airflow/example_dags/example_xcomargs.py for tasks to queue
[2024-08-23T10:26:38.042+0000] {logging_mixin.py:190} INFO - [2024-08-23T10:26:38.042+0000] {dagbag.py:587} INFO - Filling up the DagBag from /home/airflow/.local/lib/python3.12/site-packages/airflow/example_dags/example_xcomargs.py
[2024-08-23T10:26:38.050+0000] {processor.py:925} INFO - DAG(s) 'example_xcom_args_with_operators', 'example_xcom_args' retrieved from /home/airflow/.local/lib/python3.12/site-packages/airflow/example_dags/example_xcomargs.py
[2024-08-23T10:26:38.073+0000] {logging_mixin.py:190} INFO - [2024-08-23T10:26:38.073+0000] {dag.py:3211} INFO - Sync 2 DAGs
[2024-08-23T10:26:38.088+0000] {logging_mixin.py:190} INFO - [2024-08-23T10:26:38.088+0000] {dag.py:4138} INFO - Setting next_dagrun for example_xcom_args to None, run_after=None
[2024-08-23T10:26:38.092+0000] {logging_mixin.py:190} INFO - [2024-08-23T10:26:38.092+0000] {dag.py:4138} INFO - Setting next_dagrun for example_xcom_args_with_operators to None, run_after=None
[2024-08-23T10:26:38.111+0000] {processor.py:208} INFO - Processing /home/airflow/.local/lib/python3.12/site-packages/airflow/example_dags/example_xcomargs.py took 0.076 seconds
[2024-08-23T10:27:10.245+0000] {processor.py:186} INFO - Started process (PID=349) to work on /home/airflow/.local/lib/python3.12/site-packages/airflow/example_dags/example_xcomargs.py
[2024-08-23T10:27:10.247+0000] {processor.py:914} INFO - Processing file /home/airflow/.local/lib/python3.12/site-packages/airflow/example_dags/example_xcomargs.py for tasks to queue
[2024-08-23T10:27:10.251+0000] {logging_mixin.py:190} INFO - [2024-08-23T10:27:10.250+0000] {dagbag.py:587} INFO - Filling up the DagBag from /home/airflow/.local/lib/python3.12/site-packages/airflow/example_dags/example_xcomargs.py
[2024-08-23T10:27:10.266+0000] {processor.py:925} INFO - DAG(s) 'example_xcom_args', 'example_xcom_args_with_operators' retrieved from /home/airflow/.local/lib/python3.12/site-packages/airflow/example_dags/example_xcomargs.py
[2024-08-23T10:27:10.302+0000] {logging_mixin.py:190} INFO - [2024-08-23T10:27:10.301+0000] {dag.py:3211} INFO - Sync 2 DAGs
[2024-08-23T10:27:10.322+0000] {logging_mixin.py:190} INFO - [2024-08-23T10:27:10.322+0000] {dag.py:4138} INFO - Setting next_dagrun for example_xcom_args to None, run_after=None
[2024-08-23T10:27:10.330+0000] {logging_mixin.py:190} INFO - [2024-08-23T10:27:10.329+0000] {dag.py:4138} INFO - Setting next_dagrun for example_xcom_args_with_operators to None, run_after=None
[2024-08-23T10:27:10.363+0000] {processor.py:208} INFO - Processing /home/airflow/.local/lib/python3.12/site-packages/airflow/example_dags/example_xcomargs.py took 0.126 seconds
[2024-08-23T10:27:41.683+0000] {processor.py:186} INFO - Started process (PID=411) to work on /home/airflow/.local/lib/python3.12/site-packages/airflow/example_dags/example_xcomargs.py
[2024-08-23T10:27:41.685+0000] {processor.py:914} INFO - Processing file /home/airflow/.local/lib/python3.12/site-packages/airflow/example_dags/example_xcomargs.py for tasks to queue
[2024-08-23T10:27:41.691+0000] {logging_mixin.py:190} INFO - [2024-08-23T10:27:41.690+0000] {dagbag.py:587} INFO - Filling up the DagBag from /home/airflow/.local/lib/python3.12/site-packages/airflow/example_dags/example_xcomargs.py
[2024-08-23T10:27:41.715+0000] {processor.py:925} INFO - DAG(s) 'example_xcom_args', 'example_xcom_args_with_operators' retrieved from /home/airflow/.local/lib/python3.12/site-packages/airflow/example_dags/example_xcomargs.py
[2024-08-23T10:27:41.776+0000] {logging_mixin.py:190} INFO - [2024-08-23T10:27:41.775+0000] {dag.py:3211} INFO - Sync 2 DAGs
[2024-08-23T10:27:41.807+0000] {logging_mixin.py:190} INFO - [2024-08-23T10:27:41.806+0000] {dag.py:4138} INFO - Setting next_dagrun for example_xcom_args to None, run_after=None
[2024-08-23T10:27:41.815+0000] {logging_mixin.py:190} INFO - [2024-08-23T10:27:41.815+0000] {dag.py:4138} INFO - Setting next_dagrun for example_xcom_args_with_operators to None, run_after=None
[2024-08-23T10:27:41.853+0000] {processor.py:208} INFO - Processing /home/airflow/.local/lib/python3.12/site-packages/airflow/example_dags/example_xcomargs.py took 0.189 seconds
[2024-08-23T10:28:12.668+0000] {processor.py:186} INFO - Started process (PID=473) to work on /home/airflow/.local/lib/python3.12/site-packages/airflow/example_dags/example_xcomargs.py
[2024-08-23T10:28:12.673+0000] {processor.py:914} INFO - Processing file /home/airflow/.local/lib/python3.12/site-packages/airflow/example_dags/example_xcomargs.py for tasks to queue
[2024-08-23T10:28:12.688+0000] {logging_mixin.py:190} INFO - [2024-08-23T10:28:12.687+0000] {dagbag.py:587} INFO - Filling up the DagBag from /home/airflow/.local/lib/python3.12/site-packages/airflow/example_dags/example_xcomargs.py
[2024-08-23T10:28:12.742+0000] {processor.py:925} INFO - DAG(s) 'example_xcom_args', 'example_xcom_args_with_operators' retrieved from /home/airflow/.local/lib/python3.12/site-packages/airflow/example_dags/example_xcomargs.py
[2024-08-23T10:28:12.852+0000] {logging_mixin.py:190} INFO - [2024-08-23T10:28:12.852+0000] {dag.py:3211} INFO - Sync 2 DAGs
[2024-08-23T10:28:15.167+0000] {logging_mixin.py:190} INFO - [2024-08-23T10:28:15.166+0000] {process_utils.py:266} INFO - Waiting up to 5 seconds for processes to exit...
