[2024-08-23T06:38:36.925+0000] {processor.py:186} INFO - Started process (PID=118) to work on /home/airflow/.local/lib/python3.12/site-packages/airflow/example_dags/example_sensor_decorator.py
[2024-08-23T06:38:36.926+0000] {processor.py:914} INFO - Processing file /home/airflow/.local/lib/python3.12/site-packages/airflow/example_dags/example_sensor_decorator.py for tasks to queue
[2024-08-23T06:38:36.928+0000] {logging_mixin.py:190} INFO - [2024-08-23T06:38:36.928+0000] {dagbag.py:587} INFO - Filling up the DagBag from /home/airflow/.local/lib/python3.12/site-packages/airflow/example_dags/example_sensor_decorator.py
[2024-08-23T06:38:36.939+0000] {processor.py:925} INFO - DAG(s) 'example_sensor_decorator' retrieved from /home/airflow/.local/lib/python3.12/site-packages/airflow/example_dags/example_sensor_decorator.py
[2024-08-23T06:38:37.043+0000] {logging_mixin.py:190} INFO - [2024-08-23T06:38:37.043+0000] {override.py:1858} INFO - Created Permission View: can edit on DAG:example_sensor_decorator
[2024-08-23T06:38:37.054+0000] {logging_mixin.py:190} INFO - [2024-08-23T06:38:37.054+0000] {override.py:1858} INFO - Created Permission View: can delete on DAG:example_sensor_decorator
[2024-08-23T06:38:37.062+0000] {logging_mixin.py:190} INFO - [2024-08-23T06:38:37.061+0000] {override.py:1858} INFO - Created Permission View: can read on DAG:example_sensor_decorator
[2024-08-23T06:38:37.063+0000] {logging_mixin.py:190} INFO - [2024-08-23T06:38:37.062+0000] {dag.py:3211} INFO - Sync 1 DAGs
[2024-08-23T06:38:37.080+0000] {logging_mixin.py:190} INFO - [2024-08-23T06:38:37.080+0000] {dag.py:3234} INFO - Creating ORM DAG for example_sensor_decorator
[2024-08-23T06:38:37.081+0000] {logging_mixin.py:190} INFO - [2024-08-23T06:38:37.081+0000] {dag.py:4138} INFO - Setting next_dagrun for example_sensor_decorator to None, run_after=None
[2024-08-23T06:38:37.103+0000] {processor.py:208} INFO - Processing /home/airflow/.local/lib/python3.12/site-packages/airflow/example_dags/example_sensor_decorator.py took 0.185 seconds
[2024-08-23T06:39:07.460+0000] {processor.py:186} INFO - Started process (PID=180) to work on /home/airflow/.local/lib/python3.12/site-packages/airflow/example_dags/example_sensor_decorator.py
[2024-08-23T06:39:07.462+0000] {processor.py:914} INFO - Processing file /home/airflow/.local/lib/python3.12/site-packages/airflow/example_dags/example_sensor_decorator.py for tasks to queue
[2024-08-23T06:39:07.465+0000] {logging_mixin.py:190} INFO - [2024-08-23T06:39:07.464+0000] {dagbag.py:587} INFO - Filling up the DagBag from /home/airflow/.local/lib/python3.12/site-packages/airflow/example_dags/example_sensor_decorator.py
[2024-08-23T06:39:07.474+0000] {processor.py:925} INFO - DAG(s) 'example_sensor_decorator' retrieved from /home/airflow/.local/lib/python3.12/site-packages/airflow/example_dags/example_sensor_decorator.py
[2024-08-23T06:39:07.498+0000] {logging_mixin.py:190} INFO - [2024-08-23T06:39:07.497+0000] {dag.py:3211} INFO - Sync 1 DAGs
[2024-08-23T06:39:07.516+0000] {logging_mixin.py:190} INFO - [2024-08-23T06:39:07.516+0000] {dag.py:4138} INFO - Setting next_dagrun for example_sensor_decorator to None, run_after=None
[2024-08-23T06:39:07.538+0000] {processor.py:208} INFO - Processing /home/airflow/.local/lib/python3.12/site-packages/airflow/example_dags/example_sensor_decorator.py took 0.085 seconds
[2024-08-23T06:39:37.911+0000] {processor.py:186} INFO - Started process (PID=242) to work on /home/airflow/.local/lib/python3.12/site-packages/airflow/example_dags/example_sensor_decorator.py
[2024-08-23T06:39:37.912+0000] {processor.py:914} INFO - Processing file /home/airflow/.local/lib/python3.12/site-packages/airflow/example_dags/example_sensor_decorator.py for tasks to queue
[2024-08-23T06:39:37.914+0000] {logging_mixin.py:190} INFO - [2024-08-23T06:39:37.914+0000] {dagbag.py:587} INFO - Filling up the DagBag from /home/airflow/.local/lib/python3.12/site-packages/airflow/example_dags/example_sensor_decorator.py
[2024-08-23T06:39:37.922+0000] {processor.py:925} INFO - DAG(s) 'example_sensor_decorator' retrieved from /home/airflow/.local/lib/python3.12/site-packages/airflow/example_dags/example_sensor_decorator.py
[2024-08-23T06:39:37.944+0000] {logging_mixin.py:190} INFO - [2024-08-23T06:39:37.944+0000] {dag.py:3211} INFO - Sync 1 DAGs
[2024-08-23T06:39:37.962+0000] {logging_mixin.py:190} INFO - [2024-08-23T06:39:37.961+0000] {dag.py:4138} INFO - Setting next_dagrun for example_sensor_decorator to None, run_after=None
[2024-08-23T06:39:37.984+0000] {processor.py:208} INFO - Processing /home/airflow/.local/lib/python3.12/site-packages/airflow/example_dags/example_sensor_decorator.py took 0.080 seconds
[2024-08-23T06:40:09.362+0000] {processor.py:186} INFO - Started process (PID=304) to work on /home/airflow/.local/lib/python3.12/site-packages/airflow/example_dags/example_sensor_decorator.py
[2024-08-23T06:40:09.364+0000] {processor.py:914} INFO - Processing file /home/airflow/.local/lib/python3.12/site-packages/airflow/example_dags/example_sensor_decorator.py for tasks to queue
[2024-08-23T06:40:09.369+0000] {logging_mixin.py:190} INFO - [2024-08-23T06:40:09.368+0000] {dagbag.py:587} INFO - Filling up the DagBag from /home/airflow/.local/lib/python3.12/site-packages/airflow/example_dags/example_sensor_decorator.py
[2024-08-23T06:40:09.390+0000] {processor.py:925} INFO - DAG(s) 'example_sensor_decorator' retrieved from /home/airflow/.local/lib/python3.12/site-packages/airflow/example_dags/example_sensor_decorator.py
[2024-08-23T06:40:09.444+0000] {logging_mixin.py:190} INFO - [2024-08-23T06:40:09.443+0000] {dag.py:3211} INFO - Sync 1 DAGs
[2024-08-23T06:40:09.503+0000] {logging_mixin.py:190} INFO - [2024-08-23T06:40:09.503+0000] {dag.py:4138} INFO - Setting next_dagrun for example_sensor_decorator to None, run_after=None
[2024-08-23T06:40:09.596+0000] {processor.py:208} INFO - Processing /home/airflow/.local/lib/python3.12/site-packages/airflow/example_dags/example_sensor_decorator.py took 0.250 seconds
[2024-08-23T06:40:40.066+0000] {processor.py:186} INFO - Started process (PID=366) to work on /home/airflow/.local/lib/python3.12/site-packages/airflow/example_dags/example_sensor_decorator.py
[2024-08-23T06:40:40.068+0000] {processor.py:914} INFO - Processing file /home/airflow/.local/lib/python3.12/site-packages/airflow/example_dags/example_sensor_decorator.py for tasks to queue
[2024-08-23T06:40:40.075+0000] {logging_mixin.py:190} INFO - [2024-08-23T06:40:40.074+0000] {dagbag.py:587} INFO - Filling up the DagBag from /home/airflow/.local/lib/python3.12/site-packages/airflow/example_dags/example_sensor_decorator.py
[2024-08-23T06:40:40.096+0000] {processor.py:925} INFO - DAG(s) 'example_sensor_decorator' retrieved from /home/airflow/.local/lib/python3.12/site-packages/airflow/example_dags/example_sensor_decorator.py
[2024-08-23T06:40:40.141+0000] {logging_mixin.py:190} INFO - [2024-08-23T06:40:40.140+0000] {dag.py:3211} INFO - Sync 1 DAGs
[2024-08-23T06:40:40.180+0000] {logging_mixin.py:190} INFO - [2024-08-23T06:40:40.180+0000] {dag.py:4138} INFO - Setting next_dagrun for example_sensor_decorator to None, run_after=None
[2024-08-23T06:40:40.235+0000] {processor.py:208} INFO - Processing /home/airflow/.local/lib/python3.12/site-packages/airflow/example_dags/example_sensor_decorator.py took 0.181 seconds
[2024-08-23T06:41:11.145+0000] {processor.py:186} INFO - Started process (PID=428) to work on /home/airflow/.local/lib/python3.12/site-packages/airflow/example_dags/example_sensor_decorator.py
[2024-08-23T06:41:11.146+0000] {processor.py:914} INFO - Processing file /home/airflow/.local/lib/python3.12/site-packages/airflow/example_dags/example_sensor_decorator.py for tasks to queue
[2024-08-23T06:41:11.148+0000] {logging_mixin.py:190} INFO - [2024-08-23T06:41:11.148+0000] {dagbag.py:587} INFO - Filling up the DagBag from /home/airflow/.local/lib/python3.12/site-packages/airflow/example_dags/example_sensor_decorator.py
[2024-08-23T06:41:11.162+0000] {processor.py:925} INFO - DAG(s) 'example_sensor_decorator' retrieved from /home/airflow/.local/lib/python3.12/site-packages/airflow/example_dags/example_sensor_decorator.py
[2024-08-23T06:41:11.193+0000] {logging_mixin.py:190} INFO - [2024-08-23T06:41:11.193+0000] {dag.py:3211} INFO - Sync 1 DAGs
[2024-08-23T06:41:11.211+0000] {logging_mixin.py:190} INFO - [2024-08-23T06:41:11.211+0000] {dag.py:4138} INFO - Setting next_dagrun for example_sensor_decorator to None, run_after=None
[2024-08-23T06:41:11.238+0000] {processor.py:208} INFO - Processing /home/airflow/.local/lib/python3.12/site-packages/airflow/example_dags/example_sensor_decorator.py took 0.104 seconds
[2024-08-23T06:41:42.040+0000] {processor.py:186} INFO - Started process (PID=490) to work on /home/airflow/.local/lib/python3.12/site-packages/airflow/example_dags/example_sensor_decorator.py
[2024-08-23T06:41:42.042+0000] {processor.py:914} INFO - Processing file /home/airflow/.local/lib/python3.12/site-packages/airflow/example_dags/example_sensor_decorator.py for tasks to queue
[2024-08-23T06:41:42.047+0000] {logging_mixin.py:190} INFO - [2024-08-23T06:41:42.045+0000] {dagbag.py:587} INFO - Filling up the DagBag from /home/airflow/.local/lib/python3.12/site-packages/airflow/example_dags/example_sensor_decorator.py
[2024-08-23T06:41:42.061+0000] {processor.py:925} INFO - DAG(s) 'example_sensor_decorator' retrieved from /home/airflow/.local/lib/python3.12/site-packages/airflow/example_dags/example_sensor_decorator.py
[2024-08-23T06:41:42.099+0000] {logging_mixin.py:190} INFO - [2024-08-23T06:41:42.098+0000] {dag.py:3211} INFO - Sync 1 DAGs
[2024-08-23T06:41:42.120+0000] {logging_mixin.py:190} INFO - [2024-08-23T06:41:42.120+0000] {dag.py:4138} INFO - Setting next_dagrun for example_sensor_decorator to None, run_after=None
[2024-08-23T06:41:42.160+0000] {processor.py:208} INFO - Processing /home/airflow/.local/lib/python3.12/site-packages/airflow/example_dags/example_sensor_decorator.py took 0.127 seconds
[2024-08-23T06:42:13.298+0000] {processor.py:186} INFO - Started process (PID=552) to work on /home/airflow/.local/lib/python3.12/site-packages/airflow/example_dags/example_sensor_decorator.py
[2024-08-23T06:42:13.300+0000] {processor.py:914} INFO - Processing file /home/airflow/.local/lib/python3.12/site-packages/airflow/example_dags/example_sensor_decorator.py for tasks to queue
[2024-08-23T06:42:13.306+0000] {logging_mixin.py:190} INFO - [2024-08-23T06:42:13.306+0000] {dagbag.py:587} INFO - Filling up the DagBag from /home/airflow/.local/lib/python3.12/site-packages/airflow/example_dags/example_sensor_decorator.py
[2024-08-23T06:42:13.315+0000] {processor.py:925} INFO - DAG(s) 'example_sensor_decorator' retrieved from /home/airflow/.local/lib/python3.12/site-packages/airflow/example_dags/example_sensor_decorator.py
[2024-08-23T06:42:13.341+0000] {logging_mixin.py:190} INFO - [2024-08-23T06:42:13.341+0000] {dag.py:3211} INFO - Sync 1 DAGs
[2024-08-23T06:42:13.362+0000] {logging_mixin.py:190} INFO - [2024-08-23T06:42:13.361+0000] {dag.py:4138} INFO - Setting next_dagrun for example_sensor_decorator to None, run_after=None
[2024-08-23T06:42:13.391+0000] {processor.py:208} INFO - Processing /home/airflow/.local/lib/python3.12/site-packages/airflow/example_dags/example_sensor_decorator.py took 0.100 seconds
[2024-08-23T07:54:19.918+0000] {processor.py:186} INFO - Started process (PID=121) to work on /home/airflow/.local/lib/python3.12/site-packages/airflow/example_dags/example_sensor_decorator.py
[2024-08-23T07:54:19.935+0000] {processor.py:914} INFO - Processing file /home/airflow/.local/lib/python3.12/site-packages/airflow/example_dags/example_sensor_decorator.py for tasks to queue
[2024-08-23T07:54:19.942+0000] {logging_mixin.py:190} INFO - [2024-08-23T07:54:19.941+0000] {dagbag.py:587} INFO - Filling up the DagBag from /home/airflow/.local/lib/python3.12/site-packages/airflow/example_dags/example_sensor_decorator.py
[2024-08-23T07:54:20.002+0000] {processor.py:925} INFO - DAG(s) 'example_sensor_decorator' retrieved from /home/airflow/.local/lib/python3.12/site-packages/airflow/example_dags/example_sensor_decorator.py
[2024-08-23T07:54:20.104+0000] {logging_mixin.py:190} INFO - [2024-08-23T07:54:20.103+0000] {dag.py:3211} INFO - Sync 1 DAGs
[2024-08-23T07:54:20.193+0000] {logging_mixin.py:190} INFO - [2024-08-23T07:54:20.193+0000] {dag.py:4138} INFO - Setting next_dagrun for example_sensor_decorator to None, run_after=None
[2024-08-23T07:54:20.316+0000] {processor.py:208} INFO - Processing /home/airflow/.local/lib/python3.12/site-packages/airflow/example_dags/example_sensor_decorator.py took 0.424 seconds
[2024-08-23T07:54:51.156+0000] {processor.py:186} INFO - Started process (PID=183) to work on /home/airflow/.local/lib/python3.12/site-packages/airflow/example_dags/example_sensor_decorator.py
[2024-08-23T07:54:51.157+0000] {processor.py:914} INFO - Processing file /home/airflow/.local/lib/python3.12/site-packages/airflow/example_dags/example_sensor_decorator.py for tasks to queue
[2024-08-23T07:54:51.159+0000] {logging_mixin.py:190} INFO - [2024-08-23T07:54:51.159+0000] {dagbag.py:587} INFO - Filling up the DagBag from /home/airflow/.local/lib/python3.12/site-packages/airflow/example_dags/example_sensor_decorator.py
[2024-08-23T07:54:51.167+0000] {processor.py:925} INFO - DAG(s) 'example_sensor_decorator' retrieved from /home/airflow/.local/lib/python3.12/site-packages/airflow/example_dags/example_sensor_decorator.py
[2024-08-23T07:54:51.187+0000] {logging_mixin.py:190} INFO - [2024-08-23T07:54:51.186+0000] {dag.py:3211} INFO - Sync 1 DAGs
[2024-08-23T07:54:51.199+0000] {logging_mixin.py:190} INFO - [2024-08-23T07:54:51.199+0000] {dag.py:4138} INFO - Setting next_dagrun for example_sensor_decorator to None, run_after=None
[2024-08-23T07:54:51.225+0000] {processor.py:208} INFO - Processing /home/airflow/.local/lib/python3.12/site-packages/airflow/example_dags/example_sensor_decorator.py took 0.074 seconds
[2024-08-23T07:55:21.883+0000] {processor.py:186} INFO - Started process (PID=245) to work on /home/airflow/.local/lib/python3.12/site-packages/airflow/example_dags/example_sensor_decorator.py
[2024-08-23T07:55:21.884+0000] {processor.py:914} INFO - Processing file /home/airflow/.local/lib/python3.12/site-packages/airflow/example_dags/example_sensor_decorator.py for tasks to queue
[2024-08-23T07:55:21.887+0000] {logging_mixin.py:190} INFO - [2024-08-23T07:55:21.887+0000] {dagbag.py:587} INFO - Filling up the DagBag from /home/airflow/.local/lib/python3.12/site-packages/airflow/example_dags/example_sensor_decorator.py
[2024-08-23T07:55:21.898+0000] {processor.py:925} INFO - DAG(s) 'example_sensor_decorator' retrieved from /home/airflow/.local/lib/python3.12/site-packages/airflow/example_dags/example_sensor_decorator.py
[2024-08-23T07:55:21.928+0000] {logging_mixin.py:190} INFO - [2024-08-23T07:55:21.928+0000] {dag.py:3211} INFO - Sync 1 DAGs
[2024-08-23T07:55:21.946+0000] {logging_mixin.py:190} INFO - [2024-08-23T07:55:21.946+0000] {dag.py:4138} INFO - Setting next_dagrun for example_sensor_decorator to None, run_after=None
[2024-08-23T07:55:21.972+0000] {processor.py:208} INFO - Processing /home/airflow/.local/lib/python3.12/site-packages/airflow/example_dags/example_sensor_decorator.py took 0.097 seconds
[2024-08-23T08:20:35.670+0000] {processor.py:186} INFO - Started process (PID=116) to work on /home/airflow/.local/lib/python3.12/site-packages/airflow/example_dags/example_sensor_decorator.py
[2024-08-23T08:20:35.672+0000] {processor.py:914} INFO - Processing file /home/airflow/.local/lib/python3.12/site-packages/airflow/example_dags/example_sensor_decorator.py for tasks to queue
[2024-08-23T08:20:35.675+0000] {logging_mixin.py:190} INFO - [2024-08-23T08:20:35.674+0000] {dagbag.py:587} INFO - Filling up the DagBag from /home/airflow/.local/lib/python3.12/site-packages/airflow/example_dags/example_sensor_decorator.py
[2024-08-23T08:20:35.684+0000] {processor.py:925} INFO - DAG(s) 'example_sensor_decorator' retrieved from /home/airflow/.local/lib/python3.12/site-packages/airflow/example_dags/example_sensor_decorator.py
[2024-08-23T08:20:35.707+0000] {logging_mixin.py:190} INFO - [2024-08-23T08:20:35.707+0000] {dag.py:3211} INFO - Sync 1 DAGs
[2024-08-23T08:20:35.728+0000] {logging_mixin.py:190} INFO - [2024-08-23T08:20:35.728+0000] {dag.py:4138} INFO - Setting next_dagrun for example_sensor_decorator to None, run_after=None
[2024-08-23T08:20:35.748+0000] {processor.py:208} INFO - Processing /home/airflow/.local/lib/python3.12/site-packages/airflow/example_dags/example_sensor_decorator.py took 0.085 seconds
[2024-08-23T08:23:29.653+0000] {processor.py:186} INFO - Started process (PID=113) to work on /home/airflow/.local/lib/python3.12/site-packages/airflow/example_dags/example_sensor_decorator.py
[2024-08-23T08:23:29.654+0000] {processor.py:914} INFO - Processing file /home/airflow/.local/lib/python3.12/site-packages/airflow/example_dags/example_sensor_decorator.py for tasks to queue
[2024-08-23T08:23:29.656+0000] {logging_mixin.py:190} INFO - [2024-08-23T08:23:29.656+0000] {dagbag.py:587} INFO - Filling up the DagBag from /home/airflow/.local/lib/python3.12/site-packages/airflow/example_dags/example_sensor_decorator.py
[2024-08-23T08:23:29.664+0000] {processor.py:925} INFO - DAG(s) 'example_sensor_decorator' retrieved from /home/airflow/.local/lib/python3.12/site-packages/airflow/example_dags/example_sensor_decorator.py
[2024-08-23T08:23:29.687+0000] {logging_mixin.py:190} INFO - [2024-08-23T08:23:29.687+0000] {dag.py:3211} INFO - Sync 1 DAGs
[2024-08-23T08:23:29.703+0000] {logging_mixin.py:190} INFO - [2024-08-23T08:23:29.702+0000] {dag.py:4138} INFO - Setting next_dagrun for example_sensor_decorator to None, run_after=None
[2024-08-23T08:23:29.723+0000] {processor.py:208} INFO - Processing /home/airflow/.local/lib/python3.12/site-packages/airflow/example_dags/example_sensor_decorator.py took 0.076 seconds
[2024-08-23T08:24:00.359+0000] {processor.py:186} INFO - Started process (PID=176) to work on /home/airflow/.local/lib/python3.12/site-packages/airflow/example_dags/example_sensor_decorator.py
[2024-08-23T08:24:00.360+0000] {processor.py:914} INFO - Processing file /home/airflow/.local/lib/python3.12/site-packages/airflow/example_dags/example_sensor_decorator.py for tasks to queue
[2024-08-23T08:24:00.362+0000] {logging_mixin.py:190} INFO - [2024-08-23T08:24:00.362+0000] {dagbag.py:587} INFO - Filling up the DagBag from /home/airflow/.local/lib/python3.12/site-packages/airflow/example_dags/example_sensor_decorator.py
[2024-08-23T08:24:00.369+0000] {processor.py:925} INFO - DAG(s) 'example_sensor_decorator' retrieved from /home/airflow/.local/lib/python3.12/site-packages/airflow/example_dags/example_sensor_decorator.py
[2024-08-23T08:24:00.388+0000] {logging_mixin.py:190} INFO - [2024-08-23T08:24:00.387+0000] {dag.py:3211} INFO - Sync 1 DAGs
[2024-08-23T08:24:00.400+0000] {logging_mixin.py:190} INFO - [2024-08-23T08:24:00.400+0000] {dag.py:4138} INFO - Setting next_dagrun for example_sensor_decorator to None, run_after=None
[2024-08-23T08:24:00.418+0000] {processor.py:208} INFO - Processing /home/airflow/.local/lib/python3.12/site-packages/airflow/example_dags/example_sensor_decorator.py took 0.063 seconds
[2024-08-23T08:24:31.647+0000] {processor.py:186} INFO - Started process (PID=238) to work on /home/airflow/.local/lib/python3.12/site-packages/airflow/example_dags/example_sensor_decorator.py
[2024-08-23T08:24:31.649+0000] {processor.py:914} INFO - Processing file /home/airflow/.local/lib/python3.12/site-packages/airflow/example_dags/example_sensor_decorator.py for tasks to queue
[2024-08-23T08:24:31.653+0000] {logging_mixin.py:190} INFO - [2024-08-23T08:24:31.653+0000] {dagbag.py:587} INFO - Filling up the DagBag from /home/airflow/.local/lib/python3.12/site-packages/airflow/example_dags/example_sensor_decorator.py
[2024-08-23T08:24:31.665+0000] {processor.py:925} INFO - DAG(s) 'example_sensor_decorator' retrieved from /home/airflow/.local/lib/python3.12/site-packages/airflow/example_dags/example_sensor_decorator.py
[2024-08-23T08:24:31.696+0000] {logging_mixin.py:190} INFO - [2024-08-23T08:24:31.696+0000] {dag.py:3211} INFO - Sync 1 DAGs
[2024-08-23T08:24:31.722+0000] {logging_mixin.py:190} INFO - [2024-08-23T08:24:31.722+0000] {dag.py:4138} INFO - Setting next_dagrun for example_sensor_decorator to None, run_after=None
[2024-08-23T08:24:31.755+0000] {processor.py:208} INFO - Processing /home/airflow/.local/lib/python3.12/site-packages/airflow/example_dags/example_sensor_decorator.py took 0.117 seconds
[2024-08-23T08:25:05.148+0000] {processor.py:186} INFO - Started process (PID=300) to work on /home/airflow/.local/lib/python3.12/site-packages/airflow/example_dags/example_sensor_decorator.py
[2024-08-23T08:25:05.149+0000] {processor.py:914} INFO - Processing file /home/airflow/.local/lib/python3.12/site-packages/airflow/example_dags/example_sensor_decorator.py for tasks to queue
[2024-08-23T08:25:05.155+0000] {logging_mixin.py:190} INFO - [2024-08-23T08:25:05.155+0000] {dagbag.py:587} INFO - Filling up the DagBag from /home/airflow/.local/lib/python3.12/site-packages/airflow/example_dags/example_sensor_decorator.py
[2024-08-23T08:25:05.173+0000] {processor.py:925} INFO - DAG(s) 'example_sensor_decorator' retrieved from /home/airflow/.local/lib/python3.12/site-packages/airflow/example_dags/example_sensor_decorator.py
[2024-08-23T08:25:05.206+0000] {logging_mixin.py:190} INFO - [2024-08-23T08:25:05.206+0000] {dag.py:3211} INFO - Sync 1 DAGs
[2024-08-23T08:25:05.232+0000] {logging_mixin.py:190} INFO - [2024-08-23T08:25:05.232+0000] {dag.py:4138} INFO - Setting next_dagrun for example_sensor_decorator to None, run_after=None
[2024-08-23T08:25:05.265+0000] {processor.py:208} INFO - Processing /home/airflow/.local/lib/python3.12/site-packages/airflow/example_dags/example_sensor_decorator.py took 0.128 seconds
[2024-08-23T08:25:36.010+0000] {processor.py:186} INFO - Started process (PID=362) to work on /home/airflow/.local/lib/python3.12/site-packages/airflow/example_dags/example_sensor_decorator.py
[2024-08-23T08:25:36.012+0000] {processor.py:914} INFO - Processing file /home/airflow/.local/lib/python3.12/site-packages/airflow/example_dags/example_sensor_decorator.py for tasks to queue
[2024-08-23T08:25:36.019+0000] {logging_mixin.py:190} INFO - [2024-08-23T08:25:36.018+0000] {dagbag.py:587} INFO - Filling up the DagBag from /home/airflow/.local/lib/python3.12/site-packages/airflow/example_dags/example_sensor_decorator.py
[2024-08-23T08:25:36.040+0000] {processor.py:925} INFO - DAG(s) 'example_sensor_decorator' retrieved from /home/airflow/.local/lib/python3.12/site-packages/airflow/example_dags/example_sensor_decorator.py
[2024-08-23T08:25:36.086+0000] {logging_mixin.py:190} INFO - [2024-08-23T08:25:36.086+0000] {dag.py:3211} INFO - Sync 1 DAGs
[2024-08-23T08:25:36.125+0000] {logging_mixin.py:190} INFO - [2024-08-23T08:25:36.124+0000] {dag.py:4138} INFO - Setting next_dagrun for example_sensor_decorator to None, run_after=None
[2024-08-23T08:25:36.168+0000] {processor.py:208} INFO - Processing /home/airflow/.local/lib/python3.12/site-packages/airflow/example_dags/example_sensor_decorator.py took 0.173 seconds
[2024-08-23T08:26:06.817+0000] {processor.py:186} INFO - Started process (PID=424) to work on /home/airflow/.local/lib/python3.12/site-packages/airflow/example_dags/example_sensor_decorator.py
[2024-08-23T08:26:06.818+0000] {processor.py:914} INFO - Processing file /home/airflow/.local/lib/python3.12/site-packages/airflow/example_dags/example_sensor_decorator.py for tasks to queue
[2024-08-23T08:26:06.821+0000] {logging_mixin.py:190} INFO - [2024-08-23T08:26:06.820+0000] {dagbag.py:587} INFO - Filling up the DagBag from /home/airflow/.local/lib/python3.12/site-packages/airflow/example_dags/example_sensor_decorator.py
[2024-08-23T08:26:06.829+0000] {processor.py:925} INFO - DAG(s) 'example_sensor_decorator' retrieved from /home/airflow/.local/lib/python3.12/site-packages/airflow/example_dags/example_sensor_decorator.py
[2024-08-23T08:26:06.850+0000] {logging_mixin.py:190} INFO - [2024-08-23T08:26:06.849+0000] {dag.py:3211} INFO - Sync 1 DAGs
[2024-08-23T08:26:06.862+0000] {logging_mixin.py:190} INFO - [2024-08-23T08:26:06.862+0000] {dag.py:4138} INFO - Setting next_dagrun for example_sensor_decorator to None, run_after=None
[2024-08-23T08:26:06.882+0000] {processor.py:208} INFO - Processing /home/airflow/.local/lib/python3.12/site-packages/airflow/example_dags/example_sensor_decorator.py took 0.071 seconds
[2024-08-23T10:25:07.625+0000] {processor.py:186} INFO - Started process (PID=118) to work on /home/airflow/.local/lib/python3.12/site-packages/airflow/example_dags/example_sensor_decorator.py
[2024-08-23T10:25:07.626+0000] {processor.py:914} INFO - Processing file /home/airflow/.local/lib/python3.12/site-packages/airflow/example_dags/example_sensor_decorator.py for tasks to queue
[2024-08-23T10:25:07.629+0000] {logging_mixin.py:190} INFO - [2024-08-23T10:25:07.628+0000] {dagbag.py:587} INFO - Filling up the DagBag from /home/airflow/.local/lib/python3.12/site-packages/airflow/example_dags/example_sensor_decorator.py
[2024-08-23T10:25:07.639+0000] {processor.py:925} INFO - DAG(s) 'example_sensor_decorator' retrieved from /home/airflow/.local/lib/python3.12/site-packages/airflow/example_dags/example_sensor_decorator.py
[2024-08-23T10:25:07.663+0000] {logging_mixin.py:190} INFO - [2024-08-23T10:25:07.663+0000] {dag.py:3211} INFO - Sync 1 DAGs
[2024-08-23T10:25:07.683+0000] {logging_mixin.py:190} INFO - [2024-08-23T10:25:07.683+0000] {dag.py:4138} INFO - Setting next_dagrun for example_sensor_decorator to None, run_after=None
[2024-08-23T10:25:07.709+0000] {processor.py:208} INFO - Processing /home/airflow/.local/lib/python3.12/site-packages/airflow/example_dags/example_sensor_decorator.py took 0.092 seconds
[2024-08-23T10:25:38.381+0000] {processor.py:186} INFO - Started process (PID=180) to work on /home/airflow/.local/lib/python3.12/site-packages/airflow/example_dags/example_sensor_decorator.py
[2024-08-23T10:25:38.382+0000] {processor.py:914} INFO - Processing file /home/airflow/.local/lib/python3.12/site-packages/airflow/example_dags/example_sensor_decorator.py for tasks to queue
[2024-08-23T10:25:38.384+0000] {logging_mixin.py:190} INFO - [2024-08-23T10:25:38.384+0000] {dagbag.py:587} INFO - Filling up the DagBag from /home/airflow/.local/lib/python3.12/site-packages/airflow/example_dags/example_sensor_decorator.py
[2024-08-23T10:25:38.391+0000] {processor.py:925} INFO - DAG(s) 'example_sensor_decorator' retrieved from /home/airflow/.local/lib/python3.12/site-packages/airflow/example_dags/example_sensor_decorator.py
[2024-08-23T10:25:38.410+0000] {logging_mixin.py:190} INFO - [2024-08-23T10:25:38.410+0000] {dag.py:3211} INFO - Sync 1 DAGs
[2024-08-23T10:25:38.424+0000] {logging_mixin.py:190} INFO - [2024-08-23T10:25:38.424+0000] {dag.py:4138} INFO - Setting next_dagrun for example_sensor_decorator to None, run_after=None
[2024-08-23T10:25:38.444+0000] {processor.py:208} INFO - Processing /home/airflow/.local/lib/python3.12/site-packages/airflow/example_dags/example_sensor_decorator.py took 0.069 seconds
[2024-08-23T10:26:09.190+0000] {processor.py:186} INFO - Started process (PID=242) to work on /home/airflow/.local/lib/python3.12/site-packages/airflow/example_dags/example_sensor_decorator.py
[2024-08-23T10:26:09.191+0000] {processor.py:914} INFO - Processing file /home/airflow/.local/lib/python3.12/site-packages/airflow/example_dags/example_sensor_decorator.py for tasks to queue
[2024-08-23T10:26:09.193+0000] {logging_mixin.py:190} INFO - [2024-08-23T10:26:09.193+0000] {dagbag.py:587} INFO - Filling up the DagBag from /home/airflow/.local/lib/python3.12/site-packages/airflow/example_dags/example_sensor_decorator.py
[2024-08-23T10:26:09.205+0000] {processor.py:925} INFO - DAG(s) 'example_sensor_decorator' retrieved from /home/airflow/.local/lib/python3.12/site-packages/airflow/example_dags/example_sensor_decorator.py
[2024-08-23T10:26:09.239+0000] {logging_mixin.py:190} INFO - [2024-08-23T10:26:09.238+0000] {dag.py:3211} INFO - Sync 1 DAGs
[2024-08-23T10:26:09.258+0000] {logging_mixin.py:190} INFO - [2024-08-23T10:26:09.257+0000] {dag.py:4138} INFO - Setting next_dagrun for example_sensor_decorator to None, run_after=None
[2024-08-23T10:26:09.281+0000] {processor.py:208} INFO - Processing /home/airflow/.local/lib/python3.12/site-packages/airflow/example_dags/example_sensor_decorator.py took 0.098 seconds
[2024-08-23T10:26:39.398+0000] {processor.py:186} INFO - Started process (PID=304) to work on /home/airflow/.local/lib/python3.12/site-packages/airflow/example_dags/example_sensor_decorator.py
[2024-08-23T10:26:39.400+0000] {processor.py:914} INFO - Processing file /home/airflow/.local/lib/python3.12/site-packages/airflow/example_dags/example_sensor_decorator.py for tasks to queue
[2024-08-23T10:26:39.403+0000] {logging_mixin.py:190} INFO - [2024-08-23T10:26:39.402+0000] {dagbag.py:587} INFO - Filling up the DagBag from /home/airflow/.local/lib/python3.12/site-packages/airflow/example_dags/example_sensor_decorator.py
[2024-08-23T10:26:39.412+0000] {processor.py:925} INFO - DAG(s) 'example_sensor_decorator' retrieved from /home/airflow/.local/lib/python3.12/site-packages/airflow/example_dags/example_sensor_decorator.py
[2024-08-23T10:26:39.436+0000] {logging_mixin.py:190} INFO - [2024-08-23T10:26:39.435+0000] {dag.py:3211} INFO - Sync 1 DAGs
[2024-08-23T10:26:39.453+0000] {logging_mixin.py:190} INFO - [2024-08-23T10:26:39.453+0000] {dag.py:4138} INFO - Setting next_dagrun for example_sensor_decorator to None, run_after=None
[2024-08-23T10:26:39.473+0000] {processor.py:208} INFO - Processing /home/airflow/.local/lib/python3.12/site-packages/airflow/example_dags/example_sensor_decorator.py took 0.081 seconds
[2024-08-23T10:27:12.614+0000] {processor.py:186} INFO - Started process (PID=366) to work on /home/airflow/.local/lib/python3.12/site-packages/airflow/example_dags/example_sensor_decorator.py
[2024-08-23T10:27:12.617+0000] {processor.py:914} INFO - Processing file /home/airflow/.local/lib/python3.12/site-packages/airflow/example_dags/example_sensor_decorator.py for tasks to queue
[2024-08-23T10:27:12.622+0000] {logging_mixin.py:190} INFO - [2024-08-23T10:27:12.622+0000] {dagbag.py:587} INFO - Filling up the DagBag from /home/airflow/.local/lib/python3.12/site-packages/airflow/example_dags/example_sensor_decorator.py
[2024-08-23T10:27:12.638+0000] {processor.py:925} INFO - DAG(s) 'example_sensor_decorator' retrieved from /home/airflow/.local/lib/python3.12/site-packages/airflow/example_dags/example_sensor_decorator.py
[2024-08-23T10:27:12.672+0000] {logging_mixin.py:190} INFO - [2024-08-23T10:27:12.672+0000] {dag.py:3211} INFO - Sync 1 DAGs
[2024-08-23T10:27:12.699+0000] {logging_mixin.py:190} INFO - [2024-08-23T10:27:12.699+0000] {dag.py:4138} INFO - Setting next_dagrun for example_sensor_decorator to None, run_after=None
[2024-08-23T10:27:12.738+0000] {processor.py:208} INFO - Processing /home/airflow/.local/lib/python3.12/site-packages/airflow/example_dags/example_sensor_decorator.py took 0.143 seconds
[2024-08-23T10:27:45.270+0000] {processor.py:186} INFO - Started process (PID=428) to work on /home/airflow/.local/lib/python3.12/site-packages/airflow/example_dags/example_sensor_decorator.py
[2024-08-23T10:27:45.272+0000] {processor.py:914} INFO - Processing file /home/airflow/.local/lib/python3.12/site-packages/airflow/example_dags/example_sensor_decorator.py for tasks to queue
[2024-08-23T10:27:45.277+0000] {logging_mixin.py:190} INFO - [2024-08-23T10:27:45.276+0000] {dagbag.py:587} INFO - Filling up the DagBag from /home/airflow/.local/lib/python3.12/site-packages/airflow/example_dags/example_sensor_decorator.py
[2024-08-23T10:27:45.297+0000] {processor.py:925} INFO - DAG(s) 'example_sensor_decorator' retrieved from /home/airflow/.local/lib/python3.12/site-packages/airflow/example_dags/example_sensor_decorator.py
[2024-08-23T10:27:45.349+0000] {logging_mixin.py:190} INFO - [2024-08-23T10:27:45.348+0000] {dag.py:3211} INFO - Sync 1 DAGs
[2024-08-23T10:27:45.379+0000] {logging_mixin.py:190} INFO - [2024-08-23T10:27:45.379+0000] {dag.py:4138} INFO - Setting next_dagrun for example_sensor_decorator to None, run_after=None
[2024-08-23T10:27:45.422+0000] {processor.py:208} INFO - Processing /home/airflow/.local/lib/python3.12/site-packages/airflow/example_dags/example_sensor_decorator.py took 0.165 seconds
