[2024-08-23T06:38:36.686+0000] {processor.py:186} INFO - Started process (PID=116) to work on /home/airflow/.local/lib/python3.12/site-packages/airflow/example_dags/example_outlet_event_extra.py
[2024-08-23T06:38:36.687+0000] {processor.py:914} INFO - Processing file /home/airflow/.local/lib/python3.12/site-packages/airflow/example_dags/example_outlet_event_extra.py for tasks to queue
[2024-08-23T06:38:36.690+0000] {logging_mixin.py:190} INFO - [2024-08-23T06:38:36.690+0000] {dagbag.py:587} INFO - Filling up the DagBag from /home/airflow/.local/lib/python3.12/site-packages/airflow/example_dags/example_outlet_event_extra.py
[2024-08-23T06:38:36.838+0000] {processor.py:925} INFO - DAG(s) 'dataset_with_extra_by_context', 'dataset_with_extra_from_classic_operator', 'dataset_with_extra_by_yield' retrieved from /home/airflow/.local/lib/python3.12/site-packages/airflow/example_dags/example_outlet_event_extra.py
[2024-08-23T06:38:36.941+0000] {logging_mixin.py:190} INFO - [2024-08-23T06:38:36.940+0000] {override.py:1858} INFO - Created Permission View: can edit on DAG:dataset_with_extra_by_context
[2024-08-23T06:38:36.953+0000] {logging_mixin.py:190} INFO - [2024-08-23T06:38:36.953+0000] {override.py:1858} INFO - Created Permission View: can delete on DAG:dataset_with_extra_by_context
[2024-08-23T06:38:36.960+0000] {logging_mixin.py:190} INFO - [2024-08-23T06:38:36.960+0000] {override.py:1858} INFO - Created Permission View: can read on DAG:dataset_with_extra_by_context
[2024-08-23T06:38:36.974+0000] {logging_mixin.py:190} INFO - [2024-08-23T06:38:36.973+0000] {override.py:1858} INFO - Created Permission View: can edit on DAG:dataset_with_extra_from_classic_operator
[2024-08-23T06:38:36.981+0000] {logging_mixin.py:190} INFO - [2024-08-23T06:38:36.980+0000] {override.py:1858} INFO - Created Permission View: can delete on DAG:dataset_with_extra_from_classic_operator
[2024-08-23T06:38:36.989+0000] {logging_mixin.py:190} INFO - [2024-08-23T06:38:36.989+0000] {override.py:1858} INFO - Created Permission View: can read on DAG:dataset_with_extra_from_classic_operator
[2024-08-23T06:38:37.007+0000] {logging_mixin.py:190} INFO - [2024-08-23T06:38:37.006+0000] {override.py:1858} INFO - Created Permission View: can edit on DAG:dataset_with_extra_by_yield
[2024-08-23T06:38:37.015+0000] {logging_mixin.py:190} INFO - [2024-08-23T06:38:37.015+0000] {override.py:1858} INFO - Created Permission View: can delete on DAG:dataset_with_extra_by_yield
[2024-08-23T06:38:37.023+0000] {logging_mixin.py:190} INFO - [2024-08-23T06:38:37.022+0000] {override.py:1858} INFO - Created Permission View: can read on DAG:dataset_with_extra_by_yield
[2024-08-23T06:38:37.024+0000] {logging_mixin.py:190} INFO - [2024-08-23T06:38:37.023+0000] {dag.py:3211} INFO - Sync 3 DAGs
[2024-08-23T06:38:37.038+0000] {logging_mixin.py:190} INFO - [2024-08-23T06:38:37.038+0000] {dag.py:3234} INFO - Creating ORM DAG for dataset_with_extra_by_yield
[2024-08-23T06:38:37.039+0000] {logging_mixin.py:190} INFO - [2024-08-23T06:38:37.039+0000] {dag.py:3234} INFO - Creating ORM DAG for dataset_with_extra_by_context
[2024-08-23T06:38:37.040+0000] {logging_mixin.py:190} INFO - [2024-08-23T06:38:37.040+0000] {dag.py:3234} INFO - Creating ORM DAG for dataset_with_extra_from_classic_operator
[2024-08-23T06:38:37.052+0000] {logging_mixin.py:190} INFO - [2024-08-23T06:38:37.052+0000] {dag.py:4138} INFO - Setting next_dagrun for dataset_with_extra_by_context to 2024-08-22 00:00:00+00:00, run_after=2024-08-23 00:00:00+00:00
[2024-08-23T06:38:37.054+0000] {logging_mixin.py:190} INFO - [2024-08-23T06:38:37.054+0000] {dag.py:4138} INFO - Setting next_dagrun for dataset_with_extra_by_yield to 2024-08-22 00:00:00+00:00, run_after=2024-08-23 00:00:00+00:00
[2024-08-23T06:38:37.057+0000] {logging_mixin.py:190} INFO - [2024-08-23T06:38:37.056+0000] {dag.py:4138} INFO - Setting next_dagrun for dataset_with_extra_from_classic_operator to 2024-08-22 00:00:00+00:00, run_after=2024-08-23 00:00:00+00:00
[2024-08-23T06:38:37.087+0000] {processor.py:208} INFO - Processing /home/airflow/.local/lib/python3.12/site-packages/airflow/example_dags/example_outlet_event_extra.py took 0.406 seconds
[2024-08-23T06:39:07.366+0000] {processor.py:186} INFO - Started process (PID=179) to work on /home/airflow/.local/lib/python3.12/site-packages/airflow/example_dags/example_outlet_event_extra.py
[2024-08-23T06:39:07.368+0000] {processor.py:914} INFO - Processing file /home/airflow/.local/lib/python3.12/site-packages/airflow/example_dags/example_outlet_event_extra.py for tasks to queue
[2024-08-23T06:39:07.371+0000] {logging_mixin.py:190} INFO - [2024-08-23T06:39:07.371+0000] {dagbag.py:587} INFO - Filling up the DagBag from /home/airflow/.local/lib/python3.12/site-packages/airflow/example_dags/example_outlet_event_extra.py
[2024-08-23T06:39:07.553+0000] {processor.py:925} INFO - DAG(s) 'dataset_with_extra_by_yield', 'dataset_with_extra_by_context', 'dataset_with_extra_from_classic_operator' retrieved from /home/airflow/.local/lib/python3.12/site-packages/airflow/example_dags/example_outlet_event_extra.py
[2024-08-23T06:39:07.582+0000] {logging_mixin.py:190} INFO - [2024-08-23T06:39:07.582+0000] {dag.py:3211} INFO - Sync 3 DAGs
[2024-08-23T06:39:07.615+0000] {logging_mixin.py:190} INFO - [2024-08-23T06:39:07.614+0000] {dag.py:4138} INFO - Setting next_dagrun for dataset_with_extra_by_context to 2024-08-22 00:00:00+00:00, run_after=2024-08-23 00:00:00+00:00
[2024-08-23T06:39:07.624+0000] {logging_mixin.py:190} INFO - [2024-08-23T06:39:07.623+0000] {dag.py:4138} INFO - Setting next_dagrun for dataset_with_extra_by_yield to 2024-08-22 00:00:00+00:00, run_after=2024-08-23 00:00:00+00:00
[2024-08-23T06:39:07.627+0000] {logging_mixin.py:190} INFO - [2024-08-23T06:39:07.627+0000] {dag.py:4138} INFO - Setting next_dagrun for dataset_with_extra_from_classic_operator to 2024-08-22 00:00:00+00:00, run_after=2024-08-23 00:00:00+00:00
[2024-08-23T06:39:07.654+0000] {processor.py:208} INFO - Processing /home/airflow/.local/lib/python3.12/site-packages/airflow/example_dags/example_outlet_event_extra.py took 0.294 seconds
[2024-08-23T06:39:37.831+0000] {processor.py:186} INFO - Started process (PID=241) to work on /home/airflow/.local/lib/python3.12/site-packages/airflow/example_dags/example_outlet_event_extra.py
[2024-08-23T06:39:37.832+0000] {processor.py:914} INFO - Processing file /home/airflow/.local/lib/python3.12/site-packages/airflow/example_dags/example_outlet_event_extra.py for tasks to queue
[2024-08-23T06:39:37.835+0000] {logging_mixin.py:190} INFO - [2024-08-23T06:39:37.835+0000] {dagbag.py:587} INFO - Filling up the DagBag from /home/airflow/.local/lib/python3.12/site-packages/airflow/example_dags/example_outlet_event_extra.py
[2024-08-23T06:39:37.998+0000] {processor.py:925} INFO - DAG(s) 'dataset_with_extra_by_context', 'dataset_with_extra_by_yield', 'dataset_with_extra_from_classic_operator' retrieved from /home/airflow/.local/lib/python3.12/site-packages/airflow/example_dags/example_outlet_event_extra.py
[2024-08-23T06:39:38.029+0000] {logging_mixin.py:190} INFO - [2024-08-23T06:39:38.028+0000] {dag.py:3211} INFO - Sync 3 DAGs
[2024-08-23T06:39:38.064+0000] {logging_mixin.py:190} INFO - [2024-08-23T06:39:38.064+0000] {dag.py:4138} INFO - Setting next_dagrun for dataset_with_extra_by_context to 2024-08-22 00:00:00+00:00, run_after=2024-08-23 00:00:00+00:00
[2024-08-23T06:39:38.071+0000] {logging_mixin.py:190} INFO - [2024-08-23T06:39:38.070+0000] {dag.py:4138} INFO - Setting next_dagrun for dataset_with_extra_by_yield to 2024-08-22 00:00:00+00:00, run_after=2024-08-23 00:00:00+00:00
[2024-08-23T06:39:38.074+0000] {logging_mixin.py:190} INFO - [2024-08-23T06:39:38.074+0000] {dag.py:4138} INFO - Setting next_dagrun for dataset_with_extra_from_classic_operator to 2024-08-22 00:00:00+00:00, run_after=2024-08-23 00:00:00+00:00
[2024-08-23T06:39:38.110+0000] {processor.py:208} INFO - Processing /home/airflow/.local/lib/python3.12/site-packages/airflow/example_dags/example_outlet_event_extra.py took 0.286 seconds
[2024-08-23T06:40:09.003+0000] {processor.py:186} INFO - Started process (PID=302) to work on /home/airflow/.local/lib/python3.12/site-packages/airflow/example_dags/example_outlet_event_extra.py
[2024-08-23T06:40:09.005+0000] {processor.py:914} INFO - Processing file /home/airflow/.local/lib/python3.12/site-packages/airflow/example_dags/example_outlet_event_extra.py for tasks to queue
[2024-08-23T06:40:09.011+0000] {logging_mixin.py:190} INFO - [2024-08-23T06:40:09.010+0000] {dagbag.py:587} INFO - Filling up the DagBag from /home/airflow/.local/lib/python3.12/site-packages/airflow/example_dags/example_outlet_event_extra.py
[2024-08-23T06:40:09.411+0000] {processor.py:925} INFO - DAG(s) 'dataset_with_extra_by_context', 'dataset_with_extra_from_classic_operator', 'dataset_with_extra_by_yield' retrieved from /home/airflow/.local/lib/python3.12/site-packages/airflow/example_dags/example_outlet_event_extra.py
[2024-08-23T06:40:09.498+0000] {logging_mixin.py:190} INFO - [2024-08-23T06:40:09.498+0000] {dag.py:3211} INFO - Sync 3 DAGs
[2024-08-23T06:40:09.614+0000] {logging_mixin.py:190} INFO - [2024-08-23T06:40:09.613+0000] {dag.py:4138} INFO - Setting next_dagrun for dataset_with_extra_by_context to 2024-08-22 00:00:00+00:00, run_after=2024-08-23 00:00:00+00:00
[2024-08-23T06:40:09.627+0000] {logging_mixin.py:190} INFO - [2024-08-23T06:40:09.627+0000] {dag.py:4138} INFO - Setting next_dagrun for dataset_with_extra_by_yield to 2024-08-22 00:00:00+00:00, run_after=2024-08-23 00:00:00+00:00
[2024-08-23T06:40:09.634+0000] {logging_mixin.py:190} INFO - [2024-08-23T06:40:09.634+0000] {dag.py:4138} INFO - Setting next_dagrun for dataset_with_extra_from_classic_operator to 2024-08-22 00:00:00+00:00, run_after=2024-08-23 00:00:00+00:00
[2024-08-23T06:40:09.684+0000] {processor.py:208} INFO - Processing /home/airflow/.local/lib/python3.12/site-packages/airflow/example_dags/example_outlet_event_extra.py took 0.691 seconds
[2024-08-23T06:40:39.926+0000] {processor.py:186} INFO - Started process (PID=365) to work on /home/airflow/.local/lib/python3.12/site-packages/airflow/example_dags/example_outlet_event_extra.py
[2024-08-23T06:40:39.929+0000] {processor.py:914} INFO - Processing file /home/airflow/.local/lib/python3.12/site-packages/airflow/example_dags/example_outlet_event_extra.py for tasks to queue
[2024-08-23T06:40:39.935+0000] {logging_mixin.py:190} INFO - [2024-08-23T06:40:39.934+0000] {dagbag.py:587} INFO - Filling up the DagBag from /home/airflow/.local/lib/python3.12/site-packages/airflow/example_dags/example_outlet_event_extra.py
[2024-08-23T06:40:40.294+0000] {processor.py:925} INFO - DAG(s) 'dataset_with_extra_by_context', 'dataset_with_extra_from_classic_operator', 'dataset_with_extra_by_yield' retrieved from /home/airflow/.local/lib/python3.12/site-packages/airflow/example_dags/example_outlet_event_extra.py
[2024-08-23T06:40:40.352+0000] {logging_mixin.py:190} INFO - [2024-08-23T06:40:40.351+0000] {dag.py:3211} INFO - Sync 3 DAGs
[2024-08-23T06:40:40.410+0000] {logging_mixin.py:190} INFO - [2024-08-23T06:40:40.409+0000] {dag.py:4138} INFO - Setting next_dagrun for dataset_with_extra_by_context to 2024-08-22 00:00:00+00:00, run_after=2024-08-23 00:00:00+00:00
[2024-08-23T06:40:40.422+0000] {logging_mixin.py:190} INFO - [2024-08-23T06:40:40.422+0000] {dag.py:4138} INFO - Setting next_dagrun for dataset_with_extra_by_yield to 2024-08-22 00:00:00+00:00, run_after=2024-08-23 00:00:00+00:00
[2024-08-23T06:40:40.430+0000] {logging_mixin.py:190} INFO - [2024-08-23T06:40:40.429+0000] {dag.py:4138} INFO - Setting next_dagrun for dataset_with_extra_from_classic_operator to 2024-08-22 00:00:00+00:00, run_after=2024-08-23 00:00:00+00:00
[2024-08-23T06:40:40.481+0000] {processor.py:208} INFO - Processing /home/airflow/.local/lib/python3.12/site-packages/airflow/example_dags/example_outlet_event_extra.py took 0.567 seconds
[2024-08-23T06:41:10.764+0000] {processor.py:186} INFO - Started process (PID=426) to work on /home/airflow/.local/lib/python3.12/site-packages/airflow/example_dags/example_outlet_event_extra.py
[2024-08-23T06:41:10.765+0000] {processor.py:914} INFO - Processing file /home/airflow/.local/lib/python3.12/site-packages/airflow/example_dags/example_outlet_event_extra.py for tasks to queue
[2024-08-23T06:41:10.769+0000] {logging_mixin.py:190} INFO - [2024-08-23T06:41:10.768+0000] {dagbag.py:587} INFO - Filling up the DagBag from /home/airflow/.local/lib/python3.12/site-packages/airflow/example_dags/example_outlet_event_extra.py
[2024-08-23T06:41:10.943+0000] {processor.py:925} INFO - DAG(s) 'dataset_with_extra_by_context', 'dataset_with_extra_from_classic_operator', 'dataset_with_extra_by_yield' retrieved from /home/airflow/.local/lib/python3.12/site-packages/airflow/example_dags/example_outlet_event_extra.py
[2024-08-23T06:41:10.980+0000] {logging_mixin.py:190} INFO - [2024-08-23T06:41:10.980+0000] {dag.py:3211} INFO - Sync 3 DAGs
[2024-08-23T06:41:11.014+0000] {logging_mixin.py:190} INFO - [2024-08-23T06:41:11.014+0000] {dag.py:4138} INFO - Setting next_dagrun for dataset_with_extra_by_context to 2024-08-22 00:00:00+00:00, run_after=2024-08-23 00:00:00+00:00
[2024-08-23T06:41:11.023+0000] {logging_mixin.py:190} INFO - [2024-08-23T06:41:11.021+0000] {dag.py:4138} INFO - Setting next_dagrun for dataset_with_extra_by_yield to 2024-08-22 00:00:00+00:00, run_after=2024-08-23 00:00:00+00:00
[2024-08-23T06:41:11.026+0000] {logging_mixin.py:190} INFO - [2024-08-23T06:41:11.026+0000] {dag.py:4138} INFO - Setting next_dagrun for dataset_with_extra_from_classic_operator to 2024-08-22 00:00:00+00:00, run_after=2024-08-23 00:00:00+00:00
[2024-08-23T06:41:11.057+0000] {processor.py:208} INFO - Processing /home/airflow/.local/lib/python3.12/site-packages/airflow/example_dags/example_outlet_event_extra.py took 0.300 seconds
[2024-08-23T06:41:41.471+0000] {processor.py:186} INFO - Started process (PID=488) to work on /home/airflow/.local/lib/python3.12/site-packages/airflow/example_dags/example_outlet_event_extra.py
[2024-08-23T06:41:41.472+0000] {processor.py:914} INFO - Processing file /home/airflow/.local/lib/python3.12/site-packages/airflow/example_dags/example_outlet_event_extra.py for tasks to queue
[2024-08-23T06:41:41.481+0000] {logging_mixin.py:190} INFO - [2024-08-23T06:41:41.480+0000] {dagbag.py:587} INFO - Filling up the DagBag from /home/airflow/.local/lib/python3.12/site-packages/airflow/example_dags/example_outlet_event_extra.py
[2024-08-23T06:41:41.763+0000] {processor.py:925} INFO - DAG(s) 'dataset_with_extra_from_classic_operator', 'dataset_with_extra_by_yield', 'dataset_with_extra_by_context' retrieved from /home/airflow/.local/lib/python3.12/site-packages/airflow/example_dags/example_outlet_event_extra.py
[2024-08-23T06:41:41.803+0000] {logging_mixin.py:190} INFO - [2024-08-23T06:41:41.803+0000] {dag.py:3211} INFO - Sync 3 DAGs
[2024-08-23T06:41:41.839+0000] {logging_mixin.py:190} INFO - [2024-08-23T06:41:41.839+0000] {dag.py:4138} INFO - Setting next_dagrun for dataset_with_extra_by_context to 2024-08-22 00:00:00+00:00, run_after=2024-08-23 00:00:00+00:00
[2024-08-23T06:41:41.847+0000] {logging_mixin.py:190} INFO - [2024-08-23T06:41:41.846+0000] {dag.py:4138} INFO - Setting next_dagrun for dataset_with_extra_by_yield to 2024-08-22 00:00:00+00:00, run_after=2024-08-23 00:00:00+00:00
[2024-08-23T06:41:41.850+0000] {logging_mixin.py:190} INFO - [2024-08-23T06:41:41.850+0000] {dag.py:4138} INFO - Setting next_dagrun for dataset_with_extra_from_classic_operator to 2024-08-22 00:00:00+00:00, run_after=2024-08-23 00:00:00+00:00
[2024-08-23T06:41:41.879+0000] {processor.py:208} INFO - Processing /home/airflow/.local/lib/python3.12/site-packages/airflow/example_dags/example_outlet_event_extra.py took 0.417 seconds
[2024-08-23T06:42:12.673+0000] {processor.py:186} INFO - Started process (PID=550) to work on /home/airflow/.local/lib/python3.12/site-packages/airflow/example_dags/example_outlet_event_extra.py
[2024-08-23T06:42:12.674+0000] {processor.py:914} INFO - Processing file /home/airflow/.local/lib/python3.12/site-packages/airflow/example_dags/example_outlet_event_extra.py for tasks to queue
[2024-08-23T06:42:12.676+0000] {logging_mixin.py:190} INFO - [2024-08-23T06:42:12.676+0000] {dagbag.py:587} INFO - Filling up the DagBag from /home/airflow/.local/lib/python3.12/site-packages/airflow/example_dags/example_outlet_event_extra.py
[2024-08-23T06:42:13.042+0000] {processor.py:925} INFO - DAG(s) 'dataset_with_extra_by_yield', 'dataset_with_extra_from_classic_operator', 'dataset_with_extra_by_context' retrieved from /home/airflow/.local/lib/python3.12/site-packages/airflow/example_dags/example_outlet_event_extra.py
[2024-08-23T06:42:13.086+0000] {logging_mixin.py:190} INFO - [2024-08-23T06:42:13.085+0000] {dag.py:3211} INFO - Sync 3 DAGs
[2024-08-23T06:42:13.123+0000] {logging_mixin.py:190} INFO - [2024-08-23T06:42:13.123+0000] {dag.py:4138} INFO - Setting next_dagrun for dataset_with_extra_by_context to 2024-08-22 00:00:00+00:00, run_after=2024-08-23 00:00:00+00:00
[2024-08-23T06:42:13.127+0000] {logging_mixin.py:190} INFO - [2024-08-23T06:42:13.127+0000] {dag.py:4138} INFO - Setting next_dagrun for dataset_with_extra_by_yield to 2024-08-22 00:00:00+00:00, run_after=2024-08-23 00:00:00+00:00
[2024-08-23T06:42:13.136+0000] {logging_mixin.py:190} INFO - [2024-08-23T06:42:13.134+0000] {dag.py:4138} INFO - Setting next_dagrun for dataset_with_extra_from_classic_operator to 2024-08-22 00:00:00+00:00, run_after=2024-08-23 00:00:00+00:00
[2024-08-23T06:42:13.174+0000] {processor.py:208} INFO - Processing /home/airflow/.local/lib/python3.12/site-packages/airflow/example_dags/example_outlet_event_extra.py took 0.532 seconds
[2024-08-23T07:54:18.991+0000] {processor.py:186} INFO - Started process (PID=119) to work on /home/airflow/.local/lib/python3.12/site-packages/airflow/example_dags/example_outlet_event_extra.py
[2024-08-23T07:54:19.003+0000] {processor.py:914} INFO - Processing file /home/airflow/.local/lib/python3.12/site-packages/airflow/example_dags/example_outlet_event_extra.py for tasks to queue
[2024-08-23T07:54:19.022+0000] {logging_mixin.py:190} INFO - [2024-08-23T07:54:19.021+0000] {dagbag.py:587} INFO - Filling up the DagBag from /home/airflow/.local/lib/python3.12/site-packages/airflow/example_dags/example_outlet_event_extra.py
[2024-08-23T07:54:19.862+0000] {processor.py:925} INFO - DAG(s) 'dataset_with_extra_from_classic_operator', 'dataset_with_extra_by_yield', 'dataset_with_extra_by_context' retrieved from /home/airflow/.local/lib/python3.12/site-packages/airflow/example_dags/example_outlet_event_extra.py
[2024-08-23T07:54:19.979+0000] {logging_mixin.py:190} INFO - [2024-08-23T07:54:19.978+0000] {dag.py:3211} INFO - Sync 3 DAGs
[2024-08-23T07:54:20.125+0000] {logging_mixin.py:190} INFO - [2024-08-23T07:54:20.125+0000] {dag.py:4138} INFO - Setting next_dagrun for dataset_with_extra_by_context to 2024-08-22 00:00:00+00:00, run_after=2024-08-23 00:00:00+00:00
[2024-08-23T07:54:20.159+0000] {logging_mixin.py:190} INFO - [2024-08-23T07:54:20.159+0000] {dag.py:4138} INFO - Setting next_dagrun for dataset_with_extra_by_yield to 2024-08-22 00:00:00+00:00, run_after=2024-08-23 00:00:00+00:00
[2024-08-23T07:54:20.188+0000] {logging_mixin.py:190} INFO - [2024-08-23T07:54:20.177+0000] {dag.py:4138} INFO - Setting next_dagrun for dataset_with_extra_from_classic_operator to 2024-08-22 00:00:00+00:00, run_after=2024-08-23 00:00:00+00:00
[2024-08-23T07:54:20.333+0000] {processor.py:208} INFO - Processing /home/airflow/.local/lib/python3.12/site-packages/airflow/example_dags/example_outlet_event_extra.py took 1.375 seconds
[2024-08-23T07:54:51.155+0000] {processor.py:186} INFO - Started process (PID=182) to work on /home/airflow/.local/lib/python3.12/site-packages/airflow/example_dags/example_outlet_event_extra.py
[2024-08-23T07:54:51.156+0000] {processor.py:914} INFO - Processing file /home/airflow/.local/lib/python3.12/site-packages/airflow/example_dags/example_outlet_event_extra.py for tasks to queue
[2024-08-23T07:54:51.159+0000] {logging_mixin.py:190} INFO - [2024-08-23T07:54:51.158+0000] {dagbag.py:587} INFO - Filling up the DagBag from /home/airflow/.local/lib/python3.12/site-packages/airflow/example_dags/example_outlet_event_extra.py
[2024-08-23T07:54:51.295+0000] {processor.py:925} INFO - DAG(s) 'dataset_with_extra_by_yield', 'dataset_with_extra_by_context', 'dataset_with_extra_from_classic_operator' retrieved from /home/airflow/.local/lib/python3.12/site-packages/airflow/example_dags/example_outlet_event_extra.py
[2024-08-23T07:54:51.321+0000] {logging_mixin.py:190} INFO - [2024-08-23T07:54:51.321+0000] {dag.py:3211} INFO - Sync 3 DAGs
[2024-08-23T07:54:51.348+0000] {logging_mixin.py:190} INFO - [2024-08-23T07:54:51.347+0000] {dag.py:4138} INFO - Setting next_dagrun for dataset_with_extra_by_context to 2024-08-22 00:00:00+00:00, run_after=2024-08-23 00:00:00+00:00
[2024-08-23T07:54:51.353+0000] {logging_mixin.py:190} INFO - [2024-08-23T07:54:51.353+0000] {dag.py:4138} INFO - Setting next_dagrun for dataset_with_extra_by_yield to 2024-08-22 00:00:00+00:00, run_after=2024-08-23 00:00:00+00:00
[2024-08-23T07:54:51.355+0000] {logging_mixin.py:190} INFO - [2024-08-23T07:54:51.355+0000] {dag.py:4138} INFO - Setting next_dagrun for dataset_with_extra_from_classic_operator to 2024-08-22 00:00:00+00:00, run_after=2024-08-23 00:00:00+00:00
[2024-08-23T07:54:51.380+0000] {processor.py:208} INFO - Processing /home/airflow/.local/lib/python3.12/site-packages/airflow/example_dags/example_outlet_event_extra.py took 0.230 seconds
[2024-08-23T07:55:21.881+0000] {processor.py:186} INFO - Started process (PID=244) to work on /home/airflow/.local/lib/python3.12/site-packages/airflow/example_dags/example_outlet_event_extra.py
[2024-08-23T07:55:21.883+0000] {processor.py:914} INFO - Processing file /home/airflow/.local/lib/python3.12/site-packages/airflow/example_dags/example_outlet_event_extra.py for tasks to queue
[2024-08-23T07:55:21.887+0000] {logging_mixin.py:190} INFO - [2024-08-23T07:55:21.886+0000] {dagbag.py:587} INFO - Filling up the DagBag from /home/airflow/.local/lib/python3.12/site-packages/airflow/example_dags/example_outlet_event_extra.py
[2024-08-23T07:55:22.080+0000] {processor.py:925} INFO - DAG(s) 'dataset_with_extra_from_classic_operator', 'dataset_with_extra_by_context', 'dataset_with_extra_by_yield' retrieved from /home/airflow/.local/lib/python3.12/site-packages/airflow/example_dags/example_outlet_event_extra.py
[2024-08-23T07:55:22.118+0000] {logging_mixin.py:190} INFO - [2024-08-23T07:55:22.118+0000] {dag.py:3211} INFO - Sync 3 DAGs
[2024-08-23T07:55:22.152+0000] {logging_mixin.py:190} INFO - [2024-08-23T07:55:22.152+0000] {dag.py:4138} INFO - Setting next_dagrun for dataset_with_extra_by_context to 2024-08-22 00:00:00+00:00, run_after=2024-08-23 00:00:00+00:00
[2024-08-23T07:55:22.159+0000] {logging_mixin.py:190} INFO - [2024-08-23T07:55:22.159+0000] {dag.py:4138} INFO - Setting next_dagrun for dataset_with_extra_by_yield to 2024-08-22 00:00:00+00:00, run_after=2024-08-23 00:00:00+00:00
[2024-08-23T07:55:22.162+0000] {logging_mixin.py:190} INFO - [2024-08-23T07:55:22.162+0000] {dag.py:4138} INFO - Setting next_dagrun for dataset_with_extra_from_classic_operator to 2024-08-22 00:00:00+00:00, run_after=2024-08-23 00:00:00+00:00
[2024-08-23T07:55:22.191+0000] {processor.py:208} INFO - Processing /home/airflow/.local/lib/python3.12/site-packages/airflow/example_dags/example_outlet_event_extra.py took 0.316 seconds
[2024-08-23T08:20:35.459+0000] {processor.py:186} INFO - Started process (PID=114) to work on /home/airflow/.local/lib/python3.12/site-packages/airflow/example_dags/example_outlet_event_extra.py
[2024-08-23T08:20:35.460+0000] {processor.py:914} INFO - Processing file /home/airflow/.local/lib/python3.12/site-packages/airflow/example_dags/example_outlet_event_extra.py for tasks to queue
[2024-08-23T08:20:35.463+0000] {logging_mixin.py:190} INFO - [2024-08-23T08:20:35.462+0000] {dagbag.py:587} INFO - Filling up the DagBag from /home/airflow/.local/lib/python3.12/site-packages/airflow/example_dags/example_outlet_event_extra.py
[2024-08-23T08:20:35.620+0000] {processor.py:925} INFO - DAG(s) 'dataset_with_extra_from_classic_operator', 'dataset_with_extra_by_context', 'dataset_with_extra_by_yield' retrieved from /home/airflow/.local/lib/python3.12/site-packages/airflow/example_dags/example_outlet_event_extra.py
[2024-08-23T08:20:35.651+0000] {logging_mixin.py:190} INFO - [2024-08-23T08:20:35.651+0000] {dag.py:3211} INFO - Sync 3 DAGs
[2024-08-23T08:20:35.681+0000] {logging_mixin.py:190} INFO - [2024-08-23T08:20:35.680+0000] {dag.py:4138} INFO - Setting next_dagrun for dataset_with_extra_by_context to 2024-08-22 00:00:00+00:00, run_after=2024-08-23 00:00:00+00:00
[2024-08-23T08:20:35.686+0000] {logging_mixin.py:190} INFO - [2024-08-23T08:20:35.686+0000] {dag.py:4138} INFO - Setting next_dagrun for dataset_with_extra_by_yield to 2024-08-22 00:00:00+00:00, run_after=2024-08-23 00:00:00+00:00
[2024-08-23T08:20:35.690+0000] {logging_mixin.py:190} INFO - [2024-08-23T08:20:35.689+0000] {dag.py:4138} INFO - Setting next_dagrun for dataset_with_extra_from_classic_operator to 2024-08-22 00:00:00+00:00, run_after=2024-08-23 00:00:00+00:00
[2024-08-23T08:20:35.715+0000] {processor.py:208} INFO - Processing /home/airflow/.local/lib/python3.12/site-packages/airflow/example_dags/example_outlet_event_extra.py took 0.263 seconds
[2024-08-23T08:23:29.523+0000] {processor.py:186} INFO - Started process (PID=111) to work on /home/airflow/.local/lib/python3.12/site-packages/airflow/example_dags/example_outlet_event_extra.py
[2024-08-23T08:23:29.524+0000] {processor.py:914} INFO - Processing file /home/airflow/.local/lib/python3.12/site-packages/airflow/example_dags/example_outlet_event_extra.py for tasks to queue
[2024-08-23T08:23:29.527+0000] {logging_mixin.py:190} INFO - [2024-08-23T08:23:29.526+0000] {dagbag.py:587} INFO - Filling up the DagBag from /home/airflow/.local/lib/python3.12/site-packages/airflow/example_dags/example_outlet_event_extra.py
[2024-08-23T08:23:29.663+0000] {processor.py:925} INFO - DAG(s) 'dataset_with_extra_by_context', 'dataset_with_extra_from_classic_operator', 'dataset_with_extra_by_yield' retrieved from /home/airflow/.local/lib/python3.12/site-packages/airflow/example_dags/example_outlet_event_extra.py
[2024-08-23T08:23:29.689+0000] {logging_mixin.py:190} INFO - [2024-08-23T08:23:29.689+0000] {dag.py:3211} INFO - Sync 3 DAGs
[2024-08-23T08:23:29.714+0000] {logging_mixin.py:190} INFO - [2024-08-23T08:23:29.714+0000] {dag.py:4138} INFO - Setting next_dagrun for dataset_with_extra_by_context to 2024-08-22 00:00:00+00:00, run_after=2024-08-23 00:00:00+00:00
[2024-08-23T08:23:29.719+0000] {logging_mixin.py:190} INFO - [2024-08-23T08:23:29.719+0000] {dag.py:4138} INFO - Setting next_dagrun for dataset_with_extra_by_yield to 2024-08-22 00:00:00+00:00, run_after=2024-08-23 00:00:00+00:00
[2024-08-23T08:23:29.721+0000] {logging_mixin.py:190} INFO - [2024-08-23T08:23:29.721+0000] {dag.py:4138} INFO - Setting next_dagrun for dataset_with_extra_from_classic_operator to 2024-08-22 00:00:00+00:00, run_after=2024-08-23 00:00:00+00:00
[2024-08-23T08:23:29.743+0000] {processor.py:208} INFO - Processing /home/airflow/.local/lib/python3.12/site-packages/airflow/example_dags/example_outlet_event_extra.py took 0.226 seconds
[2024-08-23T08:24:00.226+0000] {processor.py:186} INFO - Started process (PID=174) to work on /home/airflow/.local/lib/python3.12/site-packages/airflow/example_dags/example_outlet_event_extra.py
[2024-08-23T08:24:00.227+0000] {processor.py:914} INFO - Processing file /home/airflow/.local/lib/python3.12/site-packages/airflow/example_dags/example_outlet_event_extra.py for tasks to queue
[2024-08-23T08:24:00.229+0000] {logging_mixin.py:190} INFO - [2024-08-23T08:24:00.229+0000] {dagbag.py:587} INFO - Filling up the DagBag from /home/airflow/.local/lib/python3.12/site-packages/airflow/example_dags/example_outlet_event_extra.py
[2024-08-23T08:24:00.343+0000] {processor.py:925} INFO - DAG(s) 'dataset_with_extra_by_context', 'dataset_with_extra_from_classic_operator', 'dataset_with_extra_by_yield' retrieved from /home/airflow/.local/lib/python3.12/site-packages/airflow/example_dags/example_outlet_event_extra.py
[2024-08-23T08:24:00.365+0000] {logging_mixin.py:190} INFO - [2024-08-23T08:24:00.365+0000] {dag.py:3211} INFO - Sync 3 DAGs
[2024-08-23T08:24:00.385+0000] {logging_mixin.py:190} INFO - [2024-08-23T08:24:00.384+0000] {dag.py:4138} INFO - Setting next_dagrun for dataset_with_extra_by_context to 2024-08-22 00:00:00+00:00, run_after=2024-08-23 00:00:00+00:00
[2024-08-23T08:24:00.389+0000] {logging_mixin.py:190} INFO - [2024-08-23T08:24:00.389+0000] {dag.py:4138} INFO - Setting next_dagrun for dataset_with_extra_by_yield to 2024-08-22 00:00:00+00:00, run_after=2024-08-23 00:00:00+00:00
[2024-08-23T08:24:00.391+0000] {logging_mixin.py:190} INFO - [2024-08-23T08:24:00.391+0000] {dag.py:4138} INFO - Setting next_dagrun for dataset_with_extra_from_classic_operator to 2024-08-22 00:00:00+00:00, run_after=2024-08-23 00:00:00+00:00
[2024-08-23T08:24:00.412+0000] {processor.py:208} INFO - Processing /home/airflow/.local/lib/python3.12/site-packages/airflow/example_dags/example_outlet_event_extra.py took 0.191 seconds
[2024-08-23T08:24:31.348+0000] {processor.py:186} INFO - Started process (PID=236) to work on /home/airflow/.local/lib/python3.12/site-packages/airflow/example_dags/example_outlet_event_extra.py
[2024-08-23T08:24:31.350+0000] {processor.py:914} INFO - Processing file /home/airflow/.local/lib/python3.12/site-packages/airflow/example_dags/example_outlet_event_extra.py for tasks to queue
[2024-08-23T08:24:31.355+0000] {logging_mixin.py:190} INFO - [2024-08-23T08:24:31.354+0000] {dagbag.py:587} INFO - Filling up the DagBag from /home/airflow/.local/lib/python3.12/site-packages/airflow/example_dags/example_outlet_event_extra.py
[2024-08-23T08:24:31.606+0000] {processor.py:925} INFO - DAG(s) 'dataset_with_extra_by_yield', 'dataset_with_extra_by_context', 'dataset_with_extra_from_classic_operator' retrieved from /home/airflow/.local/lib/python3.12/site-packages/airflow/example_dags/example_outlet_event_extra.py
[2024-08-23T08:24:31.644+0000] {logging_mixin.py:190} INFO - [2024-08-23T08:24:31.644+0000] {dag.py:3211} INFO - Sync 3 DAGs
[2024-08-23T08:24:31.681+0000] {logging_mixin.py:190} INFO - [2024-08-23T08:24:31.681+0000] {dag.py:4138} INFO - Setting next_dagrun for dataset_with_extra_by_context to 2024-08-22 00:00:00+00:00, run_after=2024-08-23 00:00:00+00:00
[2024-08-23T08:24:31.689+0000] {logging_mixin.py:190} INFO - [2024-08-23T08:24:31.689+0000] {dag.py:4138} INFO - Setting next_dagrun for dataset_with_extra_by_yield to 2024-08-22 00:00:00+00:00, run_after=2024-08-23 00:00:00+00:00
[2024-08-23T08:24:31.694+0000] {logging_mixin.py:190} INFO - [2024-08-23T08:24:31.694+0000] {dag.py:4138} INFO - Setting next_dagrun for dataset_with_extra_from_classic_operator to 2024-08-22 00:00:00+00:00, run_after=2024-08-23 00:00:00+00:00
[2024-08-23T08:24:31.735+0000] {processor.py:208} INFO - Processing /home/airflow/.local/lib/python3.12/site-packages/airflow/example_dags/example_outlet_event_extra.py took 0.403 seconds
[2024-08-23T08:25:04.886+0000] {processor.py:186} INFO - Started process (PID=298) to work on /home/airflow/.local/lib/python3.12/site-packages/airflow/example_dags/example_outlet_event_extra.py
[2024-08-23T08:25:04.888+0000] {processor.py:914} INFO - Processing file /home/airflow/.local/lib/python3.12/site-packages/airflow/example_dags/example_outlet_event_extra.py for tasks to queue
[2024-08-23T08:25:04.892+0000] {logging_mixin.py:190} INFO - [2024-08-23T08:25:04.891+0000] {dagbag.py:587} INFO - Filling up the DagBag from /home/airflow/.local/lib/python3.12/site-packages/airflow/example_dags/example_outlet_event_extra.py
[2024-08-23T08:25:05.162+0000] {processor.py:925} INFO - DAG(s) 'dataset_with_extra_by_yield', 'dataset_with_extra_by_context', 'dataset_with_extra_from_classic_operator' retrieved from /home/airflow/.local/lib/python3.12/site-packages/airflow/example_dags/example_outlet_event_extra.py
[2024-08-23T08:25:05.208+0000] {logging_mixin.py:190} INFO - [2024-08-23T08:25:05.208+0000] {dag.py:3211} INFO - Sync 3 DAGs
[2024-08-23T08:25:05.254+0000] {logging_mixin.py:190} INFO - [2024-08-23T08:25:05.254+0000] {dag.py:4138} INFO - Setting next_dagrun for dataset_with_extra_by_context to 2024-08-22 00:00:00+00:00, run_after=2024-08-23 00:00:00+00:00
[2024-08-23T08:25:05.262+0000] {logging_mixin.py:190} INFO - [2024-08-23T08:25:05.262+0000] {dag.py:4138} INFO - Setting next_dagrun for dataset_with_extra_by_yield to 2024-08-22 00:00:00+00:00, run_after=2024-08-23 00:00:00+00:00
[2024-08-23T08:25:05.267+0000] {logging_mixin.py:190} INFO - [2024-08-23T08:25:05.266+0000] {dag.py:4138} INFO - Setting next_dagrun for dataset_with_extra_from_classic_operator to 2024-08-22 00:00:00+00:00, run_after=2024-08-23 00:00:00+00:00
[2024-08-23T08:25:05.304+0000] {processor.py:208} INFO - Processing /home/airflow/.local/lib/python3.12/site-packages/airflow/example_dags/example_outlet_event_extra.py took 0.428 seconds
[2024-08-23T08:25:35.738+0000] {processor.py:186} INFO - Started process (PID=360) to work on /home/airflow/.local/lib/python3.12/site-packages/airflow/example_dags/example_outlet_event_extra.py
[2024-08-23T08:25:35.740+0000] {processor.py:914} INFO - Processing file /home/airflow/.local/lib/python3.12/site-packages/airflow/example_dags/example_outlet_event_extra.py for tasks to queue
[2024-08-23T08:25:35.746+0000] {logging_mixin.py:190} INFO - [2024-08-23T08:25:35.746+0000] {dagbag.py:587} INFO - Filling up the DagBag from /home/airflow/.local/lib/python3.12/site-packages/airflow/example_dags/example_outlet_event_extra.py
[2024-08-23T08:25:36.093+0000] {processor.py:925} INFO - DAG(s) 'dataset_with_extra_from_classic_operator', 'dataset_with_extra_by_context', 'dataset_with_extra_by_yield' retrieved from /home/airflow/.local/lib/python3.12/site-packages/airflow/example_dags/example_outlet_event_extra.py
[2024-08-23T08:25:36.148+0000] {logging_mixin.py:190} INFO - [2024-08-23T08:25:36.147+0000] {dag.py:3211} INFO - Sync 3 DAGs
[2024-08-23T08:25:36.208+0000] {logging_mixin.py:190} INFO - [2024-08-23T08:25:36.207+0000] {dag.py:4138} INFO - Setting next_dagrun for dataset_with_extra_by_context to 2024-08-22 00:00:00+00:00, run_after=2024-08-23 00:00:00+00:00
[2024-08-23T08:25:36.221+0000] {logging_mixin.py:190} INFO - [2024-08-23T08:25:36.220+0000] {dag.py:4138} INFO - Setting next_dagrun for dataset_with_extra_by_yield to 2024-08-22 00:00:00+00:00, run_after=2024-08-23 00:00:00+00:00
[2024-08-23T08:25:36.226+0000] {logging_mixin.py:190} INFO - [2024-08-23T08:25:36.225+0000] {dag.py:4138} INFO - Setting next_dagrun for dataset_with_extra_from_classic_operator to 2024-08-22 00:00:00+00:00, run_after=2024-08-23 00:00:00+00:00
[2024-08-23T08:25:36.272+0000] {processor.py:208} INFO - Processing /home/airflow/.local/lib/python3.12/site-packages/airflow/example_dags/example_outlet_event_extra.py took 0.548 seconds
[2024-08-23T08:26:06.592+0000] {processor.py:186} INFO - Started process (PID=422) to work on /home/airflow/.local/lib/python3.12/site-packages/airflow/example_dags/example_outlet_event_extra.py
[2024-08-23T08:26:06.593+0000] {processor.py:914} INFO - Processing file /home/airflow/.local/lib/python3.12/site-packages/airflow/example_dags/example_outlet_event_extra.py for tasks to queue
[2024-08-23T08:26:06.596+0000] {logging_mixin.py:190} INFO - [2024-08-23T08:26:06.595+0000] {dagbag.py:587} INFO - Filling up the DagBag from /home/airflow/.local/lib/python3.12/site-packages/airflow/example_dags/example_outlet_event_extra.py
[2024-08-23T08:26:06.707+0000] {processor.py:925} INFO - DAG(s) 'dataset_with_extra_from_classic_operator', 'dataset_with_extra_by_context', 'dataset_with_extra_by_yield' retrieved from /home/airflow/.local/lib/python3.12/site-packages/airflow/example_dags/example_outlet_event_extra.py
[2024-08-23T08:26:06.733+0000] {logging_mixin.py:190} INFO - [2024-08-23T08:26:06.733+0000] {dag.py:3211} INFO - Sync 3 DAGs
[2024-08-23T08:26:06.754+0000] {logging_mixin.py:190} INFO - [2024-08-23T08:26:06.753+0000] {dag.py:4138} INFO - Setting next_dagrun for dataset_with_extra_by_context to 2024-08-22 00:00:00+00:00, run_after=2024-08-23 00:00:00+00:00
[2024-08-23T08:26:06.758+0000] {logging_mixin.py:190} INFO - [2024-08-23T08:26:06.758+0000] {dag.py:4138} INFO - Setting next_dagrun for dataset_with_extra_by_yield to 2024-08-22 00:00:00+00:00, run_after=2024-08-23 00:00:00+00:00
[2024-08-23T08:26:06.761+0000] {logging_mixin.py:190} INFO - [2024-08-23T08:26:06.761+0000] {dag.py:4138} INFO - Setting next_dagrun for dataset_with_extra_from_classic_operator to 2024-08-22 00:00:00+00:00, run_after=2024-08-23 00:00:00+00:00
[2024-08-23T08:26:06.781+0000] {processor.py:208} INFO - Processing /home/airflow/.local/lib/python3.12/site-packages/airflow/example_dags/example_outlet_event_extra.py took 0.194 seconds
[2024-08-23T10:25:07.337+0000] {processor.py:186} INFO - Started process (PID=116) to work on /home/airflow/.local/lib/python3.12/site-packages/airflow/example_dags/example_outlet_event_extra.py
[2024-08-23T10:25:07.339+0000] {processor.py:914} INFO - Processing file /home/airflow/.local/lib/python3.12/site-packages/airflow/example_dags/example_outlet_event_extra.py for tasks to queue
[2024-08-23T10:25:07.342+0000] {logging_mixin.py:190} INFO - [2024-08-23T10:25:07.342+0000] {dagbag.py:587} INFO - Filling up the DagBag from /home/airflow/.local/lib/python3.12/site-packages/airflow/example_dags/example_outlet_event_extra.py
[2024-08-23T10:25:07.577+0000] {processor.py:925} INFO - DAG(s) 'dataset_with_extra_by_context', 'dataset_with_extra_from_classic_operator', 'dataset_with_extra_by_yield' retrieved from /home/airflow/.local/lib/python3.12/site-packages/airflow/example_dags/example_outlet_event_extra.py
[2024-08-23T10:25:07.608+0000] {logging_mixin.py:190} INFO - [2024-08-23T10:25:07.607+0000] {dag.py:3211} INFO - Sync 3 DAGs
[2024-08-23T10:25:07.642+0000] {logging_mixin.py:190} INFO - [2024-08-23T10:25:07.641+0000] {dag.py:4138} INFO - Setting next_dagrun for dataset_with_extra_by_context to 2024-08-22 00:00:00+00:00, run_after=2024-08-23 00:00:00+00:00
[2024-08-23T10:25:07.649+0000] {logging_mixin.py:190} INFO - [2024-08-23T10:25:07.649+0000] {dag.py:4138} INFO - Setting next_dagrun for dataset_with_extra_by_yield to 2024-08-22 00:00:00+00:00, run_after=2024-08-23 00:00:00+00:00
[2024-08-23T10:25:07.654+0000] {logging_mixin.py:190} INFO - [2024-08-23T10:25:07.654+0000] {dag.py:4138} INFO - Setting next_dagrun for dataset_with_extra_from_classic_operator to 2024-08-22 00:00:00+00:00, run_after=2024-08-23 00:00:00+00:00
[2024-08-23T10:25:07.684+0000] {processor.py:208} INFO - Processing /home/airflow/.local/lib/python3.12/site-packages/airflow/example_dags/example_outlet_event_extra.py took 0.356 seconds
[2024-08-23T10:25:38.256+0000] {processor.py:186} INFO - Started process (PID=178) to work on /home/airflow/.local/lib/python3.12/site-packages/airflow/example_dags/example_outlet_event_extra.py
[2024-08-23T10:25:38.257+0000] {processor.py:914} INFO - Processing file /home/airflow/.local/lib/python3.12/site-packages/airflow/example_dags/example_outlet_event_extra.py for tasks to queue
[2024-08-23T10:25:38.259+0000] {logging_mixin.py:190} INFO - [2024-08-23T10:25:38.259+0000] {dagbag.py:587} INFO - Filling up the DagBag from /home/airflow/.local/lib/python3.12/site-packages/airflow/example_dags/example_outlet_event_extra.py
[2024-08-23T10:25:38.395+0000] {processor.py:925} INFO - DAG(s) 'dataset_with_extra_from_classic_operator', 'dataset_with_extra_by_context', 'dataset_with_extra_by_yield' retrieved from /home/airflow/.local/lib/python3.12/site-packages/airflow/example_dags/example_outlet_event_extra.py
[2024-08-23T10:25:38.423+0000] {logging_mixin.py:190} INFO - [2024-08-23T10:25:38.423+0000] {dag.py:3211} INFO - Sync 3 DAGs
[2024-08-23T10:25:38.445+0000] {logging_mixin.py:190} INFO - [2024-08-23T10:25:38.445+0000] {dag.py:4138} INFO - Setting next_dagrun for dataset_with_extra_by_context to 2024-08-22 00:00:00+00:00, run_after=2024-08-23 00:00:00+00:00
[2024-08-23T10:25:38.449+0000] {logging_mixin.py:190} INFO - [2024-08-23T10:25:38.449+0000] {dag.py:4138} INFO - Setting next_dagrun for dataset_with_extra_by_yield to 2024-08-22 00:00:00+00:00, run_after=2024-08-23 00:00:00+00:00
[2024-08-23T10:25:38.452+0000] {logging_mixin.py:190} INFO - [2024-08-23T10:25:38.452+0000] {dag.py:4138} INFO - Setting next_dagrun for dataset_with_extra_from_classic_operator to 2024-08-22 00:00:00+00:00, run_after=2024-08-23 00:00:00+00:00
[2024-08-23T10:25:38.474+0000] {processor.py:208} INFO - Processing /home/airflow/.local/lib/python3.12/site-packages/airflow/example_dags/example_outlet_event_extra.py took 0.223 seconds
[2024-08-23T10:26:09.031+0000] {processor.py:186} INFO - Started process (PID=240) to work on /home/airflow/.local/lib/python3.12/site-packages/airflow/example_dags/example_outlet_event_extra.py
[2024-08-23T10:26:09.032+0000] {processor.py:914} INFO - Processing file /home/airflow/.local/lib/python3.12/site-packages/airflow/example_dags/example_outlet_event_extra.py for tasks to queue
[2024-08-23T10:26:09.034+0000] {logging_mixin.py:190} INFO - [2024-08-23T10:26:09.033+0000] {dagbag.py:587} INFO - Filling up the DagBag from /home/airflow/.local/lib/python3.12/site-packages/airflow/example_dags/example_outlet_event_extra.py
[2024-08-23T10:26:09.165+0000] {processor.py:925} INFO - DAG(s) 'dataset_with_extra_by_yield', 'dataset_with_extra_from_classic_operator', 'dataset_with_extra_by_context' retrieved from /home/airflow/.local/lib/python3.12/site-packages/airflow/example_dags/example_outlet_event_extra.py
[2024-08-23T10:26:09.195+0000] {logging_mixin.py:190} INFO - [2024-08-23T10:26:09.195+0000] {dag.py:3211} INFO - Sync 3 DAGs
[2024-08-23T10:26:09.240+0000] {logging_mixin.py:190} INFO - [2024-08-23T10:26:09.240+0000] {dag.py:4138} INFO - Setting next_dagrun for dataset_with_extra_by_context to 2024-08-22 00:00:00+00:00, run_after=2024-08-23 00:00:00+00:00
[2024-08-23T10:26:09.247+0000] {logging_mixin.py:190} INFO - [2024-08-23T10:26:09.247+0000] {dag.py:4138} INFO - Setting next_dagrun for dataset_with_extra_by_yield to 2024-08-22 00:00:00+00:00, run_after=2024-08-23 00:00:00+00:00
[2024-08-23T10:26:09.250+0000] {logging_mixin.py:190} INFO - [2024-08-23T10:26:09.250+0000] {dag.py:4138} INFO - Setting next_dagrun for dataset_with_extra_from_classic_operator to 2024-08-22 00:00:00+00:00, run_after=2024-08-23 00:00:00+00:00
[2024-08-23T10:26:09.275+0000] {processor.py:208} INFO - Processing /home/airflow/.local/lib/python3.12/site-packages/airflow/example_dags/example_outlet_event_extra.py took 0.249 seconds
[2024-08-23T10:26:39.314+0000] {processor.py:186} INFO - Started process (PID=303) to work on /home/airflow/.local/lib/python3.12/site-packages/airflow/example_dags/example_outlet_event_extra.py
[2024-08-23T10:26:39.315+0000] {processor.py:914} INFO - Processing file /home/airflow/.local/lib/python3.12/site-packages/airflow/example_dags/example_outlet_event_extra.py for tasks to queue
[2024-08-23T10:26:39.318+0000] {logging_mixin.py:190} INFO - [2024-08-23T10:26:39.317+0000] {dagbag.py:587} INFO - Filling up the DagBag from /home/airflow/.local/lib/python3.12/site-packages/airflow/example_dags/example_outlet_event_extra.py
[2024-08-23T10:26:39.454+0000] {processor.py:925} INFO - DAG(s) 'dataset_with_extra_by_context', 'dataset_with_extra_by_yield', 'dataset_with_extra_from_classic_operator' retrieved from /home/airflow/.local/lib/python3.12/site-packages/airflow/example_dags/example_outlet_event_extra.py
[2024-08-23T10:26:39.477+0000] {logging_mixin.py:190} INFO - [2024-08-23T10:26:39.477+0000] {dag.py:3211} INFO - Sync 3 DAGs
[2024-08-23T10:26:39.500+0000] {logging_mixin.py:190} INFO - [2024-08-23T10:26:39.500+0000] {dag.py:4138} INFO - Setting next_dagrun for dataset_with_extra_by_context to 2024-08-22 00:00:00+00:00, run_after=2024-08-23 00:00:00+00:00
[2024-08-23T10:26:39.505+0000] {logging_mixin.py:190} INFO - [2024-08-23T10:26:39.504+0000] {dag.py:4138} INFO - Setting next_dagrun for dataset_with_extra_by_yield to 2024-08-22 00:00:00+00:00, run_after=2024-08-23 00:00:00+00:00
[2024-08-23T10:26:39.507+0000] {logging_mixin.py:190} INFO - [2024-08-23T10:26:39.507+0000] {dag.py:4138} INFO - Setting next_dagrun for dataset_with_extra_from_classic_operator to 2024-08-22 00:00:00+00:00, run_after=2024-08-23 00:00:00+00:00
[2024-08-23T10:26:39.530+0000] {processor.py:208} INFO - Processing /home/airflow/.local/lib/python3.12/site-packages/airflow/example_dags/example_outlet_event_extra.py took 0.221 seconds
[2024-08-23T10:27:12.243+0000] {processor.py:186} INFO - Started process (PID=364) to work on /home/airflow/.local/lib/python3.12/site-packages/airflow/example_dags/example_outlet_event_extra.py
[2024-08-23T10:27:12.244+0000] {processor.py:914} INFO - Processing file /home/airflow/.local/lib/python3.12/site-packages/airflow/example_dags/example_outlet_event_extra.py for tasks to queue
[2024-08-23T10:27:12.248+0000] {logging_mixin.py:190} INFO - [2024-08-23T10:27:12.248+0000] {dagbag.py:587} INFO - Filling up the DagBag from /home/airflow/.local/lib/python3.12/site-packages/airflow/example_dags/example_outlet_event_extra.py
[2024-08-23T10:27:12.576+0000] {processor.py:925} INFO - DAG(s) 'dataset_with_extra_by_yield', 'dataset_with_extra_from_classic_operator', 'dataset_with_extra_by_context' retrieved from /home/airflow/.local/lib/python3.12/site-packages/airflow/example_dags/example_outlet_event_extra.py
[2024-08-23T10:27:12.641+0000] {logging_mixin.py:190} INFO - [2024-08-23T10:27:12.641+0000] {dag.py:3211} INFO - Sync 3 DAGs
[2024-08-23T10:27:12.685+0000] {logging_mixin.py:190} INFO - [2024-08-23T10:27:12.684+0000] {dag.py:4138} INFO - Setting next_dagrun for dataset_with_extra_by_context to 2024-08-22 00:00:00+00:00, run_after=2024-08-23 00:00:00+00:00
[2024-08-23T10:27:12.697+0000] {logging_mixin.py:190} INFO - [2024-08-23T10:27:12.696+0000] {dag.py:4138} INFO - Setting next_dagrun for dataset_with_extra_by_yield to 2024-08-22 00:00:00+00:00, run_after=2024-08-23 00:00:00+00:00
[2024-08-23T10:27:12.702+0000] {logging_mixin.py:190} INFO - [2024-08-23T10:27:12.702+0000] {dag.py:4138} INFO - Setting next_dagrun for dataset_with_extra_from_classic_operator to 2024-08-22 00:00:00+00:00, run_after=2024-08-23 00:00:00+00:00
[2024-08-23T10:27:12.745+0000] {processor.py:208} INFO - Processing /home/airflow/.local/lib/python3.12/site-packages/airflow/example_dags/example_outlet_event_extra.py took 0.513 seconds
[2024-08-23T10:27:44.718+0000] {processor.py:186} INFO - Started process (PID=426) to work on /home/airflow/.local/lib/python3.12/site-packages/airflow/example_dags/example_outlet_event_extra.py
[2024-08-23T10:27:44.722+0000] {processor.py:914} INFO - Processing file /home/airflow/.local/lib/python3.12/site-packages/airflow/example_dags/example_outlet_event_extra.py for tasks to queue
[2024-08-23T10:27:44.737+0000] {logging_mixin.py:190} INFO - [2024-08-23T10:27:44.736+0000] {dagbag.py:587} INFO - Filling up the DagBag from /home/airflow/.local/lib/python3.12/site-packages/airflow/example_dags/example_outlet_event_extra.py
[2024-08-23T10:27:45.285+0000] {processor.py:925} INFO - DAG(s) 'dataset_with_extra_by_context', 'dataset_with_extra_by_yield', 'dataset_with_extra_from_classic_operator' retrieved from /home/airflow/.local/lib/python3.12/site-packages/airflow/example_dags/example_outlet_event_extra.py
[2024-08-23T10:27:45.342+0000] {logging_mixin.py:190} INFO - [2024-08-23T10:27:45.341+0000] {dag.py:3211} INFO - Sync 3 DAGs
[2024-08-23T10:27:45.390+0000] {logging_mixin.py:190} INFO - [2024-08-23T10:27:45.390+0000] {dag.py:4138} INFO - Setting next_dagrun for dataset_with_extra_by_context to 2024-08-22 00:00:00+00:00, run_after=2024-08-23 00:00:00+00:00
[2024-08-23T10:27:45.401+0000] {logging_mixin.py:190} INFO - [2024-08-23T10:27:45.400+0000] {dag.py:4138} INFO - Setting next_dagrun for dataset_with_extra_by_yield to 2024-08-22 00:00:00+00:00, run_after=2024-08-23 00:00:00+00:00
[2024-08-23T10:27:45.406+0000] {logging_mixin.py:190} INFO - [2024-08-23T10:27:45.406+0000] {dag.py:4138} INFO - Setting next_dagrun for dataset_with_extra_from_classic_operator to 2024-08-22 00:00:00+00:00, run_after=2024-08-23 00:00:00+00:00
[2024-08-23T10:27:45.455+0000] {processor.py:208} INFO - Processing /home/airflow/.local/lib/python3.12/site-packages/airflow/example_dags/example_outlet_event_extra.py took 0.761 seconds
