[2024-08-23T06:38:34.617+0000] {processor.py:186} INFO - Started process (PID=105) to work on /home/airflow/.local/lib/python3.12/site-packages/airflow/example_dags/example_task_group_decorator.py
[2024-08-23T06:38:34.618+0000] {processor.py:914} INFO - Processing file /home/airflow/.local/lib/python3.12/site-packages/airflow/example_dags/example_task_group_decorator.py for tasks to queue
[2024-08-23T06:38:34.622+0000] {logging_mixin.py:190} INFO - [2024-08-23T06:38:34.622+0000] {dagbag.py:587} INFO - Filling up the DagBag from /home/airflow/.local/lib/python3.12/site-packages/airflow/example_dags/example_task_group_decorator.py
[2024-08-23T06:38:34.640+0000] {processor.py:925} INFO - DAG(s) 'example_task_group_decorator' retrieved from /home/airflow/.local/lib/python3.12/site-packages/airflow/example_dags/example_task_group_decorator.py
[2024-08-23T06:38:34.761+0000] {logging_mixin.py:190} INFO - [2024-08-23T06:38:34.760+0000] {override.py:1858} INFO - Created Permission View: can edit on DAG:example_task_group_decorator
[2024-08-23T06:38:34.774+0000] {logging_mixin.py:190} INFO - [2024-08-23T06:38:34.774+0000] {override.py:1858} INFO - Created Permission View: can delete on DAG:example_task_group_decorator
[2024-08-23T06:38:34.782+0000] {logging_mixin.py:190} INFO - [2024-08-23T06:38:34.782+0000] {override.py:1858} INFO - Created Permission View: can read on DAG:example_task_group_decorator
[2024-08-23T06:38:34.783+0000] {logging_mixin.py:190} INFO - [2024-08-23T06:38:34.782+0000] {dag.py:3211} INFO - Sync 1 DAGs
[2024-08-23T06:38:34.797+0000] {logging_mixin.py:190} INFO - [2024-08-23T06:38:34.797+0000] {dag.py:3234} INFO - Creating ORM DAG for example_task_group_decorator
[2024-08-23T06:38:34.808+0000] {logging_mixin.py:190} INFO - [2024-08-23T06:38:34.807+0000] {dag.py:4138} INFO - Setting next_dagrun for example_task_group_decorator to 2024-08-22 00:00:00+00:00, run_after=2024-08-23 00:00:00+00:00
[2024-08-23T06:38:34.825+0000] {processor.py:208} INFO - Processing /home/airflow/.local/lib/python3.12/site-packages/airflow/example_dags/example_task_group_decorator.py took 0.214 seconds
[2024-08-23T06:39:04.934+0000] {processor.py:186} INFO - Started process (PID=167) to work on /home/airflow/.local/lib/python3.12/site-packages/airflow/example_dags/example_task_group_decorator.py
[2024-08-23T06:39:04.936+0000] {processor.py:914} INFO - Processing file /home/airflow/.local/lib/python3.12/site-packages/airflow/example_dags/example_task_group_decorator.py for tasks to queue
[2024-08-23T06:39:04.941+0000] {logging_mixin.py:190} INFO - [2024-08-23T06:39:04.940+0000] {dagbag.py:587} INFO - Filling up the DagBag from /home/airflow/.local/lib/python3.12/site-packages/airflow/example_dags/example_task_group_decorator.py
[2024-08-23T06:39:04.970+0000] {processor.py:925} INFO - DAG(s) 'example_task_group_decorator' retrieved from /home/airflow/.local/lib/python3.12/site-packages/airflow/example_dags/example_task_group_decorator.py
[2024-08-23T06:39:05.010+0000] {logging_mixin.py:190} INFO - [2024-08-23T06:39:05.010+0000] {dag.py:3211} INFO - Sync 1 DAGs
[2024-08-23T06:39:05.046+0000] {logging_mixin.py:190} INFO - [2024-08-23T06:39:05.045+0000] {dag.py:4138} INFO - Setting next_dagrun for example_task_group_decorator to 2024-08-22 00:00:00+00:00, run_after=2024-08-23 00:00:00+00:00
[2024-08-23T06:39:05.072+0000] {processor.py:208} INFO - Processing /home/airflow/.local/lib/python3.12/site-packages/airflow/example_dags/example_task_group_decorator.py took 0.147 seconds
[2024-08-23T06:39:35.888+0000] {processor.py:186} INFO - Started process (PID=229) to work on /home/airflow/.local/lib/python3.12/site-packages/airflow/example_dags/example_task_group_decorator.py
[2024-08-23T06:39:35.889+0000] {processor.py:914} INFO - Processing file /home/airflow/.local/lib/python3.12/site-packages/airflow/example_dags/example_task_group_decorator.py for tasks to queue
[2024-08-23T06:39:35.892+0000] {logging_mixin.py:190} INFO - [2024-08-23T06:39:35.891+0000] {dagbag.py:587} INFO - Filling up the DagBag from /home/airflow/.local/lib/python3.12/site-packages/airflow/example_dags/example_task_group_decorator.py
[2024-08-23T06:39:35.911+0000] {processor.py:925} INFO - DAG(s) 'example_task_group_decorator' retrieved from /home/airflow/.local/lib/python3.12/site-packages/airflow/example_dags/example_task_group_decorator.py
[2024-08-23T06:39:35.944+0000] {logging_mixin.py:190} INFO - [2024-08-23T06:39:35.943+0000] {dag.py:3211} INFO - Sync 1 DAGs
[2024-08-23T06:39:35.973+0000] {logging_mixin.py:190} INFO - [2024-08-23T06:39:35.973+0000] {dag.py:4138} INFO - Setting next_dagrun for example_task_group_decorator to 2024-08-22 00:00:00+00:00, run_after=2024-08-23 00:00:00+00:00
[2024-08-23T06:39:35.996+0000] {processor.py:208} INFO - Processing /home/airflow/.local/lib/python3.12/site-packages/airflow/example_dags/example_task_group_decorator.py took 0.114 seconds
[2024-08-23T06:40:07.202+0000] {processor.py:186} INFO - Started process (PID=291) to work on /home/airflow/.local/lib/python3.12/site-packages/airflow/example_dags/example_task_group_decorator.py
[2024-08-23T06:40:07.206+0000] {processor.py:914} INFO - Processing file /home/airflow/.local/lib/python3.12/site-packages/airflow/example_dags/example_task_group_decorator.py for tasks to queue
[2024-08-23T06:40:07.215+0000] {logging_mixin.py:190} INFO - [2024-08-23T06:40:07.213+0000] {dagbag.py:587} INFO - Filling up the DagBag from /home/airflow/.local/lib/python3.12/site-packages/airflow/example_dags/example_task_group_decorator.py
[2024-08-23T06:40:07.264+0000] {processor.py:925} INFO - DAG(s) 'example_task_group_decorator' retrieved from /home/airflow/.local/lib/python3.12/site-packages/airflow/example_dags/example_task_group_decorator.py
[2024-08-23T06:40:07.354+0000] {logging_mixin.py:190} INFO - [2024-08-23T06:40:07.353+0000] {dag.py:3211} INFO - Sync 1 DAGs
[2024-08-23T06:40:07.448+0000] {logging_mixin.py:190} INFO - [2024-08-23T06:40:07.447+0000] {dag.py:4138} INFO - Setting next_dagrun for example_task_group_decorator to 2024-08-22 00:00:00+00:00, run_after=2024-08-23 00:00:00+00:00
[2024-08-23T06:40:07.511+0000] {processor.py:208} INFO - Processing /home/airflow/.local/lib/python3.12/site-packages/airflow/example_dags/example_task_group_decorator.py took 0.324 seconds
[2024-08-23T06:40:38.210+0000] {processor.py:186} INFO - Started process (PID=353) to work on /home/airflow/.local/lib/python3.12/site-packages/airflow/example_dags/example_task_group_decorator.py
[2024-08-23T06:40:38.212+0000] {processor.py:914} INFO - Processing file /home/airflow/.local/lib/python3.12/site-packages/airflow/example_dags/example_task_group_decorator.py for tasks to queue
[2024-08-23T06:40:38.218+0000] {logging_mixin.py:190} INFO - [2024-08-23T06:40:38.217+0000] {dagbag.py:587} INFO - Filling up the DagBag from /home/airflow/.local/lib/python3.12/site-packages/airflow/example_dags/example_task_group_decorator.py
[2024-08-23T06:40:38.251+0000] {processor.py:925} INFO - DAG(s) 'example_task_group_decorator' retrieved from /home/airflow/.local/lib/python3.12/site-packages/airflow/example_dags/example_task_group_decorator.py
[2024-08-23T06:40:38.300+0000] {logging_mixin.py:190} INFO - [2024-08-23T06:40:38.299+0000] {dag.py:3211} INFO - Sync 1 DAGs
[2024-08-23T06:40:38.348+0000] {logging_mixin.py:190} INFO - [2024-08-23T06:40:38.348+0000] {dag.py:4138} INFO - Setting next_dagrun for example_task_group_decorator to 2024-08-22 00:00:00+00:00, run_after=2024-08-23 00:00:00+00:00
[2024-08-23T06:40:38.387+0000] {processor.py:208} INFO - Processing /home/airflow/.local/lib/python3.12/site-packages/airflow/example_dags/example_task_group_decorator.py took 0.190 seconds
[2024-08-23T06:41:08.735+0000] {processor.py:186} INFO - Started process (PID=415) to work on /home/airflow/.local/lib/python3.12/site-packages/airflow/example_dags/example_task_group_decorator.py
[2024-08-23T06:41:08.738+0000] {processor.py:914} INFO - Processing file /home/airflow/.local/lib/python3.12/site-packages/airflow/example_dags/example_task_group_decorator.py for tasks to queue
[2024-08-23T06:41:08.740+0000] {logging_mixin.py:190} INFO - [2024-08-23T06:41:08.740+0000] {dagbag.py:587} INFO - Filling up the DagBag from /home/airflow/.local/lib/python3.12/site-packages/airflow/example_dags/example_task_group_decorator.py
[2024-08-23T06:41:08.756+0000] {processor.py:925} INFO - DAG(s) 'example_task_group_decorator' retrieved from /home/airflow/.local/lib/python3.12/site-packages/airflow/example_dags/example_task_group_decorator.py
[2024-08-23T06:41:08.781+0000] {logging_mixin.py:190} INFO - [2024-08-23T06:41:08.781+0000] {dag.py:3211} INFO - Sync 1 DAGs
[2024-08-23T06:41:08.806+0000] {logging_mixin.py:190} INFO - [2024-08-23T06:41:08.806+0000] {dag.py:4138} INFO - Setting next_dagrun for example_task_group_decorator to 2024-08-22 00:00:00+00:00, run_after=2024-08-23 00:00:00+00:00
[2024-08-23T06:41:08.826+0000] {processor.py:208} INFO - Processing /home/airflow/.local/lib/python3.12/site-packages/airflow/example_dags/example_task_group_decorator.py took 0.097 seconds
[2024-08-23T06:41:39.380+0000] {processor.py:186} INFO - Started process (PID=477) to work on /home/airflow/.local/lib/python3.12/site-packages/airflow/example_dags/example_task_group_decorator.py
[2024-08-23T06:41:39.385+0000] {processor.py:914} INFO - Processing file /home/airflow/.local/lib/python3.12/site-packages/airflow/example_dags/example_task_group_decorator.py for tasks to queue
[2024-08-23T06:41:39.388+0000] {logging_mixin.py:190} INFO - [2024-08-23T06:41:39.388+0000] {dagbag.py:587} INFO - Filling up the DagBag from /home/airflow/.local/lib/python3.12/site-packages/airflow/example_dags/example_task_group_decorator.py
[2024-08-23T06:41:39.451+0000] {processor.py:925} INFO - DAG(s) 'example_task_group_decorator' retrieved from /home/airflow/.local/lib/python3.12/site-packages/airflow/example_dags/example_task_group_decorator.py
[2024-08-23T06:41:39.523+0000] {logging_mixin.py:190} INFO - [2024-08-23T06:41:39.523+0000] {dag.py:3211} INFO - Sync 1 DAGs
[2024-08-23T06:41:39.604+0000] {logging_mixin.py:190} INFO - [2024-08-23T06:41:39.604+0000] {dag.py:4138} INFO - Setting next_dagrun for example_task_group_decorator to 2024-08-22 00:00:00+00:00, run_after=2024-08-23 00:00:00+00:00
[2024-08-23T06:41:39.654+0000] {processor.py:208} INFO - Processing /home/airflow/.local/lib/python3.12/site-packages/airflow/example_dags/example_task_group_decorator.py took 0.286 seconds
[2024-08-23T06:42:09.944+0000] {processor.py:186} INFO - Started process (PID=539) to work on /home/airflow/.local/lib/python3.12/site-packages/airflow/example_dags/example_task_group_decorator.py
[2024-08-23T06:42:09.946+0000] {processor.py:914} INFO - Processing file /home/airflow/.local/lib/python3.12/site-packages/airflow/example_dags/example_task_group_decorator.py for tasks to queue
[2024-08-23T06:42:09.950+0000] {logging_mixin.py:190} INFO - [2024-08-23T06:42:09.949+0000] {dagbag.py:587} INFO - Filling up the DagBag from /home/airflow/.local/lib/python3.12/site-packages/airflow/example_dags/example_task_group_decorator.py
[2024-08-23T06:42:09.965+0000] {processor.py:925} INFO - DAG(s) 'example_task_group_decorator' retrieved from /home/airflow/.local/lib/python3.12/site-packages/airflow/example_dags/example_task_group_decorator.py
[2024-08-23T06:42:09.994+0000] {logging_mixin.py:190} INFO - [2024-08-23T06:42:09.993+0000] {dag.py:3211} INFO - Sync 1 DAGs
[2024-08-23T06:42:10.017+0000] {logging_mixin.py:190} INFO - [2024-08-23T06:42:10.017+0000] {dag.py:4138} INFO - Setting next_dagrun for example_task_group_decorator to 2024-08-22 00:00:00+00:00, run_after=2024-08-23 00:00:00+00:00
[2024-08-23T06:42:10.041+0000] {processor.py:208} INFO - Processing /home/airflow/.local/lib/python3.12/site-packages/airflow/example_dags/example_task_group_decorator.py took 0.102 seconds
[2024-08-23T07:54:14.284+0000] {processor.py:186} INFO - Started process (PID=108) to work on /home/airflow/.local/lib/python3.12/site-packages/airflow/example_dags/example_task_group_decorator.py
[2024-08-23T07:54:14.287+0000] {processor.py:914} INFO - Processing file /home/airflow/.local/lib/python3.12/site-packages/airflow/example_dags/example_task_group_decorator.py for tasks to queue
[2024-08-23T07:54:14.296+0000] {logging_mixin.py:190} INFO - [2024-08-23T07:54:14.294+0000] {dagbag.py:587} INFO - Filling up the DagBag from /home/airflow/.local/lib/python3.12/site-packages/airflow/example_dags/example_task_group_decorator.py
[2024-08-23T07:54:14.382+0000] {processor.py:925} INFO - DAG(s) 'example_task_group_decorator' retrieved from /home/airflow/.local/lib/python3.12/site-packages/airflow/example_dags/example_task_group_decorator.py
[2024-08-23T07:54:14.512+0000] {logging_mixin.py:190} INFO - [2024-08-23T07:54:14.511+0000] {dag.py:3211} INFO - Sync 1 DAGs
[2024-08-23T07:54:14.596+0000] {logging_mixin.py:190} INFO - [2024-08-23T07:54:14.596+0000] {dag.py:4138} INFO - Setting next_dagrun for example_task_group_decorator to 2024-08-22 00:00:00+00:00, run_after=2024-08-23 00:00:00+00:00
[2024-08-23T07:54:14.656+0000] {processor.py:208} INFO - Processing /home/airflow/.local/lib/python3.12/site-packages/airflow/example_dags/example_task_group_decorator.py took 0.397 seconds
[2024-08-23T07:54:45.533+0000] {processor.py:186} INFO - Started process (PID=170) to work on /home/airflow/.local/lib/python3.12/site-packages/airflow/example_dags/example_task_group_decorator.py
[2024-08-23T07:54:45.535+0000] {processor.py:914} INFO - Processing file /home/airflow/.local/lib/python3.12/site-packages/airflow/example_dags/example_task_group_decorator.py for tasks to queue
[2024-08-23T07:54:45.542+0000] {logging_mixin.py:190} INFO - [2024-08-23T07:54:45.541+0000] {dagbag.py:587} INFO - Filling up the DagBag from /home/airflow/.local/lib/python3.12/site-packages/airflow/example_dags/example_task_group_decorator.py
[2024-08-23T07:54:45.575+0000] {processor.py:925} INFO - DAG(s) 'example_task_group_decorator' retrieved from /home/airflow/.local/lib/python3.12/site-packages/airflow/example_dags/example_task_group_decorator.py
[2024-08-23T07:54:45.632+0000] {logging_mixin.py:190} INFO - [2024-08-23T07:54:45.631+0000] {dag.py:3211} INFO - Sync 1 DAGs
[2024-08-23T07:54:45.731+0000] {logging_mixin.py:190} INFO - [2024-08-23T07:54:45.730+0000] {dag.py:4138} INFO - Setting next_dagrun for example_task_group_decorator to 2024-08-22 00:00:00+00:00, run_after=2024-08-23 00:00:00+00:00
[2024-08-23T07:54:45.782+0000] {processor.py:208} INFO - Processing /home/airflow/.local/lib/python3.12/site-packages/airflow/example_dags/example_task_group_decorator.py took 0.261 seconds
[2024-08-23T07:55:15.910+0000] {processor.py:186} INFO - Started process (PID=232) to work on /home/airflow/.local/lib/python3.12/site-packages/airflow/example_dags/example_task_group_decorator.py
[2024-08-23T07:55:15.913+0000] {processor.py:914} INFO - Processing file /home/airflow/.local/lib/python3.12/site-packages/airflow/example_dags/example_task_group_decorator.py for tasks to queue
[2024-08-23T07:55:15.919+0000] {logging_mixin.py:190} INFO - [2024-08-23T07:55:15.918+0000] {dagbag.py:587} INFO - Filling up the DagBag from /home/airflow/.local/lib/python3.12/site-packages/airflow/example_dags/example_task_group_decorator.py
[2024-08-23T07:55:15.967+0000] {processor.py:925} INFO - DAG(s) 'example_task_group_decorator' retrieved from /home/airflow/.local/lib/python3.12/site-packages/airflow/example_dags/example_task_group_decorator.py
[2024-08-23T07:55:16.033+0000] {logging_mixin.py:190} INFO - [2024-08-23T07:55:16.032+0000] {dag.py:3211} INFO - Sync 1 DAGs
[2024-08-23T07:55:16.091+0000] {logging_mixin.py:190} INFO - [2024-08-23T07:55:16.090+0000] {dag.py:4138} INFO - Setting next_dagrun for example_task_group_decorator to 2024-08-22 00:00:00+00:00, run_after=2024-08-23 00:00:00+00:00
[2024-08-23T07:55:16.132+0000] {processor.py:208} INFO - Processing /home/airflow/.local/lib/python3.12/site-packages/airflow/example_dags/example_task_group_decorator.py took 0.236 seconds
[2024-08-23T08:20:34.652+0000] {processor.py:186} INFO - Started process (PID=103) to work on /home/airflow/.local/lib/python3.12/site-packages/airflow/example_dags/example_task_group_decorator.py
[2024-08-23T08:20:34.653+0000] {processor.py:914} INFO - Processing file /home/airflow/.local/lib/python3.12/site-packages/airflow/example_dags/example_task_group_decorator.py for tasks to queue
[2024-08-23T08:20:34.657+0000] {logging_mixin.py:190} INFO - [2024-08-23T08:20:34.656+0000] {dagbag.py:587} INFO - Filling up the DagBag from /home/airflow/.local/lib/python3.12/site-packages/airflow/example_dags/example_task_group_decorator.py
[2024-08-23T08:20:34.679+0000] {processor.py:925} INFO - DAG(s) 'example_task_group_decorator' retrieved from /home/airflow/.local/lib/python3.12/site-packages/airflow/example_dags/example_task_group_decorator.py
[2024-08-23T08:20:34.709+0000] {logging_mixin.py:190} INFO - [2024-08-23T08:20:34.708+0000] {dag.py:3211} INFO - Sync 1 DAGs
[2024-08-23T08:20:34.732+0000] {logging_mixin.py:190} INFO - [2024-08-23T08:20:34.732+0000] {dag.py:4138} INFO - Setting next_dagrun for example_task_group_decorator to 2024-08-22 00:00:00+00:00, run_after=2024-08-23 00:00:00+00:00
[2024-08-23T08:20:34.750+0000] {processor.py:208} INFO - Processing /home/airflow/.local/lib/python3.12/site-packages/airflow/example_dags/example_task_group_decorator.py took 0.106 seconds
[2024-08-23T08:23:28.623+0000] {processor.py:186} INFO - Started process (PID=100) to work on /home/airflow/.local/lib/python3.12/site-packages/airflow/example_dags/example_task_group_decorator.py
[2024-08-23T08:23:28.624+0000] {processor.py:914} INFO - Processing file /home/airflow/.local/lib/python3.12/site-packages/airflow/example_dags/example_task_group_decorator.py for tasks to queue
[2024-08-23T08:23:28.628+0000] {logging_mixin.py:190} INFO - [2024-08-23T08:23:28.627+0000] {dagbag.py:587} INFO - Filling up the DagBag from /home/airflow/.local/lib/python3.12/site-packages/airflow/example_dags/example_task_group_decorator.py
[2024-08-23T08:23:28.649+0000] {processor.py:925} INFO - DAG(s) 'example_task_group_decorator' retrieved from /home/airflow/.local/lib/python3.12/site-packages/airflow/example_dags/example_task_group_decorator.py
[2024-08-23T08:23:28.680+0000] {logging_mixin.py:190} INFO - [2024-08-23T08:23:28.679+0000] {dag.py:3211} INFO - Sync 1 DAGs
[2024-08-23T08:23:28.709+0000] {logging_mixin.py:190} INFO - [2024-08-23T08:23:28.709+0000] {dag.py:4138} INFO - Setting next_dagrun for example_task_group_decorator to 2024-08-22 00:00:00+00:00, run_after=2024-08-23 00:00:00+00:00
[2024-08-23T08:23:28.732+0000] {processor.py:208} INFO - Processing /home/airflow/.local/lib/python3.12/site-packages/airflow/example_dags/example_task_group_decorator.py took 0.116 seconds
[2024-08-23T08:23:59.484+0000] {processor.py:186} INFO - Started process (PID=163) to work on /home/airflow/.local/lib/python3.12/site-packages/airflow/example_dags/example_task_group_decorator.py
[2024-08-23T08:23:59.485+0000] {processor.py:914} INFO - Processing file /home/airflow/.local/lib/python3.12/site-packages/airflow/example_dags/example_task_group_decorator.py for tasks to queue
[2024-08-23T08:23:59.488+0000] {logging_mixin.py:190} INFO - [2024-08-23T08:23:59.487+0000] {dagbag.py:587} INFO - Filling up the DagBag from /home/airflow/.local/lib/python3.12/site-packages/airflow/example_dags/example_task_group_decorator.py
[2024-08-23T08:23:59.503+0000] {processor.py:925} INFO - DAG(s) 'example_task_group_decorator' retrieved from /home/airflow/.local/lib/python3.12/site-packages/airflow/example_dags/example_task_group_decorator.py
[2024-08-23T08:23:59.524+0000] {logging_mixin.py:190} INFO - [2024-08-23T08:23:59.524+0000] {dag.py:3211} INFO - Sync 1 DAGs
[2024-08-23T08:23:59.543+0000] {logging_mixin.py:190} INFO - [2024-08-23T08:23:59.542+0000] {dag.py:4138} INFO - Setting next_dagrun for example_task_group_decorator to 2024-08-22 00:00:00+00:00, run_after=2024-08-23 00:00:00+00:00
[2024-08-23T08:23:59.560+0000] {processor.py:208} INFO - Processing /home/airflow/.local/lib/python3.12/site-packages/airflow/example_dags/example_task_group_decorator.py took 0.082 seconds
[2024-08-23T08:24:30.325+0000] {processor.py:186} INFO - Started process (PID=225) to work on /home/airflow/.local/lib/python3.12/site-packages/airflow/example_dags/example_task_group_decorator.py
[2024-08-23T08:24:30.327+0000] {processor.py:914} INFO - Processing file /home/airflow/.local/lib/python3.12/site-packages/airflow/example_dags/example_task_group_decorator.py for tasks to queue
[2024-08-23T08:24:30.330+0000] {logging_mixin.py:190} INFO - [2024-08-23T08:24:30.329+0000] {dagbag.py:587} INFO - Filling up the DagBag from /home/airflow/.local/lib/python3.12/site-packages/airflow/example_dags/example_task_group_decorator.py
[2024-08-23T08:24:30.353+0000] {processor.py:925} INFO - DAG(s) 'example_task_group_decorator' retrieved from /home/airflow/.local/lib/python3.12/site-packages/airflow/example_dags/example_task_group_decorator.py
[2024-08-23T08:24:30.387+0000] {logging_mixin.py:190} INFO - [2024-08-23T08:24:30.386+0000] {dag.py:3211} INFO - Sync 1 DAGs
[2024-08-23T08:24:30.419+0000] {logging_mixin.py:190} INFO - [2024-08-23T08:24:30.419+0000] {dag.py:4138} INFO - Setting next_dagrun for example_task_group_decorator to 2024-08-22 00:00:00+00:00, run_after=2024-08-23 00:00:00+00:00
[2024-08-23T08:24:30.447+0000] {processor.py:208} INFO - Processing /home/airflow/.local/lib/python3.12/site-packages/airflow/example_dags/example_task_group_decorator.py took 0.131 seconds
[2024-08-23T08:25:03.485+0000] {processor.py:186} INFO - Started process (PID=287) to work on /home/airflow/.local/lib/python3.12/site-packages/airflow/example_dags/example_task_group_decorator.py
[2024-08-23T08:25:03.488+0000] {processor.py:914} INFO - Processing file /home/airflow/.local/lib/python3.12/site-packages/airflow/example_dags/example_task_group_decorator.py for tasks to queue
[2024-08-23T08:25:03.494+0000] {logging_mixin.py:190} INFO - [2024-08-23T08:25:03.493+0000] {dagbag.py:587} INFO - Filling up the DagBag from /home/airflow/.local/lib/python3.12/site-packages/airflow/example_dags/example_task_group_decorator.py
[2024-08-23T08:25:03.548+0000] {processor.py:925} INFO - DAG(s) 'example_task_group_decorator' retrieved from /home/airflow/.local/lib/python3.12/site-packages/airflow/example_dags/example_task_group_decorator.py
[2024-08-23T08:25:03.603+0000] {logging_mixin.py:190} INFO - [2024-08-23T08:25:03.603+0000] {dag.py:3211} INFO - Sync 1 DAGs
[2024-08-23T08:25:03.659+0000] {logging_mixin.py:190} INFO - [2024-08-23T08:25:03.658+0000] {dag.py:4138} INFO - Setting next_dagrun for example_task_group_decorator to 2024-08-22 00:00:00+00:00, run_after=2024-08-23 00:00:00+00:00
[2024-08-23T08:25:03.705+0000] {processor.py:208} INFO - Processing /home/airflow/.local/lib/python3.12/site-packages/airflow/example_dags/example_task_group_decorator.py took 0.235 seconds
[2024-08-23T08:25:34.084+0000] {processor.py:186} INFO - Started process (PID=349) to work on /home/airflow/.local/lib/python3.12/site-packages/airflow/example_dags/example_task_group_decorator.py
[2024-08-23T08:25:34.086+0000] {processor.py:914} INFO - Processing file /home/airflow/.local/lib/python3.12/site-packages/airflow/example_dags/example_task_group_decorator.py for tasks to queue
[2024-08-23T08:25:34.090+0000] {logging_mixin.py:190} INFO - [2024-08-23T08:25:34.090+0000] {dagbag.py:587} INFO - Filling up the DagBag from /home/airflow/.local/lib/python3.12/site-packages/airflow/example_dags/example_task_group_decorator.py
[2024-08-23T08:25:34.121+0000] {processor.py:925} INFO - DAG(s) 'example_task_group_decorator' retrieved from /home/airflow/.local/lib/python3.12/site-packages/airflow/example_dags/example_task_group_decorator.py
[2024-08-23T08:25:34.159+0000] {logging_mixin.py:190} INFO - [2024-08-23T08:25:34.158+0000] {dag.py:3211} INFO - Sync 1 DAGs
[2024-08-23T08:25:34.192+0000] {logging_mixin.py:190} INFO - [2024-08-23T08:25:34.192+0000] {dag.py:4138} INFO - Setting next_dagrun for example_task_group_decorator to 2024-08-22 00:00:00+00:00, run_after=2024-08-23 00:00:00+00:00
[2024-08-23T08:25:34.224+0000] {processor.py:208} INFO - Processing /home/airflow/.local/lib/python3.12/site-packages/airflow/example_dags/example_task_group_decorator.py took 0.150 seconds
[2024-08-23T08:26:04.952+0000] {processor.py:186} INFO - Started process (PID=411) to work on /home/airflow/.local/lib/python3.12/site-packages/airflow/example_dags/example_task_group_decorator.py
[2024-08-23T08:26:04.954+0000] {processor.py:914} INFO - Processing file /home/airflow/.local/lib/python3.12/site-packages/airflow/example_dags/example_task_group_decorator.py for tasks to queue
[2024-08-23T08:26:04.956+0000] {logging_mixin.py:190} INFO - [2024-08-23T08:26:04.956+0000] {dagbag.py:587} INFO - Filling up the DagBag from /home/airflow/.local/lib/python3.12/site-packages/airflow/example_dags/example_task_group_decorator.py
[2024-08-23T08:26:04.969+0000] {processor.py:925} INFO - DAG(s) 'example_task_group_decorator' retrieved from /home/airflow/.local/lib/python3.12/site-packages/airflow/example_dags/example_task_group_decorator.py
[2024-08-23T08:26:04.992+0000] {logging_mixin.py:190} INFO - [2024-08-23T08:26:04.992+0000] {dag.py:3211} INFO - Sync 1 DAGs
[2024-08-23T08:26:05.012+0000] {logging_mixin.py:190} INFO - [2024-08-23T08:26:05.011+0000] {dag.py:4138} INFO - Setting next_dagrun for example_task_group_decorator to 2024-08-22 00:00:00+00:00, run_after=2024-08-23 00:00:00+00:00
[2024-08-23T08:26:05.042+0000] {processor.py:208} INFO - Processing /home/airflow/.local/lib/python3.12/site-packages/airflow/example_dags/example_task_group_decorator.py took 0.095 seconds
[2024-08-23T08:26:35.463+0000] {processor.py:186} INFO - Started process (PID=473) to work on /home/airflow/.local/lib/python3.12/site-packages/airflow/example_dags/example_task_group_decorator.py
[2024-08-23T08:26:35.467+0000] {processor.py:914} INFO - Processing file /home/airflow/.local/lib/python3.12/site-packages/airflow/example_dags/example_task_group_decorator.py for tasks to queue
[2024-08-23T08:26:35.471+0000] {logging_mixin.py:190} INFO - [2024-08-23T08:26:35.470+0000] {dagbag.py:587} INFO - Filling up the DagBag from /home/airflow/.local/lib/python3.12/site-packages/airflow/example_dags/example_task_group_decorator.py
[2024-08-23T08:26:35.508+0000] {processor.py:925} INFO - DAG(s) 'example_task_group_decorator' retrieved from /home/airflow/.local/lib/python3.12/site-packages/airflow/example_dags/example_task_group_decorator.py
[2024-08-23T08:26:35.551+0000] {logging_mixin.py:190} INFO - [2024-08-23T08:26:35.551+0000] {dag.py:3211} INFO - Sync 1 DAGs
[2024-08-23T08:26:35.596+0000] {logging_mixin.py:190} INFO - [2024-08-23T08:26:35.596+0000] {dag.py:4138} INFO - Setting next_dagrun for example_task_group_decorator to 2024-08-22 00:00:00+00:00, run_after=2024-08-23 00:00:00+00:00
[2024-08-23T08:26:35.639+0000] {processor.py:208} INFO - Processing /home/airflow/.local/lib/python3.12/site-packages/airflow/example_dags/example_task_group_decorator.py took 0.191 seconds
[2024-08-23T10:25:06.244+0000] {processor.py:186} INFO - Started process (PID=105) to work on /home/airflow/.local/lib/python3.12/site-packages/airflow/example_dags/example_task_group_decorator.py
[2024-08-23T10:25:06.246+0000] {processor.py:914} INFO - Processing file /home/airflow/.local/lib/python3.12/site-packages/airflow/example_dags/example_task_group_decorator.py for tasks to queue
[2024-08-23T10:25:06.250+0000] {logging_mixin.py:190} INFO - [2024-08-23T10:25:06.249+0000] {dagbag.py:587} INFO - Filling up the DagBag from /home/airflow/.local/lib/python3.12/site-packages/airflow/example_dags/example_task_group_decorator.py
[2024-08-23T10:25:06.277+0000] {processor.py:925} INFO - DAG(s) 'example_task_group_decorator' retrieved from /home/airflow/.local/lib/python3.12/site-packages/airflow/example_dags/example_task_group_decorator.py
[2024-08-23T10:25:06.316+0000] {logging_mixin.py:190} INFO - [2024-08-23T10:25:06.316+0000] {dag.py:3211} INFO - Sync 1 DAGs
[2024-08-23T10:25:06.354+0000] {logging_mixin.py:190} INFO - [2024-08-23T10:25:06.354+0000] {dag.py:4138} INFO - Setting next_dagrun for example_task_group_decorator to 2024-08-22 00:00:00+00:00, run_after=2024-08-23 00:00:00+00:00
[2024-08-23T10:25:06.391+0000] {processor.py:208} INFO - Processing /home/airflow/.local/lib/python3.12/site-packages/airflow/example_dags/example_task_group_decorator.py took 0.155 seconds
[2024-08-23T10:25:36.475+0000] {processor.py:186} INFO - Started process (PID=167) to work on /home/airflow/.local/lib/python3.12/site-packages/airflow/example_dags/example_task_group_decorator.py
[2024-08-23T10:25:36.476+0000] {processor.py:914} INFO - Processing file /home/airflow/.local/lib/python3.12/site-packages/airflow/example_dags/example_task_group_decorator.py for tasks to queue
[2024-08-23T10:25:36.478+0000] {logging_mixin.py:190} INFO - [2024-08-23T10:25:36.477+0000] {dagbag.py:587} INFO - Filling up the DagBag from /home/airflow/.local/lib/python3.12/site-packages/airflow/example_dags/example_task_group_decorator.py
[2024-08-23T10:25:36.490+0000] {processor.py:925} INFO - DAG(s) 'example_task_group_decorator' retrieved from /home/airflow/.local/lib/python3.12/site-packages/airflow/example_dags/example_task_group_decorator.py
[2024-08-23T10:25:36.516+0000] {logging_mixin.py:190} INFO - [2024-08-23T10:25:36.516+0000] {dag.py:3211} INFO - Sync 1 DAGs
[2024-08-23T10:25:36.536+0000] {logging_mixin.py:190} INFO - [2024-08-23T10:25:36.536+0000] {dag.py:4138} INFO - Setting next_dagrun for example_task_group_decorator to 2024-08-22 00:00:00+00:00, run_after=2024-08-23 00:00:00+00:00
[2024-08-23T10:25:36.556+0000] {processor.py:208} INFO - Processing /home/airflow/.local/lib/python3.12/site-packages/airflow/example_dags/example_task_group_decorator.py took 0.085 seconds
[2024-08-23T10:26:07.297+0000] {processor.py:186} INFO - Started process (PID=229) to work on /home/airflow/.local/lib/python3.12/site-packages/airflow/example_dags/example_task_group_decorator.py
[2024-08-23T10:26:07.298+0000] {processor.py:914} INFO - Processing file /home/airflow/.local/lib/python3.12/site-packages/airflow/example_dags/example_task_group_decorator.py for tasks to queue
[2024-08-23T10:26:07.301+0000] {logging_mixin.py:190} INFO - [2024-08-23T10:26:07.300+0000] {dagbag.py:587} INFO - Filling up the DagBag from /home/airflow/.local/lib/python3.12/site-packages/airflow/example_dags/example_task_group_decorator.py
[2024-08-23T10:26:07.315+0000] {processor.py:925} INFO - DAG(s) 'example_task_group_decorator' retrieved from /home/airflow/.local/lib/python3.12/site-packages/airflow/example_dags/example_task_group_decorator.py
[2024-08-23T10:26:07.341+0000] {logging_mixin.py:190} INFO - [2024-08-23T10:26:07.340+0000] {dag.py:3211} INFO - Sync 1 DAGs
[2024-08-23T10:26:07.365+0000] {logging_mixin.py:190} INFO - [2024-08-23T10:26:07.365+0000] {dag.py:4138} INFO - Setting next_dagrun for example_task_group_decorator to 2024-08-22 00:00:00+00:00, run_after=2024-08-23 00:00:00+00:00
[2024-08-23T10:26:07.388+0000] {processor.py:208} INFO - Processing /home/airflow/.local/lib/python3.12/site-packages/airflow/example_dags/example_task_group_decorator.py took 0.097 seconds
[2024-08-23T10:26:38.369+0000] {processor.py:186} INFO - Started process (PID=291) to work on /home/airflow/.local/lib/python3.12/site-packages/airflow/example_dags/example_task_group_decorator.py
[2024-08-23T10:26:38.371+0000] {processor.py:914} INFO - Processing file /home/airflow/.local/lib/python3.12/site-packages/airflow/example_dags/example_task_group_decorator.py for tasks to queue
[2024-08-23T10:26:38.374+0000] {logging_mixin.py:190} INFO - [2024-08-23T10:26:38.373+0000] {dagbag.py:587} INFO - Filling up the DagBag from /home/airflow/.local/lib/python3.12/site-packages/airflow/example_dags/example_task_group_decorator.py
[2024-08-23T10:26:38.392+0000] {processor.py:925} INFO - DAG(s) 'example_task_group_decorator' retrieved from /home/airflow/.local/lib/python3.12/site-packages/airflow/example_dags/example_task_group_decorator.py
[2024-08-23T10:26:38.426+0000] {logging_mixin.py:190} INFO - [2024-08-23T10:26:38.425+0000] {dag.py:3211} INFO - Sync 1 DAGs
[2024-08-23T10:26:38.450+0000] {logging_mixin.py:190} INFO - [2024-08-23T10:26:38.449+0000] {dag.py:4138} INFO - Setting next_dagrun for example_task_group_decorator to 2024-08-22 00:00:00+00:00, run_after=2024-08-23 00:00:00+00:00
[2024-08-23T10:26:38.471+0000] {processor.py:208} INFO - Processing /home/airflow/.local/lib/python3.12/site-packages/airflow/example_dags/example_task_group_decorator.py took 0.111 seconds
[2024-08-23T10:27:10.910+0000] {processor.py:186} INFO - Started process (PID=353) to work on /home/airflow/.local/lib/python3.12/site-packages/airflow/example_dags/example_task_group_decorator.py
[2024-08-23T10:27:10.912+0000] {processor.py:914} INFO - Processing file /home/airflow/.local/lib/python3.12/site-packages/airflow/example_dags/example_task_group_decorator.py for tasks to queue
[2024-08-23T10:27:10.918+0000] {logging_mixin.py:190} INFO - [2024-08-23T10:27:10.918+0000] {dagbag.py:587} INFO - Filling up the DagBag from /home/airflow/.local/lib/python3.12/site-packages/airflow/example_dags/example_task_group_decorator.py
[2024-08-23T10:27:10.961+0000] {processor.py:925} INFO - DAG(s) 'example_task_group_decorator' retrieved from /home/airflow/.local/lib/python3.12/site-packages/airflow/example_dags/example_task_group_decorator.py
[2024-08-23T10:27:11.021+0000] {logging_mixin.py:190} INFO - [2024-08-23T10:27:11.020+0000] {dag.py:3211} INFO - Sync 1 DAGs
[2024-08-23T10:27:11.065+0000] {logging_mixin.py:190} INFO - [2024-08-23T10:27:11.065+0000] {dag.py:4138} INFO - Setting next_dagrun for example_task_group_decorator to 2024-08-22 00:00:00+00:00, run_after=2024-08-23 00:00:00+00:00
[2024-08-23T10:27:11.101+0000] {processor.py:208} INFO - Processing /home/airflow/.local/lib/python3.12/site-packages/airflow/example_dags/example_task_group_decorator.py took 0.204 seconds
[2024-08-23T10:27:42.269+0000] {processor.py:186} INFO - Started process (PID=415) to work on /home/airflow/.local/lib/python3.12/site-packages/airflow/example_dags/example_task_group_decorator.py
[2024-08-23T10:27:42.272+0000] {processor.py:914} INFO - Processing file /home/airflow/.local/lib/python3.12/site-packages/airflow/example_dags/example_task_group_decorator.py for tasks to queue
[2024-08-23T10:27:42.279+0000] {logging_mixin.py:190} INFO - [2024-08-23T10:27:42.278+0000] {dagbag.py:587} INFO - Filling up the DagBag from /home/airflow/.local/lib/python3.12/site-packages/airflow/example_dags/example_task_group_decorator.py
[2024-08-23T10:27:42.332+0000] {processor.py:925} INFO - DAG(s) 'example_task_group_decorator' retrieved from /home/airflow/.local/lib/python3.12/site-packages/airflow/example_dags/example_task_group_decorator.py
[2024-08-23T10:27:42.412+0000] {logging_mixin.py:190} INFO - [2024-08-23T10:27:42.411+0000] {dag.py:3211} INFO - Sync 1 DAGs
[2024-08-23T10:27:42.498+0000] {logging_mixin.py:190} INFO - [2024-08-23T10:27:42.497+0000] {dag.py:4138} INFO - Setting next_dagrun for example_task_group_decorator to 2024-08-22 00:00:00+00:00, run_after=2024-08-23 00:00:00+00:00
[2024-08-23T10:27:42.557+0000] {processor.py:208} INFO - Processing /home/airflow/.local/lib/python3.12/site-packages/airflow/example_dags/example_task_group_decorator.py took 0.309 seconds
