[2024-08-23T06:38:33.275+0000] {processor.py:186} INFO - Started process (PID=97) to work on /home/airflow/.local/lib/python3.12/site-packages/airflow/example_dags/example_nested_branch_dag.py
[2024-08-23T06:38:33.276+0000] {processor.py:914} INFO - Processing file /home/airflow/.local/lib/python3.12/site-packages/airflow/example_dags/example_nested_branch_dag.py for tasks to queue
[2024-08-23T06:38:33.279+0000] {logging_mixin.py:190} INFO - [2024-08-23T06:38:33.279+0000] {dagbag.py:587} INFO - Filling up the DagBag from /home/airflow/.local/lib/python3.12/site-packages/airflow/example_dags/example_nested_branch_dag.py
[2024-08-23T06:38:33.294+0000] {processor.py:925} INFO - DAG(s) 'example_nested_branch_dag' retrieved from /home/airflow/.local/lib/python3.12/site-packages/airflow/example_dags/example_nested_branch_dag.py
[2024-08-23T06:38:33.450+0000] {logging_mixin.py:190} INFO - [2024-08-23T06:38:33.449+0000] {override.py:1858} INFO - Created Permission View: can edit on DAG:example_nested_branch_dag
[2024-08-23T06:38:33.463+0000] {logging_mixin.py:190} INFO - [2024-08-23T06:38:33.463+0000] {override.py:1858} INFO - Created Permission View: can delete on DAG:example_nested_branch_dag
[2024-08-23T06:38:33.473+0000] {logging_mixin.py:190} INFO - [2024-08-23T06:38:33.473+0000] {override.py:1858} INFO - Created Permission View: can read on DAG:example_nested_branch_dag
[2024-08-23T06:38:33.475+0000] {logging_mixin.py:190} INFO - [2024-08-23T06:38:33.474+0000] {dag.py:3211} INFO - Sync 1 DAGs
[2024-08-23T06:38:33.498+0000] {logging_mixin.py:190} INFO - [2024-08-23T06:38:33.497+0000] {dag.py:3234} INFO - Creating ORM DAG for example_nested_branch_dag
[2024-08-23T06:38:33.514+0000] {logging_mixin.py:190} INFO - [2024-08-23T06:38:33.514+0000] {dag.py:4138} INFO - Setting next_dagrun for example_nested_branch_dag to 2024-08-22 00:00:00+00:00, run_after=2024-08-23 00:00:00+00:00
[2024-08-23T06:38:33.535+0000] {processor.py:208} INFO - Processing /home/airflow/.local/lib/python3.12/site-packages/airflow/example_dags/example_nested_branch_dag.py took 0.267 seconds
[2024-08-23T06:39:03.753+0000] {processor.py:186} INFO - Started process (PID=159) to work on /home/airflow/.local/lib/python3.12/site-packages/airflow/example_dags/example_nested_branch_dag.py
[2024-08-23T06:39:03.755+0000] {processor.py:914} INFO - Processing file /home/airflow/.local/lib/python3.12/site-packages/airflow/example_dags/example_nested_branch_dag.py for tasks to queue
[2024-08-23T06:39:03.761+0000] {logging_mixin.py:190} INFO - [2024-08-23T06:39:03.760+0000] {dagbag.py:587} INFO - Filling up the DagBag from /home/airflow/.local/lib/python3.12/site-packages/airflow/example_dags/example_nested_branch_dag.py
[2024-08-23T06:39:03.783+0000] {processor.py:925} INFO - DAG(s) 'example_nested_branch_dag' retrieved from /home/airflow/.local/lib/python3.12/site-packages/airflow/example_dags/example_nested_branch_dag.py
[2024-08-23T06:39:03.828+0000] {logging_mixin.py:190} INFO - [2024-08-23T06:39:03.828+0000] {dag.py:3211} INFO - Sync 1 DAGs
[2024-08-23T06:39:03.879+0000] {logging_mixin.py:190} INFO - [2024-08-23T06:39:03.878+0000] {dag.py:4138} INFO - Setting next_dagrun for example_nested_branch_dag to 2024-08-22 00:00:00+00:00, run_after=2024-08-23 00:00:00+00:00
[2024-08-23T06:39:03.914+0000] {processor.py:208} INFO - Processing /home/airflow/.local/lib/python3.12/site-packages/airflow/example_dags/example_nested_branch_dag.py took 0.174 seconds
[2024-08-23T06:39:34.190+0000] {processor.py:186} INFO - Started process (PID=221) to work on /home/airflow/.local/lib/python3.12/site-packages/airflow/example_dags/example_nested_branch_dag.py
[2024-08-23T06:39:34.192+0000] {processor.py:914} INFO - Processing file /home/airflow/.local/lib/python3.12/site-packages/airflow/example_dags/example_nested_branch_dag.py for tasks to queue
[2024-08-23T06:39:34.196+0000] {logging_mixin.py:190} INFO - [2024-08-23T06:39:34.195+0000] {dagbag.py:587} INFO - Filling up the DagBag from /home/airflow/.local/lib/python3.12/site-packages/airflow/example_dags/example_nested_branch_dag.py
[2024-08-23T06:39:34.215+0000] {processor.py:925} INFO - DAG(s) 'example_nested_branch_dag' retrieved from /home/airflow/.local/lib/python3.12/site-packages/airflow/example_dags/example_nested_branch_dag.py
[2024-08-23T06:39:34.251+0000] {logging_mixin.py:190} INFO - [2024-08-23T06:39:34.251+0000] {dag.py:3211} INFO - Sync 1 DAGs
[2024-08-23T06:39:34.293+0000] {logging_mixin.py:190} INFO - [2024-08-23T06:39:34.292+0000] {dag.py:4138} INFO - Setting next_dagrun for example_nested_branch_dag to 2024-08-22 00:00:00+00:00, run_after=2024-08-23 00:00:00+00:00
[2024-08-23T06:39:34.330+0000] {processor.py:208} INFO - Processing /home/airflow/.local/lib/python3.12/site-packages/airflow/example_dags/example_nested_branch_dag.py took 0.148 seconds
[2024-08-23T06:40:05.557+0000] {processor.py:186} INFO - Started process (PID=283) to work on /home/airflow/.local/lib/python3.12/site-packages/airflow/example_dags/example_nested_branch_dag.py
[2024-08-23T06:40:05.561+0000] {processor.py:914} INFO - Processing file /home/airflow/.local/lib/python3.12/site-packages/airflow/example_dags/example_nested_branch_dag.py for tasks to queue
[2024-08-23T06:40:05.570+0000] {logging_mixin.py:190} INFO - [2024-08-23T06:40:05.569+0000] {dagbag.py:587} INFO - Filling up the DagBag from /home/airflow/.local/lib/python3.12/site-packages/airflow/example_dags/example_nested_branch_dag.py
[2024-08-23T06:40:05.620+0000] {processor.py:925} INFO - DAG(s) 'example_nested_branch_dag' retrieved from /home/airflow/.local/lib/python3.12/site-packages/airflow/example_dags/example_nested_branch_dag.py
[2024-08-23T06:40:05.700+0000] {logging_mixin.py:190} INFO - [2024-08-23T06:40:05.699+0000] {dag.py:3211} INFO - Sync 1 DAGs
[2024-08-23T06:40:05.773+0000] {logging_mixin.py:190} INFO - [2024-08-23T06:40:05.772+0000] {dag.py:4138} INFO - Setting next_dagrun for example_nested_branch_dag to 2024-08-22 00:00:00+00:00, run_after=2024-08-23 00:00:00+00:00
[2024-08-23T06:40:05.828+0000] {processor.py:208} INFO - Processing /home/airflow/.local/lib/python3.12/site-packages/airflow/example_dags/example_nested_branch_dag.py took 0.297 seconds
[2024-08-23T06:40:35.928+0000] {processor.py:186} INFO - Started process (PID=345) to work on /home/airflow/.local/lib/python3.12/site-packages/airflow/example_dags/example_nested_branch_dag.py
[2024-08-23T06:40:35.931+0000] {processor.py:914} INFO - Processing file /home/airflow/.local/lib/python3.12/site-packages/airflow/example_dags/example_nested_branch_dag.py for tasks to queue
[2024-08-23T06:40:35.936+0000] {logging_mixin.py:190} INFO - [2024-08-23T06:40:35.935+0000] {dagbag.py:587} INFO - Filling up the DagBag from /home/airflow/.local/lib/python3.12/site-packages/airflow/example_dags/example_nested_branch_dag.py
[2024-08-23T06:40:35.958+0000] {processor.py:925} INFO - DAG(s) 'example_nested_branch_dag' retrieved from /home/airflow/.local/lib/python3.12/site-packages/airflow/example_dags/example_nested_branch_dag.py
[2024-08-23T06:40:36.000+0000] {logging_mixin.py:190} INFO - [2024-08-23T06:40:35.999+0000] {dag.py:3211} INFO - Sync 1 DAGs
[2024-08-23T06:40:36.054+0000] {logging_mixin.py:190} INFO - [2024-08-23T06:40:36.054+0000] {dag.py:4138} INFO - Setting next_dagrun for example_nested_branch_dag to 2024-08-22 00:00:00+00:00, run_after=2024-08-23 00:00:00+00:00
[2024-08-23T06:40:36.120+0000] {processor.py:208} INFO - Processing /home/airflow/.local/lib/python3.12/site-packages/airflow/example_dags/example_nested_branch_dag.py took 0.202 seconds
[2024-08-23T06:41:06.180+0000] {processor.py:186} INFO - Started process (PID=407) to work on /home/airflow/.local/lib/python3.12/site-packages/airflow/example_dags/example_nested_branch_dag.py
[2024-08-23T06:41:06.182+0000] {processor.py:914} INFO - Processing file /home/airflow/.local/lib/python3.12/site-packages/airflow/example_dags/example_nested_branch_dag.py for tasks to queue
[2024-08-23T06:41:06.185+0000] {logging_mixin.py:190} INFO - [2024-08-23T06:41:06.185+0000] {dagbag.py:587} INFO - Filling up the DagBag from /home/airflow/.local/lib/python3.12/site-packages/airflow/example_dags/example_nested_branch_dag.py
[2024-08-23T06:41:06.206+0000] {processor.py:925} INFO - DAG(s) 'example_nested_branch_dag' retrieved from /home/airflow/.local/lib/python3.12/site-packages/airflow/example_dags/example_nested_branch_dag.py
[2024-08-23T06:41:06.245+0000] {logging_mixin.py:190} INFO - [2024-08-23T06:41:06.244+0000] {dag.py:3211} INFO - Sync 1 DAGs
[2024-08-23T06:41:06.281+0000] {logging_mixin.py:190} INFO - [2024-08-23T06:41:06.281+0000] {dag.py:4138} INFO - Setting next_dagrun for example_nested_branch_dag to 2024-08-22 00:00:00+00:00, run_after=2024-08-23 00:00:00+00:00
[2024-08-23T06:41:06.318+0000] {processor.py:208} INFO - Processing /home/airflow/.local/lib/python3.12/site-packages/airflow/example_dags/example_nested_branch_dag.py took 0.147 seconds
[2024-08-23T06:41:37.236+0000] {processor.py:186} INFO - Started process (PID=469) to work on /home/airflow/.local/lib/python3.12/site-packages/airflow/example_dags/example_nested_branch_dag.py
[2024-08-23T06:41:37.239+0000] {processor.py:914} INFO - Processing file /home/airflow/.local/lib/python3.12/site-packages/airflow/example_dags/example_nested_branch_dag.py for tasks to queue
[2024-08-23T06:41:37.241+0000] {logging_mixin.py:190} INFO - [2024-08-23T06:41:37.241+0000] {dagbag.py:587} INFO - Filling up the DagBag from /home/airflow/.local/lib/python3.12/site-packages/airflow/example_dags/example_nested_branch_dag.py
[2024-08-23T06:41:37.281+0000] {processor.py:925} INFO - DAG(s) 'example_nested_branch_dag' retrieved from /home/airflow/.local/lib/python3.12/site-packages/airflow/example_dags/example_nested_branch_dag.py
[2024-08-23T06:41:37.307+0000] {logging_mixin.py:190} INFO - [2024-08-23T06:41:37.307+0000] {dag.py:3211} INFO - Sync 1 DAGs
[2024-08-23T06:41:37.341+0000] {logging_mixin.py:190} INFO - [2024-08-23T06:41:37.341+0000] {dag.py:4138} INFO - Setting next_dagrun for example_nested_branch_dag to 2024-08-22 00:00:00+00:00, run_after=2024-08-23 00:00:00+00:00
[2024-08-23T06:41:37.373+0000] {processor.py:208} INFO - Processing /home/airflow/.local/lib/python3.12/site-packages/airflow/example_dags/example_nested_branch_dag.py took 0.147 seconds
[2024-08-23T06:42:07.477+0000] {processor.py:186} INFO - Started process (PID=531) to work on /home/airflow/.local/lib/python3.12/site-packages/airflow/example_dags/example_nested_branch_dag.py
[2024-08-23T06:42:07.478+0000] {processor.py:914} INFO - Processing file /home/airflow/.local/lib/python3.12/site-packages/airflow/example_dags/example_nested_branch_dag.py for tasks to queue
[2024-08-23T06:42:07.480+0000] {logging_mixin.py:190} INFO - [2024-08-23T06:42:07.480+0000] {dagbag.py:587} INFO - Filling up the DagBag from /home/airflow/.local/lib/python3.12/site-packages/airflow/example_dags/example_nested_branch_dag.py
[2024-08-23T06:42:07.496+0000] {processor.py:925} INFO - DAG(s) 'example_nested_branch_dag' retrieved from /home/airflow/.local/lib/python3.12/site-packages/airflow/example_dags/example_nested_branch_dag.py
[2024-08-23T06:42:07.529+0000] {logging_mixin.py:190} INFO - [2024-08-23T06:42:07.529+0000] {dag.py:3211} INFO - Sync 1 DAGs
[2024-08-23T06:42:07.609+0000] {logging_mixin.py:190} INFO - [2024-08-23T06:42:07.599+0000] {dag.py:4138} INFO - Setting next_dagrun for example_nested_branch_dag to 2024-08-22 00:00:00+00:00, run_after=2024-08-23 00:00:00+00:00
[2024-08-23T06:42:07.660+0000] {processor.py:208} INFO - Processing /home/airflow/.local/lib/python3.12/site-packages/airflow/example_dags/example_nested_branch_dag.py took 0.193 seconds
[2024-08-23T07:54:13.033+0000] {processor.py:186} INFO - Started process (PID=100) to work on /home/airflow/.local/lib/python3.12/site-packages/airflow/example_dags/example_nested_branch_dag.py
[2024-08-23T07:54:13.035+0000] {processor.py:914} INFO - Processing file /home/airflow/.local/lib/python3.12/site-packages/airflow/example_dags/example_nested_branch_dag.py for tasks to queue
[2024-08-23T07:54:13.039+0000] {logging_mixin.py:190} INFO - [2024-08-23T07:54:13.038+0000] {dagbag.py:587} INFO - Filling up the DagBag from /home/airflow/.local/lib/python3.12/site-packages/airflow/example_dags/example_nested_branch_dag.py
[2024-08-23T07:54:13.061+0000] {processor.py:925} INFO - DAG(s) 'example_nested_branch_dag' retrieved from /home/airflow/.local/lib/python3.12/site-packages/airflow/example_dags/example_nested_branch_dag.py
[2024-08-23T07:54:13.099+0000] {logging_mixin.py:190} INFO - [2024-08-23T07:54:13.098+0000] {dag.py:3211} INFO - Sync 1 DAGs
[2024-08-23T07:54:13.145+0000] {logging_mixin.py:190} INFO - [2024-08-23T07:54:13.144+0000] {dag.py:4138} INFO - Setting next_dagrun for example_nested_branch_dag to 2024-08-22 00:00:00+00:00, run_after=2024-08-23 00:00:00+00:00
[2024-08-23T07:54:13.186+0000] {processor.py:208} INFO - Processing /home/airflow/.local/lib/python3.12/site-packages/airflow/example_dags/example_nested_branch_dag.py took 0.165 seconds
[2024-08-23T07:54:44.407+0000] {processor.py:186} INFO - Started process (PID=162) to work on /home/airflow/.local/lib/python3.12/site-packages/airflow/example_dags/example_nested_branch_dag.py
[2024-08-23T07:54:44.410+0000] {processor.py:914} INFO - Processing file /home/airflow/.local/lib/python3.12/site-packages/airflow/example_dags/example_nested_branch_dag.py for tasks to queue
[2024-08-23T07:54:44.417+0000] {logging_mixin.py:190} INFO - [2024-08-23T07:54:44.416+0000] {dagbag.py:587} INFO - Filling up the DagBag from /home/airflow/.local/lib/python3.12/site-packages/airflow/example_dags/example_nested_branch_dag.py
[2024-08-23T07:54:44.449+0000] {processor.py:925} INFO - DAG(s) 'example_nested_branch_dag' retrieved from /home/airflow/.local/lib/python3.12/site-packages/airflow/example_dags/example_nested_branch_dag.py
[2024-08-23T07:54:44.496+0000] {logging_mixin.py:190} INFO - [2024-08-23T07:54:44.496+0000] {dag.py:3211} INFO - Sync 1 DAGs
[2024-08-23T07:54:44.558+0000] {logging_mixin.py:190} INFO - [2024-08-23T07:54:44.558+0000] {dag.py:4138} INFO - Setting next_dagrun for example_nested_branch_dag to 2024-08-22 00:00:00+00:00, run_after=2024-08-23 00:00:00+00:00
[2024-08-23T07:54:44.621+0000] {processor.py:208} INFO - Processing /home/airflow/.local/lib/python3.12/site-packages/airflow/example_dags/example_nested_branch_dag.py took 0.227 seconds
[2024-08-23T07:55:14.836+0000] {processor.py:186} INFO - Started process (PID=224) to work on /home/airflow/.local/lib/python3.12/site-packages/airflow/example_dags/example_nested_branch_dag.py
[2024-08-23T07:55:14.837+0000] {processor.py:914} INFO - Processing file /home/airflow/.local/lib/python3.12/site-packages/airflow/example_dags/example_nested_branch_dag.py for tasks to queue
[2024-08-23T07:55:14.840+0000] {logging_mixin.py:190} INFO - [2024-08-23T07:55:14.840+0000] {dagbag.py:587} INFO - Filling up the DagBag from /home/airflow/.local/lib/python3.12/site-packages/airflow/example_dags/example_nested_branch_dag.py
[2024-08-23T07:55:14.854+0000] {processor.py:925} INFO - DAG(s) 'example_nested_branch_dag' retrieved from /home/airflow/.local/lib/python3.12/site-packages/airflow/example_dags/example_nested_branch_dag.py
[2024-08-23T07:55:14.882+0000] {logging_mixin.py:190} INFO - [2024-08-23T07:55:14.882+0000] {dag.py:3211} INFO - Sync 1 DAGs
[2024-08-23T07:55:14.911+0000] {logging_mixin.py:190} INFO - [2024-08-23T07:55:14.911+0000] {dag.py:4138} INFO - Setting next_dagrun for example_nested_branch_dag to 2024-08-22 00:00:00+00:00, run_after=2024-08-23 00:00:00+00:00
[2024-08-23T07:55:14.934+0000] {processor.py:208} INFO - Processing /home/airflow/.local/lib/python3.12/site-packages/airflow/example_dags/example_nested_branch_dag.py took 0.107 seconds
[2024-08-23T08:20:34.059+0000] {processor.py:186} INFO - Started process (PID=95) to work on /home/airflow/.local/lib/python3.12/site-packages/airflow/example_dags/example_nested_branch_dag.py
[2024-08-23T08:20:34.061+0000] {processor.py:914} INFO - Processing file /home/airflow/.local/lib/python3.12/site-packages/airflow/example_dags/example_nested_branch_dag.py for tasks to queue
[2024-08-23T08:20:34.064+0000] {logging_mixin.py:190} INFO - [2024-08-23T08:20:34.063+0000] {dagbag.py:587} INFO - Filling up the DagBag from /home/airflow/.local/lib/python3.12/site-packages/airflow/example_dags/example_nested_branch_dag.py
[2024-08-23T08:20:34.077+0000] {processor.py:925} INFO - DAG(s) 'example_nested_branch_dag' retrieved from /home/airflow/.local/lib/python3.12/site-packages/airflow/example_dags/example_nested_branch_dag.py
[2024-08-23T08:20:34.099+0000] {logging_mixin.py:190} INFO - [2024-08-23T08:20:34.099+0000] {dag.py:3211} INFO - Sync 1 DAGs
[2024-08-23T08:20:34.125+0000] {logging_mixin.py:190} INFO - [2024-08-23T08:20:34.124+0000] {dag.py:4138} INFO - Setting next_dagrun for example_nested_branch_dag to 2024-08-22 00:00:00+00:00, run_after=2024-08-23 00:00:00+00:00
[2024-08-23T08:20:34.146+0000] {processor.py:208} INFO - Processing /home/airflow/.local/lib/python3.12/site-packages/airflow/example_dags/example_nested_branch_dag.py took 0.093 seconds
[2024-08-23T08:23:28.117+0000] {processor.py:186} INFO - Started process (PID=92) to work on /home/airflow/.local/lib/python3.12/site-packages/airflow/example_dags/example_nested_branch_dag.py
[2024-08-23T08:23:28.118+0000] {processor.py:914} INFO - Processing file /home/airflow/.local/lib/python3.12/site-packages/airflow/example_dags/example_nested_branch_dag.py for tasks to queue
[2024-08-23T08:23:28.121+0000] {logging_mixin.py:190} INFO - [2024-08-23T08:23:28.120+0000] {dagbag.py:587} INFO - Filling up the DagBag from /home/airflow/.local/lib/python3.12/site-packages/airflow/example_dags/example_nested_branch_dag.py
[2024-08-23T08:23:28.134+0000] {processor.py:925} INFO - DAG(s) 'example_nested_branch_dag' retrieved from /home/airflow/.local/lib/python3.12/site-packages/airflow/example_dags/example_nested_branch_dag.py
[2024-08-23T08:23:28.161+0000] {logging_mixin.py:190} INFO - [2024-08-23T08:23:28.161+0000] {dag.py:3211} INFO - Sync 1 DAGs
[2024-08-23T08:23:28.186+0000] {logging_mixin.py:190} INFO - [2024-08-23T08:23:28.186+0000] {dag.py:4138} INFO - Setting next_dagrun for example_nested_branch_dag to 2024-08-22 00:00:00+00:00, run_after=2024-08-23 00:00:00+00:00
[2024-08-23T08:23:28.205+0000] {processor.py:208} INFO - Processing /home/airflow/.local/lib/python3.12/site-packages/airflow/example_dags/example_nested_branch_dag.py took 0.096 seconds
[2024-08-23T08:23:59.072+0000] {processor.py:186} INFO - Started process (PID=155) to work on /home/airflow/.local/lib/python3.12/site-packages/airflow/example_dags/example_nested_branch_dag.py
[2024-08-23T08:23:59.073+0000] {processor.py:914} INFO - Processing file /home/airflow/.local/lib/python3.12/site-packages/airflow/example_dags/example_nested_branch_dag.py for tasks to queue
[2024-08-23T08:23:59.078+0000] {logging_mixin.py:190} INFO - [2024-08-23T08:23:59.078+0000] {dagbag.py:587} INFO - Filling up the DagBag from /home/airflow/.local/lib/python3.12/site-packages/airflow/example_dags/example_nested_branch_dag.py
[2024-08-23T08:23:59.088+0000] {processor.py:925} INFO - DAG(s) 'example_nested_branch_dag' retrieved from /home/airflow/.local/lib/python3.12/site-packages/airflow/example_dags/example_nested_branch_dag.py
[2024-08-23T08:23:59.105+0000] {logging_mixin.py:190} INFO - [2024-08-23T08:23:59.104+0000] {dag.py:3211} INFO - Sync 1 DAGs
[2024-08-23T08:23:59.123+0000] {logging_mixin.py:190} INFO - [2024-08-23T08:23:59.123+0000] {dag.py:4138} INFO - Setting next_dagrun for example_nested_branch_dag to 2024-08-22 00:00:00+00:00, run_after=2024-08-23 00:00:00+00:00
[2024-08-23T08:23:59.143+0000] {processor.py:208} INFO - Processing /home/airflow/.local/lib/python3.12/site-packages/airflow/example_dags/example_nested_branch_dag.py took 0.076 seconds
[2024-08-23T08:24:29.514+0000] {processor.py:186} INFO - Started process (PID=217) to work on /home/airflow/.local/lib/python3.12/site-packages/airflow/example_dags/example_nested_branch_dag.py
[2024-08-23T08:24:29.515+0000] {processor.py:914} INFO - Processing file /home/airflow/.local/lib/python3.12/site-packages/airflow/example_dags/example_nested_branch_dag.py for tasks to queue
[2024-08-23T08:24:29.518+0000] {logging_mixin.py:190} INFO - [2024-08-23T08:24:29.517+0000] {dagbag.py:587} INFO - Filling up the DagBag from /home/airflow/.local/lib/python3.12/site-packages/airflow/example_dags/example_nested_branch_dag.py
[2024-08-23T08:24:29.530+0000] {processor.py:925} INFO - DAG(s) 'example_nested_branch_dag' retrieved from /home/airflow/.local/lib/python3.12/site-packages/airflow/example_dags/example_nested_branch_dag.py
[2024-08-23T08:24:29.555+0000] {logging_mixin.py:190} INFO - [2024-08-23T08:24:29.555+0000] {dag.py:3211} INFO - Sync 1 DAGs
[2024-08-23T08:24:29.585+0000] {logging_mixin.py:190} INFO - [2024-08-23T08:24:29.584+0000] {dag.py:4138} INFO - Setting next_dagrun for example_nested_branch_dag to 2024-08-22 00:00:00+00:00, run_after=2024-08-23 00:00:00+00:00
[2024-08-23T08:24:29.607+0000] {processor.py:208} INFO - Processing /home/airflow/.local/lib/python3.12/site-packages/airflow/example_dags/example_nested_branch_dag.py took 0.099 seconds
[2024-08-23T08:25:01.850+0000] {processor.py:186} INFO - Started process (PID=279) to work on /home/airflow/.local/lib/python3.12/site-packages/airflow/example_dags/example_nested_branch_dag.py
[2024-08-23T08:25:01.852+0000] {processor.py:914} INFO - Processing file /home/airflow/.local/lib/python3.12/site-packages/airflow/example_dags/example_nested_branch_dag.py for tasks to queue
[2024-08-23T08:25:01.857+0000] {logging_mixin.py:190} INFO - [2024-08-23T08:25:01.857+0000] {dagbag.py:587} INFO - Filling up the DagBag from /home/airflow/.local/lib/python3.12/site-packages/airflow/example_dags/example_nested_branch_dag.py
[2024-08-23T08:25:01.884+0000] {processor.py:925} INFO - DAG(s) 'example_nested_branch_dag' retrieved from /home/airflow/.local/lib/python3.12/site-packages/airflow/example_dags/example_nested_branch_dag.py
[2024-08-23T08:25:01.930+0000] {logging_mixin.py:190} INFO - [2024-08-23T08:25:01.930+0000] {dag.py:3211} INFO - Sync 1 DAGs
[2024-08-23T08:25:01.982+0000] {logging_mixin.py:190} INFO - [2024-08-23T08:25:01.982+0000] {dag.py:4138} INFO - Setting next_dagrun for example_nested_branch_dag to 2024-08-22 00:00:00+00:00, run_after=2024-08-23 00:00:00+00:00
[2024-08-23T08:25:02.020+0000] {processor.py:208} INFO - Processing /home/airflow/.local/lib/python3.12/site-packages/airflow/example_dags/example_nested_branch_dag.py took 0.186 seconds
[2024-08-23T08:25:32.482+0000] {processor.py:186} INFO - Started process (PID=341) to work on /home/airflow/.local/lib/python3.12/site-packages/airflow/example_dags/example_nested_branch_dag.py
[2024-08-23T08:25:32.483+0000] {processor.py:914} INFO - Processing file /home/airflow/.local/lib/python3.12/site-packages/airflow/example_dags/example_nested_branch_dag.py for tasks to queue
[2024-08-23T08:25:32.486+0000] {logging_mixin.py:190} INFO - [2024-08-23T08:25:32.486+0000] {dagbag.py:587} INFO - Filling up the DagBag from /home/airflow/.local/lib/python3.12/site-packages/airflow/example_dags/example_nested_branch_dag.py
[2024-08-23T08:25:32.500+0000] {processor.py:925} INFO - DAG(s) 'example_nested_branch_dag' retrieved from /home/airflow/.local/lib/python3.12/site-packages/airflow/example_dags/example_nested_branch_dag.py
[2024-08-23T08:25:32.523+0000] {logging_mixin.py:190} INFO - [2024-08-23T08:25:32.523+0000] {dag.py:3211} INFO - Sync 1 DAGs
[2024-08-23T08:25:32.547+0000] {logging_mixin.py:190} INFO - [2024-08-23T08:25:32.547+0000] {dag.py:4138} INFO - Setting next_dagrun for example_nested_branch_dag to 2024-08-22 00:00:00+00:00, run_after=2024-08-23 00:00:00+00:00
[2024-08-23T08:25:32.571+0000] {processor.py:208} INFO - Processing /home/airflow/.local/lib/python3.12/site-packages/airflow/example_dags/example_nested_branch_dag.py took 0.095 seconds
[2024-08-23T08:26:02.610+0000] {processor.py:186} INFO - Started process (PID=403) to work on /home/airflow/.local/lib/python3.12/site-packages/airflow/example_dags/example_nested_branch_dag.py
[2024-08-23T08:26:02.611+0000] {processor.py:914} INFO - Processing file /home/airflow/.local/lib/python3.12/site-packages/airflow/example_dags/example_nested_branch_dag.py for tasks to queue
[2024-08-23T08:26:02.613+0000] {logging_mixin.py:190} INFO - [2024-08-23T08:26:02.612+0000] {dagbag.py:587} INFO - Filling up the DagBag from /home/airflow/.local/lib/python3.12/site-packages/airflow/example_dags/example_nested_branch_dag.py
[2024-08-23T08:26:02.623+0000] {processor.py:925} INFO - DAG(s) 'example_nested_branch_dag' retrieved from /home/airflow/.local/lib/python3.12/site-packages/airflow/example_dags/example_nested_branch_dag.py
[2024-08-23T08:26:02.643+0000] {logging_mixin.py:190} INFO - [2024-08-23T08:26:02.643+0000] {dag.py:3211} INFO - Sync 1 DAGs
[2024-08-23T08:26:02.664+0000] {logging_mixin.py:190} INFO - [2024-08-23T08:26:02.663+0000] {dag.py:4138} INFO - Setting next_dagrun for example_nested_branch_dag to 2024-08-22 00:00:00+00:00, run_after=2024-08-23 00:00:00+00:00
[2024-08-23T08:26:02.682+0000] {processor.py:208} INFO - Processing /home/airflow/.local/lib/python3.12/site-packages/airflow/example_dags/example_nested_branch_dag.py took 0.078 seconds
[2024-08-23T08:26:32.934+0000] {processor.py:186} INFO - Started process (PID=465) to work on /home/airflow/.local/lib/python3.12/site-packages/airflow/example_dags/example_nested_branch_dag.py
[2024-08-23T08:26:32.935+0000] {processor.py:914} INFO - Processing file /home/airflow/.local/lib/python3.12/site-packages/airflow/example_dags/example_nested_branch_dag.py for tasks to queue
[2024-08-23T08:26:32.937+0000] {logging_mixin.py:190} INFO - [2024-08-23T08:26:32.937+0000] {dagbag.py:587} INFO - Filling up the DagBag from /home/airflow/.local/lib/python3.12/site-packages/airflow/example_dags/example_nested_branch_dag.py
[2024-08-23T08:26:32.946+0000] {processor.py:925} INFO - DAG(s) 'example_nested_branch_dag' retrieved from /home/airflow/.local/lib/python3.12/site-packages/airflow/example_dags/example_nested_branch_dag.py
[2024-08-23T08:26:32.966+0000] {logging_mixin.py:190} INFO - [2024-08-23T08:26:32.966+0000] {dag.py:3211} INFO - Sync 1 DAGs
[2024-08-23T08:26:32.985+0000] {logging_mixin.py:190} INFO - [2024-08-23T08:26:32.985+0000] {dag.py:4138} INFO - Setting next_dagrun for example_nested_branch_dag to 2024-08-22 00:00:00+00:00, run_after=2024-08-23 00:00:00+00:00
[2024-08-23T08:26:33.002+0000] {processor.py:208} INFO - Processing /home/airflow/.local/lib/python3.12/site-packages/airflow/example_dags/example_nested_branch_dag.py took 0.072 seconds
[2024-08-23T10:25:05.523+0000] {processor.py:186} INFO - Started process (PID=97) to work on /home/airflow/.local/lib/python3.12/site-packages/airflow/example_dags/example_nested_branch_dag.py
[2024-08-23T10:25:05.526+0000] {processor.py:914} INFO - Processing file /home/airflow/.local/lib/python3.12/site-packages/airflow/example_dags/example_nested_branch_dag.py for tasks to queue
[2024-08-23T10:25:05.529+0000] {logging_mixin.py:190} INFO - [2024-08-23T10:25:05.528+0000] {dagbag.py:587} INFO - Filling up the DagBag from /home/airflow/.local/lib/python3.12/site-packages/airflow/example_dags/example_nested_branch_dag.py
[2024-08-23T10:25:05.543+0000] {processor.py:925} INFO - DAG(s) 'example_nested_branch_dag' retrieved from /home/airflow/.local/lib/python3.12/site-packages/airflow/example_dags/example_nested_branch_dag.py
[2024-08-23T10:25:05.572+0000] {logging_mixin.py:190} INFO - [2024-08-23T10:25:05.571+0000] {dag.py:3211} INFO - Sync 1 DAGs
[2024-08-23T10:25:05.603+0000] {logging_mixin.py:190} INFO - [2024-08-23T10:25:05.603+0000] {dag.py:4138} INFO - Setting next_dagrun for example_nested_branch_dag to 2024-08-22 00:00:00+00:00, run_after=2024-08-23 00:00:00+00:00
[2024-08-23T10:25:05.638+0000] {processor.py:208} INFO - Processing /home/airflow/.local/lib/python3.12/site-packages/airflow/example_dags/example_nested_branch_dag.py took 0.121 seconds
[2024-08-23T10:25:36.081+0000] {processor.py:186} INFO - Started process (PID=159) to work on /home/airflow/.local/lib/python3.12/site-packages/airflow/example_dags/example_nested_branch_dag.py
[2024-08-23T10:25:36.082+0000] {processor.py:914} INFO - Processing file /home/airflow/.local/lib/python3.12/site-packages/airflow/example_dags/example_nested_branch_dag.py for tasks to queue
[2024-08-23T10:25:36.084+0000] {logging_mixin.py:190} INFO - [2024-08-23T10:25:36.084+0000] {dagbag.py:587} INFO - Filling up the DagBag from /home/airflow/.local/lib/python3.12/site-packages/airflow/example_dags/example_nested_branch_dag.py
[2024-08-23T10:25:36.095+0000] {processor.py:925} INFO - DAG(s) 'example_nested_branch_dag' retrieved from /home/airflow/.local/lib/python3.12/site-packages/airflow/example_dags/example_nested_branch_dag.py
[2024-08-23T10:25:36.113+0000] {logging_mixin.py:190} INFO - [2024-08-23T10:25:36.113+0000] {dag.py:3211} INFO - Sync 1 DAGs
[2024-08-23T10:25:36.132+0000] {logging_mixin.py:190} INFO - [2024-08-23T10:25:36.132+0000] {dag.py:4138} INFO - Setting next_dagrun for example_nested_branch_dag to 2024-08-22 00:00:00+00:00, run_after=2024-08-23 00:00:00+00:00
[2024-08-23T10:25:36.151+0000] {processor.py:208} INFO - Processing /home/airflow/.local/lib/python3.12/site-packages/airflow/example_dags/example_nested_branch_dag.py took 0.075 seconds
[2024-08-23T10:26:06.736+0000] {processor.py:186} INFO - Started process (PID=221) to work on /home/airflow/.local/lib/python3.12/site-packages/airflow/example_dags/example_nested_branch_dag.py
[2024-08-23T10:26:06.737+0000] {processor.py:914} INFO - Processing file /home/airflow/.local/lib/python3.12/site-packages/airflow/example_dags/example_nested_branch_dag.py for tasks to queue
[2024-08-23T10:26:06.740+0000] {logging_mixin.py:190} INFO - [2024-08-23T10:26:06.739+0000] {dagbag.py:587} INFO - Filling up the DagBag from /home/airflow/.local/lib/python3.12/site-packages/airflow/example_dags/example_nested_branch_dag.py
[2024-08-23T10:26:06.751+0000] {processor.py:925} INFO - DAG(s) 'example_nested_branch_dag' retrieved from /home/airflow/.local/lib/python3.12/site-packages/airflow/example_dags/example_nested_branch_dag.py
[2024-08-23T10:26:06.780+0000] {logging_mixin.py:190} INFO - [2024-08-23T10:26:06.779+0000] {dag.py:3211} INFO - Sync 1 DAGs
[2024-08-23T10:26:06.804+0000] {logging_mixin.py:190} INFO - [2024-08-23T10:26:06.804+0000] {dag.py:4138} INFO - Setting next_dagrun for example_nested_branch_dag to 2024-08-22 00:00:00+00:00, run_after=2024-08-23 00:00:00+00:00
[2024-08-23T10:26:06.826+0000] {processor.py:208} INFO - Processing /home/airflow/.local/lib/python3.12/site-packages/airflow/example_dags/example_nested_branch_dag.py took 0.098 seconds
[2024-08-23T10:26:37.833+0000] {processor.py:186} INFO - Started process (PID=283) to work on /home/airflow/.local/lib/python3.12/site-packages/airflow/example_dags/example_nested_branch_dag.py
[2024-08-23T10:26:37.834+0000] {processor.py:914} INFO - Processing file /home/airflow/.local/lib/python3.12/site-packages/airflow/example_dags/example_nested_branch_dag.py for tasks to queue
[2024-08-23T10:26:37.836+0000] {logging_mixin.py:190} INFO - [2024-08-23T10:26:37.836+0000] {dagbag.py:587} INFO - Filling up the DagBag from /home/airflow/.local/lib/python3.12/site-packages/airflow/example_dags/example_nested_branch_dag.py
[2024-08-23T10:26:37.846+0000] {processor.py:925} INFO - DAG(s) 'example_nested_branch_dag' retrieved from /home/airflow/.local/lib/python3.12/site-packages/airflow/example_dags/example_nested_branch_dag.py
[2024-08-23T10:26:37.868+0000] {logging_mixin.py:190} INFO - [2024-08-23T10:26:37.868+0000] {dag.py:3211} INFO - Sync 1 DAGs
[2024-08-23T10:26:37.890+0000] {logging_mixin.py:190} INFO - [2024-08-23T10:26:37.890+0000] {dag.py:4138} INFO - Setting next_dagrun for example_nested_branch_dag to 2024-08-22 00:00:00+00:00, run_after=2024-08-23 00:00:00+00:00
[2024-08-23T10:26:37.911+0000] {processor.py:208} INFO - Processing /home/airflow/.local/lib/python3.12/site-packages/airflow/example_dags/example_nested_branch_dag.py took 0.084 seconds
[2024-08-23T10:27:09.849+0000] {processor.py:186} INFO - Started process (PID=345) to work on /home/airflow/.local/lib/python3.12/site-packages/airflow/example_dags/example_nested_branch_dag.py
[2024-08-23T10:27:09.851+0000] {processor.py:914} INFO - Processing file /home/airflow/.local/lib/python3.12/site-packages/airflow/example_dags/example_nested_branch_dag.py for tasks to queue
[2024-08-23T10:27:09.855+0000] {logging_mixin.py:190} INFO - [2024-08-23T10:27:09.854+0000] {dagbag.py:587} INFO - Filling up the DagBag from /home/airflow/.local/lib/python3.12/site-packages/airflow/example_dags/example_nested_branch_dag.py
[2024-08-23T10:27:09.878+0000] {processor.py:925} INFO - DAG(s) 'example_nested_branch_dag' retrieved from /home/airflow/.local/lib/python3.12/site-packages/airflow/example_dags/example_nested_branch_dag.py
[2024-08-23T10:27:09.920+0000] {logging_mixin.py:190} INFO - [2024-08-23T10:27:09.920+0000] {dag.py:3211} INFO - Sync 1 DAGs
[2024-08-23T10:27:09.965+0000] {logging_mixin.py:190} INFO - [2024-08-23T10:27:09.965+0000] {dag.py:4138} INFO - Setting next_dagrun for example_nested_branch_dag to 2024-08-22 00:00:00+00:00, run_after=2024-08-23 00:00:00+00:00
[2024-08-23T10:27:09.994+0000] {processor.py:208} INFO - Processing /home/airflow/.local/lib/python3.12/site-packages/airflow/example_dags/example_nested_branch_dag.py took 0.158 seconds
[2024-08-23T10:27:41.074+0000] {processor.py:186} INFO - Started process (PID=407) to work on /home/airflow/.local/lib/python3.12/site-packages/airflow/example_dags/example_nested_branch_dag.py
[2024-08-23T10:27:41.078+0000] {processor.py:914} INFO - Processing file /home/airflow/.local/lib/python3.12/site-packages/airflow/example_dags/example_nested_branch_dag.py for tasks to queue
[2024-08-23T10:27:41.087+0000] {logging_mixin.py:190} INFO - [2024-08-23T10:27:41.086+0000] {dagbag.py:587} INFO - Filling up the DagBag from /home/airflow/.local/lib/python3.12/site-packages/airflow/example_dags/example_nested_branch_dag.py
[2024-08-23T10:27:41.128+0000] {processor.py:925} INFO - DAG(s) 'example_nested_branch_dag' retrieved from /home/airflow/.local/lib/python3.12/site-packages/airflow/example_dags/example_nested_branch_dag.py
[2024-08-23T10:27:41.198+0000] {logging_mixin.py:190} INFO - [2024-08-23T10:27:41.198+0000] {dag.py:3211} INFO - Sync 1 DAGs
[2024-08-23T10:27:41.264+0000] {logging_mixin.py:190} INFO - [2024-08-23T10:27:41.263+0000] {dag.py:4138} INFO - Setting next_dagrun for example_nested_branch_dag to 2024-08-22 00:00:00+00:00, run_after=2024-08-23 00:00:00+00:00
[2024-08-23T10:27:41.317+0000] {processor.py:208} INFO - Processing /home/airflow/.local/lib/python3.12/site-packages/airflow/example_dags/example_nested_branch_dag.py took 0.267 seconds
[2024-08-23T10:28:11.492+0000] {processor.py:186} INFO - Started process (PID=469) to work on /home/airflow/.local/lib/python3.12/site-packages/airflow/example_dags/example_nested_branch_dag.py
[2024-08-23T10:28:11.494+0000] {processor.py:914} INFO - Processing file /home/airflow/.local/lib/python3.12/site-packages/airflow/example_dags/example_nested_branch_dag.py for tasks to queue
[2024-08-23T10:28:11.496+0000] {logging_mixin.py:190} INFO - [2024-08-23T10:28:11.496+0000] {dagbag.py:587} INFO - Filling up the DagBag from /home/airflow/.local/lib/python3.12/site-packages/airflow/example_dags/example_nested_branch_dag.py
[2024-08-23T10:28:11.512+0000] {processor.py:925} INFO - DAG(s) 'example_nested_branch_dag' retrieved from /home/airflow/.local/lib/python3.12/site-packages/airflow/example_dags/example_nested_branch_dag.py
[2024-08-23T10:28:11.540+0000] {logging_mixin.py:190} INFO - [2024-08-23T10:28:11.539+0000] {dag.py:3211} INFO - Sync 1 DAGs
[2024-08-23T10:28:11.574+0000] {logging_mixin.py:190} INFO - [2024-08-23T10:28:11.574+0000] {dag.py:4138} INFO - Setting next_dagrun for example_nested_branch_dag to 2024-08-22 00:00:00+00:00, run_after=2024-08-23 00:00:00+00:00
[2024-08-23T10:28:11.599+0000] {processor.py:208} INFO - Processing /home/airflow/.local/lib/python3.12/site-packages/airflow/example_dags/example_nested_branch_dag.py took 0.114 seconds
