[2024-08-23T06:38:36.705+0000] {processor.py:186} INFO - Started process (PID=117) to work on /home/airflow/.local/lib/python3.12/site-packages/airflow/example_dags/tutorial_objectstorage.py
[2024-08-23T06:38:36.706+0000] {processor.py:914} INFO - Processing file /home/airflow/.local/lib/python3.12/site-packages/airflow/example_dags/tutorial_objectstorage.py for tasks to queue
[2024-08-23T06:38:36.708+0000] {logging_mixin.py:190} INFO - [2024-08-23T06:38:36.708+0000] {dagbag.py:587} INFO - Filling up the DagBag from /home/airflow/.local/lib/python3.12/site-packages/airflow/example_dags/tutorial_objectstorage.py
[2024-08-23T06:38:36.718+0000] {processor.py:925} INFO - DAG(s) 'tutorial_objectstorage' retrieved from /home/airflow/.local/lib/python3.12/site-packages/airflow/example_dags/tutorial_objectstorage.py
[2024-08-23T06:38:36.827+0000] {logging_mixin.py:190} INFO - [2024-08-23T06:38:36.826+0000] {override.py:1858} INFO - Created Permission View: can edit on DAG:tutorial_objectstorage
[2024-08-23T06:38:36.841+0000] {logging_mixin.py:190} INFO - [2024-08-23T06:38:36.840+0000] {override.py:1858} INFO - Created Permission View: can delete on DAG:tutorial_objectstorage
[2024-08-23T06:38:36.848+0000] {logging_mixin.py:190} INFO - [2024-08-23T06:38:36.848+0000] {override.py:1858} INFO - Created Permission View: can read on DAG:tutorial_objectstorage
[2024-08-23T06:38:36.849+0000] {logging_mixin.py:190} INFO - [2024-08-23T06:38:36.849+0000] {dag.py:3211} INFO - Sync 1 DAGs
[2024-08-23T06:38:36.868+0000] {logging_mixin.py:190} INFO - [2024-08-23T06:38:36.868+0000] {dag.py:3234} INFO - Creating ORM DAG for tutorial_objectstorage
[2024-08-23T06:38:36.869+0000] {logging_mixin.py:190} INFO - [2024-08-23T06:38:36.869+0000] {dag.py:4138} INFO - Setting next_dagrun for tutorial_objectstorage to None, run_after=None
[2024-08-23T06:38:36.889+0000] {processor.py:208} INFO - Processing /home/airflow/.local/lib/python3.12/site-packages/airflow/example_dags/tutorial_objectstorage.py took 0.192 seconds
[2024-08-23T06:39:07.335+0000] {processor.py:186} INFO - Started process (PID=178) to work on /home/airflow/.local/lib/python3.12/site-packages/airflow/example_dags/tutorial_objectstorage.py
[2024-08-23T06:39:07.336+0000] {processor.py:914} INFO - Processing file /home/airflow/.local/lib/python3.12/site-packages/airflow/example_dags/tutorial_objectstorage.py for tasks to queue
[2024-08-23T06:39:07.339+0000] {logging_mixin.py:190} INFO - [2024-08-23T06:39:07.339+0000] {dagbag.py:587} INFO - Filling up the DagBag from /home/airflow/.local/lib/python3.12/site-packages/airflow/example_dags/tutorial_objectstorage.py
[2024-08-23T06:39:07.351+0000] {processor.py:925} INFO - DAG(s) 'tutorial_objectstorage' retrieved from /home/airflow/.local/lib/python3.12/site-packages/airflow/example_dags/tutorial_objectstorage.py
[2024-08-23T06:39:07.371+0000] {logging_mixin.py:190} INFO - [2024-08-23T06:39:07.371+0000] {dag.py:3211} INFO - Sync 1 DAGs
[2024-08-23T06:39:07.388+0000] {logging_mixin.py:190} INFO - [2024-08-23T06:39:07.388+0000] {dag.py:4138} INFO - Setting next_dagrun for tutorial_objectstorage to None, run_after=None
[2024-08-23T06:39:07.411+0000] {processor.py:208} INFO - Processing /home/airflow/.local/lib/python3.12/site-packages/airflow/example_dags/tutorial_objectstorage.py took 0.084 seconds
[2024-08-23T06:39:37.810+0000] {processor.py:186} INFO - Started process (PID=240) to work on /home/airflow/.local/lib/python3.12/site-packages/airflow/example_dags/tutorial_objectstorage.py
[2024-08-23T06:39:37.811+0000] {processor.py:914} INFO - Processing file /home/airflow/.local/lib/python3.12/site-packages/airflow/example_dags/tutorial_objectstorage.py for tasks to queue
[2024-08-23T06:39:37.814+0000] {logging_mixin.py:190} INFO - [2024-08-23T06:39:37.813+0000] {dagbag.py:587} INFO - Filling up the DagBag from /home/airflow/.local/lib/python3.12/site-packages/airflow/example_dags/tutorial_objectstorage.py
[2024-08-23T06:39:37.823+0000] {processor.py:925} INFO - DAG(s) 'tutorial_objectstorage' retrieved from /home/airflow/.local/lib/python3.12/site-packages/airflow/example_dags/tutorial_objectstorage.py
[2024-08-23T06:39:37.843+0000] {logging_mixin.py:190} INFO - [2024-08-23T06:39:37.843+0000] {dag.py:3211} INFO - Sync 1 DAGs
[2024-08-23T06:39:37.860+0000] {logging_mixin.py:190} INFO - [2024-08-23T06:39:37.860+0000] {dag.py:4138} INFO - Setting next_dagrun for tutorial_objectstorage to None, run_after=None
[2024-08-23T06:39:37.878+0000] {processor.py:208} INFO - Processing /home/airflow/.local/lib/python3.12/site-packages/airflow/example_dags/tutorial_objectstorage.py took 0.075 seconds
[2024-08-23T06:40:09.091+0000] {processor.py:186} INFO - Started process (PID=303) to work on /home/airflow/.local/lib/python3.12/site-packages/airflow/example_dags/tutorial_objectstorage.py
[2024-08-23T06:40:09.094+0000] {processor.py:914} INFO - Processing file /home/airflow/.local/lib/python3.12/site-packages/airflow/example_dags/tutorial_objectstorage.py for tasks to queue
[2024-08-23T06:40:09.098+0000] {logging_mixin.py:190} INFO - [2024-08-23T06:40:09.098+0000] {dagbag.py:587} INFO - Filling up the DagBag from /home/airflow/.local/lib/python3.12/site-packages/airflow/example_dags/tutorial_objectstorage.py
[2024-08-23T06:40:09.117+0000] {processor.py:925} INFO - DAG(s) 'tutorial_objectstorage' retrieved from /home/airflow/.local/lib/python3.12/site-packages/airflow/example_dags/tutorial_objectstorage.py
[2024-08-23T06:40:09.167+0000] {logging_mixin.py:190} INFO - [2024-08-23T06:40:09.166+0000] {dag.py:3211} INFO - Sync 1 DAGs
[2024-08-23T06:40:09.218+0000] {logging_mixin.py:190} INFO - [2024-08-23T06:40:09.217+0000] {dag.py:4138} INFO - Setting next_dagrun for tutorial_objectstorage to None, run_after=None
[2024-08-23T06:40:09.269+0000] {processor.py:208} INFO - Processing /home/airflow/.local/lib/python3.12/site-packages/airflow/example_dags/tutorial_objectstorage.py took 0.192 seconds
[2024-08-23T06:40:39.719+0000] {processor.py:186} INFO - Started process (PID=364) to work on /home/airflow/.local/lib/python3.12/site-packages/airflow/example_dags/tutorial_objectstorage.py
[2024-08-23T06:40:39.721+0000] {processor.py:914} INFO - Processing file /home/airflow/.local/lib/python3.12/site-packages/airflow/example_dags/tutorial_objectstorage.py for tasks to queue
[2024-08-23T06:40:39.725+0000] {logging_mixin.py:190} INFO - [2024-08-23T06:40:39.725+0000] {dagbag.py:587} INFO - Filling up the DagBag from /home/airflow/.local/lib/python3.12/site-packages/airflow/example_dags/tutorial_objectstorage.py
[2024-08-23T06:40:39.750+0000] {processor.py:925} INFO - DAG(s) 'tutorial_objectstorage' retrieved from /home/airflow/.local/lib/python3.12/site-packages/airflow/example_dags/tutorial_objectstorage.py
[2024-08-23T06:40:39.790+0000] {logging_mixin.py:190} INFO - [2024-08-23T06:40:39.789+0000] {dag.py:3211} INFO - Sync 1 DAGs
[2024-08-23T06:40:39.826+0000] {logging_mixin.py:190} INFO - [2024-08-23T06:40:39.825+0000] {dag.py:4138} INFO - Setting next_dagrun for tutorial_objectstorage to None, run_after=None
[2024-08-23T06:40:39.869+0000] {processor.py:208} INFO - Processing /home/airflow/.local/lib/python3.12/site-packages/airflow/example_dags/tutorial_objectstorage.py took 0.163 seconds
[2024-08-23T06:41:11.095+0000] {processor.py:186} INFO - Started process (PID=427) to work on /home/airflow/.local/lib/python3.12/site-packages/airflow/example_dags/tutorial_objectstorage.py
[2024-08-23T06:41:11.096+0000] {processor.py:914} INFO - Processing file /home/airflow/.local/lib/python3.12/site-packages/airflow/example_dags/tutorial_objectstorage.py for tasks to queue
[2024-08-23T06:41:11.098+0000] {logging_mixin.py:190} INFO - [2024-08-23T06:41:11.098+0000] {dagbag.py:587} INFO - Filling up the DagBag from /home/airflow/.local/lib/python3.12/site-packages/airflow/example_dags/tutorial_objectstorage.py
[2024-08-23T06:41:11.112+0000] {processor.py:925} INFO - DAG(s) 'tutorial_objectstorage' retrieved from /home/airflow/.local/lib/python3.12/site-packages/airflow/example_dags/tutorial_objectstorage.py
[2024-08-23T06:41:11.139+0000] {logging_mixin.py:190} INFO - [2024-08-23T06:41:11.137+0000] {dag.py:3211} INFO - Sync 1 DAGs
[2024-08-23T06:41:11.161+0000] {logging_mixin.py:190} INFO - [2024-08-23T06:41:11.161+0000] {dag.py:4138} INFO - Setting next_dagrun for tutorial_objectstorage to None, run_after=None
[2024-08-23T06:41:11.193+0000] {processor.py:208} INFO - Processing /home/airflow/.local/lib/python3.12/site-packages/airflow/example_dags/tutorial_objectstorage.py took 0.103 seconds
[2024-08-23T06:41:41.934+0000] {processor.py:186} INFO - Started process (PID=489) to work on /home/airflow/.local/lib/python3.12/site-packages/airflow/example_dags/tutorial_objectstorage.py
[2024-08-23T06:41:41.936+0000] {processor.py:914} INFO - Processing file /home/airflow/.local/lib/python3.12/site-packages/airflow/example_dags/tutorial_objectstorage.py for tasks to queue
[2024-08-23T06:41:41.939+0000] {logging_mixin.py:190} INFO - [2024-08-23T06:41:41.939+0000] {dagbag.py:587} INFO - Filling up the DagBag from /home/airflow/.local/lib/python3.12/site-packages/airflow/example_dags/tutorial_objectstorage.py
[2024-08-23T06:41:41.955+0000] {processor.py:925} INFO - DAG(s) 'tutorial_objectstorage' retrieved from /home/airflow/.local/lib/python3.12/site-packages/airflow/example_dags/tutorial_objectstorage.py
[2024-08-23T06:41:41.987+0000] {logging_mixin.py:190} INFO - [2024-08-23T06:41:41.987+0000] {dag.py:3211} INFO - Sync 1 DAGs
[2024-08-23T06:41:42.033+0000] {logging_mixin.py:190} INFO - [2024-08-23T06:41:42.033+0000] {dag.py:4138} INFO - Setting next_dagrun for tutorial_objectstorage to None, run_after=None
[2024-08-23T06:41:42.065+0000] {processor.py:208} INFO - Processing /home/airflow/.local/lib/python3.12/site-packages/airflow/example_dags/tutorial_objectstorage.py took 0.137 seconds
[2024-08-23T06:42:13.215+0000] {processor.py:186} INFO - Started process (PID=551) to work on /home/airflow/.local/lib/python3.12/site-packages/airflow/example_dags/tutorial_objectstorage.py
[2024-08-23T06:42:13.217+0000] {processor.py:914} INFO - Processing file /home/airflow/.local/lib/python3.12/site-packages/airflow/example_dags/tutorial_objectstorage.py for tasks to queue
[2024-08-23T06:42:13.238+0000] {logging_mixin.py:190} INFO - [2024-08-23T06:42:13.237+0000] {dagbag.py:587} INFO - Filling up the DagBag from /home/airflow/.local/lib/python3.12/site-packages/airflow/example_dags/tutorial_objectstorage.py
[2024-08-23T06:42:13.256+0000] {processor.py:925} INFO - DAG(s) 'tutorial_objectstorage' retrieved from /home/airflow/.local/lib/python3.12/site-packages/airflow/example_dags/tutorial_objectstorage.py
[2024-08-23T06:42:13.288+0000] {logging_mixin.py:190} INFO - [2024-08-23T06:42:13.288+0000] {dag.py:3211} INFO - Sync 1 DAGs
[2024-08-23T06:42:13.310+0000] {logging_mixin.py:190} INFO - [2024-08-23T06:42:13.310+0000] {dag.py:4138} INFO - Setting next_dagrun for tutorial_objectstorage to None, run_after=None
[2024-08-23T06:42:13.339+0000] {processor.py:208} INFO - Processing /home/airflow/.local/lib/python3.12/site-packages/airflow/example_dags/tutorial_objectstorage.py took 0.131 seconds
[2024-08-23T07:54:19.470+0000] {processor.py:186} INFO - Started process (PID=120) to work on /home/airflow/.local/lib/python3.12/site-packages/airflow/example_dags/tutorial_objectstorage.py
[2024-08-23T07:54:19.475+0000] {processor.py:914} INFO - Processing file /home/airflow/.local/lib/python3.12/site-packages/airflow/example_dags/tutorial_objectstorage.py for tasks to queue
[2024-08-23T07:54:19.489+0000] {logging_mixin.py:190} INFO - [2024-08-23T07:54:19.489+0000] {dagbag.py:587} INFO - Filling up the DagBag from /home/airflow/.local/lib/python3.12/site-packages/airflow/example_dags/tutorial_objectstorage.py
[2024-08-23T07:54:19.555+0000] {processor.py:925} INFO - DAG(s) 'tutorial_objectstorage' retrieved from /home/airflow/.local/lib/python3.12/site-packages/airflow/example_dags/tutorial_objectstorage.py
[2024-08-23T07:54:19.662+0000] {logging_mixin.py:190} INFO - [2024-08-23T07:54:19.661+0000] {dag.py:3211} INFO - Sync 1 DAGs
[2024-08-23T07:54:19.723+0000] {logging_mixin.py:190} INFO - [2024-08-23T07:54:19.722+0000] {dag.py:4138} INFO - Setting next_dagrun for tutorial_objectstorage to None, run_after=None
[2024-08-23T07:54:19.800+0000] {processor.py:208} INFO - Processing /home/airflow/.local/lib/python3.12/site-packages/airflow/example_dags/tutorial_objectstorage.py took 0.365 seconds
[2024-08-23T07:54:50.154+0000] {processor.py:186} INFO - Started process (PID=181) to work on /home/airflow/.local/lib/python3.12/site-packages/airflow/example_dags/tutorial_objectstorage.py
[2024-08-23T07:54:50.156+0000] {processor.py:914} INFO - Processing file /home/airflow/.local/lib/python3.12/site-packages/airflow/example_dags/tutorial_objectstorage.py for tasks to queue
[2024-08-23T07:54:50.160+0000] {logging_mixin.py:190} INFO - [2024-08-23T07:54:50.159+0000] {dagbag.py:587} INFO - Filling up the DagBag from /home/airflow/.local/lib/python3.12/site-packages/airflow/example_dags/tutorial_objectstorage.py
[2024-08-23T07:54:50.175+0000] {processor.py:925} INFO - DAG(s) 'tutorial_objectstorage' retrieved from /home/airflow/.local/lib/python3.12/site-packages/airflow/example_dags/tutorial_objectstorage.py
[2024-08-23T07:54:50.204+0000] {logging_mixin.py:190} INFO - [2024-08-23T07:54:50.204+0000] {dag.py:3211} INFO - Sync 1 DAGs
[2024-08-23T07:54:50.239+0000] {logging_mixin.py:190} INFO - [2024-08-23T07:54:50.239+0000] {dag.py:4138} INFO - Setting next_dagrun for tutorial_objectstorage to None, run_after=None
[2024-08-23T07:54:50.289+0000] {processor.py:208} INFO - Processing /home/airflow/.local/lib/python3.12/site-packages/airflow/example_dags/tutorial_objectstorage.py took 0.145 seconds
[2024-08-23T07:55:20.681+0000] {processor.py:186} INFO - Started process (PID=243) to work on /home/airflow/.local/lib/python3.12/site-packages/airflow/example_dags/tutorial_objectstorage.py
[2024-08-23T07:55:20.683+0000] {processor.py:914} INFO - Processing file /home/airflow/.local/lib/python3.12/site-packages/airflow/example_dags/tutorial_objectstorage.py for tasks to queue
[2024-08-23T07:55:20.690+0000] {logging_mixin.py:190} INFO - [2024-08-23T07:55:20.689+0000] {dagbag.py:587} INFO - Filling up the DagBag from /home/airflow/.local/lib/python3.12/site-packages/airflow/example_dags/tutorial_objectstorage.py
[2024-08-23T07:55:20.715+0000] {processor.py:925} INFO - DAG(s) 'tutorial_objectstorage' retrieved from /home/airflow/.local/lib/python3.12/site-packages/airflow/example_dags/tutorial_objectstorage.py
[2024-08-23T07:55:20.756+0000] {logging_mixin.py:190} INFO - [2024-08-23T07:55:20.756+0000] {dag.py:3211} INFO - Sync 1 DAGs
[2024-08-23T07:55:20.792+0000] {logging_mixin.py:190} INFO - [2024-08-23T07:55:20.791+0000] {dag.py:4138} INFO - Setting next_dagrun for tutorial_objectstorage to None, run_after=None
[2024-08-23T07:55:20.824+0000] {processor.py:208} INFO - Processing /home/airflow/.local/lib/python3.12/site-packages/airflow/example_dags/tutorial_objectstorage.py took 0.159 seconds
[2024-08-23T08:20:35.561+0000] {processor.py:186} INFO - Started process (PID=115) to work on /home/airflow/.local/lib/python3.12/site-packages/airflow/example_dags/tutorial_objectstorage.py
[2024-08-23T08:20:35.562+0000] {processor.py:914} INFO - Processing file /home/airflow/.local/lib/python3.12/site-packages/airflow/example_dags/tutorial_objectstorage.py for tasks to queue
[2024-08-23T08:20:35.565+0000] {logging_mixin.py:190} INFO - [2024-08-23T08:20:35.565+0000] {dagbag.py:587} INFO - Filling up the DagBag from /home/airflow/.local/lib/python3.12/site-packages/airflow/example_dags/tutorial_objectstorage.py
[2024-08-23T08:20:35.575+0000] {processor.py:925} INFO - DAG(s) 'tutorial_objectstorage' retrieved from /home/airflow/.local/lib/python3.12/site-packages/airflow/example_dags/tutorial_objectstorage.py
[2024-08-23T08:20:35.598+0000] {logging_mixin.py:190} INFO - [2024-08-23T08:20:35.598+0000] {dag.py:3211} INFO - Sync 1 DAGs
[2024-08-23T08:20:35.615+0000] {logging_mixin.py:190} INFO - [2024-08-23T08:20:35.614+0000] {dag.py:4138} INFO - Setting next_dagrun for tutorial_objectstorage to None, run_after=None
[2024-08-23T08:20:35.638+0000] {processor.py:208} INFO - Processing /home/airflow/.local/lib/python3.12/site-packages/airflow/example_dags/tutorial_objectstorage.py took 0.083 seconds
[2024-08-23T08:23:29.556+0000] {processor.py:186} INFO - Started process (PID=112) to work on /home/airflow/.local/lib/python3.12/site-packages/airflow/example_dags/tutorial_objectstorage.py
[2024-08-23T08:23:29.557+0000] {processor.py:914} INFO - Processing file /home/airflow/.local/lib/python3.12/site-packages/airflow/example_dags/tutorial_objectstorage.py for tasks to queue
[2024-08-23T08:23:29.560+0000] {logging_mixin.py:190} INFO - [2024-08-23T08:23:29.559+0000] {dagbag.py:587} INFO - Filling up the DagBag from /home/airflow/.local/lib/python3.12/site-packages/airflow/example_dags/tutorial_objectstorage.py
[2024-08-23T08:23:29.569+0000] {processor.py:925} INFO - DAG(s) 'tutorial_objectstorage' retrieved from /home/airflow/.local/lib/python3.12/site-packages/airflow/example_dags/tutorial_objectstorage.py
[2024-08-23T08:23:29.589+0000] {logging_mixin.py:190} INFO - [2024-08-23T08:23:29.589+0000] {dag.py:3211} INFO - Sync 1 DAGs
[2024-08-23T08:23:29.603+0000] {logging_mixin.py:190} INFO - [2024-08-23T08:23:29.603+0000] {dag.py:4138} INFO - Setting next_dagrun for tutorial_objectstorage to None, run_after=None
[2024-08-23T08:23:29.622+0000] {processor.py:208} INFO - Processing /home/airflow/.local/lib/python3.12/site-packages/airflow/example_dags/tutorial_objectstorage.py took 0.071 seconds
[2024-08-23T08:24:00.270+0000] {processor.py:186} INFO - Started process (PID=175) to work on /home/airflow/.local/lib/python3.12/site-packages/airflow/example_dags/tutorial_objectstorage.py
[2024-08-23T08:24:00.271+0000] {processor.py:914} INFO - Processing file /home/airflow/.local/lib/python3.12/site-packages/airflow/example_dags/tutorial_objectstorage.py for tasks to queue
[2024-08-23T08:24:00.273+0000] {logging_mixin.py:190} INFO - [2024-08-23T08:24:00.272+0000] {dagbag.py:587} INFO - Filling up the DagBag from /home/airflow/.local/lib/python3.12/site-packages/airflow/example_dags/tutorial_objectstorage.py
[2024-08-23T08:24:00.280+0000] {processor.py:925} INFO - DAG(s) 'tutorial_objectstorage' retrieved from /home/airflow/.local/lib/python3.12/site-packages/airflow/example_dags/tutorial_objectstorage.py
[2024-08-23T08:24:00.298+0000] {logging_mixin.py:190} INFO - [2024-08-23T08:24:00.298+0000] {dag.py:3211} INFO - Sync 1 DAGs
[2024-08-23T08:24:00.311+0000] {logging_mixin.py:190} INFO - [2024-08-23T08:24:00.311+0000] {dag.py:4138} INFO - Setting next_dagrun for tutorial_objectstorage to None, run_after=None
[2024-08-23T08:24:00.331+0000] {processor.py:208} INFO - Processing /home/airflow/.local/lib/python3.12/site-packages/airflow/example_dags/tutorial_objectstorage.py took 0.066 seconds
[2024-08-23T08:24:31.490+0000] {processor.py:186} INFO - Started process (PID=237) to work on /home/airflow/.local/lib/python3.12/site-packages/airflow/example_dags/tutorial_objectstorage.py
[2024-08-23T08:24:31.492+0000] {processor.py:914} INFO - Processing file /home/airflow/.local/lib/python3.12/site-packages/airflow/example_dags/tutorial_objectstorage.py for tasks to queue
[2024-08-23T08:24:31.496+0000] {logging_mixin.py:190} INFO - [2024-08-23T08:24:31.495+0000] {dagbag.py:587} INFO - Filling up the DagBag from /home/airflow/.local/lib/python3.12/site-packages/airflow/example_dags/tutorial_objectstorage.py
[2024-08-23T08:24:31.514+0000] {processor.py:925} INFO - DAG(s) 'tutorial_objectstorage' retrieved from /home/airflow/.local/lib/python3.12/site-packages/airflow/example_dags/tutorial_objectstorage.py
[2024-08-23T08:24:31.547+0000] {logging_mixin.py:190} INFO - [2024-08-23T08:24:31.547+0000] {dag.py:3211} INFO - Sync 1 DAGs
[2024-08-23T08:24:31.572+0000] {logging_mixin.py:190} INFO - [2024-08-23T08:24:31.572+0000] {dag.py:4138} INFO - Setting next_dagrun for tutorial_objectstorage to None, run_after=None
[2024-08-23T08:24:31.605+0000] {processor.py:208} INFO - Processing /home/airflow/.local/lib/python3.12/site-packages/airflow/example_dags/tutorial_objectstorage.py took 0.124 seconds
[2024-08-23T08:25:04.966+0000] {processor.py:186} INFO - Started process (PID=299) to work on /home/airflow/.local/lib/python3.12/site-packages/airflow/example_dags/tutorial_objectstorage.py
[2024-08-23T08:25:04.967+0000] {processor.py:914} INFO - Processing file /home/airflow/.local/lib/python3.12/site-packages/airflow/example_dags/tutorial_objectstorage.py for tasks to queue
[2024-08-23T08:25:04.971+0000] {logging_mixin.py:190} INFO - [2024-08-23T08:25:04.971+0000] {dagbag.py:587} INFO - Filling up the DagBag from /home/airflow/.local/lib/python3.12/site-packages/airflow/example_dags/tutorial_objectstorage.py
[2024-08-23T08:25:04.986+0000] {processor.py:925} INFO - DAG(s) 'tutorial_objectstorage' retrieved from /home/airflow/.local/lib/python3.12/site-packages/airflow/example_dags/tutorial_objectstorage.py
[2024-08-23T08:25:05.025+0000] {logging_mixin.py:190} INFO - [2024-08-23T08:25:05.025+0000] {dag.py:3211} INFO - Sync 1 DAGs
[2024-08-23T08:25:05.055+0000] {logging_mixin.py:190} INFO - [2024-08-23T08:25:05.055+0000] {dag.py:4138} INFO - Setting next_dagrun for tutorial_objectstorage to None, run_after=None
[2024-08-23T08:25:05.097+0000] {processor.py:208} INFO - Processing /home/airflow/.local/lib/python3.12/site-packages/airflow/example_dags/tutorial_objectstorage.py took 0.142 seconds
[2024-08-23T08:25:35.773+0000] {processor.py:186} INFO - Started process (PID=361) to work on /home/airflow/.local/lib/python3.12/site-packages/airflow/example_dags/tutorial_objectstorage.py
[2024-08-23T08:25:35.775+0000] {processor.py:914} INFO - Processing file /home/airflow/.local/lib/python3.12/site-packages/airflow/example_dags/tutorial_objectstorage.py for tasks to queue
[2024-08-23T08:25:35.781+0000] {logging_mixin.py:190} INFO - [2024-08-23T08:25:35.780+0000] {dagbag.py:587} INFO - Filling up the DagBag from /home/airflow/.local/lib/python3.12/site-packages/airflow/example_dags/tutorial_objectstorage.py
[2024-08-23T08:25:35.805+0000] {processor.py:925} INFO - DAG(s) 'tutorial_objectstorage' retrieved from /home/airflow/.local/lib/python3.12/site-packages/airflow/example_dags/tutorial_objectstorage.py
[2024-08-23T08:25:35.852+0000] {logging_mixin.py:190} INFO - [2024-08-23T08:25:35.851+0000] {dag.py:3211} INFO - Sync 1 DAGs
[2024-08-23T08:25:35.885+0000] {logging_mixin.py:190} INFO - [2024-08-23T08:25:35.884+0000] {dag.py:4138} INFO - Setting next_dagrun for tutorial_objectstorage to None, run_after=None
[2024-08-23T08:25:35.932+0000] {processor.py:208} INFO - Processing /home/airflow/.local/lib/python3.12/site-packages/airflow/example_dags/tutorial_objectstorage.py took 0.174 seconds
[2024-08-23T08:26:06.751+0000] {processor.py:186} INFO - Started process (PID=423) to work on /home/airflow/.local/lib/python3.12/site-packages/airflow/example_dags/tutorial_objectstorage.py
[2024-08-23T08:26:06.753+0000] {processor.py:914} INFO - Processing file /home/airflow/.local/lib/python3.12/site-packages/airflow/example_dags/tutorial_objectstorage.py for tasks to queue
[2024-08-23T08:26:06.755+0000] {logging_mixin.py:190} INFO - [2024-08-23T08:26:06.754+0000] {dagbag.py:587} INFO - Filling up the DagBag from /home/airflow/.local/lib/python3.12/site-packages/airflow/example_dags/tutorial_objectstorage.py
[2024-08-23T08:26:06.762+0000] {processor.py:925} INFO - DAG(s) 'tutorial_objectstorage' retrieved from /home/airflow/.local/lib/python3.12/site-packages/airflow/example_dags/tutorial_objectstorage.py
[2024-08-23T08:26:06.782+0000] {logging_mixin.py:190} INFO - [2024-08-23T08:26:06.782+0000] {dag.py:3211} INFO - Sync 1 DAGs
[2024-08-23T08:26:06.796+0000] {logging_mixin.py:190} INFO - [2024-08-23T08:26:06.796+0000] {dag.py:4138} INFO - Setting next_dagrun for tutorial_objectstorage to None, run_after=None
[2024-08-23T08:26:06.816+0000] {processor.py:208} INFO - Processing /home/airflow/.local/lib/python3.12/site-packages/airflow/example_dags/tutorial_objectstorage.py took 0.069 seconds
[2024-08-23T10:25:07.482+0000] {processor.py:186} INFO - Started process (PID=117) to work on /home/airflow/.local/lib/python3.12/site-packages/airflow/example_dags/tutorial_objectstorage.py
[2024-08-23T10:25:07.484+0000] {processor.py:914} INFO - Processing file /home/airflow/.local/lib/python3.12/site-packages/airflow/example_dags/tutorial_objectstorage.py for tasks to queue
[2024-08-23T10:25:07.489+0000] {logging_mixin.py:190} INFO - [2024-08-23T10:25:07.489+0000] {dagbag.py:587} INFO - Filling up the DagBag from /home/airflow/.local/lib/python3.12/site-packages/airflow/example_dags/tutorial_objectstorage.py
[2024-08-23T10:25:07.511+0000] {processor.py:925} INFO - DAG(s) 'tutorial_objectstorage' retrieved from /home/airflow/.local/lib/python3.12/site-packages/airflow/example_dags/tutorial_objectstorage.py
[2024-08-23T10:25:07.537+0000] {logging_mixin.py:190} INFO - [2024-08-23T10:25:07.536+0000] {dag.py:3211} INFO - Sync 1 DAGs
[2024-08-23T10:25:07.561+0000] {logging_mixin.py:190} INFO - [2024-08-23T10:25:07.560+0000] {dag.py:4138} INFO - Setting next_dagrun for tutorial_objectstorage to None, run_after=None
[2024-08-23T10:25:07.587+0000] {processor.py:208} INFO - Processing /home/airflow/.local/lib/python3.12/site-packages/airflow/example_dags/tutorial_objectstorage.py took 0.123 seconds
[2024-08-23T10:25:38.281+0000] {processor.py:186} INFO - Started process (PID=179) to work on /home/airflow/.local/lib/python3.12/site-packages/airflow/example_dags/tutorial_objectstorage.py
[2024-08-23T10:25:38.282+0000] {processor.py:914} INFO - Processing file /home/airflow/.local/lib/python3.12/site-packages/airflow/example_dags/tutorial_objectstorage.py for tasks to queue
[2024-08-23T10:25:38.284+0000] {logging_mixin.py:190} INFO - [2024-08-23T10:25:38.284+0000] {dagbag.py:587} INFO - Filling up the DagBag from /home/airflow/.local/lib/python3.12/site-packages/airflow/example_dags/tutorial_objectstorage.py
[2024-08-23T10:25:38.292+0000] {processor.py:925} INFO - DAG(s) 'tutorial_objectstorage' retrieved from /home/airflow/.local/lib/python3.12/site-packages/airflow/example_dags/tutorial_objectstorage.py
[2024-08-23T10:25:38.309+0000] {logging_mixin.py:190} INFO - [2024-08-23T10:25:38.309+0000] {dag.py:3211} INFO - Sync 1 DAGs
[2024-08-23T10:25:38.323+0000] {logging_mixin.py:190} INFO - [2024-08-23T10:25:38.323+0000] {dag.py:4138} INFO - Setting next_dagrun for tutorial_objectstorage to None, run_after=None
[2024-08-23T10:25:38.345+0000] {processor.py:208} INFO - Processing /home/airflow/.local/lib/python3.12/site-packages/airflow/example_dags/tutorial_objectstorage.py took 0.069 seconds
[2024-08-23T10:26:09.080+0000] {processor.py:186} INFO - Started process (PID=241) to work on /home/airflow/.local/lib/python3.12/site-packages/airflow/example_dags/tutorial_objectstorage.py
[2024-08-23T10:26:09.081+0000] {processor.py:914} INFO - Processing file /home/airflow/.local/lib/python3.12/site-packages/airflow/example_dags/tutorial_objectstorage.py for tasks to queue
[2024-08-23T10:26:09.083+0000] {logging_mixin.py:190} INFO - [2024-08-23T10:26:09.082+0000] {dagbag.py:587} INFO - Filling up the DagBag from /home/airflow/.local/lib/python3.12/site-packages/airflow/example_dags/tutorial_objectstorage.py
[2024-08-23T10:26:09.091+0000] {processor.py:925} INFO - DAG(s) 'tutorial_objectstorage' retrieved from /home/airflow/.local/lib/python3.12/site-packages/airflow/example_dags/tutorial_objectstorage.py
[2024-08-23T10:26:09.116+0000] {logging_mixin.py:190} INFO - [2024-08-23T10:26:09.116+0000] {dag.py:3211} INFO - Sync 1 DAGs
[2024-08-23T10:26:09.129+0000] {logging_mixin.py:190} INFO - [2024-08-23T10:26:09.129+0000] {dag.py:4138} INFO - Setting next_dagrun for tutorial_objectstorage to None, run_after=None
[2024-08-23T10:26:09.152+0000] {processor.py:208} INFO - Processing /home/airflow/.local/lib/python3.12/site-packages/airflow/example_dags/tutorial_objectstorage.py took 0.078 seconds
[2024-08-23T10:26:39.210+0000] {processor.py:186} INFO - Started process (PID=302) to work on /home/airflow/.local/lib/python3.12/site-packages/airflow/example_dags/tutorial_objectstorage.py
[2024-08-23T10:26:39.212+0000] {processor.py:914} INFO - Processing file /home/airflow/.local/lib/python3.12/site-packages/airflow/example_dags/tutorial_objectstorage.py for tasks to queue
[2024-08-23T10:26:39.214+0000] {logging_mixin.py:190} INFO - [2024-08-23T10:26:39.214+0000] {dagbag.py:587} INFO - Filling up the DagBag from /home/airflow/.local/lib/python3.12/site-packages/airflow/example_dags/tutorial_objectstorage.py
[2024-08-23T10:26:39.223+0000] {processor.py:925} INFO - DAG(s) 'tutorial_objectstorage' retrieved from /home/airflow/.local/lib/python3.12/site-packages/airflow/example_dags/tutorial_objectstorage.py
[2024-08-23T10:26:39.243+0000] {logging_mixin.py:190} INFO - [2024-08-23T10:26:39.243+0000] {dag.py:3211} INFO - Sync 1 DAGs
[2024-08-23T10:26:39.258+0000] {logging_mixin.py:190} INFO - [2024-08-23T10:26:39.257+0000] {dag.py:4138} INFO - Setting next_dagrun for tutorial_objectstorage to None, run_after=None
[2024-08-23T10:26:39.281+0000] {processor.py:208} INFO - Processing /home/airflow/.local/lib/python3.12/site-packages/airflow/example_dags/tutorial_objectstorage.py took 0.076 seconds
[2024-08-23T10:27:12.354+0000] {processor.py:186} INFO - Started process (PID=365) to work on /home/airflow/.local/lib/python3.12/site-packages/airflow/example_dags/tutorial_objectstorage.py
[2024-08-23T10:27:12.356+0000] {processor.py:914} INFO - Processing file /home/airflow/.local/lib/python3.12/site-packages/airflow/example_dags/tutorial_objectstorage.py for tasks to queue
[2024-08-23T10:27:12.360+0000] {logging_mixin.py:190} INFO - [2024-08-23T10:27:12.360+0000] {dagbag.py:587} INFO - Filling up the DagBag from /home/airflow/.local/lib/python3.12/site-packages/airflow/example_dags/tutorial_objectstorage.py
[2024-08-23T10:27:12.375+0000] {processor.py:925} INFO - DAG(s) 'tutorial_objectstorage' retrieved from /home/airflow/.local/lib/python3.12/site-packages/airflow/example_dags/tutorial_objectstorage.py
[2024-08-23T10:27:12.413+0000] {logging_mixin.py:190} INFO - [2024-08-23T10:27:12.412+0000] {dag.py:3211} INFO - Sync 1 DAGs
[2024-08-23T10:27:12.448+0000] {logging_mixin.py:190} INFO - [2024-08-23T10:27:12.448+0000] {dag.py:4138} INFO - Setting next_dagrun for tutorial_objectstorage to None, run_after=None
[2024-08-23T10:27:12.514+0000] {processor.py:208} INFO - Processing /home/airflow/.local/lib/python3.12/site-packages/airflow/example_dags/tutorial_objectstorage.py took 0.170 seconds
[2024-08-23T10:27:44.956+0000] {processor.py:186} INFO - Started process (PID=427) to work on /home/airflow/.local/lib/python3.12/site-packages/airflow/example_dags/tutorial_objectstorage.py
[2024-08-23T10:27:44.959+0000] {processor.py:914} INFO - Processing file /home/airflow/.local/lib/python3.12/site-packages/airflow/example_dags/tutorial_objectstorage.py for tasks to queue
[2024-08-23T10:27:44.974+0000] {logging_mixin.py:190} INFO - [2024-08-23T10:27:44.973+0000] {dagbag.py:587} INFO - Filling up the DagBag from /home/airflow/.local/lib/python3.12/site-packages/airflow/example_dags/tutorial_objectstorage.py
[2024-08-23T10:27:45.023+0000] {processor.py:925} INFO - DAG(s) 'tutorial_objectstorage' retrieved from /home/airflow/.local/lib/python3.12/site-packages/airflow/example_dags/tutorial_objectstorage.py
[2024-08-23T10:27:45.093+0000] {logging_mixin.py:190} INFO - [2024-08-23T10:27:45.092+0000] {dag.py:3211} INFO - Sync 1 DAGs
[2024-08-23T10:27:45.142+0000] {logging_mixin.py:190} INFO - [2024-08-23T10:27:45.141+0000] {dag.py:4138} INFO - Setting next_dagrun for tutorial_objectstorage to None, run_after=None
[2024-08-23T10:27:45.203+0000] {processor.py:208} INFO - Processing /home/airflow/.local/lib/python3.12/site-packages/airflow/example_dags/tutorial_objectstorage.py took 0.270 seconds
