[2024-08-23T06:38:34.989+0000] {processor.py:186} INFO - Started process (PID=108) to work on /home/airflow/.local/lib/python3.12/site-packages/airflow/example_dags/tutorial.py
[2024-08-23T06:38:34.990+0000] {processor.py:914} INFO - Processing file /home/airflow/.local/lib/python3.12/site-packages/airflow/example_dags/tutorial.py for tasks to queue
[2024-08-23T06:38:34.993+0000] {logging_mixin.py:190} INFO - [2024-08-23T06:38:34.992+0000] {dagbag.py:587} INFO - Filling up the DagBag from /home/airflow/.local/lib/python3.12/site-packages/airflow/example_dags/tutorial.py
[2024-08-23T06:38:35.004+0000] {processor.py:925} INFO - DAG(s) 'tutorial' retrieved from /home/airflow/.local/lib/python3.12/site-packages/airflow/example_dags/tutorial.py
[2024-08-23T06:38:35.167+0000] {logging_mixin.py:190} INFO - [2024-08-23T06:38:35.167+0000] {override.py:1858} INFO - Created Permission View: can edit on DAG:tutorial
[2024-08-23T06:38:35.271+0000] {logging_mixin.py:190} INFO - [2024-08-23T06:38:35.270+0000] {override.py:1858} INFO - Created Permission View: can delete on DAG:tutorial
[2024-08-23T06:38:35.287+0000] {logging_mixin.py:190} INFO - [2024-08-23T06:38:35.285+0000] {override.py:1858} INFO - Created Permission View: can read on DAG:tutorial
[2024-08-23T06:38:35.288+0000] {logging_mixin.py:190} INFO - [2024-08-23T06:38:35.288+0000] {dag.py:3211} INFO - Sync 1 DAGs
[2024-08-23T06:38:35.316+0000] {logging_mixin.py:190} INFO - [2024-08-23T06:38:35.316+0000] {dag.py:3234} INFO - Creating ORM DAG for tutorial
[2024-08-23T06:38:35.351+0000] {logging_mixin.py:190} INFO - [2024-08-23T06:38:35.351+0000] {dag.py:4138} INFO - Setting next_dagrun for tutorial to 2024-08-22 00:00:00+00:00, run_after=2024-08-23 00:00:00+00:00
[2024-08-23T06:38:35.387+0000] {processor.py:208} INFO - Processing /home/airflow/.local/lib/python3.12/site-packages/airflow/example_dags/tutorial.py took 0.405 seconds
[2024-08-23T06:39:05.464+0000] {processor.py:186} INFO - Started process (PID=170) to work on /home/airflow/.local/lib/python3.12/site-packages/airflow/example_dags/tutorial.py
[2024-08-23T06:39:05.466+0000] {processor.py:914} INFO - Processing file /home/airflow/.local/lib/python3.12/site-packages/airflow/example_dags/tutorial.py for tasks to queue
[2024-08-23T06:39:05.471+0000] {logging_mixin.py:190} INFO - [2024-08-23T06:39:05.471+0000] {dagbag.py:587} INFO - Filling up the DagBag from /home/airflow/.local/lib/python3.12/site-packages/airflow/example_dags/tutorial.py
[2024-08-23T06:39:05.488+0000] {processor.py:925} INFO - DAG(s) 'tutorial' retrieved from /home/airflow/.local/lib/python3.12/site-packages/airflow/example_dags/tutorial.py
[2024-08-23T06:39:05.521+0000] {logging_mixin.py:190} INFO - [2024-08-23T06:39:05.521+0000] {dag.py:3211} INFO - Sync 1 DAGs
[2024-08-23T06:39:05.557+0000] {logging_mixin.py:190} INFO - [2024-08-23T06:39:05.557+0000] {dag.py:4138} INFO - Setting next_dagrun for tutorial to 2024-08-22 00:00:00+00:00, run_after=2024-08-23 00:00:00+00:00
[2024-08-23T06:39:05.586+0000] {processor.py:208} INFO - Processing /home/airflow/.local/lib/python3.12/site-packages/airflow/example_dags/tutorial.py took 0.132 seconds
[2024-08-23T06:39:36.093+0000] {processor.py:186} INFO - Started process (PID=232) to work on /home/airflow/.local/lib/python3.12/site-packages/airflow/example_dags/tutorial.py
[2024-08-23T06:39:36.094+0000] {processor.py:914} INFO - Processing file /home/airflow/.local/lib/python3.12/site-packages/airflow/example_dags/tutorial.py for tasks to queue
[2024-08-23T06:39:36.098+0000] {logging_mixin.py:190} INFO - [2024-08-23T06:39:36.098+0000] {dagbag.py:587} INFO - Filling up the DagBag from /home/airflow/.local/lib/python3.12/site-packages/airflow/example_dags/tutorial.py
[2024-08-23T06:39:36.110+0000] {processor.py:925} INFO - DAG(s) 'tutorial' retrieved from /home/airflow/.local/lib/python3.12/site-packages/airflow/example_dags/tutorial.py
[2024-08-23T06:39:36.139+0000] {logging_mixin.py:190} INFO - [2024-08-23T06:39:36.139+0000] {dag.py:3211} INFO - Sync 1 DAGs
[2024-08-23T06:39:36.171+0000] {logging_mixin.py:190} INFO - [2024-08-23T06:39:36.170+0000] {dag.py:4138} INFO - Setting next_dagrun for tutorial to 2024-08-22 00:00:00+00:00, run_after=2024-08-23 00:00:00+00:00
[2024-08-23T06:39:36.224+0000] {processor.py:208} INFO - Processing /home/airflow/.local/lib/python3.12/site-packages/airflow/example_dags/tutorial.py took 0.155 seconds
[2024-08-23T06:40:07.814+0000] {processor.py:186} INFO - Started process (PID=294) to work on /home/airflow/.local/lib/python3.12/site-packages/airflow/example_dags/tutorial.py
[2024-08-23T06:40:07.816+0000] {processor.py:914} INFO - Processing file /home/airflow/.local/lib/python3.12/site-packages/airflow/example_dags/tutorial.py for tasks to queue
[2024-08-23T06:40:07.822+0000] {logging_mixin.py:190} INFO - [2024-08-23T06:40:07.821+0000] {dagbag.py:587} INFO - Filling up the DagBag from /home/airflow/.local/lib/python3.12/site-packages/airflow/example_dags/tutorial.py
[2024-08-23T06:40:07.839+0000] {processor.py:925} INFO - DAG(s) 'tutorial' retrieved from /home/airflow/.local/lib/python3.12/site-packages/airflow/example_dags/tutorial.py
[2024-08-23T06:40:07.884+0000] {logging_mixin.py:190} INFO - [2024-08-23T06:40:07.883+0000] {dag.py:3211} INFO - Sync 1 DAGs
[2024-08-23T06:40:07.936+0000] {logging_mixin.py:190} INFO - [2024-08-23T06:40:07.936+0000] {dag.py:4138} INFO - Setting next_dagrun for tutorial to 2024-08-22 00:00:00+00:00, run_after=2024-08-23 00:00:00+00:00
[2024-08-23T06:40:07.977+0000] {processor.py:208} INFO - Processing /home/airflow/.local/lib/python3.12/site-packages/airflow/example_dags/tutorial.py took 0.176 seconds
[2024-08-23T06:40:38.517+0000] {processor.py:186} INFO - Started process (PID=356) to work on /home/airflow/.local/lib/python3.12/site-packages/airflow/example_dags/tutorial.py
[2024-08-23T06:40:38.519+0000] {processor.py:914} INFO - Processing file /home/airflow/.local/lib/python3.12/site-packages/airflow/example_dags/tutorial.py for tasks to queue
[2024-08-23T06:40:38.522+0000] {logging_mixin.py:190} INFO - [2024-08-23T06:40:38.522+0000] {dagbag.py:587} INFO - Filling up the DagBag from /home/airflow/.local/lib/python3.12/site-packages/airflow/example_dags/tutorial.py
[2024-08-23T06:40:38.539+0000] {processor.py:925} INFO - DAG(s) 'tutorial' retrieved from /home/airflow/.local/lib/python3.12/site-packages/airflow/example_dags/tutorial.py
[2024-08-23T06:40:38.621+0000] {logging_mixin.py:190} INFO - [2024-08-23T06:40:38.621+0000] {dag.py:3211} INFO - Sync 1 DAGs
[2024-08-23T06:40:38.689+0000] {logging_mixin.py:190} INFO - [2024-08-23T06:40:38.689+0000] {dag.py:4138} INFO - Setting next_dagrun for tutorial to 2024-08-22 00:00:00+00:00, run_after=2024-08-23 00:00:00+00:00
[2024-08-23T06:40:38.747+0000] {processor.py:208} INFO - Processing /home/airflow/.local/lib/python3.12/site-packages/airflow/example_dags/tutorial.py took 0.241 seconds
[2024-08-23T06:41:08.879+0000] {processor.py:186} INFO - Started process (PID=418) to work on /home/airflow/.local/lib/python3.12/site-packages/airflow/example_dags/tutorial.py
[2024-08-23T06:41:08.880+0000] {processor.py:914} INFO - Processing file /home/airflow/.local/lib/python3.12/site-packages/airflow/example_dags/tutorial.py for tasks to queue
[2024-08-23T06:41:08.882+0000] {logging_mixin.py:190} INFO - [2024-08-23T06:41:08.881+0000] {dagbag.py:587} INFO - Filling up the DagBag from /home/airflow/.local/lib/python3.12/site-packages/airflow/example_dags/tutorial.py
[2024-08-23T06:41:08.893+0000] {processor.py:925} INFO - DAG(s) 'tutorial' retrieved from /home/airflow/.local/lib/python3.12/site-packages/airflow/example_dags/tutorial.py
[2024-08-23T06:41:08.910+0000] {logging_mixin.py:190} INFO - [2024-08-23T06:41:08.910+0000] {dag.py:3211} INFO - Sync 1 DAGs
[2024-08-23T06:41:08.932+0000] {logging_mixin.py:190} INFO - [2024-08-23T06:41:08.932+0000] {dag.py:4138} INFO - Setting next_dagrun for tutorial to 2024-08-22 00:00:00+00:00, run_after=2024-08-23 00:00:00+00:00
[2024-08-23T06:41:08.957+0000] {processor.py:208} INFO - Processing /home/airflow/.local/lib/python3.12/site-packages/airflow/example_dags/tutorial.py took 0.083 seconds
[2024-08-23T06:41:39.750+0000] {processor.py:186} INFO - Started process (PID=480) to work on /home/airflow/.local/lib/python3.12/site-packages/airflow/example_dags/tutorial.py
[2024-08-23T06:41:39.752+0000] {processor.py:914} INFO - Processing file /home/airflow/.local/lib/python3.12/site-packages/airflow/example_dags/tutorial.py for tasks to queue
[2024-08-23T06:41:39.755+0000] {logging_mixin.py:190} INFO - [2024-08-23T06:41:39.754+0000] {dagbag.py:587} INFO - Filling up the DagBag from /home/airflow/.local/lib/python3.12/site-packages/airflow/example_dags/tutorial.py
[2024-08-23T06:41:39.793+0000] {processor.py:925} INFO - DAG(s) 'tutorial' retrieved from /home/airflow/.local/lib/python3.12/site-packages/airflow/example_dags/tutorial.py
[2024-08-23T06:41:39.827+0000] {logging_mixin.py:190} INFO - [2024-08-23T06:41:39.826+0000] {dag.py:3211} INFO - Sync 1 DAGs
[2024-08-23T06:41:39.867+0000] {logging_mixin.py:190} INFO - [2024-08-23T06:41:39.866+0000] {dag.py:4138} INFO - Setting next_dagrun for tutorial to 2024-08-22 00:00:00+00:00, run_after=2024-08-23 00:00:00+00:00
[2024-08-23T06:41:39.905+0000] {processor.py:208} INFO - Processing /home/airflow/.local/lib/python3.12/site-packages/airflow/example_dags/tutorial.py took 0.167 seconds
[2024-08-23T06:42:10.092+0000] {processor.py:186} INFO - Started process (PID=542) to work on /home/airflow/.local/lib/python3.12/site-packages/airflow/example_dags/tutorial.py
[2024-08-23T06:42:10.094+0000] {processor.py:914} INFO - Processing file /home/airflow/.local/lib/python3.12/site-packages/airflow/example_dags/tutorial.py for tasks to queue
[2024-08-23T06:42:10.097+0000] {logging_mixin.py:190} INFO - [2024-08-23T06:42:10.096+0000] {dagbag.py:587} INFO - Filling up the DagBag from /home/airflow/.local/lib/python3.12/site-packages/airflow/example_dags/tutorial.py
[2024-08-23T06:42:10.108+0000] {processor.py:925} INFO - DAG(s) 'tutorial' retrieved from /home/airflow/.local/lib/python3.12/site-packages/airflow/example_dags/tutorial.py
[2024-08-23T06:42:10.128+0000] {logging_mixin.py:190} INFO - [2024-08-23T06:42:10.128+0000] {dag.py:3211} INFO - Sync 1 DAGs
[2024-08-23T06:42:10.155+0000] {logging_mixin.py:190} INFO - [2024-08-23T06:42:10.154+0000] {dag.py:4138} INFO - Setting next_dagrun for tutorial to 2024-08-22 00:00:00+00:00, run_after=2024-08-23 00:00:00+00:00
[2024-08-23T06:42:10.177+0000] {processor.py:208} INFO - Processing /home/airflow/.local/lib/python3.12/site-packages/airflow/example_dags/tutorial.py took 0.095 seconds
[2024-08-23T07:54:14.980+0000] {processor.py:186} INFO - Started process (PID=111) to work on /home/airflow/.local/lib/python3.12/site-packages/airflow/example_dags/tutorial.py
[2024-08-23T07:54:14.984+0000] {processor.py:914} INFO - Processing file /home/airflow/.local/lib/python3.12/site-packages/airflow/example_dags/tutorial.py for tasks to queue
[2024-08-23T07:54:14.991+0000] {logging_mixin.py:190} INFO - [2024-08-23T07:54:14.990+0000] {dagbag.py:587} INFO - Filling up the DagBag from /home/airflow/.local/lib/python3.12/site-packages/airflow/example_dags/tutorial.py
[2024-08-23T07:54:15.015+0000] {processor.py:925} INFO - DAG(s) 'tutorial' retrieved from /home/airflow/.local/lib/python3.12/site-packages/airflow/example_dags/tutorial.py
[2024-08-23T07:54:15.084+0000] {logging_mixin.py:190} INFO - [2024-08-23T07:54:15.084+0000] {dag.py:3211} INFO - Sync 1 DAGs
[2024-08-23T07:54:15.161+0000] {logging_mixin.py:190} INFO - [2024-08-23T07:54:15.161+0000] {dag.py:4138} INFO - Setting next_dagrun for tutorial to 2024-08-22 00:00:00+00:00, run_after=2024-08-23 00:00:00+00:00
[2024-08-23T07:54:15.261+0000] {processor.py:208} INFO - Processing /home/airflow/.local/lib/python3.12/site-packages/airflow/example_dags/tutorial.py took 0.303 seconds
[2024-08-23T07:54:46.014+0000] {processor.py:186} INFO - Started process (PID=173) to work on /home/airflow/.local/lib/python3.12/site-packages/airflow/example_dags/tutorial.py
[2024-08-23T07:54:46.016+0000] {processor.py:914} INFO - Processing file /home/airflow/.local/lib/python3.12/site-packages/airflow/example_dags/tutorial.py for tasks to queue
[2024-08-23T07:54:46.022+0000] {logging_mixin.py:190} INFO - [2024-08-23T07:54:46.022+0000] {dagbag.py:587} INFO - Filling up the DagBag from /home/airflow/.local/lib/python3.12/site-packages/airflow/example_dags/tutorial.py
[2024-08-23T07:54:46.038+0000] {processor.py:925} INFO - DAG(s) 'tutorial' retrieved from /home/airflow/.local/lib/python3.12/site-packages/airflow/example_dags/tutorial.py
[2024-08-23T07:54:46.075+0000] {logging_mixin.py:190} INFO - [2024-08-23T07:54:46.075+0000] {dag.py:3211} INFO - Sync 1 DAGs
[2024-08-23T07:54:46.121+0000] {logging_mixin.py:190} INFO - [2024-08-23T07:54:46.120+0000] {dag.py:4138} INFO - Setting next_dagrun for tutorial to 2024-08-22 00:00:00+00:00, run_after=2024-08-23 00:00:00+00:00
[2024-08-23T07:54:46.150+0000] {processor.py:208} INFO - Processing /home/airflow/.local/lib/python3.12/site-packages/airflow/example_dags/tutorial.py took 0.148 seconds
[2024-08-23T07:55:16.561+0000] {processor.py:186} INFO - Started process (PID=235) to work on /home/airflow/.local/lib/python3.12/site-packages/airflow/example_dags/tutorial.py
[2024-08-23T07:55:16.563+0000] {processor.py:914} INFO - Processing file /home/airflow/.local/lib/python3.12/site-packages/airflow/example_dags/tutorial.py for tasks to queue
[2024-08-23T07:55:16.569+0000] {logging_mixin.py:190} INFO - [2024-08-23T07:55:16.568+0000] {dagbag.py:587} INFO - Filling up the DagBag from /home/airflow/.local/lib/python3.12/site-packages/airflow/example_dags/tutorial.py
[2024-08-23T07:55:16.591+0000] {processor.py:925} INFO - DAG(s) 'tutorial' retrieved from /home/airflow/.local/lib/python3.12/site-packages/airflow/example_dags/tutorial.py
[2024-08-23T07:55:16.632+0000] {logging_mixin.py:190} INFO - [2024-08-23T07:55:16.631+0000] {dag.py:3211} INFO - Sync 1 DAGs
[2024-08-23T07:55:16.690+0000] {logging_mixin.py:190} INFO - [2024-08-23T07:55:16.689+0000] {dag.py:4138} INFO - Setting next_dagrun for tutorial to 2024-08-22 00:00:00+00:00, run_after=2024-08-23 00:00:00+00:00
[2024-08-23T07:55:16.729+0000] {processor.py:208} INFO - Processing /home/airflow/.local/lib/python3.12/site-packages/airflow/example_dags/tutorial.py took 0.182 seconds
[2024-08-23T08:20:34.866+0000] {processor.py:186} INFO - Started process (PID=106) to work on /home/airflow/.local/lib/python3.12/site-packages/airflow/example_dags/tutorial.py
[2024-08-23T08:20:34.868+0000] {processor.py:914} INFO - Processing file /home/airflow/.local/lib/python3.12/site-packages/airflow/example_dags/tutorial.py for tasks to queue
[2024-08-23T08:20:34.870+0000] {logging_mixin.py:190} INFO - [2024-08-23T08:20:34.870+0000] {dagbag.py:587} INFO - Filling up the DagBag from /home/airflow/.local/lib/python3.12/site-packages/airflow/example_dags/tutorial.py
[2024-08-23T08:20:34.878+0000] {processor.py:925} INFO - DAG(s) 'tutorial' retrieved from /home/airflow/.local/lib/python3.12/site-packages/airflow/example_dags/tutorial.py
[2024-08-23T08:20:34.899+0000] {logging_mixin.py:190} INFO - [2024-08-23T08:20:34.898+0000] {dag.py:3211} INFO - Sync 1 DAGs
[2024-08-23T08:20:34.923+0000] {logging_mixin.py:190} INFO - [2024-08-23T08:20:34.923+0000] {dag.py:4138} INFO - Setting next_dagrun for tutorial to 2024-08-22 00:00:00+00:00, run_after=2024-08-23 00:00:00+00:00
[2024-08-23T08:20:34.942+0000] {processor.py:208} INFO - Processing /home/airflow/.local/lib/python3.12/site-packages/airflow/example_dags/tutorial.py took 0.082 seconds
[2024-08-23T08:23:28.859+0000] {processor.py:186} INFO - Started process (PID=103) to work on /home/airflow/.local/lib/python3.12/site-packages/airflow/example_dags/tutorial.py
[2024-08-23T08:23:28.860+0000] {processor.py:914} INFO - Processing file /home/airflow/.local/lib/python3.12/site-packages/airflow/example_dags/tutorial.py for tasks to queue
[2024-08-23T08:23:28.863+0000] {logging_mixin.py:190} INFO - [2024-08-23T08:23:28.863+0000] {dagbag.py:587} INFO - Filling up the DagBag from /home/airflow/.local/lib/python3.12/site-packages/airflow/example_dags/tutorial.py
[2024-08-23T08:23:28.873+0000] {processor.py:925} INFO - DAG(s) 'tutorial' retrieved from /home/airflow/.local/lib/python3.12/site-packages/airflow/example_dags/tutorial.py
[2024-08-23T08:23:28.893+0000] {logging_mixin.py:190} INFO - [2024-08-23T08:23:28.892+0000] {dag.py:3211} INFO - Sync 1 DAGs
[2024-08-23T08:23:28.916+0000] {logging_mixin.py:190} INFO - [2024-08-23T08:23:28.916+0000] {dag.py:4138} INFO - Setting next_dagrun for tutorial to 2024-08-22 00:00:00+00:00, run_after=2024-08-23 00:00:00+00:00
[2024-08-23T08:23:28.936+0000] {processor.py:208} INFO - Processing /home/airflow/.local/lib/python3.12/site-packages/airflow/example_dags/tutorial.py took 0.082 seconds
[2024-08-23T08:23:59.681+0000] {processor.py:186} INFO - Started process (PID=166) to work on /home/airflow/.local/lib/python3.12/site-packages/airflow/example_dags/tutorial.py
[2024-08-23T08:23:59.682+0000] {processor.py:914} INFO - Processing file /home/airflow/.local/lib/python3.12/site-packages/airflow/example_dags/tutorial.py for tasks to queue
[2024-08-23T08:23:59.684+0000] {logging_mixin.py:190} INFO - [2024-08-23T08:23:59.684+0000] {dagbag.py:587} INFO - Filling up the DagBag from /home/airflow/.local/lib/python3.12/site-packages/airflow/example_dags/tutorial.py
[2024-08-23T08:23:59.691+0000] {processor.py:925} INFO - DAG(s) 'tutorial' retrieved from /home/airflow/.local/lib/python3.12/site-packages/airflow/example_dags/tutorial.py
[2024-08-23T08:23:59.708+0000] {logging_mixin.py:190} INFO - [2024-08-23T08:23:59.708+0000] {dag.py:3211} INFO - Sync 1 DAGs
[2024-08-23T08:23:59.728+0000] {logging_mixin.py:190} INFO - [2024-08-23T08:23:59.728+0000] {dag.py:4138} INFO - Setting next_dagrun for tutorial to 2024-08-22 00:00:00+00:00, run_after=2024-08-23 00:00:00+00:00
[2024-08-23T08:23:59.746+0000] {processor.py:208} INFO - Processing /home/airflow/.local/lib/python3.12/site-packages/airflow/example_dags/tutorial.py took 0.069 seconds
[2024-08-23T08:24:30.532+0000] {processor.py:186} INFO - Started process (PID=228) to work on /home/airflow/.local/lib/python3.12/site-packages/airflow/example_dags/tutorial.py
[2024-08-23T08:24:30.533+0000] {processor.py:914} INFO - Processing file /home/airflow/.local/lib/python3.12/site-packages/airflow/example_dags/tutorial.py for tasks to queue
[2024-08-23T08:24:30.537+0000] {logging_mixin.py:190} INFO - [2024-08-23T08:24:30.536+0000] {dagbag.py:587} INFO - Filling up the DagBag from /home/airflow/.local/lib/python3.12/site-packages/airflow/example_dags/tutorial.py
[2024-08-23T08:24:30.550+0000] {processor.py:925} INFO - DAG(s) 'tutorial' retrieved from /home/airflow/.local/lib/python3.12/site-packages/airflow/example_dags/tutorial.py
[2024-08-23T08:24:30.578+0000] {logging_mixin.py:190} INFO - [2024-08-23T08:24:30.577+0000] {dag.py:3211} INFO - Sync 1 DAGs
[2024-08-23T08:24:30.608+0000] {logging_mixin.py:190} INFO - [2024-08-23T08:24:30.608+0000] {dag.py:4138} INFO - Setting next_dagrun for tutorial to 2024-08-22 00:00:00+00:00, run_after=2024-08-23 00:00:00+00:00
[2024-08-23T08:24:30.638+0000] {processor.py:208} INFO - Processing /home/airflow/.local/lib/python3.12/site-packages/airflow/example_dags/tutorial.py took 0.114 seconds
[2024-08-23T08:25:03.944+0000] {processor.py:186} INFO - Started process (PID=290) to work on /home/airflow/.local/lib/python3.12/site-packages/airflow/example_dags/tutorial.py
[2024-08-23T08:25:03.946+0000] {processor.py:914} INFO - Processing file /home/airflow/.local/lib/python3.12/site-packages/airflow/example_dags/tutorial.py for tasks to queue
[2024-08-23T08:25:03.952+0000] {logging_mixin.py:190} INFO - [2024-08-23T08:25:03.951+0000] {dagbag.py:587} INFO - Filling up the DagBag from /home/airflow/.local/lib/python3.12/site-packages/airflow/example_dags/tutorial.py
[2024-08-23T08:25:03.967+0000] {processor.py:925} INFO - DAG(s) 'tutorial' retrieved from /home/airflow/.local/lib/python3.12/site-packages/airflow/example_dags/tutorial.py
[2024-08-23T08:25:04.010+0000] {logging_mixin.py:190} INFO - [2024-08-23T08:25:04.009+0000] {dag.py:3211} INFO - Sync 1 DAGs
[2024-08-23T08:25:04.056+0000] {logging_mixin.py:190} INFO - [2024-08-23T08:25:04.055+0000] {dag.py:4138} INFO - Setting next_dagrun for tutorial to 2024-08-22 00:00:00+00:00, run_after=2024-08-23 00:00:00+00:00
[2024-08-23T08:25:04.090+0000] {processor.py:208} INFO - Processing /home/airflow/.local/lib/python3.12/site-packages/airflow/example_dags/tutorial.py took 0.158 seconds
[2024-08-23T08:25:34.435+0000] {processor.py:186} INFO - Started process (PID=352) to work on /home/airflow/.local/lib/python3.12/site-packages/airflow/example_dags/tutorial.py
[2024-08-23T08:25:34.438+0000] {processor.py:914} INFO - Processing file /home/airflow/.local/lib/python3.12/site-packages/airflow/example_dags/tutorial.py for tasks to queue
[2024-08-23T08:25:34.442+0000] {logging_mixin.py:190} INFO - [2024-08-23T08:25:34.441+0000] {dagbag.py:587} INFO - Filling up the DagBag from /home/airflow/.local/lib/python3.12/site-packages/airflow/example_dags/tutorial.py
[2024-08-23T08:25:34.457+0000] {processor.py:925} INFO - DAG(s) 'tutorial' retrieved from /home/airflow/.local/lib/python3.12/site-packages/airflow/example_dags/tutorial.py
[2024-08-23T08:25:34.494+0000] {logging_mixin.py:190} INFO - [2024-08-23T08:25:34.494+0000] {dag.py:3211} INFO - Sync 1 DAGs
[2024-08-23T08:25:34.551+0000] {logging_mixin.py:190} INFO - [2024-08-23T08:25:34.550+0000] {dag.py:4138} INFO - Setting next_dagrun for tutorial to 2024-08-22 00:00:00+00:00, run_after=2024-08-23 00:00:00+00:00
[2024-08-23T08:25:34.596+0000] {processor.py:208} INFO - Processing /home/airflow/.local/lib/python3.12/site-packages/airflow/example_dags/tutorial.py took 0.173 seconds
[2024-08-23T08:26:05.173+0000] {processor.py:186} INFO - Started process (PID=414) to work on /home/airflow/.local/lib/python3.12/site-packages/airflow/example_dags/tutorial.py
[2024-08-23T08:26:05.174+0000] {processor.py:914} INFO - Processing file /home/airflow/.local/lib/python3.12/site-packages/airflow/example_dags/tutorial.py for tasks to queue
[2024-08-23T08:26:05.176+0000] {logging_mixin.py:190} INFO - [2024-08-23T08:26:05.175+0000] {dagbag.py:587} INFO - Filling up the DagBag from /home/airflow/.local/lib/python3.12/site-packages/airflow/example_dags/tutorial.py
[2024-08-23T08:26:05.182+0000] {processor.py:925} INFO - DAG(s) 'tutorial' retrieved from /home/airflow/.local/lib/python3.12/site-packages/airflow/example_dags/tutorial.py
[2024-08-23T08:26:05.201+0000] {logging_mixin.py:190} INFO - [2024-08-23T08:26:05.201+0000] {dag.py:3211} INFO - Sync 1 DAGs
[2024-08-23T08:26:05.220+0000] {logging_mixin.py:190} INFO - [2024-08-23T08:26:05.220+0000] {dag.py:4138} INFO - Setting next_dagrun for tutorial to 2024-08-22 00:00:00+00:00, run_after=2024-08-23 00:00:00+00:00
[2024-08-23T08:26:05.237+0000] {processor.py:208} INFO - Processing /home/airflow/.local/lib/python3.12/site-packages/airflow/example_dags/tutorial.py took 0.069 seconds
[2024-08-23T10:25:06.562+0000] {processor.py:186} INFO - Started process (PID=108) to work on /home/airflow/.local/lib/python3.12/site-packages/airflow/example_dags/tutorial.py
[2024-08-23T10:25:06.563+0000] {processor.py:914} INFO - Processing file /home/airflow/.local/lib/python3.12/site-packages/airflow/example_dags/tutorial.py for tasks to queue
[2024-08-23T10:25:06.566+0000] {logging_mixin.py:190} INFO - [2024-08-23T10:25:06.566+0000] {dagbag.py:587} INFO - Filling up the DagBag from /home/airflow/.local/lib/python3.12/site-packages/airflow/example_dags/tutorial.py
[2024-08-23T10:25:06.578+0000] {processor.py:925} INFO - DAG(s) 'tutorial' retrieved from /home/airflow/.local/lib/python3.12/site-packages/airflow/example_dags/tutorial.py
[2024-08-23T10:25:06.606+0000] {logging_mixin.py:190} INFO - [2024-08-23T10:25:06.606+0000] {dag.py:3211} INFO - Sync 1 DAGs
[2024-08-23T10:25:06.639+0000] {logging_mixin.py:190} INFO - [2024-08-23T10:25:06.639+0000] {dag.py:4138} INFO - Setting next_dagrun for tutorial to 2024-08-22 00:00:00+00:00, run_after=2024-08-23 00:00:00+00:00
[2024-08-23T10:25:06.666+0000] {processor.py:208} INFO - Processing /home/airflow/.local/lib/python3.12/site-packages/airflow/example_dags/tutorial.py took 0.113 seconds
[2024-08-23T10:25:36.710+0000] {processor.py:186} INFO - Started process (PID=170) to work on /home/airflow/.local/lib/python3.12/site-packages/airflow/example_dags/tutorial.py
[2024-08-23T10:25:36.711+0000] {processor.py:914} INFO - Processing file /home/airflow/.local/lib/python3.12/site-packages/airflow/example_dags/tutorial.py for tasks to queue
[2024-08-23T10:25:36.713+0000] {logging_mixin.py:190} INFO - [2024-08-23T10:25:36.713+0000] {dagbag.py:587} INFO - Filling up the DagBag from /home/airflow/.local/lib/python3.12/site-packages/airflow/example_dags/tutorial.py
[2024-08-23T10:25:36.720+0000] {processor.py:925} INFO - DAG(s) 'tutorial' retrieved from /home/airflow/.local/lib/python3.12/site-packages/airflow/example_dags/tutorial.py
[2024-08-23T10:25:36.738+0000] {logging_mixin.py:190} INFO - [2024-08-23T10:25:36.738+0000] {dag.py:3211} INFO - Sync 1 DAGs
[2024-08-23T10:25:36.759+0000] {logging_mixin.py:190} INFO - [2024-08-23T10:25:36.759+0000] {dag.py:4138} INFO - Setting next_dagrun for tutorial to 2024-08-22 00:00:00+00:00, run_after=2024-08-23 00:00:00+00:00
[2024-08-23T10:25:36.777+0000] {processor.py:208} INFO - Processing /home/airflow/.local/lib/python3.12/site-packages/airflow/example_dags/tutorial.py took 0.072 seconds
[2024-08-23T10:26:07.520+0000] {processor.py:186} INFO - Started process (PID=232) to work on /home/airflow/.local/lib/python3.12/site-packages/airflow/example_dags/tutorial.py
[2024-08-23T10:26:07.521+0000] {processor.py:914} INFO - Processing file /home/airflow/.local/lib/python3.12/site-packages/airflow/example_dags/tutorial.py for tasks to queue
[2024-08-23T10:26:07.523+0000] {logging_mixin.py:190} INFO - [2024-08-23T10:26:07.523+0000] {dagbag.py:587} INFO - Filling up the DagBag from /home/airflow/.local/lib/python3.12/site-packages/airflow/example_dags/tutorial.py
[2024-08-23T10:26:07.530+0000] {processor.py:925} INFO - DAG(s) 'tutorial' retrieved from /home/airflow/.local/lib/python3.12/site-packages/airflow/example_dags/tutorial.py
[2024-08-23T10:26:07.547+0000] {logging_mixin.py:190} INFO - [2024-08-23T10:26:07.547+0000] {dag.py:3211} INFO - Sync 1 DAGs
[2024-08-23T10:26:07.567+0000] {logging_mixin.py:190} INFO - [2024-08-23T10:26:07.567+0000] {dag.py:4138} INFO - Setting next_dagrun for tutorial to 2024-08-22 00:00:00+00:00, run_after=2024-08-23 00:00:00+00:00
[2024-08-23T10:26:07.588+0000] {processor.py:208} INFO - Processing /home/airflow/.local/lib/python3.12/site-packages/airflow/example_dags/tutorial.py took 0.073 seconds
[2024-08-23T10:26:38.592+0000] {processor.py:186} INFO - Started process (PID=294) to work on /home/airflow/.local/lib/python3.12/site-packages/airflow/example_dags/tutorial.py
[2024-08-23T10:26:38.594+0000] {processor.py:914} INFO - Processing file /home/airflow/.local/lib/python3.12/site-packages/airflow/example_dags/tutorial.py for tasks to queue
[2024-08-23T10:26:38.596+0000] {logging_mixin.py:190} INFO - [2024-08-23T10:26:38.596+0000] {dagbag.py:587} INFO - Filling up the DagBag from /home/airflow/.local/lib/python3.12/site-packages/airflow/example_dags/tutorial.py
[2024-08-23T10:26:38.603+0000] {processor.py:925} INFO - DAG(s) 'tutorial' retrieved from /home/airflow/.local/lib/python3.12/site-packages/airflow/example_dags/tutorial.py
[2024-08-23T10:26:38.619+0000] {logging_mixin.py:190} INFO - [2024-08-23T10:26:38.619+0000] {dag.py:3211} INFO - Sync 1 DAGs
[2024-08-23T10:26:38.638+0000] {logging_mixin.py:190} INFO - [2024-08-23T10:26:38.638+0000] {dag.py:4138} INFO - Setting next_dagrun for tutorial to 2024-08-22 00:00:00+00:00, run_after=2024-08-23 00:00:00+00:00
[2024-08-23T10:26:38.656+0000] {processor.py:208} INFO - Processing /home/airflow/.local/lib/python3.12/site-packages/airflow/example_dags/tutorial.py took 0.069 seconds
[2024-08-23T10:27:11.333+0000] {processor.py:186} INFO - Started process (PID=356) to work on /home/airflow/.local/lib/python3.12/site-packages/airflow/example_dags/tutorial.py
[2024-08-23T10:27:11.335+0000] {processor.py:914} INFO - Processing file /home/airflow/.local/lib/python3.12/site-packages/airflow/example_dags/tutorial.py for tasks to queue
[2024-08-23T10:27:11.339+0000] {logging_mixin.py:190} INFO - [2024-08-23T10:27:11.338+0000] {dagbag.py:587} INFO - Filling up the DagBag from /home/airflow/.local/lib/python3.12/site-packages/airflow/example_dags/tutorial.py
[2024-08-23T10:27:11.353+0000] {processor.py:925} INFO - DAG(s) 'tutorial' retrieved from /home/airflow/.local/lib/python3.12/site-packages/airflow/example_dags/tutorial.py
[2024-08-23T10:27:11.388+0000] {logging_mixin.py:190} INFO - [2024-08-23T10:27:11.388+0000] {dag.py:3211} INFO - Sync 1 DAGs
[2024-08-23T10:27:11.428+0000] {logging_mixin.py:190} INFO - [2024-08-23T10:27:11.428+0000] {dag.py:4138} INFO - Setting next_dagrun for tutorial to 2024-08-22 00:00:00+00:00, run_after=2024-08-23 00:00:00+00:00
[2024-08-23T10:27:11.466+0000] {processor.py:208} INFO - Processing /home/airflow/.local/lib/python3.12/site-packages/airflow/example_dags/tutorial.py took 0.144 seconds
[2024-08-23T10:27:42.887+0000] {processor.py:186} INFO - Started process (PID=418) to work on /home/airflow/.local/lib/python3.12/site-packages/airflow/example_dags/tutorial.py
[2024-08-23T10:27:42.891+0000] {processor.py:914} INFO - Processing file /home/airflow/.local/lib/python3.12/site-packages/airflow/example_dags/tutorial.py for tasks to queue
[2024-08-23T10:27:42.897+0000] {logging_mixin.py:190} INFO - [2024-08-23T10:27:42.896+0000] {dagbag.py:587} INFO - Filling up the DagBag from /home/airflow/.local/lib/python3.12/site-packages/airflow/example_dags/tutorial.py
[2024-08-23T10:27:42.919+0000] {processor.py:925} INFO - DAG(s) 'tutorial' retrieved from /home/airflow/.local/lib/python3.12/site-packages/airflow/example_dags/tutorial.py
[2024-08-23T10:27:42.964+0000] {logging_mixin.py:190} INFO - [2024-08-23T10:27:42.964+0000] {dag.py:3211} INFO - Sync 1 DAGs
[2024-08-23T10:27:43.024+0000] {logging_mixin.py:190} INFO - [2024-08-23T10:27:43.023+0000] {dag.py:4138} INFO - Setting next_dagrun for tutorial to 2024-08-22 00:00:00+00:00, run_after=2024-08-23 00:00:00+00:00
[2024-08-23T10:27:43.079+0000] {processor.py:208} INFO - Processing /home/airflow/.local/lib/python3.12/site-packages/airflow/example_dags/tutorial.py took 0.214 seconds
