[2024-08-23T06:38:33.179+0000] {processor.py:186} INFO - Started process (PID=96) to work on /home/airflow/.local/lib/python3.12/site-packages/airflow/example_dags/tutorial_dag.py
[2024-08-23T06:38:33.181+0000] {processor.py:914} INFO - Processing file /home/airflow/.local/lib/python3.12/site-packages/airflow/example_dags/tutorial_dag.py for tasks to queue
[2024-08-23T06:38:33.184+0000] {logging_mixin.py:190} INFO - [2024-08-23T06:38:33.184+0000] {dagbag.py:587} INFO - Filling up the DagBag from /home/airflow/.local/lib/python3.12/site-packages/airflow/example_dags/tutorial_dag.py
[2024-08-23T06:38:33.195+0000] {processor.py:925} INFO - DAG(s) 'tutorial_dag' retrieved from /home/airflow/.local/lib/python3.12/site-packages/airflow/example_dags/tutorial_dag.py
[2024-08-23T06:38:33.340+0000] {logging_mixin.py:190} INFO - [2024-08-23T06:38:33.339+0000] {override.py:1858} INFO - Created Permission View: can edit on DAG:tutorial_dag
[2024-08-23T06:38:33.357+0000] {logging_mixin.py:190} INFO - [2024-08-23T06:38:33.356+0000] {override.py:1858} INFO - Created Permission View: can delete on DAG:tutorial_dag
[2024-08-23T06:38:33.367+0000] {logging_mixin.py:190} INFO - [2024-08-23T06:38:33.366+0000] {override.py:1858} INFO - Created Permission View: can read on DAG:tutorial_dag
[2024-08-23T06:38:33.368+0000] {logging_mixin.py:190} INFO - [2024-08-23T06:38:33.368+0000] {dag.py:3211} INFO - Sync 1 DAGs
[2024-08-23T06:38:33.387+0000] {logging_mixin.py:190} INFO - [2024-08-23T06:38:33.386+0000] {dag.py:3234} INFO - Creating ORM DAG for tutorial_dag
[2024-08-23T06:38:33.388+0000] {logging_mixin.py:190} INFO - [2024-08-23T06:38:33.388+0000] {dag.py:4138} INFO - Setting next_dagrun for tutorial_dag to None, run_after=None
[2024-08-23T06:38:33.414+0000] {processor.py:208} INFO - Processing /home/airflow/.local/lib/python3.12/site-packages/airflow/example_dags/tutorial_dag.py took 0.244 seconds
[2024-08-23T06:39:03.558+0000] {processor.py:186} INFO - Started process (PID=158) to work on /home/airflow/.local/lib/python3.12/site-packages/airflow/example_dags/tutorial_dag.py
[2024-08-23T06:39:03.561+0000] {processor.py:914} INFO - Processing file /home/airflow/.local/lib/python3.12/site-packages/airflow/example_dags/tutorial_dag.py for tasks to queue
[2024-08-23T06:39:03.566+0000] {logging_mixin.py:190} INFO - [2024-08-23T06:39:03.566+0000] {dagbag.py:587} INFO - Filling up the DagBag from /home/airflow/.local/lib/python3.12/site-packages/airflow/example_dags/tutorial_dag.py
[2024-08-23T06:39:03.582+0000] {processor.py:925} INFO - DAG(s) 'tutorial_dag' retrieved from /home/airflow/.local/lib/python3.12/site-packages/airflow/example_dags/tutorial_dag.py
[2024-08-23T06:39:03.626+0000] {logging_mixin.py:190} INFO - [2024-08-23T06:39:03.625+0000] {dag.py:3211} INFO - Sync 1 DAGs
[2024-08-23T06:39:03.658+0000] {logging_mixin.py:190} INFO - [2024-08-23T06:39:03.658+0000] {dag.py:4138} INFO - Setting next_dagrun for tutorial_dag to None, run_after=None
[2024-08-23T06:39:03.694+0000] {processor.py:208} INFO - Processing /home/airflow/.local/lib/python3.12/site-packages/airflow/example_dags/tutorial_dag.py took 0.150 seconds
[2024-08-23T06:39:34.047+0000] {processor.py:186} INFO - Started process (PID=220) to work on /home/airflow/.local/lib/python3.12/site-packages/airflow/example_dags/tutorial_dag.py
[2024-08-23T06:39:34.049+0000] {processor.py:914} INFO - Processing file /home/airflow/.local/lib/python3.12/site-packages/airflow/example_dags/tutorial_dag.py for tasks to queue
[2024-08-23T06:39:34.054+0000] {logging_mixin.py:190} INFO - [2024-08-23T06:39:34.053+0000] {dagbag.py:587} INFO - Filling up the DagBag from /home/airflow/.local/lib/python3.12/site-packages/airflow/example_dags/tutorial_dag.py
[2024-08-23T06:39:34.069+0000] {processor.py:925} INFO - DAG(s) 'tutorial_dag' retrieved from /home/airflow/.local/lib/python3.12/site-packages/airflow/example_dags/tutorial_dag.py
[2024-08-23T06:39:34.104+0000] {logging_mixin.py:190} INFO - [2024-08-23T06:39:34.103+0000] {dag.py:3211} INFO - Sync 1 DAGs
[2024-08-23T06:39:34.131+0000] {logging_mixin.py:190} INFO - [2024-08-23T06:39:34.130+0000] {dag.py:4138} INFO - Setting next_dagrun for tutorial_dag to None, run_after=None
[2024-08-23T06:39:34.167+0000] {processor.py:208} INFO - Processing /home/airflow/.local/lib/python3.12/site-packages/airflow/example_dags/tutorial_dag.py took 0.131 seconds
[2024-08-23T06:40:05.100+0000] {processor.py:186} INFO - Started process (PID=282) to work on /home/airflow/.local/lib/python3.12/site-packages/airflow/example_dags/tutorial_dag.py
[2024-08-23T06:40:05.102+0000] {processor.py:914} INFO - Processing file /home/airflow/.local/lib/python3.12/site-packages/airflow/example_dags/tutorial_dag.py for tasks to queue
[2024-08-23T06:40:05.119+0000] {logging_mixin.py:190} INFO - [2024-08-23T06:40:05.118+0000] {dagbag.py:587} INFO - Filling up the DagBag from /home/airflow/.local/lib/python3.12/site-packages/airflow/example_dags/tutorial_dag.py
[2024-08-23T06:40:05.155+0000] {processor.py:925} INFO - DAG(s) 'tutorial_dag' retrieved from /home/airflow/.local/lib/python3.12/site-packages/airflow/example_dags/tutorial_dag.py
[2024-08-23T06:40:05.244+0000] {logging_mixin.py:190} INFO - [2024-08-23T06:40:05.243+0000] {dag.py:3211} INFO - Sync 1 DAGs
[2024-08-23T06:40:05.327+0000] {logging_mixin.py:190} INFO - [2024-08-23T06:40:05.327+0000] {dag.py:4138} INFO - Setting next_dagrun for tutorial_dag to None, run_after=None
[2024-08-23T06:40:05.437+0000] {processor.py:208} INFO - Processing /home/airflow/.local/lib/python3.12/site-packages/airflow/example_dags/tutorial_dag.py took 0.372 seconds
[2024-08-23T06:40:35.742+0000] {processor.py:186} INFO - Started process (PID=344) to work on /home/airflow/.local/lib/python3.12/site-packages/airflow/example_dags/tutorial_dag.py
[2024-08-23T06:40:35.744+0000] {processor.py:914} INFO - Processing file /home/airflow/.local/lib/python3.12/site-packages/airflow/example_dags/tutorial_dag.py for tasks to queue
[2024-08-23T06:40:35.751+0000] {logging_mixin.py:190} INFO - [2024-08-23T06:40:35.750+0000] {dagbag.py:587} INFO - Filling up the DagBag from /home/airflow/.local/lib/python3.12/site-packages/airflow/example_dags/tutorial_dag.py
[2024-08-23T06:40:35.779+0000] {processor.py:925} INFO - DAG(s) 'tutorial_dag' retrieved from /home/airflow/.local/lib/python3.12/site-packages/airflow/example_dags/tutorial_dag.py
[2024-08-23T06:40:35.831+0000] {logging_mixin.py:190} INFO - [2024-08-23T06:40:35.830+0000] {dag.py:3211} INFO - Sync 1 DAGs
[2024-08-23T06:40:35.867+0000] {logging_mixin.py:190} INFO - [2024-08-23T06:40:35.867+0000] {dag.py:4138} INFO - Setting next_dagrun for tutorial_dag to None, run_after=None
[2024-08-23T06:40:35.909+0000] {processor.py:208} INFO - Processing /home/airflow/.local/lib/python3.12/site-packages/airflow/example_dags/tutorial_dag.py took 0.191 seconds
[2024-08-23T06:41:06.045+0000] {processor.py:186} INFO - Started process (PID=406) to work on /home/airflow/.local/lib/python3.12/site-packages/airflow/example_dags/tutorial_dag.py
[2024-08-23T06:41:06.046+0000] {processor.py:914} INFO - Processing file /home/airflow/.local/lib/python3.12/site-packages/airflow/example_dags/tutorial_dag.py for tasks to queue
[2024-08-23T06:41:06.048+0000] {logging_mixin.py:190} INFO - [2024-08-23T06:41:06.047+0000] {dagbag.py:587} INFO - Filling up the DagBag from /home/airflow/.local/lib/python3.12/site-packages/airflow/example_dags/tutorial_dag.py
[2024-08-23T06:41:06.056+0000] {processor.py:925} INFO - DAG(s) 'tutorial_dag' retrieved from /home/airflow/.local/lib/python3.12/site-packages/airflow/example_dags/tutorial_dag.py
[2024-08-23T06:41:06.075+0000] {logging_mixin.py:190} INFO - [2024-08-23T06:41:06.075+0000] {dag.py:3211} INFO - Sync 1 DAGs
[2024-08-23T06:41:06.087+0000] {logging_mixin.py:190} INFO - [2024-08-23T06:41:06.087+0000] {dag.py:4138} INFO - Setting next_dagrun for tutorial_dag to None, run_after=None
[2024-08-23T06:41:06.109+0000] {processor.py:208} INFO - Processing /home/airflow/.local/lib/python3.12/site-packages/airflow/example_dags/tutorial_dag.py took 0.070 seconds
[2024-08-23T06:41:37.072+0000] {processor.py:186} INFO - Started process (PID=468) to work on /home/airflow/.local/lib/python3.12/site-packages/airflow/example_dags/tutorial_dag.py
[2024-08-23T06:41:37.074+0000] {processor.py:914} INFO - Processing file /home/airflow/.local/lib/python3.12/site-packages/airflow/example_dags/tutorial_dag.py for tasks to queue
[2024-08-23T06:41:37.080+0000] {logging_mixin.py:190} INFO - [2024-08-23T06:41:37.079+0000] {dagbag.py:587} INFO - Filling up the DagBag from /home/airflow/.local/lib/python3.12/site-packages/airflow/example_dags/tutorial_dag.py
[2024-08-23T06:41:37.090+0000] {processor.py:925} INFO - DAG(s) 'tutorial_dag' retrieved from /home/airflow/.local/lib/python3.12/site-packages/airflow/example_dags/tutorial_dag.py
[2024-08-23T06:41:37.119+0000] {logging_mixin.py:190} INFO - [2024-08-23T06:41:37.119+0000] {dag.py:3211} INFO - Sync 1 DAGs
[2024-08-23T06:41:37.137+0000] {logging_mixin.py:190} INFO - [2024-08-23T06:41:37.137+0000] {dag.py:4138} INFO - Setting next_dagrun for tutorial_dag to None, run_after=None
[2024-08-23T06:41:37.180+0000] {processor.py:208} INFO - Processing /home/airflow/.local/lib/python3.12/site-packages/airflow/example_dags/tutorial_dag.py took 0.117 seconds
[2024-08-23T06:42:07.328+0000] {processor.py:186} INFO - Started process (PID=530) to work on /home/airflow/.local/lib/python3.12/site-packages/airflow/example_dags/tutorial_dag.py
[2024-08-23T06:42:07.329+0000] {processor.py:914} INFO - Processing file /home/airflow/.local/lib/python3.12/site-packages/airflow/example_dags/tutorial_dag.py for tasks to queue
[2024-08-23T06:42:07.331+0000] {logging_mixin.py:190} INFO - [2024-08-23T06:42:07.331+0000] {dagbag.py:587} INFO - Filling up the DagBag from /home/airflow/.local/lib/python3.12/site-packages/airflow/example_dags/tutorial_dag.py
[2024-08-23T06:42:07.344+0000] {processor.py:925} INFO - DAG(s) 'tutorial_dag' retrieved from /home/airflow/.local/lib/python3.12/site-packages/airflow/example_dags/tutorial_dag.py
[2024-08-23T06:42:07.375+0000] {logging_mixin.py:190} INFO - [2024-08-23T06:42:07.373+0000] {dag.py:3211} INFO - Sync 1 DAGs
[2024-08-23T06:42:07.393+0000] {logging_mixin.py:190} INFO - [2024-08-23T06:42:07.393+0000] {dag.py:4138} INFO - Setting next_dagrun for tutorial_dag to None, run_after=None
[2024-08-23T06:42:07.423+0000] {processor.py:208} INFO - Processing /home/airflow/.local/lib/python3.12/site-packages/airflow/example_dags/tutorial_dag.py took 0.103 seconds
[2024-08-23T07:54:13.032+0000] {processor.py:186} INFO - Started process (PID=99) to work on /home/airflow/.local/lib/python3.12/site-packages/airflow/example_dags/tutorial_dag.py
[2024-08-23T07:54:13.034+0000] {processor.py:914} INFO - Processing file /home/airflow/.local/lib/python3.12/site-packages/airflow/example_dags/tutorial_dag.py for tasks to queue
[2024-08-23T07:54:13.038+0000] {logging_mixin.py:190} INFO - [2024-08-23T07:54:13.038+0000] {dagbag.py:587} INFO - Filling up the DagBag from /home/airflow/.local/lib/python3.12/site-packages/airflow/example_dags/tutorial_dag.py
[2024-08-23T07:54:13.054+0000] {processor.py:925} INFO - DAG(s) 'tutorial_dag' retrieved from /home/airflow/.local/lib/python3.12/site-packages/airflow/example_dags/tutorial_dag.py
[2024-08-23T07:54:13.088+0000] {logging_mixin.py:190} INFO - [2024-08-23T07:54:13.088+0000] {dag.py:3211} INFO - Sync 1 DAGs
[2024-08-23T07:54:13.113+0000] {logging_mixin.py:190} INFO - [2024-08-23T07:54:13.112+0000] {dag.py:4138} INFO - Setting next_dagrun for tutorial_dag to None, run_after=None
[2024-08-23T07:54:13.145+0000] {processor.py:208} INFO - Processing /home/airflow/.local/lib/python3.12/site-packages/airflow/example_dags/tutorial_dag.py took 0.126 seconds
[2024-08-23T07:54:44.178+0000] {processor.py:186} INFO - Started process (PID=161) to work on /home/airflow/.local/lib/python3.12/site-packages/airflow/example_dags/tutorial_dag.py
[2024-08-23T07:54:44.180+0000] {processor.py:914} INFO - Processing file /home/airflow/.local/lib/python3.12/site-packages/airflow/example_dags/tutorial_dag.py for tasks to queue
[2024-08-23T07:54:44.186+0000] {logging_mixin.py:190} INFO - [2024-08-23T07:54:44.185+0000] {dagbag.py:587} INFO - Filling up the DagBag from /home/airflow/.local/lib/python3.12/site-packages/airflow/example_dags/tutorial_dag.py
[2024-08-23T07:54:44.205+0000] {processor.py:925} INFO - DAG(s) 'tutorial_dag' retrieved from /home/airflow/.local/lib/python3.12/site-packages/airflow/example_dags/tutorial_dag.py
[2024-08-23T07:54:44.256+0000] {logging_mixin.py:190} INFO - [2024-08-23T07:54:44.256+0000] {dag.py:3211} INFO - Sync 1 DAGs
[2024-08-23T07:54:44.296+0000] {logging_mixin.py:190} INFO - [2024-08-23T07:54:44.295+0000] {dag.py:4138} INFO - Setting next_dagrun for tutorial_dag to None, run_after=None
[2024-08-23T07:54:44.345+0000] {processor.py:208} INFO - Processing /home/airflow/.local/lib/python3.12/site-packages/airflow/example_dags/tutorial_dag.py took 0.185 seconds
[2024-08-23T07:55:14.693+0000] {processor.py:186} INFO - Started process (PID=223) to work on /home/airflow/.local/lib/python3.12/site-packages/airflow/example_dags/tutorial_dag.py
[2024-08-23T07:55:14.694+0000] {processor.py:914} INFO - Processing file /home/airflow/.local/lib/python3.12/site-packages/airflow/example_dags/tutorial_dag.py for tasks to queue
[2024-08-23T07:55:14.698+0000] {logging_mixin.py:190} INFO - [2024-08-23T07:55:14.697+0000] {dagbag.py:587} INFO - Filling up the DagBag from /home/airflow/.local/lib/python3.12/site-packages/airflow/example_dags/tutorial_dag.py
[2024-08-23T07:55:14.707+0000] {processor.py:925} INFO - DAG(s) 'tutorial_dag' retrieved from /home/airflow/.local/lib/python3.12/site-packages/airflow/example_dags/tutorial_dag.py
[2024-08-23T07:55:14.736+0000] {logging_mixin.py:190} INFO - [2024-08-23T07:55:14.736+0000] {dag.py:3211} INFO - Sync 1 DAGs
[2024-08-23T07:55:14.755+0000] {logging_mixin.py:190} INFO - [2024-08-23T07:55:14.755+0000] {dag.py:4138} INFO - Setting next_dagrun for tutorial_dag to None, run_after=None
[2024-08-23T07:55:14.782+0000] {processor.py:208} INFO - Processing /home/airflow/.local/lib/python3.12/site-packages/airflow/example_dags/tutorial_dag.py took 0.097 seconds
[2024-08-23T08:20:33.988+0000] {processor.py:186} INFO - Started process (PID=94) to work on /home/airflow/.local/lib/python3.12/site-packages/airflow/example_dags/tutorial_dag.py
[2024-08-23T08:20:33.989+0000] {processor.py:914} INFO - Processing file /home/airflow/.local/lib/python3.12/site-packages/airflow/example_dags/tutorial_dag.py for tasks to queue
[2024-08-23T08:20:33.992+0000] {logging_mixin.py:190} INFO - [2024-08-23T08:20:33.992+0000] {dagbag.py:587} INFO - Filling up the DagBag from /home/airflow/.local/lib/python3.12/site-packages/airflow/example_dags/tutorial_dag.py
[2024-08-23T08:20:34.001+0000] {processor.py:925} INFO - DAG(s) 'tutorial_dag' retrieved from /home/airflow/.local/lib/python3.12/site-packages/airflow/example_dags/tutorial_dag.py
[2024-08-23T08:20:34.030+0000] {logging_mixin.py:190} INFO - [2024-08-23T08:20:34.030+0000] {dag.py:3211} INFO - Sync 1 DAGs
[2024-08-23T08:20:34.048+0000] {logging_mixin.py:190} INFO - [2024-08-23T08:20:34.048+0000] {dag.py:4138} INFO - Setting next_dagrun for tutorial_dag to None, run_after=None
[2024-08-23T08:20:34.071+0000] {processor.py:208} INFO - Processing /home/airflow/.local/lib/python3.12/site-packages/airflow/example_dags/tutorial_dag.py took 0.089 seconds
[2024-08-23T08:23:28.062+0000] {processor.py:186} INFO - Started process (PID=91) to work on /home/airflow/.local/lib/python3.12/site-packages/airflow/example_dags/tutorial_dag.py
[2024-08-23T08:23:28.063+0000] {processor.py:914} INFO - Processing file /home/airflow/.local/lib/python3.12/site-packages/airflow/example_dags/tutorial_dag.py for tasks to queue
[2024-08-23T08:23:28.065+0000] {logging_mixin.py:190} INFO - [2024-08-23T08:23:28.065+0000] {dagbag.py:587} INFO - Filling up the DagBag from /home/airflow/.local/lib/python3.12/site-packages/airflow/example_dags/tutorial_dag.py
[2024-08-23T08:23:28.074+0000] {processor.py:925} INFO - DAG(s) 'tutorial_dag' retrieved from /home/airflow/.local/lib/python3.12/site-packages/airflow/example_dags/tutorial_dag.py
[2024-08-23T08:23:28.099+0000] {logging_mixin.py:190} INFO - [2024-08-23T08:23:28.098+0000] {dag.py:3211} INFO - Sync 1 DAGs
[2024-08-23T08:23:28.116+0000] {logging_mixin.py:190} INFO - [2024-08-23T08:23:28.115+0000] {dag.py:4138} INFO - Setting next_dagrun for tutorial_dag to None, run_after=None
[2024-08-23T08:23:28.138+0000] {processor.py:208} INFO - Processing /home/airflow/.local/lib/python3.12/site-packages/airflow/example_dags/tutorial_dag.py took 0.083 seconds
[2024-08-23T08:23:59.001+0000] {processor.py:186} INFO - Started process (PID=154) to work on /home/airflow/.local/lib/python3.12/site-packages/airflow/example_dags/tutorial_dag.py
[2024-08-23T08:23:59.002+0000] {processor.py:914} INFO - Processing file /home/airflow/.local/lib/python3.12/site-packages/airflow/example_dags/tutorial_dag.py for tasks to queue
[2024-08-23T08:23:59.005+0000] {logging_mixin.py:190} INFO - [2024-08-23T08:23:59.004+0000] {dagbag.py:587} INFO - Filling up the DagBag from /home/airflow/.local/lib/python3.12/site-packages/airflow/example_dags/tutorial_dag.py
[2024-08-23T08:23:59.011+0000] {processor.py:925} INFO - DAG(s) 'tutorial_dag' retrieved from /home/airflow/.local/lib/python3.12/site-packages/airflow/example_dags/tutorial_dag.py
[2024-08-23T08:23:59.028+0000] {logging_mixin.py:190} INFO - [2024-08-23T08:23:59.028+0000] {dag.py:3211} INFO - Sync 1 DAGs
[2024-08-23T08:23:59.041+0000] {logging_mixin.py:190} INFO - [2024-08-23T08:23:59.041+0000] {dag.py:4138} INFO - Setting next_dagrun for tutorial_dag to None, run_after=None
[2024-08-23T08:23:59.061+0000] {processor.py:208} INFO - Processing /home/airflow/.local/lib/python3.12/site-packages/airflow/example_dags/tutorial_dag.py took 0.064 seconds
[2024-08-23T08:24:29.408+0000] {processor.py:186} INFO - Started process (PID=216) to work on /home/airflow/.local/lib/python3.12/site-packages/airflow/example_dags/tutorial_dag.py
[2024-08-23T08:24:29.409+0000] {processor.py:914} INFO - Processing file /home/airflow/.local/lib/python3.12/site-packages/airflow/example_dags/tutorial_dag.py for tasks to queue
[2024-08-23T08:24:29.411+0000] {logging_mixin.py:190} INFO - [2024-08-23T08:24:29.411+0000] {dagbag.py:587} INFO - Filling up the DagBag from /home/airflow/.local/lib/python3.12/site-packages/airflow/example_dags/tutorial_dag.py
[2024-08-23T08:24:29.419+0000] {processor.py:925} INFO - DAG(s) 'tutorial_dag' retrieved from /home/airflow/.local/lib/python3.12/site-packages/airflow/example_dags/tutorial_dag.py
[2024-08-23T08:24:29.441+0000] {logging_mixin.py:190} INFO - [2024-08-23T08:24:29.440+0000] {dag.py:3211} INFO - Sync 1 DAGs
[2024-08-23T08:24:29.458+0000] {logging_mixin.py:190} INFO - [2024-08-23T08:24:29.458+0000] {dag.py:4138} INFO - Setting next_dagrun for tutorial_dag to None, run_after=None
[2024-08-23T08:24:29.481+0000] {processor.py:208} INFO - Processing /home/airflow/.local/lib/python3.12/site-packages/airflow/example_dags/tutorial_dag.py took 0.079 seconds
[2024-08-23T08:25:01.595+0000] {processor.py:186} INFO - Started process (PID=278) to work on /home/airflow/.local/lib/python3.12/site-packages/airflow/example_dags/tutorial_dag.py
[2024-08-23T08:25:01.598+0000] {processor.py:914} INFO - Processing file /home/airflow/.local/lib/python3.12/site-packages/airflow/example_dags/tutorial_dag.py for tasks to queue
[2024-08-23T08:25:01.603+0000] {logging_mixin.py:190} INFO - [2024-08-23T08:25:01.602+0000] {dagbag.py:587} INFO - Filling up the DagBag from /home/airflow/.local/lib/python3.12/site-packages/airflow/example_dags/tutorial_dag.py
[2024-08-23T08:25:01.623+0000] {processor.py:925} INFO - DAG(s) 'tutorial_dag' retrieved from /home/airflow/.local/lib/python3.12/site-packages/airflow/example_dags/tutorial_dag.py
[2024-08-23T08:25:01.684+0000] {logging_mixin.py:190} INFO - [2024-08-23T08:25:01.683+0000] {dag.py:3211} INFO - Sync 1 DAGs
[2024-08-23T08:25:01.727+0000] {logging_mixin.py:190} INFO - [2024-08-23T08:25:01.726+0000] {dag.py:4138} INFO - Setting next_dagrun for tutorial_dag to None, run_after=None
[2024-08-23T08:25:01.784+0000] {processor.py:208} INFO - Processing /home/airflow/.local/lib/python3.12/site-packages/airflow/example_dags/tutorial_dag.py took 0.204 seconds
[2024-08-23T08:25:32.387+0000] {processor.py:186} INFO - Started process (PID=340) to work on /home/airflow/.local/lib/python3.12/site-packages/airflow/example_dags/tutorial_dag.py
[2024-08-23T08:25:32.388+0000] {processor.py:914} INFO - Processing file /home/airflow/.local/lib/python3.12/site-packages/airflow/example_dags/tutorial_dag.py for tasks to queue
[2024-08-23T08:25:32.390+0000] {logging_mixin.py:190} INFO - [2024-08-23T08:25:32.390+0000] {dagbag.py:587} INFO - Filling up the DagBag from /home/airflow/.local/lib/python3.12/site-packages/airflow/example_dags/tutorial_dag.py
[2024-08-23T08:25:32.397+0000] {processor.py:925} INFO - DAG(s) 'tutorial_dag' retrieved from /home/airflow/.local/lib/python3.12/site-packages/airflow/example_dags/tutorial_dag.py
[2024-08-23T08:25:32.417+0000] {logging_mixin.py:190} INFO - [2024-08-23T08:25:32.416+0000] {dag.py:3211} INFO - Sync 1 DAGs
[2024-08-23T08:25:32.431+0000] {logging_mixin.py:190} INFO - [2024-08-23T08:25:32.430+0000] {dag.py:4138} INFO - Setting next_dagrun for tutorial_dag to None, run_after=None
[2024-08-23T08:25:32.452+0000] {processor.py:208} INFO - Processing /home/airflow/.local/lib/python3.12/site-packages/airflow/example_dags/tutorial_dag.py took 0.071 seconds
[2024-08-23T08:26:02.519+0000] {processor.py:186} INFO - Started process (PID=402) to work on /home/airflow/.local/lib/python3.12/site-packages/airflow/example_dags/tutorial_dag.py
[2024-08-23T08:26:02.520+0000] {processor.py:914} INFO - Processing file /home/airflow/.local/lib/python3.12/site-packages/airflow/example_dags/tutorial_dag.py for tasks to queue
[2024-08-23T08:26:02.522+0000] {logging_mixin.py:190} INFO - [2024-08-23T08:26:02.522+0000] {dagbag.py:587} INFO - Filling up the DagBag from /home/airflow/.local/lib/python3.12/site-packages/airflow/example_dags/tutorial_dag.py
[2024-08-23T08:26:02.529+0000] {processor.py:925} INFO - DAG(s) 'tutorial_dag' retrieved from /home/airflow/.local/lib/python3.12/site-packages/airflow/example_dags/tutorial_dag.py
[2024-08-23T08:26:02.547+0000] {logging_mixin.py:190} INFO - [2024-08-23T08:26:02.546+0000] {dag.py:3211} INFO - Sync 1 DAGs
[2024-08-23T08:26:02.558+0000] {logging_mixin.py:190} INFO - [2024-08-23T08:26:02.558+0000] {dag.py:4138} INFO - Setting next_dagrun for tutorial_dag to None, run_after=None
[2024-08-23T08:26:02.576+0000] {processor.py:208} INFO - Processing /home/airflow/.local/lib/python3.12/site-packages/airflow/example_dags/tutorial_dag.py took 0.063 seconds
[2024-08-23T08:26:32.893+0000] {processor.py:186} INFO - Started process (PID=464) to work on /home/airflow/.local/lib/python3.12/site-packages/airflow/example_dags/tutorial_dag.py
[2024-08-23T08:26:32.894+0000] {processor.py:914} INFO - Processing file /home/airflow/.local/lib/python3.12/site-packages/airflow/example_dags/tutorial_dag.py for tasks to queue
[2024-08-23T08:26:32.896+0000] {logging_mixin.py:190} INFO - [2024-08-23T08:26:32.896+0000] {dagbag.py:587} INFO - Filling up the DagBag from /home/airflow/.local/lib/python3.12/site-packages/airflow/example_dags/tutorial_dag.py
[2024-08-23T08:26:32.904+0000] {processor.py:925} INFO - DAG(s) 'tutorial_dag' retrieved from /home/airflow/.local/lib/python3.12/site-packages/airflow/example_dags/tutorial_dag.py
[2024-08-23T08:26:32.928+0000] {logging_mixin.py:190} INFO - [2024-08-23T08:26:32.927+0000] {dag.py:3211} INFO - Sync 1 DAGs
[2024-08-23T08:26:32.939+0000] {logging_mixin.py:190} INFO - [2024-08-23T08:26:32.939+0000] {dag.py:4138} INFO - Setting next_dagrun for tutorial_dag to None, run_after=None
[2024-08-23T08:26:32.956+0000] {processor.py:208} INFO - Processing /home/airflow/.local/lib/python3.12/site-packages/airflow/example_dags/tutorial_dag.py took 0.070 seconds
[2024-08-23T10:25:05.336+0000] {processor.py:186} INFO - Started process (PID=96) to work on /home/airflow/.local/lib/python3.12/site-packages/airflow/example_dags/tutorial_dag.py
[2024-08-23T10:25:05.382+0000] {processor.py:914} INFO - Processing file /home/airflow/.local/lib/python3.12/site-packages/airflow/example_dags/tutorial_dag.py for tasks to queue
[2024-08-23T10:25:05.384+0000] {logging_mixin.py:190} INFO - [2024-08-23T10:25:05.384+0000] {dagbag.py:587} INFO - Filling up the DagBag from /home/airflow/.local/lib/python3.12/site-packages/airflow/example_dags/tutorial_dag.py
[2024-08-23T10:25:05.391+0000] {processor.py:925} INFO - DAG(s) 'tutorial_dag' retrieved from /home/airflow/.local/lib/python3.12/site-packages/airflow/example_dags/tutorial_dag.py
[2024-08-23T10:25:05.408+0000] {logging_mixin.py:190} INFO - [2024-08-23T10:25:05.408+0000] {dag.py:3211} INFO - Sync 1 DAGs
[2024-08-23T10:25:05.420+0000] {logging_mixin.py:190} INFO - [2024-08-23T10:25:05.419+0000] {dag.py:4138} INFO - Setting next_dagrun for tutorial_dag to None, run_after=None
[2024-08-23T10:25:05.502+0000] {processor.py:208} INFO - Processing /home/airflow/.local/lib/python3.12/site-packages/airflow/example_dags/tutorial_dag.py took 0.171 seconds
[2024-08-23T10:25:35.994+0000] {processor.py:186} INFO - Started process (PID=158) to work on /home/airflow/.local/lib/python3.12/site-packages/airflow/example_dags/tutorial_dag.py
[2024-08-23T10:25:35.995+0000] {processor.py:914} INFO - Processing file /home/airflow/.local/lib/python3.12/site-packages/airflow/example_dags/tutorial_dag.py for tasks to queue
[2024-08-23T10:25:35.997+0000] {logging_mixin.py:190} INFO - [2024-08-23T10:25:35.997+0000] {dagbag.py:587} INFO - Filling up the DagBag from /home/airflow/.local/lib/python3.12/site-packages/airflow/example_dags/tutorial_dag.py
[2024-08-23T10:25:36.005+0000] {processor.py:925} INFO - DAG(s) 'tutorial_dag' retrieved from /home/airflow/.local/lib/python3.12/site-packages/airflow/example_dags/tutorial_dag.py
[2024-08-23T10:25:36.023+0000] {logging_mixin.py:190} INFO - [2024-08-23T10:25:36.023+0000] {dag.py:3211} INFO - Sync 1 DAGs
[2024-08-23T10:25:36.036+0000] {logging_mixin.py:190} INFO - [2024-08-23T10:25:36.035+0000] {dag.py:4138} INFO - Setting next_dagrun for tutorial_dag to None, run_after=None
[2024-08-23T10:25:36.054+0000] {processor.py:208} INFO - Processing /home/airflow/.local/lib/python3.12/site-packages/airflow/example_dags/tutorial_dag.py took 0.064 seconds
[2024-08-23T10:26:06.632+0000] {processor.py:186} INFO - Started process (PID=220) to work on /home/airflow/.local/lib/python3.12/site-packages/airflow/example_dags/tutorial_dag.py
[2024-08-23T10:26:06.633+0000] {processor.py:914} INFO - Processing file /home/airflow/.local/lib/python3.12/site-packages/airflow/example_dags/tutorial_dag.py for tasks to queue
[2024-08-23T10:26:06.636+0000] {logging_mixin.py:190} INFO - [2024-08-23T10:26:06.635+0000] {dagbag.py:587} INFO - Filling up the DagBag from /home/airflow/.local/lib/python3.12/site-packages/airflow/example_dags/tutorial_dag.py
[2024-08-23T10:26:06.647+0000] {processor.py:925} INFO - DAG(s) 'tutorial_dag' retrieved from /home/airflow/.local/lib/python3.12/site-packages/airflow/example_dags/tutorial_dag.py
[2024-08-23T10:26:06.668+0000] {logging_mixin.py:190} INFO - [2024-08-23T10:26:06.667+0000] {dag.py:3211} INFO - Sync 1 DAGs
[2024-08-23T10:26:06.683+0000] {logging_mixin.py:190} INFO - [2024-08-23T10:26:06.683+0000] {dag.py:4138} INFO - Setting next_dagrun for tutorial_dag to None, run_after=None
[2024-08-23T10:26:06.702+0000] {processor.py:208} INFO - Processing /home/airflow/.local/lib/python3.12/site-packages/airflow/example_dags/tutorial_dag.py took 0.078 seconds
[2024-08-23T10:26:37.734+0000] {processor.py:186} INFO - Started process (PID=282) to work on /home/airflow/.local/lib/python3.12/site-packages/airflow/example_dags/tutorial_dag.py
[2024-08-23T10:26:37.735+0000] {processor.py:914} INFO - Processing file /home/airflow/.local/lib/python3.12/site-packages/airflow/example_dags/tutorial_dag.py for tasks to queue
[2024-08-23T10:26:37.737+0000] {logging_mixin.py:190} INFO - [2024-08-23T10:26:37.737+0000] {dagbag.py:587} INFO - Filling up the DagBag from /home/airflow/.local/lib/python3.12/site-packages/airflow/example_dags/tutorial_dag.py
[2024-08-23T10:26:37.743+0000] {processor.py:925} INFO - DAG(s) 'tutorial_dag' retrieved from /home/airflow/.local/lib/python3.12/site-packages/airflow/example_dags/tutorial_dag.py
[2024-08-23T10:26:37.762+0000] {logging_mixin.py:190} INFO - [2024-08-23T10:26:37.761+0000] {dag.py:3211} INFO - Sync 1 DAGs
[2024-08-23T10:26:37.775+0000] {logging_mixin.py:190} INFO - [2024-08-23T10:26:37.775+0000] {dag.py:4138} INFO - Setting next_dagrun for tutorial_dag to None, run_after=None
[2024-08-23T10:26:37.796+0000] {processor.py:208} INFO - Processing /home/airflow/.local/lib/python3.12/site-packages/airflow/example_dags/tutorial_dag.py took 0.067 seconds
[2024-08-23T10:27:09.651+0000] {processor.py:186} INFO - Started process (PID=344) to work on /home/airflow/.local/lib/python3.12/site-packages/airflow/example_dags/tutorial_dag.py
[2024-08-23T10:27:09.653+0000] {processor.py:914} INFO - Processing file /home/airflow/.local/lib/python3.12/site-packages/airflow/example_dags/tutorial_dag.py for tasks to queue
[2024-08-23T10:27:09.658+0000] {logging_mixin.py:190} INFO - [2024-08-23T10:27:09.658+0000] {dagbag.py:587} INFO - Filling up the DagBag from /home/airflow/.local/lib/python3.12/site-packages/airflow/example_dags/tutorial_dag.py
[2024-08-23T10:27:09.675+0000] {processor.py:925} INFO - DAG(s) 'tutorial_dag' retrieved from /home/airflow/.local/lib/python3.12/site-packages/airflow/example_dags/tutorial_dag.py
[2024-08-23T10:27:09.715+0000] {logging_mixin.py:190} INFO - [2024-08-23T10:27:09.714+0000] {dag.py:3211} INFO - Sync 1 DAGs
[2024-08-23T10:27:09.742+0000] {logging_mixin.py:190} INFO - [2024-08-23T10:27:09.742+0000] {dag.py:4138} INFO - Setting next_dagrun for tutorial_dag to None, run_after=None
[2024-08-23T10:27:09.780+0000] {processor.py:208} INFO - Processing /home/airflow/.local/lib/python3.12/site-packages/airflow/example_dags/tutorial_dag.py took 0.144 seconds
[2024-08-23T10:27:40.783+0000] {processor.py:186} INFO - Started process (PID=406) to work on /home/airflow/.local/lib/python3.12/site-packages/airflow/example_dags/tutorial_dag.py
[2024-08-23T10:27:40.785+0000] {processor.py:914} INFO - Processing file /home/airflow/.local/lib/python3.12/site-packages/airflow/example_dags/tutorial_dag.py for tasks to queue
[2024-08-23T10:27:40.790+0000] {logging_mixin.py:190} INFO - [2024-08-23T10:27:40.789+0000] {dagbag.py:587} INFO - Filling up the DagBag from /home/airflow/.local/lib/python3.12/site-packages/airflow/example_dags/tutorial_dag.py
[2024-08-23T10:27:40.810+0000] {processor.py:925} INFO - DAG(s) 'tutorial_dag' retrieved from /home/airflow/.local/lib/python3.12/site-packages/airflow/example_dags/tutorial_dag.py
[2024-08-23T10:27:40.860+0000] {logging_mixin.py:190} INFO - [2024-08-23T10:27:40.859+0000] {dag.py:3211} INFO - Sync 1 DAGs
[2024-08-23T10:27:40.904+0000] {logging_mixin.py:190} INFO - [2024-08-23T10:27:40.904+0000] {dag.py:4138} INFO - Setting next_dagrun for tutorial_dag to None, run_after=None
[2024-08-23T10:27:40.968+0000] {processor.py:208} INFO - Processing /home/airflow/.local/lib/python3.12/site-packages/airflow/example_dags/tutorial_dag.py took 0.199 seconds
[2024-08-23T10:28:11.364+0000] {processor.py:186} INFO - Started process (PID=468) to work on /home/airflow/.local/lib/python3.12/site-packages/airflow/example_dags/tutorial_dag.py
[2024-08-23T10:28:11.365+0000] {processor.py:914} INFO - Processing file /home/airflow/.local/lib/python3.12/site-packages/airflow/example_dags/tutorial_dag.py for tasks to queue
[2024-08-23T10:28:11.367+0000] {logging_mixin.py:190} INFO - [2024-08-23T10:28:11.367+0000] {dagbag.py:587} INFO - Filling up the DagBag from /home/airflow/.local/lib/python3.12/site-packages/airflow/example_dags/tutorial_dag.py
[2024-08-23T10:28:11.374+0000] {processor.py:925} INFO - DAG(s) 'tutorial_dag' retrieved from /home/airflow/.local/lib/python3.12/site-packages/airflow/example_dags/tutorial_dag.py
[2024-08-23T10:28:11.398+0000] {logging_mixin.py:190} INFO - [2024-08-23T10:28:11.397+0000] {dag.py:3211} INFO - Sync 1 DAGs
[2024-08-23T10:28:11.416+0000] {logging_mixin.py:190} INFO - [2024-08-23T10:28:11.416+0000] {dag.py:4138} INFO - Setting next_dagrun for tutorial_dag to None, run_after=None
[2024-08-23T10:28:11.449+0000] {processor.py:208} INFO - Processing /home/airflow/.local/lib/python3.12/site-packages/airflow/example_dags/tutorial_dag.py took 0.092 seconds
