[2024-08-23T06:38:34.776+0000] {processor.py:186} INFO - Started process (PID=106) to work on /home/airflow/.local/lib/python3.12/site-packages/airflow/example_dags/tutorial_taskflow_api.py
[2024-08-23T06:38:34.777+0000] {processor.py:914} INFO - Processing file /home/airflow/.local/lib/python3.12/site-packages/airflow/example_dags/tutorial_taskflow_api.py for tasks to queue
[2024-08-23T06:38:34.780+0000] {logging_mixin.py:190} INFO - [2024-08-23T06:38:34.780+0000] {dagbag.py:587} INFO - Filling up the DagBag from /home/airflow/.local/lib/python3.12/site-packages/airflow/example_dags/tutorial_taskflow_api.py
[2024-08-23T06:38:34.790+0000] {processor.py:925} INFO - DAG(s) 'tutorial_taskflow_api' retrieved from /home/airflow/.local/lib/python3.12/site-packages/airflow/example_dags/tutorial_taskflow_api.py
[2024-08-23T06:38:34.901+0000] {logging_mixin.py:190} INFO - [2024-08-23T06:38:34.900+0000] {override.py:1858} INFO - Created Permission View: can edit on DAG:tutorial_taskflow_api
[2024-08-23T06:38:34.910+0000] {logging_mixin.py:190} INFO - [2024-08-23T06:38:34.910+0000] {override.py:1858} INFO - Created Permission View: can delete on DAG:tutorial_taskflow_api
[2024-08-23T06:38:34.918+0000] {logging_mixin.py:190} INFO - [2024-08-23T06:38:34.918+0000] {override.py:1858} INFO - Created Permission View: can read on DAG:tutorial_taskflow_api
[2024-08-23T06:38:34.919+0000] {logging_mixin.py:190} INFO - [2024-08-23T06:38:34.919+0000] {dag.py:3211} INFO - Sync 1 DAGs
[2024-08-23T06:38:34.933+0000] {logging_mixin.py:190} INFO - [2024-08-23T06:38:34.933+0000] {dag.py:3234} INFO - Creating ORM DAG for tutorial_taskflow_api
[2024-08-23T06:38:34.934+0000] {logging_mixin.py:190} INFO - [2024-08-23T06:38:34.934+0000] {dag.py:4138} INFO - Setting next_dagrun for tutorial_taskflow_api to None, run_after=None
[2024-08-23T06:38:34.952+0000] {processor.py:208} INFO - Processing /home/airflow/.local/lib/python3.12/site-packages/airflow/example_dags/tutorial_taskflow_api.py took 0.182 seconds
[2024-08-23T06:39:05.122+0000] {processor.py:186} INFO - Started process (PID=168) to work on /home/airflow/.local/lib/python3.12/site-packages/airflow/example_dags/tutorial_taskflow_api.py
[2024-08-23T06:39:05.124+0000] {processor.py:914} INFO - Processing file /home/airflow/.local/lib/python3.12/site-packages/airflow/example_dags/tutorial_taskflow_api.py for tasks to queue
[2024-08-23T06:39:05.129+0000] {logging_mixin.py:190} INFO - [2024-08-23T06:39:05.128+0000] {dagbag.py:587} INFO - Filling up the DagBag from /home/airflow/.local/lib/python3.12/site-packages/airflow/example_dags/tutorial_taskflow_api.py
[2024-08-23T06:39:05.139+0000] {processor.py:925} INFO - DAG(s) 'tutorial_taskflow_api' retrieved from /home/airflow/.local/lib/python3.12/site-packages/airflow/example_dags/tutorial_taskflow_api.py
[2024-08-23T06:39:05.173+0000] {logging_mixin.py:190} INFO - [2024-08-23T06:39:05.172+0000] {dag.py:3211} INFO - Sync 1 DAGs
[2024-08-23T06:39:05.194+0000] {logging_mixin.py:190} INFO - [2024-08-23T06:39:05.194+0000] {dag.py:4138} INFO - Setting next_dagrun for tutorial_taskflow_api to None, run_after=None
[2024-08-23T06:39:05.224+0000] {processor.py:208} INFO - Processing /home/airflow/.local/lib/python3.12/site-packages/airflow/example_dags/tutorial_taskflow_api.py took 0.110 seconds
[2024-08-23T06:39:35.958+0000] {processor.py:186} INFO - Started process (PID=230) to work on /home/airflow/.local/lib/python3.12/site-packages/airflow/example_dags/tutorial_taskflow_api.py
[2024-08-23T06:39:35.959+0000] {processor.py:914} INFO - Processing file /home/airflow/.local/lib/python3.12/site-packages/airflow/example_dags/tutorial_taskflow_api.py for tasks to queue
[2024-08-23T06:39:35.963+0000] {logging_mixin.py:190} INFO - [2024-08-23T06:39:35.962+0000] {dagbag.py:587} INFO - Filling up the DagBag from /home/airflow/.local/lib/python3.12/site-packages/airflow/example_dags/tutorial_taskflow_api.py
[2024-08-23T06:39:35.974+0000] {processor.py:925} INFO - DAG(s) 'tutorial_taskflow_api' retrieved from /home/airflow/.local/lib/python3.12/site-packages/airflow/example_dags/tutorial_taskflow_api.py
[2024-08-23T06:39:35.999+0000] {logging_mixin.py:190} INFO - [2024-08-23T06:39:35.999+0000] {dag.py:3211} INFO - Sync 1 DAGs
[2024-08-23T06:39:36.017+0000] {logging_mixin.py:190} INFO - [2024-08-23T06:39:36.017+0000] {dag.py:4138} INFO - Setting next_dagrun for tutorial_taskflow_api to None, run_after=None
[2024-08-23T06:39:36.040+0000] {processor.py:208} INFO - Processing /home/airflow/.local/lib/python3.12/site-packages/airflow/example_dags/tutorial_taskflow_api.py took 0.089 seconds
[2024-08-23T06:40:07.456+0000] {processor.py:186} INFO - Started process (PID=292) to work on /home/airflow/.local/lib/python3.12/site-packages/airflow/example_dags/tutorial_taskflow_api.py
[2024-08-23T06:40:07.460+0000] {processor.py:914} INFO - Processing file /home/airflow/.local/lib/python3.12/site-packages/airflow/example_dags/tutorial_taskflow_api.py for tasks to queue
[2024-08-23T06:40:07.467+0000] {logging_mixin.py:190} INFO - [2024-08-23T06:40:07.466+0000] {dagbag.py:587} INFO - Filling up the DagBag from /home/airflow/.local/lib/python3.12/site-packages/airflow/example_dags/tutorial_taskflow_api.py
[2024-08-23T06:40:07.490+0000] {processor.py:925} INFO - DAG(s) 'tutorial_taskflow_api' retrieved from /home/airflow/.local/lib/python3.12/site-packages/airflow/example_dags/tutorial_taskflow_api.py
[2024-08-23T06:40:07.558+0000] {logging_mixin.py:190} INFO - [2024-08-23T06:40:07.557+0000] {dag.py:3211} INFO - Sync 1 DAGs
[2024-08-23T06:40:07.644+0000] {logging_mixin.py:190} INFO - [2024-08-23T06:40:07.643+0000] {dag.py:4138} INFO - Setting next_dagrun for tutorial_taskflow_api to None, run_after=None
[2024-08-23T06:40:07.734+0000] {processor.py:208} INFO - Processing /home/airflow/.local/lib/python3.12/site-packages/airflow/example_dags/tutorial_taskflow_api.py took 0.301 seconds
[2024-08-23T06:40:38.337+0000] {processor.py:186} INFO - Started process (PID=354) to work on /home/airflow/.local/lib/python3.12/site-packages/airflow/example_dags/tutorial_taskflow_api.py
[2024-08-23T06:40:38.339+0000] {processor.py:914} INFO - Processing file /home/airflow/.local/lib/python3.12/site-packages/airflow/example_dags/tutorial_taskflow_api.py for tasks to queue
[2024-08-23T06:40:38.344+0000] {logging_mixin.py:190} INFO - [2024-08-23T06:40:38.343+0000] {dagbag.py:587} INFO - Filling up the DagBag from /home/airflow/.local/lib/python3.12/site-packages/airflow/example_dags/tutorial_taskflow_api.py
[2024-08-23T06:40:38.358+0000] {processor.py:925} INFO - DAG(s) 'tutorial_taskflow_api' retrieved from /home/airflow/.local/lib/python3.12/site-packages/airflow/example_dags/tutorial_taskflow_api.py
[2024-08-23T06:40:38.394+0000] {logging_mixin.py:190} INFO - [2024-08-23T06:40:38.393+0000] {dag.py:3211} INFO - Sync 1 DAGs
[2024-08-23T06:40:38.425+0000] {logging_mixin.py:190} INFO - [2024-08-23T06:40:38.425+0000] {dag.py:4138} INFO - Setting next_dagrun for tutorial_taskflow_api to None, run_after=None
[2024-08-23T06:40:38.461+0000] {processor.py:208} INFO - Processing /home/airflow/.local/lib/python3.12/site-packages/airflow/example_dags/tutorial_taskflow_api.py took 0.137 seconds
[2024-08-23T06:41:08.775+0000] {processor.py:186} INFO - Started process (PID=416) to work on /home/airflow/.local/lib/python3.12/site-packages/airflow/example_dags/tutorial_taskflow_api.py
[2024-08-23T06:41:08.776+0000] {processor.py:914} INFO - Processing file /home/airflow/.local/lib/python3.12/site-packages/airflow/example_dags/tutorial_taskflow_api.py for tasks to queue
[2024-08-23T06:41:08.779+0000] {logging_mixin.py:190} INFO - [2024-08-23T06:41:08.778+0000] {dagbag.py:587} INFO - Filling up the DagBag from /home/airflow/.local/lib/python3.12/site-packages/airflow/example_dags/tutorial_taskflow_api.py
[2024-08-23T06:41:08.787+0000] {processor.py:925} INFO - DAG(s) 'tutorial_taskflow_api' retrieved from /home/airflow/.local/lib/python3.12/site-packages/airflow/example_dags/tutorial_taskflow_api.py
[2024-08-23T06:41:08.806+0000] {logging_mixin.py:190} INFO - [2024-08-23T06:41:08.806+0000] {dag.py:3211} INFO - Sync 1 DAGs
[2024-08-23T06:41:08.817+0000] {logging_mixin.py:190} INFO - [2024-08-23T06:41:08.817+0000] {dag.py:4138} INFO - Setting next_dagrun for tutorial_taskflow_api to None, run_after=None
[2024-08-23T06:41:08.844+0000] {processor.py:208} INFO - Processing /home/airflow/.local/lib/python3.12/site-packages/airflow/example_dags/tutorial_taskflow_api.py took 0.076 seconds
[2024-08-23T06:41:39.517+0000] {processor.py:186} INFO - Started process (PID=478) to work on /home/airflow/.local/lib/python3.12/site-packages/airflow/example_dags/tutorial_taskflow_api.py
[2024-08-23T06:41:39.519+0000] {processor.py:914} INFO - Processing file /home/airflow/.local/lib/python3.12/site-packages/airflow/example_dags/tutorial_taskflow_api.py for tasks to queue
[2024-08-23T06:41:39.523+0000] {logging_mixin.py:190} INFO - [2024-08-23T06:41:39.522+0000] {dagbag.py:587} INFO - Filling up the DagBag from /home/airflow/.local/lib/python3.12/site-packages/airflow/example_dags/tutorial_taskflow_api.py
[2024-08-23T06:41:39.544+0000] {processor.py:925} INFO - DAG(s) 'tutorial_taskflow_api' retrieved from /home/airflow/.local/lib/python3.12/site-packages/airflow/example_dags/tutorial_taskflow_api.py
[2024-08-23T06:41:39.615+0000] {logging_mixin.py:190} INFO - [2024-08-23T06:41:39.613+0000] {dag.py:3211} INFO - Sync 1 DAGs
[2024-08-23T06:41:39.655+0000] {logging_mixin.py:190} INFO - [2024-08-23T06:41:39.655+0000] {dag.py:4138} INFO - Setting next_dagrun for tutorial_taskflow_api to None, run_after=None
[2024-08-23T06:41:39.689+0000] {processor.py:208} INFO - Processing /home/airflow/.local/lib/python3.12/site-packages/airflow/example_dags/tutorial_taskflow_api.py took 0.185 seconds
[2024-08-23T06:42:09.944+0000] {processor.py:186} INFO - Started process (PID=540) to work on /home/airflow/.local/lib/python3.12/site-packages/airflow/example_dags/tutorial_taskflow_api.py
[2024-08-23T06:42:09.946+0000] {processor.py:914} INFO - Processing file /home/airflow/.local/lib/python3.12/site-packages/airflow/example_dags/tutorial_taskflow_api.py for tasks to queue
[2024-08-23T06:42:09.950+0000] {logging_mixin.py:190} INFO - [2024-08-23T06:42:09.949+0000] {dagbag.py:587} INFO - Filling up the DagBag from /home/airflow/.local/lib/python3.12/site-packages/airflow/example_dags/tutorial_taskflow_api.py
[2024-08-23T06:42:09.960+0000] {processor.py:925} INFO - DAG(s) 'tutorial_taskflow_api' retrieved from /home/airflow/.local/lib/python3.12/site-packages/airflow/example_dags/tutorial_taskflow_api.py
[2024-08-23T06:42:09.983+0000] {logging_mixin.py:190} INFO - [2024-08-23T06:42:09.982+0000] {dag.py:3211} INFO - Sync 1 DAGs
[2024-08-23T06:42:10.000+0000] {logging_mixin.py:190} INFO - [2024-08-23T06:42:10.000+0000] {dag.py:4138} INFO - Setting next_dagrun for tutorial_taskflow_api to None, run_after=None
[2024-08-23T06:42:10.024+0000] {processor.py:208} INFO - Processing /home/airflow/.local/lib/python3.12/site-packages/airflow/example_dags/tutorial_taskflow_api.py took 0.084 seconds
[2024-08-23T07:54:14.659+0000] {processor.py:186} INFO - Started process (PID=109) to work on /home/airflow/.local/lib/python3.12/site-packages/airflow/example_dags/tutorial_taskflow_api.py
[2024-08-23T07:54:14.662+0000] {processor.py:914} INFO - Processing file /home/airflow/.local/lib/python3.12/site-packages/airflow/example_dags/tutorial_taskflow_api.py for tasks to queue
[2024-08-23T07:54:14.672+0000] {logging_mixin.py:190} INFO - [2024-08-23T07:54:14.671+0000] {dagbag.py:587} INFO - Filling up the DagBag from /home/airflow/.local/lib/python3.12/site-packages/airflow/example_dags/tutorial_taskflow_api.py
[2024-08-23T07:54:14.698+0000] {processor.py:925} INFO - DAG(s) 'tutorial_taskflow_api' retrieved from /home/airflow/.local/lib/python3.12/site-packages/airflow/example_dags/tutorial_taskflow_api.py
[2024-08-23T07:54:14.767+0000] {logging_mixin.py:190} INFO - [2024-08-23T07:54:14.766+0000] {dag.py:3211} INFO - Sync 1 DAGs
[2024-08-23T07:54:14.823+0000] {logging_mixin.py:190} INFO - [2024-08-23T07:54:14.823+0000] {dag.py:4138} INFO - Setting next_dagrun for tutorial_taskflow_api to None, run_after=None
[2024-08-23T07:54:14.884+0000] {processor.py:208} INFO - Processing /home/airflow/.local/lib/python3.12/site-packages/airflow/example_dags/tutorial_taskflow_api.py took 0.248 seconds
[2024-08-23T07:54:45.843+0000] {processor.py:186} INFO - Started process (PID=171) to work on /home/airflow/.local/lib/python3.12/site-packages/airflow/example_dags/tutorial_taskflow_api.py
[2024-08-23T07:54:45.845+0000] {processor.py:914} INFO - Processing file /home/airflow/.local/lib/python3.12/site-packages/airflow/example_dags/tutorial_taskflow_api.py for tasks to queue
[2024-08-23T07:54:45.852+0000] {logging_mixin.py:190} INFO - [2024-08-23T07:54:45.851+0000] {dagbag.py:587} INFO - Filling up the DagBag from /home/airflow/.local/lib/python3.12/site-packages/airflow/example_dags/tutorial_taskflow_api.py
[2024-08-23T07:54:45.867+0000] {processor.py:925} INFO - DAG(s) 'tutorial_taskflow_api' retrieved from /home/airflow/.local/lib/python3.12/site-packages/airflow/example_dags/tutorial_taskflow_api.py
[2024-08-23T07:54:45.903+0000] {logging_mixin.py:190} INFO - [2024-08-23T07:54:45.902+0000] {dag.py:3211} INFO - Sync 1 DAGs
[2024-08-23T07:54:45.926+0000] {logging_mixin.py:190} INFO - [2024-08-23T07:54:45.926+0000] {dag.py:4138} INFO - Setting next_dagrun for tutorial_taskflow_api to None, run_after=None
[2024-08-23T07:54:45.956+0000] {processor.py:208} INFO - Processing /home/airflow/.local/lib/python3.12/site-packages/airflow/example_dags/tutorial_taskflow_api.py took 0.128 seconds
[2024-08-23T07:55:16.197+0000] {processor.py:186} INFO - Started process (PID=233) to work on /home/airflow/.local/lib/python3.12/site-packages/airflow/example_dags/tutorial_taskflow_api.py
[2024-08-23T07:55:16.200+0000] {processor.py:914} INFO - Processing file /home/airflow/.local/lib/python3.12/site-packages/airflow/example_dags/tutorial_taskflow_api.py for tasks to queue
[2024-08-23T07:55:16.206+0000] {logging_mixin.py:190} INFO - [2024-08-23T07:55:16.205+0000] {dagbag.py:587} INFO - Filling up the DagBag from /home/airflow/.local/lib/python3.12/site-packages/airflow/example_dags/tutorial_taskflow_api.py
[2024-08-23T07:55:16.229+0000] {processor.py:925} INFO - DAG(s) 'tutorial_taskflow_api' retrieved from /home/airflow/.local/lib/python3.12/site-packages/airflow/example_dags/tutorial_taskflow_api.py
[2024-08-23T07:55:16.282+0000] {logging_mixin.py:190} INFO - [2024-08-23T07:55:16.282+0000] {dag.py:3211} INFO - Sync 1 DAGs
[2024-08-23T07:55:16.323+0000] {logging_mixin.py:190} INFO - [2024-08-23T07:55:16.323+0000] {dag.py:4138} INFO - Setting next_dagrun for tutorial_taskflow_api to None, run_after=None
[2024-08-23T07:55:16.367+0000] {processor.py:208} INFO - Processing /home/airflow/.local/lib/python3.12/site-packages/airflow/example_dags/tutorial_taskflow_api.py took 0.185 seconds
[2024-08-23T08:20:34.756+0000] {processor.py:186} INFO - Started process (PID=104) to work on /home/airflow/.local/lib/python3.12/site-packages/airflow/example_dags/tutorial_taskflow_api.py
[2024-08-23T08:20:34.758+0000] {processor.py:914} INFO - Processing file /home/airflow/.local/lib/python3.12/site-packages/airflow/example_dags/tutorial_taskflow_api.py for tasks to queue
[2024-08-23T08:20:34.760+0000] {logging_mixin.py:190} INFO - [2024-08-23T08:20:34.760+0000] {dagbag.py:587} INFO - Filling up the DagBag from /home/airflow/.local/lib/python3.12/site-packages/airflow/example_dags/tutorial_taskflow_api.py
[2024-08-23T08:20:34.768+0000] {processor.py:925} INFO - DAG(s) 'tutorial_taskflow_api' retrieved from /home/airflow/.local/lib/python3.12/site-packages/airflow/example_dags/tutorial_taskflow_api.py
[2024-08-23T08:20:34.792+0000] {logging_mixin.py:190} INFO - [2024-08-23T08:20:34.792+0000] {dag.py:3211} INFO - Sync 1 DAGs
[2024-08-23T08:20:34.814+0000] {logging_mixin.py:190} INFO - [2024-08-23T08:20:34.813+0000] {dag.py:4138} INFO - Setting next_dagrun for tutorial_taskflow_api to None, run_after=None
[2024-08-23T08:20:34.837+0000] {processor.py:208} INFO - Processing /home/airflow/.local/lib/python3.12/site-packages/airflow/example_dags/tutorial_taskflow_api.py took 0.087 seconds
[2024-08-23T08:23:28.752+0000] {processor.py:186} INFO - Started process (PID=101) to work on /home/airflow/.local/lib/python3.12/site-packages/airflow/example_dags/tutorial_taskflow_api.py
[2024-08-23T08:23:28.753+0000] {processor.py:914} INFO - Processing file /home/airflow/.local/lib/python3.12/site-packages/airflow/example_dags/tutorial_taskflow_api.py for tasks to queue
[2024-08-23T08:23:28.756+0000] {logging_mixin.py:190} INFO - [2024-08-23T08:23:28.756+0000] {dagbag.py:587} INFO - Filling up the DagBag from /home/airflow/.local/lib/python3.12/site-packages/airflow/example_dags/tutorial_taskflow_api.py
[2024-08-23T08:23:28.764+0000] {processor.py:925} INFO - DAG(s) 'tutorial_taskflow_api' retrieved from /home/airflow/.local/lib/python3.12/site-packages/airflow/example_dags/tutorial_taskflow_api.py
[2024-08-23T08:23:28.783+0000] {logging_mixin.py:190} INFO - [2024-08-23T08:23:28.783+0000] {dag.py:3211} INFO - Sync 1 DAGs
[2024-08-23T08:23:28.802+0000] {logging_mixin.py:190} INFO - [2024-08-23T08:23:28.802+0000] {dag.py:4138} INFO - Setting next_dagrun for tutorial_taskflow_api to None, run_after=None
[2024-08-23T08:23:28.826+0000] {processor.py:208} INFO - Processing /home/airflow/.local/lib/python3.12/site-packages/airflow/example_dags/tutorial_taskflow_api.py took 0.079 seconds
[2024-08-23T08:23:59.591+0000] {processor.py:186} INFO - Started process (PID=164) to work on /home/airflow/.local/lib/python3.12/site-packages/airflow/example_dags/tutorial_taskflow_api.py
[2024-08-23T08:23:59.592+0000] {processor.py:914} INFO - Processing file /home/airflow/.local/lib/python3.12/site-packages/airflow/example_dags/tutorial_taskflow_api.py for tasks to queue
[2024-08-23T08:23:59.594+0000] {logging_mixin.py:190} INFO - [2024-08-23T08:23:59.594+0000] {dagbag.py:587} INFO - Filling up the DagBag from /home/airflow/.local/lib/python3.12/site-packages/airflow/example_dags/tutorial_taskflow_api.py
[2024-08-23T08:23:59.600+0000] {processor.py:925} INFO - DAG(s) 'tutorial_taskflow_api' retrieved from /home/airflow/.local/lib/python3.12/site-packages/airflow/example_dags/tutorial_taskflow_api.py
[2024-08-23T08:23:59.616+0000] {logging_mixin.py:190} INFO - [2024-08-23T08:23:59.616+0000] {dag.py:3211} INFO - Sync 1 DAGs
[2024-08-23T08:23:59.628+0000] {logging_mixin.py:190} INFO - [2024-08-23T08:23:59.628+0000] {dag.py:4138} INFO - Setting next_dagrun for tutorial_taskflow_api to None, run_after=None
[2024-08-23T08:23:59.646+0000] {processor.py:208} INFO - Processing /home/airflow/.local/lib/python3.12/site-packages/airflow/example_dags/tutorial_taskflow_api.py took 0.060 seconds
[2024-08-23T08:24:30.390+0000] {processor.py:186} INFO - Started process (PID=226) to work on /home/airflow/.local/lib/python3.12/site-packages/airflow/example_dags/tutorial_taskflow_api.py
[2024-08-23T08:24:30.392+0000] {processor.py:914} INFO - Processing file /home/airflow/.local/lib/python3.12/site-packages/airflow/example_dags/tutorial_taskflow_api.py for tasks to queue
[2024-08-23T08:24:30.395+0000] {logging_mixin.py:190} INFO - [2024-08-23T08:24:30.394+0000] {dagbag.py:587} INFO - Filling up the DagBag from /home/airflow/.local/lib/python3.12/site-packages/airflow/example_dags/tutorial_taskflow_api.py
[2024-08-23T08:24:30.407+0000] {processor.py:925} INFO - DAG(s) 'tutorial_taskflow_api' retrieved from /home/airflow/.local/lib/python3.12/site-packages/airflow/example_dags/tutorial_taskflow_api.py
[2024-08-23T08:24:30.435+0000] {logging_mixin.py:190} INFO - [2024-08-23T08:24:30.434+0000] {dag.py:3211} INFO - Sync 1 DAGs
[2024-08-23T08:24:30.454+0000] {logging_mixin.py:190} INFO - [2024-08-23T08:24:30.454+0000] {dag.py:4138} INFO - Setting next_dagrun for tutorial_taskflow_api to None, run_after=None
[2024-08-23T08:24:30.484+0000] {processor.py:208} INFO - Processing /home/airflow/.local/lib/python3.12/site-packages/airflow/example_dags/tutorial_taskflow_api.py took 0.102 seconds
[2024-08-23T08:25:03.751+0000] {processor.py:186} INFO - Started process (PID=288) to work on /home/airflow/.local/lib/python3.12/site-packages/airflow/example_dags/tutorial_taskflow_api.py
[2024-08-23T08:25:03.754+0000] {processor.py:914} INFO - Processing file /home/airflow/.local/lib/python3.12/site-packages/airflow/example_dags/tutorial_taskflow_api.py for tasks to queue
[2024-08-23T08:25:03.759+0000] {logging_mixin.py:190} INFO - [2024-08-23T08:25:03.759+0000] {dagbag.py:587} INFO - Filling up the DagBag from /home/airflow/.local/lib/python3.12/site-packages/airflow/example_dags/tutorial_taskflow_api.py
[2024-08-23T08:25:03.778+0000] {processor.py:925} INFO - DAG(s) 'tutorial_taskflow_api' retrieved from /home/airflow/.local/lib/python3.12/site-packages/airflow/example_dags/tutorial_taskflow_api.py
[2024-08-23T08:25:03.816+0000] {logging_mixin.py:190} INFO - [2024-08-23T08:25:03.815+0000] {dag.py:3211} INFO - Sync 1 DAGs
[2024-08-23T08:25:03.845+0000] {logging_mixin.py:190} INFO - [2024-08-23T08:25:03.845+0000] {dag.py:4138} INFO - Setting next_dagrun for tutorial_taskflow_api to None, run_after=None
[2024-08-23T08:25:03.888+0000] {processor.py:208} INFO - Processing /home/airflow/.local/lib/python3.12/site-packages/airflow/example_dags/tutorial_taskflow_api.py took 0.160 seconds
[2024-08-23T08:25:34.274+0000] {processor.py:186} INFO - Started process (PID=350) to work on /home/airflow/.local/lib/python3.12/site-packages/airflow/example_dags/tutorial_taskflow_api.py
[2024-08-23T08:25:34.275+0000] {processor.py:914} INFO - Processing file /home/airflow/.local/lib/python3.12/site-packages/airflow/example_dags/tutorial_taskflow_api.py for tasks to queue
[2024-08-23T08:25:34.281+0000] {logging_mixin.py:190} INFO - [2024-08-23T08:25:34.281+0000] {dagbag.py:587} INFO - Filling up the DagBag from /home/airflow/.local/lib/python3.12/site-packages/airflow/example_dags/tutorial_taskflow_api.py
[2024-08-23T08:25:34.296+0000] {processor.py:925} INFO - DAG(s) 'tutorial_taskflow_api' retrieved from /home/airflow/.local/lib/python3.12/site-packages/airflow/example_dags/tutorial_taskflow_api.py
[2024-08-23T08:25:34.325+0000] {logging_mixin.py:190} INFO - [2024-08-23T08:25:34.325+0000] {dag.py:3211} INFO - Sync 1 DAGs
[2024-08-23T08:25:34.348+0000] {logging_mixin.py:190} INFO - [2024-08-23T08:25:34.348+0000] {dag.py:4138} INFO - Setting next_dagrun for tutorial_taskflow_api to None, run_after=None
[2024-08-23T08:25:34.384+0000] {processor.py:208} INFO - Processing /home/airflow/.local/lib/python3.12/site-packages/airflow/example_dags/tutorial_taskflow_api.py took 0.120 seconds
[2024-08-23T08:26:05.077+0000] {processor.py:186} INFO - Started process (PID=412) to work on /home/airflow/.local/lib/python3.12/site-packages/airflow/example_dags/tutorial_taskflow_api.py
[2024-08-23T08:26:05.078+0000] {processor.py:914} INFO - Processing file /home/airflow/.local/lib/python3.12/site-packages/airflow/example_dags/tutorial_taskflow_api.py for tasks to queue
[2024-08-23T08:26:05.080+0000] {logging_mixin.py:190} INFO - [2024-08-23T08:26:05.080+0000] {dagbag.py:587} INFO - Filling up the DagBag from /home/airflow/.local/lib/python3.12/site-packages/airflow/example_dags/tutorial_taskflow_api.py
[2024-08-23T08:26:05.087+0000] {processor.py:925} INFO - DAG(s) 'tutorial_taskflow_api' retrieved from /home/airflow/.local/lib/python3.12/site-packages/airflow/example_dags/tutorial_taskflow_api.py
[2024-08-23T08:26:05.106+0000] {logging_mixin.py:190} INFO - [2024-08-23T08:26:05.106+0000] {dag.py:3211} INFO - Sync 1 DAGs
[2024-08-23T08:26:05.117+0000] {logging_mixin.py:190} INFO - [2024-08-23T08:26:05.117+0000] {dag.py:4138} INFO - Setting next_dagrun for tutorial_taskflow_api to None, run_after=None
[2024-08-23T08:26:05.137+0000] {processor.py:208} INFO - Processing /home/airflow/.local/lib/python3.12/site-packages/airflow/example_dags/tutorial_taskflow_api.py took 0.065 seconds
[2024-08-23T08:26:35.688+0000] {processor.py:186} INFO - Started process (PID=474) to work on /home/airflow/.local/lib/python3.12/site-packages/airflow/example_dags/tutorial_taskflow_api.py
[2024-08-23T08:26:35.690+0000] {processor.py:914} INFO - Processing file /home/airflow/.local/lib/python3.12/site-packages/airflow/example_dags/tutorial_taskflow_api.py for tasks to queue
[2024-08-23T08:26:35.694+0000] {logging_mixin.py:190} INFO - [2024-08-23T08:26:35.693+0000] {dagbag.py:587} INFO - Filling up the DagBag from /home/airflow/.local/lib/python3.12/site-packages/airflow/example_dags/tutorial_taskflow_api.py
[2024-08-23T08:26:35.713+0000] {processor.py:925} INFO - DAG(s) 'tutorial_taskflow_api' retrieved from /home/airflow/.local/lib/python3.12/site-packages/airflow/example_dags/tutorial_taskflow_api.py
[2024-08-23T08:26:35.756+0000] {logging_mixin.py:190} INFO - [2024-08-23T08:26:35.755+0000] {dag.py:3211} INFO - Sync 1 DAGs
[2024-08-23T08:26:35.778+0000] {logging_mixin.py:190} INFO - [2024-08-23T08:26:35.778+0000] {dag.py:4138} INFO - Setting next_dagrun for tutorial_taskflow_api to None, run_after=None
[2024-08-23T08:26:36.220+0000] {logging_mixin.py:190} INFO - [2024-08-23T08:26:36.220+0000] {process_utils.py:266} INFO - Waiting up to 5 seconds for processes to exit...
[2024-08-23T10:25:06.430+0000] {processor.py:186} INFO - Started process (PID=106) to work on /home/airflow/.local/lib/python3.12/site-packages/airflow/example_dags/tutorial_taskflow_api.py
[2024-08-23T10:25:06.433+0000] {processor.py:914} INFO - Processing file /home/airflow/.local/lib/python3.12/site-packages/airflow/example_dags/tutorial_taskflow_api.py for tasks to queue
[2024-08-23T10:25:06.438+0000] {logging_mixin.py:190} INFO - [2024-08-23T10:25:06.438+0000] {dagbag.py:587} INFO - Filling up the DagBag from /home/airflow/.local/lib/python3.12/site-packages/airflow/example_dags/tutorial_taskflow_api.py
[2024-08-23T10:25:06.448+0000] {processor.py:925} INFO - DAG(s) 'tutorial_taskflow_api' retrieved from /home/airflow/.local/lib/python3.12/site-packages/airflow/example_dags/tutorial_taskflow_api.py
[2024-08-23T10:25:06.472+0000] {logging_mixin.py:190} INFO - [2024-08-23T10:25:06.472+0000] {dag.py:3211} INFO - Sync 1 DAGs
[2024-08-23T10:25:06.493+0000] {logging_mixin.py:190} INFO - [2024-08-23T10:25:06.493+0000] {dag.py:4138} INFO - Setting next_dagrun for tutorial_taskflow_api to None, run_after=None
[2024-08-23T10:25:06.520+0000] {processor.py:208} INFO - Processing /home/airflow/.local/lib/python3.12/site-packages/airflow/example_dags/tutorial_taskflow_api.py took 0.097 seconds
[2024-08-23T10:25:36.591+0000] {processor.py:186} INFO - Started process (PID=168) to work on /home/airflow/.local/lib/python3.12/site-packages/airflow/example_dags/tutorial_taskflow_api.py
[2024-08-23T10:25:36.593+0000] {processor.py:914} INFO - Processing file /home/airflow/.local/lib/python3.12/site-packages/airflow/example_dags/tutorial_taskflow_api.py for tasks to queue
[2024-08-23T10:25:36.595+0000] {logging_mixin.py:190} INFO - [2024-08-23T10:25:36.595+0000] {dagbag.py:587} INFO - Filling up the DagBag from /home/airflow/.local/lib/python3.12/site-packages/airflow/example_dags/tutorial_taskflow_api.py
[2024-08-23T10:25:36.602+0000] {processor.py:925} INFO - DAG(s) 'tutorial_taskflow_api' retrieved from /home/airflow/.local/lib/python3.12/site-packages/airflow/example_dags/tutorial_taskflow_api.py
[2024-08-23T10:25:36.620+0000] {logging_mixin.py:190} INFO - [2024-08-23T10:25:36.620+0000] {dag.py:3211} INFO - Sync 1 DAGs
[2024-08-23T10:25:36.633+0000] {logging_mixin.py:190} INFO - [2024-08-23T10:25:36.633+0000] {dag.py:4138} INFO - Setting next_dagrun for tutorial_taskflow_api to None, run_after=None
[2024-08-23T10:25:36.653+0000] {processor.py:208} INFO - Processing /home/airflow/.local/lib/python3.12/site-packages/airflow/example_dags/tutorial_taskflow_api.py took 0.066 seconds
[2024-08-23T10:26:07.424+0000] {processor.py:186} INFO - Started process (PID=230) to work on /home/airflow/.local/lib/python3.12/site-packages/airflow/example_dags/tutorial_taskflow_api.py
[2024-08-23T10:26:07.426+0000] {processor.py:914} INFO - Processing file /home/airflow/.local/lib/python3.12/site-packages/airflow/example_dags/tutorial_taskflow_api.py for tasks to queue
[2024-08-23T10:26:07.429+0000] {logging_mixin.py:190} INFO - [2024-08-23T10:26:07.428+0000] {dagbag.py:587} INFO - Filling up the DagBag from /home/airflow/.local/lib/python3.12/site-packages/airflow/example_dags/tutorial_taskflow_api.py
[2024-08-23T10:26:07.437+0000] {processor.py:925} INFO - DAG(s) 'tutorial_taskflow_api' retrieved from /home/airflow/.local/lib/python3.12/site-packages/airflow/example_dags/tutorial_taskflow_api.py
[2024-08-23T10:26:07.458+0000] {logging_mixin.py:190} INFO - [2024-08-23T10:26:07.457+0000] {dag.py:3211} INFO - Sync 1 DAGs
[2024-08-23T10:26:07.470+0000] {logging_mixin.py:190} INFO - [2024-08-23T10:26:07.470+0000] {dag.py:4138} INFO - Setting next_dagrun for tutorial_taskflow_api to None, run_after=None
[2024-08-23T10:26:07.492+0000] {processor.py:208} INFO - Processing /home/airflow/.local/lib/python3.12/site-packages/airflow/example_dags/tutorial_taskflow_api.py took 0.074 seconds
[2024-08-23T10:26:38.500+0000] {processor.py:186} INFO - Started process (PID=292) to work on /home/airflow/.local/lib/python3.12/site-packages/airflow/example_dags/tutorial_taskflow_api.py
[2024-08-23T10:26:38.501+0000] {processor.py:914} INFO - Processing file /home/airflow/.local/lib/python3.12/site-packages/airflow/example_dags/tutorial_taskflow_api.py for tasks to queue
[2024-08-23T10:26:38.504+0000] {logging_mixin.py:190} INFO - [2024-08-23T10:26:38.504+0000] {dagbag.py:587} INFO - Filling up the DagBag from /home/airflow/.local/lib/python3.12/site-packages/airflow/example_dags/tutorial_taskflow_api.py
[2024-08-23T10:26:38.511+0000] {processor.py:925} INFO - DAG(s) 'tutorial_taskflow_api' retrieved from /home/airflow/.local/lib/python3.12/site-packages/airflow/example_dags/tutorial_taskflow_api.py
[2024-08-23T10:26:38.528+0000] {logging_mixin.py:190} INFO - [2024-08-23T10:26:38.528+0000] {dag.py:3211} INFO - Sync 1 DAGs
[2024-08-23T10:26:38.543+0000] {logging_mixin.py:190} INFO - [2024-08-23T10:26:38.543+0000] {dag.py:4138} INFO - Setting next_dagrun for tutorial_taskflow_api to None, run_after=None
[2024-08-23T10:26:38.562+0000] {processor.py:208} INFO - Processing /home/airflow/.local/lib/python3.12/site-packages/airflow/example_dags/tutorial_taskflow_api.py took 0.068 seconds
[2024-08-23T10:27:11.158+0000] {processor.py:186} INFO - Started process (PID=354) to work on /home/airflow/.local/lib/python3.12/site-packages/airflow/example_dags/tutorial_taskflow_api.py
[2024-08-23T10:27:11.160+0000] {processor.py:914} INFO - Processing file /home/airflow/.local/lib/python3.12/site-packages/airflow/example_dags/tutorial_taskflow_api.py for tasks to queue
[2024-08-23T10:27:11.164+0000] {logging_mixin.py:190} INFO - [2024-08-23T10:27:11.164+0000] {dagbag.py:587} INFO - Filling up the DagBag from /home/airflow/.local/lib/python3.12/site-packages/airflow/example_dags/tutorial_taskflow_api.py
[2024-08-23T10:27:11.181+0000] {processor.py:925} INFO - DAG(s) 'tutorial_taskflow_api' retrieved from /home/airflow/.local/lib/python3.12/site-packages/airflow/example_dags/tutorial_taskflow_api.py
[2024-08-23T10:27:11.217+0000] {logging_mixin.py:190} INFO - [2024-08-23T10:27:11.216+0000] {dag.py:3211} INFO - Sync 1 DAGs
[2024-08-23T10:27:11.241+0000] {logging_mixin.py:190} INFO - [2024-08-23T10:27:11.241+0000] {dag.py:4138} INFO - Setting next_dagrun for tutorial_taskflow_api to None, run_after=None
[2024-08-23T10:27:11.274+0000] {processor.py:208} INFO - Processing /home/airflow/.local/lib/python3.12/site-packages/airflow/example_dags/tutorial_taskflow_api.py took 0.127 seconds
[2024-08-23T10:27:42.637+0000] {processor.py:186} INFO - Started process (PID=416) to work on /home/airflow/.local/lib/python3.12/site-packages/airflow/example_dags/tutorial_taskflow_api.py
[2024-08-23T10:27:42.639+0000] {processor.py:914} INFO - Processing file /home/airflow/.local/lib/python3.12/site-packages/airflow/example_dags/tutorial_taskflow_api.py for tasks to queue
[2024-08-23T10:27:42.647+0000] {logging_mixin.py:190} INFO - [2024-08-23T10:27:42.644+0000] {dagbag.py:587} INFO - Filling up the DagBag from /home/airflow/.local/lib/python3.12/site-packages/airflow/example_dags/tutorial_taskflow_api.py
[2024-08-23T10:27:42.670+0000] {processor.py:925} INFO - DAG(s) 'tutorial_taskflow_api' retrieved from /home/airflow/.local/lib/python3.12/site-packages/airflow/example_dags/tutorial_taskflow_api.py
[2024-08-23T10:27:42.724+0000] {logging_mixin.py:190} INFO - [2024-08-23T10:27:42.724+0000] {dag.py:3211} INFO - Sync 1 DAGs
[2024-08-23T10:27:42.755+0000] {logging_mixin.py:190} INFO - [2024-08-23T10:27:42.755+0000] {dag.py:4138} INFO - Setting next_dagrun for tutorial_taskflow_api to None, run_after=None
[2024-08-23T10:27:42.803+0000] {processor.py:208} INFO - Processing /home/airflow/.local/lib/python3.12/site-packages/airflow/example_dags/tutorial_taskflow_api.py took 0.185 seconds
