[2024-08-25T06:39:38.915+0000] {local_task_job_runner.py:123} INFO - ::group::Pre task execution logs
[2024-08-25T06:39:38.935+0000] {taskinstance.py:2603} INFO - Dependencies all met for dep_context=non-requeueable deps ti=<TaskInstance: our_first_dag_with_python_operator_v5.greet manual__2024-08-25T06:39:36.567532+00:00 [queued]>
[2024-08-25T06:39:38.946+0000] {taskinstance.py:2603} INFO - Dependencies all met for dep_context=requeueable deps ti=<TaskInstance: our_first_dag_with_python_operator_v5.greet manual__2024-08-25T06:39:36.567532+00:00 [queued]>
[2024-08-25T06:39:38.948+0000] {taskinstance.py:2856} INFO - Starting attempt 1 of 6
[2024-08-25T06:39:38.969+0000] {taskinstance.py:2879} INFO - Executing <Task(PythonOperator): greet> on 2024-08-25 06:39:36.567532+00:00
[2024-08-25T06:39:38.975+0000] {warnings.py:112} WARNING - /home/***/.local/lib/python3.12/site-packages/***/task/task_runner/standard_task_runner.py:70: DeprecationWarning: This process (pid=104) is multi-threaded, use of fork() may lead to deadlocks in the child.
  pid = os.fork()

[2024-08-25T06:39:38.978+0000] {standard_task_runner.py:72} INFO - Started process 105 to run task
[2024-08-25T06:39:38.979+0000] {standard_task_runner.py:104} INFO - Running: ['***', 'tasks', 'run', 'our_first_dag_with_python_operator_v5', 'greet', 'manual__2024-08-25T06:39:36.567532+00:00', '--job-id', '31', '--raw', '--subdir', 'DAGS_FOLDER/create_dag_with_python_operator.py', '--cfg-path', '/tmp/tmpffxgj5l3']
[2024-08-25T06:39:38.982+0000] {standard_task_runner.py:105} INFO - Job 31: Subtask greet
[2024-08-25T06:39:39.037+0000] {task_command.py:467} INFO - Running <TaskInstance: our_first_dag_with_python_operator_v5.greet manual__2024-08-25T06:39:36.567532+00:00 [running]> on host ae952724060e
[2024-08-25T06:39:39.155+0000] {taskinstance.py:3122} INFO - Exporting env vars: AIRFLOW_CTX_DAG_OWNER='shreyas' AIRFLOW_CTX_DAG_ID='our_first_dag_with_python_operator_v5' AIRFLOW_CTX_TASK_ID='greet' AIRFLOW_CTX_EXECUTION_DATE='2024-08-25T06:39:36.567532+00:00' AIRFLOW_CTX_TRY_NUMBER='1' AIRFLOW_CTX_DAG_RUN_ID='manual__2024-08-25T06:39:36.567532+00:00'
[2024-08-25T06:39:39.156+0000] {taskinstance.py:731} INFO - ::endgroup::
[2024-08-25T06:39:39.211+0000] {logging_mixin.py:190} INFO - Hello World! My name is Steven Strange and I am 50 years old.
[2024-08-25T06:39:39.213+0000] {python.py:240} INFO - Done. Returned value was: None
[2024-08-25T06:39:39.226+0000] {taskinstance.py:340} INFO - ::group::Post task execution logs
[2024-08-25T06:39:39.227+0000] {taskinstance.py:352} INFO - Marking task as SUCCESS. dag_id=our_first_dag_with_python_operator_v5, task_id=greet, run_id=manual__2024-08-25T06:39:36.567532+00:00, execution_date=20240825T063936, start_date=20240825T063938, end_date=20240825T063939
[2024-08-25T06:39:39.276+0000] {local_task_job_runner.py:261} INFO - Task exited with return code 0
[2024-08-25T06:39:39.304+0000] {taskinstance.py:3891} INFO - 0 downstream tasks scheduled from follow-on schedule check
[2024-08-25T06:39:39.309+0000] {local_task_job_runner.py:240} INFO - ::endgroup::
