[2024-08-25T09:31:42.258+0000] {local_task_job_runner.py:123} INFO - ::group::Pre task execution logs
[2024-08-25T09:31:42.289+0000] {taskinstance.py:2603} INFO - Dependencies all met for dep_context=non-requeueable deps ti=<TaskInstance: dag_with_cron_expression_v3.task1 manual__2024-08-25T09:31:41.050732+00:00 [queued]>
[2024-08-25T09:31:42.305+0000] {taskinstance.py:2603} INFO - Dependencies all met for dep_context=requeueable deps ti=<TaskInstance: dag_with_cron_expression_v3.task1 manual__2024-08-25T09:31:41.050732+00:00 [queued]>
[2024-08-25T09:31:42.306+0000] {taskinstance.py:2856} INFO - Starting attempt 1 of 6
[2024-08-25T09:31:42.335+0000] {taskinstance.py:2879} INFO - Executing <Task(BashOperator): task1> on 2024-08-25 09:31:41.050732+00:00
[2024-08-25T09:31:42.349+0000] {standard_task_runner.py:104} INFO - Running: ['***', 'tasks', 'run', 'dag_with_cron_expression_v3', 'task1', 'manual__2024-08-25T09:31:41.050732+00:00', '--job-id', '95', '--raw', '--subdir', 'DAGS_FOLDER/dag_with_cron_expression.py', '--cfg-path', '/tmp/tmp97xwii12']
[2024-08-25T09:31:42.352+0000] {standard_task_runner.py:105} INFO - Job 95: Subtask task1
[2024-08-25T09:31:42.347+0000] {warnings.py:112} WARNING - /home/***/.local/lib/python3.12/site-packages/***/task/task_runner/standard_task_runner.py:70: DeprecationWarning: This process (pid=2511) is multi-threaded, use of fork() may lead to deadlocks in the child.
  pid = os.fork()

[2024-08-25T09:31:42.357+0000] {standard_task_runner.py:72} INFO - Started process 2512 to run task
[2024-08-25T09:31:42.444+0000] {task_command.py:467} INFO - Running <TaskInstance: dag_with_cron_expression_v3.task1 manual__2024-08-25T09:31:41.050732+00:00 [running]> on host ae952724060e
[2024-08-25T09:31:42.627+0000] {taskinstance.py:3122} INFO - Exporting env vars: AIRFLOW_CTX_DAG_OWNER='shreyas' AIRFLOW_CTX_DAG_ID='dag_with_cron_expression_v3' AIRFLOW_CTX_TASK_ID='task1' AIRFLOW_CTX_EXECUTION_DATE='2024-08-25T09:31:41.050732+00:00' AIRFLOW_CTX_TRY_NUMBER='1' AIRFLOW_CTX_DAG_RUN_ID='manual__2024-08-25T09:31:41.050732+00:00'
[2024-08-25T09:31:42.628+0000] {taskinstance.py:731} INFO - ::endgroup::
[2024-08-25T09:31:42.666+0000] {subprocess.py:63} INFO - Tmp dir root location: /tmp
[2024-08-25T09:31:42.669+0000] {subprocess.py:75} INFO - Running command: ['/usr/bin/bash', '-c', 'echo dag with cron expression']
[2024-08-25T09:31:42.690+0000] {subprocess.py:86} INFO - Output:
[2024-08-25T09:31:42.693+0000] {subprocess.py:93} INFO - dag with cron expression
[2024-08-25T09:31:42.695+0000] {subprocess.py:97} INFO - Command exited with return code 0
[2024-08-25T09:31:42.769+0000] {taskinstance.py:340} INFO - ::group::Post task execution logs
[2024-08-25T09:31:42.774+0000] {taskinstance.py:352} INFO - Marking task as SUCCESS. dag_id=dag_with_cron_expression_v3, task_id=task1, run_id=manual__2024-08-25T09:31:41.050732+00:00, execution_date=20240825T093141, start_date=20240825T093142, end_date=20240825T093142
[2024-08-25T09:31:42.861+0000] {local_task_job_runner.py:261} INFO - Task exited with return code 0
[2024-08-25T09:31:42.895+0000] {taskinstance.py:3891} INFO - 0 downstream tasks scheduled from follow-on schedule check
[2024-08-25T09:31:42.902+0000] {local_task_job_runner.py:240} INFO - ::endgroup::
