[2024-08-24T18:55:50.800+0000] {processor.py:186} INFO - Started process (PID=6166) to work on /opt/airflow/dags/create_dag_with_python_operator.py
[2024-08-24T18:55:50.802+0000] {processor.py:914} INFO - Processing file /opt/airflow/dags/create_dag_with_python_operator.py for tasks to queue
[2024-08-24T18:55:50.805+0000] {logging_mixin.py:190} INFO - [2024-08-24T18:55:50.804+0000] {dagbag.py:587} INFO - Filling up the DagBag from /opt/airflow/dags/create_dag_with_python_operator.py
[2024-08-24T18:55:50.873+0000] {processor.py:925} INFO - DAG(s) 'our_first_dag_with_python_operator_v1' retrieved from /opt/airflow/dags/create_dag_with_python_operator.py
[2024-08-24T18:55:51.475+0000] {logging_mixin.py:190} INFO - [2024-08-24T18:55:51.473+0000] {override.py:1858} INFO - Created Permission View: can edit on DAG:our_first_dag_with_python_operator_v1
[2024-08-24T18:55:51.499+0000] {logging_mixin.py:190} INFO - [2024-08-24T18:55:51.499+0000] {override.py:1858} INFO - Created Permission View: can read on DAG:our_first_dag_with_python_operator_v1
[2024-08-24T18:55:51.514+0000] {logging_mixin.py:190} INFO - [2024-08-24T18:55:51.514+0000] {override.py:1858} INFO - Created Permission View: can delete on DAG:our_first_dag_with_python_operator_v1
[2024-08-24T18:55:51.519+0000] {logging_mixin.py:190} INFO - [2024-08-24T18:55:51.518+0000] {dag.py:3211} INFO - Sync 1 DAGs
[2024-08-24T18:55:51.545+0000] {logging_mixin.py:190} INFO - [2024-08-24T18:55:51.544+0000] {dag.py:3234} INFO - Creating ORM DAG for our_first_dag_with_python_operator_v1
[2024-08-24T18:55:51.561+0000] {logging_mixin.py:190} INFO - [2024-08-24T18:55:51.561+0000] {dag.py:4138} INFO - Setting next_dagrun for our_first_dag_with_python_operator_v1 to 2024-08-26 00:00:00+00:00, run_after=2024-08-27 00:00:00+00:00
[2024-08-24T18:55:51.595+0000] {processor.py:208} INFO - Processing /opt/airflow/dags/create_dag_with_python_operator.py took 0.805 seconds
[2024-08-24T18:56:22.132+0000] {processor.py:186} INFO - Started process (PID=6173) to work on /opt/airflow/dags/create_dag_with_python_operator.py
[2024-08-24T18:56:22.133+0000] {processor.py:914} INFO - Processing file /opt/airflow/dags/create_dag_with_python_operator.py for tasks to queue
[2024-08-24T18:56:22.135+0000] {logging_mixin.py:190} INFO - [2024-08-24T18:56:22.135+0000] {dagbag.py:587} INFO - Filling up the DagBag from /opt/airflow/dags/create_dag_with_python_operator.py
[2024-08-24T18:56:22.165+0000] {processor.py:925} INFO - DAG(s) 'our_first_dag_with_python_operator_v1' retrieved from /opt/airflow/dags/create_dag_with_python_operator.py
[2024-08-24T18:56:22.214+0000] {logging_mixin.py:190} INFO - [2024-08-24T18:56:22.213+0000] {dag.py:3211} INFO - Sync 1 DAGs
[2024-08-24T18:56:22.256+0000] {logging_mixin.py:190} INFO - [2024-08-24T18:56:22.256+0000] {dag.py:4138} INFO - Setting next_dagrun for our_first_dag_with_python_operator_v1 to 2024-08-26 00:00:00+00:00, run_after=2024-08-27 00:00:00+00:00
[2024-08-24T18:56:22.288+0000] {processor.py:208} INFO - Processing /opt/airflow/dags/create_dag_with_python_operator.py took 0.165 seconds
[2024-08-24T18:56:52.762+0000] {processor.py:186} INFO - Started process (PID=6181) to work on /opt/airflow/dags/create_dag_with_python_operator.py
[2024-08-24T18:56:52.764+0000] {processor.py:914} INFO - Processing file /opt/airflow/dags/create_dag_with_python_operator.py for tasks to queue
[2024-08-24T18:56:52.766+0000] {logging_mixin.py:190} INFO - [2024-08-24T18:56:52.766+0000] {dagbag.py:587} INFO - Filling up the DagBag from /opt/airflow/dags/create_dag_with_python_operator.py
[2024-08-24T18:56:52.808+0000] {processor.py:925} INFO - DAG(s) 'our_first_dag_with_python_operator_v1' retrieved from /opt/airflow/dags/create_dag_with_python_operator.py
[2024-08-24T18:56:52.868+0000] {logging_mixin.py:190} INFO - [2024-08-24T18:56:52.868+0000] {dag.py:3211} INFO - Sync 1 DAGs
[2024-08-24T18:56:52.919+0000] {logging_mixin.py:190} INFO - [2024-08-24T18:56:52.919+0000] {dag.py:4138} INFO - Setting next_dagrun for our_first_dag_with_python_operator_v1 to 2024-08-26 00:00:00+00:00, run_after=2024-08-27 00:00:00+00:00
[2024-08-24T18:56:52.961+0000] {processor.py:208} INFO - Processing /opt/airflow/dags/create_dag_with_python_operator.py took 0.208 seconds
[2024-08-24T18:57:23.167+0000] {processor.py:186} INFO - Started process (PID=6189) to work on /opt/airflow/dags/create_dag_with_python_operator.py
[2024-08-24T18:57:23.169+0000] {processor.py:914} INFO - Processing file /opt/airflow/dags/create_dag_with_python_operator.py for tasks to queue
[2024-08-24T18:57:23.174+0000] {logging_mixin.py:190} INFO - [2024-08-24T18:57:23.173+0000] {dagbag.py:587} INFO - Filling up the DagBag from /opt/airflow/dags/create_dag_with_python_operator.py
[2024-08-24T18:57:23.214+0000] {processor.py:925} INFO - DAG(s) 'our_first_dag_with_python_operator_v1' retrieved from /opt/airflow/dags/create_dag_with_python_operator.py
[2024-08-24T18:57:23.250+0000] {logging_mixin.py:190} INFO - [2024-08-24T18:57:23.250+0000] {dag.py:3211} INFO - Sync 1 DAGs
[2024-08-24T18:57:23.280+0000] {logging_mixin.py:190} INFO - [2024-08-24T18:57:23.279+0000] {dag.py:4138} INFO - Setting next_dagrun for our_first_dag_with_python_operator_v1 to 2024-08-26 00:00:00+00:00, run_after=2024-08-27 00:00:00+00:00
[2024-08-24T18:57:23.311+0000] {processor.py:208} INFO - Processing /opt/airflow/dags/create_dag_with_python_operator.py took 0.151 seconds
[2024-08-24T18:57:53.529+0000] {processor.py:186} INFO - Started process (PID=6197) to work on /opt/airflow/dags/create_dag_with_python_operator.py
[2024-08-24T18:57:53.531+0000] {processor.py:914} INFO - Processing file /opt/airflow/dags/create_dag_with_python_operator.py for tasks to queue
[2024-08-24T18:57:53.533+0000] {logging_mixin.py:190} INFO - [2024-08-24T18:57:53.533+0000] {dagbag.py:587} INFO - Filling up the DagBag from /opt/airflow/dags/create_dag_with_python_operator.py
[2024-08-24T18:57:53.572+0000] {processor.py:925} INFO - DAG(s) 'our_first_dag_with_python_operator_v1' retrieved from /opt/airflow/dags/create_dag_with_python_operator.py
[2024-08-24T18:57:53.606+0000] {logging_mixin.py:190} INFO - [2024-08-24T18:57:53.606+0000] {dag.py:3211} INFO - Sync 1 DAGs
[2024-08-24T18:57:53.631+0000] {logging_mixin.py:190} INFO - [2024-08-24T18:57:53.631+0000] {dag.py:4138} INFO - Setting next_dagrun for our_first_dag_with_python_operator_v1 to 2024-08-26 00:00:00+00:00, run_after=2024-08-27 00:00:00+00:00
[2024-08-24T18:57:53.663+0000] {processor.py:208} INFO - Processing /opt/airflow/dags/create_dag_with_python_operator.py took 0.142 seconds
[2024-08-24T18:58:24.126+0000] {processor.py:186} INFO - Started process (PID=6206) to work on /opt/airflow/dags/create_dag_with_python_operator.py
[2024-08-24T18:58:24.127+0000] {processor.py:914} INFO - Processing file /opt/airflow/dags/create_dag_with_python_operator.py for tasks to queue
[2024-08-24T18:58:24.129+0000] {logging_mixin.py:190} INFO - [2024-08-24T18:58:24.129+0000] {dagbag.py:587} INFO - Filling up the DagBag from /opt/airflow/dags/create_dag_with_python_operator.py
[2024-08-24T18:58:24.172+0000] {processor.py:925} INFO - DAG(s) 'our_first_dag_with_python_operator_v1' retrieved from /opt/airflow/dags/create_dag_with_python_operator.py
[2024-08-24T18:58:24.204+0000] {logging_mixin.py:190} INFO - [2024-08-24T18:58:24.203+0000] {dag.py:3211} INFO - Sync 1 DAGs
[2024-08-24T18:58:24.228+0000] {logging_mixin.py:190} INFO - [2024-08-24T18:58:24.228+0000] {dag.py:4138} INFO - Setting next_dagrun for our_first_dag_with_python_operator_v1 to 2024-08-26 00:00:00+00:00, run_after=2024-08-27 00:00:00+00:00
[2024-08-24T18:58:24.251+0000] {processor.py:208} INFO - Processing /opt/airflow/dags/create_dag_with_python_operator.py took 0.132 seconds
[2024-08-24T18:58:54.736+0000] {processor.py:186} INFO - Started process (PID=6214) to work on /opt/airflow/dags/create_dag_with_python_operator.py
[2024-08-24T18:58:54.737+0000] {processor.py:914} INFO - Processing file /opt/airflow/dags/create_dag_with_python_operator.py for tasks to queue
[2024-08-24T18:58:54.739+0000] {logging_mixin.py:190} INFO - [2024-08-24T18:58:54.739+0000] {dagbag.py:587} INFO - Filling up the DagBag from /opt/airflow/dags/create_dag_with_python_operator.py
[2024-08-24T18:58:54.780+0000] {processor.py:925} INFO - DAG(s) 'our_first_dag_with_python_operator_v1' retrieved from /opt/airflow/dags/create_dag_with_python_operator.py
[2024-08-24T18:58:54.808+0000] {logging_mixin.py:190} INFO - [2024-08-24T18:58:54.807+0000] {dag.py:3211} INFO - Sync 1 DAGs
[2024-08-24T18:58:54.831+0000] {logging_mixin.py:190} INFO - [2024-08-24T18:58:54.831+0000] {dag.py:4138} INFO - Setting next_dagrun for our_first_dag_with_python_operator_v1 to 2024-08-26 00:00:00+00:00, run_after=2024-08-27 00:00:00+00:00
[2024-08-24T18:58:54.856+0000] {processor.py:208} INFO - Processing /opt/airflow/dags/create_dag_with_python_operator.py took 0.125 seconds
[2024-08-24T18:59:25.271+0000] {processor.py:186} INFO - Started process (PID=6222) to work on /opt/airflow/dags/create_dag_with_python_operator.py
[2024-08-24T18:59:25.272+0000] {processor.py:914} INFO - Processing file /opt/airflow/dags/create_dag_with_python_operator.py for tasks to queue
[2024-08-24T18:59:25.273+0000] {logging_mixin.py:190} INFO - [2024-08-24T18:59:25.273+0000] {dagbag.py:587} INFO - Filling up the DagBag from /opt/airflow/dags/create_dag_with_python_operator.py
[2024-08-24T18:59:25.313+0000] {processor.py:925} INFO - DAG(s) 'our_first_dag_with_python_operator_v1' retrieved from /opt/airflow/dags/create_dag_with_python_operator.py
[2024-08-24T18:59:25.339+0000] {logging_mixin.py:190} INFO - [2024-08-24T18:59:25.339+0000] {dag.py:3211} INFO - Sync 1 DAGs
[2024-08-24T18:59:25.362+0000] {logging_mixin.py:190} INFO - [2024-08-24T18:59:25.361+0000] {dag.py:4138} INFO - Setting next_dagrun for our_first_dag_with_python_operator_v1 to 2024-08-26 00:00:00+00:00, run_after=2024-08-27 00:00:00+00:00
[2024-08-24T18:59:25.389+0000] {processor.py:208} INFO - Processing /opt/airflow/dags/create_dag_with_python_operator.py took 0.123 seconds
[2024-08-24T18:59:55.843+0000] {processor.py:186} INFO - Started process (PID=6230) to work on /opt/airflow/dags/create_dag_with_python_operator.py
[2024-08-24T18:59:55.844+0000] {processor.py:914} INFO - Processing file /opt/airflow/dags/create_dag_with_python_operator.py for tasks to queue
[2024-08-24T18:59:55.846+0000] {logging_mixin.py:190} INFO - [2024-08-24T18:59:55.845+0000] {dagbag.py:587} INFO - Filling up the DagBag from /opt/airflow/dags/create_dag_with_python_operator.py
[2024-08-24T18:59:55.889+0000] {processor.py:925} INFO - DAG(s) 'our_first_dag_with_python_operator_v1' retrieved from /opt/airflow/dags/create_dag_with_python_operator.py
[2024-08-24T18:59:55.929+0000] {logging_mixin.py:190} INFO - [2024-08-24T18:59:55.928+0000] {dag.py:3211} INFO - Sync 1 DAGs
[2024-08-24T18:59:55.959+0000] {logging_mixin.py:190} INFO - [2024-08-24T18:59:55.959+0000] {dag.py:4138} INFO - Setting next_dagrun for our_first_dag_with_python_operator_v1 to 2024-08-26 00:00:00+00:00, run_after=2024-08-27 00:00:00+00:00
[2024-08-24T18:59:55.982+0000] {processor.py:208} INFO - Processing /opt/airflow/dags/create_dag_with_python_operator.py took 0.144 seconds
[2024-08-24T19:00:26.417+0000] {processor.py:186} INFO - Started process (PID=6238) to work on /opt/airflow/dags/create_dag_with_python_operator.py
[2024-08-24T19:00:26.419+0000] {processor.py:914} INFO - Processing file /opt/airflow/dags/create_dag_with_python_operator.py for tasks to queue
[2024-08-24T19:00:26.420+0000] {logging_mixin.py:190} INFO - [2024-08-24T19:00:26.420+0000] {dagbag.py:587} INFO - Filling up the DagBag from /opt/airflow/dags/create_dag_with_python_operator.py
[2024-08-24T19:00:26.440+0000] {processor.py:925} INFO - DAG(s) 'our_first_dag_with_python_operator_v1' retrieved from /opt/airflow/dags/create_dag_with_python_operator.py
[2024-08-24T19:00:26.466+0000] {logging_mixin.py:190} INFO - [2024-08-24T19:00:26.466+0000] {dag.py:3211} INFO - Sync 1 DAGs
[2024-08-24T19:00:26.487+0000] {logging_mixin.py:190} INFO - [2024-08-24T19:00:26.487+0000] {dag.py:4138} INFO - Setting next_dagrun for our_first_dag_with_python_operator_v1 to 2024-08-26 00:00:00+00:00, run_after=2024-08-27 00:00:00+00:00
[2024-08-24T19:00:26.507+0000] {processor.py:208} INFO - Processing /opt/airflow/dags/create_dag_with_python_operator.py took 0.096 seconds
[2024-08-24T19:00:57.028+0000] {processor.py:186} INFO - Started process (PID=6246) to work on /opt/airflow/dags/create_dag_with_python_operator.py
[2024-08-24T19:00:57.031+0000] {processor.py:914} INFO - Processing file /opt/airflow/dags/create_dag_with_python_operator.py for tasks to queue
[2024-08-24T19:00:57.034+0000] {logging_mixin.py:190} INFO - [2024-08-24T19:00:57.033+0000] {dagbag.py:587} INFO - Filling up the DagBag from /opt/airflow/dags/create_dag_with_python_operator.py
[2024-08-24T19:00:57.080+0000] {processor.py:925} INFO - DAG(s) 'our_first_dag_with_python_operator_v1' retrieved from /opt/airflow/dags/create_dag_with_python_operator.py
[2024-08-24T19:00:57.125+0000] {logging_mixin.py:190} INFO - [2024-08-24T19:00:57.124+0000] {dag.py:3211} INFO - Sync 1 DAGs
[2024-08-24T19:00:57.163+0000] {logging_mixin.py:190} INFO - [2024-08-24T19:00:57.162+0000] {dag.py:4138} INFO - Setting next_dagrun for our_first_dag_with_python_operator_v1 to 2024-08-26 00:00:00+00:00, run_after=2024-08-27 00:00:00+00:00
[2024-08-24T19:00:57.194+0000] {processor.py:208} INFO - Processing /opt/airflow/dags/create_dag_with_python_operator.py took 0.175 seconds
[2024-08-24T19:01:27.473+0000] {processor.py:186} INFO - Started process (PID=6254) to work on /opt/airflow/dags/create_dag_with_python_operator.py
[2024-08-24T19:01:27.475+0000] {processor.py:914} INFO - Processing file /opt/airflow/dags/create_dag_with_python_operator.py for tasks to queue
[2024-08-24T19:01:27.477+0000] {logging_mixin.py:190} INFO - [2024-08-24T19:01:27.477+0000] {dagbag.py:587} INFO - Filling up the DagBag from /opt/airflow/dags/create_dag_with_python_operator.py
[2024-08-24T19:01:27.521+0000] {processor.py:925} INFO - DAG(s) 'our_first_dag_with_python_operator_v1' retrieved from /opt/airflow/dags/create_dag_with_python_operator.py
[2024-08-24T19:01:27.549+0000] {logging_mixin.py:190} INFO - [2024-08-24T19:01:27.549+0000] {dag.py:3211} INFO - Sync 1 DAGs
[2024-08-24T19:01:27.571+0000] {logging_mixin.py:190} INFO - [2024-08-24T19:01:27.571+0000] {dag.py:4138} INFO - Setting next_dagrun for our_first_dag_with_python_operator_v1 to 2024-08-26 00:00:00+00:00, run_after=2024-08-27 00:00:00+00:00
[2024-08-24T19:01:27.596+0000] {processor.py:208} INFO - Processing /opt/airflow/dags/create_dag_with_python_operator.py took 0.129 seconds
