[2024-08-25T16:43:31.430+0000] {local_task_job_runner.py:123} INFO - ::group::Pre task execution logs
[2024-08-25T16:43:31.450+0000] {taskinstance.py:2603} INFO - Dependencies all met for dep_context=non-requeueable deps ti=<TaskInstance: bq_to_local_dag.read_bq_data manual__2024-08-25T16:43:28.962137+00:00 [queued]>
[2024-08-25T16:43:31.459+0000] {taskinstance.py:2603} INFO - Dependencies all met for dep_context=requeueable deps ti=<TaskInstance: bq_to_local_dag.read_bq_data manual__2024-08-25T16:43:28.962137+00:00 [queued]>
[2024-08-25T16:43:31.463+0000] {taskinstance.py:2856} INFO - Starting attempt 1 of 2
[2024-08-25T16:43:31.481+0000] {taskinstance.py:2879} INFO - Executing <Task(PythonOperator): read_bq_data> on 2024-08-25 16:43:28.962137+00:00
[2024-08-25T16:43:31.488+0000] {warnings.py:112} WARNING - /home/***/.local/lib/python3.12/site-packages/***/task/task_runner/standard_task_runner.py:70: DeprecationWarning: This process (pid=253) is multi-threaded, use of fork() may lead to deadlocks in the child.
  pid = os.fork()

[2024-08-25T16:43:31.490+0000] {standard_task_runner.py:72} INFO - Started process 255 to run task
[2024-08-25T16:43:31.494+0000] {standard_task_runner.py:104} INFO - Running: ['***', 'tasks', 'run', 'bq_to_local_dag', 'read_bq_data', 'manual__2024-08-25T16:43:28.962137+00:00', '--job-id', '154', '--raw', '--subdir', 'DAGS_FOLDER/gcp_integration_dag.py', '--cfg-path', '/tmp/tmpt8v04hw2']
[2024-08-25T16:43:31.498+0000] {standard_task_runner.py:105} INFO - Job 154: Subtask read_bq_data
[2024-08-25T16:43:31.557+0000] {task_command.py:467} INFO - Running <TaskInstance: bq_to_local_dag.read_bq_data manual__2024-08-25T16:43:28.962137+00:00 [running]> on host b41c83b24869
[2024-08-25T16:43:31.648+0000] {taskinstance.py:3122} INFO - Exporting env vars: AIRFLOW_CTX_DAG_OWNER='***' AIRFLOW_CTX_DAG_ID='bq_to_local_dag' AIRFLOW_CTX_TASK_ID='read_bq_data' AIRFLOW_CTX_EXECUTION_DATE='2024-08-25T16:43:28.962137+00:00' AIRFLOW_CTX_TRY_NUMBER='1' AIRFLOW_CTX_DAG_RUN_ID='manual__2024-08-25T16:43:28.962137+00:00'
[2024-08-25T16:43:31.650+0000] {taskinstance.py:731} INFO - ::endgroup::
[2024-08-25T16:43:34.049+0000] {logging_mixin.py:190} INFO - Data has been written to /opt/***/data/bq_data.csv
[2024-08-25T16:43:34.050+0000] {python.py:240} INFO - Done. Returned value was: None
[2024-08-25T16:43:34.061+0000] {taskinstance.py:340} INFO - ::group::Post task execution logs
[2024-08-25T16:43:34.062+0000] {taskinstance.py:352} INFO - Marking task as SUCCESS. dag_id=bq_to_local_dag, task_id=read_bq_data, run_id=manual__2024-08-25T16:43:28.962137+00:00, execution_date=20240825T164328, start_date=20240825T164331, end_date=20240825T164334
[2024-08-25T16:43:34.126+0000] {local_task_job_runner.py:261} INFO - Task exited with return code 0
[2024-08-25T16:43:34.148+0000] {taskinstance.py:3891} INFO - 0 downstream tasks scheduled from follow-on schedule check
[2024-08-25T16:43:34.151+0000] {local_task_job_runner.py:240} INFO - ::endgroup::
