[2024-08-25T16:58:27.024+0000] {local_task_job_runner.py:123} INFO - ::group::Pre task execution logs
[2024-08-25T16:58:27.039+0000] {taskinstance.py:2603} INFO - Dependencies all met for dep_context=non-requeueable deps ti=<TaskInstance: bq_to_local_dag.read_bq_data manual__2024-08-25T16:58:25.438018+00:00 [queued]>
[2024-08-25T16:58:27.046+0000] {taskinstance.py:2603} INFO - Dependencies all met for dep_context=requeueable deps ti=<TaskInstance: bq_to_local_dag.read_bq_data manual__2024-08-25T16:58:25.438018+00:00 [queued]>
[2024-08-25T16:58:27.047+0000] {taskinstance.py:2856} INFO - Starting attempt 1 of 1
[2024-08-25T16:58:27.061+0000] {taskinstance.py:2879} INFO - Executing <Task(PythonOperator): read_bq_data> on 2024-08-25 16:58:25.438018+00:00
[2024-08-25T16:58:27.069+0000] {warnings.py:112} WARNING - /home/***/.local/lib/python3.12/site-packages/***/task/task_runner/standard_task_runner.py:70: DeprecationWarning: This process (pid=513) is multi-threaded, use of fork() may lead to deadlocks in the child.
  pid = os.fork()

[2024-08-25T16:58:27.071+0000] {standard_task_runner.py:72} INFO - Started process 515 to run task
[2024-08-25T16:58:27.071+0000] {standard_task_runner.py:104} INFO - Running: ['***', 'tasks', 'run', 'bq_to_local_dag', 'read_bq_data', 'manual__2024-08-25T16:58:25.438018+00:00', '--job-id', '164', '--raw', '--subdir', 'DAGS_FOLDER/gcp_integration_dag.py', '--cfg-path', '/tmp/tmpxg_stl6_']
[2024-08-25T16:58:27.074+0000] {standard_task_runner.py:105} INFO - Job 164: Subtask read_bq_data
[2024-08-25T16:58:27.127+0000] {task_command.py:467} INFO - Running <TaskInstance: bq_to_local_dag.read_bq_data manual__2024-08-25T16:58:25.438018+00:00 [running]> on host b41c83b24869
[2024-08-25T16:58:27.226+0000] {taskinstance.py:3122} INFO - Exporting env vars: AIRFLOW_CTX_DAG_OWNER='***_SS' AIRFLOW_CTX_DAG_ID='bq_to_local_dag' AIRFLOW_CTX_TASK_ID='read_bq_data' AIRFLOW_CTX_EXECUTION_DATE='2024-08-25T16:58:25.438018+00:00' AIRFLOW_CTX_TRY_NUMBER='1' AIRFLOW_CTX_DAG_RUN_ID='manual__2024-08-25T16:58:25.438018+00:00'
[2024-08-25T16:58:27.228+0000] {taskinstance.py:731} INFO - ::endgroup::
[2024-08-25T16:58:31.100+0000] {logging_mixin.py:190} INFO - Row count: 13
[2024-08-25T16:58:31.101+0000] {logging_mixin.py:190} INFO - Data has been written to /opt/***/data/bq_data.csv
[2024-08-25T16:58:31.103+0000] {python.py:240} INFO - Done. Returned value was: None
[2024-08-25T16:58:31.118+0000] {taskinstance.py:340} INFO - ::group::Post task execution logs
[2024-08-25T16:58:31.119+0000] {taskinstance.py:352} INFO - Marking task as SUCCESS. dag_id=bq_to_local_dag, task_id=read_bq_data, run_id=manual__2024-08-25T16:58:25.438018+00:00, execution_date=20240825T165825, start_date=20240825T165827, end_date=20240825T165831
[2024-08-25T16:58:31.165+0000] {local_task_job_runner.py:261} INFO - Task exited with return code 0
[2024-08-25T16:58:31.182+0000] {taskinstance.py:3891} INFO - 0 downstream tasks scheduled from follow-on schedule check
[2024-08-25T16:58:31.187+0000] {local_task_job_runner.py:240} INFO - ::endgroup::
