[2024-08-25T07:08:48.940+0000] {local_task_job_runner.py:123} INFO - ::group::Pre task execution logs
[2024-08-25T07:08:49.038+0000] {taskinstance.py:2603} INFO - Dependencies all met for dep_context=non-requeueable deps ti=<TaskInstance: dag_with_taskflow_api_v1.greet scheduled__2024-08-21T00:00:00+00:00 [queued]>
[2024-08-25T07:08:49.076+0000] {taskinstance.py:2603} INFO - Dependencies all met for dep_context=requeueable deps ti=<TaskInstance: dag_with_taskflow_api_v1.greet scheduled__2024-08-21T00:00:00+00:00 [queued]>
[2024-08-25T07:08:49.080+0000] {taskinstance.py:2856} INFO - Starting attempt 1 of 6
[2024-08-25T07:08:49.155+0000] {taskinstance.py:2879} INFO - Executing <Task(_PythonDecoratedOperator): greet> on 2024-08-21 00:00:00+00:00
[2024-08-25T07:08:49.181+0000] {warnings.py:112} WARNING - /home/***/.local/lib/python3.12/site-packages/***/task/task_runner/standard_task_runner.py:70: DeprecationWarning: This process (pid=505) is multi-threaded, use of fork() may lead to deadlocks in the child.
  pid = os.fork()

[2024-08-25T07:08:49.192+0000] {standard_task_runner.py:72} INFO - Started process 519 to run task
[2024-08-25T07:08:49.184+0000] {standard_task_runner.py:104} INFO - Running: ['***', 'tasks', 'run', 'dag_with_taskflow_api_v1', 'greet', 'scheduled__2024-08-21T00:00:00+00:00', '--job-id', '43', '--raw', '--subdir', 'DAGS_FOLDER/dag_with_taskflow_api.py', '--cfg-path', '/tmp/tmphe7_i0to']
[2024-08-25T07:08:49.195+0000] {standard_task_runner.py:105} INFO - Job 43: Subtask greet
[2024-08-25T07:08:49.409+0000] {task_command.py:467} INFO - Running <TaskInstance: dag_with_taskflow_api_v1.greet scheduled__2024-08-21T00:00:00+00:00 [running]> on host ae952724060e
[2024-08-25T07:08:49.890+0000] {taskinstance.py:3122} INFO - Exporting env vars: AIRFLOW_CTX_DAG_OWNER='shreyas' AIRFLOW_CTX_DAG_ID='dag_with_taskflow_api_v1' AIRFLOW_CTX_TASK_ID='greet' AIRFLOW_CTX_EXECUTION_DATE='2024-08-21T00:00:00+00:00' AIRFLOW_CTX_TRY_NUMBER='1' AIRFLOW_CTX_DAG_RUN_ID='scheduled__2024-08-21T00:00:00+00:00'
[2024-08-25T07:08:49.893+0000] {taskinstance.py:731} INFO - ::endgroup::
[2024-08-25T07:08:49.908+0000] {logging_mixin.py:190} INFO - Hello World! My name is Steven Strange and I am 50 years old.
[2024-08-25T07:08:49.909+0000] {python.py:240} INFO - Done. Returned value was: None
[2024-08-25T07:08:49.953+0000] {taskinstance.py:340} INFO - ::group::Post task execution logs
[2024-08-25T07:08:49.955+0000] {taskinstance.py:352} INFO - Marking task as SUCCESS. dag_id=dag_with_taskflow_api_v1, task_id=greet, run_id=scheduled__2024-08-21T00:00:00+00:00, execution_date=20240821T000000, start_date=20240825T070849, end_date=20240825T070849
[2024-08-25T07:08:50.050+0000] {local_task_job_runner.py:261} INFO - Task exited with return code 0
[2024-08-25T07:08:50.152+0000] {taskinstance.py:3891} INFO - 0 downstream tasks scheduled from follow-on schedule check
[2024-08-25T07:08:50.169+0000] {local_task_job_runner.py:240} INFO - ::endgroup::
