[2024-08-25T15:06:01.051+0000] {local_task_job_runner.py:123} INFO - ::group::Pre task execution logs
[2024-08-25T15:06:01.087+0000] {taskinstance.py:2603} INFO - Dependencies all met for dep_context=non-requeueable deps ti=<TaskInstance: bigquery_dag.set_env_variable manual__2024-08-25T15:05:45.342662+00:00 [queued]>
[2024-08-25T15:06:01.103+0000] {taskinstance.py:2603} INFO - Dependencies all met for dep_context=requeueable deps ti=<TaskInstance: bigquery_dag.set_env_variable manual__2024-08-25T15:05:45.342662+00:00 [queued]>
[2024-08-25T15:06:01.105+0000] {taskinstance.py:2856} INFO - Starting attempt 1 of 2
[2024-08-25T15:06:01.134+0000] {taskinstance.py:2879} INFO - Executing <Task(_PythonDecoratedOperator): set_env_variable> on 2024-08-25 15:05:45.342662+00:00
[2024-08-25T15:06:01.145+0000] {warnings.py:112} WARNING - /home/***/.local/lib/python3.12/site-packages/***/task/task_runner/standard_task_runner.py:70: DeprecationWarning: This process (pid=6919) is multi-threaded, use of fork() may lead to deadlocks in the child.
  pid = os.fork()

[2024-08-25T15:06:01.147+0000] {standard_task_runner.py:72} INFO - Started process 6930 to run task
[2024-08-25T15:06:01.149+0000] {standard_task_runner.py:104} INFO - Running: ['***', 'tasks', 'run', 'bigquery_dag', 'set_env_variable', 'manual__2024-08-25T15:05:45.342662+00:00', '--job-id', '137', '--raw', '--subdir', 'DAGS_FOLDER/gcp_integration_dag.py', '--cfg-path', '/tmp/tmpx5grr63i']
[2024-08-25T15:06:01.154+0000] {standard_task_runner.py:105} INFO - Job 137: Subtask set_env_variable
[2024-08-25T15:06:01.240+0000] {task_command.py:467} INFO - Running <TaskInstance: bigquery_dag.set_env_variable manual__2024-08-25T15:05:45.342662+00:00 [running]> on host ae952724060e
[2024-08-25T15:06:01.409+0000] {taskinstance.py:3122} INFO - Exporting env vars: AIRFLOW_CTX_DAG_OWNER='sss' AIRFLOW_CTX_DAG_ID='bigquery_dag' AIRFLOW_CTX_TASK_ID='set_env_variable' AIRFLOW_CTX_EXECUTION_DATE='2024-08-25T15:05:45.342662+00:00' AIRFLOW_CTX_TRY_NUMBER='1' AIRFLOW_CTX_DAG_RUN_ID='manual__2024-08-25T15:05:45.342662+00:00'
[2024-08-25T15:06:01.412+0000] {taskinstance.py:731} INFO - ::endgroup::
[2024-08-25T15:06:01.416+0000] {logging_mixin.py:190} INFO - GOOGLE_APPLICATION_CREDENTIALS: C:/Users/sst7260/Documents/shreyas/system_keys/aceinternal-2ed449d3-de257b0daf3f.json
[2024-08-25T15:06:01.417+0000] {python.py:240} INFO - Done. Returned value was: C:/Users/sst7260/Documents/shreyas/system_keys/aceinternal-2ed449d3-de257b0daf3f.json
[2024-08-25T15:06:01.449+0000] {taskinstance.py:340} INFO - ::group::Post task execution logs
[2024-08-25T15:06:01.451+0000] {taskinstance.py:352} INFO - Marking task as SUCCESS. dag_id=bigquery_dag, task_id=set_env_variable, run_id=manual__2024-08-25T15:05:45.342662+00:00, execution_date=20240825T150545, start_date=20240825T150601, end_date=20240825T150601
[2024-08-25T15:06:01.486+0000] {local_task_job_runner.py:261} INFO - Task exited with return code 0
[2024-08-25T15:06:01.518+0000] {taskinstance.py:3891} INFO - 1 downstream tasks scheduled from follow-on schedule check
[2024-08-25T15:06:01.522+0000] {local_task_job_runner.py:240} INFO - ::endgroup::
