[2024-08-24T09:54:48.938+0000] {processor.py:186} INFO - Started process (PID=100) to work on /home/airflow/.local/lib/python3.12/site-packages/airflow/example_dags/example_params_trigger_ui.py
[2024-08-24T09:54:48.939+0000] {processor.py:914} INFO - Processing file /home/airflow/.local/lib/python3.12/site-packages/airflow/example_dags/example_params_trigger_ui.py for tasks to queue
[2024-08-24T09:54:48.941+0000] {logging_mixin.py:190} INFO - [2024-08-24T09:54:48.941+0000] {dagbag.py:587} INFO - Filling up the DagBag from /home/airflow/.local/lib/python3.12/site-packages/airflow/example_dags/example_params_trigger_ui.py
[2024-08-24T09:54:48.955+0000] {processor.py:925} INFO - DAG(s) 'example_params_trigger_ui' retrieved from /home/airflow/.local/lib/python3.12/site-packages/airflow/example_dags/example_params_trigger_ui.py
[2024-08-24T09:54:49.098+0000] {logging_mixin.py:190} INFO - [2024-08-24T09:54:49.097+0000] {override.py:1858} INFO - Created Permission View: can read on DAG:example_params_trigger_ui
[2024-08-24T09:54:49.110+0000] {logging_mixin.py:190} INFO - [2024-08-24T09:54:49.109+0000] {override.py:1858} INFO - Created Permission View: can delete on DAG:example_params_trigger_ui
[2024-08-24T09:54:49.118+0000] {logging_mixin.py:190} INFO - [2024-08-24T09:54:49.118+0000] {override.py:1858} INFO - Created Permission View: can edit on DAG:example_params_trigger_ui
[2024-08-24T09:54:49.119+0000] {logging_mixin.py:190} INFO - [2024-08-24T09:54:49.119+0000] {dag.py:3211} INFO - Sync 1 DAGs
[2024-08-24T09:54:49.131+0000] {logging_mixin.py:190} INFO - [2024-08-24T09:54:49.131+0000] {dag.py:3234} INFO - Creating ORM DAG for example_params_trigger_ui
[2024-08-24T09:54:49.132+0000] {logging_mixin.py:190} INFO - [2024-08-24T09:54:49.132+0000] {dag.py:4138} INFO - Setting next_dagrun for example_params_trigger_ui to None, run_after=None
[2024-08-24T09:54:49.153+0000] {processor.py:208} INFO - Processing /home/airflow/.local/lib/python3.12/site-packages/airflow/example_dags/example_params_trigger_ui.py took 0.221 seconds
[2024-08-24T09:55:19.809+0000] {processor.py:186} INFO - Started process (PID=162) to work on /home/airflow/.local/lib/python3.12/site-packages/airflow/example_dags/example_params_trigger_ui.py
[2024-08-24T09:55:19.810+0000] {processor.py:914} INFO - Processing file /home/airflow/.local/lib/python3.12/site-packages/airflow/example_dags/example_params_trigger_ui.py for tasks to queue
[2024-08-24T09:55:19.812+0000] {logging_mixin.py:190} INFO - [2024-08-24T09:55:19.811+0000] {dagbag.py:587} INFO - Filling up the DagBag from /home/airflow/.local/lib/python3.12/site-packages/airflow/example_dags/example_params_trigger_ui.py
[2024-08-24T09:55:19.826+0000] {processor.py:925} INFO - DAG(s) 'example_params_trigger_ui' retrieved from /home/airflow/.local/lib/python3.12/site-packages/airflow/example_dags/example_params_trigger_ui.py
[2024-08-24T09:55:19.864+0000] {logging_mixin.py:190} INFO - [2024-08-24T09:55:19.864+0000] {dag.py:3211} INFO - Sync 1 DAGs
[2024-08-24T09:55:19.877+0000] {logging_mixin.py:190} INFO - [2024-08-24T09:55:19.876+0000] {dag.py:4138} INFO - Setting next_dagrun for example_params_trigger_ui to None, run_after=None
[2024-08-24T09:55:19.894+0000] {processor.py:208} INFO - Processing /home/airflow/.local/lib/python3.12/site-packages/airflow/example_dags/example_params_trigger_ui.py took 0.090 seconds
[2024-08-24T09:55:50.059+0000] {processor.py:186} INFO - Started process (PID=224) to work on /home/airflow/.local/lib/python3.12/site-packages/airflow/example_dags/example_params_trigger_ui.py
[2024-08-24T09:55:50.060+0000] {processor.py:914} INFO - Processing file /home/airflow/.local/lib/python3.12/site-packages/airflow/example_dags/example_params_trigger_ui.py for tasks to queue
[2024-08-24T09:55:50.062+0000] {logging_mixin.py:190} INFO - [2024-08-24T09:55:50.062+0000] {dagbag.py:587} INFO - Filling up the DagBag from /home/airflow/.local/lib/python3.12/site-packages/airflow/example_dags/example_params_trigger_ui.py
[2024-08-24T09:55:50.070+0000] {processor.py:925} INFO - DAG(s) 'example_params_trigger_ui' retrieved from /home/airflow/.local/lib/python3.12/site-packages/airflow/example_dags/example_params_trigger_ui.py
[2024-08-24T09:55:50.105+0000] {logging_mixin.py:190} INFO - [2024-08-24T09:55:50.105+0000] {dag.py:3211} INFO - Sync 1 DAGs
[2024-08-24T09:55:50.117+0000] {logging_mixin.py:190} INFO - [2024-08-24T09:55:50.117+0000] {dag.py:4138} INFO - Setting next_dagrun for example_params_trigger_ui to None, run_after=None
[2024-08-24T09:55:50.136+0000] {processor.py:208} INFO - Processing /home/airflow/.local/lib/python3.12/site-packages/airflow/example_dags/example_params_trigger_ui.py took 0.080 seconds
[2024-08-24T09:56:20.268+0000] {processor.py:186} INFO - Started process (PID=286) to work on /home/airflow/.local/lib/python3.12/site-packages/airflow/example_dags/example_params_trigger_ui.py
[2024-08-24T09:56:20.269+0000] {processor.py:914} INFO - Processing file /home/airflow/.local/lib/python3.12/site-packages/airflow/example_dags/example_params_trigger_ui.py for tasks to queue
[2024-08-24T09:56:20.270+0000] {logging_mixin.py:190} INFO - [2024-08-24T09:56:20.270+0000] {dagbag.py:587} INFO - Filling up the DagBag from /home/airflow/.local/lib/python3.12/site-packages/airflow/example_dags/example_params_trigger_ui.py
[2024-08-24T09:56:20.278+0000] {processor.py:925} INFO - DAG(s) 'example_params_trigger_ui' retrieved from /home/airflow/.local/lib/python3.12/site-packages/airflow/example_dags/example_params_trigger_ui.py
[2024-08-24T09:56:20.312+0000] {logging_mixin.py:190} INFO - [2024-08-24T09:56:20.312+0000] {dag.py:3211} INFO - Sync 1 DAGs
[2024-08-24T09:56:20.323+0000] {logging_mixin.py:190} INFO - [2024-08-24T09:56:20.323+0000] {dag.py:4138} INFO - Setting next_dagrun for example_params_trigger_ui to None, run_after=None
[2024-08-24T09:56:20.341+0000] {processor.py:208} INFO - Processing /home/airflow/.local/lib/python3.12/site-packages/airflow/example_dags/example_params_trigger_ui.py took 0.078 seconds
[2024-08-24T09:56:52.026+0000] {processor.py:186} INFO - Started process (PID=348) to work on /home/airflow/.local/lib/python3.12/site-packages/airflow/example_dags/example_params_trigger_ui.py
[2024-08-24T09:56:52.028+0000] {processor.py:914} INFO - Processing file /home/airflow/.local/lib/python3.12/site-packages/airflow/example_dags/example_params_trigger_ui.py for tasks to queue
[2024-08-24T09:56:52.034+0000] {logging_mixin.py:190} INFO - [2024-08-24T09:56:52.034+0000] {dagbag.py:587} INFO - Filling up the DagBag from /home/airflow/.local/lib/python3.12/site-packages/airflow/example_dags/example_params_trigger_ui.py
[2024-08-24T09:56:52.062+0000] {processor.py:925} INFO - DAG(s) 'example_params_trigger_ui' retrieved from /home/airflow/.local/lib/python3.12/site-packages/airflow/example_dags/example_params_trigger_ui.py
[2024-08-24T09:56:52.187+0000] {logging_mixin.py:190} INFO - [2024-08-24T09:56:52.186+0000] {dag.py:3211} INFO - Sync 1 DAGs
[2024-08-24T09:56:52.238+0000] {logging_mixin.py:190} INFO - [2024-08-24T09:56:52.237+0000] {dag.py:4138} INFO - Setting next_dagrun for example_params_trigger_ui to None, run_after=None
[2024-08-24T09:56:52.288+0000] {processor.py:208} INFO - Processing /home/airflow/.local/lib/python3.12/site-packages/airflow/example_dags/example_params_trigger_ui.py took 0.273 seconds
[2024-08-24T09:57:22.566+0000] {processor.py:186} INFO - Started process (PID=410) to work on /home/airflow/.local/lib/python3.12/site-packages/airflow/example_dags/example_params_trigger_ui.py
[2024-08-24T09:57:22.567+0000] {processor.py:914} INFO - Processing file /home/airflow/.local/lib/python3.12/site-packages/airflow/example_dags/example_params_trigger_ui.py for tasks to queue
[2024-08-24T09:57:22.569+0000] {logging_mixin.py:190} INFO - [2024-08-24T09:57:22.568+0000] {dagbag.py:587} INFO - Filling up the DagBag from /home/airflow/.local/lib/python3.12/site-packages/airflow/example_dags/example_params_trigger_ui.py
[2024-08-24T09:57:22.577+0000] {processor.py:925} INFO - DAG(s) 'example_params_trigger_ui' retrieved from /home/airflow/.local/lib/python3.12/site-packages/airflow/example_dags/example_params_trigger_ui.py
[2024-08-24T09:57:22.612+0000] {logging_mixin.py:190} INFO - [2024-08-24T09:57:22.612+0000] {dag.py:3211} INFO - Sync 1 DAGs
[2024-08-24T09:57:22.623+0000] {logging_mixin.py:190} INFO - [2024-08-24T09:57:22.623+0000] {dag.py:4138} INFO - Setting next_dagrun for example_params_trigger_ui to None, run_after=None
[2024-08-24T09:57:22.641+0000] {processor.py:208} INFO - Processing /home/airflow/.local/lib/python3.12/site-packages/airflow/example_dags/example_params_trigger_ui.py took 0.080 seconds
[2024-08-24T09:57:52.756+0000] {processor.py:186} INFO - Started process (PID=472) to work on /home/airflow/.local/lib/python3.12/site-packages/airflow/example_dags/example_params_trigger_ui.py
[2024-08-24T09:57:52.757+0000] {processor.py:914} INFO - Processing file /home/airflow/.local/lib/python3.12/site-packages/airflow/example_dags/example_params_trigger_ui.py for tasks to queue
[2024-08-24T09:57:52.759+0000] {logging_mixin.py:190} INFO - [2024-08-24T09:57:52.759+0000] {dagbag.py:587} INFO - Filling up the DagBag from /home/airflow/.local/lib/python3.12/site-packages/airflow/example_dags/example_params_trigger_ui.py
[2024-08-24T09:57:52.767+0000] {processor.py:925} INFO - DAG(s) 'example_params_trigger_ui' retrieved from /home/airflow/.local/lib/python3.12/site-packages/airflow/example_dags/example_params_trigger_ui.py
[2024-08-24T09:57:52.804+0000] {logging_mixin.py:190} INFO - [2024-08-24T09:57:52.804+0000] {dag.py:3211} INFO - Sync 1 DAGs
[2024-08-24T09:57:52.818+0000] {logging_mixin.py:190} INFO - [2024-08-24T09:57:52.817+0000] {dag.py:4138} INFO - Setting next_dagrun for example_params_trigger_ui to None, run_after=None
[2024-08-24T09:57:52.835+0000] {processor.py:208} INFO - Processing /home/airflow/.local/lib/python3.12/site-packages/airflow/example_dags/example_params_trigger_ui.py took 0.083 seconds
