[2024-08-24T09:54:46.361+0000] {processor.py:186} INFO - Started process (PID=82) to work on /home/airflow/.local/lib/python3.12/site-packages/airflow/example_dags/example_latest_only_with_trigger.py
[2024-08-24T09:54:46.362+0000] {processor.py:914} INFO - Processing file /home/airflow/.local/lib/python3.12/site-packages/airflow/example_dags/example_latest_only_with_trigger.py for tasks to queue
[2024-08-24T09:54:46.364+0000] {logging_mixin.py:190} INFO - [2024-08-24T09:54:46.364+0000] {dagbag.py:587} INFO - Filling up the DagBag from /home/airflow/.local/lib/python3.12/site-packages/airflow/example_dags/example_latest_only_with_trigger.py
[2024-08-24T09:54:46.375+0000] {processor.py:925} INFO - DAG(s) 'latest_only_with_trigger' retrieved from /home/airflow/.local/lib/python3.12/site-packages/airflow/example_dags/example_latest_only_with_trigger.py
[2024-08-24T09:54:46.474+0000] {logging_mixin.py:190} INFO - [2024-08-24T09:54:46.473+0000] {override.py:1858} INFO - Created Permission View: can read on DAG:latest_only_with_trigger
[2024-08-24T09:54:46.485+0000] {logging_mixin.py:190} INFO - [2024-08-24T09:54:46.484+0000] {override.py:1858} INFO - Created Permission View: can delete on DAG:latest_only_with_trigger
[2024-08-24T09:54:46.493+0000] {logging_mixin.py:190} INFO - [2024-08-24T09:54:46.493+0000] {override.py:1858} INFO - Created Permission View: can edit on DAG:latest_only_with_trigger
[2024-08-24T09:54:46.494+0000] {logging_mixin.py:190} INFO - [2024-08-24T09:54:46.494+0000] {dag.py:3211} INFO - Sync 1 DAGs
[2024-08-24T09:54:46.507+0000] {logging_mixin.py:190} INFO - [2024-08-24T09:54:46.507+0000] {dag.py:3234} INFO - Creating ORM DAG for latest_only_with_trigger
[2024-08-24T09:54:46.516+0000] {logging_mixin.py:190} INFO - [2024-08-24T09:54:46.516+0000] {dag.py:4138} INFO - Setting next_dagrun for latest_only_with_trigger to 2024-08-24 04:00:00+00:00, run_after=2024-08-24 08:00:00+00:00
[2024-08-24T09:54:46.534+0000] {processor.py:208} INFO - Processing /home/airflow/.local/lib/python3.12/site-packages/airflow/example_dags/example_latest_only_with_trigger.py took 0.178 seconds
[2024-08-24T09:55:16.585+0000] {processor.py:186} INFO - Started process (PID=144) to work on /home/airflow/.local/lib/python3.12/site-packages/airflow/example_dags/example_latest_only_with_trigger.py
[2024-08-24T09:55:16.586+0000] {processor.py:914} INFO - Processing file /home/airflow/.local/lib/python3.12/site-packages/airflow/example_dags/example_latest_only_with_trigger.py for tasks to queue
[2024-08-24T09:55:16.588+0000] {logging_mixin.py:190} INFO - [2024-08-24T09:55:16.588+0000] {dagbag.py:587} INFO - Filling up the DagBag from /home/airflow/.local/lib/python3.12/site-packages/airflow/example_dags/example_latest_only_with_trigger.py
[2024-08-24T09:55:16.594+0000] {processor.py:925} INFO - DAG(s) 'latest_only_with_trigger' retrieved from /home/airflow/.local/lib/python3.12/site-packages/airflow/example_dags/example_latest_only_with_trigger.py
[2024-08-24T09:55:16.611+0000] {logging_mixin.py:190} INFO - [2024-08-24T09:55:16.611+0000] {dag.py:3211} INFO - Sync 1 DAGs
[2024-08-24T09:55:16.628+0000] {logging_mixin.py:190} INFO - [2024-08-24T09:55:16.628+0000] {dag.py:4138} INFO - Setting next_dagrun for latest_only_with_trigger to 2024-08-24 04:00:00+00:00, run_after=2024-08-24 08:00:00+00:00
[2024-08-24T09:55:16.645+0000] {processor.py:208} INFO - Processing /home/airflow/.local/lib/python3.12/site-packages/airflow/example_dags/example_latest_only_with_trigger.py took 0.063 seconds
[2024-08-24T09:55:47.039+0000] {processor.py:186} INFO - Started process (PID=206) to work on /home/airflow/.local/lib/python3.12/site-packages/airflow/example_dags/example_latest_only_with_trigger.py
[2024-08-24T09:55:47.040+0000] {processor.py:914} INFO - Processing file /home/airflow/.local/lib/python3.12/site-packages/airflow/example_dags/example_latest_only_with_trigger.py for tasks to queue
[2024-08-24T09:55:47.042+0000] {logging_mixin.py:190} INFO - [2024-08-24T09:55:47.042+0000] {dagbag.py:587} INFO - Filling up the DagBag from /home/airflow/.local/lib/python3.12/site-packages/airflow/example_dags/example_latest_only_with_trigger.py
[2024-08-24T09:55:47.047+0000] {processor.py:925} INFO - DAG(s) 'latest_only_with_trigger' retrieved from /home/airflow/.local/lib/python3.12/site-packages/airflow/example_dags/example_latest_only_with_trigger.py
[2024-08-24T09:55:47.063+0000] {logging_mixin.py:190} INFO - [2024-08-24T09:55:47.063+0000] {dag.py:3211} INFO - Sync 1 DAGs
[2024-08-24T09:55:47.081+0000] {logging_mixin.py:190} INFO - [2024-08-24T09:55:47.081+0000] {dag.py:4138} INFO - Setting next_dagrun for latest_only_with_trigger to 2024-08-24 04:00:00+00:00, run_after=2024-08-24 08:00:00+00:00
[2024-08-24T09:55:47.100+0000] {processor.py:208} INFO - Processing /home/airflow/.local/lib/python3.12/site-packages/airflow/example_dags/example_latest_only_with_trigger.py took 0.065 seconds
[2024-08-24T09:56:17.459+0000] {processor.py:186} INFO - Started process (PID=268) to work on /home/airflow/.local/lib/python3.12/site-packages/airflow/example_dags/example_latest_only_with_trigger.py
[2024-08-24T09:56:17.460+0000] {processor.py:914} INFO - Processing file /home/airflow/.local/lib/python3.12/site-packages/airflow/example_dags/example_latest_only_with_trigger.py for tasks to queue
[2024-08-24T09:56:17.462+0000] {logging_mixin.py:190} INFO - [2024-08-24T09:56:17.462+0000] {dagbag.py:587} INFO - Filling up the DagBag from /home/airflow/.local/lib/python3.12/site-packages/airflow/example_dags/example_latest_only_with_trigger.py
[2024-08-24T09:56:17.467+0000] {processor.py:925} INFO - DAG(s) 'latest_only_with_trigger' retrieved from /home/airflow/.local/lib/python3.12/site-packages/airflow/example_dags/example_latest_only_with_trigger.py
[2024-08-24T09:56:17.485+0000] {logging_mixin.py:190} INFO - [2024-08-24T09:56:17.484+0000] {dag.py:3211} INFO - Sync 1 DAGs
[2024-08-24T09:56:17.501+0000] {logging_mixin.py:190} INFO - [2024-08-24T09:56:17.501+0000] {dag.py:4138} INFO - Setting next_dagrun for latest_only_with_trigger to 2024-08-24 04:00:00+00:00, run_after=2024-08-24 08:00:00+00:00
[2024-08-24T09:56:17.521+0000] {processor.py:208} INFO - Processing /home/airflow/.local/lib/python3.12/site-packages/airflow/example_dags/example_latest_only_with_trigger.py took 0.066 seconds
[2024-08-24T09:56:47.830+0000] {processor.py:186} INFO - Started process (PID=330) to work on /home/airflow/.local/lib/python3.12/site-packages/airflow/example_dags/example_latest_only_with_trigger.py
[2024-08-24T09:56:47.832+0000] {processor.py:914} INFO - Processing file /home/airflow/.local/lib/python3.12/site-packages/airflow/example_dags/example_latest_only_with_trigger.py for tasks to queue
[2024-08-24T09:56:47.834+0000] {logging_mixin.py:190} INFO - [2024-08-24T09:56:47.834+0000] {dagbag.py:587} INFO - Filling up the DagBag from /home/airflow/.local/lib/python3.12/site-packages/airflow/example_dags/example_latest_only_with_trigger.py
[2024-08-24T09:56:47.843+0000] {processor.py:925} INFO - DAG(s) 'latest_only_with_trigger' retrieved from /home/airflow/.local/lib/python3.12/site-packages/airflow/example_dags/example_latest_only_with_trigger.py
[2024-08-24T09:56:47.867+0000] {logging_mixin.py:190} INFO - [2024-08-24T09:56:47.867+0000] {dag.py:3211} INFO - Sync 1 DAGs
[2024-08-24T09:56:47.888+0000] {logging_mixin.py:190} INFO - [2024-08-24T09:56:47.888+0000] {dag.py:4138} INFO - Setting next_dagrun for latest_only_with_trigger to 2024-08-24 04:00:00+00:00, run_after=2024-08-24 08:00:00+00:00
[2024-08-24T09:56:47.908+0000] {processor.py:208} INFO - Processing /home/airflow/.local/lib/python3.12/site-packages/airflow/example_dags/example_latest_only_with_trigger.py took 0.084 seconds
[2024-08-24T09:57:18.086+0000] {processor.py:186} INFO - Started process (PID=392) to work on /home/airflow/.local/lib/python3.12/site-packages/airflow/example_dags/example_latest_only_with_trigger.py
[2024-08-24T09:57:18.087+0000] {processor.py:914} INFO - Processing file /home/airflow/.local/lib/python3.12/site-packages/airflow/example_dags/example_latest_only_with_trigger.py for tasks to queue
[2024-08-24T09:57:18.090+0000] {logging_mixin.py:190} INFO - [2024-08-24T09:57:18.090+0000] {dagbag.py:587} INFO - Filling up the DagBag from /home/airflow/.local/lib/python3.12/site-packages/airflow/example_dags/example_latest_only_with_trigger.py
[2024-08-24T09:57:18.096+0000] {processor.py:925} INFO - DAG(s) 'latest_only_with_trigger' retrieved from /home/airflow/.local/lib/python3.12/site-packages/airflow/example_dags/example_latest_only_with_trigger.py
[2024-08-24T09:57:18.119+0000] {logging_mixin.py:190} INFO - [2024-08-24T09:57:18.119+0000] {dag.py:3211} INFO - Sync 1 DAGs
[2024-08-24T09:57:18.147+0000] {logging_mixin.py:190} INFO - [2024-08-24T09:57:18.147+0000] {dag.py:4138} INFO - Setting next_dagrun for latest_only_with_trigger to 2024-08-24 04:00:00+00:00, run_after=2024-08-24 08:00:00+00:00
[2024-08-24T09:57:18.169+0000] {processor.py:208} INFO - Processing /home/airflow/.local/lib/python3.12/site-packages/airflow/example_dags/example_latest_only_with_trigger.py took 0.088 seconds
[2024-08-24T09:57:48.786+0000] {processor.py:186} INFO - Started process (PID=454) to work on /home/airflow/.local/lib/python3.12/site-packages/airflow/example_dags/example_latest_only_with_trigger.py
[2024-08-24T09:57:48.787+0000] {processor.py:914} INFO - Processing file /home/airflow/.local/lib/python3.12/site-packages/airflow/example_dags/example_latest_only_with_trigger.py for tasks to queue
[2024-08-24T09:57:48.789+0000] {logging_mixin.py:190} INFO - [2024-08-24T09:57:48.789+0000] {dagbag.py:587} INFO - Filling up the DagBag from /home/airflow/.local/lib/python3.12/site-packages/airflow/example_dags/example_latest_only_with_trigger.py
[2024-08-24T09:57:48.794+0000] {processor.py:925} INFO - DAG(s) 'latest_only_with_trigger' retrieved from /home/airflow/.local/lib/python3.12/site-packages/airflow/example_dags/example_latest_only_with_trigger.py
[2024-08-24T09:57:48.810+0000] {logging_mixin.py:190} INFO - [2024-08-24T09:57:48.810+0000] {dag.py:3211} INFO - Sync 1 DAGs
[2024-08-24T09:57:48.829+0000] {logging_mixin.py:190} INFO - [2024-08-24T09:57:48.828+0000] {dag.py:4138} INFO - Setting next_dagrun for latest_only_with_trigger to 2024-08-24 04:00:00+00:00, run_after=2024-08-24 08:00:00+00:00
[2024-08-24T09:57:48.847+0000] {processor.py:208} INFO - Processing /home/airflow/.local/lib/python3.12/site-packages/airflow/example_dags/example_latest_only_with_trigger.py took 0.065 seconds
[2024-08-24T09:58:19.747+0000] {processor.py:186} INFO - Started process (PID=516) to work on /home/airflow/.local/lib/python3.12/site-packages/airflow/example_dags/example_latest_only_with_trigger.py
[2024-08-24T09:58:19.748+0000] {processor.py:914} INFO - Processing file /home/airflow/.local/lib/python3.12/site-packages/airflow/example_dags/example_latest_only_with_trigger.py for tasks to queue
[2024-08-24T09:58:19.752+0000] {logging_mixin.py:190} INFO - [2024-08-24T09:58:19.752+0000] {dagbag.py:587} INFO - Filling up the DagBag from /home/airflow/.local/lib/python3.12/site-packages/airflow/example_dags/example_latest_only_with_trigger.py
[2024-08-24T09:58:19.764+0000] {processor.py:925} INFO - DAG(s) 'latest_only_with_trigger' retrieved from /home/airflow/.local/lib/python3.12/site-packages/airflow/example_dags/example_latest_only_with_trigger.py
[2024-08-24T09:58:19.797+0000] {logging_mixin.py:190} INFO - [2024-08-24T09:58:19.796+0000] {dag.py:3211} INFO - Sync 1 DAGs
[2024-08-24T09:58:19.868+0000] {logging_mixin.py:190} INFO - [2024-08-24T09:58:19.868+0000] {dag.py:4138} INFO - Setting next_dagrun for latest_only_with_trigger to 2024-08-24 04:00:00+00:00, run_after=2024-08-24 08:00:00+00:00
[2024-08-24T09:58:19.918+0000] {processor.py:208} INFO - Processing /home/airflow/.local/lib/python3.12/site-packages/airflow/example_dags/example_latest_only_with_trigger.py took 0.181 seconds
