[2024-08-24T09:54:48.133+0000] {processor.py:186} INFO - Started process (PID=94) to work on /home/airflow/.local/lib/python3.12/site-packages/airflow/example_dags/example_kubernetes_executor.py
[2024-08-24T09:54:48.135+0000] {processor.py:914} INFO - Processing file /home/airflow/.local/lib/python3.12/site-packages/airflow/example_dags/example_kubernetes_executor.py for tasks to queue
[2024-08-24T09:54:48.138+0000] {logging_mixin.py:190} INFO - [2024-08-24T09:54:48.138+0000] {dagbag.py:587} INFO - Filling up the DagBag from /home/airflow/.local/lib/python3.12/site-packages/airflow/example_dags/example_kubernetes_executor.py
[2024-08-24T09:54:48.159+0000] {processor.py:925} INFO - DAG(s) 'example_kubernetes_executor' retrieved from /home/airflow/.local/lib/python3.12/site-packages/airflow/example_dags/example_kubernetes_executor.py
[2024-08-24T09:54:48.328+0000] {logging_mixin.py:190} INFO - [2024-08-24T09:54:48.327+0000] {override.py:1858} INFO - Created Permission View: can read on DAG:example_kubernetes_executor
[2024-08-24T09:54:48.339+0000] {logging_mixin.py:190} INFO - [2024-08-24T09:54:48.339+0000] {override.py:1858} INFO - Created Permission View: can delete on DAG:example_kubernetes_executor
[2024-08-24T09:54:48.349+0000] {logging_mixin.py:190} INFO - [2024-08-24T09:54:48.349+0000] {override.py:1858} INFO - Created Permission View: can edit on DAG:example_kubernetes_executor
[2024-08-24T09:54:48.350+0000] {logging_mixin.py:190} INFO - [2024-08-24T09:54:48.350+0000] {dag.py:3211} INFO - Sync 1 DAGs
[2024-08-24T09:54:48.371+0000] {logging_mixin.py:190} INFO - [2024-08-24T09:54:48.371+0000] {dag.py:3234} INFO - Creating ORM DAG for example_kubernetes_executor
[2024-08-24T09:54:48.373+0000] {logging_mixin.py:190} INFO - [2024-08-24T09:54:48.373+0000] {dag.py:4138} INFO - Setting next_dagrun for example_kubernetes_executor to None, run_after=None
[2024-08-24T09:54:48.399+0000] {processor.py:208} INFO - Processing /home/airflow/.local/lib/python3.12/site-packages/airflow/example_dags/example_kubernetes_executor.py took 0.273 seconds
[2024-08-24T09:55:18.503+0000] {processor.py:186} INFO - Started process (PID=156) to work on /home/airflow/.local/lib/python3.12/site-packages/airflow/example_dags/example_kubernetes_executor.py
[2024-08-24T09:55:18.504+0000] {processor.py:914} INFO - Processing file /home/airflow/.local/lib/python3.12/site-packages/airflow/example_dags/example_kubernetes_executor.py for tasks to queue
[2024-08-24T09:55:18.506+0000] {logging_mixin.py:190} INFO - [2024-08-24T09:55:18.506+0000] {dagbag.py:587} INFO - Filling up the DagBag from /home/airflow/.local/lib/python3.12/site-packages/airflow/example_dags/example_kubernetes_executor.py
[2024-08-24T09:55:18.519+0000] {processor.py:925} INFO - DAG(s) 'example_kubernetes_executor' retrieved from /home/airflow/.local/lib/python3.12/site-packages/airflow/example_dags/example_kubernetes_executor.py
[2024-08-24T09:55:18.548+0000] {logging_mixin.py:190} INFO - [2024-08-24T09:55:18.547+0000] {dag.py:3211} INFO - Sync 1 DAGs
[2024-08-24T09:55:18.559+0000] {logging_mixin.py:190} INFO - [2024-08-24T09:55:18.559+0000] {dag.py:4138} INFO - Setting next_dagrun for example_kubernetes_executor to None, run_after=None
[2024-08-24T09:55:18.576+0000] {processor.py:208} INFO - Processing /home/airflow/.local/lib/python3.12/site-packages/airflow/example_dags/example_kubernetes_executor.py took 0.078 seconds
[2024-08-24T09:55:48.738+0000] {processor.py:186} INFO - Started process (PID=218) to work on /home/airflow/.local/lib/python3.12/site-packages/airflow/example_dags/example_kubernetes_executor.py
[2024-08-24T09:55:48.739+0000] {processor.py:914} INFO - Processing file /home/airflow/.local/lib/python3.12/site-packages/airflow/example_dags/example_kubernetes_executor.py for tasks to queue
[2024-08-24T09:55:48.741+0000] {logging_mixin.py:190} INFO - [2024-08-24T09:55:48.741+0000] {dagbag.py:587} INFO - Filling up the DagBag from /home/airflow/.local/lib/python3.12/site-packages/airflow/example_dags/example_kubernetes_executor.py
[2024-08-24T09:55:48.755+0000] {processor.py:925} INFO - DAG(s) 'example_kubernetes_executor' retrieved from /home/airflow/.local/lib/python3.12/site-packages/airflow/example_dags/example_kubernetes_executor.py
[2024-08-24T09:55:48.786+0000] {logging_mixin.py:190} INFO - [2024-08-24T09:55:48.785+0000] {dag.py:3211} INFO - Sync 1 DAGs
[2024-08-24T09:55:48.797+0000] {logging_mixin.py:190} INFO - [2024-08-24T09:55:48.796+0000] {dag.py:4138} INFO - Setting next_dagrun for example_kubernetes_executor to None, run_after=None
[2024-08-24T09:55:48.817+0000] {processor.py:208} INFO - Processing /home/airflow/.local/lib/python3.12/site-packages/airflow/example_dags/example_kubernetes_executor.py took 0.084 seconds
[2024-08-24T09:56:18.963+0000] {processor.py:186} INFO - Started process (PID=280) to work on /home/airflow/.local/lib/python3.12/site-packages/airflow/example_dags/example_kubernetes_executor.py
[2024-08-24T09:56:18.964+0000] {processor.py:914} INFO - Processing file /home/airflow/.local/lib/python3.12/site-packages/airflow/example_dags/example_kubernetes_executor.py for tasks to queue
[2024-08-24T09:56:18.966+0000] {logging_mixin.py:190} INFO - [2024-08-24T09:56:18.966+0000] {dagbag.py:587} INFO - Filling up the DagBag from /home/airflow/.local/lib/python3.12/site-packages/airflow/example_dags/example_kubernetes_executor.py
[2024-08-24T09:56:18.976+0000] {processor.py:925} INFO - DAG(s) 'example_kubernetes_executor' retrieved from /home/airflow/.local/lib/python3.12/site-packages/airflow/example_dags/example_kubernetes_executor.py
[2024-08-24T09:56:19.005+0000] {logging_mixin.py:190} INFO - [2024-08-24T09:56:19.004+0000] {dag.py:3211} INFO - Sync 1 DAGs
[2024-08-24T09:56:19.015+0000] {logging_mixin.py:190} INFO - [2024-08-24T09:56:19.014+0000] {dag.py:4138} INFO - Setting next_dagrun for example_kubernetes_executor to None, run_after=None
[2024-08-24T09:56:19.033+0000] {processor.py:208} INFO - Processing /home/airflow/.local/lib/python3.12/site-packages/airflow/example_dags/example_kubernetes_executor.py took 0.075 seconds
[2024-08-24T09:56:50.780+0000] {processor.py:186} INFO - Started process (PID=342) to work on /home/airflow/.local/lib/python3.12/site-packages/airflow/example_dags/example_kubernetes_executor.py
[2024-08-24T09:56:50.784+0000] {processor.py:914} INFO - Processing file /home/airflow/.local/lib/python3.12/site-packages/airflow/example_dags/example_kubernetes_executor.py for tasks to queue
[2024-08-24T09:56:50.789+0000] {logging_mixin.py:190} INFO - [2024-08-24T09:56:50.788+0000] {dagbag.py:587} INFO - Filling up the DagBag from /home/airflow/.local/lib/python3.12/site-packages/airflow/example_dags/example_kubernetes_executor.py
[2024-08-24T09:56:50.875+0000] {processor.py:925} INFO - DAG(s) 'example_kubernetes_executor' retrieved from /home/airflow/.local/lib/python3.12/site-packages/airflow/example_dags/example_kubernetes_executor.py
[2024-08-24T09:56:51.071+0000] {logging_mixin.py:190} INFO - [2024-08-24T09:56:51.070+0000] {dag.py:3211} INFO - Sync 1 DAGs
[2024-08-24T09:56:51.165+0000] {logging_mixin.py:190} INFO - [2024-08-24T09:56:51.164+0000] {dag.py:4138} INFO - Setting next_dagrun for example_kubernetes_executor to None, run_after=None
[2024-08-24T09:56:51.236+0000] {processor.py:208} INFO - Processing /home/airflow/.local/lib/python3.12/site-packages/airflow/example_dags/example_kubernetes_executor.py took 0.470 seconds
[2024-08-24T09:57:21.345+0000] {processor.py:186} INFO - Started process (PID=404) to work on /home/airflow/.local/lib/python3.12/site-packages/airflow/example_dags/example_kubernetes_executor.py
[2024-08-24T09:57:21.346+0000] {processor.py:914} INFO - Processing file /home/airflow/.local/lib/python3.12/site-packages/airflow/example_dags/example_kubernetes_executor.py for tasks to queue
[2024-08-24T09:57:21.348+0000] {logging_mixin.py:190} INFO - [2024-08-24T09:57:21.347+0000] {dagbag.py:587} INFO - Filling up the DagBag from /home/airflow/.local/lib/python3.12/site-packages/airflow/example_dags/example_kubernetes_executor.py
[2024-08-24T09:57:21.358+0000] {processor.py:925} INFO - DAG(s) 'example_kubernetes_executor' retrieved from /home/airflow/.local/lib/python3.12/site-packages/airflow/example_dags/example_kubernetes_executor.py
[2024-08-24T09:57:21.389+0000] {logging_mixin.py:190} INFO - [2024-08-24T09:57:21.389+0000] {dag.py:3211} INFO - Sync 1 DAGs
[2024-08-24T09:57:21.399+0000] {logging_mixin.py:190} INFO - [2024-08-24T09:57:21.399+0000] {dag.py:4138} INFO - Setting next_dagrun for example_kubernetes_executor to None, run_after=None
[2024-08-24T09:57:21.419+0000] {processor.py:208} INFO - Processing /home/airflow/.local/lib/python3.12/site-packages/airflow/example_dags/example_kubernetes_executor.py took 0.078 seconds
[2024-08-24T09:57:52.322+0000] {processor.py:186} INFO - Started process (PID=466) to work on /home/airflow/.local/lib/python3.12/site-packages/airflow/example_dags/example_kubernetes_executor.py
[2024-08-24T09:57:52.323+0000] {processor.py:914} INFO - Processing file /home/airflow/.local/lib/python3.12/site-packages/airflow/example_dags/example_kubernetes_executor.py for tasks to queue
[2024-08-24T09:57:52.325+0000] {logging_mixin.py:190} INFO - [2024-08-24T09:57:52.325+0000] {dagbag.py:587} INFO - Filling up the DagBag from /home/airflow/.local/lib/python3.12/site-packages/airflow/example_dags/example_kubernetes_executor.py
[2024-08-24T09:57:52.335+0000] {processor.py:925} INFO - DAG(s) 'example_kubernetes_executor' retrieved from /home/airflow/.local/lib/python3.12/site-packages/airflow/example_dags/example_kubernetes_executor.py
[2024-08-24T09:57:52.367+0000] {logging_mixin.py:190} INFO - [2024-08-24T09:57:52.367+0000] {dag.py:3211} INFO - Sync 1 DAGs
[2024-08-24T09:57:52.382+0000] {logging_mixin.py:190} INFO - [2024-08-24T09:57:52.381+0000] {dag.py:4138} INFO - Setting next_dagrun for example_kubernetes_executor to None, run_after=None
[2024-08-24T09:57:52.400+0000] {processor.py:208} INFO - Processing /home/airflow/.local/lib/python3.12/site-packages/airflow/example_dags/example_kubernetes_executor.py took 0.082 seconds
