[2024-08-24T09:54:44.126+0000] {processor.py:186} INFO - Started process (PID=72) to work on /home/airflow/.local/lib/python3.12/site-packages/airflow/example_dags/example_outlet_event_extra.py
[2024-08-24T09:54:44.128+0000] {processor.py:914} INFO - Processing file /home/airflow/.local/lib/python3.12/site-packages/airflow/example_dags/example_outlet_event_extra.py for tasks to queue
[2024-08-24T09:54:44.131+0000] {logging_mixin.py:190} INFO - [2024-08-24T09:54:44.131+0000] {dagbag.py:587} INFO - Filling up the DagBag from /home/airflow/.local/lib/python3.12/site-packages/airflow/example_dags/example_outlet_event_extra.py
[2024-08-24T09:54:44.535+0000] {processor.py:925} INFO - DAG(s) 'dataset_with_extra_from_classic_operator', 'dataset_with_extra_by_yield', 'dataset_with_extra_by_context' retrieved from /home/airflow/.local/lib/python3.12/site-packages/airflow/example_dags/example_outlet_event_extra.py
[2024-08-24T09:54:44.644+0000] {logging_mixin.py:190} INFO - [2024-08-24T09:54:44.643+0000] {override.py:1858} INFO - Created Permission View: can read on DAG:dataset_with_extra_from_classic_operator
[2024-08-24T09:54:44.656+0000] {logging_mixin.py:190} INFO - [2024-08-24T09:54:44.656+0000] {override.py:1858} INFO - Created Permission View: can delete on DAG:dataset_with_extra_from_classic_operator
[2024-08-24T09:54:44.664+0000] {logging_mixin.py:190} INFO - [2024-08-24T09:54:44.664+0000] {override.py:1858} INFO - Created Permission View: can edit on DAG:dataset_with_extra_from_classic_operator
[2024-08-24T09:54:44.683+0000] {logging_mixin.py:190} INFO - [2024-08-24T09:54:44.682+0000] {override.py:1858} INFO - Created Permission View: can read on DAG:dataset_with_extra_by_yield
[2024-08-24T09:54:44.690+0000] {logging_mixin.py:190} INFO - [2024-08-24T09:54:44.690+0000] {override.py:1858} INFO - Created Permission View: can delete on DAG:dataset_with_extra_by_yield
[2024-08-24T09:54:44.699+0000] {logging_mixin.py:190} INFO - [2024-08-24T09:54:44.699+0000] {override.py:1858} INFO - Created Permission View: can edit on DAG:dataset_with_extra_by_yield
[2024-08-24T09:54:44.716+0000] {logging_mixin.py:190} INFO - [2024-08-24T09:54:44.716+0000] {override.py:1858} INFO - Created Permission View: can read on DAG:dataset_with_extra_by_context
[2024-08-24T09:54:44.726+0000] {logging_mixin.py:190} INFO - [2024-08-24T09:54:44.725+0000] {override.py:1858} INFO - Created Permission View: can delete on DAG:dataset_with_extra_by_context
[2024-08-24T09:54:44.734+0000] {logging_mixin.py:190} INFO - [2024-08-24T09:54:44.734+0000] {override.py:1858} INFO - Created Permission View: can edit on DAG:dataset_with_extra_by_context
[2024-08-24T09:54:44.735+0000] {logging_mixin.py:190} INFO - [2024-08-24T09:54:44.735+0000] {dag.py:3211} INFO - Sync 3 DAGs
[2024-08-24T09:54:44.755+0000] {logging_mixin.py:190} INFO - [2024-08-24T09:54:44.755+0000] {dag.py:3234} INFO - Creating ORM DAG for dataset_with_extra_by_yield
[2024-08-24T09:54:44.756+0000] {logging_mixin.py:190} INFO - [2024-08-24T09:54:44.756+0000] {dag.py:3234} INFO - Creating ORM DAG for dataset_with_extra_from_classic_operator
[2024-08-24T09:54:44.757+0000] {logging_mixin.py:190} INFO - [2024-08-24T09:54:44.757+0000] {dag.py:3234} INFO - Creating ORM DAG for dataset_with_extra_by_context
[2024-08-24T09:54:44.773+0000] {logging_mixin.py:190} INFO - [2024-08-24T09:54:44.773+0000] {dag.py:4138} INFO - Setting next_dagrun for dataset_with_extra_by_context to 2024-08-23 00:00:00+00:00, run_after=2024-08-24 00:00:00+00:00
[2024-08-24T09:54:44.776+0000] {logging_mixin.py:190} INFO - [2024-08-24T09:54:44.776+0000] {dag.py:4138} INFO - Setting next_dagrun for dataset_with_extra_by_yield to 2024-08-23 00:00:00+00:00, run_after=2024-08-24 00:00:00+00:00
[2024-08-24T09:54:44.779+0000] {logging_mixin.py:190} INFO - [2024-08-24T09:54:44.779+0000] {dag.py:4138} INFO - Setting next_dagrun for dataset_with_extra_from_classic_operator to 2024-08-23 00:00:00+00:00, run_after=2024-08-24 00:00:00+00:00
[2024-08-24T09:54:44.808+0000] {processor.py:208} INFO - Processing /home/airflow/.local/lib/python3.12/site-packages/airflow/example_dags/example_outlet_event_extra.py took 0.691 seconds
[2024-08-24T09:55:14.917+0000] {processor.py:186} INFO - Started process (PID=134) to work on /home/airflow/.local/lib/python3.12/site-packages/airflow/example_dags/example_outlet_event_extra.py
[2024-08-24T09:55:14.919+0000] {processor.py:914} INFO - Processing file /home/airflow/.local/lib/python3.12/site-packages/airflow/example_dags/example_outlet_event_extra.py for tasks to queue
[2024-08-24T09:55:14.921+0000] {logging_mixin.py:190} INFO - [2024-08-24T09:55:14.921+0000] {dagbag.py:587} INFO - Filling up the DagBag from /home/airflow/.local/lib/python3.12/site-packages/airflow/example_dags/example_outlet_event_extra.py
[2024-08-24T09:55:15.027+0000] {processor.py:925} INFO - DAG(s) 'dataset_with_extra_by_yield', 'dataset_with_extra_by_context', 'dataset_with_extra_from_classic_operator' retrieved from /home/airflow/.local/lib/python3.12/site-packages/airflow/example_dags/example_outlet_event_extra.py
[2024-08-24T09:55:15.046+0000] {logging_mixin.py:190} INFO - [2024-08-24T09:55:15.045+0000] {dag.py:3211} INFO - Sync 3 DAGs
[2024-08-24T09:55:15.065+0000] {logging_mixin.py:190} INFO - [2024-08-24T09:55:15.064+0000] {dag.py:4138} INFO - Setting next_dagrun for dataset_with_extra_by_context to 2024-08-23 00:00:00+00:00, run_after=2024-08-24 00:00:00+00:00
[2024-08-24T09:55:15.068+0000] {logging_mixin.py:190} INFO - [2024-08-24T09:55:15.068+0000] {dag.py:4138} INFO - Setting next_dagrun for dataset_with_extra_by_yield to 2024-08-23 00:00:00+00:00, run_after=2024-08-24 00:00:00+00:00
[2024-08-24T09:55:15.071+0000] {logging_mixin.py:190} INFO - [2024-08-24T09:55:15.071+0000] {dag.py:4138} INFO - Setting next_dagrun for dataset_with_extra_from_classic_operator to 2024-08-23 00:00:00+00:00, run_after=2024-08-24 00:00:00+00:00
[2024-08-24T09:55:15.090+0000] {processor.py:208} INFO - Processing /home/airflow/.local/lib/python3.12/site-packages/airflow/example_dags/example_outlet_event_extra.py took 0.177 seconds
[2024-08-24T09:55:45.441+0000] {processor.py:186} INFO - Started process (PID=196) to work on /home/airflow/.local/lib/python3.12/site-packages/airflow/example_dags/example_outlet_event_extra.py
[2024-08-24T09:55:45.442+0000] {processor.py:914} INFO - Processing file /home/airflow/.local/lib/python3.12/site-packages/airflow/example_dags/example_outlet_event_extra.py for tasks to queue
[2024-08-24T09:55:45.444+0000] {logging_mixin.py:190} INFO - [2024-08-24T09:55:45.444+0000] {dagbag.py:587} INFO - Filling up the DagBag from /home/airflow/.local/lib/python3.12/site-packages/airflow/example_dags/example_outlet_event_extra.py
[2024-08-24T09:55:45.574+0000] {processor.py:925} INFO - DAG(s) 'dataset_with_extra_from_classic_operator', 'dataset_with_extra_by_context', 'dataset_with_extra_by_yield' retrieved from /home/airflow/.local/lib/python3.12/site-packages/airflow/example_dags/example_outlet_event_extra.py
[2024-08-24T09:55:45.595+0000] {logging_mixin.py:190} INFO - [2024-08-24T09:55:45.595+0000] {dag.py:3211} INFO - Sync 3 DAGs
[2024-08-24T09:55:45.614+0000] {logging_mixin.py:190} INFO - [2024-08-24T09:55:45.614+0000] {dag.py:4138} INFO - Setting next_dagrun for dataset_with_extra_by_context to 2024-08-23 00:00:00+00:00, run_after=2024-08-24 00:00:00+00:00
[2024-08-24T09:55:45.619+0000] {logging_mixin.py:190} INFO - [2024-08-24T09:55:45.619+0000] {dag.py:4138} INFO - Setting next_dagrun for dataset_with_extra_by_yield to 2024-08-23 00:00:00+00:00, run_after=2024-08-24 00:00:00+00:00
[2024-08-24T09:55:45.621+0000] {logging_mixin.py:190} INFO - [2024-08-24T09:55:45.621+0000] {dag.py:4138} INFO - Setting next_dagrun for dataset_with_extra_from_classic_operator to 2024-08-23 00:00:00+00:00, run_after=2024-08-24 00:00:00+00:00
[2024-08-24T09:55:45.640+0000] {processor.py:208} INFO - Processing /home/airflow/.local/lib/python3.12/site-packages/airflow/example_dags/example_outlet_event_extra.py took 0.204 seconds
[2024-08-24T09:56:15.833+0000] {processor.py:186} INFO - Started process (PID=258) to work on /home/airflow/.local/lib/python3.12/site-packages/airflow/example_dags/example_outlet_event_extra.py
[2024-08-24T09:56:15.834+0000] {processor.py:914} INFO - Processing file /home/airflow/.local/lib/python3.12/site-packages/airflow/example_dags/example_outlet_event_extra.py for tasks to queue
[2024-08-24T09:56:15.836+0000] {logging_mixin.py:190} INFO - [2024-08-24T09:56:15.835+0000] {dagbag.py:587} INFO - Filling up the DagBag from /home/airflow/.local/lib/python3.12/site-packages/airflow/example_dags/example_outlet_event_extra.py
[2024-08-24T09:56:15.937+0000] {processor.py:925} INFO - DAG(s) 'dataset_with_extra_by_yield', 'dataset_with_extra_by_context', 'dataset_with_extra_from_classic_operator' retrieved from /home/airflow/.local/lib/python3.12/site-packages/airflow/example_dags/example_outlet_event_extra.py
[2024-08-24T09:56:15.959+0000] {logging_mixin.py:190} INFO - [2024-08-24T09:56:15.958+0000] {dag.py:3211} INFO - Sync 3 DAGs
[2024-08-24T09:56:15.976+0000] {logging_mixin.py:190} INFO - [2024-08-24T09:56:15.976+0000] {dag.py:4138} INFO - Setting next_dagrun for dataset_with_extra_by_context to 2024-08-23 00:00:00+00:00, run_after=2024-08-24 00:00:00+00:00
[2024-08-24T09:56:15.980+0000] {logging_mixin.py:190} INFO - [2024-08-24T09:56:15.980+0000] {dag.py:4138} INFO - Setting next_dagrun for dataset_with_extra_by_yield to 2024-08-23 00:00:00+00:00, run_after=2024-08-24 00:00:00+00:00
[2024-08-24T09:56:15.982+0000] {logging_mixin.py:190} INFO - [2024-08-24T09:56:15.982+0000] {dag.py:4138} INFO - Setting next_dagrun for dataset_with_extra_from_classic_operator to 2024-08-23 00:00:00+00:00, run_after=2024-08-24 00:00:00+00:00
[2024-08-24T09:56:16.004+0000] {processor.py:208} INFO - Processing /home/airflow/.local/lib/python3.12/site-packages/airflow/example_dags/example_outlet_event_extra.py took 0.175 seconds
[2024-08-24T09:56:46.044+0000] {processor.py:186} INFO - Started process (PID=320) to work on /home/airflow/.local/lib/python3.12/site-packages/airflow/example_dags/example_outlet_event_extra.py
[2024-08-24T09:56:46.044+0000] {processor.py:914} INFO - Processing file /home/airflow/.local/lib/python3.12/site-packages/airflow/example_dags/example_outlet_event_extra.py for tasks to queue
[2024-08-24T09:56:46.046+0000] {logging_mixin.py:190} INFO - [2024-08-24T09:56:46.046+0000] {dagbag.py:587} INFO - Filling up the DagBag from /home/airflow/.local/lib/python3.12/site-packages/airflow/example_dags/example_outlet_event_extra.py
[2024-08-24T09:56:46.173+0000] {processor.py:925} INFO - DAG(s) 'dataset_with_extra_by_context', 'dataset_with_extra_from_classic_operator', 'dataset_with_extra_by_yield' retrieved from /home/airflow/.local/lib/python3.12/site-packages/airflow/example_dags/example_outlet_event_extra.py
[2024-08-24T09:56:46.194+0000] {logging_mixin.py:190} INFO - [2024-08-24T09:56:46.194+0000] {dag.py:3211} INFO - Sync 3 DAGs
[2024-08-24T09:56:46.214+0000] {logging_mixin.py:190} INFO - [2024-08-24T09:56:46.214+0000] {dag.py:4138} INFO - Setting next_dagrun for dataset_with_extra_by_context to 2024-08-23 00:00:00+00:00, run_after=2024-08-24 00:00:00+00:00
[2024-08-24T09:56:46.218+0000] {logging_mixin.py:190} INFO - [2024-08-24T09:56:46.218+0000] {dag.py:4138} INFO - Setting next_dagrun for dataset_with_extra_by_yield to 2024-08-23 00:00:00+00:00, run_after=2024-08-24 00:00:00+00:00
[2024-08-24T09:56:46.220+0000] {logging_mixin.py:190} INFO - [2024-08-24T09:56:46.220+0000] {dag.py:4138} INFO - Setting next_dagrun for dataset_with_extra_from_classic_operator to 2024-08-23 00:00:00+00:00, run_after=2024-08-24 00:00:00+00:00
[2024-08-24T09:56:46.240+0000] {processor.py:208} INFO - Processing /home/airflow/.local/lib/python3.12/site-packages/airflow/example_dags/example_outlet_event_extra.py took 0.201 seconds
[2024-08-24T09:57:16.406+0000] {processor.py:186} INFO - Started process (PID=382) to work on /home/airflow/.local/lib/python3.12/site-packages/airflow/example_dags/example_outlet_event_extra.py
[2024-08-24T09:57:16.407+0000] {processor.py:914} INFO - Processing file /home/airflow/.local/lib/python3.12/site-packages/airflow/example_dags/example_outlet_event_extra.py for tasks to queue
[2024-08-24T09:57:16.409+0000] {logging_mixin.py:190} INFO - [2024-08-24T09:57:16.409+0000] {dagbag.py:587} INFO - Filling up the DagBag from /home/airflow/.local/lib/python3.12/site-packages/airflow/example_dags/example_outlet_event_extra.py
[2024-08-24T09:57:16.537+0000] {processor.py:925} INFO - DAG(s) 'dataset_with_extra_from_classic_operator', 'dataset_with_extra_by_context', 'dataset_with_extra_by_yield' retrieved from /home/airflow/.local/lib/python3.12/site-packages/airflow/example_dags/example_outlet_event_extra.py
[2024-08-24T09:57:16.558+0000] {logging_mixin.py:190} INFO - [2024-08-24T09:57:16.558+0000] {dag.py:3211} INFO - Sync 3 DAGs
[2024-08-24T09:57:16.580+0000] {logging_mixin.py:190} INFO - [2024-08-24T09:57:16.580+0000] {dag.py:4138} INFO - Setting next_dagrun for dataset_with_extra_by_context to 2024-08-23 00:00:00+00:00, run_after=2024-08-24 00:00:00+00:00
[2024-08-24T09:57:16.585+0000] {logging_mixin.py:190} INFO - [2024-08-24T09:57:16.585+0000] {dag.py:4138} INFO - Setting next_dagrun for dataset_with_extra_by_yield to 2024-08-23 00:00:00+00:00, run_after=2024-08-24 00:00:00+00:00
[2024-08-24T09:57:16.588+0000] {logging_mixin.py:190} INFO - [2024-08-24T09:57:16.587+0000] {dag.py:4138} INFO - Setting next_dagrun for dataset_with_extra_from_classic_operator to 2024-08-23 00:00:00+00:00, run_after=2024-08-24 00:00:00+00:00
[2024-08-24T09:57:16.607+0000] {processor.py:208} INFO - Processing /home/airflow/.local/lib/python3.12/site-packages/airflow/example_dags/example_outlet_event_extra.py took 0.205 seconds
[2024-08-24T09:57:47.051+0000] {processor.py:186} INFO - Started process (PID=444) to work on /home/airflow/.local/lib/python3.12/site-packages/airflow/example_dags/example_outlet_event_extra.py
[2024-08-24T09:57:47.052+0000] {processor.py:914} INFO - Processing file /home/airflow/.local/lib/python3.12/site-packages/airflow/example_dags/example_outlet_event_extra.py for tasks to queue
[2024-08-24T09:57:47.054+0000] {logging_mixin.py:190} INFO - [2024-08-24T09:57:47.054+0000] {dagbag.py:587} INFO - Filling up the DagBag from /home/airflow/.local/lib/python3.12/site-packages/airflow/example_dags/example_outlet_event_extra.py
[2024-08-24T09:57:47.174+0000] {processor.py:925} INFO - DAG(s) 'dataset_with_extra_by_yield', 'dataset_with_extra_by_context', 'dataset_with_extra_from_classic_operator' retrieved from /home/airflow/.local/lib/python3.12/site-packages/airflow/example_dags/example_outlet_event_extra.py
[2024-08-24T09:57:47.197+0000] {logging_mixin.py:190} INFO - [2024-08-24T09:57:47.197+0000] {dag.py:3211} INFO - Sync 3 DAGs
[2024-08-24T09:57:47.218+0000] {logging_mixin.py:190} INFO - [2024-08-24T09:57:47.218+0000] {dag.py:4138} INFO - Setting next_dagrun for dataset_with_extra_by_context to 2024-08-23 00:00:00+00:00, run_after=2024-08-24 00:00:00+00:00
[2024-08-24T09:57:47.223+0000] {logging_mixin.py:190} INFO - [2024-08-24T09:57:47.223+0000] {dag.py:4138} INFO - Setting next_dagrun for dataset_with_extra_by_yield to 2024-08-23 00:00:00+00:00, run_after=2024-08-24 00:00:00+00:00
[2024-08-24T09:57:47.226+0000] {logging_mixin.py:190} INFO - [2024-08-24T09:57:47.226+0000] {dag.py:4138} INFO - Setting next_dagrun for dataset_with_extra_from_classic_operator to 2024-08-23 00:00:00+00:00, run_after=2024-08-24 00:00:00+00:00
[2024-08-24T09:57:47.248+0000] {processor.py:208} INFO - Processing /home/airflow/.local/lib/python3.12/site-packages/airflow/example_dags/example_outlet_event_extra.py took 0.203 seconds
[2024-08-24T09:58:17.492+0000] {processor.py:186} INFO - Started process (PID=507) to work on /home/airflow/.local/lib/python3.12/site-packages/airflow/example_dags/example_outlet_event_extra.py
[2024-08-24T09:58:17.493+0000] {processor.py:914} INFO - Processing file /home/airflow/.local/lib/python3.12/site-packages/airflow/example_dags/example_outlet_event_extra.py for tasks to queue
[2024-08-24T09:58:17.495+0000] {logging_mixin.py:190} INFO - [2024-08-24T09:58:17.495+0000] {dagbag.py:587} INFO - Filling up the DagBag from /home/airflow/.local/lib/python3.12/site-packages/airflow/example_dags/example_outlet_event_extra.py
[2024-08-24T09:58:17.654+0000] {processor.py:925} INFO - DAG(s) 'dataset_with_extra_by_context', 'dataset_with_extra_by_yield', 'dataset_with_extra_from_classic_operator' retrieved from /home/airflow/.local/lib/python3.12/site-packages/airflow/example_dags/example_outlet_event_extra.py
[2024-08-24T09:58:17.686+0000] {logging_mixin.py:190} INFO - [2024-08-24T09:58:17.685+0000] {dag.py:3211} INFO - Sync 3 DAGs
[2024-08-24T09:58:17.716+0000] {logging_mixin.py:190} INFO - [2024-08-24T09:58:17.716+0000] {dag.py:4138} INFO - Setting next_dagrun for dataset_with_extra_by_context to 2024-08-23 00:00:00+00:00, run_after=2024-08-24 00:00:00+00:00
[2024-08-24T09:58:17.722+0000] {logging_mixin.py:190} INFO - [2024-08-24T09:58:17.722+0000] {dag.py:4138} INFO - Setting next_dagrun for dataset_with_extra_by_yield to 2024-08-23 00:00:00+00:00, run_after=2024-08-24 00:00:00+00:00
[2024-08-24T09:58:17.725+0000] {logging_mixin.py:190} INFO - [2024-08-24T09:58:17.725+0000] {dag.py:4138} INFO - Setting next_dagrun for dataset_with_extra_from_classic_operator to 2024-08-23 00:00:00+00:00, run_after=2024-08-24 00:00:00+00:00
[2024-08-24T09:58:17.750+0000] {processor.py:208} INFO - Processing /home/airflow/.local/lib/python3.12/site-packages/airflow/example_dags/example_outlet_event_extra.py took 0.264 seconds
