[2024-08-24T09:54:47.637+0000] {processor.py:186} INFO - Started process (PID=91) to work on /home/airflow/.local/lib/python3.12/site-packages/airflow/example_dags/example_dataset_alias_with_no_taskflow.py
[2024-08-24T09:54:47.639+0000] {processor.py:914} INFO - Processing file /home/airflow/.local/lib/python3.12/site-packages/airflow/example_dags/example_dataset_alias_with_no_taskflow.py for tasks to queue
[2024-08-24T09:54:47.642+0000] {logging_mixin.py:190} INFO - [2024-08-24T09:54:47.641+0000] {dagbag.py:587} INFO - Filling up the DagBag from /home/airflow/.local/lib/python3.12/site-packages/airflow/example_dags/example_dataset_alias_with_no_taskflow.py
[2024-08-24T09:54:47.784+0000] {processor.py:925} INFO - DAG(s) 'dataset_alias_example_alias_producer_with_no_taskflow', 'dataset_s3_bucket_producer_with_no_taskflow', 'dataset_alias_example_alias_consumer_with_no_taskflow', 'dataset_s3_bucket_consumer_with_no_taskflow' retrieved from /home/airflow/.local/lib/python3.12/site-packages/airflow/example_dags/example_dataset_alias_with_no_taskflow.py
[2024-08-24T09:54:47.885+0000] {logging_mixin.py:190} INFO - [2024-08-24T09:54:47.884+0000] {override.py:1858} INFO - Created Permission View: can read on DAG:dataset_alias_example_alias_producer_with_no_taskflow
[2024-08-24T09:54:47.901+0000] {logging_mixin.py:190} INFO - [2024-08-24T09:54:47.901+0000] {override.py:1858} INFO - Created Permission View: can delete on DAG:dataset_alias_example_alias_producer_with_no_taskflow
[2024-08-24T09:54:47.913+0000] {logging_mixin.py:190} INFO - [2024-08-24T09:54:47.912+0000] {override.py:1858} INFO - Created Permission View: can edit on DAG:dataset_alias_example_alias_producer_with_no_taskflow
[2024-08-24T09:54:47.931+0000] {logging_mixin.py:190} INFO - [2024-08-24T09:54:47.931+0000] {override.py:1858} INFO - Created Permission View: can read on DAG:dataset_s3_bucket_producer_with_no_taskflow
[2024-08-24T09:54:47.940+0000] {logging_mixin.py:190} INFO - [2024-08-24T09:54:47.940+0000] {override.py:1858} INFO - Created Permission View: can delete on DAG:dataset_s3_bucket_producer_with_no_taskflow
[2024-08-24T09:54:47.949+0000] {logging_mixin.py:190} INFO - [2024-08-24T09:54:47.949+0000] {override.py:1858} INFO - Created Permission View: can edit on DAG:dataset_s3_bucket_producer_with_no_taskflow
[2024-08-24T09:54:47.964+0000] {logging_mixin.py:190} INFO - [2024-08-24T09:54:47.963+0000] {override.py:1858} INFO - Created Permission View: can read on DAG:dataset_alias_example_alias_consumer_with_no_taskflow
[2024-08-24T09:54:47.972+0000] {logging_mixin.py:190} INFO - [2024-08-24T09:54:47.972+0000] {override.py:1858} INFO - Created Permission View: can delete on DAG:dataset_alias_example_alias_consumer_with_no_taskflow
[2024-08-24T09:54:47.981+0000] {logging_mixin.py:190} INFO - [2024-08-24T09:54:47.980+0000] {override.py:1858} INFO - Created Permission View: can edit on DAG:dataset_alias_example_alias_consumer_with_no_taskflow
[2024-08-24T09:54:47.998+0000] {logging_mixin.py:190} INFO - [2024-08-24T09:54:47.998+0000] {override.py:1858} INFO - Created Permission View: can read on DAG:dataset_s3_bucket_consumer_with_no_taskflow
[2024-08-24T09:54:48.008+0000] {logging_mixin.py:190} INFO - [2024-08-24T09:54:48.007+0000] {override.py:1858} INFO - Created Permission View: can delete on DAG:dataset_s3_bucket_consumer_with_no_taskflow
[2024-08-24T09:54:48.017+0000] {logging_mixin.py:190} INFO - [2024-08-24T09:54:48.017+0000] {override.py:1858} INFO - Created Permission View: can edit on DAG:dataset_s3_bucket_consumer_with_no_taskflow
[2024-08-24T09:54:48.018+0000] {logging_mixin.py:190} INFO - [2024-08-24T09:54:48.018+0000] {dag.py:3211} INFO - Sync 4 DAGs
[2024-08-24T09:54:48.033+0000] {logging_mixin.py:190} INFO - [2024-08-24T09:54:48.033+0000] {dag.py:3234} INFO - Creating ORM DAG for dataset_s3_bucket_consumer_with_no_taskflow
[2024-08-24T09:54:48.034+0000] {logging_mixin.py:190} INFO - [2024-08-24T09:54:48.034+0000] {dag.py:3234} INFO - Creating ORM DAG for dataset_s3_bucket_producer_with_no_taskflow
[2024-08-24T09:54:48.035+0000] {logging_mixin.py:190} INFO - [2024-08-24T09:54:48.035+0000] {dag.py:3234} INFO - Creating ORM DAG for dataset_alias_example_alias_producer_with_no_taskflow
[2024-08-24T09:54:48.037+0000] {logging_mixin.py:190} INFO - [2024-08-24T09:54:48.036+0000] {dag.py:3234} INFO - Creating ORM DAG for dataset_alias_example_alias_consumer_with_no_taskflow
[2024-08-24T09:54:48.047+0000] {logging_mixin.py:190} INFO - [2024-08-24T09:54:48.047+0000] {dag.py:4138} INFO - Setting next_dagrun for dataset_alias_example_alias_consumer_with_no_taskflow to None, run_after=None
[2024-08-24T09:54:48.049+0000] {logging_mixin.py:190} INFO - [2024-08-24T09:54:48.048+0000] {dag.py:4138} INFO - Setting next_dagrun for dataset_alias_example_alias_producer_with_no_taskflow to None, run_after=None
[2024-08-24T09:54:48.050+0000] {logging_mixin.py:190} INFO - [2024-08-24T09:54:48.050+0000] {dag.py:4138} INFO - Setting next_dagrun for dataset_s3_bucket_consumer_with_no_taskflow to None, run_after=None
[2024-08-24T09:54:48.051+0000] {logging_mixin.py:190} INFO - [2024-08-24T09:54:48.051+0000] {dag.py:4138} INFO - Setting next_dagrun for dataset_s3_bucket_producer_with_no_taskflow to None, run_after=None
[2024-08-24T09:54:48.093+0000] {processor.py:208} INFO - Processing /home/airflow/.local/lib/python3.12/site-packages/airflow/example_dags/example_dataset_alias_with_no_taskflow.py took 0.460 seconds
[2024-08-24T09:55:18.216+0000] {processor.py:186} INFO - Started process (PID=154) to work on /home/airflow/.local/lib/python3.12/site-packages/airflow/example_dags/example_dataset_alias_with_no_taskflow.py
[2024-08-24T09:55:18.222+0000] {processor.py:914} INFO - Processing file /home/airflow/.local/lib/python3.12/site-packages/airflow/example_dags/example_dataset_alias_with_no_taskflow.py for tasks to queue
[2024-08-24T09:55:18.226+0000] {logging_mixin.py:190} INFO - [2024-08-24T09:55:18.225+0000] {dagbag.py:587} INFO - Filling up the DagBag from /home/airflow/.local/lib/python3.12/site-packages/airflow/example_dags/example_dataset_alias_with_no_taskflow.py
[2024-08-24T09:55:18.402+0000] {processor.py:925} INFO - DAG(s) 'dataset_alias_example_alias_producer_with_no_taskflow', 'dataset_alias_example_alias_consumer_with_no_taskflow', 'dataset_s3_bucket_producer_with_no_taskflow', 'dataset_s3_bucket_consumer_with_no_taskflow' retrieved from /home/airflow/.local/lib/python3.12/site-packages/airflow/example_dags/example_dataset_alias_with_no_taskflow.py
[2024-08-24T09:55:18.425+0000] {logging_mixin.py:190} INFO - [2024-08-24T09:55:18.424+0000] {dag.py:3211} INFO - Sync 4 DAGs
[2024-08-24T09:55:18.443+0000] {logging_mixin.py:190} INFO - [2024-08-24T09:55:18.443+0000] {dag.py:4138} INFO - Setting next_dagrun for dataset_alias_example_alias_consumer_with_no_taskflow to None, run_after=None
[2024-08-24T09:55:18.447+0000] {logging_mixin.py:190} INFO - [2024-08-24T09:55:18.447+0000] {dag.py:4138} INFO - Setting next_dagrun for dataset_alias_example_alias_producer_with_no_taskflow to None, run_after=None
[2024-08-24T09:55:18.448+0000] {logging_mixin.py:190} INFO - [2024-08-24T09:55:18.448+0000] {dag.py:4138} INFO - Setting next_dagrun for dataset_s3_bucket_consumer_with_no_taskflow to None, run_after=None
[2024-08-24T09:55:18.450+0000] {logging_mixin.py:190} INFO - [2024-08-24T09:55:18.450+0000] {dag.py:4138} INFO - Setting next_dagrun for dataset_s3_bucket_producer_with_no_taskflow to None, run_after=None
[2024-08-24T09:55:18.469+0000] {processor.py:208} INFO - Processing /home/airflow/.local/lib/python3.12/site-packages/airflow/example_dags/example_dataset_alias_with_no_taskflow.py took 0.259 seconds
[2024-08-24T09:55:48.524+0000] {processor.py:186} INFO - Started process (PID=216) to work on /home/airflow/.local/lib/python3.12/site-packages/airflow/example_dags/example_dataset_alias_with_no_taskflow.py
[2024-08-24T09:55:48.525+0000] {processor.py:914} INFO - Processing file /home/airflow/.local/lib/python3.12/site-packages/airflow/example_dags/example_dataset_alias_with_no_taskflow.py for tasks to queue
[2024-08-24T09:55:48.527+0000] {logging_mixin.py:190} INFO - [2024-08-24T09:55:48.527+0000] {dagbag.py:587} INFO - Filling up the DagBag from /home/airflow/.local/lib/python3.12/site-packages/airflow/example_dags/example_dataset_alias_with_no_taskflow.py
[2024-08-24T09:55:48.642+0000] {processor.py:925} INFO - DAG(s) 'dataset_s3_bucket_consumer_with_no_taskflow', 'dataset_s3_bucket_producer_with_no_taskflow', 'dataset_alias_example_alias_consumer_with_no_taskflow', 'dataset_alias_example_alias_producer_with_no_taskflow' retrieved from /home/airflow/.local/lib/python3.12/site-packages/airflow/example_dags/example_dataset_alias_with_no_taskflow.py
[2024-08-24T09:55:48.662+0000] {logging_mixin.py:190} INFO - [2024-08-24T09:55:48.662+0000] {dag.py:3211} INFO - Sync 4 DAGs
[2024-08-24T09:55:48.680+0000] {logging_mixin.py:190} INFO - [2024-08-24T09:55:48.680+0000] {dag.py:4138} INFO - Setting next_dagrun for dataset_alias_example_alias_consumer_with_no_taskflow to None, run_after=None
[2024-08-24T09:55:48.683+0000] {logging_mixin.py:190} INFO - [2024-08-24T09:55:48.683+0000] {dag.py:4138} INFO - Setting next_dagrun for dataset_alias_example_alias_producer_with_no_taskflow to None, run_after=None
[2024-08-24T09:55:48.684+0000] {logging_mixin.py:190} INFO - [2024-08-24T09:55:48.684+0000] {dag.py:4138} INFO - Setting next_dagrun for dataset_s3_bucket_consumer_with_no_taskflow to None, run_after=None
[2024-08-24T09:55:48.685+0000] {logging_mixin.py:190} INFO - [2024-08-24T09:55:48.685+0000] {dag.py:4138} INFO - Setting next_dagrun for dataset_s3_bucket_producer_with_no_taskflow to None, run_after=None
[2024-08-24T09:55:48.705+0000] {processor.py:208} INFO - Processing /home/airflow/.local/lib/python3.12/site-packages/airflow/example_dags/example_dataset_alias_with_no_taskflow.py took 0.185 seconds
[2024-08-24T09:56:18.832+0000] {processor.py:186} INFO - Started process (PID=278) to work on /home/airflow/.local/lib/python3.12/site-packages/airflow/example_dags/example_dataset_alias_with_no_taskflow.py
[2024-08-24T09:56:18.833+0000] {processor.py:914} INFO - Processing file /home/airflow/.local/lib/python3.12/site-packages/airflow/example_dags/example_dataset_alias_with_no_taskflow.py for tasks to queue
[2024-08-24T09:56:18.835+0000] {logging_mixin.py:190} INFO - [2024-08-24T09:56:18.835+0000] {dagbag.py:587} INFO - Filling up the DagBag from /home/airflow/.local/lib/python3.12/site-packages/airflow/example_dags/example_dataset_alias_with_no_taskflow.py
[2024-08-24T09:56:18.949+0000] {processor.py:925} INFO - DAG(s) 'dataset_s3_bucket_consumer_with_no_taskflow', 'dataset_alias_example_alias_producer_with_no_taskflow', 'dataset_alias_example_alias_consumer_with_no_taskflow', 'dataset_s3_bucket_producer_with_no_taskflow' retrieved from /home/airflow/.local/lib/python3.12/site-packages/airflow/example_dags/example_dataset_alias_with_no_taskflow.py
[2024-08-24T09:56:18.967+0000] {logging_mixin.py:190} INFO - [2024-08-24T09:56:18.967+0000] {dag.py:3211} INFO - Sync 4 DAGs
[2024-08-24T09:56:18.986+0000] {logging_mixin.py:190} INFO - [2024-08-24T09:56:18.985+0000] {dag.py:4138} INFO - Setting next_dagrun for dataset_alias_example_alias_consumer_with_no_taskflow to None, run_after=None
[2024-08-24T09:56:18.988+0000] {logging_mixin.py:190} INFO - [2024-08-24T09:56:18.988+0000] {dag.py:4138} INFO - Setting next_dagrun for dataset_alias_example_alias_producer_with_no_taskflow to None, run_after=None
[2024-08-24T09:56:18.990+0000] {logging_mixin.py:190} INFO - [2024-08-24T09:56:18.990+0000] {dag.py:4138} INFO - Setting next_dagrun for dataset_s3_bucket_consumer_with_no_taskflow to None, run_after=None
[2024-08-24T09:56:18.991+0000] {logging_mixin.py:190} INFO - [2024-08-24T09:56:18.991+0000] {dag.py:4138} INFO - Setting next_dagrun for dataset_s3_bucket_producer_with_no_taskflow to None, run_after=None
[2024-08-24T09:56:19.013+0000] {processor.py:208} INFO - Processing /home/airflow/.local/lib/python3.12/site-packages/airflow/example_dags/example_dataset_alias_with_no_taskflow.py took 0.186 seconds
[2024-08-24T09:56:50.108+0000] {processor.py:186} INFO - Started process (PID=340) to work on /home/airflow/.local/lib/python3.12/site-packages/airflow/example_dags/example_dataset_alias_with_no_taskflow.py
[2024-08-24T09:56:50.135+0000] {processor.py:914} INFO - Processing file /home/airflow/.local/lib/python3.12/site-packages/airflow/example_dags/example_dataset_alias_with_no_taskflow.py for tasks to queue
[2024-08-24T09:56:50.153+0000] {logging_mixin.py:190} INFO - [2024-08-24T09:56:50.152+0000] {dagbag.py:587} INFO - Filling up the DagBag from /home/airflow/.local/lib/python3.12/site-packages/airflow/example_dags/example_dataset_alias_with_no_taskflow.py
[2024-08-24T09:56:50.756+0000] {processor.py:925} INFO - DAG(s) 'dataset_alias_example_alias_producer_with_no_taskflow', 'dataset_s3_bucket_consumer_with_no_taskflow', 'dataset_alias_example_alias_consumer_with_no_taskflow', 'dataset_s3_bucket_producer_with_no_taskflow' retrieved from /home/airflow/.local/lib/python3.12/site-packages/airflow/example_dags/example_dataset_alias_with_no_taskflow.py
[2024-08-24T09:56:50.820+0000] {logging_mixin.py:190} INFO - [2024-08-24T09:56:50.819+0000] {dag.py:3211} INFO - Sync 4 DAGs
[2024-08-24T09:56:50.951+0000] {logging_mixin.py:190} INFO - [2024-08-24T09:56:50.950+0000] {dag.py:4138} INFO - Setting next_dagrun for dataset_alias_example_alias_consumer_with_no_taskflow to None, run_after=None
[2024-08-24T09:56:50.968+0000] {logging_mixin.py:190} INFO - [2024-08-24T09:56:50.967+0000] {dag.py:4138} INFO - Setting next_dagrun for dataset_alias_example_alias_producer_with_no_taskflow to None, run_after=None
[2024-08-24T09:56:50.974+0000] {logging_mixin.py:190} INFO - [2024-08-24T09:56:50.973+0000] {dag.py:4138} INFO - Setting next_dagrun for dataset_s3_bucket_consumer_with_no_taskflow to None, run_after=None
[2024-08-24T09:56:50.983+0000] {logging_mixin.py:190} INFO - [2024-08-24T09:56:50.981+0000] {dag.py:4138} INFO - Setting next_dagrun for dataset_s3_bucket_producer_with_no_taskflow to None, run_after=None
[2024-08-24T09:56:51.089+0000] {processor.py:208} INFO - Processing /home/airflow/.local/lib/python3.12/site-packages/airflow/example_dags/example_dataset_alias_with_no_taskflow.py took 1.004 seconds
[2024-08-24T09:57:21.143+0000] {processor.py:186} INFO - Started process (PID=403) to work on /home/airflow/.local/lib/python3.12/site-packages/airflow/example_dags/example_dataset_alias_with_no_taskflow.py
[2024-08-24T09:57:21.144+0000] {processor.py:914} INFO - Processing file /home/airflow/.local/lib/python3.12/site-packages/airflow/example_dags/example_dataset_alias_with_no_taskflow.py for tasks to queue
[2024-08-24T09:57:21.146+0000] {logging_mixin.py:190} INFO - [2024-08-24T09:57:21.146+0000] {dagbag.py:587} INFO - Filling up the DagBag from /home/airflow/.local/lib/python3.12/site-packages/airflow/example_dags/example_dataset_alias_with_no_taskflow.py
[2024-08-24T09:57:21.258+0000] {processor.py:925} INFO - DAG(s) 'dataset_s3_bucket_producer_with_no_taskflow', 'dataset_alias_example_alias_producer_with_no_taskflow', 'dataset_s3_bucket_consumer_with_no_taskflow', 'dataset_alias_example_alias_consumer_with_no_taskflow' retrieved from /home/airflow/.local/lib/python3.12/site-packages/airflow/example_dags/example_dataset_alias_with_no_taskflow.py
[2024-08-24T09:57:21.274+0000] {logging_mixin.py:190} INFO - [2024-08-24T09:57:21.273+0000] {dag.py:3211} INFO - Sync 4 DAGs
[2024-08-24T09:57:21.291+0000] {logging_mixin.py:190} INFO - [2024-08-24T09:57:21.290+0000] {dag.py:4138} INFO - Setting next_dagrun for dataset_alias_example_alias_consumer_with_no_taskflow to None, run_after=None
[2024-08-24T09:57:21.293+0000] {logging_mixin.py:190} INFO - [2024-08-24T09:57:21.293+0000] {dag.py:4138} INFO - Setting next_dagrun for dataset_alias_example_alias_producer_with_no_taskflow to None, run_after=None
[2024-08-24T09:57:21.294+0000] {logging_mixin.py:190} INFO - [2024-08-24T09:57:21.294+0000] {dag.py:4138} INFO - Setting next_dagrun for dataset_s3_bucket_consumer_with_no_taskflow to None, run_after=None
[2024-08-24T09:57:21.295+0000] {logging_mixin.py:190} INFO - [2024-08-24T09:57:21.295+0000] {dag.py:4138} INFO - Setting next_dagrun for dataset_s3_bucket_producer_with_no_taskflow to None, run_after=None
[2024-08-24T09:57:21.313+0000] {processor.py:208} INFO - Processing /home/airflow/.local/lib/python3.12/site-packages/airflow/example_dags/example_dataset_alias_with_no_taskflow.py took 0.174 seconds
[2024-08-24T09:57:52.322+0000] {processor.py:186} INFO - Started process (PID=465) to work on /home/airflow/.local/lib/python3.12/site-packages/airflow/example_dags/example_dataset_alias_with_no_taskflow.py
[2024-08-24T09:57:52.323+0000] {processor.py:914} INFO - Processing file /home/airflow/.local/lib/python3.12/site-packages/airflow/example_dags/example_dataset_alias_with_no_taskflow.py for tasks to queue
[2024-08-24T09:57:52.325+0000] {logging_mixin.py:190} INFO - [2024-08-24T09:57:52.325+0000] {dagbag.py:587} INFO - Filling up the DagBag from /home/airflow/.local/lib/python3.12/site-packages/airflow/example_dags/example_dataset_alias_with_no_taskflow.py
[2024-08-24T09:57:52.449+0000] {processor.py:925} INFO - DAG(s) 'dataset_alias_example_alias_consumer_with_no_taskflow', 'dataset_s3_bucket_consumer_with_no_taskflow', 'dataset_s3_bucket_producer_with_no_taskflow', 'dataset_alias_example_alias_producer_with_no_taskflow' retrieved from /home/airflow/.local/lib/python3.12/site-packages/airflow/example_dags/example_dataset_alias_with_no_taskflow.py
[2024-08-24T09:57:52.466+0000] {logging_mixin.py:190} INFO - [2024-08-24T09:57:52.465+0000] {dag.py:3211} INFO - Sync 4 DAGs
[2024-08-24T09:57:52.483+0000] {logging_mixin.py:190} INFO - [2024-08-24T09:57:52.483+0000] {dag.py:4138} INFO - Setting next_dagrun for dataset_alias_example_alias_consumer_with_no_taskflow to None, run_after=None
[2024-08-24T09:57:52.485+0000] {logging_mixin.py:190} INFO - [2024-08-24T09:57:52.485+0000] {dag.py:4138} INFO - Setting next_dagrun for dataset_alias_example_alias_producer_with_no_taskflow to None, run_after=None
[2024-08-24T09:57:52.487+0000] {logging_mixin.py:190} INFO - [2024-08-24T09:57:52.487+0000] {dag.py:4138} INFO - Setting next_dagrun for dataset_s3_bucket_consumer_with_no_taskflow to None, run_after=None
[2024-08-24T09:57:52.489+0000] {logging_mixin.py:190} INFO - [2024-08-24T09:57:52.488+0000] {dag.py:4138} INFO - Setting next_dagrun for dataset_s3_bucket_producer_with_no_taskflow to None, run_after=None
[2024-08-24T09:57:52.510+0000] {processor.py:208} INFO - Processing /home/airflow/.local/lib/python3.12/site-packages/airflow/example_dags/example_dataset_alias_with_no_taskflow.py took 0.193 seconds
