[2024-08-24T09:54:46.575+0000] {processor.py:186} INFO - Started process (PID=84) to work on /home/airflow/.local/lib/python3.12/site-packages/airflow/example_dags/example_task_group_decorator.py
[2024-08-24T09:54:46.576+0000] {processor.py:914} INFO - Processing file /home/airflow/.local/lib/python3.12/site-packages/airflow/example_dags/example_task_group_decorator.py for tasks to queue
[2024-08-24T09:54:46.578+0000] {logging_mixin.py:190} INFO - [2024-08-24T09:54:46.578+0000] {dagbag.py:587} INFO - Filling up the DagBag from /home/airflow/.local/lib/python3.12/site-packages/airflow/example_dags/example_task_group_decorator.py
[2024-08-24T09:54:46.594+0000] {processor.py:925} INFO - DAG(s) 'example_task_group_decorator' retrieved from /home/airflow/.local/lib/python3.12/site-packages/airflow/example_dags/example_task_group_decorator.py
[2024-08-24T09:54:46.703+0000] {logging_mixin.py:190} INFO - [2024-08-24T09:54:46.702+0000] {override.py:1858} INFO - Created Permission View: can read on DAG:example_task_group_decorator
[2024-08-24T09:54:46.715+0000] {logging_mixin.py:190} INFO - [2024-08-24T09:54:46.715+0000] {override.py:1858} INFO - Created Permission View: can delete on DAG:example_task_group_decorator
[2024-08-24T09:54:46.724+0000] {logging_mixin.py:190} INFO - [2024-08-24T09:54:46.723+0000] {override.py:1858} INFO - Created Permission View: can edit on DAG:example_task_group_decorator
[2024-08-24T09:54:46.725+0000] {logging_mixin.py:190} INFO - [2024-08-24T09:54:46.724+0000] {dag.py:3211} INFO - Sync 1 DAGs
[2024-08-24T09:54:46.741+0000] {logging_mixin.py:190} INFO - [2024-08-24T09:54:46.740+0000] {dag.py:3234} INFO - Creating ORM DAG for example_task_group_decorator
[2024-08-24T09:54:46.754+0000] {logging_mixin.py:190} INFO - [2024-08-24T09:54:46.754+0000] {dag.py:4138} INFO - Setting next_dagrun for example_task_group_decorator to 2024-08-23 00:00:00+00:00, run_after=2024-08-24 00:00:00+00:00
[2024-08-24T09:54:46.779+0000] {processor.py:208} INFO - Processing /home/airflow/.local/lib/python3.12/site-packages/airflow/example_dags/example_task_group_decorator.py took 0.210 seconds
[2024-08-24T09:55:17.687+0000] {processor.py:186} INFO - Started process (PID=146) to work on /home/airflow/.local/lib/python3.12/site-packages/airflow/example_dags/example_task_group_decorator.py
[2024-08-24T09:55:17.689+0000] {processor.py:914} INFO - Processing file /home/airflow/.local/lib/python3.12/site-packages/airflow/example_dags/example_task_group_decorator.py for tasks to queue
[2024-08-24T09:55:17.692+0000] {logging_mixin.py:190} INFO - [2024-08-24T09:55:17.691+0000] {dagbag.py:587} INFO - Filling up the DagBag from /home/airflow/.local/lib/python3.12/site-packages/airflow/example_dags/example_task_group_decorator.py
[2024-08-24T09:55:17.706+0000] {processor.py:925} INFO - DAG(s) 'example_task_group_decorator' retrieved from /home/airflow/.local/lib/python3.12/site-packages/airflow/example_dags/example_task_group_decorator.py
[2024-08-24T09:55:17.736+0000] {logging_mixin.py:190} INFO - [2024-08-24T09:55:17.735+0000] {dag.py:3211} INFO - Sync 1 DAGs
[2024-08-24T09:55:17.765+0000] {logging_mixin.py:190} INFO - [2024-08-24T09:55:17.765+0000] {dag.py:4138} INFO - Setting next_dagrun for example_task_group_decorator to 2024-08-23 00:00:00+00:00, run_after=2024-08-24 00:00:00+00:00
[2024-08-24T09:55:17.786+0000] {processor.py:208} INFO - Processing /home/airflow/.local/lib/python3.12/site-packages/airflow/example_dags/example_task_group_decorator.py took 0.104 seconds
[2024-08-24T09:55:48.139+0000] {processor.py:186} INFO - Started process (PID=208) to work on /home/airflow/.local/lib/python3.12/site-packages/airflow/example_dags/example_task_group_decorator.py
[2024-08-24T09:55:48.140+0000] {processor.py:914} INFO - Processing file /home/airflow/.local/lib/python3.12/site-packages/airflow/example_dags/example_task_group_decorator.py for tasks to queue
[2024-08-24T09:55:48.142+0000] {logging_mixin.py:190} INFO - [2024-08-24T09:55:48.142+0000] {dagbag.py:587} INFO - Filling up the DagBag from /home/airflow/.local/lib/python3.12/site-packages/airflow/example_dags/example_task_group_decorator.py
[2024-08-24T09:55:48.154+0000] {processor.py:925} INFO - DAG(s) 'example_task_group_decorator' retrieved from /home/airflow/.local/lib/python3.12/site-packages/airflow/example_dags/example_task_group_decorator.py
[2024-08-24T09:55:48.175+0000] {logging_mixin.py:190} INFO - [2024-08-24T09:55:48.175+0000] {dag.py:3211} INFO - Sync 1 DAGs
[2024-08-24T09:55:48.195+0000] {logging_mixin.py:190} INFO - [2024-08-24T09:55:48.195+0000] {dag.py:4138} INFO - Setting next_dagrun for example_task_group_decorator to 2024-08-23 00:00:00+00:00, run_after=2024-08-24 00:00:00+00:00
[2024-08-24T09:55:48.227+0000] {processor.py:208} INFO - Processing /home/airflow/.local/lib/python3.12/site-packages/airflow/example_dags/example_task_group_decorator.py took 0.092 seconds
[2024-08-24T09:56:18.477+0000] {processor.py:186} INFO - Started process (PID=270) to work on /home/airflow/.local/lib/python3.12/site-packages/airflow/example_dags/example_task_group_decorator.py
[2024-08-24T09:56:18.478+0000] {processor.py:914} INFO - Processing file /home/airflow/.local/lib/python3.12/site-packages/airflow/example_dags/example_task_group_decorator.py for tasks to queue
[2024-08-24T09:56:18.480+0000] {logging_mixin.py:190} INFO - [2024-08-24T09:56:18.480+0000] {dagbag.py:587} INFO - Filling up the DagBag from /home/airflow/.local/lib/python3.12/site-packages/airflow/example_dags/example_task_group_decorator.py
[2024-08-24T09:56:18.492+0000] {processor.py:925} INFO - DAG(s) 'example_task_group_decorator' retrieved from /home/airflow/.local/lib/python3.12/site-packages/airflow/example_dags/example_task_group_decorator.py
[2024-08-24T09:56:18.512+0000] {logging_mixin.py:190} INFO - [2024-08-24T09:56:18.511+0000] {dag.py:3211} INFO - Sync 1 DAGs
[2024-08-24T09:56:18.529+0000] {logging_mixin.py:190} INFO - [2024-08-24T09:56:18.529+0000] {dag.py:4138} INFO - Setting next_dagrun for example_task_group_decorator to 2024-08-23 00:00:00+00:00, run_after=2024-08-24 00:00:00+00:00
[2024-08-24T09:56:18.551+0000] {processor.py:208} INFO - Processing /home/airflow/.local/lib/python3.12/site-packages/airflow/example_dags/example_task_group_decorator.py took 0.078 seconds
[2024-08-24T09:56:48.967+0000] {processor.py:186} INFO - Started process (PID=332) to work on /home/airflow/.local/lib/python3.12/site-packages/airflow/example_dags/example_task_group_decorator.py
[2024-08-24T09:56:48.969+0000] {processor.py:914} INFO - Processing file /home/airflow/.local/lib/python3.12/site-packages/airflow/example_dags/example_task_group_decorator.py for tasks to queue
[2024-08-24T09:56:48.974+0000] {logging_mixin.py:190} INFO - [2024-08-24T09:56:48.974+0000] {dagbag.py:587} INFO - Filling up the DagBag from /home/airflow/.local/lib/python3.12/site-packages/airflow/example_dags/example_task_group_decorator.py
[2024-08-24T09:56:49.018+0000] {processor.py:925} INFO - DAG(s) 'example_task_group_decorator' retrieved from /home/airflow/.local/lib/python3.12/site-packages/airflow/example_dags/example_task_group_decorator.py
[2024-08-24T09:56:49.135+0000] {logging_mixin.py:190} INFO - [2024-08-24T09:56:49.134+0000] {dag.py:3211} INFO - Sync 1 DAGs
[2024-08-24T09:56:49.248+0000] {logging_mixin.py:190} INFO - [2024-08-24T09:56:49.247+0000] {dag.py:4138} INFO - Setting next_dagrun for example_task_group_decorator to 2024-08-23 00:00:00+00:00, run_after=2024-08-24 00:00:00+00:00
[2024-08-24T09:56:49.297+0000] {processor.py:208} INFO - Processing /home/airflow/.local/lib/python3.12/site-packages/airflow/example_dags/example_task_group_decorator.py took 0.341 seconds
[2024-08-24T09:57:19.597+0000] {processor.py:186} INFO - Started process (PID=395) to work on /home/airflow/.local/lib/python3.12/site-packages/airflow/example_dags/example_task_group_decorator.py
[2024-08-24T09:57:19.598+0000] {processor.py:914} INFO - Processing file /home/airflow/.local/lib/python3.12/site-packages/airflow/example_dags/example_task_group_decorator.py for tasks to queue
[2024-08-24T09:57:19.600+0000] {logging_mixin.py:190} INFO - [2024-08-24T09:57:19.600+0000] {dagbag.py:587} INFO - Filling up the DagBag from /home/airflow/.local/lib/python3.12/site-packages/airflow/example_dags/example_task_group_decorator.py
[2024-08-24T09:57:19.629+0000] {processor.py:925} INFO - DAG(s) 'example_task_group_decorator' retrieved from /home/airflow/.local/lib/python3.12/site-packages/airflow/example_dags/example_task_group_decorator.py
[2024-08-24T09:57:19.665+0000] {logging_mixin.py:190} INFO - [2024-08-24T09:57:19.665+0000] {dag.py:3211} INFO - Sync 1 DAGs
[2024-08-24T09:57:19.696+0000] {logging_mixin.py:190} INFO - [2024-08-24T09:57:19.695+0000] {dag.py:4138} INFO - Setting next_dagrun for example_task_group_decorator to 2024-08-23 00:00:00+00:00, run_after=2024-08-24 00:00:00+00:00
[2024-08-24T09:57:19.719+0000] {processor.py:208} INFO - Processing /home/airflow/.local/lib/python3.12/site-packages/airflow/example_dags/example_task_group_decorator.py took 0.128 seconds
[2024-08-24T09:57:49.890+0000] {processor.py:186} INFO - Started process (PID=456) to work on /home/airflow/.local/lib/python3.12/site-packages/airflow/example_dags/example_task_group_decorator.py
[2024-08-24T09:57:49.891+0000] {processor.py:914} INFO - Processing file /home/airflow/.local/lib/python3.12/site-packages/airflow/example_dags/example_task_group_decorator.py for tasks to queue
[2024-08-24T09:57:49.892+0000] {logging_mixin.py:190} INFO - [2024-08-24T09:57:49.892+0000] {dagbag.py:587} INFO - Filling up the DagBag from /home/airflow/.local/lib/python3.12/site-packages/airflow/example_dags/example_task_group_decorator.py
[2024-08-24T09:57:49.905+0000] {processor.py:925} INFO - DAG(s) 'example_task_group_decorator' retrieved from /home/airflow/.local/lib/python3.12/site-packages/airflow/example_dags/example_task_group_decorator.py
[2024-08-24T09:57:49.927+0000] {logging_mixin.py:190} INFO - [2024-08-24T09:57:49.927+0000] {dag.py:3211} INFO - Sync 1 DAGs
[2024-08-24T09:57:49.946+0000] {logging_mixin.py:190} INFO - [2024-08-24T09:57:49.946+0000] {dag.py:4138} INFO - Setting next_dagrun for example_task_group_decorator to 2024-08-23 00:00:00+00:00, run_after=2024-08-24 00:00:00+00:00
[2024-08-24T09:57:49.965+0000] {processor.py:208} INFO - Processing /home/airflow/.local/lib/python3.12/site-packages/airflow/example_dags/example_task_group_decorator.py took 0.079 seconds
[2024-08-24T09:58:20.238+0000] {processor.py:186} INFO - Started process (PID=518) to work on /home/airflow/.local/lib/python3.12/site-packages/airflow/example_dags/example_task_group_decorator.py
[2024-08-24T09:58:20.240+0000] {processor.py:914} INFO - Processing file /home/airflow/.local/lib/python3.12/site-packages/airflow/example_dags/example_task_group_decorator.py for tasks to queue
[2024-08-24T09:58:20.245+0000] {logging_mixin.py:190} INFO - [2024-08-24T09:58:20.244+0000] {dagbag.py:587} INFO - Filling up the DagBag from /home/airflow/.local/lib/python3.12/site-packages/airflow/example_dags/example_task_group_decorator.py
[2024-08-24T09:58:20.275+0000] {processor.py:925} INFO - DAG(s) 'example_task_group_decorator' retrieved from /home/airflow/.local/lib/python3.12/site-packages/airflow/example_dags/example_task_group_decorator.py
[2024-08-24T09:58:20.328+0000] {logging_mixin.py:190} INFO - [2024-08-24T09:58:20.328+0000] {dag.py:3211} INFO - Sync 1 DAGs
[2024-08-24T09:58:20.380+0000] {logging_mixin.py:190} INFO - [2024-08-24T09:58:20.380+0000] {dag.py:4138} INFO - Setting next_dagrun for example_task_group_decorator to 2024-08-23 00:00:00+00:00, run_after=2024-08-24 00:00:00+00:00
[2024-08-24T09:58:20.415+0000] {processor.py:208} INFO - Processing /home/airflow/.local/lib/python3.12/site-packages/airflow/example_dags/example_task_group_decorator.py took 0.189 seconds
