[2024-08-24T09:54:49.896+0000] {processor.py:186} INFO - Started process (PID=108) to work on /home/airflow/.local/lib/python3.12/site-packages/airflow/example_dags/example_trigger_target_dag.py
[2024-08-24T09:54:49.897+0000] {processor.py:914} INFO - Processing file /home/airflow/.local/lib/python3.12/site-packages/airflow/example_dags/example_trigger_target_dag.py for tasks to queue
[2024-08-24T09:54:49.900+0000] {logging_mixin.py:190} INFO - [2024-08-24T09:54:49.900+0000] {dagbag.py:587} INFO - Filling up the DagBag from /home/airflow/.local/lib/python3.12/site-packages/airflow/example_dags/example_trigger_target_dag.py
[2024-08-24T09:54:49.909+0000] {processor.py:925} INFO - DAG(s) 'example_trigger_target_dag' retrieved from /home/airflow/.local/lib/python3.12/site-packages/airflow/example_dags/example_trigger_target_dag.py
[2024-08-24T09:54:50.012+0000] {logging_mixin.py:190} INFO - [2024-08-24T09:54:50.012+0000] {override.py:1858} INFO - Created Permission View: can read on DAG:example_trigger_target_dag
[2024-08-24T09:54:50.024+0000] {logging_mixin.py:190} INFO - [2024-08-24T09:54:50.023+0000] {override.py:1858} INFO - Created Permission View: can delete on DAG:example_trigger_target_dag
[2024-08-24T09:54:50.032+0000] {logging_mixin.py:190} INFO - [2024-08-24T09:54:50.032+0000] {override.py:1858} INFO - Created Permission View: can edit on DAG:example_trigger_target_dag
[2024-08-24T09:54:50.033+0000] {logging_mixin.py:190} INFO - [2024-08-24T09:54:50.033+0000] {dag.py:3211} INFO - Sync 1 DAGs
[2024-08-24T09:54:50.048+0000] {logging_mixin.py:190} INFO - [2024-08-24T09:54:50.048+0000] {dag.py:3234} INFO - Creating ORM DAG for example_trigger_target_dag
[2024-08-24T09:54:50.049+0000] {logging_mixin.py:190} INFO - [2024-08-24T09:54:50.049+0000] {dag.py:4138} INFO - Setting next_dagrun for example_trigger_target_dag to None, run_after=None
[2024-08-24T09:54:50.070+0000] {processor.py:208} INFO - Processing /home/airflow/.local/lib/python3.12/site-packages/airflow/example_dags/example_trigger_target_dag.py took 0.179 seconds
[2024-08-24T09:55:20.203+0000] {processor.py:186} INFO - Started process (PID=170) to work on /home/airflow/.local/lib/python3.12/site-packages/airflow/example_dags/example_trigger_target_dag.py
[2024-08-24T09:55:20.205+0000] {processor.py:914} INFO - Processing file /home/airflow/.local/lib/python3.12/site-packages/airflow/example_dags/example_trigger_target_dag.py for tasks to queue
[2024-08-24T09:55:20.207+0000] {logging_mixin.py:190} INFO - [2024-08-24T09:55:20.206+0000] {dagbag.py:587} INFO - Filling up the DagBag from /home/airflow/.local/lib/python3.12/site-packages/airflow/example_dags/example_trigger_target_dag.py
[2024-08-24T09:55:20.213+0000] {processor.py:925} INFO - DAG(s) 'example_trigger_target_dag' retrieved from /home/airflow/.local/lib/python3.12/site-packages/airflow/example_dags/example_trigger_target_dag.py
[2024-08-24T09:55:20.229+0000] {logging_mixin.py:190} INFO - [2024-08-24T09:55:20.228+0000] {dag.py:3211} INFO - Sync 1 DAGs
[2024-08-24T09:55:20.240+0000] {logging_mixin.py:190} INFO - [2024-08-24T09:55:20.239+0000] {dag.py:4138} INFO - Setting next_dagrun for example_trigger_target_dag to None, run_after=None
[2024-08-24T09:55:20.257+0000] {processor.py:208} INFO - Processing /home/airflow/.local/lib/python3.12/site-packages/airflow/example_dags/example_trigger_target_dag.py took 0.058 seconds
[2024-08-24T09:55:50.442+0000] {processor.py:186} INFO - Started process (PID=232) to work on /home/airflow/.local/lib/python3.12/site-packages/airflow/example_dags/example_trigger_target_dag.py
[2024-08-24T09:55:50.443+0000] {processor.py:914} INFO - Processing file /home/airflow/.local/lib/python3.12/site-packages/airflow/example_dags/example_trigger_target_dag.py for tasks to queue
[2024-08-24T09:55:50.445+0000] {logging_mixin.py:190} INFO - [2024-08-24T09:55:50.445+0000] {dagbag.py:587} INFO - Filling up the DagBag from /home/airflow/.local/lib/python3.12/site-packages/airflow/example_dags/example_trigger_target_dag.py
[2024-08-24T09:55:50.451+0000] {processor.py:925} INFO - DAG(s) 'example_trigger_target_dag' retrieved from /home/airflow/.local/lib/python3.12/site-packages/airflow/example_dags/example_trigger_target_dag.py
[2024-08-24T09:55:50.467+0000] {logging_mixin.py:190} INFO - [2024-08-24T09:55:50.466+0000] {dag.py:3211} INFO - Sync 1 DAGs
[2024-08-24T09:55:50.478+0000] {logging_mixin.py:190} INFO - [2024-08-24T09:55:50.478+0000] {dag.py:4138} INFO - Setting next_dagrun for example_trigger_target_dag to None, run_after=None
[2024-08-24T09:55:50.497+0000] {processor.py:208} INFO - Processing /home/airflow/.local/lib/python3.12/site-packages/airflow/example_dags/example_trigger_target_dag.py took 0.059 seconds
[2024-08-24T09:56:20.654+0000] {processor.py:186} INFO - Started process (PID=294) to work on /home/airflow/.local/lib/python3.12/site-packages/airflow/example_dags/example_trigger_target_dag.py
[2024-08-24T09:56:20.655+0000] {processor.py:914} INFO - Processing file /home/airflow/.local/lib/python3.12/site-packages/airflow/example_dags/example_trigger_target_dag.py for tasks to queue
[2024-08-24T09:56:20.657+0000] {logging_mixin.py:190} INFO - [2024-08-24T09:56:20.657+0000] {dagbag.py:587} INFO - Filling up the DagBag from /home/airflow/.local/lib/python3.12/site-packages/airflow/example_dags/example_trigger_target_dag.py
[2024-08-24T09:56:20.663+0000] {processor.py:925} INFO - DAG(s) 'example_trigger_target_dag' retrieved from /home/airflow/.local/lib/python3.12/site-packages/airflow/example_dags/example_trigger_target_dag.py
[2024-08-24T09:56:20.679+0000] {logging_mixin.py:190} INFO - [2024-08-24T09:56:20.679+0000] {dag.py:3211} INFO - Sync 1 DAGs
[2024-08-24T09:56:20.690+0000] {logging_mixin.py:190} INFO - [2024-08-24T09:56:20.690+0000] {dag.py:4138} INFO - Setting next_dagrun for example_trigger_target_dag to None, run_after=None
[2024-08-24T09:56:20.708+0000] {processor.py:208} INFO - Processing /home/airflow/.local/lib/python3.12/site-packages/airflow/example_dags/example_trigger_target_dag.py took 0.059 seconds
[2024-08-24T09:56:53.331+0000] {processor.py:186} INFO - Started process (PID=356) to work on /home/airflow/.local/lib/python3.12/site-packages/airflow/example_dags/example_trigger_target_dag.py
[2024-08-24T09:56:53.334+0000] {processor.py:914} INFO - Processing file /home/airflow/.local/lib/python3.12/site-packages/airflow/example_dags/example_trigger_target_dag.py for tasks to queue
[2024-08-24T09:56:53.340+0000] {logging_mixin.py:190} INFO - [2024-08-24T09:56:53.339+0000] {dagbag.py:587} INFO - Filling up the DagBag from /home/airflow/.local/lib/python3.12/site-packages/airflow/example_dags/example_trigger_target_dag.py
[2024-08-24T09:56:53.357+0000] {processor.py:925} INFO - DAG(s) 'example_trigger_target_dag' retrieved from /home/airflow/.local/lib/python3.12/site-packages/airflow/example_dags/example_trigger_target_dag.py
[2024-08-24T09:56:53.409+0000] {logging_mixin.py:190} INFO - [2024-08-24T09:56:53.409+0000] {dag.py:3211} INFO - Sync 1 DAGs
[2024-08-24T09:56:53.446+0000] {logging_mixin.py:190} INFO - [2024-08-24T09:56:53.445+0000] {dag.py:4138} INFO - Setting next_dagrun for example_trigger_target_dag to None, run_after=None
[2024-08-24T09:56:53.516+0000] {processor.py:208} INFO - Processing /home/airflow/.local/lib/python3.12/site-packages/airflow/example_dags/example_trigger_target_dag.py took 0.201 seconds
[2024-08-24T09:57:24.014+0000] {processor.py:186} INFO - Started process (PID=418) to work on /home/airflow/.local/lib/python3.12/site-packages/airflow/example_dags/example_trigger_target_dag.py
[2024-08-24T09:57:24.015+0000] {processor.py:914} INFO - Processing file /home/airflow/.local/lib/python3.12/site-packages/airflow/example_dags/example_trigger_target_dag.py for tasks to queue
[2024-08-24T09:57:24.018+0000] {logging_mixin.py:190} INFO - [2024-08-24T09:57:24.017+0000] {dagbag.py:587} INFO - Filling up the DagBag from /home/airflow/.local/lib/python3.12/site-packages/airflow/example_dags/example_trigger_target_dag.py
[2024-08-24T09:57:24.024+0000] {processor.py:925} INFO - DAG(s) 'example_trigger_target_dag' retrieved from /home/airflow/.local/lib/python3.12/site-packages/airflow/example_dags/example_trigger_target_dag.py
[2024-08-24T09:57:24.040+0000] {logging_mixin.py:190} INFO - [2024-08-24T09:57:24.039+0000] {dag.py:3211} INFO - Sync 1 DAGs
[2024-08-24T09:57:24.052+0000] {logging_mixin.py:190} INFO - [2024-08-24T09:57:24.052+0000] {dag.py:4138} INFO - Setting next_dagrun for example_trigger_target_dag to None, run_after=None
[2024-08-24T09:57:24.072+0000] {processor.py:208} INFO - Processing /home/airflow/.local/lib/python3.12/site-packages/airflow/example_dags/example_trigger_target_dag.py took 0.062 seconds
[2024-08-24T09:57:54.315+0000] {processor.py:186} INFO - Started process (PID=480) to work on /home/airflow/.local/lib/python3.12/site-packages/airflow/example_dags/example_trigger_target_dag.py
[2024-08-24T09:57:54.316+0000] {processor.py:914} INFO - Processing file /home/airflow/.local/lib/python3.12/site-packages/airflow/example_dags/example_trigger_target_dag.py for tasks to queue
[2024-08-24T09:57:54.318+0000] {logging_mixin.py:190} INFO - [2024-08-24T09:57:54.318+0000] {dagbag.py:587} INFO - Filling up the DagBag from /home/airflow/.local/lib/python3.12/site-packages/airflow/example_dags/example_trigger_target_dag.py
[2024-08-24T09:57:54.324+0000] {processor.py:925} INFO - DAG(s) 'example_trigger_target_dag' retrieved from /home/airflow/.local/lib/python3.12/site-packages/airflow/example_dags/example_trigger_target_dag.py
[2024-08-24T09:57:54.341+0000] {logging_mixin.py:190} INFO - [2024-08-24T09:57:54.340+0000] {dag.py:3211} INFO - Sync 1 DAGs
[2024-08-24T09:57:54.352+0000] {logging_mixin.py:190} INFO - [2024-08-24T09:57:54.352+0000] {dag.py:4138} INFO - Setting next_dagrun for example_trigger_target_dag to None, run_after=None
[2024-08-24T09:57:54.369+0000] {processor.py:208} INFO - Processing /home/airflow/.local/lib/python3.12/site-packages/airflow/example_dags/example_trigger_target_dag.py took 0.059 seconds
