[2024-08-24T09:54:48.913+0000] {processor.py:186} INFO - Started process (PID=99) to work on /home/airflow/.local/lib/python3.12/site-packages/airflow/example_dags/example_time_delta_sensor_async.py
[2024-08-24T09:54:48.914+0000] {processor.py:914} INFO - Processing file /home/airflow/.local/lib/python3.12/site-packages/airflow/example_dags/example_time_delta_sensor_async.py for tasks to queue
[2024-08-24T09:54:48.917+0000] {logging_mixin.py:190} INFO - [2024-08-24T09:54:48.917+0000] {dagbag.py:587} INFO - Filling up the DagBag from /home/airflow/.local/lib/python3.12/site-packages/airflow/example_dags/example_time_delta_sensor_async.py
[2024-08-24T09:54:48.925+0000] {processor.py:925} INFO - DAG(s) 'example_time_delta_sensor_async' retrieved from /home/airflow/.local/lib/python3.12/site-packages/airflow/example_dags/example_time_delta_sensor_async.py
[2024-08-24T09:54:49.046+0000] {logging_mixin.py:190} INFO - [2024-08-24T09:54:49.045+0000] {override.py:1858} INFO - Created Permission View: can read on DAG:example_time_delta_sensor_async
[2024-08-24T09:54:49.058+0000] {logging_mixin.py:190} INFO - [2024-08-24T09:54:49.058+0000] {override.py:1858} INFO - Created Permission View: can delete on DAG:example_time_delta_sensor_async
[2024-08-24T09:54:49.066+0000] {logging_mixin.py:190} INFO - [2024-08-24T09:54:49.066+0000] {override.py:1858} INFO - Created Permission View: can edit on DAG:example_time_delta_sensor_async
[2024-08-24T09:54:49.067+0000] {logging_mixin.py:190} INFO - [2024-08-24T09:54:49.067+0000] {dag.py:3211} INFO - Sync 1 DAGs
[2024-08-24T09:54:49.082+0000] {logging_mixin.py:190} INFO - [2024-08-24T09:54:49.082+0000] {dag.py:3234} INFO - Creating ORM DAG for example_time_delta_sensor_async
[2024-08-24T09:54:49.084+0000] {logging_mixin.py:190} INFO - [2024-08-24T09:54:49.083+0000] {dag.py:4138} INFO - Setting next_dagrun for example_time_delta_sensor_async to None, run_after=None
[2024-08-24T09:54:49.102+0000] {processor.py:208} INFO - Processing /home/airflow/.local/lib/python3.12/site-packages/airflow/example_dags/example_time_delta_sensor_async.py took 0.196 seconds
[2024-08-24T09:55:19.789+0000] {processor.py:186} INFO - Started process (PID=161) to work on /home/airflow/.local/lib/python3.12/site-packages/airflow/example_dags/example_time_delta_sensor_async.py
[2024-08-24T09:55:19.790+0000] {processor.py:914} INFO - Processing file /home/airflow/.local/lib/python3.12/site-packages/airflow/example_dags/example_time_delta_sensor_async.py for tasks to queue
[2024-08-24T09:55:19.792+0000] {logging_mixin.py:190} INFO - [2024-08-24T09:55:19.792+0000] {dagbag.py:587} INFO - Filling up the DagBag from /home/airflow/.local/lib/python3.12/site-packages/airflow/example_dags/example_time_delta_sensor_async.py
[2024-08-24T09:55:19.797+0000] {processor.py:925} INFO - DAG(s) 'example_time_delta_sensor_async' retrieved from /home/airflow/.local/lib/python3.12/site-packages/airflow/example_dags/example_time_delta_sensor_async.py
[2024-08-24T09:55:19.813+0000] {logging_mixin.py:190} INFO - [2024-08-24T09:55:19.812+0000] {dag.py:3211} INFO - Sync 1 DAGs
[2024-08-24T09:55:19.830+0000] {logging_mixin.py:190} INFO - [2024-08-24T09:55:19.830+0000] {dag.py:4138} INFO - Setting next_dagrun for example_time_delta_sensor_async to None, run_after=None
[2024-08-24T09:55:19.847+0000] {processor.py:208} INFO - Processing /home/airflow/.local/lib/python3.12/site-packages/airflow/example_dags/example_time_delta_sensor_async.py took 0.063 seconds
[2024-08-24T09:55:50.035+0000] {processor.py:186} INFO - Started process (PID=223) to work on /home/airflow/.local/lib/python3.12/site-packages/airflow/example_dags/example_time_delta_sensor_async.py
[2024-08-24T09:55:50.036+0000] {processor.py:914} INFO - Processing file /home/airflow/.local/lib/python3.12/site-packages/airflow/example_dags/example_time_delta_sensor_async.py for tasks to queue
[2024-08-24T09:55:50.038+0000] {logging_mixin.py:190} INFO - [2024-08-24T09:55:50.038+0000] {dagbag.py:587} INFO - Filling up the DagBag from /home/airflow/.local/lib/python3.12/site-packages/airflow/example_dags/example_time_delta_sensor_async.py
[2024-08-24T09:55:50.044+0000] {processor.py:925} INFO - DAG(s) 'example_time_delta_sensor_async' retrieved from /home/airflow/.local/lib/python3.12/site-packages/airflow/example_dags/example_time_delta_sensor_async.py
[2024-08-24T09:55:50.060+0000] {logging_mixin.py:190} INFO - [2024-08-24T09:55:50.059+0000] {dag.py:3211} INFO - Sync 1 DAGs
[2024-08-24T09:55:50.070+0000] {logging_mixin.py:190} INFO - [2024-08-24T09:55:50.070+0000] {dag.py:4138} INFO - Setting next_dagrun for example_time_delta_sensor_async to None, run_after=None
[2024-08-24T09:55:50.089+0000] {processor.py:208} INFO - Processing /home/airflow/.local/lib/python3.12/site-packages/airflow/example_dags/example_time_delta_sensor_async.py took 0.058 seconds
[2024-08-24T09:56:20.245+0000] {processor.py:186} INFO - Started process (PID=285) to work on /home/airflow/.local/lib/python3.12/site-packages/airflow/example_dags/example_time_delta_sensor_async.py
[2024-08-24T09:56:20.246+0000] {processor.py:914} INFO - Processing file /home/airflow/.local/lib/python3.12/site-packages/airflow/example_dags/example_time_delta_sensor_async.py for tasks to queue
[2024-08-24T09:56:20.248+0000] {logging_mixin.py:190} INFO - [2024-08-24T09:56:20.248+0000] {dagbag.py:587} INFO - Filling up the DagBag from /home/airflow/.local/lib/python3.12/site-packages/airflow/example_dags/example_time_delta_sensor_async.py
[2024-08-24T09:56:20.253+0000] {processor.py:925} INFO - DAG(s) 'example_time_delta_sensor_async' retrieved from /home/airflow/.local/lib/python3.12/site-packages/airflow/example_dags/example_time_delta_sensor_async.py
[2024-08-24T09:56:20.269+0000] {logging_mixin.py:190} INFO - [2024-08-24T09:56:20.268+0000] {dag.py:3211} INFO - Sync 1 DAGs
[2024-08-24T09:56:20.279+0000] {logging_mixin.py:190} INFO - [2024-08-24T09:56:20.279+0000] {dag.py:4138} INFO - Setting next_dagrun for example_time_delta_sensor_async to None, run_after=None
[2024-08-24T09:56:20.298+0000] {processor.py:208} INFO - Processing /home/airflow/.local/lib/python3.12/site-packages/airflow/example_dags/example_time_delta_sensor_async.py took 0.057 seconds
[2024-08-24T09:56:51.936+0000] {processor.py:186} INFO - Started process (PID=347) to work on /home/airflow/.local/lib/python3.12/site-packages/airflow/example_dags/example_time_delta_sensor_async.py
[2024-08-24T09:56:51.938+0000] {processor.py:914} INFO - Processing file /home/airflow/.local/lib/python3.12/site-packages/airflow/example_dags/example_time_delta_sensor_async.py for tasks to queue
[2024-08-24T09:56:51.945+0000] {logging_mixin.py:190} INFO - [2024-08-24T09:56:51.944+0000] {dagbag.py:587} INFO - Filling up the DagBag from /home/airflow/.local/lib/python3.12/site-packages/airflow/example_dags/example_time_delta_sensor_async.py
[2024-08-24T09:56:51.962+0000] {processor.py:925} INFO - DAG(s) 'example_time_delta_sensor_async' retrieved from /home/airflow/.local/lib/python3.12/site-packages/airflow/example_dags/example_time_delta_sensor_async.py
[2024-08-24T09:56:52.007+0000] {logging_mixin.py:190} INFO - [2024-08-24T09:56:52.006+0000] {dag.py:3211} INFO - Sync 1 DAGs
[2024-08-24T09:56:52.046+0000] {logging_mixin.py:190} INFO - [2024-08-24T09:56:52.045+0000] {dag.py:4138} INFO - Setting next_dagrun for example_time_delta_sensor_async to None, run_after=None
[2024-08-24T09:56:52.096+0000] {processor.py:208} INFO - Processing /home/airflow/.local/lib/python3.12/site-packages/airflow/example_dags/example_time_delta_sensor_async.py took 0.175 seconds
[2024-08-24T09:57:22.541+0000] {processor.py:186} INFO - Started process (PID=409) to work on /home/airflow/.local/lib/python3.12/site-packages/airflow/example_dags/example_time_delta_sensor_async.py
[2024-08-24T09:57:22.542+0000] {processor.py:914} INFO - Processing file /home/airflow/.local/lib/python3.12/site-packages/airflow/example_dags/example_time_delta_sensor_async.py for tasks to queue
[2024-08-24T09:57:22.544+0000] {logging_mixin.py:190} INFO - [2024-08-24T09:57:22.544+0000] {dagbag.py:587} INFO - Filling up the DagBag from /home/airflow/.local/lib/python3.12/site-packages/airflow/example_dags/example_time_delta_sensor_async.py
[2024-08-24T09:57:22.550+0000] {processor.py:925} INFO - DAG(s) 'example_time_delta_sensor_async' retrieved from /home/airflow/.local/lib/python3.12/site-packages/airflow/example_dags/example_time_delta_sensor_async.py
[2024-08-24T09:57:22.566+0000] {logging_mixin.py:190} INFO - [2024-08-24T09:57:22.566+0000] {dag.py:3211} INFO - Sync 1 DAGs
[2024-08-24T09:57:22.577+0000] {logging_mixin.py:190} INFO - [2024-08-24T09:57:22.577+0000] {dag.py:4138} INFO - Setting next_dagrun for example_time_delta_sensor_async to None, run_after=None
[2024-08-24T09:57:22.597+0000] {processor.py:208} INFO - Processing /home/airflow/.local/lib/python3.12/site-packages/airflow/example_dags/example_time_delta_sensor_async.py took 0.060 seconds
[2024-08-24T09:57:52.733+0000] {processor.py:186} INFO - Started process (PID=471) to work on /home/airflow/.local/lib/python3.12/site-packages/airflow/example_dags/example_time_delta_sensor_async.py
[2024-08-24T09:57:52.734+0000] {processor.py:914} INFO - Processing file /home/airflow/.local/lib/python3.12/site-packages/airflow/example_dags/example_time_delta_sensor_async.py for tasks to queue
[2024-08-24T09:57:52.735+0000] {logging_mixin.py:190} INFO - [2024-08-24T09:57:52.735+0000] {dagbag.py:587} INFO - Filling up the DagBag from /home/airflow/.local/lib/python3.12/site-packages/airflow/example_dags/example_time_delta_sensor_async.py
[2024-08-24T09:57:52.741+0000] {processor.py:925} INFO - DAG(s) 'example_time_delta_sensor_async' retrieved from /home/airflow/.local/lib/python3.12/site-packages/airflow/example_dags/example_time_delta_sensor_async.py
[2024-08-24T09:57:52.758+0000] {logging_mixin.py:190} INFO - [2024-08-24T09:57:52.757+0000] {dag.py:3211} INFO - Sync 1 DAGs
[2024-08-24T09:57:52.769+0000] {logging_mixin.py:190} INFO - [2024-08-24T09:57:52.769+0000] {dag.py:4138} INFO - Setting next_dagrun for example_time_delta_sensor_async to None, run_after=None
[2024-08-24T09:57:52.787+0000] {processor.py:208} INFO - Processing /home/airflow/.local/lib/python3.12/site-packages/airflow/example_dags/example_time_delta_sensor_async.py took 0.059 seconds
