[2024-08-24T09:54:45.073+0000] {processor.py:186} INFO - Started process (PID=76) to work on /home/airflow/.local/lib/python3.12/site-packages/airflow/example_dags/example_datasets.py
[2024-08-24T09:54:45.075+0000] {processor.py:914} INFO - Processing file /home/airflow/.local/lib/python3.12/site-packages/airflow/example_dags/example_datasets.py for tasks to queue
[2024-08-24T09:54:45.077+0000] {logging_mixin.py:190} INFO - [2024-08-24T09:54:45.077+0000] {dagbag.py:587} INFO - Filling up the DagBag from /home/airflow/.local/lib/python3.12/site-packages/airflow/example_dags/example_datasets.py
[2024-08-24T09:54:45.251+0000] {processor.py:925} INFO - DAG(s) 'dataset_consumes_1_never_scheduled', 'dataset_consumes_1_and_2', 'dataset_consumes_1', 'dataset_produces_2', 'consume_1_or_2_with_dataset_expressions', 'consume_1_or_both_2_and_3_with_dataset_expressions', 'dataset_consumes_unknown_never_scheduled', 'dataset_produces_1', 'conditional_dataset_and_time_based_timetable', 'consume_1_and_2_with_dataset_expressions' retrieved from /home/airflow/.local/lib/python3.12/site-packages/airflow/example_dags/example_datasets.py
[2024-08-24T09:54:45.380+0000] {logging_mixin.py:190} INFO - [2024-08-24T09:54:45.379+0000] {override.py:1858} INFO - Created Permission View: can read on DAG:dataset_consumes_1_never_scheduled
[2024-08-24T09:54:45.396+0000] {logging_mixin.py:190} INFO - [2024-08-24T09:54:45.395+0000] {override.py:1858} INFO - Created Permission View: can delete on DAG:dataset_consumes_1_never_scheduled
[2024-08-24T09:54:45.404+0000] {logging_mixin.py:190} INFO - [2024-08-24T09:54:45.404+0000] {override.py:1858} INFO - Created Permission View: can edit on DAG:dataset_consumes_1_never_scheduled
[2024-08-24T09:54:45.419+0000] {logging_mixin.py:190} INFO - [2024-08-24T09:54:45.419+0000] {override.py:1858} INFO - Created Permission View: can read on DAG:dataset_consumes_1_and_2
[2024-08-24T09:54:45.428+0000] {logging_mixin.py:190} INFO - [2024-08-24T09:54:45.427+0000] {override.py:1858} INFO - Created Permission View: can delete on DAG:dataset_consumes_1_and_2
[2024-08-24T09:54:45.438+0000] {logging_mixin.py:190} INFO - [2024-08-24T09:54:45.438+0000] {override.py:1858} INFO - Created Permission View: can edit on DAG:dataset_consumes_1_and_2
[2024-08-24T09:54:45.452+0000] {logging_mixin.py:190} INFO - [2024-08-24T09:54:45.452+0000] {override.py:1858} INFO - Created Permission View: can read on DAG:dataset_consumes_1
[2024-08-24T09:54:45.461+0000] {logging_mixin.py:190} INFO - [2024-08-24T09:54:45.461+0000] {override.py:1858} INFO - Created Permission View: can delete on DAG:dataset_consumes_1
[2024-08-24T09:54:45.471+0000] {logging_mixin.py:190} INFO - [2024-08-24T09:54:45.471+0000] {override.py:1858} INFO - Created Permission View: can edit on DAG:dataset_consumes_1
[2024-08-24T09:54:45.490+0000] {logging_mixin.py:190} INFO - [2024-08-24T09:54:45.489+0000] {override.py:1858} INFO - Created Permission View: can read on DAG:dataset_produces_2
[2024-08-24T09:54:45.502+0000] {logging_mixin.py:190} INFO - [2024-08-24T09:54:45.502+0000] {override.py:1858} INFO - Created Permission View: can delete on DAG:dataset_produces_2
[2024-08-24T09:54:45.512+0000] {logging_mixin.py:190} INFO - [2024-08-24T09:54:45.511+0000] {override.py:1858} INFO - Created Permission View: can edit on DAG:dataset_produces_2
[2024-08-24T09:54:45.532+0000] {logging_mixin.py:190} INFO - [2024-08-24T09:54:45.531+0000] {override.py:1858} INFO - Created Permission View: can read on DAG:consume_1_or_2_with_dataset_expressions
[2024-08-24T09:54:45.541+0000] {logging_mixin.py:190} INFO - [2024-08-24T09:54:45.541+0000] {override.py:1858} INFO - Created Permission View: can delete on DAG:consume_1_or_2_with_dataset_expressions
[2024-08-24T09:54:45.557+0000] {logging_mixin.py:190} INFO - [2024-08-24T09:54:45.556+0000] {override.py:1858} INFO - Created Permission View: can edit on DAG:consume_1_or_2_with_dataset_expressions
[2024-08-24T09:54:45.574+0000] {logging_mixin.py:190} INFO - [2024-08-24T09:54:45.574+0000] {override.py:1858} INFO - Created Permission View: can read on DAG:consume_1_or_both_2_and_3_with_dataset_expressions
[2024-08-24T09:54:45.583+0000] {logging_mixin.py:190} INFO - [2024-08-24T09:54:45.582+0000] {override.py:1858} INFO - Created Permission View: can delete on DAG:consume_1_or_both_2_and_3_with_dataset_expressions
[2024-08-24T09:54:45.590+0000] {logging_mixin.py:190} INFO - [2024-08-24T09:54:45.589+0000] {override.py:1858} INFO - Created Permission View: can edit on DAG:consume_1_or_both_2_and_3_with_dataset_expressions
[2024-08-24T09:54:45.605+0000] {logging_mixin.py:190} INFO - [2024-08-24T09:54:45.604+0000] {override.py:1858} INFO - Created Permission View: can read on DAG:dataset_consumes_unknown_never_scheduled
[2024-08-24T09:54:45.613+0000] {logging_mixin.py:190} INFO - [2024-08-24T09:54:45.613+0000] {override.py:1858} INFO - Created Permission View: can delete on DAG:dataset_consumes_unknown_never_scheduled
[2024-08-24T09:54:45.621+0000] {logging_mixin.py:190} INFO - [2024-08-24T09:54:45.620+0000] {override.py:1858} INFO - Created Permission View: can edit on DAG:dataset_consumes_unknown_never_scheduled
[2024-08-24T09:54:45.635+0000] {logging_mixin.py:190} INFO - [2024-08-24T09:54:45.634+0000] {override.py:1858} INFO - Created Permission View: can read on DAG:dataset_produces_1
[2024-08-24T09:54:45.644+0000] {logging_mixin.py:190} INFO - [2024-08-24T09:54:45.644+0000] {override.py:1858} INFO - Created Permission View: can delete on DAG:dataset_produces_1
[2024-08-24T09:54:45.652+0000] {logging_mixin.py:190} INFO - [2024-08-24T09:54:45.652+0000] {override.py:1858} INFO - Created Permission View: can edit on DAG:dataset_produces_1
[2024-08-24T09:54:45.666+0000] {logging_mixin.py:190} INFO - [2024-08-24T09:54:45.665+0000] {override.py:1858} INFO - Created Permission View: can read on DAG:conditional_dataset_and_time_based_timetable
[2024-08-24T09:54:45.673+0000] {logging_mixin.py:190} INFO - [2024-08-24T09:54:45.673+0000] {override.py:1858} INFO - Created Permission View: can delete on DAG:conditional_dataset_and_time_based_timetable
[2024-08-24T09:54:45.680+0000] {logging_mixin.py:190} INFO - [2024-08-24T09:54:45.680+0000] {override.py:1858} INFO - Created Permission View: can edit on DAG:conditional_dataset_and_time_based_timetable
[2024-08-24T09:54:45.694+0000] {logging_mixin.py:190} INFO - [2024-08-24T09:54:45.694+0000] {override.py:1858} INFO - Created Permission View: can read on DAG:consume_1_and_2_with_dataset_expressions
[2024-08-24T09:54:45.702+0000] {logging_mixin.py:190} INFO - [2024-08-24T09:54:45.701+0000] {override.py:1858} INFO - Created Permission View: can delete on DAG:consume_1_and_2_with_dataset_expressions
[2024-08-24T09:54:45.709+0000] {logging_mixin.py:190} INFO - [2024-08-24T09:54:45.709+0000] {override.py:1858} INFO - Created Permission View: can edit on DAG:consume_1_and_2_with_dataset_expressions
[2024-08-24T09:54:45.710+0000] {logging_mixin.py:190} INFO - [2024-08-24T09:54:45.710+0000] {dag.py:3211} INFO - Sync 10 DAGs
[2024-08-24T09:54:45.723+0000] {logging_mixin.py:190} INFO - [2024-08-24T09:54:45.723+0000] {dag.py:3234} INFO - Creating ORM DAG for dataset_consumes_1_never_scheduled
[2024-08-24T09:54:45.724+0000] {logging_mixin.py:190} INFO - [2024-08-24T09:54:45.724+0000] {dag.py:3234} INFO - Creating ORM DAG for dataset_consumes_1
[2024-08-24T09:54:45.725+0000] {logging_mixin.py:190} INFO - [2024-08-24T09:54:45.725+0000] {dag.py:3234} INFO - Creating ORM DAG for conditional_dataset_and_time_based_timetable
[2024-08-24T09:54:45.727+0000] {logging_mixin.py:190} INFO - [2024-08-24T09:54:45.726+0000] {dag.py:3234} INFO - Creating ORM DAG for dataset_produces_2
[2024-08-24T09:54:45.727+0000] {logging_mixin.py:190} INFO - [2024-08-24T09:54:45.727+0000] {dag.py:3234} INFO - Creating ORM DAG for consume_1_or_2_with_dataset_expressions
[2024-08-24T09:54:45.728+0000] {logging_mixin.py:190} INFO - [2024-08-24T09:54:45.728+0000] {dag.py:3234} INFO - Creating ORM DAG for dataset_consumes_unknown_never_scheduled
[2024-08-24T09:54:45.729+0000] {logging_mixin.py:190} INFO - [2024-08-24T09:54:45.729+0000] {dag.py:3234} INFO - Creating ORM DAG for consume_1_and_2_with_dataset_expressions
[2024-08-24T09:54:45.730+0000] {logging_mixin.py:190} INFO - [2024-08-24T09:54:45.730+0000] {dag.py:3234} INFO - Creating ORM DAG for consume_1_or_both_2_and_3_with_dataset_expressions
[2024-08-24T09:54:45.731+0000] {logging_mixin.py:190} INFO - [2024-08-24T09:54:45.731+0000] {dag.py:3234} INFO - Creating ORM DAG for dataset_produces_1
[2024-08-24T09:54:45.732+0000] {logging_mixin.py:190} INFO - [2024-08-24T09:54:45.732+0000] {dag.py:3234} INFO - Creating ORM DAG for dataset_consumes_1_and_2
[2024-08-24T09:54:45.742+0000] {logging_mixin.py:190} INFO - [2024-08-24T09:54:45.742+0000] {dag.py:4138} INFO - Setting next_dagrun for conditional_dataset_and_time_based_timetable to 2024-08-21 01:00:00+00:00, run_after=2024-08-21 01:00:00+00:00
[2024-08-24T09:54:45.744+0000] {logging_mixin.py:190} INFO - [2024-08-24T09:54:45.743+0000] {dag.py:4138} INFO - Setting next_dagrun for consume_1_and_2_with_dataset_expressions to None, run_after=None
[2024-08-24T09:54:45.744+0000] {logging_mixin.py:190} INFO - [2024-08-24T09:54:45.744+0000] {dag.py:4138} INFO - Setting next_dagrun for consume_1_or_2_with_dataset_expressions to None, run_after=None
[2024-08-24T09:54:45.745+0000] {logging_mixin.py:190} INFO - [2024-08-24T09:54:45.745+0000] {dag.py:4138} INFO - Setting next_dagrun for consume_1_or_both_2_and_3_with_dataset_expressions to None, run_after=None
[2024-08-24T09:54:45.745+0000] {logging_mixin.py:190} INFO - [2024-08-24T09:54:45.745+0000] {dag.py:4138} INFO - Setting next_dagrun for dataset_consumes_1 to None, run_after=None
[2024-08-24T09:54:45.747+0000] {logging_mixin.py:190} INFO - [2024-08-24T09:54:45.746+0000] {dag.py:4138} INFO - Setting next_dagrun for dataset_consumes_1_and_2 to None, run_after=None
[2024-08-24T09:54:45.748+0000] {logging_mixin.py:190} INFO - [2024-08-24T09:54:45.748+0000] {dag.py:4138} INFO - Setting next_dagrun for dataset_consumes_1_never_scheduled to None, run_after=None
[2024-08-24T09:54:45.748+0000] {logging_mixin.py:190} INFO - [2024-08-24T09:54:45.748+0000] {dag.py:4138} INFO - Setting next_dagrun for dataset_consumes_unknown_never_scheduled to None, run_after=None
[2024-08-24T09:54:45.750+0000] {logging_mixin.py:190} INFO - [2024-08-24T09:54:45.750+0000] {dag.py:4138} INFO - Setting next_dagrun for dataset_produces_1 to 2024-08-23 00:00:00+00:00, run_after=2024-08-24 00:00:00+00:00
[2024-08-24T09:54:45.752+0000] {logging_mixin.py:190} INFO - [2024-08-24T09:54:45.752+0000] {dag.py:4138} INFO - Setting next_dagrun for dataset_produces_2 to None, run_after=None
[2024-08-24T09:54:45.816+0000] {processor.py:208} INFO - Processing /home/airflow/.local/lib/python3.12/site-packages/airflow/example_dags/example_datasets.py took 0.750 seconds
[2024-08-24T09:55:16.133+0000] {processor.py:186} INFO - Started process (PID=138) to work on /home/airflow/.local/lib/python3.12/site-packages/airflow/example_dags/example_datasets.py
[2024-08-24T09:55:16.134+0000] {processor.py:914} INFO - Processing file /home/airflow/.local/lib/python3.12/site-packages/airflow/example_dags/example_datasets.py for tasks to queue
[2024-08-24T09:55:16.137+0000] {logging_mixin.py:190} INFO - [2024-08-24T09:55:16.136+0000] {dagbag.py:587} INFO - Filling up the DagBag from /home/airflow/.local/lib/python3.12/site-packages/airflow/example_dags/example_datasets.py
[2024-08-24T09:55:16.263+0000] {processor.py:925} INFO - DAG(s) 'dataset_consumes_1_and_2', 'consume_1_and_2_with_dataset_expressions', 'dataset_produces_1', 'dataset_consumes_1_never_scheduled', 'dataset_consumes_1', 'conditional_dataset_and_time_based_timetable', 'consume_1_or_both_2_and_3_with_dataset_expressions', 'dataset_consumes_unknown_never_scheduled', 'consume_1_or_2_with_dataset_expressions', 'dataset_produces_2' retrieved from /home/airflow/.local/lib/python3.12/site-packages/airflow/example_dags/example_datasets.py
[2024-08-24T09:55:16.315+0000] {logging_mixin.py:190} INFO - [2024-08-24T09:55:16.315+0000] {dag.py:3211} INFO - Sync 10 DAGs
[2024-08-24T09:55:16.335+0000] {logging_mixin.py:190} INFO - [2024-08-24T09:55:16.334+0000] {dag.py:4138} INFO - Setting next_dagrun for conditional_dataset_and_time_based_timetable to 2024-08-21 01:00:00+00:00, run_after=2024-08-21 01:00:00+00:00
[2024-08-24T09:55:16.338+0000] {logging_mixin.py:190} INFO - [2024-08-24T09:55:16.338+0000] {dag.py:4138} INFO - Setting next_dagrun for consume_1_and_2_with_dataset_expressions to None, run_after=None
[2024-08-24T09:55:16.339+0000] {logging_mixin.py:190} INFO - [2024-08-24T09:55:16.339+0000] {dag.py:4138} INFO - Setting next_dagrun for consume_1_or_2_with_dataset_expressions to None, run_after=None
[2024-08-24T09:55:16.341+0000] {logging_mixin.py:190} INFO - [2024-08-24T09:55:16.341+0000] {dag.py:4138} INFO - Setting next_dagrun for consume_1_or_both_2_and_3_with_dataset_expressions to None, run_after=None
[2024-08-24T09:55:16.342+0000] {logging_mixin.py:190} INFO - [2024-08-24T09:55:16.342+0000] {dag.py:4138} INFO - Setting next_dagrun for dataset_consumes_1 to None, run_after=None
[2024-08-24T09:55:16.344+0000] {logging_mixin.py:190} INFO - [2024-08-24T09:55:16.344+0000] {dag.py:4138} INFO - Setting next_dagrun for dataset_consumes_1_and_2 to None, run_after=None
[2024-08-24T09:55:16.345+0000] {logging_mixin.py:190} INFO - [2024-08-24T09:55:16.345+0000] {dag.py:4138} INFO - Setting next_dagrun for dataset_consumes_1_never_scheduled to None, run_after=None
[2024-08-24T09:55:16.346+0000] {logging_mixin.py:190} INFO - [2024-08-24T09:55:16.346+0000] {dag.py:4138} INFO - Setting next_dagrun for dataset_consumes_unknown_never_scheduled to None, run_after=None
[2024-08-24T09:55:16.349+0000] {logging_mixin.py:190} INFO - [2024-08-24T09:55:16.349+0000] {dag.py:4138} INFO - Setting next_dagrun for dataset_produces_1 to 2024-08-23 00:00:00+00:00, run_after=2024-08-24 00:00:00+00:00
[2024-08-24T09:55:16.350+0000] {logging_mixin.py:190} INFO - [2024-08-24T09:55:16.350+0000] {dag.py:4138} INFO - Setting next_dagrun for dataset_produces_2 to None, run_after=None
[2024-08-24T09:55:16.378+0000] {processor.py:208} INFO - Processing /home/airflow/.local/lib/python3.12/site-packages/airflow/example_dags/example_datasets.py took 0.249 seconds
[2024-08-24T09:55:46.679+0000] {processor.py:186} INFO - Started process (PID=200) to work on /home/airflow/.local/lib/python3.12/site-packages/airflow/example_dags/example_datasets.py
[2024-08-24T09:55:46.680+0000] {processor.py:914} INFO - Processing file /home/airflow/.local/lib/python3.12/site-packages/airflow/example_dags/example_datasets.py for tasks to queue
[2024-08-24T09:55:46.682+0000] {logging_mixin.py:190} INFO - [2024-08-24T09:55:46.682+0000] {dagbag.py:587} INFO - Filling up the DagBag from /home/airflow/.local/lib/python3.12/site-packages/airflow/example_dags/example_datasets.py
[2024-08-24T09:55:46.789+0000] {processor.py:925} INFO - DAG(s) 'dataset_consumes_1', 'consume_1_or_2_with_dataset_expressions', 'consume_1_or_both_2_and_3_with_dataset_expressions', 'dataset_produces_2', 'conditional_dataset_and_time_based_timetable', 'dataset_produces_1', 'dataset_consumes_1_and_2', 'dataset_consumes_1_never_scheduled', 'dataset_consumes_unknown_never_scheduled', 'consume_1_and_2_with_dataset_expressions' retrieved from /home/airflow/.local/lib/python3.12/site-packages/airflow/example_dags/example_datasets.py
[2024-08-24T09:55:46.826+0000] {logging_mixin.py:190} INFO - [2024-08-24T09:55:46.825+0000] {dag.py:3211} INFO - Sync 10 DAGs
[2024-08-24T09:55:46.848+0000] {logging_mixin.py:190} INFO - [2024-08-24T09:55:46.847+0000] {dag.py:4138} INFO - Setting next_dagrun for conditional_dataset_and_time_based_timetable to 2024-08-21 01:00:00+00:00, run_after=2024-08-21 01:00:00+00:00
[2024-08-24T09:55:46.851+0000] {logging_mixin.py:190} INFO - [2024-08-24T09:55:46.851+0000] {dag.py:4138} INFO - Setting next_dagrun for consume_1_and_2_with_dataset_expressions to None, run_after=None
[2024-08-24T09:55:46.852+0000] {logging_mixin.py:190} INFO - [2024-08-24T09:55:46.852+0000] {dag.py:4138} INFO - Setting next_dagrun for consume_1_or_2_with_dataset_expressions to None, run_after=None
[2024-08-24T09:55:46.853+0000] {logging_mixin.py:190} INFO - [2024-08-24T09:55:46.853+0000] {dag.py:4138} INFO - Setting next_dagrun for consume_1_or_both_2_and_3_with_dataset_expressions to None, run_after=None
[2024-08-24T09:55:46.855+0000] {logging_mixin.py:190} INFO - [2024-08-24T09:55:46.854+0000] {dag.py:4138} INFO - Setting next_dagrun for dataset_consumes_1 to None, run_after=None
[2024-08-24T09:55:46.856+0000] {logging_mixin.py:190} INFO - [2024-08-24T09:55:46.856+0000] {dag.py:4138} INFO - Setting next_dagrun for dataset_consumes_1_and_2 to None, run_after=None
[2024-08-24T09:55:46.857+0000] {logging_mixin.py:190} INFO - [2024-08-24T09:55:46.857+0000] {dag.py:4138} INFO - Setting next_dagrun for dataset_consumes_1_never_scheduled to None, run_after=None
[2024-08-24T09:55:46.858+0000] {logging_mixin.py:190} INFO - [2024-08-24T09:55:46.858+0000] {dag.py:4138} INFO - Setting next_dagrun for dataset_consumes_unknown_never_scheduled to None, run_after=None
[2024-08-24T09:55:46.860+0000] {logging_mixin.py:190} INFO - [2024-08-24T09:55:46.860+0000] {dag.py:4138} INFO - Setting next_dagrun for dataset_produces_1 to 2024-08-23 00:00:00+00:00, run_after=2024-08-24 00:00:00+00:00
[2024-08-24T09:55:46.862+0000] {logging_mixin.py:190} INFO - [2024-08-24T09:55:46.862+0000] {dag.py:4138} INFO - Setting next_dagrun for dataset_produces_2 to None, run_after=None
[2024-08-24T09:55:46.893+0000] {processor.py:208} INFO - Processing /home/airflow/.local/lib/python3.12/site-packages/airflow/example_dags/example_datasets.py took 0.217 seconds
[2024-08-24T09:56:17.027+0000] {processor.py:186} INFO - Started process (PID=262) to work on /home/airflow/.local/lib/python3.12/site-packages/airflow/example_dags/example_datasets.py
[2024-08-24T09:56:17.028+0000] {processor.py:914} INFO - Processing file /home/airflow/.local/lib/python3.12/site-packages/airflow/example_dags/example_datasets.py for tasks to queue
[2024-08-24T09:56:17.030+0000] {logging_mixin.py:190} INFO - [2024-08-24T09:56:17.030+0000] {dagbag.py:587} INFO - Filling up the DagBag from /home/airflow/.local/lib/python3.12/site-packages/airflow/example_dags/example_datasets.py
[2024-08-24T09:56:17.136+0000] {processor.py:925} INFO - DAG(s) 'dataset_consumes_1_never_scheduled', 'dataset_produces_2', 'consume_1_and_2_with_dataset_expressions', 'consume_1_or_2_with_dataset_expressions', 'dataset_consumes_unknown_never_scheduled', 'dataset_consumes_1_and_2', 'consume_1_or_both_2_and_3_with_dataset_expressions', 'conditional_dataset_and_time_based_timetable', 'dataset_consumes_1', 'dataset_produces_1' retrieved from /home/airflow/.local/lib/python3.12/site-packages/airflow/example_dags/example_datasets.py
[2024-08-24T09:56:17.170+0000] {logging_mixin.py:190} INFO - [2024-08-24T09:56:17.170+0000] {dag.py:3211} INFO - Sync 10 DAGs
[2024-08-24T09:56:17.191+0000] {logging_mixin.py:190} INFO - [2024-08-24T09:56:17.191+0000] {dag.py:4138} INFO - Setting next_dagrun for conditional_dataset_and_time_based_timetable to 2024-08-21 01:00:00+00:00, run_after=2024-08-21 01:00:00+00:00
[2024-08-24T09:56:17.194+0000] {logging_mixin.py:190} INFO - [2024-08-24T09:56:17.194+0000] {dag.py:4138} INFO - Setting next_dagrun for consume_1_and_2_with_dataset_expressions to None, run_after=None
[2024-08-24T09:56:17.195+0000] {logging_mixin.py:190} INFO - [2024-08-24T09:56:17.195+0000] {dag.py:4138} INFO - Setting next_dagrun for consume_1_or_2_with_dataset_expressions to None, run_after=None
[2024-08-24T09:56:17.196+0000] {logging_mixin.py:190} INFO - [2024-08-24T09:56:17.196+0000] {dag.py:4138} INFO - Setting next_dagrun for consume_1_or_both_2_and_3_with_dataset_expressions to None, run_after=None
[2024-08-24T09:56:17.198+0000] {logging_mixin.py:190} INFO - [2024-08-24T09:56:17.197+0000] {dag.py:4138} INFO - Setting next_dagrun for dataset_consumes_1 to None, run_after=None
[2024-08-24T09:56:17.199+0000] {logging_mixin.py:190} INFO - [2024-08-24T09:56:17.198+0000] {dag.py:4138} INFO - Setting next_dagrun for dataset_consumes_1_and_2 to None, run_after=None
[2024-08-24T09:56:17.200+0000] {logging_mixin.py:190} INFO - [2024-08-24T09:56:17.199+0000] {dag.py:4138} INFO - Setting next_dagrun for dataset_consumes_1_never_scheduled to None, run_after=None
[2024-08-24T09:56:17.201+0000] {logging_mixin.py:190} INFO - [2024-08-24T09:56:17.201+0000] {dag.py:4138} INFO - Setting next_dagrun for dataset_consumes_unknown_never_scheduled to None, run_after=None
[2024-08-24T09:56:17.203+0000] {logging_mixin.py:190} INFO - [2024-08-24T09:56:17.203+0000] {dag.py:4138} INFO - Setting next_dagrun for dataset_produces_1 to 2024-08-23 00:00:00+00:00, run_after=2024-08-24 00:00:00+00:00
[2024-08-24T09:56:17.204+0000] {logging_mixin.py:190} INFO - [2024-08-24T09:56:17.204+0000] {dag.py:4138} INFO - Setting next_dagrun for dataset_produces_2 to None, run_after=None
[2024-08-24T09:56:17.233+0000] {processor.py:208} INFO - Processing /home/airflow/.local/lib/python3.12/site-packages/airflow/example_dags/example_datasets.py took 0.210 seconds
[2024-08-24T09:56:47.335+0000] {processor.py:186} INFO - Started process (PID=325) to work on /home/airflow/.local/lib/python3.12/site-packages/airflow/example_dags/example_datasets.py
[2024-08-24T09:56:47.336+0000] {processor.py:914} INFO - Processing file /home/airflow/.local/lib/python3.12/site-packages/airflow/example_dags/example_datasets.py for tasks to queue
[2024-08-24T09:56:47.339+0000] {logging_mixin.py:190} INFO - [2024-08-24T09:56:47.338+0000] {dagbag.py:587} INFO - Filling up the DagBag from /home/airflow/.local/lib/python3.12/site-packages/airflow/example_dags/example_datasets.py
[2024-08-24T09:56:47.446+0000] {processor.py:925} INFO - DAG(s) 'dataset_produces_1', 'consume_1_and_2_with_dataset_expressions', 'dataset_consumes_1_never_scheduled', 'dataset_consumes_1', 'dataset_produces_2', 'dataset_consumes_1_and_2', 'consume_1_or_both_2_and_3_with_dataset_expressions', 'conditional_dataset_and_time_based_timetable', 'dataset_consumes_unknown_never_scheduled', 'consume_1_or_2_with_dataset_expressions' retrieved from /home/airflow/.local/lib/python3.12/site-packages/airflow/example_dags/example_datasets.py
[2024-08-24T09:56:47.483+0000] {logging_mixin.py:190} INFO - [2024-08-24T09:56:47.483+0000] {dag.py:3211} INFO - Sync 10 DAGs
[2024-08-24T09:56:47.505+0000] {logging_mixin.py:190} INFO - [2024-08-24T09:56:47.505+0000] {dag.py:4138} INFO - Setting next_dagrun for conditional_dataset_and_time_based_timetable to 2024-08-21 01:00:00+00:00, run_after=2024-08-21 01:00:00+00:00
[2024-08-24T09:56:47.509+0000] {logging_mixin.py:190} INFO - [2024-08-24T09:56:47.509+0000] {dag.py:4138} INFO - Setting next_dagrun for consume_1_and_2_with_dataset_expressions to None, run_after=None
[2024-08-24T09:56:47.512+0000] {logging_mixin.py:190} INFO - [2024-08-24T09:56:47.511+0000] {dag.py:4138} INFO - Setting next_dagrun for consume_1_or_2_with_dataset_expressions to None, run_after=None
[2024-08-24T09:56:47.513+0000] {logging_mixin.py:190} INFO - [2024-08-24T09:56:47.513+0000] {dag.py:4138} INFO - Setting next_dagrun for consume_1_or_both_2_and_3_with_dataset_expressions to None, run_after=None
[2024-08-24T09:56:47.515+0000] {logging_mixin.py:190} INFO - [2024-08-24T09:56:47.514+0000] {dag.py:4138} INFO - Setting next_dagrun for dataset_consumes_1 to None, run_after=None
[2024-08-24T09:56:47.516+0000] {logging_mixin.py:190} INFO - [2024-08-24T09:56:47.516+0000] {dag.py:4138} INFO - Setting next_dagrun for dataset_consumes_1_and_2 to None, run_after=None
[2024-08-24T09:56:47.517+0000] {logging_mixin.py:190} INFO - [2024-08-24T09:56:47.517+0000] {dag.py:4138} INFO - Setting next_dagrun for dataset_consumes_1_never_scheduled to None, run_after=None
[2024-08-24T09:56:47.519+0000] {logging_mixin.py:190} INFO - [2024-08-24T09:56:47.519+0000] {dag.py:4138} INFO - Setting next_dagrun for dataset_consumes_unknown_never_scheduled to None, run_after=None
[2024-08-24T09:56:47.521+0000] {logging_mixin.py:190} INFO - [2024-08-24T09:56:47.521+0000] {dag.py:4138} INFO - Setting next_dagrun for dataset_produces_1 to 2024-08-23 00:00:00+00:00, run_after=2024-08-24 00:00:00+00:00
[2024-08-24T09:56:47.523+0000] {logging_mixin.py:190} INFO - [2024-08-24T09:56:47.523+0000] {dag.py:4138} INFO - Setting next_dagrun for dataset_produces_2 to None, run_after=None
[2024-08-24T09:56:47.558+0000] {processor.py:208} INFO - Processing /home/airflow/.local/lib/python3.12/site-packages/airflow/example_dags/example_datasets.py took 0.229 seconds
[2024-08-24T09:57:17.646+0000] {processor.py:186} INFO - Started process (PID=386) to work on /home/airflow/.local/lib/python3.12/site-packages/airflow/example_dags/example_datasets.py
[2024-08-24T09:57:17.647+0000] {processor.py:914} INFO - Processing file /home/airflow/.local/lib/python3.12/site-packages/airflow/example_dags/example_datasets.py for tasks to queue
[2024-08-24T09:57:17.649+0000] {logging_mixin.py:190} INFO - [2024-08-24T09:57:17.648+0000] {dagbag.py:587} INFO - Filling up the DagBag from /home/airflow/.local/lib/python3.12/site-packages/airflow/example_dags/example_datasets.py
[2024-08-24T09:57:17.800+0000] {processor.py:925} INFO - DAG(s) 'dataset_consumes_1_never_scheduled', 'dataset_consumes_1', 'dataset_produces_1', 'dataset_produces_2', 'conditional_dataset_and_time_based_timetable', 'dataset_consumes_1_and_2', 'consume_1_or_both_2_and_3_with_dataset_expressions', 'dataset_consumes_unknown_never_scheduled', 'consume_1_or_2_with_dataset_expressions', 'consume_1_and_2_with_dataset_expressions' retrieved from /home/airflow/.local/lib/python3.12/site-packages/airflow/example_dags/example_datasets.py
[2024-08-24T09:57:17.846+0000] {logging_mixin.py:190} INFO - [2024-08-24T09:57:17.845+0000] {dag.py:3211} INFO - Sync 10 DAGs
[2024-08-24T09:57:17.869+0000] {logging_mixin.py:190} INFO - [2024-08-24T09:57:17.868+0000] {dag.py:4138} INFO - Setting next_dagrun for conditional_dataset_and_time_based_timetable to 2024-08-21 01:00:00+00:00, run_after=2024-08-21 01:00:00+00:00
[2024-08-24T09:57:17.874+0000] {logging_mixin.py:190} INFO - [2024-08-24T09:57:17.873+0000] {dag.py:4138} INFO - Setting next_dagrun for consume_1_and_2_with_dataset_expressions to None, run_after=None
[2024-08-24T09:57:17.875+0000] {logging_mixin.py:190} INFO - [2024-08-24T09:57:17.875+0000] {dag.py:4138} INFO - Setting next_dagrun for consume_1_or_2_with_dataset_expressions to None, run_after=None
[2024-08-24T09:57:17.877+0000] {logging_mixin.py:190} INFO - [2024-08-24T09:57:17.877+0000] {dag.py:4138} INFO - Setting next_dagrun for consume_1_or_both_2_and_3_with_dataset_expressions to None, run_after=None
[2024-08-24T09:57:17.878+0000] {logging_mixin.py:190} INFO - [2024-08-24T09:57:17.878+0000] {dag.py:4138} INFO - Setting next_dagrun for dataset_consumes_1 to None, run_after=None
[2024-08-24T09:57:17.880+0000] {logging_mixin.py:190} INFO - [2024-08-24T09:57:17.879+0000] {dag.py:4138} INFO - Setting next_dagrun for dataset_consumes_1_and_2 to None, run_after=None
[2024-08-24T09:57:17.881+0000] {logging_mixin.py:190} INFO - [2024-08-24T09:57:17.881+0000] {dag.py:4138} INFO - Setting next_dagrun for dataset_consumes_1_never_scheduled to None, run_after=None
[2024-08-24T09:57:17.882+0000] {logging_mixin.py:190} INFO - [2024-08-24T09:57:17.882+0000] {dag.py:4138} INFO - Setting next_dagrun for dataset_consumes_unknown_never_scheduled to None, run_after=None
[2024-08-24T09:57:17.884+0000] {logging_mixin.py:190} INFO - [2024-08-24T09:57:17.884+0000] {dag.py:4138} INFO - Setting next_dagrun for dataset_produces_1 to 2024-08-23 00:00:00+00:00, run_after=2024-08-24 00:00:00+00:00
[2024-08-24T09:57:17.885+0000] {logging_mixin.py:190} INFO - [2024-08-24T09:57:17.885+0000] {dag.py:4138} INFO - Setting next_dagrun for dataset_produces_2 to None, run_after=None
[2024-08-24T09:57:17.919+0000] {processor.py:208} INFO - Processing /home/airflow/.local/lib/python3.12/site-packages/airflow/example_dags/example_datasets.py took 0.278 seconds
[2024-08-24T09:57:48.298+0000] {processor.py:186} INFO - Started process (PID=448) to work on /home/airflow/.local/lib/python3.12/site-packages/airflow/example_dags/example_datasets.py
[2024-08-24T09:57:48.299+0000] {processor.py:914} INFO - Processing file /home/airflow/.local/lib/python3.12/site-packages/airflow/example_dags/example_datasets.py for tasks to queue
[2024-08-24T09:57:48.301+0000] {logging_mixin.py:190} INFO - [2024-08-24T09:57:48.301+0000] {dagbag.py:587} INFO - Filling up the DagBag from /home/airflow/.local/lib/python3.12/site-packages/airflow/example_dags/example_datasets.py
[2024-08-24T09:57:48.440+0000] {processor.py:925} INFO - DAG(s) 'consume_1_or_both_2_and_3_with_dataset_expressions', 'dataset_consumes_unknown_never_scheduled', 'consume_1_and_2_with_dataset_expressions', 'dataset_consumes_1_never_scheduled', 'dataset_consumes_1_and_2', 'dataset_produces_1', 'consume_1_or_2_with_dataset_expressions', 'dataset_produces_2', 'dataset_consumes_1', 'conditional_dataset_and_time_based_timetable' retrieved from /home/airflow/.local/lib/python3.12/site-packages/airflow/example_dags/example_datasets.py
[2024-08-24T09:57:48.478+0000] {logging_mixin.py:190} INFO - [2024-08-24T09:57:48.478+0000] {dag.py:3211} INFO - Sync 10 DAGs
[2024-08-24T09:57:48.499+0000] {logging_mixin.py:190} INFO - [2024-08-24T09:57:48.499+0000] {dag.py:4138} INFO - Setting next_dagrun for conditional_dataset_and_time_based_timetable to 2024-08-21 01:00:00+00:00, run_after=2024-08-21 01:00:00+00:00
[2024-08-24T09:57:48.502+0000] {logging_mixin.py:190} INFO - [2024-08-24T09:57:48.502+0000] {dag.py:4138} INFO - Setting next_dagrun for consume_1_and_2_with_dataset_expressions to None, run_after=None
[2024-08-24T09:57:48.504+0000] {logging_mixin.py:190} INFO - [2024-08-24T09:57:48.504+0000] {dag.py:4138} INFO - Setting next_dagrun for consume_1_or_2_with_dataset_expressions to None, run_after=None
[2024-08-24T09:57:48.505+0000] {logging_mixin.py:190} INFO - [2024-08-24T09:57:48.505+0000] {dag.py:4138} INFO - Setting next_dagrun for consume_1_or_both_2_and_3_with_dataset_expressions to None, run_after=None
[2024-08-24T09:57:48.507+0000] {logging_mixin.py:190} INFO - [2024-08-24T09:57:48.507+0000] {dag.py:4138} INFO - Setting next_dagrun for dataset_consumes_1 to None, run_after=None
[2024-08-24T09:57:48.508+0000] {logging_mixin.py:190} INFO - [2024-08-24T09:57:48.508+0000] {dag.py:4138} INFO - Setting next_dagrun for dataset_consumes_1_and_2 to None, run_after=None
[2024-08-24T09:57:48.509+0000] {logging_mixin.py:190} INFO - [2024-08-24T09:57:48.509+0000] {dag.py:4138} INFO - Setting next_dagrun for dataset_consumes_1_never_scheduled to None, run_after=None
[2024-08-24T09:57:48.511+0000] {logging_mixin.py:190} INFO - [2024-08-24T09:57:48.511+0000] {dag.py:4138} INFO - Setting next_dagrun for dataset_consumes_unknown_never_scheduled to None, run_after=None
[2024-08-24T09:57:48.513+0000] {logging_mixin.py:190} INFO - [2024-08-24T09:57:48.513+0000] {dag.py:4138} INFO - Setting next_dagrun for dataset_produces_1 to 2024-08-23 00:00:00+00:00, run_after=2024-08-24 00:00:00+00:00
[2024-08-24T09:57:48.515+0000] {logging_mixin.py:190} INFO - [2024-08-24T09:57:48.514+0000] {dag.py:4138} INFO - Setting next_dagrun for dataset_produces_2 to None, run_after=None
[2024-08-24T09:57:48.546+0000] {processor.py:208} INFO - Processing /home/airflow/.local/lib/python3.12/site-packages/airflow/example_dags/example_datasets.py took 0.253 seconds
[2024-08-24T09:58:18.648+0000] {processor.py:186} INFO - Started process (PID=510) to work on /home/airflow/.local/lib/python3.12/site-packages/airflow/example_dags/example_datasets.py
[2024-08-24T09:58:18.650+0000] {processor.py:914} INFO - Processing file /home/airflow/.local/lib/python3.12/site-packages/airflow/example_dags/example_datasets.py for tasks to queue
[2024-08-24T09:58:18.653+0000] {logging_mixin.py:190} INFO - [2024-08-24T09:58:18.653+0000] {dagbag.py:587} INFO - Filling up the DagBag from /home/airflow/.local/lib/python3.12/site-packages/airflow/example_dags/example_datasets.py
[2024-08-24T09:58:18.958+0000] {processor.py:925} INFO - DAG(s) 'consume_1_or_both_2_and_3_with_dataset_expressions', 'dataset_consumes_unknown_never_scheduled', 'dataset_consumes_1_and_2', 'dataset_consumes_1', 'consume_1_and_2_with_dataset_expressions', 'dataset_produces_1', 'dataset_produces_2', 'consume_1_or_2_with_dataset_expressions', 'conditional_dataset_and_time_based_timetable', 'dataset_consumes_1_never_scheduled' retrieved from /home/airflow/.local/lib/python3.12/site-packages/airflow/example_dags/example_datasets.py
[2024-08-24T09:58:19.049+0000] {logging_mixin.py:190} INFO - [2024-08-24T09:58:19.049+0000] {dag.py:3211} INFO - Sync 10 DAGs
[2024-08-24T09:58:19.102+0000] {logging_mixin.py:190} INFO - [2024-08-24T09:58:19.102+0000] {dag.py:4138} INFO - Setting next_dagrun for conditional_dataset_and_time_based_timetable to 2024-08-21 01:00:00+00:00, run_after=2024-08-21 01:00:00+00:00
[2024-08-24T09:58:19.111+0000] {logging_mixin.py:190} INFO - [2024-08-24T09:58:19.110+0000] {dag.py:4138} INFO - Setting next_dagrun for consume_1_and_2_with_dataset_expressions to None, run_after=None
[2024-08-24T09:58:19.114+0000] {logging_mixin.py:190} INFO - [2024-08-24T09:58:19.113+0000] {dag.py:4138} INFO - Setting next_dagrun for consume_1_or_2_with_dataset_expressions to None, run_after=None
[2024-08-24T09:58:19.116+0000] {logging_mixin.py:190} INFO - [2024-08-24T09:58:19.116+0000] {dag.py:4138} INFO - Setting next_dagrun for consume_1_or_both_2_and_3_with_dataset_expressions to None, run_after=None
[2024-08-24T09:58:19.119+0000] {logging_mixin.py:190} INFO - [2024-08-24T09:58:19.118+0000] {dag.py:4138} INFO - Setting next_dagrun for dataset_consumes_1 to None, run_after=None
[2024-08-24T09:58:19.121+0000] {logging_mixin.py:190} INFO - [2024-08-24T09:58:19.121+0000] {dag.py:4138} INFO - Setting next_dagrun for dataset_consumes_1_and_2 to None, run_after=None
[2024-08-24T09:58:19.125+0000] {logging_mixin.py:190} INFO - [2024-08-24T09:58:19.124+0000] {dag.py:4138} INFO - Setting next_dagrun for dataset_consumes_1_never_scheduled to None, run_after=None
[2024-08-24T09:58:19.129+0000] {logging_mixin.py:190} INFO - [2024-08-24T09:58:19.128+0000] {dag.py:4138} INFO - Setting next_dagrun for dataset_consumes_unknown_never_scheduled to None, run_after=None
[2024-08-24T09:58:19.132+0000] {logging_mixin.py:190} INFO - [2024-08-24T09:58:19.132+0000] {dag.py:4138} INFO - Setting next_dagrun for dataset_produces_1 to 2024-08-23 00:00:00+00:00, run_after=2024-08-24 00:00:00+00:00
[2024-08-24T09:58:19.134+0000] {logging_mixin.py:190} INFO - [2024-08-24T09:58:19.134+0000] {dag.py:4138} INFO - Setting next_dagrun for dataset_produces_2 to None, run_after=None
[2024-08-24T09:58:19.212+0000] {processor.py:208} INFO - Processing /home/airflow/.local/lib/python3.12/site-packages/airflow/example_dags/example_datasets.py took 0.576 seconds
