[2024-08-24T09:54:43.583+0000] {processor.py:186} INFO - Started process (PID=69) to work on /home/airflow/.local/lib/python3.12/site-packages/airflow/example_dags/example_branch_day_of_week_operator.py
[2024-08-24T09:54:43.585+0000] {processor.py:914} INFO - Processing file /home/airflow/.local/lib/python3.12/site-packages/airflow/example_dags/example_branch_day_of_week_operator.py for tasks to queue
[2024-08-24T09:54:43.588+0000] {logging_mixin.py:190} INFO - [2024-08-24T09:54:43.587+0000] {dagbag.py:587} INFO - Filling up the DagBag from /home/airflow/.local/lib/python3.12/site-packages/airflow/example_dags/example_branch_day_of_week_operator.py
[2024-08-24T09:54:43.597+0000] {processor.py:925} INFO - DAG(s) 'example_weekday_branch_operator' retrieved from /home/airflow/.local/lib/python3.12/site-packages/airflow/example_dags/example_branch_day_of_week_operator.py
[2024-08-24T09:54:43.703+0000] {logging_mixin.py:190} INFO - [2024-08-24T09:54:43.702+0000] {override.py:1858} INFO - Created Permission View: can read on DAG:example_weekday_branch_operator
[2024-08-24T09:54:43.716+0000] {logging_mixin.py:190} INFO - [2024-08-24T09:54:43.716+0000] {override.py:1858} INFO - Created Permission View: can delete on DAG:example_weekday_branch_operator
[2024-08-24T09:54:43.725+0000] {logging_mixin.py:190} INFO - [2024-08-24T09:54:43.725+0000] {override.py:1858} INFO - Created Permission View: can edit on DAG:example_weekday_branch_operator
[2024-08-24T09:54:43.726+0000] {logging_mixin.py:190} INFO - [2024-08-24T09:54:43.726+0000] {dag.py:3211} INFO - Sync 1 DAGs
[2024-08-24T09:54:43.745+0000] {logging_mixin.py:190} INFO - [2024-08-24T09:54:43.745+0000] {dag.py:3234} INFO - Creating ORM DAG for example_weekday_branch_operator
[2024-08-24T09:54:43.755+0000] {logging_mixin.py:190} INFO - [2024-08-24T09:54:43.755+0000] {dag.py:4138} INFO - Setting next_dagrun for example_weekday_branch_operator to 2024-08-23 00:00:00+00:00, run_after=2024-08-24 00:00:00+00:00
[2024-08-24T09:54:43.772+0000] {processor.py:208} INFO - Processing /home/airflow/.local/lib/python3.12/site-packages/airflow/example_dags/example_branch_day_of_week_operator.py took 0.195 seconds
[2024-08-24T09:55:13.809+0000] {processor.py:186} INFO - Started process (PID=131) to work on /home/airflow/.local/lib/python3.12/site-packages/airflow/example_dags/example_branch_day_of_week_operator.py
[2024-08-24T09:55:13.810+0000] {processor.py:914} INFO - Processing file /home/airflow/.local/lib/python3.12/site-packages/airflow/example_dags/example_branch_day_of_week_operator.py for tasks to queue
[2024-08-24T09:55:13.812+0000] {logging_mixin.py:190} INFO - [2024-08-24T09:55:13.811+0000] {dagbag.py:587} INFO - Filling up the DagBag from /home/airflow/.local/lib/python3.12/site-packages/airflow/example_dags/example_branch_day_of_week_operator.py
[2024-08-24T09:55:13.819+0000] {processor.py:925} INFO - DAG(s) 'example_weekday_branch_operator' retrieved from /home/airflow/.local/lib/python3.12/site-packages/airflow/example_dags/example_branch_day_of_week_operator.py
[2024-08-24T09:55:13.835+0000] {logging_mixin.py:190} INFO - [2024-08-24T09:55:13.835+0000] {dag.py:3211} INFO - Sync 1 DAGs
[2024-08-24T09:55:13.852+0000] {logging_mixin.py:190} INFO - [2024-08-24T09:55:13.852+0000] {dag.py:4138} INFO - Setting next_dagrun for example_weekday_branch_operator to 2024-08-23 00:00:00+00:00, run_after=2024-08-24 00:00:00+00:00
[2024-08-24T09:55:13.869+0000] {processor.py:208} INFO - Processing /home/airflow/.local/lib/python3.12/site-packages/airflow/example_dags/example_branch_day_of_week_operator.py took 0.064 seconds
[2024-08-24T09:55:44.329+0000] {processor.py:186} INFO - Started process (PID=193) to work on /home/airflow/.local/lib/python3.12/site-packages/airflow/example_dags/example_branch_day_of_week_operator.py
[2024-08-24T09:55:44.330+0000] {processor.py:914} INFO - Processing file /home/airflow/.local/lib/python3.12/site-packages/airflow/example_dags/example_branch_day_of_week_operator.py for tasks to queue
[2024-08-24T09:55:44.332+0000] {logging_mixin.py:190} INFO - [2024-08-24T09:55:44.332+0000] {dagbag.py:587} INFO - Filling up the DagBag from /home/airflow/.local/lib/python3.12/site-packages/airflow/example_dags/example_branch_day_of_week_operator.py
[2024-08-24T09:55:44.339+0000] {processor.py:925} INFO - DAG(s) 'example_weekday_branch_operator' retrieved from /home/airflow/.local/lib/python3.12/site-packages/airflow/example_dags/example_branch_day_of_week_operator.py
[2024-08-24T09:55:44.355+0000] {logging_mixin.py:190} INFO - [2024-08-24T09:55:44.354+0000] {dag.py:3211} INFO - Sync 1 DAGs
[2024-08-24T09:55:44.372+0000] {logging_mixin.py:190} INFO - [2024-08-24T09:55:44.372+0000] {dag.py:4138} INFO - Setting next_dagrun for example_weekday_branch_operator to 2024-08-23 00:00:00+00:00, run_after=2024-08-24 00:00:00+00:00
[2024-08-24T09:55:44.390+0000] {processor.py:208} INFO - Processing /home/airflow/.local/lib/python3.12/site-packages/airflow/example_dags/example_branch_day_of_week_operator.py took 0.065 seconds
[2024-08-24T09:56:14.542+0000] {processor.py:186} INFO - Started process (PID=255) to work on /home/airflow/.local/lib/python3.12/site-packages/airflow/example_dags/example_branch_day_of_week_operator.py
[2024-08-24T09:56:14.543+0000] {processor.py:914} INFO - Processing file /home/airflow/.local/lib/python3.12/site-packages/airflow/example_dags/example_branch_day_of_week_operator.py for tasks to queue
[2024-08-24T09:56:14.545+0000] {logging_mixin.py:190} INFO - [2024-08-24T09:56:14.544+0000] {dagbag.py:587} INFO - Filling up the DagBag from /home/airflow/.local/lib/python3.12/site-packages/airflow/example_dags/example_branch_day_of_week_operator.py
[2024-08-24T09:56:14.551+0000] {processor.py:925} INFO - DAG(s) 'example_weekday_branch_operator' retrieved from /home/airflow/.local/lib/python3.12/site-packages/airflow/example_dags/example_branch_day_of_week_operator.py
[2024-08-24T09:56:14.571+0000] {logging_mixin.py:190} INFO - [2024-08-24T09:56:14.570+0000] {dag.py:3211} INFO - Sync 1 DAGs
[2024-08-24T09:56:14.590+0000] {logging_mixin.py:190} INFO - [2024-08-24T09:56:14.590+0000] {dag.py:4138} INFO - Setting next_dagrun for example_weekday_branch_operator to 2024-08-23 00:00:00+00:00, run_after=2024-08-24 00:00:00+00:00
[2024-08-24T09:56:14.611+0000] {processor.py:208} INFO - Processing /home/airflow/.local/lib/python3.12/site-packages/airflow/example_dags/example_branch_day_of_week_operator.py took 0.074 seconds
[2024-08-24T09:56:44.717+0000] {processor.py:186} INFO - Started process (PID=317) to work on /home/airflow/.local/lib/python3.12/site-packages/airflow/example_dags/example_branch_day_of_week_operator.py
[2024-08-24T09:56:44.718+0000] {processor.py:914} INFO - Processing file /home/airflow/.local/lib/python3.12/site-packages/airflow/example_dags/example_branch_day_of_week_operator.py for tasks to queue
[2024-08-24T09:56:44.720+0000] {logging_mixin.py:190} INFO - [2024-08-24T09:56:44.719+0000] {dagbag.py:587} INFO - Filling up the DagBag from /home/airflow/.local/lib/python3.12/site-packages/airflow/example_dags/example_branch_day_of_week_operator.py
[2024-08-24T09:56:44.733+0000] {processor.py:925} INFO - DAG(s) 'example_weekday_branch_operator' retrieved from /home/airflow/.local/lib/python3.12/site-packages/airflow/example_dags/example_branch_day_of_week_operator.py
[2024-08-24T09:56:44.752+0000] {logging_mixin.py:190} INFO - [2024-08-24T09:56:44.752+0000] {dag.py:3211} INFO - Sync 1 DAGs
[2024-08-24T09:56:44.771+0000] {logging_mixin.py:190} INFO - [2024-08-24T09:56:44.770+0000] {dag.py:4138} INFO - Setting next_dagrun for example_weekday_branch_operator to 2024-08-23 00:00:00+00:00, run_after=2024-08-24 00:00:00+00:00
[2024-08-24T09:56:44.788+0000] {processor.py:208} INFO - Processing /home/airflow/.local/lib/python3.12/site-packages/airflow/example_dags/example_branch_day_of_week_operator.py took 0.076 seconds
[2024-08-24T09:57:15.293+0000] {processor.py:186} INFO - Started process (PID=379) to work on /home/airflow/.local/lib/python3.12/site-packages/airflow/example_dags/example_branch_day_of_week_operator.py
[2024-08-24T09:57:15.294+0000] {processor.py:914} INFO - Processing file /home/airflow/.local/lib/python3.12/site-packages/airflow/example_dags/example_branch_day_of_week_operator.py for tasks to queue
[2024-08-24T09:57:15.296+0000] {logging_mixin.py:190} INFO - [2024-08-24T09:57:15.295+0000] {dagbag.py:587} INFO - Filling up the DagBag from /home/airflow/.local/lib/python3.12/site-packages/airflow/example_dags/example_branch_day_of_week_operator.py
[2024-08-24T09:57:15.302+0000] {processor.py:925} INFO - DAG(s) 'example_weekday_branch_operator' retrieved from /home/airflow/.local/lib/python3.12/site-packages/airflow/example_dags/example_branch_day_of_week_operator.py
[2024-08-24T09:57:15.319+0000] {logging_mixin.py:190} INFO - [2024-08-24T09:57:15.319+0000] {dag.py:3211} INFO - Sync 1 DAGs
[2024-08-24T09:57:15.338+0000] {logging_mixin.py:190} INFO - [2024-08-24T09:57:15.338+0000] {dag.py:4138} INFO - Setting next_dagrun for example_weekday_branch_operator to 2024-08-23 00:00:00+00:00, run_after=2024-08-24 00:00:00+00:00
[2024-08-24T09:57:15.360+0000] {processor.py:208} INFO - Processing /home/airflow/.local/lib/python3.12/site-packages/airflow/example_dags/example_branch_day_of_week_operator.py took 0.072 seconds
[2024-08-24T09:57:45.930+0000] {processor.py:186} INFO - Started process (PID=441) to work on /home/airflow/.local/lib/python3.12/site-packages/airflow/example_dags/example_branch_day_of_week_operator.py
[2024-08-24T09:57:45.932+0000] {processor.py:914} INFO - Processing file /home/airflow/.local/lib/python3.12/site-packages/airflow/example_dags/example_branch_day_of_week_operator.py for tasks to queue
[2024-08-24T09:57:45.935+0000] {logging_mixin.py:190} INFO - [2024-08-24T09:57:45.935+0000] {dagbag.py:587} INFO - Filling up the DagBag from /home/airflow/.local/lib/python3.12/site-packages/airflow/example_dags/example_branch_day_of_week_operator.py
[2024-08-24T09:57:45.942+0000] {processor.py:925} INFO - DAG(s) 'example_weekday_branch_operator' retrieved from /home/airflow/.local/lib/python3.12/site-packages/airflow/example_dags/example_branch_day_of_week_operator.py
[2024-08-24T09:57:45.973+0000] {logging_mixin.py:190} INFO - [2024-08-24T09:57:45.973+0000] {dag.py:3211} INFO - Sync 1 DAGs
[2024-08-24T09:57:45.993+0000] {logging_mixin.py:190} INFO - [2024-08-24T09:57:45.993+0000] {dag.py:4138} INFO - Setting next_dagrun for example_weekday_branch_operator to 2024-08-23 00:00:00+00:00, run_after=2024-08-24 00:00:00+00:00
[2024-08-24T09:57:46.017+0000] {processor.py:208} INFO - Processing /home/airflow/.local/lib/python3.12/site-packages/airflow/example_dags/example_branch_day_of_week_operator.py took 0.091 seconds
[2024-08-24T09:58:16.269+0000] {processor.py:186} INFO - Started process (PID=503) to work on /home/airflow/.local/lib/python3.12/site-packages/airflow/example_dags/example_branch_day_of_week_operator.py
[2024-08-24T09:58:16.270+0000] {processor.py:914} INFO - Processing file /home/airflow/.local/lib/python3.12/site-packages/airflow/example_dags/example_branch_day_of_week_operator.py for tasks to queue
[2024-08-24T09:58:16.272+0000] {logging_mixin.py:190} INFO - [2024-08-24T09:58:16.271+0000] {dagbag.py:587} INFO - Filling up the DagBag from /home/airflow/.local/lib/python3.12/site-packages/airflow/example_dags/example_branch_day_of_week_operator.py
[2024-08-24T09:58:16.280+0000] {processor.py:925} INFO - DAG(s) 'example_weekday_branch_operator' retrieved from /home/airflow/.local/lib/python3.12/site-packages/airflow/example_dags/example_branch_day_of_week_operator.py
[2024-08-24T09:58:16.298+0000] {logging_mixin.py:190} INFO - [2024-08-24T09:58:16.297+0000] {dag.py:3211} INFO - Sync 1 DAGs
[2024-08-24T09:58:16.319+0000] {logging_mixin.py:190} INFO - [2024-08-24T09:58:16.319+0000] {dag.py:4138} INFO - Setting next_dagrun for example_weekday_branch_operator to 2024-08-23 00:00:00+00:00, run_after=2024-08-24 00:00:00+00:00
[2024-08-24T09:58:16.356+0000] {processor.py:208} INFO - Processing /home/airflow/.local/lib/python3.12/site-packages/airflow/example_dags/example_branch_day_of_week_operator.py took 0.091 seconds
