[2024-08-24T09:54:43.819+0000] {processor.py:186} INFO - Started process (PID=71) to work on /home/airflow/.local/lib/python3.12/site-packages/airflow/example_dags/example_inlet_event_extra.py
[2024-08-24T09:54:43.821+0000] {processor.py:914} INFO - Processing file /home/airflow/.local/lib/python3.12/site-packages/airflow/example_dags/example_inlet_event_extra.py for tasks to queue
[2024-08-24T09:54:43.825+0000] {logging_mixin.py:190} INFO - [2024-08-24T09:54:43.824+0000] {dagbag.py:587} INFO - Filling up the DagBag from /home/airflow/.local/lib/python3.12/site-packages/airflow/example_dags/example_inlet_event_extra.py
[2024-08-24T09:54:44.534+0000] {processor.py:925} INFO - DAG(s) 'read_dataset_event_from_classic', 'read_dataset_event' retrieved from /home/airflow/.local/lib/python3.12/site-packages/airflow/example_dags/example_inlet_event_extra.py
[2024-08-24T09:54:44.646+0000] {logging_mixin.py:190} INFO - [2024-08-24T09:54:44.645+0000] {override.py:1858} INFO - Created Permission View: can read on DAG:read_dataset_event_from_classic
[2024-08-24T09:54:44.658+0000] {logging_mixin.py:190} INFO - [2024-08-24T09:54:44.657+0000] {override.py:1858} INFO - Created Permission View: can delete on DAG:read_dataset_event_from_classic
[2024-08-24T09:54:44.667+0000] {logging_mixin.py:190} INFO - [2024-08-24T09:54:44.666+0000] {override.py:1858} INFO - Created Permission View: can edit on DAG:read_dataset_event_from_classic
[2024-08-24T09:54:44.684+0000] {logging_mixin.py:190} INFO - [2024-08-24T09:54:44.683+0000] {override.py:1858} INFO - Created Permission View: can read on DAG:read_dataset_event
[2024-08-24T09:54:44.692+0000] {logging_mixin.py:190} INFO - [2024-08-24T09:54:44.692+0000] {override.py:1858} INFO - Created Permission View: can delete on DAG:read_dataset_event
[2024-08-24T09:54:44.701+0000] {logging_mixin.py:190} INFO - [2024-08-24T09:54:44.700+0000] {override.py:1858} INFO - Created Permission View: can edit on DAG:read_dataset_event
[2024-08-24T09:54:44.702+0000] {logging_mixin.py:190} INFO - [2024-08-24T09:54:44.701+0000] {dag.py:3211} INFO - Sync 2 DAGs
[2024-08-24T09:54:44.714+0000] {logging_mixin.py:190} INFO - [2024-08-24T09:54:44.714+0000] {dag.py:3234} INFO - Creating ORM DAG for read_dataset_event_from_classic
[2024-08-24T09:54:44.716+0000] {logging_mixin.py:190} INFO - [2024-08-24T09:54:44.715+0000] {dag.py:3234} INFO - Creating ORM DAG for read_dataset_event
[2024-08-24T09:54:44.729+0000] {logging_mixin.py:190} INFO - [2024-08-24T09:54:44.728+0000] {dag.py:4138} INFO - Setting next_dagrun for read_dataset_event to 2024-08-23 00:00:00+00:00, run_after=2024-08-24 00:00:00+00:00
[2024-08-24T09:54:44.731+0000] {logging_mixin.py:190} INFO - [2024-08-24T09:54:44.731+0000] {dag.py:4138} INFO - Setting next_dagrun for read_dataset_event_from_classic to 2024-08-23 00:00:00+00:00, run_after=2024-08-24 00:00:00+00:00
[2024-08-24T09:54:44.757+0000] {processor.py:208} INFO - Processing /home/airflow/.local/lib/python3.12/site-packages/airflow/example_dags/example_inlet_event_extra.py took 0.945 seconds
[2024-08-24T09:55:14.828+0000] {processor.py:186} INFO - Started process (PID=133) to work on /home/airflow/.local/lib/python3.12/site-packages/airflow/example_dags/example_inlet_event_extra.py
[2024-08-24T09:55:14.829+0000] {processor.py:914} INFO - Processing file /home/airflow/.local/lib/python3.12/site-packages/airflow/example_dags/example_inlet_event_extra.py for tasks to queue
[2024-08-24T09:55:14.831+0000] {logging_mixin.py:190} INFO - [2024-08-24T09:55:14.830+0000] {dagbag.py:587} INFO - Filling up the DagBag from /home/airflow/.local/lib/python3.12/site-packages/airflow/example_dags/example_inlet_event_extra.py
[2024-08-24T09:55:14.938+0000] {processor.py:925} INFO - DAG(s) 'read_dataset_event_from_classic', 'read_dataset_event' retrieved from /home/airflow/.local/lib/python3.12/site-packages/airflow/example_dags/example_inlet_event_extra.py
[2024-08-24T09:55:14.955+0000] {logging_mixin.py:190} INFO - [2024-08-24T09:55:14.955+0000] {dag.py:3211} INFO - Sync 2 DAGs
[2024-08-24T09:55:14.974+0000] {logging_mixin.py:190} INFO - [2024-08-24T09:55:14.974+0000] {dag.py:4138} INFO - Setting next_dagrun for read_dataset_event to 2024-08-23 00:00:00+00:00, run_after=2024-08-24 00:00:00+00:00
[2024-08-24T09:55:14.979+0000] {logging_mixin.py:190} INFO - [2024-08-24T09:55:14.979+0000] {dag.py:4138} INFO - Setting next_dagrun for read_dataset_event_from_classic to 2024-08-23 00:00:00+00:00, run_after=2024-08-24 00:00:00+00:00
[2024-08-24T09:55:14.995+0000] {processor.py:208} INFO - Processing /home/airflow/.local/lib/python3.12/site-packages/airflow/example_dags/example_inlet_event_extra.py took 0.172 seconds
[2024-08-24T09:55:45.347+0000] {processor.py:186} INFO - Started process (PID=195) to work on /home/airflow/.local/lib/python3.12/site-packages/airflow/example_dags/example_inlet_event_extra.py
[2024-08-24T09:55:45.348+0000] {processor.py:914} INFO - Processing file /home/airflow/.local/lib/python3.12/site-packages/airflow/example_dags/example_inlet_event_extra.py for tasks to queue
[2024-08-24T09:55:45.350+0000] {logging_mixin.py:190} INFO - [2024-08-24T09:55:45.350+0000] {dagbag.py:587} INFO - Filling up the DagBag from /home/airflow/.local/lib/python3.12/site-packages/airflow/example_dags/example_inlet_event_extra.py
[2024-08-24T09:55:45.469+0000] {processor.py:925} INFO - DAG(s) 'read_dataset_event', 'read_dataset_event_from_classic' retrieved from /home/airflow/.local/lib/python3.12/site-packages/airflow/example_dags/example_inlet_event_extra.py
[2024-08-24T09:55:45.489+0000] {logging_mixin.py:190} INFO - [2024-08-24T09:55:45.489+0000] {dag.py:3211} INFO - Sync 2 DAGs
[2024-08-24T09:55:45.518+0000] {logging_mixin.py:190} INFO - [2024-08-24T09:55:45.518+0000] {dag.py:4138} INFO - Setting next_dagrun for read_dataset_event to 2024-08-23 00:00:00+00:00, run_after=2024-08-24 00:00:00+00:00
[2024-08-24T09:55:45.523+0000] {logging_mixin.py:190} INFO - [2024-08-24T09:55:45.523+0000] {dag.py:4138} INFO - Setting next_dagrun for read_dataset_event_from_classic to 2024-08-23 00:00:00+00:00, run_after=2024-08-24 00:00:00+00:00
[2024-08-24T09:55:45.539+0000] {processor.py:208} INFO - Processing /home/airflow/.local/lib/python3.12/site-packages/airflow/example_dags/example_inlet_event_extra.py took 0.196 seconds
[2024-08-24T09:56:15.641+0000] {processor.py:186} INFO - Started process (PID=257) to work on /home/airflow/.local/lib/python3.12/site-packages/airflow/example_dags/example_inlet_event_extra.py
[2024-08-24T09:56:15.642+0000] {processor.py:914} INFO - Processing file /home/airflow/.local/lib/python3.12/site-packages/airflow/example_dags/example_inlet_event_extra.py for tasks to queue
[2024-08-24T09:56:15.644+0000] {logging_mixin.py:190} INFO - [2024-08-24T09:56:15.643+0000] {dagbag.py:587} INFO - Filling up the DagBag from /home/airflow/.local/lib/python3.12/site-packages/airflow/example_dags/example_inlet_event_extra.py
[2024-08-24T09:56:15.744+0000] {processor.py:925} INFO - DAG(s) 'read_dataset_event_from_classic', 'read_dataset_event' retrieved from /home/airflow/.local/lib/python3.12/site-packages/airflow/example_dags/example_inlet_event_extra.py
[2024-08-24T09:56:15.762+0000] {logging_mixin.py:190} INFO - [2024-08-24T09:56:15.762+0000] {dag.py:3211} INFO - Sync 2 DAGs
[2024-08-24T09:56:15.780+0000] {logging_mixin.py:190} INFO - [2024-08-24T09:56:15.780+0000] {dag.py:4138} INFO - Setting next_dagrun for read_dataset_event to 2024-08-23 00:00:00+00:00, run_after=2024-08-24 00:00:00+00:00
[2024-08-24T09:56:15.785+0000] {logging_mixin.py:190} INFO - [2024-08-24T09:56:15.784+0000] {dag.py:4138} INFO - Setting next_dagrun for read_dataset_event_from_classic to 2024-08-23 00:00:00+00:00, run_after=2024-08-24 00:00:00+00:00
[2024-08-24T09:56:15.801+0000] {processor.py:208} INFO - Processing /home/airflow/.local/lib/python3.12/site-packages/airflow/example_dags/example_inlet_event_extra.py took 0.165 seconds
[2024-08-24T09:56:45.831+0000] {processor.py:186} INFO - Started process (PID=319) to work on /home/airflow/.local/lib/python3.12/site-packages/airflow/example_dags/example_inlet_event_extra.py
[2024-08-24T09:56:45.832+0000] {processor.py:914} INFO - Processing file /home/airflow/.local/lib/python3.12/site-packages/airflow/example_dags/example_inlet_event_extra.py for tasks to queue
[2024-08-24T09:56:45.834+0000] {logging_mixin.py:190} INFO - [2024-08-24T09:56:45.833+0000] {dagbag.py:587} INFO - Filling up the DagBag from /home/airflow/.local/lib/python3.12/site-packages/airflow/example_dags/example_inlet_event_extra.py
[2024-08-24T09:56:45.952+0000] {processor.py:925} INFO - DAG(s) 'read_dataset_event', 'read_dataset_event_from_classic' retrieved from /home/airflow/.local/lib/python3.12/site-packages/airflow/example_dags/example_inlet_event_extra.py
[2024-08-24T09:56:45.970+0000] {logging_mixin.py:190} INFO - [2024-08-24T09:56:45.970+0000] {dag.py:3211} INFO - Sync 2 DAGs
[2024-08-24T09:56:45.991+0000] {logging_mixin.py:190} INFO - [2024-08-24T09:56:45.991+0000] {dag.py:4138} INFO - Setting next_dagrun for read_dataset_event to 2024-08-23 00:00:00+00:00, run_after=2024-08-24 00:00:00+00:00
[2024-08-24T09:56:45.995+0000] {logging_mixin.py:190} INFO - [2024-08-24T09:56:45.995+0000] {dag.py:4138} INFO - Setting next_dagrun for read_dataset_event_from_classic to 2024-08-23 00:00:00+00:00, run_after=2024-08-24 00:00:00+00:00
[2024-08-24T09:56:46.011+0000] {processor.py:208} INFO - Processing /home/airflow/.local/lib/python3.12/site-packages/airflow/example_dags/example_inlet_event_extra.py took 0.185 seconds
[2024-08-24T09:57:16.303+0000] {processor.py:186} INFO - Started process (PID=381) to work on /home/airflow/.local/lib/python3.12/site-packages/airflow/example_dags/example_inlet_event_extra.py
[2024-08-24T09:57:16.304+0000] {processor.py:914} INFO - Processing file /home/airflow/.local/lib/python3.12/site-packages/airflow/example_dags/example_inlet_event_extra.py for tasks to queue
[2024-08-24T09:57:16.306+0000] {logging_mixin.py:190} INFO - [2024-08-24T09:57:16.306+0000] {dagbag.py:587} INFO - Filling up the DagBag from /home/airflow/.local/lib/python3.12/site-packages/airflow/example_dags/example_inlet_event_extra.py
[2024-08-24T09:57:16.421+0000] {processor.py:925} INFO - DAG(s) 'read_dataset_event', 'read_dataset_event_from_classic' retrieved from /home/airflow/.local/lib/python3.12/site-packages/airflow/example_dags/example_inlet_event_extra.py
[2024-08-24T09:57:16.441+0000] {logging_mixin.py:190} INFO - [2024-08-24T09:57:16.441+0000] {dag.py:3211} INFO - Sync 2 DAGs
[2024-08-24T09:57:16.462+0000] {logging_mixin.py:190} INFO - [2024-08-24T09:57:16.462+0000] {dag.py:4138} INFO - Setting next_dagrun for read_dataset_event to 2024-08-23 00:00:00+00:00, run_after=2024-08-24 00:00:00+00:00
[2024-08-24T09:57:16.466+0000] {logging_mixin.py:190} INFO - [2024-08-24T09:57:16.466+0000] {dag.py:4138} INFO - Setting next_dagrun for read_dataset_event_from_classic to 2024-08-23 00:00:00+00:00, run_after=2024-08-24 00:00:00+00:00
[2024-08-24T09:57:16.483+0000] {processor.py:208} INFO - Processing /home/airflow/.local/lib/python3.12/site-packages/airflow/example_dags/example_inlet_event_extra.py took 0.184 seconds
[2024-08-24T09:57:46.949+0000] {processor.py:186} INFO - Started process (PID=443) to work on /home/airflow/.local/lib/python3.12/site-packages/airflow/example_dags/example_inlet_event_extra.py
[2024-08-24T09:57:46.951+0000] {processor.py:914} INFO - Processing file /home/airflow/.local/lib/python3.12/site-packages/airflow/example_dags/example_inlet_event_extra.py for tasks to queue
[2024-08-24T09:57:46.953+0000] {logging_mixin.py:190} INFO - [2024-08-24T09:57:46.953+0000] {dagbag.py:587} INFO - Filling up the DagBag from /home/airflow/.local/lib/python3.12/site-packages/airflow/example_dags/example_inlet_event_extra.py
[2024-08-24T09:57:47.071+0000] {processor.py:925} INFO - DAG(s) 'read_dataset_event', 'read_dataset_event_from_classic' retrieved from /home/airflow/.local/lib/python3.12/site-packages/airflow/example_dags/example_inlet_event_extra.py
[2024-08-24T09:57:47.092+0000] {logging_mixin.py:190} INFO - [2024-08-24T09:57:47.092+0000] {dag.py:3211} INFO - Sync 2 DAGs
[2024-08-24T09:57:47.114+0000] {logging_mixin.py:190} INFO - [2024-08-24T09:57:47.113+0000] {dag.py:4138} INFO - Setting next_dagrun for read_dataset_event to 2024-08-23 00:00:00+00:00, run_after=2024-08-24 00:00:00+00:00
[2024-08-24T09:57:47.119+0000] {logging_mixin.py:190} INFO - [2024-08-24T09:57:47.119+0000] {dag.py:4138} INFO - Setting next_dagrun for read_dataset_event_from_classic to 2024-08-23 00:00:00+00:00, run_after=2024-08-24 00:00:00+00:00
[2024-08-24T09:57:47.137+0000] {processor.py:208} INFO - Processing /home/airflow/.local/lib/python3.12/site-packages/airflow/example_dags/example_inlet_event_extra.py took 0.193 seconds
[2024-08-24T09:58:17.280+0000] {processor.py:186} INFO - Started process (PID=505) to work on /home/airflow/.local/lib/python3.12/site-packages/airflow/example_dags/example_inlet_event_extra.py
[2024-08-24T09:58:17.282+0000] {processor.py:914} INFO - Processing file /home/airflow/.local/lib/python3.12/site-packages/airflow/example_dags/example_inlet_event_extra.py for tasks to queue
[2024-08-24T09:58:17.283+0000] {logging_mixin.py:190} INFO - [2024-08-24T09:58:17.283+0000] {dagbag.py:587} INFO - Filling up the DagBag from /home/airflow/.local/lib/python3.12/site-packages/airflow/example_dags/example_inlet_event_extra.py
[2024-08-24T09:58:17.408+0000] {processor.py:925} INFO - DAG(s) 'read_dataset_event_from_classic', 'read_dataset_event' retrieved from /home/airflow/.local/lib/python3.12/site-packages/airflow/example_dags/example_inlet_event_extra.py
[2024-08-24T09:58:17.432+0000] {logging_mixin.py:190} INFO - [2024-08-24T09:58:17.431+0000] {dag.py:3211} INFO - Sync 2 DAGs
[2024-08-24T09:58:17.453+0000] {logging_mixin.py:190} INFO - [2024-08-24T09:58:17.453+0000] {dag.py:4138} INFO - Setting next_dagrun for read_dataset_event to 2024-08-23 00:00:00+00:00, run_after=2024-08-24 00:00:00+00:00
[2024-08-24T09:58:17.459+0000] {logging_mixin.py:190} INFO - [2024-08-24T09:58:17.458+0000] {dag.py:4138} INFO - Setting next_dagrun for read_dataset_event_from_classic to 2024-08-23 00:00:00+00:00, run_after=2024-08-24 00:00:00+00:00
[2024-08-24T09:58:17.478+0000] {processor.py:208} INFO - Processing /home/airflow/.local/lib/python3.12/site-packages/airflow/example_dags/example_inlet_event_extra.py took 0.202 seconds
