[2024-08-24T09:54:50.542+0000] {processor.py:186} INFO - Started process (PID=113) to work on /home/airflow/.local/lib/python3.12/site-packages/airflow/example_dags/example_dataset_alias.py
[2024-08-24T09:54:50.544+0000] {processor.py:914} INFO - Processing file /home/airflow/.local/lib/python3.12/site-packages/airflow/example_dags/example_dataset_alias.py for tasks to queue
[2024-08-24T09:54:50.547+0000] {logging_mixin.py:190} INFO - [2024-08-24T09:54:50.547+0000] {dagbag.py:587} INFO - Filling up the DagBag from /home/airflow/.local/lib/python3.12/site-packages/airflow/example_dags/example_dataset_alias.py
[2024-08-24T09:54:50.735+0000] {processor.py:925} INFO - DAG(s) 'dataset_alias_example_alias_consumer', 'dataset_s3_bucket_producer', 'dataset_s3_bucket_consumer', 'dataset_alias_example_alias_producer' retrieved from /home/airflow/.local/lib/python3.12/site-packages/airflow/example_dags/example_dataset_alias.py
[2024-08-24T09:54:50.833+0000] {logging_mixin.py:190} INFO - [2024-08-24T09:54:50.832+0000] {override.py:1858} INFO - Created Permission View: can read on DAG:dataset_alias_example_alias_consumer
[2024-08-24T09:54:50.845+0000] {logging_mixin.py:190} INFO - [2024-08-24T09:54:50.845+0000] {override.py:1858} INFO - Created Permission View: can delete on DAG:dataset_alias_example_alias_consumer
[2024-08-24T09:54:50.854+0000] {logging_mixin.py:190} INFO - [2024-08-24T09:54:50.854+0000] {override.py:1858} INFO - Created Permission View: can edit on DAG:dataset_alias_example_alias_consumer
[2024-08-24T09:54:50.871+0000] {logging_mixin.py:190} INFO - [2024-08-24T09:54:50.870+0000] {override.py:1858} INFO - Created Permission View: can read on DAG:dataset_s3_bucket_producer
[2024-08-24T09:54:50.883+0000] {logging_mixin.py:190} INFO - [2024-08-24T09:54:50.882+0000] {override.py:1858} INFO - Created Permission View: can delete on DAG:dataset_s3_bucket_producer
[2024-08-24T09:54:50.900+0000] {logging_mixin.py:190} INFO - [2024-08-24T09:54:50.900+0000] {override.py:1858} INFO - Created Permission View: can edit on DAG:dataset_s3_bucket_producer
[2024-08-24T09:54:50.947+0000] {logging_mixin.py:190} INFO - [2024-08-24T09:54:50.947+0000] {override.py:1858} INFO - Created Permission View: can read on DAG:dataset_s3_bucket_consumer
[2024-08-24T09:54:50.957+0000] {logging_mixin.py:190} INFO - [2024-08-24T09:54:50.957+0000] {override.py:1858} INFO - Created Permission View: can delete on DAG:dataset_s3_bucket_consumer
[2024-08-24T09:54:50.965+0000] {logging_mixin.py:190} INFO - [2024-08-24T09:54:50.964+0000] {override.py:1858} INFO - Created Permission View: can edit on DAG:dataset_s3_bucket_consumer
[2024-08-24T09:54:50.989+0000] {logging_mixin.py:190} INFO - [2024-08-24T09:54:50.989+0000] {override.py:1858} INFO - Created Permission View: can read on DAG:dataset_alias_example_alias_producer
[2024-08-24T09:54:50.998+0000] {logging_mixin.py:190} INFO - [2024-08-24T09:54:50.998+0000] {override.py:1858} INFO - Created Permission View: can delete on DAG:dataset_alias_example_alias_producer
[2024-08-24T09:54:51.005+0000] {logging_mixin.py:190} INFO - [2024-08-24T09:54:51.005+0000] {override.py:1858} INFO - Created Permission View: can edit on DAG:dataset_alias_example_alias_producer
[2024-08-24T09:54:51.006+0000] {logging_mixin.py:190} INFO - [2024-08-24T09:54:51.006+0000] {dag.py:3211} INFO - Sync 4 DAGs
[2024-08-24T09:54:51.019+0000] {logging_mixin.py:190} INFO - [2024-08-24T09:54:51.019+0000] {dag.py:3234} INFO - Creating ORM DAG for dataset_alias_example_alias_consumer
[2024-08-24T09:54:51.020+0000] {logging_mixin.py:190} INFO - [2024-08-24T09:54:51.020+0000] {dag.py:3234} INFO - Creating ORM DAG for dataset_s3_bucket_producer
[2024-08-24T09:54:51.021+0000] {logging_mixin.py:190} INFO - [2024-08-24T09:54:51.021+0000] {dag.py:3234} INFO - Creating ORM DAG for dataset_alias_example_alias_producer
[2024-08-24T09:54:51.022+0000] {logging_mixin.py:190} INFO - [2024-08-24T09:54:51.022+0000] {dag.py:3234} INFO - Creating ORM DAG for dataset_s3_bucket_consumer
[2024-08-24T09:54:51.035+0000] {logging_mixin.py:190} INFO - [2024-08-24T09:54:51.035+0000] {dag.py:4138} INFO - Setting next_dagrun for dataset_alias_example_alias_consumer to None, run_after=None
[2024-08-24T09:54:51.037+0000] {logging_mixin.py:190} INFO - [2024-08-24T09:54:51.036+0000] {dag.py:4138} INFO - Setting next_dagrun for dataset_alias_example_alias_producer to None, run_after=None
[2024-08-24T09:54:51.037+0000] {logging_mixin.py:190} INFO - [2024-08-24T09:54:51.037+0000] {dag.py:4138} INFO - Setting next_dagrun for dataset_s3_bucket_consumer to None, run_after=None
[2024-08-24T09:54:51.038+0000] {logging_mixin.py:190} INFO - [2024-08-24T09:54:51.038+0000] {dag.py:4138} INFO - Setting next_dagrun for dataset_s3_bucket_producer to None, run_after=None
[2024-08-24T09:54:51.068+0000] {processor.py:208} INFO - Processing /home/airflow/.local/lib/python3.12/site-packages/airflow/example_dags/example_dataset_alias.py took 0.534 seconds
[2024-08-24T09:55:21.479+0000] {processor.py:186} INFO - Started process (PID=175) to work on /home/airflow/.local/lib/python3.12/site-packages/airflow/example_dags/example_dataset_alias.py
[2024-08-24T09:55:21.480+0000] {processor.py:914} INFO - Processing file /home/airflow/.local/lib/python3.12/site-packages/airflow/example_dags/example_dataset_alias.py for tasks to queue
[2024-08-24T09:55:21.482+0000] {logging_mixin.py:190} INFO - [2024-08-24T09:55:21.481+0000] {dagbag.py:587} INFO - Filling up the DagBag from /home/airflow/.local/lib/python3.12/site-packages/airflow/example_dags/example_dataset_alias.py
[2024-08-24T09:55:21.603+0000] {processor.py:925} INFO - DAG(s) 'dataset_s3_bucket_producer', 'dataset_s3_bucket_consumer', 'dataset_alias_example_alias_producer', 'dataset_alias_example_alias_consumer' retrieved from /home/airflow/.local/lib/python3.12/site-packages/airflow/example_dags/example_dataset_alias.py
[2024-08-24T09:55:21.621+0000] {logging_mixin.py:190} INFO - [2024-08-24T09:55:21.621+0000] {dag.py:3211} INFO - Sync 4 DAGs
[2024-08-24T09:55:21.637+0000] {logging_mixin.py:190} INFO - [2024-08-24T09:55:21.637+0000] {dag.py:4138} INFO - Setting next_dagrun for dataset_alias_example_alias_consumer to None, run_after=None
[2024-08-24T09:55:21.640+0000] {logging_mixin.py:190} INFO - [2024-08-24T09:55:21.640+0000] {dag.py:4138} INFO - Setting next_dagrun for dataset_alias_example_alias_producer to None, run_after=None
[2024-08-24T09:55:21.641+0000] {logging_mixin.py:190} INFO - [2024-08-24T09:55:21.641+0000] {dag.py:4138} INFO - Setting next_dagrun for dataset_s3_bucket_consumer to None, run_after=None
[2024-08-24T09:55:21.643+0000] {logging_mixin.py:190} INFO - [2024-08-24T09:55:21.643+0000] {dag.py:4138} INFO - Setting next_dagrun for dataset_s3_bucket_producer to None, run_after=None
[2024-08-24T09:55:21.667+0000] {processor.py:208} INFO - Processing /home/airflow/.local/lib/python3.12/site-packages/airflow/example_dags/example_dataset_alias.py took 0.192 seconds
[2024-08-24T09:55:51.719+0000] {processor.py:186} INFO - Started process (PID=237) to work on /home/airflow/.local/lib/python3.12/site-packages/airflow/example_dags/example_dataset_alias.py
[2024-08-24T09:55:51.720+0000] {processor.py:914} INFO - Processing file /home/airflow/.local/lib/python3.12/site-packages/airflow/example_dags/example_dataset_alias.py for tasks to queue
[2024-08-24T09:55:51.722+0000] {logging_mixin.py:190} INFO - [2024-08-24T09:55:51.722+0000] {dagbag.py:587} INFO - Filling up the DagBag from /home/airflow/.local/lib/python3.12/site-packages/airflow/example_dags/example_dataset_alias.py
[2024-08-24T09:55:51.833+0000] {processor.py:925} INFO - DAG(s) 'dataset_s3_bucket_producer', 'dataset_alias_example_alias_consumer', 'dataset_s3_bucket_consumer', 'dataset_alias_example_alias_producer' retrieved from /home/airflow/.local/lib/python3.12/site-packages/airflow/example_dags/example_dataset_alias.py
[2024-08-24T09:55:51.850+0000] {logging_mixin.py:190} INFO - [2024-08-24T09:55:51.850+0000] {dag.py:3211} INFO - Sync 4 DAGs
[2024-08-24T09:55:51.865+0000] {logging_mixin.py:190} INFO - [2024-08-24T09:55:51.865+0000] {dag.py:4138} INFO - Setting next_dagrun for dataset_alias_example_alias_consumer to None, run_after=None
[2024-08-24T09:55:51.868+0000] {logging_mixin.py:190} INFO - [2024-08-24T09:55:51.868+0000] {dag.py:4138} INFO - Setting next_dagrun for dataset_alias_example_alias_producer to None, run_after=None
[2024-08-24T09:55:51.869+0000] {logging_mixin.py:190} INFO - [2024-08-24T09:55:51.869+0000] {dag.py:4138} INFO - Setting next_dagrun for dataset_s3_bucket_consumer to None, run_after=None
[2024-08-24T09:55:51.871+0000] {logging_mixin.py:190} INFO - [2024-08-24T09:55:51.871+0000] {dag.py:4138} INFO - Setting next_dagrun for dataset_s3_bucket_producer to None, run_after=None
[2024-08-24T09:55:51.891+0000] {processor.py:208} INFO - Processing /home/airflow/.local/lib/python3.12/site-packages/airflow/example_dags/example_dataset_alias.py took 0.175 seconds
[2024-08-24T09:56:21.914+0000] {processor.py:186} INFO - Started process (PID=299) to work on /home/airflow/.local/lib/python3.12/site-packages/airflow/example_dags/example_dataset_alias.py
[2024-08-24T09:56:21.915+0000] {processor.py:914} INFO - Processing file /home/airflow/.local/lib/python3.12/site-packages/airflow/example_dags/example_dataset_alias.py for tasks to queue
[2024-08-24T09:56:21.916+0000] {logging_mixin.py:190} INFO - [2024-08-24T09:56:21.916+0000] {dagbag.py:587} INFO - Filling up the DagBag from /home/airflow/.local/lib/python3.12/site-packages/airflow/example_dags/example_dataset_alias.py
[2024-08-24T09:56:22.032+0000] {processor.py:925} INFO - DAG(s) 'dataset_alias_example_alias_producer', 'dataset_s3_bucket_consumer', 'dataset_s3_bucket_producer', 'dataset_alias_example_alias_consumer' retrieved from /home/airflow/.local/lib/python3.12/site-packages/airflow/example_dags/example_dataset_alias.py
[2024-08-24T09:56:22.050+0000] {logging_mixin.py:190} INFO - [2024-08-24T09:56:22.050+0000] {dag.py:3211} INFO - Sync 4 DAGs
[2024-08-24T09:56:22.066+0000] {logging_mixin.py:190} INFO - [2024-08-24T09:56:22.066+0000] {dag.py:4138} INFO - Setting next_dagrun for dataset_alias_example_alias_consumer to None, run_after=None
[2024-08-24T09:56:22.069+0000] {logging_mixin.py:190} INFO - [2024-08-24T09:56:22.068+0000] {dag.py:4138} INFO - Setting next_dagrun for dataset_alias_example_alias_producer to None, run_after=None
[2024-08-24T09:56:22.070+0000] {logging_mixin.py:190} INFO - [2024-08-24T09:56:22.070+0000] {dag.py:4138} INFO - Setting next_dagrun for dataset_s3_bucket_consumer to None, run_after=None
[2024-08-24T09:56:22.071+0000] {logging_mixin.py:190} INFO - [2024-08-24T09:56:22.071+0000] {dag.py:4138} INFO - Setting next_dagrun for dataset_s3_bucket_producer to None, run_after=None
[2024-08-24T09:56:22.092+0000] {processor.py:208} INFO - Processing /home/airflow/.local/lib/python3.12/site-packages/airflow/example_dags/example_dataset_alias.py took 0.182 seconds
[2024-08-24T09:56:54.003+0000] {processor.py:186} INFO - Started process (PID=361) to work on /home/airflow/.local/lib/python3.12/site-packages/airflow/example_dags/example_dataset_alias.py
[2024-08-24T09:56:54.005+0000] {processor.py:914} INFO - Processing file /home/airflow/.local/lib/python3.12/site-packages/airflow/example_dags/example_dataset_alias.py for tasks to queue
[2024-08-24T09:56:54.010+0000] {logging_mixin.py:190} INFO - [2024-08-24T09:56:54.009+0000] {dagbag.py:587} INFO - Filling up the DagBag from /home/airflow/.local/lib/python3.12/site-packages/airflow/example_dags/example_dataset_alias.py
[2024-08-24T09:56:54.352+0000] {processor.py:925} INFO - DAG(s) 'dataset_alias_example_alias_producer', 'dataset_alias_example_alias_consumer', 'dataset_s3_bucket_producer', 'dataset_s3_bucket_consumer' retrieved from /home/airflow/.local/lib/python3.12/site-packages/airflow/example_dags/example_dataset_alias.py
[2024-08-24T09:56:54.419+0000] {logging_mixin.py:190} INFO - [2024-08-24T09:56:54.418+0000] {dag.py:3211} INFO - Sync 4 DAGs
[2024-08-24T09:56:54.466+0000] {logging_mixin.py:190} INFO - [2024-08-24T09:56:54.466+0000] {dag.py:4138} INFO - Setting next_dagrun for dataset_alias_example_alias_consumer to None, run_after=None
[2024-08-24T09:56:54.471+0000] {logging_mixin.py:190} INFO - [2024-08-24T09:56:54.471+0000] {dag.py:4138} INFO - Setting next_dagrun for dataset_alias_example_alias_producer to None, run_after=None
[2024-08-24T09:56:54.474+0000] {logging_mixin.py:190} INFO - [2024-08-24T09:56:54.473+0000] {dag.py:4138} INFO - Setting next_dagrun for dataset_s3_bucket_consumer to None, run_after=None
[2024-08-24T09:56:54.476+0000] {logging_mixin.py:190} INFO - [2024-08-24T09:56:54.476+0000] {dag.py:4138} INFO - Setting next_dagrun for dataset_s3_bucket_producer to None, run_after=None
[2024-08-24T09:56:54.519+0000] {processor.py:208} INFO - Processing /home/airflow/.local/lib/python3.12/site-packages/airflow/example_dags/example_dataset_alias.py took 0.528 seconds
[2024-08-24T09:57:25.216+0000] {processor.py:186} INFO - Started process (PID=423) to work on /home/airflow/.local/lib/python3.12/site-packages/airflow/example_dags/example_dataset_alias.py
[2024-08-24T09:57:25.217+0000] {processor.py:914} INFO - Processing file /home/airflow/.local/lib/python3.12/site-packages/airflow/example_dags/example_dataset_alias.py for tasks to queue
[2024-08-24T09:57:25.219+0000] {logging_mixin.py:190} INFO - [2024-08-24T09:57:25.218+0000] {dagbag.py:587} INFO - Filling up the DagBag from /home/airflow/.local/lib/python3.12/site-packages/airflow/example_dags/example_dataset_alias.py
[2024-08-24T09:57:25.336+0000] {processor.py:925} INFO - DAG(s) 'dataset_s3_bucket_producer', 'dataset_s3_bucket_consumer', 'dataset_alias_example_alias_consumer', 'dataset_alias_example_alias_producer' retrieved from /home/airflow/.local/lib/python3.12/site-packages/airflow/example_dags/example_dataset_alias.py
[2024-08-24T09:57:25.357+0000] {logging_mixin.py:190} INFO - [2024-08-24T09:57:25.357+0000] {dag.py:3211} INFO - Sync 4 DAGs
[2024-08-24T09:57:25.375+0000] {logging_mixin.py:190} INFO - [2024-08-24T09:57:25.375+0000] {dag.py:4138} INFO - Setting next_dagrun for dataset_alias_example_alias_consumer to None, run_after=None
[2024-08-24T09:57:25.377+0000] {logging_mixin.py:190} INFO - [2024-08-24T09:57:25.377+0000] {dag.py:4138} INFO - Setting next_dagrun for dataset_alias_example_alias_producer to None, run_after=None
[2024-08-24T09:57:25.379+0000] {logging_mixin.py:190} INFO - [2024-08-24T09:57:25.379+0000] {dag.py:4138} INFO - Setting next_dagrun for dataset_s3_bucket_consumer to None, run_after=None
[2024-08-24T09:57:25.381+0000] {logging_mixin.py:190} INFO - [2024-08-24T09:57:25.381+0000] {dag.py:4138} INFO - Setting next_dagrun for dataset_s3_bucket_producer to None, run_after=None
[2024-08-24T09:57:25.401+0000] {processor.py:208} INFO - Processing /home/airflow/.local/lib/python3.12/site-packages/airflow/example_dags/example_dataset_alias.py took 0.190 seconds
[2024-08-24T09:57:55.603+0000] {processor.py:186} INFO - Started process (PID=485) to work on /home/airflow/.local/lib/python3.12/site-packages/airflow/example_dags/example_dataset_alias.py
[2024-08-24T09:57:55.604+0000] {processor.py:914} INFO - Processing file /home/airflow/.local/lib/python3.12/site-packages/airflow/example_dags/example_dataset_alias.py for tasks to queue
[2024-08-24T09:57:55.606+0000] {logging_mixin.py:190} INFO - [2024-08-24T09:57:55.605+0000] {dagbag.py:587} INFO - Filling up the DagBag from /home/airflow/.local/lib/python3.12/site-packages/airflow/example_dags/example_dataset_alias.py
[2024-08-24T09:57:55.734+0000] {processor.py:925} INFO - DAG(s) 'dataset_alias_example_alias_consumer', 'dataset_alias_example_alias_producer', 'dataset_s3_bucket_consumer', 'dataset_s3_bucket_producer' retrieved from /home/airflow/.local/lib/python3.12/site-packages/airflow/example_dags/example_dataset_alias.py
[2024-08-24T09:57:55.755+0000] {logging_mixin.py:190} INFO - [2024-08-24T09:57:55.755+0000] {dag.py:3211} INFO - Sync 4 DAGs
[2024-08-24T09:57:55.776+0000] {logging_mixin.py:190} INFO - [2024-08-24T09:57:55.776+0000] {dag.py:4138} INFO - Setting next_dagrun for dataset_alias_example_alias_consumer to None, run_after=None
[2024-08-24T09:57:55.779+0000] {logging_mixin.py:190} INFO - [2024-08-24T09:57:55.779+0000] {dag.py:4138} INFO - Setting next_dagrun for dataset_alias_example_alias_producer to None, run_after=None
[2024-08-24T09:57:55.781+0000] {logging_mixin.py:190} INFO - [2024-08-24T09:57:55.781+0000] {dag.py:4138} INFO - Setting next_dagrun for dataset_s3_bucket_consumer to None, run_after=None
[2024-08-24T09:57:55.782+0000] {logging_mixin.py:190} INFO - [2024-08-24T09:57:55.782+0000] {dag.py:4138} INFO - Setting next_dagrun for dataset_s3_bucket_producer to None, run_after=None
[2024-08-24T09:57:55.804+0000] {processor.py:208} INFO - Processing /home/airflow/.local/lib/python3.12/site-packages/airflow/example_dags/example_dataset_alias.py took 0.207 seconds
