[2024-08-24T09:54:48.323+0000] {processor.py:186} INFO - Started process (PID=95) to work on /home/airflow/.local/lib/python3.12/site-packages/airflow/example_dags/example_workday_timetable.py
[2024-08-24T09:54:48.324+0000] {processor.py:914} INFO - Processing file /home/airflow/.local/lib/python3.12/site-packages/airflow/example_dags/example_workday_timetable.py for tasks to queue
[2024-08-24T09:54:48.327+0000] {logging_mixin.py:190} INFO - [2024-08-24T09:54:48.327+0000] {dagbag.py:587} INFO - Filling up the DagBag from /home/airflow/.local/lib/python3.12/site-packages/airflow/example_dags/example_workday_timetable.py
[2024-08-24T09:54:48.335+0000] {processor.py:925} INFO - DAG(s) 'example_workday_timetable' retrieved from /home/airflow/.local/lib/python3.12/site-packages/airflow/example_dags/example_workday_timetable.py
[2024-08-24T09:54:48.519+0000] {logging_mixin.py:190} INFO - [2024-08-24T09:54:48.518+0000] {override.py:1858} INFO - Created Permission View: can read on DAG:example_workday_timetable
[2024-08-24T09:54:48.530+0000] {logging_mixin.py:190} INFO - [2024-08-24T09:54:48.529+0000] {override.py:1858} INFO - Created Permission View: can delete on DAG:example_workday_timetable
[2024-08-24T09:54:48.538+0000] {logging_mixin.py:190} INFO - [2024-08-24T09:54:48.537+0000] {override.py:1858} INFO - Created Permission View: can edit on DAG:example_workday_timetable
[2024-08-24T09:54:48.539+0000] {logging_mixin.py:190} INFO - [2024-08-24T09:54:48.538+0000] {dag.py:3211} INFO - Sync 1 DAGs
[2024-08-24T09:54:48.554+0000] {logging_mixin.py:190} INFO - [2024-08-24T09:54:48.554+0000] {dag.py:3234} INFO - Creating ORM DAG for example_workday_timetable
[2024-08-24T09:54:48.616+0000] {logging_mixin.py:190} INFO - [2024-08-24T09:54:48.616+0000] {dag.py:4138} INFO - Setting next_dagrun for example_workday_timetable to 2021-01-04 00:00:00+00:00, run_after=2021-01-05 00:00:00+00:00
[2024-08-24T09:54:48.640+0000] {processor.py:208} INFO - Processing /home/airflow/.local/lib/python3.12/site-packages/airflow/example_dags/example_workday_timetable.py took 0.324 seconds
[2024-08-24T09:55:19.607+0000] {processor.py:186} INFO - Started process (PID=157) to work on /home/airflow/.local/lib/python3.12/site-packages/airflow/example_dags/example_workday_timetable.py
[2024-08-24T09:55:19.608+0000] {processor.py:914} INFO - Processing file /home/airflow/.local/lib/python3.12/site-packages/airflow/example_dags/example_workday_timetable.py for tasks to queue
[2024-08-24T09:55:19.610+0000] {logging_mixin.py:190} INFO - [2024-08-24T09:55:19.610+0000] {dagbag.py:587} INFO - Filling up the DagBag from /home/airflow/.local/lib/python3.12/site-packages/airflow/example_dags/example_workday_timetable.py
[2024-08-24T09:55:19.614+0000] {processor.py:925} INFO - DAG(s) 'example_workday_timetable' retrieved from /home/airflow/.local/lib/python3.12/site-packages/airflow/example_dags/example_workday_timetable.py
[2024-08-24T09:55:19.630+0000] {logging_mixin.py:190} INFO - [2024-08-24T09:55:19.630+0000] {dag.py:3211} INFO - Sync 1 DAGs
[2024-08-24T09:55:19.675+0000] {logging_mixin.py:190} INFO - [2024-08-24T09:55:19.675+0000] {dag.py:4138} INFO - Setting next_dagrun for example_workday_timetable to 2021-01-04 00:00:00+00:00, run_after=2021-01-05 00:00:00+00:00
[2024-08-24T09:55:19.692+0000] {processor.py:208} INFO - Processing /home/airflow/.local/lib/python3.12/site-packages/airflow/example_dags/example_workday_timetable.py took 0.089 seconds
[2024-08-24T09:55:49.846+0000] {processor.py:186} INFO - Started process (PID=219) to work on /home/airflow/.local/lib/python3.12/site-packages/airflow/example_dags/example_workday_timetable.py
[2024-08-24T09:55:49.847+0000] {processor.py:914} INFO - Processing file /home/airflow/.local/lib/python3.12/site-packages/airflow/example_dags/example_workday_timetable.py for tasks to queue
[2024-08-24T09:55:49.849+0000] {logging_mixin.py:190} INFO - [2024-08-24T09:55:49.848+0000] {dagbag.py:587} INFO - Filling up the DagBag from /home/airflow/.local/lib/python3.12/site-packages/airflow/example_dags/example_workday_timetable.py
[2024-08-24T09:55:49.853+0000] {processor.py:925} INFO - DAG(s) 'example_workday_timetable' retrieved from /home/airflow/.local/lib/python3.12/site-packages/airflow/example_dags/example_workday_timetable.py
[2024-08-24T09:55:49.869+0000] {logging_mixin.py:190} INFO - [2024-08-24T09:55:49.868+0000] {dag.py:3211} INFO - Sync 1 DAGs
[2024-08-24T09:55:49.923+0000] {logging_mixin.py:190} INFO - [2024-08-24T09:55:49.922+0000] {dag.py:4138} INFO - Setting next_dagrun for example_workday_timetable to 2021-01-04 00:00:00+00:00, run_after=2021-01-05 00:00:00+00:00
[2024-08-24T09:55:49.941+0000] {processor.py:208} INFO - Processing /home/airflow/.local/lib/python3.12/site-packages/airflow/example_dags/example_workday_timetable.py took 0.100 seconds
[2024-08-24T09:56:20.062+0000] {processor.py:186} INFO - Started process (PID=281) to work on /home/airflow/.local/lib/python3.12/site-packages/airflow/example_dags/example_workday_timetable.py
[2024-08-24T09:56:20.063+0000] {processor.py:914} INFO - Processing file /home/airflow/.local/lib/python3.12/site-packages/airflow/example_dags/example_workday_timetable.py for tasks to queue
[2024-08-24T09:56:20.065+0000] {logging_mixin.py:190} INFO - [2024-08-24T09:56:20.064+0000] {dagbag.py:587} INFO - Filling up the DagBag from /home/airflow/.local/lib/python3.12/site-packages/airflow/example_dags/example_workday_timetable.py
[2024-08-24T09:56:20.069+0000] {processor.py:925} INFO - DAG(s) 'example_workday_timetable' retrieved from /home/airflow/.local/lib/python3.12/site-packages/airflow/example_dags/example_workday_timetable.py
[2024-08-24T09:56:20.085+0000] {logging_mixin.py:190} INFO - [2024-08-24T09:56:20.085+0000] {dag.py:3211} INFO - Sync 1 DAGs
[2024-08-24T09:56:20.128+0000] {logging_mixin.py:190} INFO - [2024-08-24T09:56:20.128+0000] {dag.py:4138} INFO - Setting next_dagrun for example_workday_timetable to 2021-01-04 00:00:00+00:00, run_after=2021-01-05 00:00:00+00:00
[2024-08-24T09:56:20.147+0000] {processor.py:208} INFO - Processing /home/airflow/.local/lib/python3.12/site-packages/airflow/example_dags/example_workday_timetable.py took 0.089 seconds
[2024-08-24T09:56:51.216+0000] {processor.py:186} INFO - Started process (PID=343) to work on /home/airflow/.local/lib/python3.12/site-packages/airflow/example_dags/example_workday_timetable.py
[2024-08-24T09:56:51.219+0000] {processor.py:914} INFO - Processing file /home/airflow/.local/lib/python3.12/site-packages/airflow/example_dags/example_workday_timetable.py for tasks to queue
[2024-08-24T09:56:51.229+0000] {logging_mixin.py:190} INFO - [2024-08-24T09:56:51.228+0000] {dagbag.py:587} INFO - Filling up the DagBag from /home/airflow/.local/lib/python3.12/site-packages/airflow/example_dags/example_workday_timetable.py
[2024-08-24T09:56:51.253+0000] {processor.py:925} INFO - DAG(s) 'example_workday_timetable' retrieved from /home/airflow/.local/lib/python3.12/site-packages/airflow/example_dags/example_workday_timetable.py
[2024-08-24T09:56:51.332+0000] {logging_mixin.py:190} INFO - [2024-08-24T09:56:51.331+0000] {dag.py:3211} INFO - Sync 1 DAGs
[2024-08-24T09:56:51.553+0000] {logging_mixin.py:190} INFO - [2024-08-24T09:56:51.553+0000] {dag.py:4138} INFO - Setting next_dagrun for example_workday_timetable to 2021-01-04 00:00:00+00:00, run_after=2021-01-05 00:00:00+00:00
[2024-08-24T09:56:51.630+0000] {processor.py:208} INFO - Processing /home/airflow/.local/lib/python3.12/site-packages/airflow/example_dags/example_workday_timetable.py took 0.440 seconds
[2024-08-24T09:57:22.356+0000] {processor.py:186} INFO - Started process (PID=405) to work on /home/airflow/.local/lib/python3.12/site-packages/airflow/example_dags/example_workday_timetable.py
[2024-08-24T09:57:22.357+0000] {processor.py:914} INFO - Processing file /home/airflow/.local/lib/python3.12/site-packages/airflow/example_dags/example_workday_timetable.py for tasks to queue
[2024-08-24T09:57:22.359+0000] {logging_mixin.py:190} INFO - [2024-08-24T09:57:22.358+0000] {dagbag.py:587} INFO - Filling up the DagBag from /home/airflow/.local/lib/python3.12/site-packages/airflow/example_dags/example_workday_timetable.py
[2024-08-24T09:57:22.364+0000] {processor.py:925} INFO - DAG(s) 'example_workday_timetable' retrieved from /home/airflow/.local/lib/python3.12/site-packages/airflow/example_dags/example_workday_timetable.py
[2024-08-24T09:57:22.380+0000] {logging_mixin.py:190} INFO - [2024-08-24T09:57:22.380+0000] {dag.py:3211} INFO - Sync 1 DAGs
[2024-08-24T09:57:22.426+0000] {logging_mixin.py:190} INFO - [2024-08-24T09:57:22.426+0000] {dag.py:4138} INFO - Setting next_dagrun for example_workday_timetable to 2021-01-04 00:00:00+00:00, run_after=2021-01-05 00:00:00+00:00
[2024-08-24T09:57:22.445+0000] {processor.py:208} INFO - Processing /home/airflow/.local/lib/python3.12/site-packages/airflow/example_dags/example_workday_timetable.py took 0.093 seconds
[2024-08-24T09:57:52.543+0000] {processor.py:186} INFO - Started process (PID=467) to work on /home/airflow/.local/lib/python3.12/site-packages/airflow/example_dags/example_workday_timetable.py
[2024-08-24T09:57:52.543+0000] {processor.py:914} INFO - Processing file /home/airflow/.local/lib/python3.12/site-packages/airflow/example_dags/example_workday_timetable.py for tasks to queue
[2024-08-24T09:57:52.546+0000] {logging_mixin.py:190} INFO - [2024-08-24T09:57:52.545+0000] {dagbag.py:587} INFO - Filling up the DagBag from /home/airflow/.local/lib/python3.12/site-packages/airflow/example_dags/example_workday_timetable.py
[2024-08-24T09:57:52.550+0000] {processor.py:925} INFO - DAG(s) 'example_workday_timetable' retrieved from /home/airflow/.local/lib/python3.12/site-packages/airflow/example_dags/example_workday_timetable.py
[2024-08-24T09:57:52.566+0000] {logging_mixin.py:190} INFO - [2024-08-24T09:57:52.566+0000] {dag.py:3211} INFO - Sync 1 DAGs
[2024-08-24T09:57:52.616+0000] {logging_mixin.py:190} INFO - [2024-08-24T09:57:52.616+0000] {dag.py:4138} INFO - Setting next_dagrun for example_workday_timetable to 2021-01-04 00:00:00+00:00, run_after=2021-01-05 00:00:00+00:00
[2024-08-24T09:57:52.633+0000] {processor.py:208} INFO - Processing /home/airflow/.local/lib/python3.12/site-packages/airflow/example_dags/example_workday_timetable.py took 0.095 seconds
