[2024-08-24T09:54:47.357+0000] {processor.py:186} INFO - Started process (PID=88) to work on /home/airflow/.local/lib/python3.12/site-packages/airflow/example_dags/example_python_decorator.py
[2024-08-24T09:54:47.358+0000] {processor.py:914} INFO - Processing file /home/airflow/.local/lib/python3.12/site-packages/airflow/example_dags/example_python_decorator.py for tasks to queue
[2024-08-24T09:54:47.361+0000] {logging_mixin.py:190} INFO - [2024-08-24T09:54:47.360+0000] {dagbag.py:587} INFO - Filling up the DagBag from /home/airflow/.local/lib/python3.12/site-packages/airflow/example_dags/example_python_decorator.py
[2024-08-24T09:54:47.379+0000] {processor.py:925} INFO - DAG(s) 'example_python_decorator' retrieved from /home/airflow/.local/lib/python3.12/site-packages/airflow/example_dags/example_python_decorator.py
[2024-08-24T09:54:47.479+0000] {logging_mixin.py:190} INFO - [2024-08-24T09:54:47.478+0000] {override.py:1858} INFO - Created Permission View: can read on DAG:example_python_decorator
[2024-08-24T09:54:47.491+0000] {logging_mixin.py:190} INFO - [2024-08-24T09:54:47.491+0000] {override.py:1858} INFO - Created Permission View: can delete on DAG:example_python_decorator
[2024-08-24T09:54:47.499+0000] {logging_mixin.py:190} INFO - [2024-08-24T09:54:47.499+0000] {override.py:1858} INFO - Created Permission View: can edit on DAG:example_python_decorator
[2024-08-24T09:54:47.500+0000] {logging_mixin.py:190} INFO - [2024-08-24T09:54:47.499+0000] {dag.py:3211} INFO - Sync 1 DAGs
[2024-08-24T09:54:47.512+0000] {logging_mixin.py:190} INFO - [2024-08-24T09:54:47.512+0000] {dag.py:3234} INFO - Creating ORM DAG for example_python_decorator
[2024-08-24T09:54:47.513+0000] {logging_mixin.py:190} INFO - [2024-08-24T09:54:47.513+0000] {dag.py:4138} INFO - Setting next_dagrun for example_python_decorator to None, run_after=None
[2024-08-24T09:54:47.528+0000] {processor.py:208} INFO - Processing /home/airflow/.local/lib/python3.12/site-packages/airflow/example_dags/example_python_decorator.py took 0.181 seconds
[2024-08-24T09:55:17.961+0000] {processor.py:186} INFO - Started process (PID=150) to work on /home/airflow/.local/lib/python3.12/site-packages/airflow/example_dags/example_python_decorator.py
[2024-08-24T09:55:17.963+0000] {processor.py:914} INFO - Processing file /home/airflow/.local/lib/python3.12/site-packages/airflow/example_dags/example_python_decorator.py for tasks to queue
[2024-08-24T09:55:17.966+0000] {logging_mixin.py:190} INFO - [2024-08-24T09:55:17.966+0000] {dagbag.py:587} INFO - Filling up the DagBag from /home/airflow/.local/lib/python3.12/site-packages/airflow/example_dags/example_python_decorator.py
[2024-08-24T09:55:17.984+0000] {processor.py:925} INFO - DAG(s) 'example_python_decorator' retrieved from /home/airflow/.local/lib/python3.12/site-packages/airflow/example_dags/example_python_decorator.py
[2024-08-24T09:55:18.003+0000] {logging_mixin.py:190} INFO - [2024-08-24T09:55:18.003+0000] {dag.py:3211} INFO - Sync 1 DAGs
[2024-08-24T09:55:18.020+0000] {logging_mixin.py:190} INFO - [2024-08-24T09:55:18.019+0000] {dag.py:4138} INFO - Setting next_dagrun for example_python_decorator to None, run_after=None
[2024-08-24T09:55:18.055+0000] {processor.py:208} INFO - Processing /home/airflow/.local/lib/python3.12/site-packages/airflow/example_dags/example_python_decorator.py took 0.100 seconds
[2024-08-24T09:55:48.326+0000] {processor.py:186} INFO - Started process (PID=212) to work on /home/airflow/.local/lib/python3.12/site-packages/airflow/example_dags/example_python_decorator.py
[2024-08-24T09:55:48.327+0000] {processor.py:914} INFO - Processing file /home/airflow/.local/lib/python3.12/site-packages/airflow/example_dags/example_python_decorator.py for tasks to queue
[2024-08-24T09:55:48.329+0000] {logging_mixin.py:190} INFO - [2024-08-24T09:55:48.329+0000] {dagbag.py:587} INFO - Filling up the DagBag from /home/airflow/.local/lib/python3.12/site-packages/airflow/example_dags/example_python_decorator.py
[2024-08-24T09:55:48.340+0000] {processor.py:925} INFO - DAG(s) 'example_python_decorator' retrieved from /home/airflow/.local/lib/python3.12/site-packages/airflow/example_dags/example_python_decorator.py
[2024-08-24T09:55:48.358+0000] {logging_mixin.py:190} INFO - [2024-08-24T09:55:48.358+0000] {dag.py:3211} INFO - Sync 1 DAGs
[2024-08-24T09:55:48.369+0000] {logging_mixin.py:190} INFO - [2024-08-24T09:55:48.369+0000] {dag.py:4138} INFO - Setting next_dagrun for example_python_decorator to None, run_after=None
[2024-08-24T09:55:48.386+0000] {processor.py:208} INFO - Processing /home/airflow/.local/lib/python3.12/site-packages/airflow/example_dags/example_python_decorator.py took 0.065 seconds
[2024-08-24T09:56:18.648+0000] {processor.py:186} INFO - Started process (PID=274) to work on /home/airflow/.local/lib/python3.12/site-packages/airflow/example_dags/example_python_decorator.py
[2024-08-24T09:56:18.649+0000] {processor.py:914} INFO - Processing file /home/airflow/.local/lib/python3.12/site-packages/airflow/example_dags/example_python_decorator.py for tasks to queue
[2024-08-24T09:56:18.651+0000] {logging_mixin.py:190} INFO - [2024-08-24T09:56:18.651+0000] {dagbag.py:587} INFO - Filling up the DagBag from /home/airflow/.local/lib/python3.12/site-packages/airflow/example_dags/example_python_decorator.py
[2024-08-24T09:56:18.662+0000] {processor.py:925} INFO - DAG(s) 'example_python_decorator' retrieved from /home/airflow/.local/lib/python3.12/site-packages/airflow/example_dags/example_python_decorator.py
[2024-08-24T09:56:18.678+0000] {logging_mixin.py:190} INFO - [2024-08-24T09:56:18.678+0000] {dag.py:3211} INFO - Sync 1 DAGs
[2024-08-24T09:56:18.688+0000] {logging_mixin.py:190} INFO - [2024-08-24T09:56:18.688+0000] {dag.py:4138} INFO - Setting next_dagrun for example_python_decorator to None, run_after=None
[2024-08-24T09:56:18.707+0000] {processor.py:208} INFO - Processing /home/airflow/.local/lib/python3.12/site-packages/airflow/example_dags/example_python_decorator.py took 0.063 seconds
[2024-08-24T09:56:49.526+0000] {processor.py:186} INFO - Started process (PID=336) to work on /home/airflow/.local/lib/python3.12/site-packages/airflow/example_dags/example_python_decorator.py
[2024-08-24T09:56:49.529+0000] {processor.py:914} INFO - Processing file /home/airflow/.local/lib/python3.12/site-packages/airflow/example_dags/example_python_decorator.py for tasks to queue
[2024-08-24T09:56:49.533+0000] {logging_mixin.py:190} INFO - [2024-08-24T09:56:49.533+0000] {dagbag.py:587} INFO - Filling up the DagBag from /home/airflow/.local/lib/python3.12/site-packages/airflow/example_dags/example_python_decorator.py
[2024-08-24T09:56:49.559+0000] {processor.py:925} INFO - DAG(s) 'example_python_decorator' retrieved from /home/airflow/.local/lib/python3.12/site-packages/airflow/example_dags/example_python_decorator.py
[2024-08-24T09:56:49.602+0000] {logging_mixin.py:190} INFO - [2024-08-24T09:56:49.602+0000] {dag.py:3211} INFO - Sync 1 DAGs
[2024-08-24T09:56:49.635+0000] {logging_mixin.py:190} INFO - [2024-08-24T09:56:49.634+0000] {dag.py:4138} INFO - Setting next_dagrun for example_python_decorator to None, run_after=None
[2024-08-24T09:56:49.674+0000] {processor.py:208} INFO - Processing /home/airflow/.local/lib/python3.12/site-packages/airflow/example_dags/example_python_decorator.py took 0.157 seconds
[2024-08-24T09:57:19.750+0000] {processor.py:186} INFO - Started process (PID=398) to work on /home/airflow/.local/lib/python3.12/site-packages/airflow/example_dags/example_python_decorator.py
[2024-08-24T09:57:19.751+0000] {processor.py:914} INFO - Processing file /home/airflow/.local/lib/python3.12/site-packages/airflow/example_dags/example_python_decorator.py for tasks to queue
[2024-08-24T09:57:19.753+0000] {logging_mixin.py:190} INFO - [2024-08-24T09:57:19.752+0000] {dagbag.py:587} INFO - Filling up the DagBag from /home/airflow/.local/lib/python3.12/site-packages/airflow/example_dags/example_python_decorator.py
[2024-08-24T09:57:19.763+0000] {processor.py:925} INFO - DAG(s) 'example_python_decorator' retrieved from /home/airflow/.local/lib/python3.12/site-packages/airflow/example_dags/example_python_decorator.py
[2024-08-24T09:57:19.781+0000] {logging_mixin.py:190} INFO - [2024-08-24T09:57:19.781+0000] {dag.py:3211} INFO - Sync 1 DAGs
[2024-08-24T09:57:19.792+0000] {logging_mixin.py:190} INFO - [2024-08-24T09:57:19.792+0000] {dag.py:4138} INFO - Setting next_dagrun for example_python_decorator to None, run_after=None
[2024-08-24T09:57:19.812+0000] {processor.py:208} INFO - Processing /home/airflow/.local/lib/python3.12/site-packages/airflow/example_dags/example_python_decorator.py took 0.067 seconds
[2024-08-24T09:57:50.097+0000] {processor.py:186} INFO - Started process (PID=460) to work on /home/airflow/.local/lib/python3.12/site-packages/airflow/example_dags/example_python_decorator.py
[2024-08-24T09:57:50.098+0000] {processor.py:914} INFO - Processing file /home/airflow/.local/lib/python3.12/site-packages/airflow/example_dags/example_python_decorator.py for tasks to queue
[2024-08-24T09:57:50.100+0000] {logging_mixin.py:190} INFO - [2024-08-24T09:57:50.100+0000] {dagbag.py:587} INFO - Filling up the DagBag from /home/airflow/.local/lib/python3.12/site-packages/airflow/example_dags/example_python_decorator.py
[2024-08-24T09:57:50.110+0000] {processor.py:925} INFO - DAG(s) 'example_python_decorator' retrieved from /home/airflow/.local/lib/python3.12/site-packages/airflow/example_dags/example_python_decorator.py
[2024-08-24T09:57:50.129+0000] {logging_mixin.py:190} INFO - [2024-08-24T09:57:50.129+0000] {dag.py:3211} INFO - Sync 1 DAGs
[2024-08-24T09:57:50.141+0000] {logging_mixin.py:190} INFO - [2024-08-24T09:57:50.141+0000] {dag.py:4138} INFO - Setting next_dagrun for example_python_decorator to None, run_after=None
[2024-08-24T09:57:50.160+0000] {processor.py:208} INFO - Processing /home/airflow/.local/lib/python3.12/site-packages/airflow/example_dags/example_python_decorator.py took 0.068 seconds
[2024-08-24T09:58:20.648+0000] {processor.py:186} INFO - Started process (PID=522) to work on /home/airflow/.local/lib/python3.12/site-packages/airflow/example_dags/example_python_decorator.py
[2024-08-24T09:58:20.651+0000] {processor.py:914} INFO - Processing file /home/airflow/.local/lib/python3.12/site-packages/airflow/example_dags/example_python_decorator.py for tasks to queue
[2024-08-24T09:58:20.658+0000] {logging_mixin.py:190} INFO - [2024-08-24T09:58:20.658+0000] {dagbag.py:587} INFO - Filling up the DagBag from /home/airflow/.local/lib/python3.12/site-packages/airflow/example_dags/example_python_decorator.py
[2024-08-24T09:58:20.687+0000] {processor.py:925} INFO - DAG(s) 'example_python_decorator' retrieved from /home/airflow/.local/lib/python3.12/site-packages/airflow/example_dags/example_python_decorator.py
[2024-08-24T09:58:20.732+0000] {logging_mixin.py:190} INFO - [2024-08-24T09:58:20.731+0000] {dag.py:3211} INFO - Sync 1 DAGs
[2024-08-24T09:58:20.760+0000] {logging_mixin.py:190} INFO - [2024-08-24T09:58:20.760+0000] {dag.py:4138} INFO - Setting next_dagrun for example_python_decorator to None, run_after=None
[2024-08-24T09:58:20.797+0000] {processor.py:208} INFO - Processing /home/airflow/.local/lib/python3.12/site-packages/airflow/example_dags/example_python_decorator.py took 0.163 seconds
