[2024-08-24T09:54:49.376+0000] {processor.py:186} INFO - Started process (PID=103) to work on /home/airflow/.local/lib/python3.12/site-packages/airflow/example_dags/example_sensors.py
[2024-08-24T09:54:49.377+0000] {processor.py:914} INFO - Processing file /home/airflow/.local/lib/python3.12/site-packages/airflow/example_dags/example_sensors.py for tasks to queue
[2024-08-24T09:54:49.379+0000] {logging_mixin.py:190} INFO - [2024-08-24T09:54:49.379+0000] {dagbag.py:587} INFO - Filling up the DagBag from /home/airflow/.local/lib/python3.12/site-packages/airflow/example_dags/example_sensors.py
[2024-08-24T09:54:49.390+0000] {processor.py:925} INFO - DAG(s) 'example_sensors' retrieved from /home/airflow/.local/lib/python3.12/site-packages/airflow/example_dags/example_sensors.py
[2024-08-24T09:54:49.500+0000] {logging_mixin.py:190} INFO - [2024-08-24T09:54:49.499+0000] {override.py:1858} INFO - Created Permission View: can read on DAG:example_sensors
[2024-08-24T09:54:49.512+0000] {logging_mixin.py:190} INFO - [2024-08-24T09:54:49.511+0000] {override.py:1858} INFO - Created Permission View: can delete on DAG:example_sensors
[2024-08-24T09:54:49.520+0000] {logging_mixin.py:190} INFO - [2024-08-24T09:54:49.519+0000] {override.py:1858} INFO - Created Permission View: can edit on DAG:example_sensors
[2024-08-24T09:54:49.521+0000] {logging_mixin.py:190} INFO - [2024-08-24T09:54:49.520+0000] {dag.py:3211} INFO - Sync 1 DAGs
[2024-08-24T09:54:49.536+0000] {logging_mixin.py:190} INFO - [2024-08-24T09:54:49.536+0000] {dag.py:3234} INFO - Creating ORM DAG for example_sensors
[2024-08-24T09:54:49.537+0000] {logging_mixin.py:190} INFO - [2024-08-24T09:54:49.537+0000] {dag.py:4138} INFO - Setting next_dagrun for example_sensors to None, run_after=None
[2024-08-24T09:54:49.560+0000] {processor.py:208} INFO - Processing /home/airflow/.local/lib/python3.12/site-packages/airflow/example_dags/example_sensors.py took 0.189 seconds
[2024-08-24T09:55:19.966+0000] {processor.py:186} INFO - Started process (PID=165) to work on /home/airflow/.local/lib/python3.12/site-packages/airflow/example_dags/example_sensors.py
[2024-08-24T09:55:19.967+0000] {processor.py:914} INFO - Processing file /home/airflow/.local/lib/python3.12/site-packages/airflow/example_dags/example_sensors.py for tasks to queue
[2024-08-24T09:55:19.969+0000] {logging_mixin.py:190} INFO - [2024-08-24T09:55:19.968+0000] {dagbag.py:587} INFO - Filling up the DagBag from /home/airflow/.local/lib/python3.12/site-packages/airflow/example_dags/example_sensors.py
[2024-08-24T09:55:19.977+0000] {processor.py:925} INFO - DAG(s) 'example_sensors' retrieved from /home/airflow/.local/lib/python3.12/site-packages/airflow/example_dags/example_sensors.py
[2024-08-24T09:55:19.999+0000] {logging_mixin.py:190} INFO - [2024-08-24T09:55:19.999+0000] {dag.py:3211} INFO - Sync 1 DAGs
[2024-08-24T09:55:20.009+0000] {logging_mixin.py:190} INFO - [2024-08-24T09:55:20.009+0000] {dag.py:4138} INFO - Setting next_dagrun for example_sensors to None, run_after=None
[2024-08-24T09:55:20.026+0000] {processor.py:208} INFO - Processing /home/airflow/.local/lib/python3.12/site-packages/airflow/example_dags/example_sensors.py took 0.065 seconds
[2024-08-24T09:55:50.210+0000] {processor.py:186} INFO - Started process (PID=227) to work on /home/airflow/.local/lib/python3.12/site-packages/airflow/example_dags/example_sensors.py
[2024-08-24T09:55:50.211+0000] {processor.py:914} INFO - Processing file /home/airflow/.local/lib/python3.12/site-packages/airflow/example_dags/example_sensors.py for tasks to queue
[2024-08-24T09:55:50.213+0000] {logging_mixin.py:190} INFO - [2024-08-24T09:55:50.213+0000] {dagbag.py:587} INFO - Filling up the DagBag from /home/airflow/.local/lib/python3.12/site-packages/airflow/example_dags/example_sensors.py
[2024-08-24T09:55:50.221+0000] {processor.py:925} INFO - DAG(s) 'example_sensors' retrieved from /home/airflow/.local/lib/python3.12/site-packages/airflow/example_dags/example_sensors.py
[2024-08-24T09:55:50.243+0000] {logging_mixin.py:190} INFO - [2024-08-24T09:55:50.243+0000] {dag.py:3211} INFO - Sync 1 DAGs
[2024-08-24T09:55:50.254+0000] {logging_mixin.py:190} INFO - [2024-08-24T09:55:50.254+0000] {dag.py:4138} INFO - Setting next_dagrun for example_sensors to None, run_after=None
[2024-08-24T09:55:50.273+0000] {processor.py:208} INFO - Processing /home/airflow/.local/lib/python3.12/site-packages/airflow/example_dags/example_sensors.py took 0.067 seconds
[2024-08-24T09:56:20.415+0000] {processor.py:186} INFO - Started process (PID=289) to work on /home/airflow/.local/lib/python3.12/site-packages/airflow/example_dags/example_sensors.py
[2024-08-24T09:56:20.416+0000] {processor.py:914} INFO - Processing file /home/airflow/.local/lib/python3.12/site-packages/airflow/example_dags/example_sensors.py for tasks to queue
[2024-08-24T09:56:20.418+0000] {logging_mixin.py:190} INFO - [2024-08-24T09:56:20.418+0000] {dagbag.py:587} INFO - Filling up the DagBag from /home/airflow/.local/lib/python3.12/site-packages/airflow/example_dags/example_sensors.py
[2024-08-24T09:56:20.427+0000] {processor.py:925} INFO - DAG(s) 'example_sensors' retrieved from /home/airflow/.local/lib/python3.12/site-packages/airflow/example_dags/example_sensors.py
[2024-08-24T09:56:20.448+0000] {logging_mixin.py:190} INFO - [2024-08-24T09:56:20.448+0000] {dag.py:3211} INFO - Sync 1 DAGs
[2024-08-24T09:56:20.458+0000] {logging_mixin.py:190} INFO - [2024-08-24T09:56:20.458+0000] {dag.py:4138} INFO - Setting next_dagrun for example_sensors to None, run_after=None
[2024-08-24T09:56:20.476+0000] {processor.py:208} INFO - Processing /home/airflow/.local/lib/python3.12/site-packages/airflow/example_dags/example_sensors.py took 0.065 seconds
[2024-08-24T09:56:52.496+0000] {processor.py:186} INFO - Started process (PID=351) to work on /home/airflow/.local/lib/python3.12/site-packages/airflow/example_dags/example_sensors.py
[2024-08-24T09:56:52.500+0000] {processor.py:914} INFO - Processing file /home/airflow/.local/lib/python3.12/site-packages/airflow/example_dags/example_sensors.py for tasks to queue
[2024-08-24T09:56:52.504+0000] {logging_mixin.py:190} INFO - [2024-08-24T09:56:52.504+0000] {dagbag.py:587} INFO - Filling up the DagBag from /home/airflow/.local/lib/python3.12/site-packages/airflow/example_dags/example_sensors.py
[2024-08-24T09:56:52.539+0000] {processor.py:925} INFO - DAG(s) 'example_sensors' retrieved from /home/airflow/.local/lib/python3.12/site-packages/airflow/example_dags/example_sensors.py
[2024-08-24T09:56:52.609+0000] {logging_mixin.py:190} INFO - [2024-08-24T09:56:52.608+0000] {dag.py:3211} INFO - Sync 1 DAGs
[2024-08-24T09:56:52.648+0000] {logging_mixin.py:190} INFO - [2024-08-24T09:56:52.648+0000] {dag.py:4138} INFO - Setting next_dagrun for example_sensors to None, run_after=None
[2024-08-24T09:56:52.692+0000] {processor.py:208} INFO - Processing /home/airflow/.local/lib/python3.12/site-packages/airflow/example_dags/example_sensors.py took 0.215 seconds
[2024-08-24T09:57:22.758+0000] {processor.py:186} INFO - Started process (PID=413) to work on /home/airflow/.local/lib/python3.12/site-packages/airflow/example_dags/example_sensors.py
[2024-08-24T09:57:22.759+0000] {processor.py:914} INFO - Processing file /home/airflow/.local/lib/python3.12/site-packages/airflow/example_dags/example_sensors.py for tasks to queue
[2024-08-24T09:57:22.761+0000] {logging_mixin.py:190} INFO - [2024-08-24T09:57:22.761+0000] {dagbag.py:587} INFO - Filling up the DagBag from /home/airflow/.local/lib/python3.12/site-packages/airflow/example_dags/example_sensors.py
[2024-08-24T09:57:22.769+0000] {processor.py:925} INFO - DAG(s) 'example_sensors' retrieved from /home/airflow/.local/lib/python3.12/site-packages/airflow/example_dags/example_sensors.py
[2024-08-24T09:57:22.790+0000] {logging_mixin.py:190} INFO - [2024-08-24T09:57:22.790+0000] {dag.py:3211} INFO - Sync 1 DAGs
[2024-08-24T09:57:22.800+0000] {logging_mixin.py:190} INFO - [2024-08-24T09:57:22.800+0000] {dag.py:4138} INFO - Setting next_dagrun for example_sensors to None, run_after=None
[2024-08-24T09:57:22.816+0000] {processor.py:208} INFO - Processing /home/airflow/.local/lib/python3.12/site-packages/airflow/example_dags/example_sensors.py took 0.062 seconds
[2024-08-24T09:57:52.912+0000] {processor.py:186} INFO - Started process (PID=475) to work on /home/airflow/.local/lib/python3.12/site-packages/airflow/example_dags/example_sensors.py
[2024-08-24T09:57:52.913+0000] {processor.py:914} INFO - Processing file /home/airflow/.local/lib/python3.12/site-packages/airflow/example_dags/example_sensors.py for tasks to queue
[2024-08-24T09:57:52.915+0000] {logging_mixin.py:190} INFO - [2024-08-24T09:57:52.915+0000] {dagbag.py:587} INFO - Filling up the DagBag from /home/airflow/.local/lib/python3.12/site-packages/airflow/example_dags/example_sensors.py
[2024-08-24T09:57:52.923+0000] {processor.py:925} INFO - DAG(s) 'example_sensors' retrieved from /home/airflow/.local/lib/python3.12/site-packages/airflow/example_dags/example_sensors.py
[2024-08-24T09:57:52.944+0000] {logging_mixin.py:190} INFO - [2024-08-24T09:57:52.944+0000] {dag.py:3211} INFO - Sync 1 DAGs
[2024-08-24T09:57:52.955+0000] {logging_mixin.py:190} INFO - [2024-08-24T09:57:52.955+0000] {dag.py:4138} INFO - Setting next_dagrun for example_sensors to None, run_after=None
[2024-08-24T09:57:52.972+0000] {processor.py:208} INFO - Processing /home/airflow/.local/lib/python3.12/site-packages/airflow/example_dags/example_sensors.py took 0.065 seconds
