[2024-08-24T09:54:47.792+0000] {processor.py:186} INFO - Started process (PID=92) to work on /home/airflow/.local/lib/python3.12/site-packages/airflow/example_dags/example_local_kubernetes_executor.py
[2024-08-24T09:54:47.794+0000] {processor.py:914} INFO - Processing file /home/airflow/.local/lib/python3.12/site-packages/airflow/example_dags/example_local_kubernetes_executor.py for tasks to queue
[2024-08-24T09:54:47.797+0000] {logging_mixin.py:190} INFO - [2024-08-24T09:54:47.796+0000] {dagbag.py:587} INFO - Filling up the DagBag from /home/airflow/.local/lib/python3.12/site-packages/airflow/example_dags/example_local_kubernetes_executor.py
[2024-08-24T09:54:47.808+0000] {processor.py:925} INFO - DAG(s) 'example_local_kubernetes_executor' retrieved from /home/airflow/.local/lib/python3.12/site-packages/airflow/example_dags/example_local_kubernetes_executor.py
[2024-08-24T09:54:47.947+0000] {logging_mixin.py:190} INFO - [2024-08-24T09:54:47.946+0000] {override.py:1858} INFO - Created Permission View: can read on DAG:example_local_kubernetes_executor
[2024-08-24T09:54:47.958+0000] {logging_mixin.py:190} INFO - [2024-08-24T09:54:47.958+0000] {override.py:1858} INFO - Created Permission View: can delete on DAG:example_local_kubernetes_executor
[2024-08-24T09:54:47.965+0000] {logging_mixin.py:190} INFO - [2024-08-24T09:54:47.965+0000] {override.py:1858} INFO - Created Permission View: can edit on DAG:example_local_kubernetes_executor
[2024-08-24T09:54:47.966+0000] {logging_mixin.py:190} INFO - [2024-08-24T09:54:47.966+0000] {dag.py:3211} INFO - Sync 1 DAGs
[2024-08-24T09:54:47.980+0000] {logging_mixin.py:190} INFO - [2024-08-24T09:54:47.980+0000] {dag.py:3234} INFO - Creating ORM DAG for example_local_kubernetes_executor
[2024-08-24T09:54:47.981+0000] {logging_mixin.py:190} INFO - [2024-08-24T09:54:47.981+0000] {dag.py:4138} INFO - Setting next_dagrun for example_local_kubernetes_executor to None, run_after=None
[2024-08-24T09:54:48.000+0000] {processor.py:208} INFO - Processing /home/airflow/.local/lib/python3.12/site-packages/airflow/example_dags/example_local_kubernetes_executor.py took 0.213 seconds
[2024-08-24T09:55:18.155+0000] {processor.py:186} INFO - Started process (PID=153) to work on /home/airflow/.local/lib/python3.12/site-packages/airflow/example_dags/example_local_kubernetes_executor.py
[2024-08-24T09:55:18.156+0000] {processor.py:914} INFO - Processing file /home/airflow/.local/lib/python3.12/site-packages/airflow/example_dags/example_local_kubernetes_executor.py for tasks to queue
[2024-08-24T09:55:18.159+0000] {logging_mixin.py:190} INFO - [2024-08-24T09:55:18.158+0000] {dagbag.py:587} INFO - Filling up the DagBag from /home/airflow/.local/lib/python3.12/site-packages/airflow/example_dags/example_local_kubernetes_executor.py
[2024-08-24T09:55:18.169+0000] {processor.py:925} INFO - DAG(s) 'example_local_kubernetes_executor' retrieved from /home/airflow/.local/lib/python3.12/site-packages/airflow/example_dags/example_local_kubernetes_executor.py
[2024-08-24T09:55:18.204+0000] {logging_mixin.py:190} INFO - [2024-08-24T09:55:18.204+0000] {dag.py:3211} INFO - Sync 1 DAGs
[2024-08-24T09:55:18.224+0000] {logging_mixin.py:190} INFO - [2024-08-24T09:55:18.223+0000] {dag.py:4138} INFO - Setting next_dagrun for example_local_kubernetes_executor to None, run_after=None
[2024-08-24T09:55:18.251+0000] {processor.py:208} INFO - Processing /home/airflow/.local/lib/python3.12/site-packages/airflow/example_dags/example_local_kubernetes_executor.py took 0.103 seconds
[2024-08-24T09:55:48.477+0000] {processor.py:186} INFO - Started process (PID=215) to work on /home/airflow/.local/lib/python3.12/site-packages/airflow/example_dags/example_local_kubernetes_executor.py
[2024-08-24T09:55:48.477+0000] {processor.py:914} INFO - Processing file /home/airflow/.local/lib/python3.12/site-packages/airflow/example_dags/example_local_kubernetes_executor.py for tasks to queue
[2024-08-24T09:55:48.479+0000] {logging_mixin.py:190} INFO - [2024-08-24T09:55:48.479+0000] {dagbag.py:587} INFO - Filling up the DagBag from /home/airflow/.local/lib/python3.12/site-packages/airflow/example_dags/example_local_kubernetes_executor.py
[2024-08-24T09:55:48.486+0000] {processor.py:925} INFO - DAG(s) 'example_local_kubernetes_executor' retrieved from /home/airflow/.local/lib/python3.12/site-packages/airflow/example_dags/example_local_kubernetes_executor.py
[2024-08-24T09:55:48.510+0000] {logging_mixin.py:190} INFO - [2024-08-24T09:55:48.510+0000] {dag.py:3211} INFO - Sync 1 DAGs
[2024-08-24T09:55:48.520+0000] {logging_mixin.py:190} INFO - [2024-08-24T09:55:48.520+0000] {dag.py:4138} INFO - Setting next_dagrun for example_local_kubernetes_executor to None, run_after=None
[2024-08-24T09:55:48.536+0000] {processor.py:208} INFO - Processing /home/airflow/.local/lib/python3.12/site-packages/airflow/example_dags/example_local_kubernetes_executor.py took 0.064 seconds
[2024-08-24T09:56:18.775+0000] {processor.py:186} INFO - Started process (PID=277) to work on /home/airflow/.local/lib/python3.12/site-packages/airflow/example_dags/example_local_kubernetes_executor.py
[2024-08-24T09:56:18.775+0000] {processor.py:914} INFO - Processing file /home/airflow/.local/lib/python3.12/site-packages/airflow/example_dags/example_local_kubernetes_executor.py for tasks to queue
[2024-08-24T09:56:18.777+0000] {logging_mixin.py:190} INFO - [2024-08-24T09:56:18.777+0000] {dagbag.py:587} INFO - Filling up the DagBag from /home/airflow/.local/lib/python3.12/site-packages/airflow/example_dags/example_local_kubernetes_executor.py
[2024-08-24T09:56:18.785+0000] {processor.py:925} INFO - DAG(s) 'example_local_kubernetes_executor' retrieved from /home/airflow/.local/lib/python3.12/site-packages/airflow/example_dags/example_local_kubernetes_executor.py
[2024-08-24T09:56:18.811+0000] {logging_mixin.py:190} INFO - [2024-08-24T09:56:18.811+0000] {dag.py:3211} INFO - Sync 1 DAGs
[2024-08-24T09:56:18.822+0000] {logging_mixin.py:190} INFO - [2024-08-24T09:56:18.822+0000] {dag.py:4138} INFO - Setting next_dagrun for example_local_kubernetes_executor to None, run_after=None
[2024-08-24T09:56:18.839+0000] {processor.py:208} INFO - Processing /home/airflow/.local/lib/python3.12/site-packages/airflow/example_dags/example_local_kubernetes_executor.py took 0.069 seconds
[2024-08-24T09:56:49.934+0000] {processor.py:186} INFO - Started process (PID=339) to work on /home/airflow/.local/lib/python3.12/site-packages/airflow/example_dags/example_local_kubernetes_executor.py
[2024-08-24T09:56:49.938+0000] {processor.py:914} INFO - Processing file /home/airflow/.local/lib/python3.12/site-packages/airflow/example_dags/example_local_kubernetes_executor.py for tasks to queue
[2024-08-24T09:56:49.946+0000] {logging_mixin.py:190} INFO - [2024-08-24T09:56:49.945+0000] {dagbag.py:587} INFO - Filling up the DagBag from /home/airflow/.local/lib/python3.12/site-packages/airflow/example_dags/example_local_kubernetes_executor.py
[2024-08-24T09:56:49.976+0000] {processor.py:925} INFO - DAG(s) 'example_local_kubernetes_executor' retrieved from /home/airflow/.local/lib/python3.12/site-packages/airflow/example_dags/example_local_kubernetes_executor.py
[2024-08-24T09:56:50.108+0000] {logging_mixin.py:190} INFO - [2024-08-24T09:56:50.107+0000] {dag.py:3211} INFO - Sync 1 DAGs
[2024-08-24T09:56:50.204+0000] {logging_mixin.py:190} INFO - [2024-08-24T09:56:50.202+0000] {dag.py:4138} INFO - Setting next_dagrun for example_local_kubernetes_executor to None, run_after=None
[2024-08-24T09:56:50.288+0000] {processor.py:208} INFO - Processing /home/airflow/.local/lib/python3.12/site-packages/airflow/example_dags/example_local_kubernetes_executor.py took 0.374 seconds
[2024-08-24T09:57:20.938+0000] {processor.py:186} INFO - Started process (PID=401) to work on /home/airflow/.local/lib/python3.12/site-packages/airflow/example_dags/example_local_kubernetes_executor.py
[2024-08-24T09:57:20.939+0000] {processor.py:914} INFO - Processing file /home/airflow/.local/lib/python3.12/site-packages/airflow/example_dags/example_local_kubernetes_executor.py for tasks to queue
[2024-08-24T09:57:20.941+0000] {logging_mixin.py:190} INFO - [2024-08-24T09:57:20.941+0000] {dagbag.py:587} INFO - Filling up the DagBag from /home/airflow/.local/lib/python3.12/site-packages/airflow/example_dags/example_local_kubernetes_executor.py
[2024-08-24T09:57:20.949+0000] {processor.py:925} INFO - DAG(s) 'example_local_kubernetes_executor' retrieved from /home/airflow/.local/lib/python3.12/site-packages/airflow/example_dags/example_local_kubernetes_executor.py
[2024-08-24T09:57:20.978+0000] {logging_mixin.py:190} INFO - [2024-08-24T09:57:20.978+0000] {dag.py:3211} INFO - Sync 1 DAGs
[2024-08-24T09:57:20.988+0000] {logging_mixin.py:190} INFO - [2024-08-24T09:57:20.988+0000] {dag.py:4138} INFO - Setting next_dagrun for example_local_kubernetes_executor to None, run_after=None
[2024-08-24T09:57:21.008+0000] {processor.py:208} INFO - Processing /home/airflow/.local/lib/python3.12/site-packages/airflow/example_dags/example_local_kubernetes_executor.py took 0.075 seconds
[2024-08-24T09:57:51.205+0000] {processor.py:186} INFO - Started process (PID=463) to work on /home/airflow/.local/lib/python3.12/site-packages/airflow/example_dags/example_local_kubernetes_executor.py
[2024-08-24T09:57:51.206+0000] {processor.py:914} INFO - Processing file /home/airflow/.local/lib/python3.12/site-packages/airflow/example_dags/example_local_kubernetes_executor.py for tasks to queue
[2024-08-24T09:57:51.208+0000] {logging_mixin.py:190} INFO - [2024-08-24T09:57:51.207+0000] {dagbag.py:587} INFO - Filling up the DagBag from /home/airflow/.local/lib/python3.12/site-packages/airflow/example_dags/example_local_kubernetes_executor.py
[2024-08-24T09:57:51.215+0000] {processor.py:925} INFO - DAG(s) 'example_local_kubernetes_executor' retrieved from /home/airflow/.local/lib/python3.12/site-packages/airflow/example_dags/example_local_kubernetes_executor.py
[2024-08-24T09:57:51.241+0000] {logging_mixin.py:190} INFO - [2024-08-24T09:57:51.241+0000] {dag.py:3211} INFO - Sync 1 DAGs
[2024-08-24T09:57:51.252+0000] {logging_mixin.py:190} INFO - [2024-08-24T09:57:51.252+0000] {dag.py:4138} INFO - Setting next_dagrun for example_local_kubernetes_executor to None, run_after=None
[2024-08-24T09:57:51.271+0000] {processor.py:208} INFO - Processing /home/airflow/.local/lib/python3.12/site-packages/airflow/example_dags/example_local_kubernetes_executor.py took 0.070 seconds
