[2024-08-24T09:54:46.832+0000] {processor.py:186} INFO - Started process (PID=86) to work on /home/airflow/.local/lib/python3.12/site-packages/airflow/example_dags/example_display_name.py
[2024-08-24T09:54:46.834+0000] {processor.py:914} INFO - Processing file /home/airflow/.local/lib/python3.12/site-packages/airflow/example_dags/example_display_name.py for tasks to queue
[2024-08-24T09:54:46.837+0000] {logging_mixin.py:190} INFO - [2024-08-24T09:54:46.837+0000] {dagbag.py:587} INFO - Filling up the DagBag from /home/airflow/.local/lib/python3.12/site-packages/airflow/example_dags/example_display_name.py
[2024-08-24T09:54:46.850+0000] {processor.py:925} INFO - DAG(s) 'example_display_name' retrieved from /home/airflow/.local/lib/python3.12/site-packages/airflow/example_dags/example_display_name.py
[2024-08-24T09:54:47.008+0000] {logging_mixin.py:190} INFO - [2024-08-24T09:54:47.007+0000] {override.py:1858} INFO - Created Permission View: can read on DAG:example_display_name
[2024-08-24T09:54:47.024+0000] {logging_mixin.py:190} INFO - [2024-08-24T09:54:47.024+0000] {override.py:1858} INFO - Created Permission View: can delete on DAG:example_display_name
[2024-08-24T09:54:47.039+0000] {logging_mixin.py:190} INFO - [2024-08-24T09:54:47.039+0000] {override.py:1858} INFO - Created Permission View: can edit on DAG:example_display_name
[2024-08-24T09:54:47.041+0000] {logging_mixin.py:190} INFO - [2024-08-24T09:54:47.040+0000] {dag.py:3211} INFO - Sync 1 DAGs
[2024-08-24T09:54:47.057+0000] {logging_mixin.py:190} INFO - [2024-08-24T09:54:47.057+0000] {dag.py:3234} INFO - Creating ORM DAG for example_display_name
[2024-08-24T09:54:47.058+0000] {logging_mixin.py:190} INFO - [2024-08-24T09:54:47.058+0000] {dag.py:4138} INFO - Setting next_dagrun for example_display_name to None, run_after=None
[2024-08-24T09:54:47.076+0000] {processor.py:208} INFO - Processing /home/airflow/.local/lib/python3.12/site-packages/airflow/example_dags/example_display_name.py took 0.251 seconds
[2024-08-24T09:55:17.800+0000] {processor.py:186} INFO - Started process (PID=148) to work on /home/airflow/.local/lib/python3.12/site-packages/airflow/example_dags/example_display_name.py
[2024-08-24T09:55:17.802+0000] {processor.py:914} INFO - Processing file /home/airflow/.local/lib/python3.12/site-packages/airflow/example_dags/example_display_name.py for tasks to queue
[2024-08-24T09:55:17.806+0000] {logging_mixin.py:190} INFO - [2024-08-24T09:55:17.805+0000] {dagbag.py:587} INFO - Filling up the DagBag from /home/airflow/.local/lib/python3.12/site-packages/airflow/example_dags/example_display_name.py
[2024-08-24T09:55:17.815+0000] {processor.py:925} INFO - DAG(s) 'example_display_name' retrieved from /home/airflow/.local/lib/python3.12/site-packages/airflow/example_dags/example_display_name.py
[2024-08-24T09:55:17.850+0000] {logging_mixin.py:190} INFO - [2024-08-24T09:55:17.850+0000] {dag.py:3211} INFO - Sync 1 DAGs
[2024-08-24T09:55:17.886+0000] {logging_mixin.py:190} INFO - [2024-08-24T09:55:17.885+0000] {dag.py:4138} INFO - Setting next_dagrun for example_display_name to None, run_after=None
[2024-08-24T09:55:17.924+0000] {processor.py:208} INFO - Processing /home/airflow/.local/lib/python3.12/site-packages/airflow/example_dags/example_display_name.py took 0.129 seconds
[2024-08-24T09:55:48.240+0000] {processor.py:186} INFO - Started process (PID=210) to work on /home/airflow/.local/lib/python3.12/site-packages/airflow/example_dags/example_display_name.py
[2024-08-24T09:55:48.241+0000] {processor.py:914} INFO - Processing file /home/airflow/.local/lib/python3.12/site-packages/airflow/example_dags/example_display_name.py for tasks to queue
[2024-08-24T09:55:48.243+0000] {logging_mixin.py:190} INFO - [2024-08-24T09:55:48.243+0000] {dagbag.py:587} INFO - Filling up the DagBag from /home/airflow/.local/lib/python3.12/site-packages/airflow/example_dags/example_display_name.py
[2024-08-24T09:55:48.250+0000] {processor.py:925} INFO - DAG(s) 'example_display_name' retrieved from /home/airflow/.local/lib/python3.12/site-packages/airflow/example_dags/example_display_name.py
[2024-08-24T09:55:48.267+0000] {logging_mixin.py:190} INFO - [2024-08-24T09:55:48.267+0000] {dag.py:3211} INFO - Sync 1 DAGs
[2024-08-24T09:55:48.279+0000] {logging_mixin.py:190} INFO - [2024-08-24T09:55:48.279+0000] {dag.py:4138} INFO - Setting next_dagrun for example_display_name to None, run_after=None
[2024-08-24T09:55:48.296+0000] {processor.py:208} INFO - Processing /home/airflow/.local/lib/python3.12/site-packages/airflow/example_dags/example_display_name.py took 0.060 seconds
[2024-08-24T09:56:18.565+0000] {processor.py:186} INFO - Started process (PID=272) to work on /home/airflow/.local/lib/python3.12/site-packages/airflow/example_dags/example_display_name.py
[2024-08-24T09:56:18.566+0000] {processor.py:914} INFO - Processing file /home/airflow/.local/lib/python3.12/site-packages/airflow/example_dags/example_display_name.py for tasks to queue
[2024-08-24T09:56:18.568+0000] {logging_mixin.py:190} INFO - [2024-08-24T09:56:18.568+0000] {dagbag.py:587} INFO - Filling up the DagBag from /home/airflow/.local/lib/python3.12/site-packages/airflow/example_dags/example_display_name.py
[2024-08-24T09:56:18.574+0000] {processor.py:925} INFO - DAG(s) 'example_display_name' retrieved from /home/airflow/.local/lib/python3.12/site-packages/airflow/example_dags/example_display_name.py
[2024-08-24T09:56:18.591+0000] {logging_mixin.py:190} INFO - [2024-08-24T09:56:18.590+0000] {dag.py:3211} INFO - Sync 1 DAGs
[2024-08-24T09:56:18.602+0000] {logging_mixin.py:190} INFO - [2024-08-24T09:56:18.602+0000] {dag.py:4138} INFO - Setting next_dagrun for example_display_name to None, run_after=None
[2024-08-24T09:56:18.620+0000] {processor.py:208} INFO - Processing /home/airflow/.local/lib/python3.12/site-packages/airflow/example_dags/example_display_name.py took 0.059 seconds
[2024-08-24T09:56:49.309+0000] {processor.py:186} INFO - Started process (PID=334) to work on /home/airflow/.local/lib/python3.12/site-packages/airflow/example_dags/example_display_name.py
[2024-08-24T09:56:49.312+0000] {processor.py:914} INFO - Processing file /home/airflow/.local/lib/python3.12/site-packages/airflow/example_dags/example_display_name.py for tasks to queue
[2024-08-24T09:56:49.318+0000] {logging_mixin.py:190} INFO - [2024-08-24T09:56:49.318+0000] {dagbag.py:587} INFO - Filling up the DagBag from /home/airflow/.local/lib/python3.12/site-packages/airflow/example_dags/example_display_name.py
[2024-08-24T09:56:49.337+0000] {processor.py:925} INFO - DAG(s) 'example_display_name' retrieved from /home/airflow/.local/lib/python3.12/site-packages/airflow/example_dags/example_display_name.py
[2024-08-24T09:56:49.393+0000] {logging_mixin.py:190} INFO - [2024-08-24T09:56:49.392+0000] {dag.py:3211} INFO - Sync 1 DAGs
[2024-08-24T09:56:49.432+0000] {logging_mixin.py:190} INFO - [2024-08-24T09:56:49.432+0000] {dag.py:4138} INFO - Setting next_dagrun for example_display_name to None, run_after=None
[2024-08-24T09:56:49.471+0000] {processor.py:208} INFO - Processing /home/airflow/.local/lib/python3.12/site-packages/airflow/example_dags/example_display_name.py took 0.179 seconds
[2024-08-24T09:57:19.597+0000] {processor.py:186} INFO - Started process (PID=396) to work on /home/airflow/.local/lib/python3.12/site-packages/airflow/example_dags/example_display_name.py
[2024-08-24T09:57:19.597+0000] {processor.py:914} INFO - Processing file /home/airflow/.local/lib/python3.12/site-packages/airflow/example_dags/example_display_name.py for tasks to queue
[2024-08-24T09:57:19.599+0000] {logging_mixin.py:190} INFO - [2024-08-24T09:57:19.599+0000] {dagbag.py:587} INFO - Filling up the DagBag from /home/airflow/.local/lib/python3.12/site-packages/airflow/example_dags/example_display_name.py
[2024-08-24T09:57:19.607+0000] {processor.py:925} INFO - DAG(s) 'example_display_name' retrieved from /home/airflow/.local/lib/python3.12/site-packages/airflow/example_dags/example_display_name.py
[2024-08-24T09:57:19.653+0000] {logging_mixin.py:190} INFO - [2024-08-24T09:57:19.652+0000] {dag.py:3211} INFO - Sync 1 DAGs
[2024-08-24T09:57:19.667+0000] {logging_mixin.py:190} INFO - [2024-08-24T09:57:19.667+0000] {dag.py:4138} INFO - Setting next_dagrun for example_display_name to None, run_after=None
[2024-08-24T09:57:19.693+0000] {processor.py:208} INFO - Processing /home/airflow/.local/lib/python3.12/site-packages/airflow/example_dags/example_display_name.py took 0.101 seconds
[2024-08-24T09:57:50.002+0000] {processor.py:186} INFO - Started process (PID=458) to work on /home/airflow/.local/lib/python3.12/site-packages/airflow/example_dags/example_display_name.py
[2024-08-24T09:57:50.003+0000] {processor.py:914} INFO - Processing file /home/airflow/.local/lib/python3.12/site-packages/airflow/example_dags/example_display_name.py for tasks to queue
[2024-08-24T09:57:50.005+0000] {logging_mixin.py:190} INFO - [2024-08-24T09:57:50.005+0000] {dagbag.py:587} INFO - Filling up the DagBag from /home/airflow/.local/lib/python3.12/site-packages/airflow/example_dags/example_display_name.py
[2024-08-24T09:57:50.013+0000] {processor.py:925} INFO - DAG(s) 'example_display_name' retrieved from /home/airflow/.local/lib/python3.12/site-packages/airflow/example_dags/example_display_name.py
[2024-08-24T09:57:50.033+0000] {logging_mixin.py:190} INFO - [2024-08-24T09:57:50.032+0000] {dag.py:3211} INFO - Sync 1 DAGs
[2024-08-24T09:57:50.045+0000] {logging_mixin.py:190} INFO - [2024-08-24T09:57:50.044+0000] {dag.py:4138} INFO - Setting next_dagrun for example_display_name to None, run_after=None
[2024-08-24T09:57:50.064+0000] {processor.py:208} INFO - Processing /home/airflow/.local/lib/python3.12/site-packages/airflow/example_dags/example_display_name.py took 0.067 seconds
[2024-08-24T09:58:20.434+0000] {processor.py:186} INFO - Started process (PID=520) to work on /home/airflow/.local/lib/python3.12/site-packages/airflow/example_dags/example_display_name.py
[2024-08-24T09:58:20.436+0000] {processor.py:914} INFO - Processing file /home/airflow/.local/lib/python3.12/site-packages/airflow/example_dags/example_display_name.py for tasks to queue
[2024-08-24T09:58:20.440+0000] {logging_mixin.py:190} INFO - [2024-08-24T09:58:20.439+0000] {dagbag.py:587} INFO - Filling up the DagBag from /home/airflow/.local/lib/python3.12/site-packages/airflow/example_dags/example_display_name.py
[2024-08-24T09:58:20.452+0000] {processor.py:925} INFO - DAG(s) 'example_display_name' retrieved from /home/airflow/.local/lib/python3.12/site-packages/airflow/example_dags/example_display_name.py
[2024-08-24T09:58:20.482+0000] {logging_mixin.py:190} INFO - [2024-08-24T09:58:20.482+0000] {dag.py:3211} INFO - Sync 1 DAGs
[2024-08-24T09:58:20.506+0000] {logging_mixin.py:190} INFO - [2024-08-24T09:58:20.506+0000] {dag.py:4138} INFO - Setting next_dagrun for example_display_name to None, run_after=None
[2024-08-24T09:58:20.570+0000] {processor.py:208} INFO - Processing /home/airflow/.local/lib/python3.12/site-packages/airflow/example_dags/example_display_name.py took 0.147 seconds
