[2024-08-24T09:54:49.388+0000] {processor.py:186} INFO - Started process (PID=104) to work on /home/airflow/.local/lib/python3.12/site-packages/airflow/example_dags/example_subdag_operator.py
[2024-08-24T09:54:49.389+0000] {processor.py:914} INFO - Processing file /home/airflow/.local/lib/python3.12/site-packages/airflow/example_dags/example_subdag_operator.py for tasks to queue
[2024-08-24T09:54:49.392+0000] {logging_mixin.py:190} INFO - [2024-08-24T09:54:49.391+0000] {dagbag.py:587} INFO - Filling up the DagBag from /home/airflow/.local/lib/python3.12/site-packages/airflow/example_dags/example_subdag_operator.py
[2024-08-24T09:54:49.419+0000] {processor.py:925} INFO - DAG(s) 'example_subdag_operator.section-1', 'example_subdag_operator.section-2', 'example_subdag_operator' retrieved from /home/airflow/.local/lib/python3.12/site-packages/airflow/example_dags/example_subdag_operator.py
[2024-08-24T09:54:49.513+0000] {logging_mixin.py:190} INFO - [2024-08-24T09:54:49.513+0000] {override.py:1858} INFO - Created Permission View: can read on DAG:example_subdag_operator
[2024-08-24T09:54:49.526+0000] {logging_mixin.py:190} INFO - [2024-08-24T09:54:49.526+0000] {override.py:1858} INFO - Created Permission View: can delete on DAG:example_subdag_operator
[2024-08-24T09:54:49.536+0000] {logging_mixin.py:190} INFO - [2024-08-24T09:54:49.535+0000] {override.py:1858} INFO - Created Permission View: can edit on DAG:example_subdag_operator
[2024-08-24T09:54:49.536+0000] {logging_mixin.py:190} INFO - [2024-08-24T09:54:49.536+0000] {dag.py:3211} INFO - Sync 3 DAGs
[2024-08-24T09:54:49.551+0000] {logging_mixin.py:190} INFO - [2024-08-24T09:54:49.551+0000] {dag.py:3234} INFO - Creating ORM DAG for example_subdag_operator
[2024-08-24T09:54:49.552+0000] {logging_mixin.py:190} INFO - [2024-08-24T09:54:49.552+0000] {dag.py:3234} INFO - Creating ORM DAG for example_subdag_operator.section-1
[2024-08-24T09:54:49.553+0000] {logging_mixin.py:190} INFO - [2024-08-24T09:54:49.553+0000] {dag.py:3234} INFO - Creating ORM DAG for example_subdag_operator.section-2
[2024-08-24T09:54:49.565+0000] {logging_mixin.py:190} INFO - [2024-08-24T09:54:49.565+0000] {dag.py:4138} INFO - Setting next_dagrun for example_subdag_operator to 2022-01-01 00:00:00+00:00, run_after=2022-01-01 00:00:00+00:00
[2024-08-24T09:54:49.567+0000] {logging_mixin.py:190} INFO - [2024-08-24T09:54:49.567+0000] {dag.py:4138} INFO - Setting next_dagrun for example_subdag_operator.section-1 to None, run_after=None
[2024-08-24T09:54:49.568+0000] {logging_mixin.py:190} INFO - [2024-08-24T09:54:49.567+0000] {dag.py:4138} INFO - Setting next_dagrun for example_subdag_operator.section-2 to None, run_after=None
[2024-08-24T09:54:49.578+0000] {logging_mixin.py:190} INFO - [2024-08-24T09:54:49.577+0000] {dag.py:3211} INFO - Sync 2 DAGs
[2024-08-24T09:54:49.587+0000] {logging_mixin.py:190} INFO - [2024-08-24T09:54:49.586+0000] {dag.py:4138} INFO - Setting next_dagrun for example_subdag_operator.section-1 to None, run_after=None
[2024-08-24T09:54:49.590+0000] {logging_mixin.py:190} INFO - [2024-08-24T09:54:49.590+0000] {dag.py:4138} INFO - Setting next_dagrun for example_subdag_operator.section-2 to None, run_after=None
[2024-08-24T09:54:49.606+0000] {processor.py:208} INFO - Processing /home/airflow/.local/lib/python3.12/site-packages/airflow/example_dags/example_subdag_operator.py took 0.223 seconds
[2024-08-24T09:55:20.002+0000] {processor.py:186} INFO - Started process (PID=166) to work on /home/airflow/.local/lib/python3.12/site-packages/airflow/example_dags/example_subdag_operator.py
[2024-08-24T09:55:20.003+0000] {processor.py:914} INFO - Processing file /home/airflow/.local/lib/python3.12/site-packages/airflow/example_dags/example_subdag_operator.py for tasks to queue
[2024-08-24T09:55:20.005+0000] {logging_mixin.py:190} INFO - [2024-08-24T09:55:20.004+0000] {dagbag.py:587} INFO - Filling up the DagBag from /home/airflow/.local/lib/python3.12/site-packages/airflow/example_dags/example_subdag_operator.py
[2024-08-24T09:55:20.025+0000] {processor.py:925} INFO - DAG(s) 'example_subdag_operator.section-1', 'example_subdag_operator.section-2', 'example_subdag_operator' retrieved from /home/airflow/.local/lib/python3.12/site-packages/airflow/example_dags/example_subdag_operator.py
[2024-08-24T09:55:20.038+0000] {logging_mixin.py:190} INFO - [2024-08-24T09:55:20.038+0000] {dag.py:3211} INFO - Sync 3 DAGs
[2024-08-24T09:55:20.056+0000] {logging_mixin.py:190} INFO - [2024-08-24T09:55:20.056+0000] {dag.py:4138} INFO - Setting next_dagrun for example_subdag_operator to 2022-01-01 00:00:00+00:00, run_after=2022-01-01 00:00:00+00:00
[2024-08-24T09:55:20.059+0000] {logging_mixin.py:190} INFO - [2024-08-24T09:55:20.059+0000] {dag.py:4138} INFO - Setting next_dagrun for example_subdag_operator.section-1 to None, run_after=None
[2024-08-24T09:55:20.061+0000] {logging_mixin.py:190} INFO - [2024-08-24T09:55:20.061+0000] {dag.py:4138} INFO - Setting next_dagrun for example_subdag_operator.section-2 to None, run_after=None
[2024-08-24T09:55:20.067+0000] {logging_mixin.py:190} INFO - [2024-08-24T09:55:20.067+0000] {dag.py:3211} INFO - Sync 2 DAGs
[2024-08-24T09:55:20.072+0000] {logging_mixin.py:190} INFO - [2024-08-24T09:55:20.072+0000] {dag.py:4138} INFO - Setting next_dagrun for example_subdag_operator.section-1 to None, run_after=None
[2024-08-24T09:55:20.073+0000] {logging_mixin.py:190} INFO - [2024-08-24T09:55:20.073+0000] {dag.py:4138} INFO - Setting next_dagrun for example_subdag_operator.section-2 to None, run_after=None
[2024-08-24T09:55:20.084+0000] {processor.py:208} INFO - Processing /home/airflow/.local/lib/python3.12/site-packages/airflow/example_dags/example_subdag_operator.py took 0.086 seconds
[2024-08-24T09:55:50.249+0000] {processor.py:186} INFO - Started process (PID=228) to work on /home/airflow/.local/lib/python3.12/site-packages/airflow/example_dags/example_subdag_operator.py
[2024-08-24T09:55:50.251+0000] {processor.py:914} INFO - Processing file /home/airflow/.local/lib/python3.12/site-packages/airflow/example_dags/example_subdag_operator.py for tasks to queue
[2024-08-24T09:55:50.252+0000] {logging_mixin.py:190} INFO - [2024-08-24T09:55:50.252+0000] {dagbag.py:587} INFO - Filling up the DagBag from /home/airflow/.local/lib/python3.12/site-packages/airflow/example_dags/example_subdag_operator.py
[2024-08-24T09:55:50.272+0000] {processor.py:925} INFO - DAG(s) 'example_subdag_operator.section-1', 'example_subdag_operator.section-2', 'example_subdag_operator' retrieved from /home/airflow/.local/lib/python3.12/site-packages/airflow/example_dags/example_subdag_operator.py
[2024-08-24T09:55:50.286+0000] {logging_mixin.py:190} INFO - [2024-08-24T09:55:50.285+0000] {dag.py:3211} INFO - Sync 3 DAGs
[2024-08-24T09:55:50.303+0000] {logging_mixin.py:190} INFO - [2024-08-24T09:55:50.303+0000] {dag.py:4138} INFO - Setting next_dagrun for example_subdag_operator to 2022-01-01 00:00:00+00:00, run_after=2022-01-01 00:00:00+00:00
[2024-08-24T09:55:50.306+0000] {logging_mixin.py:190} INFO - [2024-08-24T09:55:50.306+0000] {dag.py:4138} INFO - Setting next_dagrun for example_subdag_operator.section-1 to None, run_after=None
[2024-08-24T09:55:50.308+0000] {logging_mixin.py:190} INFO - [2024-08-24T09:55:50.308+0000] {dag.py:4138} INFO - Setting next_dagrun for example_subdag_operator.section-2 to None, run_after=None
[2024-08-24T09:55:50.313+0000] {logging_mixin.py:190} INFO - [2024-08-24T09:55:50.313+0000] {dag.py:3211} INFO - Sync 2 DAGs
[2024-08-24T09:55:50.319+0000] {logging_mixin.py:190} INFO - [2024-08-24T09:55:50.318+0000] {dag.py:4138} INFO - Setting next_dagrun for example_subdag_operator.section-1 to None, run_after=None
[2024-08-24T09:55:50.319+0000] {logging_mixin.py:190} INFO - [2024-08-24T09:55:50.319+0000] {dag.py:4138} INFO - Setting next_dagrun for example_subdag_operator.section-2 to None, run_after=None
[2024-08-24T09:55:50.333+0000] {processor.py:208} INFO - Processing /home/airflow/.local/lib/python3.12/site-packages/airflow/example_dags/example_subdag_operator.py took 0.087 seconds
[2024-08-24T09:56:20.454+0000] {processor.py:186} INFO - Started process (PID=290) to work on /home/airflow/.local/lib/python3.12/site-packages/airflow/example_dags/example_subdag_operator.py
[2024-08-24T09:56:20.455+0000] {processor.py:914} INFO - Processing file /home/airflow/.local/lib/python3.12/site-packages/airflow/example_dags/example_subdag_operator.py for tasks to queue
[2024-08-24T09:56:20.457+0000] {logging_mixin.py:190} INFO - [2024-08-24T09:56:20.457+0000] {dagbag.py:587} INFO - Filling up the DagBag from /home/airflow/.local/lib/python3.12/site-packages/airflow/example_dags/example_subdag_operator.py
[2024-08-24T09:56:20.477+0000] {processor.py:925} INFO - DAG(s) 'example_subdag_operator.section-1', 'example_subdag_operator.section-2', 'example_subdag_operator' retrieved from /home/airflow/.local/lib/python3.12/site-packages/airflow/example_dags/example_subdag_operator.py
[2024-08-24T09:56:20.490+0000] {logging_mixin.py:190} INFO - [2024-08-24T09:56:20.489+0000] {dag.py:3211} INFO - Sync 3 DAGs
[2024-08-24T09:56:20.507+0000] {logging_mixin.py:190} INFO - [2024-08-24T09:56:20.507+0000] {dag.py:4138} INFO - Setting next_dagrun for example_subdag_operator to 2022-01-01 00:00:00+00:00, run_after=2022-01-01 00:00:00+00:00
[2024-08-24T09:56:20.510+0000] {logging_mixin.py:190} INFO - [2024-08-24T09:56:20.510+0000] {dag.py:4138} INFO - Setting next_dagrun for example_subdag_operator.section-1 to None, run_after=None
[2024-08-24T09:56:20.512+0000] {logging_mixin.py:190} INFO - [2024-08-24T09:56:20.512+0000] {dag.py:4138} INFO - Setting next_dagrun for example_subdag_operator.section-2 to None, run_after=None
[2024-08-24T09:56:20.517+0000] {logging_mixin.py:190} INFO - [2024-08-24T09:56:20.517+0000] {dag.py:3211} INFO - Sync 2 DAGs
[2024-08-24T09:56:20.522+0000] {logging_mixin.py:190} INFO - [2024-08-24T09:56:20.522+0000] {dag.py:4138} INFO - Setting next_dagrun for example_subdag_operator.section-1 to None, run_after=None
[2024-08-24T09:56:20.522+0000] {logging_mixin.py:190} INFO - [2024-08-24T09:56:20.522+0000] {dag.py:4138} INFO - Setting next_dagrun for example_subdag_operator.section-2 to None, run_after=None
[2024-08-24T09:56:20.535+0000] {processor.py:208} INFO - Processing /home/airflow/.local/lib/python3.12/site-packages/airflow/example_dags/example_subdag_operator.py took 0.085 seconds
[2024-08-24T09:56:52.621+0000] {processor.py:186} INFO - Started process (PID=352) to work on /home/airflow/.local/lib/python3.12/site-packages/airflow/example_dags/example_subdag_operator.py
[2024-08-24T09:56:52.625+0000] {processor.py:914} INFO - Processing file /home/airflow/.local/lib/python3.12/site-packages/airflow/example_dags/example_subdag_operator.py for tasks to queue
[2024-08-24T09:56:52.630+0000] {logging_mixin.py:190} INFO - [2024-08-24T09:56:52.630+0000] {dagbag.py:587} INFO - Filling up the DagBag from /home/airflow/.local/lib/python3.12/site-packages/airflow/example_dags/example_subdag_operator.py
[2024-08-24T09:56:52.680+0000] {processor.py:925} INFO - DAG(s) 'example_subdag_operator.section-1', 'example_subdag_operator.section-2', 'example_subdag_operator' retrieved from /home/airflow/.local/lib/python3.12/site-packages/airflow/example_dags/example_subdag_operator.py
[2024-08-24T09:56:52.718+0000] {logging_mixin.py:190} INFO - [2024-08-24T09:56:52.718+0000] {dag.py:3211} INFO - Sync 3 DAGs
[2024-08-24T09:56:52.768+0000] {logging_mixin.py:190} INFO - [2024-08-24T09:56:52.768+0000] {dag.py:4138} INFO - Setting next_dagrun for example_subdag_operator to 2022-01-01 00:00:00+00:00, run_after=2022-01-01 00:00:00+00:00
[2024-08-24T09:56:52.778+0000] {logging_mixin.py:190} INFO - [2024-08-24T09:56:52.777+0000] {dag.py:4138} INFO - Setting next_dagrun for example_subdag_operator.section-1 to None, run_after=None
[2024-08-24T09:56:52.782+0000] {logging_mixin.py:190} INFO - [2024-08-24T09:56:52.781+0000] {dag.py:4138} INFO - Setting next_dagrun for example_subdag_operator.section-2 to None, run_after=None
[2024-08-24T09:56:52.798+0000] {logging_mixin.py:190} INFO - [2024-08-24T09:56:52.798+0000] {dag.py:3211} INFO - Sync 2 DAGs
[2024-08-24T09:56:52.815+0000] {logging_mixin.py:190} INFO - [2024-08-24T09:56:52.814+0000] {dag.py:4138} INFO - Setting next_dagrun for example_subdag_operator.section-1 to None, run_after=None
[2024-08-24T09:56:52.817+0000] {logging_mixin.py:190} INFO - [2024-08-24T09:56:52.816+0000] {dag.py:4138} INFO - Setting next_dagrun for example_subdag_operator.section-2 to None, run_after=None
[2024-08-24T09:56:52.856+0000] {processor.py:208} INFO - Processing /home/airflow/.local/lib/python3.12/site-packages/airflow/example_dags/example_subdag_operator.py took 0.249 seconds
[2024-08-24T09:57:23.786+0000] {processor.py:186} INFO - Started process (PID=414) to work on /home/airflow/.local/lib/python3.12/site-packages/airflow/example_dags/example_subdag_operator.py
[2024-08-24T09:57:23.791+0000] {processor.py:914} INFO - Processing file /home/airflow/.local/lib/python3.12/site-packages/airflow/example_dags/example_subdag_operator.py for tasks to queue
[2024-08-24T09:57:23.804+0000] {logging_mixin.py:190} INFO - [2024-08-24T09:57:23.794+0000] {dagbag.py:587} INFO - Filling up the DagBag from /home/airflow/.local/lib/python3.12/site-packages/airflow/example_dags/example_subdag_operator.py
[2024-08-24T09:57:23.853+0000] {processor.py:925} INFO - DAG(s) 'example_subdag_operator.section-1', 'example_subdag_operator.section-2', 'example_subdag_operator' retrieved from /home/airflow/.local/lib/python3.12/site-packages/airflow/example_dags/example_subdag_operator.py
[2024-08-24T09:57:23.865+0000] {logging_mixin.py:190} INFO - [2024-08-24T09:57:23.865+0000] {dag.py:3211} INFO - Sync 3 DAGs
[2024-08-24T09:57:23.885+0000] {logging_mixin.py:190} INFO - [2024-08-24T09:57:23.885+0000] {dag.py:4138} INFO - Setting next_dagrun for example_subdag_operator to 2022-01-01 00:00:00+00:00, run_after=2022-01-01 00:00:00+00:00
[2024-08-24T09:57:23.888+0000] {logging_mixin.py:190} INFO - [2024-08-24T09:57:23.888+0000] {dag.py:4138} INFO - Setting next_dagrun for example_subdag_operator.section-1 to None, run_after=None
[2024-08-24T09:57:23.890+0000] {logging_mixin.py:190} INFO - [2024-08-24T09:57:23.890+0000] {dag.py:4138} INFO - Setting next_dagrun for example_subdag_operator.section-2 to None, run_after=None
[2024-08-24T09:57:23.896+0000] {logging_mixin.py:190} INFO - [2024-08-24T09:57:23.896+0000] {dag.py:3211} INFO - Sync 2 DAGs
[2024-08-24T09:57:23.901+0000] {logging_mixin.py:190} INFO - [2024-08-24T09:57:23.901+0000] {dag.py:4138} INFO - Setting next_dagrun for example_subdag_operator.section-1 to None, run_after=None
[2024-08-24T09:57:23.901+0000] {logging_mixin.py:190} INFO - [2024-08-24T09:57:23.901+0000] {dag.py:4138} INFO - Setting next_dagrun for example_subdag_operator.section-2 to None, run_after=None
[2024-08-24T09:57:23.912+0000] {processor.py:208} INFO - Processing /home/airflow/.local/lib/python3.12/site-packages/airflow/example_dags/example_subdag_operator.py took 0.140 seconds
[2024-08-24T09:57:53.965+0000] {processor.py:186} INFO - Started process (PID=476) to work on /home/airflow/.local/lib/python3.12/site-packages/airflow/example_dags/example_subdag_operator.py
[2024-08-24T09:57:53.965+0000] {processor.py:914} INFO - Processing file /home/airflow/.local/lib/python3.12/site-packages/airflow/example_dags/example_subdag_operator.py for tasks to queue
[2024-08-24T09:57:53.967+0000] {logging_mixin.py:190} INFO - [2024-08-24T09:57:53.967+0000] {dagbag.py:587} INFO - Filling up the DagBag from /home/airflow/.local/lib/python3.12/site-packages/airflow/example_dags/example_subdag_operator.py
[2024-08-24T09:57:53.987+0000] {processor.py:925} INFO - DAG(s) 'example_subdag_operator.section-1', 'example_subdag_operator.section-2', 'example_subdag_operator' retrieved from /home/airflow/.local/lib/python3.12/site-packages/airflow/example_dags/example_subdag_operator.py
[2024-08-24T09:57:54.000+0000] {logging_mixin.py:190} INFO - [2024-08-24T09:57:54.000+0000] {dag.py:3211} INFO - Sync 3 DAGs
[2024-08-24T09:57:54.019+0000] {logging_mixin.py:190} INFO - [2024-08-24T09:57:54.019+0000] {dag.py:4138} INFO - Setting next_dagrun for example_subdag_operator to 2022-01-01 00:00:00+00:00, run_after=2022-01-01 00:00:00+00:00
[2024-08-24T09:57:54.022+0000] {logging_mixin.py:190} INFO - [2024-08-24T09:57:54.022+0000] {dag.py:4138} INFO - Setting next_dagrun for example_subdag_operator.section-1 to None, run_after=None
[2024-08-24T09:57:54.024+0000] {logging_mixin.py:190} INFO - [2024-08-24T09:57:54.024+0000] {dag.py:4138} INFO - Setting next_dagrun for example_subdag_operator.section-2 to None, run_after=None
[2024-08-24T09:57:54.030+0000] {logging_mixin.py:190} INFO - [2024-08-24T09:57:54.030+0000] {dag.py:3211} INFO - Sync 2 DAGs
[2024-08-24T09:57:54.035+0000] {logging_mixin.py:190} INFO - [2024-08-24T09:57:54.035+0000] {dag.py:4138} INFO - Setting next_dagrun for example_subdag_operator.section-1 to None, run_after=None
[2024-08-24T09:57:54.036+0000] {logging_mixin.py:190} INFO - [2024-08-24T09:57:54.036+0000] {dag.py:4138} INFO - Setting next_dagrun for example_subdag_operator.section-2 to None, run_after=None
[2024-08-24T09:57:54.049+0000] {processor.py:208} INFO - Processing /home/airflow/.local/lib/python3.12/site-packages/airflow/example_dags/example_subdag_operator.py took 0.089 seconds
