[2024-08-24T09:54:51.103+0000] {processor.py:186} INFO - Started process (PID=117) to work on /home/airflow/.local/lib/python3.12/site-packages/airflow/example_dags/example_branch_python_dop_operator_3.py
[2024-08-24T09:54:51.104+0000] {processor.py:914} INFO - Processing file /home/airflow/.local/lib/python3.12/site-packages/airflow/example_dags/example_branch_python_dop_operator_3.py for tasks to queue
[2024-08-24T09:54:51.106+0000] {logging_mixin.py:190} INFO - [2024-08-24T09:54:51.106+0000] {dagbag.py:587} INFO - Filling up the DagBag from /home/airflow/.local/lib/python3.12/site-packages/airflow/example_dags/example_branch_python_dop_operator_3.py
[2024-08-24T09:54:51.118+0000] {processor.py:925} INFO - DAG(s) 'example_branch_dop_operator_v3' retrieved from /home/airflow/.local/lib/python3.12/site-packages/airflow/example_dags/example_branch_python_dop_operator_3.py
[2024-08-24T09:54:51.215+0000] {logging_mixin.py:190} INFO - [2024-08-24T09:54:51.214+0000] {override.py:1858} INFO - Created Permission View: can read on DAG:example_branch_dop_operator_v3
[2024-08-24T09:54:51.225+0000] {logging_mixin.py:190} INFO - [2024-08-24T09:54:51.225+0000] {override.py:1858} INFO - Created Permission View: can delete on DAG:example_branch_dop_operator_v3
[2024-08-24T09:54:51.232+0000] {logging_mixin.py:190} INFO - [2024-08-24T09:54:51.232+0000] {override.py:1858} INFO - Created Permission View: can edit on DAG:example_branch_dop_operator_v3
[2024-08-24T09:54:51.233+0000] {logging_mixin.py:190} INFO - [2024-08-24T09:54:51.233+0000] {dag.py:3211} INFO - Sync 1 DAGs
[2024-08-24T09:54:51.249+0000] {logging_mixin.py:190} INFO - [2024-08-24T09:54:51.249+0000] {dag.py:3234} INFO - Creating ORM DAG for example_branch_dop_operator_v3
[2024-08-24T09:54:51.263+0000] {logging_mixin.py:190} INFO - [2024-08-24T09:54:51.263+0000] {dag.py:4138} INFO - Setting next_dagrun for example_branch_dop_operator_v3 to 2024-08-24 09:53:00+00:00, run_after=2024-08-24 09:54:00+00:00
[2024-08-24T09:54:51.294+0000] {processor.py:208} INFO - Processing /home/airflow/.local/lib/python3.12/site-packages/airflow/example_dags/example_branch_python_dop_operator_3.py took 0.197 seconds
[2024-08-24T09:55:21.887+0000] {processor.py:186} INFO - Started process (PID=179) to work on /home/airflow/.local/lib/python3.12/site-packages/airflow/example_dags/example_branch_python_dop_operator_3.py
[2024-08-24T09:55:21.888+0000] {processor.py:914} INFO - Processing file /home/airflow/.local/lib/python3.12/site-packages/airflow/example_dags/example_branch_python_dop_operator_3.py for tasks to queue
[2024-08-24T09:55:21.890+0000] {logging_mixin.py:190} INFO - [2024-08-24T09:55:21.890+0000] {dagbag.py:587} INFO - Filling up the DagBag from /home/airflow/.local/lib/python3.12/site-packages/airflow/example_dags/example_branch_python_dop_operator_3.py
[2024-08-24T09:55:21.898+0000] {processor.py:925} INFO - DAG(s) 'example_branch_dop_operator_v3' retrieved from /home/airflow/.local/lib/python3.12/site-packages/airflow/example_dags/example_branch_python_dop_operator_3.py
[2024-08-24T09:55:21.913+0000] {logging_mixin.py:190} INFO - [2024-08-24T09:55:21.913+0000] {dag.py:3211} INFO - Sync 1 DAGs
[2024-08-24T09:55:21.934+0000] {logging_mixin.py:190} INFO - [2024-08-24T09:55:21.934+0000] {dag.py:4138} INFO - Setting next_dagrun for example_branch_dop_operator_v3 to 2024-08-24 09:54:00+00:00, run_after=2024-08-24 09:55:00+00:00
[2024-08-24T09:55:21.950+0000] {processor.py:208} INFO - Processing /home/airflow/.local/lib/python3.12/site-packages/airflow/example_dags/example_branch_python_dop_operator_3.py took 0.067 seconds
[2024-08-24T09:55:52.111+0000] {processor.py:186} INFO - Started process (PID=241) to work on /home/airflow/.local/lib/python3.12/site-packages/airflow/example_dags/example_branch_python_dop_operator_3.py
[2024-08-24T09:55:52.112+0000] {processor.py:914} INFO - Processing file /home/airflow/.local/lib/python3.12/site-packages/airflow/example_dags/example_branch_python_dop_operator_3.py for tasks to queue
[2024-08-24T09:55:52.114+0000] {logging_mixin.py:190} INFO - [2024-08-24T09:55:52.113+0000] {dagbag.py:587} INFO - Filling up the DagBag from /home/airflow/.local/lib/python3.12/site-packages/airflow/example_dags/example_branch_python_dop_operator_3.py
[2024-08-24T09:55:52.121+0000] {processor.py:925} INFO - DAG(s) 'example_branch_dop_operator_v3' retrieved from /home/airflow/.local/lib/python3.12/site-packages/airflow/example_dags/example_branch_python_dop_operator_3.py
[2024-08-24T09:55:52.138+0000] {logging_mixin.py:190} INFO - [2024-08-24T09:55:52.138+0000] {dag.py:3211} INFO - Sync 1 DAGs
[2024-08-24T09:55:52.158+0000] {logging_mixin.py:190} INFO - [2024-08-24T09:55:52.157+0000] {dag.py:4138} INFO - Setting next_dagrun for example_branch_dop_operator_v3 to 2024-08-24 09:54:00+00:00, run_after=2024-08-24 09:55:00+00:00
[2024-08-24T09:55:52.176+0000] {processor.py:208} INFO - Processing /home/airflow/.local/lib/python3.12/site-packages/airflow/example_dags/example_branch_python_dop_operator_3.py took 0.069 seconds
[2024-08-24T09:56:22.317+0000] {processor.py:186} INFO - Started process (PID=303) to work on /home/airflow/.local/lib/python3.12/site-packages/airflow/example_dags/example_branch_python_dop_operator_3.py
[2024-08-24T09:56:22.318+0000] {processor.py:914} INFO - Processing file /home/airflow/.local/lib/python3.12/site-packages/airflow/example_dags/example_branch_python_dop_operator_3.py for tasks to queue
[2024-08-24T09:56:22.320+0000] {logging_mixin.py:190} INFO - [2024-08-24T09:56:22.320+0000] {dagbag.py:587} INFO - Filling up the DagBag from /home/airflow/.local/lib/python3.12/site-packages/airflow/example_dags/example_branch_python_dop_operator_3.py
[2024-08-24T09:56:22.327+0000] {processor.py:925} INFO - DAG(s) 'example_branch_dop_operator_v3' retrieved from /home/airflow/.local/lib/python3.12/site-packages/airflow/example_dags/example_branch_python_dop_operator_3.py
[2024-08-24T09:56:22.343+0000] {logging_mixin.py:190} INFO - [2024-08-24T09:56:22.343+0000] {dag.py:3211} INFO - Sync 1 DAGs
[2024-08-24T09:56:22.363+0000] {logging_mixin.py:190} INFO - [2024-08-24T09:56:22.362+0000] {dag.py:4138} INFO - Setting next_dagrun for example_branch_dop_operator_v3 to 2024-08-24 09:55:00+00:00, run_after=2024-08-24 09:56:00+00:00
[2024-08-24T09:56:22.384+0000] {processor.py:208} INFO - Processing /home/airflow/.local/lib/python3.12/site-packages/airflow/example_dags/example_branch_python_dop_operator_3.py took 0.071 seconds
[2024-08-24T09:56:54.804+0000] {processor.py:186} INFO - Started process (PID=365) to work on /home/airflow/.local/lib/python3.12/site-packages/airflow/example_dags/example_branch_python_dop_operator_3.py
[2024-08-24T09:56:54.805+0000] {processor.py:914} INFO - Processing file /home/airflow/.local/lib/python3.12/site-packages/airflow/example_dags/example_branch_python_dop_operator_3.py for tasks to queue
[2024-08-24T09:56:54.808+0000] {logging_mixin.py:190} INFO - [2024-08-24T09:56:54.808+0000] {dagbag.py:587} INFO - Filling up the DagBag from /home/airflow/.local/lib/python3.12/site-packages/airflow/example_dags/example_branch_python_dop_operator_3.py
[2024-08-24T09:56:54.826+0000] {processor.py:925} INFO - DAG(s) 'example_branch_dop_operator_v3' retrieved from /home/airflow/.local/lib/python3.12/site-packages/airflow/example_dags/example_branch_python_dop_operator_3.py
[2024-08-24T09:56:54.854+0000] {logging_mixin.py:190} INFO - [2024-08-24T09:56:54.854+0000] {dag.py:3211} INFO - Sync 1 DAGs
[2024-08-24T09:56:54.888+0000] {logging_mixin.py:190} INFO - [2024-08-24T09:56:54.888+0000] {dag.py:4138} INFO - Setting next_dagrun for example_branch_dop_operator_v3 to 2024-08-24 09:55:00+00:00, run_after=2024-08-24 09:56:00+00:00
[2024-08-24T09:56:54.916+0000] {processor.py:208} INFO - Processing /home/airflow/.local/lib/python3.12/site-packages/airflow/example_dags/example_branch_python_dop_operator_3.py took 0.121 seconds
[2024-08-24T09:57:25.433+0000] {processor.py:186} INFO - Started process (PID=427) to work on /home/airflow/.local/lib/python3.12/site-packages/airflow/example_dags/example_branch_python_dop_operator_3.py
[2024-08-24T09:57:25.434+0000] {processor.py:914} INFO - Processing file /home/airflow/.local/lib/python3.12/site-packages/airflow/example_dags/example_branch_python_dop_operator_3.py for tasks to queue
[2024-08-24T09:57:25.436+0000] {logging_mixin.py:190} INFO - [2024-08-24T09:57:25.436+0000] {dagbag.py:587} INFO - Filling up the DagBag from /home/airflow/.local/lib/python3.12/site-packages/airflow/example_dags/example_branch_python_dop_operator_3.py
[2024-08-24T09:57:25.445+0000] {processor.py:925} INFO - DAG(s) 'example_branch_dop_operator_v3' retrieved from /home/airflow/.local/lib/python3.12/site-packages/airflow/example_dags/example_branch_python_dop_operator_3.py
[2024-08-24T09:57:25.469+0000] {logging_mixin.py:190} INFO - [2024-08-24T09:57:25.469+0000] {dag.py:3211} INFO - Sync 1 DAGs
[2024-08-24T09:57:25.492+0000] {logging_mixin.py:190} INFO - [2024-08-24T09:57:25.492+0000] {dag.py:4138} INFO - Setting next_dagrun for example_branch_dop_operator_v3 to 2024-08-24 09:56:00+00:00, run_after=2024-08-24 09:57:00+00:00
[2024-08-24T09:57:25.515+0000] {processor.py:208} INFO - Processing /home/airflow/.local/lib/python3.12/site-packages/airflow/example_dags/example_branch_python_dop_operator_3.py took 0.087 seconds
[2024-08-24T09:57:55.833+0000] {processor.py:186} INFO - Started process (PID=489) to work on /home/airflow/.local/lib/python3.12/site-packages/airflow/example_dags/example_branch_python_dop_operator_3.py
[2024-08-24T09:57:55.834+0000] {processor.py:914} INFO - Processing file /home/airflow/.local/lib/python3.12/site-packages/airflow/example_dags/example_branch_python_dop_operator_3.py for tasks to queue
[2024-08-24T09:57:55.836+0000] {logging_mixin.py:190} INFO - [2024-08-24T09:57:55.835+0000] {dagbag.py:587} INFO - Filling up the DagBag from /home/airflow/.local/lib/python3.12/site-packages/airflow/example_dags/example_branch_python_dop_operator_3.py
[2024-08-24T09:57:55.844+0000] {processor.py:925} INFO - DAG(s) 'example_branch_dop_operator_v3' retrieved from /home/airflow/.local/lib/python3.12/site-packages/airflow/example_dags/example_branch_python_dop_operator_3.py
[2024-08-24T09:57:55.862+0000] {logging_mixin.py:190} INFO - [2024-08-24T09:57:55.862+0000] {dag.py:3211} INFO - Sync 1 DAGs
[2024-08-24T09:57:55.883+0000] {logging_mixin.py:190} INFO - [2024-08-24T09:57:55.883+0000] {dag.py:4138} INFO - Setting next_dagrun for example_branch_dop_operator_v3 to 2024-08-24 09:56:00+00:00, run_after=2024-08-24 09:57:00+00:00
[2024-08-24T09:57:55.900+0000] {processor.py:208} INFO - Processing /home/airflow/.local/lib/python3.12/site-packages/airflow/example_dags/example_branch_python_dop_operator_3.py took 0.072 seconds
