[2024-08-24T09:54:48.676+0000] {processor.py:186} INFO - Started process (PID=97) to work on /home/airflow/.local/lib/python3.12/site-packages/airflow/example_dags/example_skip_dag.py
[2024-08-24T09:54:48.677+0000] {processor.py:914} INFO - Processing file /home/airflow/.local/lib/python3.12/site-packages/airflow/example_dags/example_skip_dag.py for tasks to queue
[2024-08-24T09:54:48.681+0000] {logging_mixin.py:190} INFO - [2024-08-24T09:54:48.680+0000] {dagbag.py:587} INFO - Filling up the DagBag from /home/airflow/.local/lib/python3.12/site-packages/airflow/example_dags/example_skip_dag.py
[2024-08-24T09:54:48.692+0000] {processor.py:925} INFO - DAG(s) 'example_skip_dag' retrieved from /home/airflow/.local/lib/python3.12/site-packages/airflow/example_dags/example_skip_dag.py
[2024-08-24T09:54:48.814+0000] {logging_mixin.py:190} INFO - [2024-08-24T09:54:48.813+0000] {override.py:1858} INFO - Created Permission View: can read on DAG:example_skip_dag
[2024-08-24T09:54:48.826+0000] {logging_mixin.py:190} INFO - [2024-08-24T09:54:48.825+0000] {override.py:1858} INFO - Created Permission View: can delete on DAG:example_skip_dag
[2024-08-24T09:54:48.834+0000] {logging_mixin.py:190} INFO - [2024-08-24T09:54:48.833+0000] {override.py:1858} INFO - Created Permission View: can edit on DAG:example_skip_dag
[2024-08-24T09:54:48.835+0000] {logging_mixin.py:190} INFO - [2024-08-24T09:54:48.835+0000] {dag.py:3211} INFO - Sync 1 DAGs
[2024-08-24T09:54:48.848+0000] {logging_mixin.py:190} INFO - [2024-08-24T09:54:48.848+0000] {dag.py:3234} INFO - Creating ORM DAG for example_skip_dag
[2024-08-24T09:54:48.859+0000] {logging_mixin.py:190} INFO - [2024-08-24T09:54:48.859+0000] {dag.py:4138} INFO - Setting next_dagrun for example_skip_dag to 2024-08-23 00:00:00+00:00, run_after=2024-08-24 00:00:00+00:00
[2024-08-24T09:54:48.878+0000] {processor.py:208} INFO - Processing /home/airflow/.local/lib/python3.12/site-packages/airflow/example_dags/example_skip_dag.py took 0.209 seconds
[2024-08-24T09:55:19.699+0000] {processor.py:186} INFO - Started process (PID=159) to work on /home/airflow/.local/lib/python3.12/site-packages/airflow/example_dags/example_skip_dag.py
[2024-08-24T09:55:19.700+0000] {processor.py:914} INFO - Processing file /home/airflow/.local/lib/python3.12/site-packages/airflow/example_dags/example_skip_dag.py for tasks to queue
[2024-08-24T09:55:19.702+0000] {logging_mixin.py:190} INFO - [2024-08-24T09:55:19.702+0000] {dagbag.py:587} INFO - Filling up the DagBag from /home/airflow/.local/lib/python3.12/site-packages/airflow/example_dags/example_skip_dag.py
[2024-08-24T09:55:19.709+0000] {processor.py:925} INFO - DAG(s) 'example_skip_dag' retrieved from /home/airflow/.local/lib/python3.12/site-packages/airflow/example_dags/example_skip_dag.py
[2024-08-24T09:55:19.727+0000] {logging_mixin.py:190} INFO - [2024-08-24T09:55:19.726+0000] {dag.py:3211} INFO - Sync 1 DAGs
[2024-08-24T09:55:19.744+0000] {logging_mixin.py:190} INFO - [2024-08-24T09:55:19.744+0000] {dag.py:4138} INFO - Setting next_dagrun for example_skip_dag to 2024-08-23 00:00:00+00:00, run_after=2024-08-24 00:00:00+00:00
[2024-08-24T09:55:19.760+0000] {processor.py:208} INFO - Processing /home/airflow/.local/lib/python3.12/site-packages/airflow/example_dags/example_skip_dag.py took 0.066 seconds
[2024-08-24T09:55:49.943+0000] {processor.py:186} INFO - Started process (PID=221) to work on /home/airflow/.local/lib/python3.12/site-packages/airflow/example_dags/example_skip_dag.py
[2024-08-24T09:55:49.943+0000] {processor.py:914} INFO - Processing file /home/airflow/.local/lib/python3.12/site-packages/airflow/example_dags/example_skip_dag.py for tasks to queue
[2024-08-24T09:55:49.945+0000] {logging_mixin.py:190} INFO - [2024-08-24T09:55:49.945+0000] {dagbag.py:587} INFO - Filling up the DagBag from /home/airflow/.local/lib/python3.12/site-packages/airflow/example_dags/example_skip_dag.py
[2024-08-24T09:55:49.951+0000] {processor.py:925} INFO - DAG(s) 'example_skip_dag' retrieved from /home/airflow/.local/lib/python3.12/site-packages/airflow/example_dags/example_skip_dag.py
[2024-08-24T09:55:49.968+0000] {logging_mixin.py:190} INFO - [2024-08-24T09:55:49.968+0000] {dag.py:3211} INFO - Sync 1 DAGs
[2024-08-24T09:55:49.985+0000] {logging_mixin.py:190} INFO - [2024-08-24T09:55:49.985+0000] {dag.py:4138} INFO - Setting next_dagrun for example_skip_dag to 2024-08-23 00:00:00+00:00, run_after=2024-08-24 00:00:00+00:00
[2024-08-24T09:55:50.005+0000] {processor.py:208} INFO - Processing /home/airflow/.local/lib/python3.12/site-packages/airflow/example_dags/example_skip_dag.py took 0.067 seconds
[2024-08-24T09:56:20.154+0000] {processor.py:186} INFO - Started process (PID=283) to work on /home/airflow/.local/lib/python3.12/site-packages/airflow/example_dags/example_skip_dag.py
[2024-08-24T09:56:20.155+0000] {processor.py:914} INFO - Processing file /home/airflow/.local/lib/python3.12/site-packages/airflow/example_dags/example_skip_dag.py for tasks to queue
[2024-08-24T09:56:20.157+0000] {logging_mixin.py:190} INFO - [2024-08-24T09:56:20.157+0000] {dagbag.py:587} INFO - Filling up the DagBag from /home/airflow/.local/lib/python3.12/site-packages/airflow/example_dags/example_skip_dag.py
[2024-08-24T09:56:20.163+0000] {processor.py:925} INFO - DAG(s) 'example_skip_dag' retrieved from /home/airflow/.local/lib/python3.12/site-packages/airflow/example_dags/example_skip_dag.py
[2024-08-24T09:56:20.181+0000] {logging_mixin.py:190} INFO - [2024-08-24T09:56:20.181+0000] {dag.py:3211} INFO - Sync 1 DAGs
[2024-08-24T09:56:20.197+0000] {logging_mixin.py:190} INFO - [2024-08-24T09:56:20.197+0000] {dag.py:4138} INFO - Setting next_dagrun for example_skip_dag to 2024-08-23 00:00:00+00:00, run_after=2024-08-24 00:00:00+00:00
[2024-08-24T09:56:20.215+0000] {processor.py:208} INFO - Processing /home/airflow/.local/lib/python3.12/site-packages/airflow/example_dags/example_skip_dag.py took 0.066 seconds
[2024-08-24T09:56:51.698+0000] {processor.py:186} INFO - Started process (PID=345) to work on /home/airflow/.local/lib/python3.12/site-packages/airflow/example_dags/example_skip_dag.py
[2024-08-24T09:56:51.700+0000] {processor.py:914} INFO - Processing file /home/airflow/.local/lib/python3.12/site-packages/airflow/example_dags/example_skip_dag.py for tasks to queue
[2024-08-24T09:56:51.705+0000] {logging_mixin.py:190} INFO - [2024-08-24T09:56:51.704+0000] {dagbag.py:587} INFO - Filling up the DagBag from /home/airflow/.local/lib/python3.12/site-packages/airflow/example_dags/example_skip_dag.py
[2024-08-24T09:56:51.722+0000] {processor.py:925} INFO - DAG(s) 'example_skip_dag' retrieved from /home/airflow/.local/lib/python3.12/site-packages/airflow/example_dags/example_skip_dag.py
[2024-08-24T09:56:51.770+0000] {logging_mixin.py:190} INFO - [2024-08-24T09:56:51.770+0000] {dag.py:3211} INFO - Sync 1 DAGs
[2024-08-24T09:56:51.826+0000] {logging_mixin.py:190} INFO - [2024-08-24T09:56:51.825+0000] {dag.py:4138} INFO - Setting next_dagrun for example_skip_dag to 2024-08-23 00:00:00+00:00, run_after=2024-08-24 00:00:00+00:00
[2024-08-24T09:56:51.871+0000] {processor.py:208} INFO - Processing /home/airflow/.local/lib/python3.12/site-packages/airflow/example_dags/example_skip_dag.py took 0.186 seconds
[2024-08-24T09:57:22.450+0000] {processor.py:186} INFO - Started process (PID=407) to work on /home/airflow/.local/lib/python3.12/site-packages/airflow/example_dags/example_skip_dag.py
[2024-08-24T09:57:22.451+0000] {processor.py:914} INFO - Processing file /home/airflow/.local/lib/python3.12/site-packages/airflow/example_dags/example_skip_dag.py for tasks to queue
[2024-08-24T09:57:22.453+0000] {logging_mixin.py:190} INFO - [2024-08-24T09:57:22.453+0000] {dagbag.py:587} INFO - Filling up the DagBag from /home/airflow/.local/lib/python3.12/site-packages/airflow/example_dags/example_skip_dag.py
[2024-08-24T09:57:22.460+0000] {processor.py:925} INFO - DAG(s) 'example_skip_dag' retrieved from /home/airflow/.local/lib/python3.12/site-packages/airflow/example_dags/example_skip_dag.py
[2024-08-24T09:57:22.477+0000] {logging_mixin.py:190} INFO - [2024-08-24T09:57:22.477+0000] {dag.py:3211} INFO - Sync 1 DAGs
[2024-08-24T09:57:22.495+0000] {logging_mixin.py:190} INFO - [2024-08-24T09:57:22.495+0000] {dag.py:4138} INFO - Setting next_dagrun for example_skip_dag to 2024-08-23 00:00:00+00:00, run_after=2024-08-24 00:00:00+00:00
[2024-08-24T09:57:22.512+0000] {processor.py:208} INFO - Processing /home/airflow/.local/lib/python3.12/site-packages/airflow/example_dags/example_skip_dag.py took 0.067 seconds
[2024-08-24T09:57:52.640+0000] {processor.py:186} INFO - Started process (PID=469) to work on /home/airflow/.local/lib/python3.12/site-packages/airflow/example_dags/example_skip_dag.py
[2024-08-24T09:57:52.641+0000] {processor.py:914} INFO - Processing file /home/airflow/.local/lib/python3.12/site-packages/airflow/example_dags/example_skip_dag.py for tasks to queue
[2024-08-24T09:57:52.643+0000] {logging_mixin.py:190} INFO - [2024-08-24T09:57:52.643+0000] {dagbag.py:587} INFO - Filling up the DagBag from /home/airflow/.local/lib/python3.12/site-packages/airflow/example_dags/example_skip_dag.py
[2024-08-24T09:57:52.651+0000] {processor.py:925} INFO - DAG(s) 'example_skip_dag' retrieved from /home/airflow/.local/lib/python3.12/site-packages/airflow/example_dags/example_skip_dag.py
[2024-08-24T09:57:52.668+0000] {logging_mixin.py:190} INFO - [2024-08-24T09:57:52.668+0000] {dag.py:3211} INFO - Sync 1 DAGs
[2024-08-24T09:57:52.687+0000] {logging_mixin.py:190} INFO - [2024-08-24T09:57:52.686+0000] {dag.py:4138} INFO - Setting next_dagrun for example_skip_dag to 2024-08-23 00:00:00+00:00, run_after=2024-08-24 00:00:00+00:00
[2024-08-24T09:57:52.704+0000] {processor.py:208} INFO - Processing /home/airflow/.local/lib/python3.12/site-packages/airflow/example_dags/example_skip_dag.py took 0.068 seconds
