[2024-08-24T09:54:45.526+0000] {processor.py:186} INFO - Started process (PID=78) to work on /home/airflow/.local/lib/python3.12/site-packages/airflow/example_dags/example_bash_operator.py
[2024-08-24T09:54:45.527+0000] {processor.py:914} INFO - Processing file /home/airflow/.local/lib/python3.12/site-packages/airflow/example_dags/example_bash_operator.py for tasks to queue
[2024-08-24T09:54:45.530+0000] {logging_mixin.py:190} INFO - [2024-08-24T09:54:45.530+0000] {dagbag.py:587} INFO - Filling up the DagBag from /home/airflow/.local/lib/python3.12/site-packages/airflow/example_dags/example_bash_operator.py
[2024-08-24T09:54:45.554+0000] {processor.py:925} INFO - DAG(s) 'example_bash_operator' retrieved from /home/airflow/.local/lib/python3.12/site-packages/airflow/example_dags/example_bash_operator.py
[2024-08-24T09:54:45.704+0000] {logging_mixin.py:190} INFO - [2024-08-24T09:54:45.703+0000] {override.py:1858} INFO - Created Permission View: can read on DAG:example_bash_operator
[2024-08-24T09:54:45.719+0000] {logging_mixin.py:190} INFO - [2024-08-24T09:54:45.718+0000] {override.py:1858} INFO - Created Permission View: can delete on DAG:example_bash_operator
[2024-08-24T09:54:45.727+0000] {logging_mixin.py:190} INFO - [2024-08-24T09:54:45.727+0000] {override.py:1858} INFO - Created Permission View: can edit on DAG:example_bash_operator
[2024-08-24T09:54:45.728+0000] {logging_mixin.py:190} INFO - [2024-08-24T09:54:45.728+0000] {dag.py:3211} INFO - Sync 1 DAGs
[2024-08-24T09:54:45.743+0000] {logging_mixin.py:190} INFO - [2024-08-24T09:54:45.743+0000] {dag.py:3234} INFO - Creating ORM DAG for example_bash_operator
[2024-08-24T09:54:45.762+0000] {logging_mixin.py:190} INFO - [2024-08-24T09:54:45.761+0000] {dag.py:4138} INFO - Setting next_dagrun for example_bash_operator to 2024-08-23 00:00:00+00:00, run_after=2024-08-24 00:00:00+00:00
[2024-08-24T09:54:45.785+0000] {processor.py:208} INFO - Processing /home/airflow/.local/lib/python3.12/site-packages/airflow/example_dags/example_bash_operator.py took 0.268 seconds
[2024-08-24T09:55:16.329+0000] {processor.py:186} INFO - Started process (PID=140) to work on /home/airflow/.local/lib/python3.12/site-packages/airflow/example_dags/example_bash_operator.py
[2024-08-24T09:55:16.330+0000] {processor.py:914} INFO - Processing file /home/airflow/.local/lib/python3.12/site-packages/airflow/example_dags/example_bash_operator.py for tasks to queue
[2024-08-24T09:55:16.332+0000] {logging_mixin.py:190} INFO - [2024-08-24T09:55:16.332+0000] {dagbag.py:587} INFO - Filling up the DagBag from /home/airflow/.local/lib/python3.12/site-packages/airflow/example_dags/example_bash_operator.py
[2024-08-24T09:55:16.344+0000] {processor.py:925} INFO - DAG(s) 'example_bash_operator' retrieved from /home/airflow/.local/lib/python3.12/site-packages/airflow/example_dags/example_bash_operator.py
[2024-08-24T09:55:16.367+0000] {logging_mixin.py:190} INFO - [2024-08-24T09:55:16.367+0000] {dag.py:3211} INFO - Sync 1 DAGs
[2024-08-24T09:55:16.385+0000] {logging_mixin.py:190} INFO - [2024-08-24T09:55:16.385+0000] {dag.py:4138} INFO - Setting next_dagrun for example_bash_operator to 2024-08-23 00:00:00+00:00, run_after=2024-08-24 00:00:00+00:00
[2024-08-24T09:55:16.400+0000] {processor.py:208} INFO - Processing /home/airflow/.local/lib/python3.12/site-packages/airflow/example_dags/example_bash_operator.py took 0.075 seconds
[2024-08-24T09:55:46.856+0000] {processor.py:186} INFO - Started process (PID=202) to work on /home/airflow/.local/lib/python3.12/site-packages/airflow/example_dags/example_bash_operator.py
[2024-08-24T09:55:46.857+0000] {processor.py:914} INFO - Processing file /home/airflow/.local/lib/python3.12/site-packages/airflow/example_dags/example_bash_operator.py for tasks to queue
[2024-08-24T09:55:46.859+0000] {logging_mixin.py:190} INFO - [2024-08-24T09:55:46.859+0000] {dagbag.py:587} INFO - Filling up the DagBag from /home/airflow/.local/lib/python3.12/site-packages/airflow/example_dags/example_bash_operator.py
[2024-08-24T09:55:46.868+0000] {processor.py:925} INFO - DAG(s) 'example_bash_operator' retrieved from /home/airflow/.local/lib/python3.12/site-packages/airflow/example_dags/example_bash_operator.py
[2024-08-24T09:55:46.889+0000] {logging_mixin.py:190} INFO - [2024-08-24T09:55:46.889+0000] {dag.py:3211} INFO - Sync 1 DAGs
[2024-08-24T09:55:46.907+0000] {logging_mixin.py:190} INFO - [2024-08-24T09:55:46.907+0000] {dag.py:4138} INFO - Setting next_dagrun for example_bash_operator to 2024-08-23 00:00:00+00:00, run_after=2024-08-24 00:00:00+00:00
[2024-08-24T09:55:46.925+0000] {processor.py:208} INFO - Processing /home/airflow/.local/lib/python3.12/site-packages/airflow/example_dags/example_bash_operator.py took 0.074 seconds
[2024-08-24T09:56:17.194+0000] {processor.py:186} INFO - Started process (PID=264) to work on /home/airflow/.local/lib/python3.12/site-packages/airflow/example_dags/example_bash_operator.py
[2024-08-24T09:56:17.195+0000] {processor.py:914} INFO - Processing file /home/airflow/.local/lib/python3.12/site-packages/airflow/example_dags/example_bash_operator.py for tasks to queue
[2024-08-24T09:56:17.197+0000] {logging_mixin.py:190} INFO - [2024-08-24T09:56:17.197+0000] {dagbag.py:587} INFO - Filling up the DagBag from /home/airflow/.local/lib/python3.12/site-packages/airflow/example_dags/example_bash_operator.py
[2024-08-24T09:56:17.207+0000] {processor.py:925} INFO - DAG(s) 'example_bash_operator' retrieved from /home/airflow/.local/lib/python3.12/site-packages/airflow/example_dags/example_bash_operator.py
[2024-08-24T09:56:17.227+0000] {logging_mixin.py:190} INFO - [2024-08-24T09:56:17.227+0000] {dag.py:3211} INFO - Sync 1 DAGs
[2024-08-24T09:56:17.245+0000] {logging_mixin.py:190} INFO - [2024-08-24T09:56:17.245+0000] {dag.py:4138} INFO - Setting next_dagrun for example_bash_operator to 2024-08-23 00:00:00+00:00, run_after=2024-08-24 00:00:00+00:00
[2024-08-24T09:56:17.262+0000] {processor.py:208} INFO - Processing /home/airflow/.local/lib/python3.12/site-packages/airflow/example_dags/example_bash_operator.py took 0.072 seconds
[2024-08-24T09:56:47.593+0000] {processor.py:186} INFO - Started process (PID=326) to work on /home/airflow/.local/lib/python3.12/site-packages/airflow/example_dags/example_bash_operator.py
[2024-08-24T09:56:47.594+0000] {processor.py:914} INFO - Processing file /home/airflow/.local/lib/python3.12/site-packages/airflow/example_dags/example_bash_operator.py for tasks to queue
[2024-08-24T09:56:47.597+0000] {logging_mixin.py:190} INFO - [2024-08-24T09:56:47.597+0000] {dagbag.py:587} INFO - Filling up the DagBag from /home/airflow/.local/lib/python3.12/site-packages/airflow/example_dags/example_bash_operator.py
[2024-08-24T09:56:47.607+0000] {processor.py:925} INFO - DAG(s) 'example_bash_operator' retrieved from /home/airflow/.local/lib/python3.12/site-packages/airflow/example_dags/example_bash_operator.py
[2024-08-24T09:56:47.634+0000] {logging_mixin.py:190} INFO - [2024-08-24T09:56:47.634+0000] {dag.py:3211} INFO - Sync 1 DAGs
[2024-08-24T09:56:47.655+0000] {logging_mixin.py:190} INFO - [2024-08-24T09:56:47.654+0000] {dag.py:4138} INFO - Setting next_dagrun for example_bash_operator to 2024-08-23 00:00:00+00:00, run_after=2024-08-24 00:00:00+00:00
[2024-08-24T09:56:47.674+0000] {processor.py:208} INFO - Processing /home/airflow/.local/lib/python3.12/site-packages/airflow/example_dags/example_bash_operator.py took 0.086 seconds
[2024-08-24T09:57:17.867+0000] {processor.py:186} INFO - Started process (PID=388) to work on /home/airflow/.local/lib/python3.12/site-packages/airflow/example_dags/example_bash_operator.py
[2024-08-24T09:57:17.868+0000] {processor.py:914} INFO - Processing file /home/airflow/.local/lib/python3.12/site-packages/airflow/example_dags/example_bash_operator.py for tasks to queue
[2024-08-24T09:57:17.870+0000] {logging_mixin.py:190} INFO - [2024-08-24T09:57:17.870+0000] {dagbag.py:587} INFO - Filling up the DagBag from /home/airflow/.local/lib/python3.12/site-packages/airflow/example_dags/example_bash_operator.py
[2024-08-24T09:57:17.882+0000] {processor.py:925} INFO - DAG(s) 'example_bash_operator' retrieved from /home/airflow/.local/lib/python3.12/site-packages/airflow/example_dags/example_bash_operator.py
[2024-08-24T09:57:17.905+0000] {logging_mixin.py:190} INFO - [2024-08-24T09:57:17.905+0000] {dag.py:3211} INFO - Sync 1 DAGs
[2024-08-24T09:57:17.930+0000] {logging_mixin.py:190} INFO - [2024-08-24T09:57:17.930+0000] {dag.py:4138} INFO - Setting next_dagrun for example_bash_operator to 2024-08-23 00:00:00+00:00, run_after=2024-08-24 00:00:00+00:00
[2024-08-24T09:57:17.951+0000] {processor.py:208} INFO - Processing /home/airflow/.local/lib/python3.12/site-packages/airflow/example_dags/example_bash_operator.py took 0.088 seconds
[2024-08-24T09:57:48.494+0000] {processor.py:186} INFO - Started process (PID=450) to work on /home/airflow/.local/lib/python3.12/site-packages/airflow/example_dags/example_bash_operator.py
[2024-08-24T09:57:48.494+0000] {processor.py:914} INFO - Processing file /home/airflow/.local/lib/python3.12/site-packages/airflow/example_dags/example_bash_operator.py for tasks to queue
[2024-08-24T09:57:48.496+0000] {logging_mixin.py:190} INFO - [2024-08-24T09:57:48.496+0000] {dagbag.py:587} INFO - Filling up the DagBag from /home/airflow/.local/lib/python3.12/site-packages/airflow/example_dags/example_bash_operator.py
[2024-08-24T09:57:48.506+0000] {processor.py:925} INFO - DAG(s) 'example_bash_operator' retrieved from /home/airflow/.local/lib/python3.12/site-packages/airflow/example_dags/example_bash_operator.py
[2024-08-24T09:57:48.529+0000] {logging_mixin.py:190} INFO - [2024-08-24T09:57:48.529+0000] {dag.py:3211} INFO - Sync 1 DAGs
[2024-08-24T09:57:48.549+0000] {logging_mixin.py:190} INFO - [2024-08-24T09:57:48.549+0000] {dag.py:4138} INFO - Setting next_dagrun for example_bash_operator to 2024-08-23 00:00:00+00:00, run_after=2024-08-24 00:00:00+00:00
[2024-08-24T09:57:48.567+0000] {processor.py:208} INFO - Processing /home/airflow/.local/lib/python3.12/site-packages/airflow/example_dags/example_bash_operator.py took 0.077 seconds
[2024-08-24T09:58:19.020+0000] {processor.py:186} INFO - Started process (PID=512) to work on /home/airflow/.local/lib/python3.12/site-packages/airflow/example_dags/example_bash_operator.py
[2024-08-24T09:58:19.022+0000] {processor.py:914} INFO - Processing file /home/airflow/.local/lib/python3.12/site-packages/airflow/example_dags/example_bash_operator.py for tasks to queue
[2024-08-24T09:58:19.028+0000] {logging_mixin.py:190} INFO - [2024-08-24T09:58:19.027+0000] {dagbag.py:587} INFO - Filling up the DagBag from /home/airflow/.local/lib/python3.12/site-packages/airflow/example_dags/example_bash_operator.py
[2024-08-24T09:58:19.057+0000] {processor.py:925} INFO - DAG(s) 'example_bash_operator' retrieved from /home/airflow/.local/lib/python3.12/site-packages/airflow/example_dags/example_bash_operator.py
[2024-08-24T09:58:19.106+0000] {logging_mixin.py:190} INFO - [2024-08-24T09:58:19.105+0000] {dag.py:3211} INFO - Sync 1 DAGs
[2024-08-24T09:58:19.162+0000] {logging_mixin.py:190} INFO - [2024-08-24T09:58:19.161+0000] {dag.py:4138} INFO - Setting next_dagrun for example_bash_operator to 2024-08-23 00:00:00+00:00, run_after=2024-08-24 00:00:00+00:00
[2024-08-24T09:58:19.200+0000] {processor.py:208} INFO - Processing /home/airflow/.local/lib/python3.12/site-packages/airflow/example_dags/example_bash_operator.py took 0.189 seconds
