[2024-08-24T09:54:50.103+0000] {processor.py:186} INFO - Started process (PID=110) to work on /home/airflow/.local/lib/python3.12/site-packages/airflow/example_dags/example_complex.py
[2024-08-24T09:54:50.104+0000] {processor.py:914} INFO - Processing file /home/airflow/.local/lib/python3.12/site-packages/airflow/example_dags/example_complex.py for tasks to queue
[2024-08-24T09:54:50.106+0000] {logging_mixin.py:190} INFO - [2024-08-24T09:54:50.106+0000] {dagbag.py:587} INFO - Filling up the DagBag from /home/airflow/.local/lib/python3.12/site-packages/airflow/example_dags/example_complex.py
[2024-08-24T09:54:50.121+0000] {processor.py:925} INFO - DAG(s) 'example_complex' retrieved from /home/airflow/.local/lib/python3.12/site-packages/airflow/example_dags/example_complex.py
[2024-08-24T09:54:50.240+0000] {logging_mixin.py:190} INFO - [2024-08-24T09:54:50.239+0000] {override.py:1858} INFO - Created Permission View: can read on DAG:example_complex
[2024-08-24T09:54:50.251+0000] {logging_mixin.py:190} INFO - [2024-08-24T09:54:50.251+0000] {override.py:1858} INFO - Created Permission View: can delete on DAG:example_complex
[2024-08-24T09:54:50.259+0000] {logging_mixin.py:190} INFO - [2024-08-24T09:54:50.259+0000] {override.py:1858} INFO - Created Permission View: can edit on DAG:example_complex
[2024-08-24T09:54:50.260+0000] {logging_mixin.py:190} INFO - [2024-08-24T09:54:50.260+0000] {dag.py:3211} INFO - Sync 1 DAGs
[2024-08-24T09:54:50.273+0000] {logging_mixin.py:190} INFO - [2024-08-24T09:54:50.273+0000] {dag.py:3234} INFO - Creating ORM DAG for example_complex
[2024-08-24T09:54:50.274+0000] {logging_mixin.py:190} INFO - [2024-08-24T09:54:50.274+0000] {dag.py:4138} INFO - Setting next_dagrun for example_complex to None, run_after=None
[2024-08-24T09:54:50.293+0000] {processor.py:208} INFO - Processing /home/airflow/.local/lib/python3.12/site-packages/airflow/example_dags/example_complex.py took 0.196 seconds
[2024-08-24T09:55:20.382+0000] {processor.py:186} INFO - Started process (PID=172) to work on /home/airflow/.local/lib/python3.12/site-packages/airflow/example_dags/example_complex.py
[2024-08-24T09:55:20.383+0000] {processor.py:914} INFO - Processing file /home/airflow/.local/lib/python3.12/site-packages/airflow/example_dags/example_complex.py for tasks to queue
[2024-08-24T09:55:20.384+0000] {logging_mixin.py:190} INFO - [2024-08-24T09:55:20.384+0000] {dagbag.py:587} INFO - Filling up the DagBag from /home/airflow/.local/lib/python3.12/site-packages/airflow/example_dags/example_complex.py
[2024-08-24T09:55:20.393+0000] {processor.py:925} INFO - DAG(s) 'example_complex' retrieved from /home/airflow/.local/lib/python3.12/site-packages/airflow/example_dags/example_complex.py
[2024-08-24T09:55:20.418+0000] {logging_mixin.py:190} INFO - [2024-08-24T09:55:20.418+0000] {dag.py:3211} INFO - Sync 1 DAGs
[2024-08-24T09:55:20.428+0000] {logging_mixin.py:190} INFO - [2024-08-24T09:55:20.428+0000] {dag.py:4138} INFO - Setting next_dagrun for example_complex to None, run_after=None
[2024-08-24T09:55:20.445+0000] {processor.py:208} INFO - Processing /home/airflow/.local/lib/python3.12/site-packages/airflow/example_dags/example_complex.py took 0.068 seconds
[2024-08-24T09:55:50.559+0000] {processor.py:186} INFO - Started process (PID=234) to work on /home/airflow/.local/lib/python3.12/site-packages/airflow/example_dags/example_complex.py
[2024-08-24T09:55:50.560+0000] {processor.py:914} INFO - Processing file /home/airflow/.local/lib/python3.12/site-packages/airflow/example_dags/example_complex.py for tasks to queue
[2024-08-24T09:55:50.562+0000] {logging_mixin.py:190} INFO - [2024-08-24T09:55:50.562+0000] {dagbag.py:587} INFO - Filling up the DagBag from /home/airflow/.local/lib/python3.12/site-packages/airflow/example_dags/example_complex.py
[2024-08-24T09:55:50.572+0000] {processor.py:925} INFO - DAG(s) 'example_complex' retrieved from /home/airflow/.local/lib/python3.12/site-packages/airflow/example_dags/example_complex.py
[2024-08-24T09:55:50.599+0000] {logging_mixin.py:190} INFO - [2024-08-24T09:55:50.599+0000] {dag.py:3211} INFO - Sync 1 DAGs
[2024-08-24T09:55:50.609+0000] {logging_mixin.py:190} INFO - [2024-08-24T09:55:50.609+0000] {dag.py:4138} INFO - Setting next_dagrun for example_complex to None, run_after=None
[2024-08-24T09:55:50.633+0000] {processor.py:208} INFO - Processing /home/airflow/.local/lib/python3.12/site-packages/airflow/example_dags/example_complex.py took 0.078 seconds
[2024-08-24T09:56:20.764+0000] {processor.py:186} INFO - Started process (PID=296) to work on /home/airflow/.local/lib/python3.12/site-packages/airflow/example_dags/example_complex.py
[2024-08-24T09:56:20.765+0000] {processor.py:914} INFO - Processing file /home/airflow/.local/lib/python3.12/site-packages/airflow/example_dags/example_complex.py for tasks to queue
[2024-08-24T09:56:20.767+0000] {logging_mixin.py:190} INFO - [2024-08-24T09:56:20.767+0000] {dagbag.py:587} INFO - Filling up the DagBag from /home/airflow/.local/lib/python3.12/site-packages/airflow/example_dags/example_complex.py
[2024-08-24T09:56:20.777+0000] {processor.py:925} INFO - DAG(s) 'example_complex' retrieved from /home/airflow/.local/lib/python3.12/site-packages/airflow/example_dags/example_complex.py
[2024-08-24T09:56:20.803+0000] {logging_mixin.py:190} INFO - [2024-08-24T09:56:20.803+0000] {dag.py:3211} INFO - Sync 1 DAGs
[2024-08-24T09:56:20.816+0000] {logging_mixin.py:190} INFO - [2024-08-24T09:56:20.815+0000] {dag.py:4138} INFO - Setting next_dagrun for example_complex to None, run_after=None
[2024-08-24T09:56:20.834+0000] {processor.py:208} INFO - Processing /home/airflow/.local/lib/python3.12/site-packages/airflow/example_dags/example_complex.py took 0.074 seconds
[2024-08-24T09:56:53.691+0000] {processor.py:186} INFO - Started process (PID=358) to work on /home/airflow/.local/lib/python3.12/site-packages/airflow/example_dags/example_complex.py
[2024-08-24T09:56:53.693+0000] {processor.py:914} INFO - Processing file /home/airflow/.local/lib/python3.12/site-packages/airflow/example_dags/example_complex.py for tasks to queue
[2024-08-24T09:56:53.697+0000] {logging_mixin.py:190} INFO - [2024-08-24T09:56:53.696+0000] {dagbag.py:587} INFO - Filling up the DagBag from /home/airflow/.local/lib/python3.12/site-packages/airflow/example_dags/example_complex.py
[2024-08-24T09:56:53.722+0000] {processor.py:925} INFO - DAG(s) 'example_complex' retrieved from /home/airflow/.local/lib/python3.12/site-packages/airflow/example_dags/example_complex.py
[2024-08-24T09:56:53.791+0000] {logging_mixin.py:190} INFO - [2024-08-24T09:56:53.790+0000] {dag.py:3211} INFO - Sync 1 DAGs
[2024-08-24T09:56:53.820+0000] {logging_mixin.py:190} INFO - [2024-08-24T09:56:53.819+0000] {dag.py:4138} INFO - Setting next_dagrun for example_complex to None, run_after=None
[2024-08-24T09:56:53.870+0000] {processor.py:208} INFO - Processing /home/airflow/.local/lib/python3.12/site-packages/airflow/example_dags/example_complex.py took 0.192 seconds
[2024-08-24T09:57:24.103+0000] {processor.py:186} INFO - Started process (PID=420) to work on /home/airflow/.local/lib/python3.12/site-packages/airflow/example_dags/example_complex.py
[2024-08-24T09:57:24.104+0000] {processor.py:914} INFO - Processing file /home/airflow/.local/lib/python3.12/site-packages/airflow/example_dags/example_complex.py for tasks to queue
[2024-08-24T09:57:24.106+0000] {logging_mixin.py:190} INFO - [2024-08-24T09:57:24.106+0000] {dagbag.py:587} INFO - Filling up the DagBag from /home/airflow/.local/lib/python3.12/site-packages/airflow/example_dags/example_complex.py
[2024-08-24T09:57:24.115+0000] {processor.py:925} INFO - DAG(s) 'example_complex' retrieved from /home/airflow/.local/lib/python3.12/site-packages/airflow/example_dags/example_complex.py
[2024-08-24T09:57:24.139+0000] {logging_mixin.py:190} INFO - [2024-08-24T09:57:24.139+0000] {dag.py:3211} INFO - Sync 1 DAGs
[2024-08-24T09:57:24.150+0000] {logging_mixin.py:190} INFO - [2024-08-24T09:57:24.150+0000] {dag.py:4138} INFO - Setting next_dagrun for example_complex to None, run_after=None
[2024-08-24T09:57:24.169+0000] {processor.py:208} INFO - Processing /home/airflow/.local/lib/python3.12/site-packages/airflow/example_dags/example_complex.py took 0.070 seconds
[2024-08-24T09:57:54.405+0000] {processor.py:186} INFO - Started process (PID=482) to work on /home/airflow/.local/lib/python3.12/site-packages/airflow/example_dags/example_complex.py
[2024-08-24T09:57:54.406+0000] {processor.py:914} INFO - Processing file /home/airflow/.local/lib/python3.12/site-packages/airflow/example_dags/example_complex.py for tasks to queue
[2024-08-24T09:57:54.408+0000] {logging_mixin.py:190} INFO - [2024-08-24T09:57:54.407+0000] {dagbag.py:587} INFO - Filling up the DagBag from /home/airflow/.local/lib/python3.12/site-packages/airflow/example_dags/example_complex.py
[2024-08-24T09:57:54.417+0000] {processor.py:925} INFO - DAG(s) 'example_complex' retrieved from /home/airflow/.local/lib/python3.12/site-packages/airflow/example_dags/example_complex.py
[2024-08-24T09:57:54.443+0000] {logging_mixin.py:190} INFO - [2024-08-24T09:57:54.443+0000] {dag.py:3211} INFO - Sync 1 DAGs
[2024-08-24T09:57:54.454+0000] {logging_mixin.py:190} INFO - [2024-08-24T09:57:54.454+0000] {dag.py:4138} INFO - Setting next_dagrun for example_complex to None, run_after=None
[2024-08-24T09:57:54.471+0000] {processor.py:208} INFO - Processing /home/airflow/.local/lib/python3.12/site-packages/airflow/example_dags/example_complex.py took 0.071 seconds
