[2024-08-24T09:54:48.699+0000] {processor.py:186} INFO - Started process (PID=98) to work on /home/airflow/.local/lib/python3.12/site-packages/airflow/example_dags/example_xcom.py
[2024-08-24T09:54:48.701+0000] {processor.py:914} INFO - Processing file /home/airflow/.local/lib/python3.12/site-packages/airflow/example_dags/example_xcom.py for tasks to queue
[2024-08-24T09:54:48.704+0000] {logging_mixin.py:190} INFO - [2024-08-24T09:54:48.703+0000] {dagbag.py:587} INFO - Filling up the DagBag from /home/airflow/.local/lib/python3.12/site-packages/airflow/example_dags/example_xcom.py
[2024-08-24T09:54:48.716+0000] {processor.py:925} INFO - DAG(s) 'example_xcom' retrieved from /home/airflow/.local/lib/python3.12/site-packages/airflow/example_dags/example_xcom.py
[2024-08-24T09:54:48.837+0000] {logging_mixin.py:190} INFO - [2024-08-24T09:54:48.836+0000] {override.py:1858} INFO - Created Permission View: can read on DAG:example_xcom
[2024-08-24T09:54:48.847+0000] {logging_mixin.py:190} INFO - [2024-08-24T09:54:48.847+0000] {override.py:1858} INFO - Created Permission View: can delete on DAG:example_xcom
[2024-08-24T09:54:48.855+0000] {logging_mixin.py:190} INFO - [2024-08-24T09:54:48.854+0000] {override.py:1858} INFO - Created Permission View: can edit on DAG:example_xcom
[2024-08-24T09:54:48.855+0000] {logging_mixin.py:190} INFO - [2024-08-24T09:54:48.855+0000] {dag.py:3211} INFO - Sync 1 DAGs
[2024-08-24T09:54:48.870+0000] {logging_mixin.py:190} INFO - [2024-08-24T09:54:48.870+0000] {dag.py:3234} INFO - Creating ORM DAG for example_xcom
[2024-08-24T09:54:48.880+0000] {logging_mixin.py:190} INFO - [2024-08-24T09:54:48.880+0000] {dag.py:4138} INFO - Setting next_dagrun for example_xcom to 2021-01-01 00:00:00+00:00, run_after=2021-01-01 00:00:00+00:00
[2024-08-24T09:54:48.901+0000] {processor.py:208} INFO - Processing /home/airflow/.local/lib/python3.12/site-packages/airflow/example_dags/example_xcom.py took 0.210 seconds
[2024-08-24T09:55:19.721+0000] {processor.py:186} INFO - Started process (PID=160) to work on /home/airflow/.local/lib/python3.12/site-packages/airflow/example_dags/example_xcom.py
[2024-08-24T09:55:19.722+0000] {processor.py:914} INFO - Processing file /home/airflow/.local/lib/python3.12/site-packages/airflow/example_dags/example_xcom.py for tasks to queue
[2024-08-24T09:55:19.724+0000] {logging_mixin.py:190} INFO - [2024-08-24T09:55:19.724+0000] {dagbag.py:587} INFO - Filling up the DagBag from /home/airflow/.local/lib/python3.12/site-packages/airflow/example_dags/example_xcom.py
[2024-08-24T09:55:19.731+0000] {processor.py:925} INFO - DAG(s) 'example_xcom' retrieved from /home/airflow/.local/lib/python3.12/site-packages/airflow/example_dags/example_xcom.py
[2024-08-24T09:55:19.748+0000] {logging_mixin.py:190} INFO - [2024-08-24T09:55:19.748+0000] {dag.py:3211} INFO - Sync 1 DAGs
[2024-08-24T09:55:19.765+0000] {logging_mixin.py:190} INFO - [2024-08-24T09:55:19.764+0000] {dag.py:4138} INFO - Setting next_dagrun for example_xcom to 2021-01-01 00:00:00+00:00, run_after=2021-01-01 00:00:00+00:00
[2024-08-24T09:55:19.782+0000] {processor.py:208} INFO - Processing /home/airflow/.local/lib/python3.12/site-packages/airflow/example_dags/example_xcom.py took 0.065 seconds
[2024-08-24T09:55:49.967+0000] {processor.py:186} INFO - Started process (PID=222) to work on /home/airflow/.local/lib/python3.12/site-packages/airflow/example_dags/example_xcom.py
[2024-08-24T09:55:49.968+0000] {processor.py:914} INFO - Processing file /home/airflow/.local/lib/python3.12/site-packages/airflow/example_dags/example_xcom.py for tasks to queue
[2024-08-24T09:55:49.970+0000] {logging_mixin.py:190} INFO - [2024-08-24T09:55:49.970+0000] {dagbag.py:587} INFO - Filling up the DagBag from /home/airflow/.local/lib/python3.12/site-packages/airflow/example_dags/example_xcom.py
[2024-08-24T09:55:49.977+0000] {processor.py:925} INFO - DAG(s) 'example_xcom' retrieved from /home/airflow/.local/lib/python3.12/site-packages/airflow/example_dags/example_xcom.py
[2024-08-24T09:55:49.994+0000] {logging_mixin.py:190} INFO - [2024-08-24T09:55:49.993+0000] {dag.py:3211} INFO - Sync 1 DAGs
[2024-08-24T09:55:50.013+0000] {logging_mixin.py:190} INFO - [2024-08-24T09:55:50.012+0000] {dag.py:4138} INFO - Setting next_dagrun for example_xcom to 2021-01-01 00:00:00+00:00, run_after=2021-01-01 00:00:00+00:00
[2024-08-24T09:55:50.032+0000] {processor.py:208} INFO - Processing /home/airflow/.local/lib/python3.12/site-packages/airflow/example_dags/example_xcom.py took 0.069 seconds
[2024-08-24T09:56:20.177+0000] {processor.py:186} INFO - Started process (PID=284) to work on /home/airflow/.local/lib/python3.12/site-packages/airflow/example_dags/example_xcom.py
[2024-08-24T09:56:20.178+0000] {processor.py:914} INFO - Processing file /home/airflow/.local/lib/python3.12/site-packages/airflow/example_dags/example_xcom.py for tasks to queue
[2024-08-24T09:56:20.180+0000] {logging_mixin.py:190} INFO - [2024-08-24T09:56:20.180+0000] {dagbag.py:587} INFO - Filling up the DagBag from /home/airflow/.local/lib/python3.12/site-packages/airflow/example_dags/example_xcom.py
[2024-08-24T09:56:20.187+0000] {processor.py:925} INFO - DAG(s) 'example_xcom' retrieved from /home/airflow/.local/lib/python3.12/site-packages/airflow/example_dags/example_xcom.py
[2024-08-24T09:56:20.203+0000] {logging_mixin.py:190} INFO - [2024-08-24T09:56:20.203+0000] {dag.py:3211} INFO - Sync 1 DAGs
[2024-08-24T09:56:20.220+0000] {logging_mixin.py:190} INFO - [2024-08-24T09:56:20.220+0000] {dag.py:4138} INFO - Setting next_dagrun for example_xcom to 2021-01-01 00:00:00+00:00, run_after=2021-01-01 00:00:00+00:00
[2024-08-24T09:56:20.239+0000] {processor.py:208} INFO - Processing /home/airflow/.local/lib/python3.12/site-packages/airflow/example_dags/example_xcom.py took 0.066 seconds
[2024-08-24T09:56:51.763+0000] {processor.py:186} INFO - Started process (PID=346) to work on /home/airflow/.local/lib/python3.12/site-packages/airflow/example_dags/example_xcom.py
[2024-08-24T09:56:51.766+0000] {processor.py:914} INFO - Processing file /home/airflow/.local/lib/python3.12/site-packages/airflow/example_dags/example_xcom.py for tasks to queue
[2024-08-24T09:56:51.772+0000] {logging_mixin.py:190} INFO - [2024-08-24T09:56:51.771+0000] {dagbag.py:587} INFO - Filling up the DagBag from /home/airflow/.local/lib/python3.12/site-packages/airflow/example_dags/example_xcom.py
[2024-08-24T09:56:51.797+0000] {processor.py:925} INFO - DAG(s) 'example_xcom' retrieved from /home/airflow/.local/lib/python3.12/site-packages/airflow/example_dags/example_xcom.py
[2024-08-24T09:56:51.854+0000] {logging_mixin.py:190} INFO - [2024-08-24T09:56:51.854+0000] {dag.py:3211} INFO - Sync 1 DAGs
[2024-08-24T09:56:51.917+0000] {logging_mixin.py:190} INFO - [2024-08-24T09:56:51.916+0000] {dag.py:4138} INFO - Setting next_dagrun for example_xcom to 2021-01-01 00:00:00+00:00, run_after=2021-01-01 00:00:00+00:00
[2024-08-24T09:56:51.966+0000] {processor.py:208} INFO - Processing /home/airflow/.local/lib/python3.12/site-packages/airflow/example_dags/example_xcom.py took 0.216 seconds
[2024-08-24T09:57:22.473+0000] {processor.py:186} INFO - Started process (PID=408) to work on /home/airflow/.local/lib/python3.12/site-packages/airflow/example_dags/example_xcom.py
[2024-08-24T09:57:22.474+0000] {processor.py:914} INFO - Processing file /home/airflow/.local/lib/python3.12/site-packages/airflow/example_dags/example_xcom.py for tasks to queue
[2024-08-24T09:57:22.476+0000] {logging_mixin.py:190} INFO - [2024-08-24T09:57:22.476+0000] {dagbag.py:587} INFO - Filling up the DagBag from /home/airflow/.local/lib/python3.12/site-packages/airflow/example_dags/example_xcom.py
[2024-08-24T09:57:22.483+0000] {processor.py:925} INFO - DAG(s) 'example_xcom' retrieved from /home/airflow/.local/lib/python3.12/site-packages/airflow/example_dags/example_xcom.py
[2024-08-24T09:57:22.501+0000] {logging_mixin.py:190} INFO - [2024-08-24T09:57:22.501+0000] {dag.py:3211} INFO - Sync 1 DAGs
[2024-08-24T09:57:22.520+0000] {logging_mixin.py:190} INFO - [2024-08-24T09:57:22.520+0000] {dag.py:4138} INFO - Setting next_dagrun for example_xcom to 2021-01-01 00:00:00+00:00, run_after=2021-01-01 00:00:00+00:00
[2024-08-24T09:57:22.539+0000] {processor.py:208} INFO - Processing /home/airflow/.local/lib/python3.12/site-packages/airflow/example_dags/example_xcom.py took 0.070 seconds
[2024-08-24T09:57:52.665+0000] {processor.py:186} INFO - Started process (PID=470) to work on /home/airflow/.local/lib/python3.12/site-packages/airflow/example_dags/example_xcom.py
[2024-08-24T09:57:52.666+0000] {processor.py:914} INFO - Processing file /home/airflow/.local/lib/python3.12/site-packages/airflow/example_dags/example_xcom.py for tasks to queue
[2024-08-24T09:57:52.668+0000] {logging_mixin.py:190} INFO - [2024-08-24T09:57:52.668+0000] {dagbag.py:587} INFO - Filling up the DagBag from /home/airflow/.local/lib/python3.12/site-packages/airflow/example_dags/example_xcom.py
[2024-08-24T09:57:52.674+0000] {processor.py:925} INFO - DAG(s) 'example_xcom' retrieved from /home/airflow/.local/lib/python3.12/site-packages/airflow/example_dags/example_xcom.py
[2024-08-24T09:57:52.692+0000] {logging_mixin.py:190} INFO - [2024-08-24T09:57:52.692+0000] {dag.py:3211} INFO - Sync 1 DAGs
[2024-08-24T09:57:52.710+0000] {logging_mixin.py:190} INFO - [2024-08-24T09:57:52.710+0000] {dag.py:4138} INFO - Setting next_dagrun for example_xcom to 2021-01-01 00:00:00+00:00, run_after=2021-01-01 00:00:00+00:00
[2024-08-24T09:57:52.727+0000] {processor.py:208} INFO - Processing /home/airflow/.local/lib/python3.12/site-packages/airflow/example_dags/example_xcom.py took 0.068 seconds
