[2024-08-24T09:54:43.219+0000] {processor.py:186} INFO - Started process (PID=68) to work on /home/airflow/.local/lib/python3.12/site-packages/airflow/example_dags/example_setup_teardown.py
[2024-08-24T09:54:43.220+0000] {processor.py:914} INFO - Processing file /home/airflow/.local/lib/python3.12/site-packages/airflow/example_dags/example_setup_teardown.py for tasks to queue
[2024-08-24T09:54:43.224+0000] {logging_mixin.py:190} INFO - [2024-08-24T09:54:43.224+0000] {dagbag.py:587} INFO - Filling up the DagBag from /home/airflow/.local/lib/python3.12/site-packages/airflow/example_dags/example_setup_teardown.py
[2024-08-24T09:54:43.241+0000] {processor.py:925} INFO - DAG(s) 'example_setup_teardown' retrieved from /home/airflow/.local/lib/python3.12/site-packages/airflow/example_dags/example_setup_teardown.py
[2024-08-24T09:54:43.482+0000] {logging_mixin.py:190} INFO - [2024-08-24T09:54:43.482+0000] {override.py:1858} INFO - Created Permission View: can read on DAG:example_setup_teardown
[2024-08-24T09:54:43.496+0000] {logging_mixin.py:190} INFO - [2024-08-24T09:54:43.495+0000] {override.py:1858} INFO - Created Permission View: can delete on DAG:example_setup_teardown
[2024-08-24T09:54:43.507+0000] {logging_mixin.py:190} INFO - [2024-08-24T09:54:43.507+0000] {override.py:1858} INFO - Created Permission View: can edit on DAG:example_setup_teardown
[2024-08-24T09:54:43.508+0000] {logging_mixin.py:190} INFO - [2024-08-24T09:54:43.508+0000] {dag.py:3211} INFO - Sync 1 DAGs
[2024-08-24T09:54:43.522+0000] {logging_mixin.py:190} INFO - [2024-08-24T09:54:43.522+0000] {dag.py:3234} INFO - Creating ORM DAG for example_setup_teardown
[2024-08-24T09:54:43.533+0000] {logging_mixin.py:190} INFO - [2024-08-24T09:54:43.533+0000] {dag.py:4138} INFO - Setting next_dagrun for example_setup_teardown to 2024-08-23 00:00:00+00:00, run_after=2024-08-24 00:00:00+00:00
[2024-08-24T09:54:43.551+0000] {processor.py:208} INFO - Processing /home/airflow/.local/lib/python3.12/site-packages/airflow/example_dags/example_setup_teardown.py took 0.340 seconds
[2024-08-24T09:55:13.713+0000] {processor.py:186} INFO - Started process (PID=130) to work on /home/airflow/.local/lib/python3.12/site-packages/airflow/example_dags/example_setup_teardown.py
[2024-08-24T09:55:13.714+0000] {processor.py:914} INFO - Processing file /home/airflow/.local/lib/python3.12/site-packages/airflow/example_dags/example_setup_teardown.py for tasks to queue
[2024-08-24T09:55:13.716+0000] {logging_mixin.py:190} INFO - [2024-08-24T09:55:13.716+0000] {dagbag.py:587} INFO - Filling up the DagBag from /home/airflow/.local/lib/python3.12/site-packages/airflow/example_dags/example_setup_teardown.py
[2024-08-24T09:55:13.723+0000] {processor.py:925} INFO - DAG(s) 'example_setup_teardown' retrieved from /home/airflow/.local/lib/python3.12/site-packages/airflow/example_dags/example_setup_teardown.py
[2024-08-24T09:55:13.740+0000] {logging_mixin.py:190} INFO - [2024-08-24T09:55:13.740+0000] {dag.py:3211} INFO - Sync 1 DAGs
[2024-08-24T09:55:13.760+0000] {logging_mixin.py:190} INFO - [2024-08-24T09:55:13.759+0000] {dag.py:4138} INFO - Setting next_dagrun for example_setup_teardown to 2024-08-23 00:00:00+00:00, run_after=2024-08-24 00:00:00+00:00
[2024-08-24T09:55:13.778+0000] {processor.py:208} INFO - Processing /home/airflow/.local/lib/python3.12/site-packages/airflow/example_dags/example_setup_teardown.py took 0.070 seconds
[2024-08-24T09:55:44.236+0000] {processor.py:186} INFO - Started process (PID=192) to work on /home/airflow/.local/lib/python3.12/site-packages/airflow/example_dags/example_setup_teardown.py
[2024-08-24T09:55:44.237+0000] {processor.py:914} INFO - Processing file /home/airflow/.local/lib/python3.12/site-packages/airflow/example_dags/example_setup_teardown.py for tasks to queue
[2024-08-24T09:55:44.239+0000] {logging_mixin.py:190} INFO - [2024-08-24T09:55:44.239+0000] {dagbag.py:587} INFO - Filling up the DagBag from /home/airflow/.local/lib/python3.12/site-packages/airflow/example_dags/example_setup_teardown.py
[2024-08-24T09:55:44.245+0000] {processor.py:925} INFO - DAG(s) 'example_setup_teardown' retrieved from /home/airflow/.local/lib/python3.12/site-packages/airflow/example_dags/example_setup_teardown.py
[2024-08-24T09:55:44.262+0000] {logging_mixin.py:190} INFO - [2024-08-24T09:55:44.262+0000] {dag.py:3211} INFO - Sync 1 DAGs
[2024-08-24T09:55:44.279+0000] {logging_mixin.py:190} INFO - [2024-08-24T09:55:44.279+0000] {dag.py:4138} INFO - Setting next_dagrun for example_setup_teardown to 2024-08-23 00:00:00+00:00, run_after=2024-08-24 00:00:00+00:00
[2024-08-24T09:55:44.300+0000] {processor.py:208} INFO - Processing /home/airflow/.local/lib/python3.12/site-packages/airflow/example_dags/example_setup_teardown.py took 0.068 seconds
[2024-08-24T09:56:14.435+0000] {processor.py:186} INFO - Started process (PID=254) to work on /home/airflow/.local/lib/python3.12/site-packages/airflow/example_dags/example_setup_teardown.py
[2024-08-24T09:56:14.436+0000] {processor.py:914} INFO - Processing file /home/airflow/.local/lib/python3.12/site-packages/airflow/example_dags/example_setup_teardown.py for tasks to queue
[2024-08-24T09:56:14.438+0000] {logging_mixin.py:190} INFO - [2024-08-24T09:56:14.438+0000] {dagbag.py:587} INFO - Filling up the DagBag from /home/airflow/.local/lib/python3.12/site-packages/airflow/example_dags/example_setup_teardown.py
[2024-08-24T09:56:14.446+0000] {processor.py:925} INFO - DAG(s) 'example_setup_teardown' retrieved from /home/airflow/.local/lib/python3.12/site-packages/airflow/example_dags/example_setup_teardown.py
[2024-08-24T09:56:14.464+0000] {logging_mixin.py:190} INFO - [2024-08-24T09:56:14.464+0000] {dag.py:3211} INFO - Sync 1 DAGs
[2024-08-24T09:56:14.484+0000] {logging_mixin.py:190} INFO - [2024-08-24T09:56:14.484+0000] {dag.py:4138} INFO - Setting next_dagrun for example_setup_teardown to 2024-08-23 00:00:00+00:00, run_after=2024-08-24 00:00:00+00:00
[2024-08-24T09:56:14.507+0000] {processor.py:208} INFO - Processing /home/airflow/.local/lib/python3.12/site-packages/airflow/example_dags/example_setup_teardown.py took 0.079 seconds
[2024-08-24T09:56:44.624+0000] {processor.py:186} INFO - Started process (PID=316) to work on /home/airflow/.local/lib/python3.12/site-packages/airflow/example_dags/example_setup_teardown.py
[2024-08-24T09:56:44.624+0000] {processor.py:914} INFO - Processing file /home/airflow/.local/lib/python3.12/site-packages/airflow/example_dags/example_setup_teardown.py for tasks to queue
[2024-08-24T09:56:44.626+0000] {logging_mixin.py:190} INFO - [2024-08-24T09:56:44.626+0000] {dagbag.py:587} INFO - Filling up the DagBag from /home/airflow/.local/lib/python3.12/site-packages/airflow/example_dags/example_setup_teardown.py
[2024-08-24T09:56:44.633+0000] {processor.py:925} INFO - DAG(s) 'example_setup_teardown' retrieved from /home/airflow/.local/lib/python3.12/site-packages/airflow/example_dags/example_setup_teardown.py
[2024-08-24T09:56:44.649+0000] {logging_mixin.py:190} INFO - [2024-08-24T09:56:44.649+0000] {dag.py:3211} INFO - Sync 1 DAGs
[2024-08-24T09:56:44.666+0000] {logging_mixin.py:190} INFO - [2024-08-24T09:56:44.666+0000] {dag.py:4138} INFO - Setting next_dagrun for example_setup_teardown to 2024-08-23 00:00:00+00:00, run_after=2024-08-24 00:00:00+00:00
[2024-08-24T09:56:44.686+0000] {processor.py:208} INFO - Processing /home/airflow/.local/lib/python3.12/site-packages/airflow/example_dags/example_setup_teardown.py took 0.066 seconds
[2024-08-24T09:57:15.189+0000] {processor.py:186} INFO - Started process (PID=378) to work on /home/airflow/.local/lib/python3.12/site-packages/airflow/example_dags/example_setup_teardown.py
[2024-08-24T09:57:15.190+0000] {processor.py:914} INFO - Processing file /home/airflow/.local/lib/python3.12/site-packages/airflow/example_dags/example_setup_teardown.py for tasks to queue
[2024-08-24T09:57:15.192+0000] {logging_mixin.py:190} INFO - [2024-08-24T09:57:15.192+0000] {dagbag.py:587} INFO - Filling up the DagBag from /home/airflow/.local/lib/python3.12/site-packages/airflow/example_dags/example_setup_teardown.py
[2024-08-24T09:57:15.198+0000] {processor.py:925} INFO - DAG(s) 'example_setup_teardown' retrieved from /home/airflow/.local/lib/python3.12/site-packages/airflow/example_dags/example_setup_teardown.py
[2024-08-24T09:57:15.215+0000] {logging_mixin.py:190} INFO - [2024-08-24T09:57:15.215+0000] {dag.py:3211} INFO - Sync 1 DAGs
[2024-08-24T09:57:15.246+0000] {logging_mixin.py:190} INFO - [2024-08-24T09:57:15.246+0000] {dag.py:4138} INFO - Setting next_dagrun for example_setup_teardown to 2024-08-23 00:00:00+00:00, run_after=2024-08-24 00:00:00+00:00
[2024-08-24T09:57:15.266+0000] {processor.py:208} INFO - Processing /home/airflow/.local/lib/python3.12/site-packages/airflow/example_dags/example_setup_teardown.py took 0.081 seconds
[2024-08-24T09:57:45.813+0000] {processor.py:186} INFO - Started process (PID=440) to work on /home/airflow/.local/lib/python3.12/site-packages/airflow/example_dags/example_setup_teardown.py
[2024-08-24T09:57:45.816+0000] {processor.py:914} INFO - Processing file /home/airflow/.local/lib/python3.12/site-packages/airflow/example_dags/example_setup_teardown.py for tasks to queue
[2024-08-24T09:57:45.820+0000] {logging_mixin.py:190} INFO - [2024-08-24T09:57:45.820+0000] {dagbag.py:587} INFO - Filling up the DagBag from /home/airflow/.local/lib/python3.12/site-packages/airflow/example_dags/example_setup_teardown.py
[2024-08-24T09:57:45.829+0000] {processor.py:925} INFO - DAG(s) 'example_setup_teardown' retrieved from /home/airflow/.local/lib/python3.12/site-packages/airflow/example_dags/example_setup_teardown.py
[2024-08-24T09:57:45.850+0000] {logging_mixin.py:190} INFO - [2024-08-24T09:57:45.850+0000] {dag.py:3211} INFO - Sync 1 DAGs
[2024-08-24T09:57:45.874+0000] {logging_mixin.py:190} INFO - [2024-08-24T09:57:45.874+0000] {dag.py:4138} INFO - Setting next_dagrun for example_setup_teardown to 2024-08-23 00:00:00+00:00, run_after=2024-08-24 00:00:00+00:00
[2024-08-24T09:57:45.895+0000] {processor.py:208} INFO - Processing /home/airflow/.local/lib/python3.12/site-packages/airflow/example_dags/example_setup_teardown.py took 0.094 seconds
[2024-08-24T09:58:16.167+0000] {processor.py:186} INFO - Started process (PID=502) to work on /home/airflow/.local/lib/python3.12/site-packages/airflow/example_dags/example_setup_teardown.py
[2024-08-24T09:58:16.168+0000] {processor.py:914} INFO - Processing file /home/airflow/.local/lib/python3.12/site-packages/airflow/example_dags/example_setup_teardown.py for tasks to queue
[2024-08-24T09:58:16.170+0000] {logging_mixin.py:190} INFO - [2024-08-24T09:58:16.170+0000] {dagbag.py:587} INFO - Filling up the DagBag from /home/airflow/.local/lib/python3.12/site-packages/airflow/example_dags/example_setup_teardown.py
[2024-08-24T09:58:16.177+0000] {processor.py:925} INFO - DAG(s) 'example_setup_teardown' retrieved from /home/airflow/.local/lib/python3.12/site-packages/airflow/example_dags/example_setup_teardown.py
[2024-08-24T09:58:16.196+0000] {logging_mixin.py:190} INFO - [2024-08-24T09:58:16.195+0000] {dag.py:3211} INFO - Sync 1 DAGs
[2024-08-24T09:58:16.216+0000] {logging_mixin.py:190} INFO - [2024-08-24T09:58:16.216+0000] {dag.py:4138} INFO - Setting next_dagrun for example_setup_teardown to 2024-08-23 00:00:00+00:00, run_after=2024-08-24 00:00:00+00:00
[2024-08-24T09:58:16.235+0000] {processor.py:208} INFO - Processing /home/airflow/.local/lib/python3.12/site-packages/airflow/example_dags/example_setup_teardown.py took 0.073 seconds
