[2024-08-24T09:54:49.859+0000] {processor.py:186} INFO - Started process (PID=107) to work on /home/airflow/.local/lib/python3.12/site-packages/airflow/example_dags/example_dag_decorator.py
[2024-08-24T09:54:49.860+0000] {processor.py:914} INFO - Processing file /home/airflow/.local/lib/python3.12/site-packages/airflow/example_dags/example_dag_decorator.py for tasks to queue
[2024-08-24T09:54:49.862+0000] {logging_mixin.py:190} INFO - [2024-08-24T09:54:49.862+0000] {dagbag.py:587} INFO - Filling up the DagBag from /home/airflow/.local/lib/python3.12/site-packages/airflow/example_dags/example_dag_decorator.py
[2024-08-24T09:54:49.876+0000] {processor.py:925} INFO - DAG(s) 'example_dag_decorator' retrieved from /home/airflow/.local/lib/python3.12/site-packages/airflow/example_dags/example_dag_decorator.py
[2024-08-24T09:54:49.991+0000] {logging_mixin.py:190} INFO - [2024-08-24T09:54:49.990+0000] {override.py:1858} INFO - Created Permission View: can read on DAG:example_dag_decorator
[2024-08-24T09:54:50.001+0000] {logging_mixin.py:190} INFO - [2024-08-24T09:54:50.001+0000] {override.py:1858} INFO - Created Permission View: can delete on DAG:example_dag_decorator
[2024-08-24T09:54:50.009+0000] {logging_mixin.py:190} INFO - [2024-08-24T09:54:50.008+0000] {override.py:1858} INFO - Created Permission View: can edit on DAG:example_dag_decorator
[2024-08-24T09:54:50.010+0000] {logging_mixin.py:190} INFO - [2024-08-24T09:54:50.009+0000] {dag.py:3211} INFO - Sync 1 DAGs
[2024-08-24T09:54:50.023+0000] {logging_mixin.py:190} INFO - [2024-08-24T09:54:50.023+0000] {dag.py:3234} INFO - Creating ORM DAG for example_dag_decorator
[2024-08-24T09:54:50.024+0000] {logging_mixin.py:190} INFO - [2024-08-24T09:54:50.024+0000] {dag.py:4138} INFO - Setting next_dagrun for example_dag_decorator to None, run_after=None
[2024-08-24T09:54:50.043+0000] {processor.py:208} INFO - Processing /home/airflow/.local/lib/python3.12/site-packages/airflow/example_dags/example_dag_decorator.py took 0.190 seconds
[2024-08-24T09:55:20.161+0000] {processor.py:186} INFO - Started process (PID=169) to work on /home/airflow/.local/lib/python3.12/site-packages/airflow/example_dags/example_dag_decorator.py
[2024-08-24T09:55:20.162+0000] {processor.py:914} INFO - Processing file /home/airflow/.local/lib/python3.12/site-packages/airflow/example_dags/example_dag_decorator.py for tasks to queue
[2024-08-24T09:55:20.165+0000] {logging_mixin.py:190} INFO - [2024-08-24T09:55:20.164+0000] {dagbag.py:587} INFO - Filling up the DagBag from /home/airflow/.local/lib/python3.12/site-packages/airflow/example_dags/example_dag_decorator.py
[2024-08-24T09:55:20.173+0000] {processor.py:925} INFO - DAG(s) 'example_dag_decorator' retrieved from /home/airflow/.local/lib/python3.12/site-packages/airflow/example_dags/example_dag_decorator.py
[2024-08-24T09:55:20.253+0000] {logging_mixin.py:190} INFO - [2024-08-24T09:55:20.253+0000] {dag.py:3211} INFO - Sync 1 DAGs
[2024-08-24T09:55:20.266+0000] {logging_mixin.py:190} INFO - [2024-08-24T09:55:20.266+0000] {dag.py:4138} INFO - Setting next_dagrun for example_dag_decorator to None, run_after=None
[2024-08-24T09:55:20.288+0000] {processor.py:208} INFO - Processing /home/airflow/.local/lib/python3.12/site-packages/airflow/example_dags/example_dag_decorator.py took 0.131 seconds
[2024-08-24T09:55:50.409+0000] {processor.py:186} INFO - Started process (PID=231) to work on /home/airflow/.local/lib/python3.12/site-packages/airflow/example_dags/example_dag_decorator.py
[2024-08-24T09:55:50.410+0000] {processor.py:914} INFO - Processing file /home/airflow/.local/lib/python3.12/site-packages/airflow/example_dags/example_dag_decorator.py for tasks to queue
[2024-08-24T09:55:50.412+0000] {logging_mixin.py:190} INFO - [2024-08-24T09:55:50.412+0000] {dagbag.py:587} INFO - Filling up the DagBag from /home/airflow/.local/lib/python3.12/site-packages/airflow/example_dags/example_dag_decorator.py
[2024-08-24T09:55:50.421+0000] {processor.py:925} INFO - DAG(s) 'example_dag_decorator' retrieved from /home/airflow/.local/lib/python3.12/site-packages/airflow/example_dags/example_dag_decorator.py
[2024-08-24T09:55:50.497+0000] {logging_mixin.py:190} INFO - [2024-08-24T09:55:50.496+0000] {dag.py:3211} INFO - Sync 1 DAGs
[2024-08-24T09:55:50.507+0000] {logging_mixin.py:190} INFO - [2024-08-24T09:55:50.507+0000] {dag.py:4138} INFO - Setting next_dagrun for example_dag_decorator to None, run_after=None
[2024-08-24T09:55:50.528+0000] {processor.py:208} INFO - Processing /home/airflow/.local/lib/python3.12/site-packages/airflow/example_dags/example_dag_decorator.py took 0.123 seconds
[2024-08-24T09:56:20.610+0000] {processor.py:186} INFO - Started process (PID=293) to work on /home/airflow/.local/lib/python3.12/site-packages/airflow/example_dags/example_dag_decorator.py
[2024-08-24T09:56:20.611+0000] {processor.py:914} INFO - Processing file /home/airflow/.local/lib/python3.12/site-packages/airflow/example_dags/example_dag_decorator.py for tasks to queue
[2024-08-24T09:56:20.613+0000] {logging_mixin.py:190} INFO - [2024-08-24T09:56:20.613+0000] {dagbag.py:587} INFO - Filling up the DagBag from /home/airflow/.local/lib/python3.12/site-packages/airflow/example_dags/example_dag_decorator.py
[2024-08-24T09:56:20.624+0000] {processor.py:925} INFO - DAG(s) 'example_dag_decorator' retrieved from /home/airflow/.local/lib/python3.12/site-packages/airflow/example_dags/example_dag_decorator.py
[2024-08-24T09:56:20.706+0000] {logging_mixin.py:190} INFO - [2024-08-24T09:56:20.705+0000] {dag.py:3211} INFO - Sync 1 DAGs
[2024-08-24T09:56:20.715+0000] {logging_mixin.py:190} INFO - [2024-08-24T09:56:20.715+0000] {dag.py:4138} INFO - Setting next_dagrun for example_dag_decorator to None, run_after=None
[2024-08-24T09:56:20.734+0000] {processor.py:208} INFO - Processing /home/airflow/.local/lib/python3.12/site-packages/airflow/example_dags/example_dag_decorator.py took 0.128 seconds
[2024-08-24T09:56:53.183+0000] {processor.py:186} INFO - Started process (PID=355) to work on /home/airflow/.local/lib/python3.12/site-packages/airflow/example_dags/example_dag_decorator.py
[2024-08-24T09:56:53.185+0000] {processor.py:914} INFO - Processing file /home/airflow/.local/lib/python3.12/site-packages/airflow/example_dags/example_dag_decorator.py for tasks to queue
[2024-08-24T09:56:53.191+0000] {logging_mixin.py:190} INFO - [2024-08-24T09:56:53.190+0000] {dagbag.py:587} INFO - Filling up the DagBag from /home/airflow/.local/lib/python3.12/site-packages/airflow/example_dags/example_dag_decorator.py
[2024-08-24T09:56:53.231+0000] {processor.py:925} INFO - DAG(s) 'example_dag_decorator' retrieved from /home/airflow/.local/lib/python3.12/site-packages/airflow/example_dags/example_dag_decorator.py
[2024-08-24T09:56:53.547+0000] {logging_mixin.py:190} INFO - [2024-08-24T09:56:53.545+0000] {dag.py:3211} INFO - Sync 1 DAGs
[2024-08-24T09:56:53.576+0000] {logging_mixin.py:190} INFO - [2024-08-24T09:56:53.575+0000] {dag.py:4138} INFO - Setting next_dagrun for example_dag_decorator to None, run_after=None
[2024-08-24T09:56:53.624+0000] {processor.py:208} INFO - Processing /home/airflow/.local/lib/python3.12/site-packages/airflow/example_dags/example_dag_decorator.py took 0.457 seconds
[2024-08-24T09:57:23.939+0000] {processor.py:186} INFO - Started process (PID=417) to work on /home/airflow/.local/lib/python3.12/site-packages/airflow/example_dags/example_dag_decorator.py
[2024-08-24T09:57:23.940+0000] {processor.py:914} INFO - Processing file /home/airflow/.local/lib/python3.12/site-packages/airflow/example_dags/example_dag_decorator.py for tasks to queue
[2024-08-24T09:57:23.942+0000] {logging_mixin.py:190} INFO - [2024-08-24T09:57:23.941+0000] {dagbag.py:587} INFO - Filling up the DagBag from /home/airflow/.local/lib/python3.12/site-packages/airflow/example_dags/example_dag_decorator.py
[2024-08-24T09:57:23.950+0000] {processor.py:925} INFO - DAG(s) 'example_dag_decorator' retrieved from /home/airflow/.local/lib/python3.12/site-packages/airflow/example_dags/example_dag_decorator.py
[2024-08-24T09:57:23.969+0000] {logging_mixin.py:190} INFO - [2024-08-24T09:57:23.969+0000] {dag.py:3211} INFO - Sync 1 DAGs
[2024-08-24T09:57:23.979+0000] {logging_mixin.py:190} INFO - [2024-08-24T09:57:23.979+0000] {dag.py:4138} INFO - Setting next_dagrun for example_dag_decorator to None, run_after=None
[2024-08-24T09:57:23.998+0000] {processor.py:208} INFO - Processing /home/airflow/.local/lib/python3.12/site-packages/airflow/example_dags/example_dag_decorator.py took 0.064 seconds
[2024-08-24T09:57:54.167+0000] {processor.py:186} INFO - Started process (PID=479) to work on /home/airflow/.local/lib/python3.12/site-packages/airflow/example_dags/example_dag_decorator.py
[2024-08-24T09:57:54.168+0000] {processor.py:914} INFO - Processing file /home/airflow/.local/lib/python3.12/site-packages/airflow/example_dags/example_dag_decorator.py for tasks to queue
[2024-08-24T09:57:54.170+0000] {logging_mixin.py:190} INFO - [2024-08-24T09:57:54.170+0000] {dagbag.py:587} INFO - Filling up the DagBag from /home/airflow/.local/lib/python3.12/site-packages/airflow/example_dags/example_dag_decorator.py
[2024-08-24T09:57:54.179+0000] {processor.py:925} INFO - DAG(s) 'example_dag_decorator' retrieved from /home/airflow/.local/lib/python3.12/site-packages/airflow/example_dags/example_dag_decorator.py
[2024-08-24T09:57:54.253+0000] {logging_mixin.py:190} INFO - [2024-08-24T09:57:54.253+0000] {dag.py:3211} INFO - Sync 1 DAGs
[2024-08-24T09:57:54.263+0000] {logging_mixin.py:190} INFO - [2024-08-24T09:57:54.263+0000] {dag.py:4138} INFO - Setting next_dagrun for example_dag_decorator to None, run_after=None
[2024-08-24T09:57:54.282+0000] {processor.py:208} INFO - Processing /home/airflow/.local/lib/python3.12/site-packages/airflow/example_dags/example_dag_decorator.py took 0.119 seconds
