[2024-08-24T09:54:47.566+0000] {processor.py:186} INFO - Started process (PID=90) to work on /home/airflow/.local/lib/python3.12/site-packages/airflow/example_dags/example_branch_labels.py
[2024-08-24T09:54:47.567+0000] {processor.py:914} INFO - Processing file /home/airflow/.local/lib/python3.12/site-packages/airflow/example_dags/example_branch_labels.py for tasks to queue
[2024-08-24T09:54:47.570+0000] {logging_mixin.py:190} INFO - [2024-08-24T09:54:47.569+0000] {dagbag.py:587} INFO - Filling up the DagBag from /home/airflow/.local/lib/python3.12/site-packages/airflow/example_dags/example_branch_labels.py
[2024-08-24T09:54:47.579+0000] {processor.py:925} INFO - DAG(s) 'example_branch_labels' retrieved from /home/airflow/.local/lib/python3.12/site-packages/airflow/example_dags/example_branch_labels.py
[2024-08-24T09:54:47.696+0000] {logging_mixin.py:190} INFO - [2024-08-24T09:54:47.695+0000] {override.py:1858} INFO - Created Permission View: can read on DAG:example_branch_labels
[2024-08-24T09:54:47.707+0000] {logging_mixin.py:190} INFO - [2024-08-24T09:54:47.706+0000] {override.py:1858} INFO - Created Permission View: can delete on DAG:example_branch_labels
[2024-08-24T09:54:47.714+0000] {logging_mixin.py:190} INFO - [2024-08-24T09:54:47.714+0000] {override.py:1858} INFO - Created Permission View: can edit on DAG:example_branch_labels
[2024-08-24T09:54:47.715+0000] {logging_mixin.py:190} INFO - [2024-08-24T09:54:47.715+0000] {dag.py:3211} INFO - Sync 1 DAGs
[2024-08-24T09:54:47.729+0000] {logging_mixin.py:190} INFO - [2024-08-24T09:54:47.729+0000] {dag.py:3234} INFO - Creating ORM DAG for example_branch_labels
[2024-08-24T09:54:47.738+0000] {logging_mixin.py:190} INFO - [2024-08-24T09:54:47.738+0000] {dag.py:4138} INFO - Setting next_dagrun for example_branch_labels to 2024-08-23 00:00:00+00:00, run_after=2024-08-24 00:00:00+00:00
[2024-08-24T09:54:47.756+0000] {processor.py:208} INFO - Processing /home/airflow/.local/lib/python3.12/site-packages/airflow/example_dags/example_branch_labels.py took 0.196 seconds
[2024-08-24T09:55:18.089+0000] {processor.py:186} INFO - Started process (PID=152) to work on /home/airflow/.local/lib/python3.12/site-packages/airflow/example_dags/example_branch_labels.py
[2024-08-24T09:55:18.091+0000] {processor.py:914} INFO - Processing file /home/airflow/.local/lib/python3.12/site-packages/airflow/example_dags/example_branch_labels.py for tasks to queue
[2024-08-24T09:55:18.093+0000] {logging_mixin.py:190} INFO - [2024-08-24T09:55:18.092+0000] {dagbag.py:587} INFO - Filling up the DagBag from /home/airflow/.local/lib/python3.12/site-packages/airflow/example_dags/example_branch_labels.py
[2024-08-24T09:55:18.103+0000] {processor.py:925} INFO - DAG(s) 'example_branch_labels' retrieved from /home/airflow/.local/lib/python3.12/site-packages/airflow/example_dags/example_branch_labels.py
[2024-08-24T09:55:18.125+0000] {logging_mixin.py:190} INFO - [2024-08-24T09:55:18.125+0000] {dag.py:3211} INFO - Sync 1 DAGs
[2024-08-24T09:55:18.163+0000] {logging_mixin.py:190} INFO - [2024-08-24T09:55:18.163+0000] {dag.py:4138} INFO - Setting next_dagrun for example_branch_labels to 2024-08-23 00:00:00+00:00, run_after=2024-08-24 00:00:00+00:00
[2024-08-24T09:55:18.186+0000] {processor.py:208} INFO - Processing /home/airflow/.local/lib/python3.12/site-packages/airflow/example_dags/example_branch_labels.py took 0.103 seconds
[2024-08-24T09:55:48.421+0000] {processor.py:186} INFO - Started process (PID=214) to work on /home/airflow/.local/lib/python3.12/site-packages/airflow/example_dags/example_branch_labels.py
[2024-08-24T09:55:48.422+0000] {processor.py:914} INFO - Processing file /home/airflow/.local/lib/python3.12/site-packages/airflow/example_dags/example_branch_labels.py for tasks to queue
[2024-08-24T09:55:48.425+0000] {logging_mixin.py:190} INFO - [2024-08-24T09:55:48.425+0000] {dagbag.py:587} INFO - Filling up the DagBag from /home/airflow/.local/lib/python3.12/site-packages/airflow/example_dags/example_branch_labels.py
[2024-08-24T09:55:48.434+0000] {processor.py:925} INFO - DAG(s) 'example_branch_labels' retrieved from /home/airflow/.local/lib/python3.12/site-packages/airflow/example_dags/example_branch_labels.py
[2024-08-24T09:55:48.461+0000] {logging_mixin.py:190} INFO - [2024-08-24T09:55:48.461+0000] {dag.py:3211} INFO - Sync 1 DAGs
[2024-08-24T09:55:48.486+0000] {logging_mixin.py:190} INFO - [2024-08-24T09:55:48.486+0000] {dag.py:4138} INFO - Setting next_dagrun for example_branch_labels to 2024-08-23 00:00:00+00:00, run_after=2024-08-24 00:00:00+00:00
[2024-08-24T09:55:48.502+0000] {processor.py:208} INFO - Processing /home/airflow/.local/lib/python3.12/site-packages/airflow/example_dags/example_branch_labels.py took 0.086 seconds
[2024-08-24T09:56:18.737+0000] {processor.py:186} INFO - Started process (PID=276) to work on /home/airflow/.local/lib/python3.12/site-packages/airflow/example_dags/example_branch_labels.py
[2024-08-24T09:56:18.738+0000] {processor.py:914} INFO - Processing file /home/airflow/.local/lib/python3.12/site-packages/airflow/example_dags/example_branch_labels.py for tasks to queue
[2024-08-24T09:56:18.740+0000] {logging_mixin.py:190} INFO - [2024-08-24T09:56:18.740+0000] {dagbag.py:587} INFO - Filling up the DagBag from /home/airflow/.local/lib/python3.12/site-packages/airflow/example_dags/example_branch_labels.py
[2024-08-24T09:56:18.748+0000] {processor.py:925} INFO - DAG(s) 'example_branch_labels' retrieved from /home/airflow/.local/lib/python3.12/site-packages/airflow/example_dags/example_branch_labels.py
[2024-08-24T09:56:18.765+0000] {logging_mixin.py:190} INFO - [2024-08-24T09:56:18.765+0000] {dag.py:3211} INFO - Sync 1 DAGs
[2024-08-24T09:56:18.783+0000] {logging_mixin.py:190} INFO - [2024-08-24T09:56:18.783+0000] {dag.py:4138} INFO - Setting next_dagrun for example_branch_labels to 2024-08-23 00:00:00+00:00, run_after=2024-08-24 00:00:00+00:00
[2024-08-24T09:56:18.800+0000] {processor.py:208} INFO - Processing /home/airflow/.local/lib/python3.12/site-packages/airflow/example_dags/example_branch_labels.py took 0.067 seconds
[2024-08-24T09:56:49.739+0000] {processor.py:186} INFO - Started process (PID=338) to work on /home/airflow/.local/lib/python3.12/site-packages/airflow/example_dags/example_branch_labels.py
[2024-08-24T09:56:49.742+0000] {processor.py:914} INFO - Processing file /home/airflow/.local/lib/python3.12/site-packages/airflow/example_dags/example_branch_labels.py for tasks to queue
[2024-08-24T09:56:49.747+0000] {logging_mixin.py:190} INFO - [2024-08-24T09:56:49.746+0000] {dagbag.py:587} INFO - Filling up the DagBag from /home/airflow/.local/lib/python3.12/site-packages/airflow/example_dags/example_branch_labels.py
[2024-08-24T09:56:49.767+0000] {processor.py:925} INFO - DAG(s) 'example_branch_labels' retrieved from /home/airflow/.local/lib/python3.12/site-packages/airflow/example_dags/example_branch_labels.py
[2024-08-24T09:56:49.825+0000] {logging_mixin.py:190} INFO - [2024-08-24T09:56:49.824+0000] {dag.py:3211} INFO - Sync 1 DAGs
[2024-08-24T09:56:49.908+0000] {logging_mixin.py:190} INFO - [2024-08-24T09:56:49.907+0000] {dag.py:4138} INFO - Setting next_dagrun for example_branch_labels to 2024-08-23 00:00:00+00:00, run_after=2024-08-24 00:00:00+00:00
[2024-08-24T09:56:49.975+0000] {processor.py:208} INFO - Processing /home/airflow/.local/lib/python3.12/site-packages/airflow/example_dags/example_branch_labels.py took 0.251 seconds
[2024-08-24T09:57:20.843+0000] {processor.py:186} INFO - Started process (PID=400) to work on /home/airflow/.local/lib/python3.12/site-packages/airflow/example_dags/example_branch_labels.py
[2024-08-24T09:57:20.844+0000] {processor.py:914} INFO - Processing file /home/airflow/.local/lib/python3.12/site-packages/airflow/example_dags/example_branch_labels.py for tasks to queue
[2024-08-24T09:57:20.846+0000] {logging_mixin.py:190} INFO - [2024-08-24T09:57:20.845+0000] {dagbag.py:587} INFO - Filling up the DagBag from /home/airflow/.local/lib/python3.12/site-packages/airflow/example_dags/example_branch_labels.py
[2024-08-24T09:57:20.854+0000] {processor.py:925} INFO - DAG(s) 'example_branch_labels' retrieved from /home/airflow/.local/lib/python3.12/site-packages/airflow/example_dags/example_branch_labels.py
[2024-08-24T09:57:20.872+0000] {logging_mixin.py:190} INFO - [2024-08-24T09:57:20.872+0000] {dag.py:3211} INFO - Sync 1 DAGs
[2024-08-24T09:57:20.890+0000] {logging_mixin.py:190} INFO - [2024-08-24T09:57:20.890+0000] {dag.py:4138} INFO - Setting next_dagrun for example_branch_labels to 2024-08-23 00:00:00+00:00, run_after=2024-08-24 00:00:00+00:00
[2024-08-24T09:57:20.909+0000] {processor.py:208} INFO - Processing /home/airflow/.local/lib/python3.12/site-packages/airflow/example_dags/example_branch_labels.py took 0.071 seconds
[2024-08-24T09:57:51.111+0000] {processor.py:186} INFO - Started process (PID=462) to work on /home/airflow/.local/lib/python3.12/site-packages/airflow/example_dags/example_branch_labels.py
[2024-08-24T09:57:51.112+0000] {processor.py:914} INFO - Processing file /home/airflow/.local/lib/python3.12/site-packages/airflow/example_dags/example_branch_labels.py for tasks to queue
[2024-08-24T09:57:51.114+0000] {logging_mixin.py:190} INFO - [2024-08-24T09:57:51.114+0000] {dagbag.py:587} INFO - Filling up the DagBag from /home/airflow/.local/lib/python3.12/site-packages/airflow/example_dags/example_branch_labels.py
[2024-08-24T09:57:51.121+0000] {processor.py:925} INFO - DAG(s) 'example_branch_labels' retrieved from /home/airflow/.local/lib/python3.12/site-packages/airflow/example_dags/example_branch_labels.py
[2024-08-24T09:57:51.139+0000] {logging_mixin.py:190} INFO - [2024-08-24T09:57:51.139+0000] {dag.py:3211} INFO - Sync 1 DAGs
[2024-08-24T09:57:51.161+0000] {logging_mixin.py:190} INFO - [2024-08-24T09:57:51.160+0000] {dag.py:4138} INFO - Setting next_dagrun for example_branch_labels to 2024-08-23 00:00:00+00:00, run_after=2024-08-24 00:00:00+00:00
[2024-08-24T09:57:51.178+0000] {processor.py:208} INFO - Processing /home/airflow/.local/lib/python3.12/site-packages/airflow/example_dags/example_branch_labels.py took 0.071 seconds
