[2024-08-24T09:54:48.437+0000] {processor.py:186} INFO - Started process (PID=96) to work on /home/airflow/.local/lib/python3.12/site-packages/airflow/example_dags/example_nested_branch_dag.py
[2024-08-24T09:54:48.439+0000] {processor.py:914} INFO - Processing file /home/airflow/.local/lib/python3.12/site-packages/airflow/example_dags/example_nested_branch_dag.py for tasks to queue
[2024-08-24T09:54:48.444+0000] {logging_mixin.py:190} INFO - [2024-08-24T09:54:48.443+0000] {dagbag.py:587} INFO - Filling up the DagBag from /home/airflow/.local/lib/python3.12/site-packages/airflow/example_dags/example_nested_branch_dag.py
[2024-08-24T09:54:48.474+0000] {processor.py:925} INFO - DAG(s) 'example_nested_branch_dag' retrieved from /home/airflow/.local/lib/python3.12/site-packages/airflow/example_dags/example_nested_branch_dag.py
[2024-08-24T09:54:48.591+0000] {logging_mixin.py:190} INFO - [2024-08-24T09:54:48.590+0000] {override.py:1858} INFO - Created Permission View: can read on DAG:example_nested_branch_dag
[2024-08-24T09:54:48.605+0000] {logging_mixin.py:190} INFO - [2024-08-24T09:54:48.605+0000] {override.py:1858} INFO - Created Permission View: can delete on DAG:example_nested_branch_dag
[2024-08-24T09:54:48.613+0000] {logging_mixin.py:190} INFO - [2024-08-24T09:54:48.613+0000] {override.py:1858} INFO - Created Permission View: can edit on DAG:example_nested_branch_dag
[2024-08-24T09:54:48.614+0000] {logging_mixin.py:190} INFO - [2024-08-24T09:54:48.614+0000] {dag.py:3211} INFO - Sync 1 DAGs
[2024-08-24T09:54:48.628+0000] {logging_mixin.py:190} INFO - [2024-08-24T09:54:48.628+0000] {dag.py:3234} INFO - Creating ORM DAG for example_nested_branch_dag
[2024-08-24T09:54:48.640+0000] {logging_mixin.py:190} INFO - [2024-08-24T09:54:48.640+0000] {dag.py:4138} INFO - Setting next_dagrun for example_nested_branch_dag to 2024-08-23 00:00:00+00:00, run_after=2024-08-24 00:00:00+00:00
[2024-08-24T09:54:48.660+0000] {processor.py:208} INFO - Processing /home/airflow/.local/lib/python3.12/site-packages/airflow/example_dags/example_nested_branch_dag.py took 0.230 seconds
[2024-08-24T09:55:19.608+0000] {processor.py:186} INFO - Started process (PID=158) to work on /home/airflow/.local/lib/python3.12/site-packages/airflow/example_dags/example_nested_branch_dag.py
[2024-08-24T09:55:19.609+0000] {processor.py:914} INFO - Processing file /home/airflow/.local/lib/python3.12/site-packages/airflow/example_dags/example_nested_branch_dag.py for tasks to queue
[2024-08-24T09:55:19.611+0000] {logging_mixin.py:190} INFO - [2024-08-24T09:55:19.611+0000] {dagbag.py:587} INFO - Filling up the DagBag from /home/airflow/.local/lib/python3.12/site-packages/airflow/example_dags/example_nested_branch_dag.py
[2024-08-24T09:55:19.620+0000] {processor.py:925} INFO - DAG(s) 'example_nested_branch_dag' retrieved from /home/airflow/.local/lib/python3.12/site-packages/airflow/example_dags/example_nested_branch_dag.py
[2024-08-24T09:55:19.638+0000] {logging_mixin.py:190} INFO - [2024-08-24T09:55:19.637+0000] {dag.py:3211} INFO - Sync 1 DAGs
[2024-08-24T09:55:19.655+0000] {logging_mixin.py:190} INFO - [2024-08-24T09:55:19.655+0000] {dag.py:4138} INFO - Setting next_dagrun for example_nested_branch_dag to 2024-08-23 00:00:00+00:00, run_after=2024-08-24 00:00:00+00:00
[2024-08-24T09:55:19.672+0000] {processor.py:208} INFO - Processing /home/airflow/.local/lib/python3.12/site-packages/airflow/example_dags/example_nested_branch_dag.py took 0.068 seconds
[2024-08-24T09:55:49.846+0000] {processor.py:186} INFO - Started process (PID=220) to work on /home/airflow/.local/lib/python3.12/site-packages/airflow/example_dags/example_nested_branch_dag.py
[2024-08-24T09:55:49.847+0000] {processor.py:914} INFO - Processing file /home/airflow/.local/lib/python3.12/site-packages/airflow/example_dags/example_nested_branch_dag.py for tasks to queue
[2024-08-24T09:55:49.849+0000] {logging_mixin.py:190} INFO - [2024-08-24T09:55:49.848+0000] {dagbag.py:587} INFO - Filling up the DagBag from /home/airflow/.local/lib/python3.12/site-packages/airflow/example_dags/example_nested_branch_dag.py
[2024-08-24T09:55:49.857+0000] {processor.py:925} INFO - DAG(s) 'example_nested_branch_dag' retrieved from /home/airflow/.local/lib/python3.12/site-packages/airflow/example_dags/example_nested_branch_dag.py
[2024-08-24T09:55:49.874+0000] {logging_mixin.py:190} INFO - [2024-08-24T09:55:49.873+0000] {dag.py:3211} INFO - Sync 1 DAGs
[2024-08-24T09:55:49.896+0000] {logging_mixin.py:190} INFO - [2024-08-24T09:55:49.896+0000] {dag.py:4138} INFO - Setting next_dagrun for example_nested_branch_dag to 2024-08-23 00:00:00+00:00, run_after=2024-08-24 00:00:00+00:00
[2024-08-24T09:55:49.917+0000] {processor.py:208} INFO - Processing /home/airflow/.local/lib/python3.12/site-packages/airflow/example_dags/example_nested_branch_dag.py took 0.075 seconds
[2024-08-24T09:56:20.062+0000] {processor.py:186} INFO - Started process (PID=282) to work on /home/airflow/.local/lib/python3.12/site-packages/airflow/example_dags/example_nested_branch_dag.py
[2024-08-24T09:56:20.063+0000] {processor.py:914} INFO - Processing file /home/airflow/.local/lib/python3.12/site-packages/airflow/example_dags/example_nested_branch_dag.py for tasks to queue
[2024-08-24T09:56:20.065+0000] {logging_mixin.py:190} INFO - [2024-08-24T09:56:20.064+0000] {dagbag.py:587} INFO - Filling up the DagBag from /home/airflow/.local/lib/python3.12/site-packages/airflow/example_dags/example_nested_branch_dag.py
[2024-08-24T09:56:20.073+0000] {processor.py:925} INFO - DAG(s) 'example_nested_branch_dag' retrieved from /home/airflow/.local/lib/python3.12/site-packages/airflow/example_dags/example_nested_branch_dag.py
[2024-08-24T09:56:20.090+0000] {logging_mixin.py:190} INFO - [2024-08-24T09:56:20.089+0000] {dag.py:3211} INFO - Sync 1 DAGs
[2024-08-24T09:56:20.106+0000] {logging_mixin.py:190} INFO - [2024-08-24T09:56:20.106+0000] {dag.py:4138} INFO - Setting next_dagrun for example_nested_branch_dag to 2024-08-23 00:00:00+00:00, run_after=2024-08-24 00:00:00+00:00
[2024-08-24T09:56:20.124+0000] {processor.py:208} INFO - Processing /home/airflow/.local/lib/python3.12/site-packages/airflow/example_dags/example_nested_branch_dag.py took 0.067 seconds
[2024-08-24T09:56:51.343+0000] {processor.py:186} INFO - Started process (PID=344) to work on /home/airflow/.local/lib/python3.12/site-packages/airflow/example_dags/example_nested_branch_dag.py
[2024-08-24T09:56:51.346+0000] {processor.py:914} INFO - Processing file /home/airflow/.local/lib/python3.12/site-packages/airflow/example_dags/example_nested_branch_dag.py for tasks to queue
[2024-08-24T09:56:51.355+0000] {logging_mixin.py:190} INFO - [2024-08-24T09:56:51.353+0000] {dagbag.py:587} INFO - Filling up the DagBag from /home/airflow/.local/lib/python3.12/site-packages/airflow/example_dags/example_nested_branch_dag.py
[2024-08-24T09:56:51.408+0000] {processor.py:925} INFO - DAG(s) 'example_nested_branch_dag' retrieved from /home/airflow/.local/lib/python3.12/site-packages/airflow/example_dags/example_nested_branch_dag.py
[2024-08-24T09:56:51.500+0000] {logging_mixin.py:190} INFO - [2024-08-24T09:56:51.500+0000] {dag.py:3211} INFO - Sync 1 DAGs
[2024-08-24T09:56:51.652+0000] {logging_mixin.py:190} INFO - [2024-08-24T09:56:51.651+0000] {dag.py:4138} INFO - Setting next_dagrun for example_nested_branch_dag to 2024-08-23 00:00:00+00:00, run_after=2024-08-24 00:00:00+00:00
[2024-08-24T09:56:51.696+0000] {processor.py:208} INFO - Processing /home/airflow/.local/lib/python3.12/site-packages/airflow/example_dags/example_nested_branch_dag.py took 0.373 seconds
[2024-08-24T09:57:22.356+0000] {processor.py:186} INFO - Started process (PID=406) to work on /home/airflow/.local/lib/python3.12/site-packages/airflow/example_dags/example_nested_branch_dag.py
[2024-08-24T09:57:22.357+0000] {processor.py:914} INFO - Processing file /home/airflow/.local/lib/python3.12/site-packages/airflow/example_dags/example_nested_branch_dag.py for tasks to queue
[2024-08-24T09:57:22.359+0000] {logging_mixin.py:190} INFO - [2024-08-24T09:57:22.358+0000] {dagbag.py:587} INFO - Filling up the DagBag from /home/airflow/.local/lib/python3.12/site-packages/airflow/example_dags/example_nested_branch_dag.py
[2024-08-24T09:57:22.371+0000] {processor.py:925} INFO - DAG(s) 'example_nested_branch_dag' retrieved from /home/airflow/.local/lib/python3.12/site-packages/airflow/example_dags/example_nested_branch_dag.py
[2024-08-24T09:57:22.387+0000] {logging_mixin.py:190} INFO - [2024-08-24T09:57:22.387+0000] {dag.py:3211} INFO - Sync 1 DAGs
[2024-08-24T09:57:22.405+0000] {logging_mixin.py:190} INFO - [2024-08-24T09:57:22.405+0000] {dag.py:4138} INFO - Setting next_dagrun for example_nested_branch_dag to 2024-08-23 00:00:00+00:00, run_after=2024-08-24 00:00:00+00:00
[2024-08-24T09:57:22.422+0000] {processor.py:208} INFO - Processing /home/airflow/.local/lib/python3.12/site-packages/airflow/example_dags/example_nested_branch_dag.py took 0.070 seconds
[2024-08-24T09:57:52.543+0000] {processor.py:186} INFO - Started process (PID=468) to work on /home/airflow/.local/lib/python3.12/site-packages/airflow/example_dags/example_nested_branch_dag.py
[2024-08-24T09:57:52.543+0000] {processor.py:914} INFO - Processing file /home/airflow/.local/lib/python3.12/site-packages/airflow/example_dags/example_nested_branch_dag.py for tasks to queue
[2024-08-24T09:57:52.545+0000] {logging_mixin.py:190} INFO - [2024-08-24T09:57:52.545+0000] {dagbag.py:587} INFO - Filling up the DagBag from /home/airflow/.local/lib/python3.12/site-packages/airflow/example_dags/example_nested_branch_dag.py
[2024-08-24T09:57:52.555+0000] {processor.py:925} INFO - DAG(s) 'example_nested_branch_dag' retrieved from /home/airflow/.local/lib/python3.12/site-packages/airflow/example_dags/example_nested_branch_dag.py
[2024-08-24T09:57:52.572+0000] {logging_mixin.py:190} INFO - [2024-08-24T09:57:52.572+0000] {dag.py:3211} INFO - Sync 1 DAGs
[2024-08-24T09:57:52.592+0000] {logging_mixin.py:190} INFO - [2024-08-24T09:57:52.592+0000] {dag.py:4138} INFO - Setting next_dagrun for example_nested_branch_dag to 2024-08-23 00:00:00+00:00, run_after=2024-08-24 00:00:00+00:00
[2024-08-24T09:57:52.608+0000] {processor.py:208} INFO - Processing /home/airflow/.local/lib/python3.12/site-packages/airflow/example_dags/example_nested_branch_dag.py took 0.070 seconds
