[2024-08-24T09:54:50.285+0000] {processor.py:186} INFO - Started process (PID=111) to work on /home/airflow/.local/lib/python3.12/site-packages/airflow/example_dags/tutorial_dag.py
[2024-08-24T09:54:50.287+0000] {processor.py:914} INFO - Processing file /home/airflow/.local/lib/python3.12/site-packages/airflow/example_dags/tutorial_dag.py for tasks to queue
[2024-08-24T09:54:50.290+0000] {logging_mixin.py:190} INFO - [2024-08-24T09:54:50.289+0000] {dagbag.py:587} INFO - Filling up the DagBag from /home/airflow/.local/lib/python3.12/site-packages/airflow/example_dags/tutorial_dag.py
[2024-08-24T09:54:50.298+0000] {processor.py:925} INFO - DAG(s) 'tutorial_dag' retrieved from /home/airflow/.local/lib/python3.12/site-packages/airflow/example_dags/tutorial_dag.py
[2024-08-24T09:54:50.429+0000] {logging_mixin.py:190} INFO - [2024-08-24T09:54:50.428+0000] {override.py:1858} INFO - Created Permission View: can read on DAG:tutorial_dag
[2024-08-24T09:54:50.444+0000] {logging_mixin.py:190} INFO - [2024-08-24T09:54:50.443+0000] {override.py:1858} INFO - Created Permission View: can delete on DAG:tutorial_dag
[2024-08-24T09:54:50.452+0000] {logging_mixin.py:190} INFO - [2024-08-24T09:54:50.452+0000] {override.py:1858} INFO - Created Permission View: can edit on DAG:tutorial_dag
[2024-08-24T09:54:50.453+0000] {logging_mixin.py:190} INFO - [2024-08-24T09:54:50.453+0000] {dag.py:3211} INFO - Sync 1 DAGs
[2024-08-24T09:54:50.471+0000] {logging_mixin.py:190} INFO - [2024-08-24T09:54:50.470+0000] {dag.py:3234} INFO - Creating ORM DAG for tutorial_dag
[2024-08-24T09:54:50.472+0000] {logging_mixin.py:190} INFO - [2024-08-24T09:54:50.472+0000] {dag.py:4138} INFO - Setting next_dagrun for tutorial_dag to None, run_after=None
[2024-08-24T09:54:50.497+0000] {processor.py:208} INFO - Processing /home/airflow/.local/lib/python3.12/site-packages/airflow/example_dags/tutorial_dag.py took 0.217 seconds
[2024-08-24T09:55:21.396+0000] {processor.py:186} INFO - Started process (PID=173) to work on /home/airflow/.local/lib/python3.12/site-packages/airflow/example_dags/tutorial_dag.py
[2024-08-24T09:55:21.397+0000] {processor.py:914} INFO - Processing file /home/airflow/.local/lib/python3.12/site-packages/airflow/example_dags/tutorial_dag.py for tasks to queue
[2024-08-24T09:55:21.398+0000] {logging_mixin.py:190} INFO - [2024-08-24T09:55:21.398+0000] {dagbag.py:587} INFO - Filling up the DagBag from /home/airflow/.local/lib/python3.12/site-packages/airflow/example_dags/tutorial_dag.py
[2024-08-24T09:55:21.404+0000] {processor.py:925} INFO - DAG(s) 'tutorial_dag' retrieved from /home/airflow/.local/lib/python3.12/site-packages/airflow/example_dags/tutorial_dag.py
[2024-08-24T09:55:21.419+0000] {logging_mixin.py:190} INFO - [2024-08-24T09:55:21.418+0000] {dag.py:3211} INFO - Sync 1 DAGs
[2024-08-24T09:55:21.429+0000] {logging_mixin.py:190} INFO - [2024-08-24T09:55:21.429+0000] {dag.py:4138} INFO - Setting next_dagrun for tutorial_dag to None, run_after=None
[2024-08-24T09:55:21.448+0000] {processor.py:208} INFO - Processing /home/airflow/.local/lib/python3.12/site-packages/airflow/example_dags/tutorial_dag.py took 0.056 seconds
[2024-08-24T09:55:51.631+0000] {processor.py:186} INFO - Started process (PID=235) to work on /home/airflow/.local/lib/python3.12/site-packages/airflow/example_dags/tutorial_dag.py
[2024-08-24T09:55:51.633+0000] {processor.py:914} INFO - Processing file /home/airflow/.local/lib/python3.12/site-packages/airflow/example_dags/tutorial_dag.py for tasks to queue
[2024-08-24T09:55:51.635+0000] {logging_mixin.py:190} INFO - [2024-08-24T09:55:51.635+0000] {dagbag.py:587} INFO - Filling up the DagBag from /home/airflow/.local/lib/python3.12/site-packages/airflow/example_dags/tutorial_dag.py
[2024-08-24T09:55:51.642+0000] {processor.py:925} INFO - DAG(s) 'tutorial_dag' retrieved from /home/airflow/.local/lib/python3.12/site-packages/airflow/example_dags/tutorial_dag.py
[2024-08-24T09:55:51.659+0000] {logging_mixin.py:190} INFO - [2024-08-24T09:55:51.659+0000] {dag.py:3211} INFO - Sync 1 DAGs
[2024-08-24T09:55:51.670+0000] {logging_mixin.py:190} INFO - [2024-08-24T09:55:51.670+0000] {dag.py:4138} INFO - Setting next_dagrun for tutorial_dag to None, run_after=None
[2024-08-24T09:55:51.688+0000] {processor.py:208} INFO - Processing /home/airflow/.local/lib/python3.12/site-packages/airflow/example_dags/tutorial_dag.py took 0.061 seconds
[2024-08-24T09:56:21.836+0000] {processor.py:186} INFO - Started process (PID=297) to work on /home/airflow/.local/lib/python3.12/site-packages/airflow/example_dags/tutorial_dag.py
[2024-08-24T09:56:21.837+0000] {processor.py:914} INFO - Processing file /home/airflow/.local/lib/python3.12/site-packages/airflow/example_dags/tutorial_dag.py for tasks to queue
[2024-08-24T09:56:21.839+0000] {logging_mixin.py:190} INFO - [2024-08-24T09:56:21.838+0000] {dagbag.py:587} INFO - Filling up the DagBag from /home/airflow/.local/lib/python3.12/site-packages/airflow/example_dags/tutorial_dag.py
[2024-08-24T09:56:21.844+0000] {processor.py:925} INFO - DAG(s) 'tutorial_dag' retrieved from /home/airflow/.local/lib/python3.12/site-packages/airflow/example_dags/tutorial_dag.py
[2024-08-24T09:56:21.862+0000] {logging_mixin.py:190} INFO - [2024-08-24T09:56:21.862+0000] {dag.py:3211} INFO - Sync 1 DAGs
[2024-08-24T09:56:21.873+0000] {logging_mixin.py:190} INFO - [2024-08-24T09:56:21.873+0000] {dag.py:4138} INFO - Setting next_dagrun for tutorial_dag to None, run_after=None
[2024-08-24T09:56:21.890+0000] {processor.py:208} INFO - Processing /home/airflow/.local/lib/python3.12/site-packages/airflow/example_dags/tutorial_dag.py took 0.058 seconds
[2024-08-24T09:56:53.797+0000] {processor.py:186} INFO - Started process (PID=359) to work on /home/airflow/.local/lib/python3.12/site-packages/airflow/example_dags/tutorial_dag.py
[2024-08-24T09:56:53.799+0000] {processor.py:914} INFO - Processing file /home/airflow/.local/lib/python3.12/site-packages/airflow/example_dags/tutorial_dag.py for tasks to queue
[2024-08-24T09:56:53.805+0000] {logging_mixin.py:190} INFO - [2024-08-24T09:56:53.804+0000] {dagbag.py:587} INFO - Filling up the DagBag from /home/airflow/.local/lib/python3.12/site-packages/airflow/example_dags/tutorial_dag.py
[2024-08-24T09:56:53.820+0000] {processor.py:925} INFO - DAG(s) 'tutorial_dag' retrieved from /home/airflow/.local/lib/python3.12/site-packages/airflow/example_dags/tutorial_dag.py
[2024-08-24T09:56:53.865+0000] {logging_mixin.py:190} INFO - [2024-08-24T09:56:53.865+0000] {dag.py:3211} INFO - Sync 1 DAGs
[2024-08-24T09:56:53.902+0000] {logging_mixin.py:190} INFO - [2024-08-24T09:56:53.902+0000] {dag.py:4138} INFO - Setting next_dagrun for tutorial_dag to None, run_after=None
[2024-08-24T09:56:53.944+0000] {processor.py:208} INFO - Processing /home/airflow/.local/lib/python3.12/site-packages/airflow/example_dags/tutorial_dag.py took 0.158 seconds
[2024-08-24T09:57:24.118+0000] {processor.py:186} INFO - Started process (PID=421) to work on /home/airflow/.local/lib/python3.12/site-packages/airflow/example_dags/tutorial_dag.py
[2024-08-24T09:57:24.119+0000] {processor.py:914} INFO - Processing file /home/airflow/.local/lib/python3.12/site-packages/airflow/example_dags/tutorial_dag.py for tasks to queue
[2024-08-24T09:57:24.121+0000] {logging_mixin.py:190} INFO - [2024-08-24T09:57:24.121+0000] {dagbag.py:587} INFO - Filling up the DagBag from /home/airflow/.local/lib/python3.12/site-packages/airflow/example_dags/tutorial_dag.py
[2024-08-24T09:57:24.127+0000] {processor.py:925} INFO - DAG(s) 'tutorial_dag' retrieved from /home/airflow/.local/lib/python3.12/site-packages/airflow/example_dags/tutorial_dag.py
[2024-08-24T09:57:24.143+0000] {logging_mixin.py:190} INFO - [2024-08-24T09:57:24.143+0000] {dag.py:3211} INFO - Sync 1 DAGs
[2024-08-24T09:57:24.153+0000] {logging_mixin.py:190} INFO - [2024-08-24T09:57:24.153+0000] {dag.py:4138} INFO - Setting next_dagrun for tutorial_dag to None, run_after=None
[2024-08-24T09:57:24.173+0000] {processor.py:208} INFO - Processing /home/airflow/.local/lib/python3.12/site-packages/airflow/example_dags/tutorial_dag.py took 0.059 seconds
[2024-08-24T09:57:54.503+0000] {processor.py:186} INFO - Started process (PID=483) to work on /home/airflow/.local/lib/python3.12/site-packages/airflow/example_dags/tutorial_dag.py
[2024-08-24T09:57:54.504+0000] {processor.py:914} INFO - Processing file /home/airflow/.local/lib/python3.12/site-packages/airflow/example_dags/tutorial_dag.py for tasks to queue
[2024-08-24T09:57:54.506+0000] {logging_mixin.py:190} INFO - [2024-08-24T09:57:54.506+0000] {dagbag.py:587} INFO - Filling up the DagBag from /home/airflow/.local/lib/python3.12/site-packages/airflow/example_dags/tutorial_dag.py
[2024-08-24T09:57:54.512+0000] {processor.py:925} INFO - DAG(s) 'tutorial_dag' retrieved from /home/airflow/.local/lib/python3.12/site-packages/airflow/example_dags/tutorial_dag.py
[2024-08-24T09:57:54.529+0000] {logging_mixin.py:190} INFO - [2024-08-24T09:57:54.529+0000] {dag.py:3211} INFO - Sync 1 DAGs
[2024-08-24T09:57:54.539+0000] {logging_mixin.py:190} INFO - [2024-08-24T09:57:54.539+0000] {dag.py:4138} INFO - Setting next_dagrun for tutorial_dag to None, run_after=None
[2024-08-24T09:57:54.558+0000] {processor.py:208} INFO - Processing /home/airflow/.local/lib/python3.12/site-packages/airflow/example_dags/tutorial_dag.py took 0.059 seconds
