[2024-08-24T09:54:50.812+0000] {processor.py:186} INFO - Started process (PID=115) to work on /home/airflow/.local/lib/python3.12/site-packages/airflow/example_dags/tutorial_objectstorage.py
[2024-08-24T09:54:50.813+0000] {processor.py:914} INFO - Processing file /home/airflow/.local/lib/python3.12/site-packages/airflow/example_dags/tutorial_objectstorage.py for tasks to queue
[2024-08-24T09:54:50.815+0000] {logging_mixin.py:190} INFO - [2024-08-24T09:54:50.815+0000] {dagbag.py:587} INFO - Filling up the DagBag from /home/airflow/.local/lib/python3.12/site-packages/airflow/example_dags/tutorial_objectstorage.py
[2024-08-24T09:54:50.825+0000] {processor.py:925} INFO - DAG(s) 'tutorial_objectstorage' retrieved from /home/airflow/.local/lib/python3.12/site-packages/airflow/example_dags/tutorial_objectstorage.py
[2024-08-24T09:54:50.983+0000] {logging_mixin.py:190} INFO - [2024-08-24T09:54:50.982+0000] {override.py:1858} INFO - Created Permission View: can read on DAG:tutorial_objectstorage
[2024-08-24T09:54:50.996+0000] {logging_mixin.py:190} INFO - [2024-08-24T09:54:50.996+0000] {override.py:1858} INFO - Created Permission View: can delete on DAG:tutorial_objectstorage
[2024-08-24T09:54:51.004+0000] {logging_mixin.py:190} INFO - [2024-08-24T09:54:51.003+0000] {override.py:1858} INFO - Created Permission View: can edit on DAG:tutorial_objectstorage
[2024-08-24T09:54:51.005+0000] {logging_mixin.py:190} INFO - [2024-08-24T09:54:51.005+0000] {dag.py:3211} INFO - Sync 1 DAGs
[2024-08-24T09:54:51.017+0000] {logging_mixin.py:190} INFO - [2024-08-24T09:54:51.017+0000] {dag.py:3234} INFO - Creating ORM DAG for tutorial_objectstorage
[2024-08-24T09:54:51.018+0000] {logging_mixin.py:190} INFO - [2024-08-24T09:54:51.018+0000] {dag.py:4138} INFO - Setting next_dagrun for tutorial_objectstorage to None, run_after=None
[2024-08-24T09:54:51.040+0000] {processor.py:208} INFO - Processing /home/airflow/.local/lib/python3.12/site-packages/airflow/example_dags/tutorial_objectstorage.py took 0.233 seconds
[2024-08-24T09:55:21.699+0000] {processor.py:186} INFO - Started process (PID=177) to work on /home/airflow/.local/lib/python3.12/site-packages/airflow/example_dags/tutorial_objectstorage.py
[2024-08-24T09:55:21.700+0000] {processor.py:914} INFO - Processing file /home/airflow/.local/lib/python3.12/site-packages/airflow/example_dags/tutorial_objectstorage.py for tasks to queue
[2024-08-24T09:55:21.702+0000] {logging_mixin.py:190} INFO - [2024-08-24T09:55:21.701+0000] {dagbag.py:587} INFO - Filling up the DagBag from /home/airflow/.local/lib/python3.12/site-packages/airflow/example_dags/tutorial_objectstorage.py
[2024-08-24T09:55:21.709+0000] {processor.py:925} INFO - DAG(s) 'tutorial_objectstorage' retrieved from /home/airflow/.local/lib/python3.12/site-packages/airflow/example_dags/tutorial_objectstorage.py
[2024-08-24T09:55:21.725+0000] {logging_mixin.py:190} INFO - [2024-08-24T09:55:21.725+0000] {dag.py:3211} INFO - Sync 1 DAGs
[2024-08-24T09:55:21.736+0000] {logging_mixin.py:190} INFO - [2024-08-24T09:55:21.736+0000] {dag.py:4138} INFO - Setting next_dagrun for tutorial_objectstorage to None, run_after=None
[2024-08-24T09:55:21.755+0000] {processor.py:208} INFO - Processing /home/airflow/.local/lib/python3.12/site-packages/airflow/example_dags/tutorial_objectstorage.py took 0.061 seconds
[2024-08-24T09:55:51.924+0000] {processor.py:186} INFO - Started process (PID=239) to work on /home/airflow/.local/lib/python3.12/site-packages/airflow/example_dags/tutorial_objectstorage.py
[2024-08-24T09:55:51.925+0000] {processor.py:914} INFO - Processing file /home/airflow/.local/lib/python3.12/site-packages/airflow/example_dags/tutorial_objectstorage.py for tasks to queue
[2024-08-24T09:55:51.927+0000] {logging_mixin.py:190} INFO - [2024-08-24T09:55:51.927+0000] {dagbag.py:587} INFO - Filling up the DagBag from /home/airflow/.local/lib/python3.12/site-packages/airflow/example_dags/tutorial_objectstorage.py
[2024-08-24T09:55:51.933+0000] {processor.py:925} INFO - DAG(s) 'tutorial_objectstorage' retrieved from /home/airflow/.local/lib/python3.12/site-packages/airflow/example_dags/tutorial_objectstorage.py
[2024-08-24T09:55:51.949+0000] {logging_mixin.py:190} INFO - [2024-08-24T09:55:51.949+0000] {dag.py:3211} INFO - Sync 1 DAGs
[2024-08-24T09:55:51.959+0000] {logging_mixin.py:190} INFO - [2024-08-24T09:55:51.959+0000] {dag.py:4138} INFO - Setting next_dagrun for tutorial_objectstorage to None, run_after=None
[2024-08-24T09:55:51.977+0000] {processor.py:208} INFO - Processing /home/airflow/.local/lib/python3.12/site-packages/airflow/example_dags/tutorial_objectstorage.py took 0.057 seconds
[2024-08-24T09:56:22.125+0000] {processor.py:186} INFO - Started process (PID=301) to work on /home/airflow/.local/lib/python3.12/site-packages/airflow/example_dags/tutorial_objectstorage.py
[2024-08-24T09:56:22.126+0000] {processor.py:914} INFO - Processing file /home/airflow/.local/lib/python3.12/site-packages/airflow/example_dags/tutorial_objectstorage.py for tasks to queue
[2024-08-24T09:56:22.127+0000] {logging_mixin.py:190} INFO - [2024-08-24T09:56:22.127+0000] {dagbag.py:587} INFO - Filling up the DagBag from /home/airflow/.local/lib/python3.12/site-packages/airflow/example_dags/tutorial_objectstorage.py
[2024-08-24T09:56:22.134+0000] {processor.py:925} INFO - DAG(s) 'tutorial_objectstorage' retrieved from /home/airflow/.local/lib/python3.12/site-packages/airflow/example_dags/tutorial_objectstorage.py
[2024-08-24T09:56:22.151+0000] {logging_mixin.py:190} INFO - [2024-08-24T09:56:22.150+0000] {dag.py:3211} INFO - Sync 1 DAGs
[2024-08-24T09:56:22.164+0000] {logging_mixin.py:190} INFO - [2024-08-24T09:56:22.164+0000] {dag.py:4138} INFO - Setting next_dagrun for tutorial_objectstorage to None, run_after=None
[2024-08-24T09:56:22.182+0000] {processor.py:208} INFO - Processing /home/airflow/.local/lib/python3.12/site-packages/airflow/example_dags/tutorial_objectstorage.py took 0.061 seconds
[2024-08-24T09:56:54.401+0000] {processor.py:186} INFO - Started process (PID=363) to work on /home/airflow/.local/lib/python3.12/site-packages/airflow/example_dags/tutorial_objectstorage.py
[2024-08-24T09:56:54.403+0000] {processor.py:914} INFO - Processing file /home/airflow/.local/lib/python3.12/site-packages/airflow/example_dags/tutorial_objectstorage.py for tasks to queue
[2024-08-24T09:56:54.408+0000] {logging_mixin.py:190} INFO - [2024-08-24T09:56:54.407+0000] {dagbag.py:587} INFO - Filling up the DagBag from /home/airflow/.local/lib/python3.12/site-packages/airflow/example_dags/tutorial_objectstorage.py
[2024-08-24T09:56:54.429+0000] {processor.py:925} INFO - DAG(s) 'tutorial_objectstorage' retrieved from /home/airflow/.local/lib/python3.12/site-packages/airflow/example_dags/tutorial_objectstorage.py
[2024-08-24T09:56:54.464+0000] {logging_mixin.py:190} INFO - [2024-08-24T09:56:54.463+0000] {dag.py:3211} INFO - Sync 1 DAGs
[2024-08-24T09:56:54.496+0000] {logging_mixin.py:190} INFO - [2024-08-24T09:56:54.496+0000] {dag.py:4138} INFO - Setting next_dagrun for tutorial_objectstorage to None, run_after=None
[2024-08-24T09:56:54.533+0000] {processor.py:208} INFO - Processing /home/airflow/.local/lib/python3.12/site-packages/airflow/example_dags/tutorial_objectstorage.py took 0.146 seconds
[2024-08-24T09:57:25.312+0000] {processor.py:186} INFO - Started process (PID=425) to work on /home/airflow/.local/lib/python3.12/site-packages/airflow/example_dags/tutorial_objectstorage.py
[2024-08-24T09:57:25.313+0000] {processor.py:914} INFO - Processing file /home/airflow/.local/lib/python3.12/site-packages/airflow/example_dags/tutorial_objectstorage.py for tasks to queue
[2024-08-24T09:57:25.316+0000] {logging_mixin.py:190} INFO - [2024-08-24T09:57:25.315+0000] {dagbag.py:587} INFO - Filling up the DagBag from /home/airflow/.local/lib/python3.12/site-packages/airflow/example_dags/tutorial_objectstorage.py
[2024-08-24T09:57:25.322+0000] {processor.py:925} INFO - DAG(s) 'tutorial_objectstorage' retrieved from /home/airflow/.local/lib/python3.12/site-packages/airflow/example_dags/tutorial_objectstorage.py
[2024-08-24T09:57:25.338+0000] {logging_mixin.py:190} INFO - [2024-08-24T09:57:25.338+0000] {dag.py:3211} INFO - Sync 1 DAGs
[2024-08-24T09:57:25.348+0000] {logging_mixin.py:190} INFO - [2024-08-24T09:57:25.348+0000] {dag.py:4138} INFO - Setting next_dagrun for tutorial_objectstorage to None, run_after=None
[2024-08-24T09:57:25.366+0000] {processor.py:208} INFO - Processing /home/airflow/.local/lib/python3.12/site-packages/airflow/example_dags/tutorial_objectstorage.py took 0.059 seconds
[2024-08-24T09:57:55.691+0000] {processor.py:186} INFO - Started process (PID=487) to work on /home/airflow/.local/lib/python3.12/site-packages/airflow/example_dags/tutorial_objectstorage.py
[2024-08-24T09:57:55.692+0000] {processor.py:914} INFO - Processing file /home/airflow/.local/lib/python3.12/site-packages/airflow/example_dags/tutorial_objectstorage.py for tasks to queue
[2024-08-24T09:57:55.694+0000] {logging_mixin.py:190} INFO - [2024-08-24T09:57:55.694+0000] {dagbag.py:587} INFO - Filling up the DagBag from /home/airflow/.local/lib/python3.12/site-packages/airflow/example_dags/tutorial_objectstorage.py
[2024-08-24T09:57:55.701+0000] {processor.py:925} INFO - DAG(s) 'tutorial_objectstorage' retrieved from /home/airflow/.local/lib/python3.12/site-packages/airflow/example_dags/tutorial_objectstorage.py
[2024-08-24T09:57:55.717+0000] {logging_mixin.py:190} INFO - [2024-08-24T09:57:55.717+0000] {dag.py:3211} INFO - Sync 1 DAGs
[2024-08-24T09:57:55.728+0000] {logging_mixin.py:190} INFO - [2024-08-24T09:57:55.728+0000] {dag.py:4138} INFO - Setting next_dagrun for tutorial_objectstorage to None, run_after=None
[2024-08-24T09:57:55.745+0000] {processor.py:208} INFO - Processing /home/airflow/.local/lib/python3.12/site-packages/airflow/example_dags/tutorial_objectstorage.py took 0.059 seconds
