[2024-08-24T09:54:49.187+0000] {processor.py:186} INFO - Started process (PID=102) to work on /home/airflow/.local/lib/python3.12/site-packages/airflow/example_dags/tutorial_taskflow_api.py
[2024-08-24T09:54:49.188+0000] {processor.py:914} INFO - Processing file /home/airflow/.local/lib/python3.12/site-packages/airflow/example_dags/tutorial_taskflow_api.py for tasks to queue
[2024-08-24T09:54:49.191+0000] {logging_mixin.py:190} INFO - [2024-08-24T09:54:49.190+0000] {dagbag.py:587} INFO - Filling up the DagBag from /home/airflow/.local/lib/python3.12/site-packages/airflow/example_dags/tutorial_taskflow_api.py
[2024-08-24T09:54:49.200+0000] {processor.py:925} INFO - DAG(s) 'tutorial_taskflow_api' retrieved from /home/airflow/.local/lib/python3.12/site-packages/airflow/example_dags/tutorial_taskflow_api.py
[2024-08-24T09:54:49.304+0000] {logging_mixin.py:190} INFO - [2024-08-24T09:54:49.303+0000] {override.py:1858} INFO - Created Permission View: can read on DAG:tutorial_taskflow_api
[2024-08-24T09:54:49.315+0000] {logging_mixin.py:190} INFO - [2024-08-24T09:54:49.315+0000] {override.py:1858} INFO - Created Permission View: can delete on DAG:tutorial_taskflow_api
[2024-08-24T09:54:49.323+0000] {logging_mixin.py:190} INFO - [2024-08-24T09:54:49.322+0000] {override.py:1858} INFO - Created Permission View: can edit on DAG:tutorial_taskflow_api
[2024-08-24T09:54:49.324+0000] {logging_mixin.py:190} INFO - [2024-08-24T09:54:49.323+0000] {dag.py:3211} INFO - Sync 1 DAGs
[2024-08-24T09:54:49.336+0000] {logging_mixin.py:190} INFO - [2024-08-24T09:54:49.336+0000] {dag.py:3234} INFO - Creating ORM DAG for tutorial_taskflow_api
[2024-08-24T09:54:49.337+0000] {logging_mixin.py:190} INFO - [2024-08-24T09:54:49.337+0000] {dag.py:4138} INFO - Setting next_dagrun for tutorial_taskflow_api to None, run_after=None
[2024-08-24T09:54:49.355+0000] {processor.py:208} INFO - Processing /home/airflow/.local/lib/python3.12/site-packages/airflow/example_dags/tutorial_taskflow_api.py took 0.174 seconds
[2024-08-24T09:55:19.921+0000] {processor.py:186} INFO - Started process (PID=164) to work on /home/airflow/.local/lib/python3.12/site-packages/airflow/example_dags/tutorial_taskflow_api.py
[2024-08-24T09:55:19.922+0000] {processor.py:914} INFO - Processing file /home/airflow/.local/lib/python3.12/site-packages/airflow/example_dags/tutorial_taskflow_api.py for tasks to queue
[2024-08-24T09:55:19.924+0000] {logging_mixin.py:190} INFO - [2024-08-24T09:55:19.924+0000] {dagbag.py:587} INFO - Filling up the DagBag from /home/airflow/.local/lib/python3.12/site-packages/airflow/example_dags/tutorial_taskflow_api.py
[2024-08-24T09:55:19.930+0000] {processor.py:925} INFO - DAG(s) 'tutorial_taskflow_api' retrieved from /home/airflow/.local/lib/python3.12/site-packages/airflow/example_dags/tutorial_taskflow_api.py
[2024-08-24T09:55:19.946+0000] {logging_mixin.py:190} INFO - [2024-08-24T09:55:19.946+0000] {dag.py:3211} INFO - Sync 1 DAGs
[2024-08-24T09:55:19.959+0000] {logging_mixin.py:190} INFO - [2024-08-24T09:55:19.959+0000] {dag.py:4138} INFO - Setting next_dagrun for tutorial_taskflow_api to None, run_after=None
[2024-08-24T09:55:19.975+0000] {processor.py:208} INFO - Processing /home/airflow/.local/lib/python3.12/site-packages/airflow/example_dags/tutorial_taskflow_api.py took 0.058 seconds
[2024-08-24T09:55:50.164+0000] {processor.py:186} INFO - Started process (PID=226) to work on /home/airflow/.local/lib/python3.12/site-packages/airflow/example_dags/tutorial_taskflow_api.py
[2024-08-24T09:55:50.165+0000] {processor.py:914} INFO - Processing file /home/airflow/.local/lib/python3.12/site-packages/airflow/example_dags/tutorial_taskflow_api.py for tasks to queue
[2024-08-24T09:55:50.167+0000] {logging_mixin.py:190} INFO - [2024-08-24T09:55:50.167+0000] {dagbag.py:587} INFO - Filling up the DagBag from /home/airflow/.local/lib/python3.12/site-packages/airflow/example_dags/tutorial_taskflow_api.py
[2024-08-24T09:55:50.173+0000] {processor.py:925} INFO - DAG(s) 'tutorial_taskflow_api' retrieved from /home/airflow/.local/lib/python3.12/site-packages/airflow/example_dags/tutorial_taskflow_api.py
[2024-08-24T09:55:50.190+0000] {logging_mixin.py:190} INFO - [2024-08-24T09:55:50.190+0000] {dag.py:3211} INFO - Sync 1 DAGs
[2024-08-24T09:55:50.201+0000] {logging_mixin.py:190} INFO - [2024-08-24T09:55:50.201+0000] {dag.py:4138} INFO - Setting next_dagrun for tutorial_taskflow_api to None, run_after=None
[2024-08-24T09:55:50.220+0000] {processor.py:208} INFO - Processing /home/airflow/.local/lib/python3.12/site-packages/airflow/example_dags/tutorial_taskflow_api.py took 0.060 seconds
[2024-08-24T09:56:20.370+0000] {processor.py:186} INFO - Started process (PID=288) to work on /home/airflow/.local/lib/python3.12/site-packages/airflow/example_dags/tutorial_taskflow_api.py
[2024-08-24T09:56:20.371+0000] {processor.py:914} INFO - Processing file /home/airflow/.local/lib/python3.12/site-packages/airflow/example_dags/tutorial_taskflow_api.py for tasks to queue
[2024-08-24T09:56:20.373+0000] {logging_mixin.py:190} INFO - [2024-08-24T09:56:20.373+0000] {dagbag.py:587} INFO - Filling up the DagBag from /home/airflow/.local/lib/python3.12/site-packages/airflow/example_dags/tutorial_taskflow_api.py
[2024-08-24T09:56:20.379+0000] {processor.py:925} INFO - DAG(s) 'tutorial_taskflow_api' retrieved from /home/airflow/.local/lib/python3.12/site-packages/airflow/example_dags/tutorial_taskflow_api.py
[2024-08-24T09:56:20.395+0000] {logging_mixin.py:190} INFO - [2024-08-24T09:56:20.395+0000] {dag.py:3211} INFO - Sync 1 DAGs
[2024-08-24T09:56:20.406+0000] {logging_mixin.py:190} INFO - [2024-08-24T09:56:20.406+0000] {dag.py:4138} INFO - Setting next_dagrun for tutorial_taskflow_api to None, run_after=None
[2024-08-24T09:56:20.424+0000] {processor.py:208} INFO - Processing /home/airflow/.local/lib/python3.12/site-packages/airflow/example_dags/tutorial_taskflow_api.py took 0.058 seconds
[2024-08-24T09:56:52.355+0000] {processor.py:186} INFO - Started process (PID=350) to work on /home/airflow/.local/lib/python3.12/site-packages/airflow/example_dags/tutorial_taskflow_api.py
[2024-08-24T09:56:52.358+0000] {processor.py:914} INFO - Processing file /home/airflow/.local/lib/python3.12/site-packages/airflow/example_dags/tutorial_taskflow_api.py for tasks to queue
[2024-08-24T09:56:52.364+0000] {logging_mixin.py:190} INFO - [2024-08-24T09:56:52.363+0000] {dagbag.py:587} INFO - Filling up the DagBag from /home/airflow/.local/lib/python3.12/site-packages/airflow/example_dags/tutorial_taskflow_api.py
[2024-08-24T09:56:52.394+0000] {processor.py:925} INFO - DAG(s) 'tutorial_taskflow_api' retrieved from /home/airflow/.local/lib/python3.12/site-packages/airflow/example_dags/tutorial_taskflow_api.py
[2024-08-24T09:56:52.454+0000] {logging_mixin.py:190} INFO - [2024-08-24T09:56:52.453+0000] {dag.py:3211} INFO - Sync 1 DAGs
[2024-08-24T09:56:52.496+0000] {logging_mixin.py:190} INFO - [2024-08-24T09:56:52.496+0000] {dag.py:4138} INFO - Setting next_dagrun for tutorial_taskflow_api to None, run_after=None
[2024-08-24T09:56:52.548+0000] {processor.py:208} INFO - Processing /home/airflow/.local/lib/python3.12/site-packages/airflow/example_dags/tutorial_taskflow_api.py took 0.208 seconds
[2024-08-24T09:57:22.670+0000] {processor.py:186} INFO - Started process (PID=412) to work on /home/airflow/.local/lib/python3.12/site-packages/airflow/example_dags/tutorial_taskflow_api.py
[2024-08-24T09:57:22.671+0000] {processor.py:914} INFO - Processing file /home/airflow/.local/lib/python3.12/site-packages/airflow/example_dags/tutorial_taskflow_api.py for tasks to queue
[2024-08-24T09:57:22.672+0000] {logging_mixin.py:190} INFO - [2024-08-24T09:57:22.672+0000] {dagbag.py:587} INFO - Filling up the DagBag from /home/airflow/.local/lib/python3.12/site-packages/airflow/example_dags/tutorial_taskflow_api.py
[2024-08-24T09:57:22.678+0000] {processor.py:925} INFO - DAG(s) 'tutorial_taskflow_api' retrieved from /home/airflow/.local/lib/python3.12/site-packages/airflow/example_dags/tutorial_taskflow_api.py
[2024-08-24T09:57:22.695+0000] {logging_mixin.py:190} INFO - [2024-08-24T09:57:22.695+0000] {dag.py:3211} INFO - Sync 1 DAGs
[2024-08-24T09:57:22.709+0000] {logging_mixin.py:190} INFO - [2024-08-24T09:57:22.708+0000] {dag.py:4138} INFO - Setting next_dagrun for tutorial_taskflow_api to None, run_after=None
[2024-08-24T09:57:22.725+0000] {processor.py:208} INFO - Processing /home/airflow/.local/lib/python3.12/site-packages/airflow/example_dags/tutorial_taskflow_api.py took 0.060 seconds
[2024-08-24T09:57:52.863+0000] {processor.py:186} INFO - Started process (PID=474) to work on /home/airflow/.local/lib/python3.12/site-packages/airflow/example_dags/tutorial_taskflow_api.py
[2024-08-24T09:57:52.864+0000] {processor.py:914} INFO - Processing file /home/airflow/.local/lib/python3.12/site-packages/airflow/example_dags/tutorial_taskflow_api.py for tasks to queue
[2024-08-24T09:57:52.866+0000] {logging_mixin.py:190} INFO - [2024-08-24T09:57:52.866+0000] {dagbag.py:587} INFO - Filling up the DagBag from /home/airflow/.local/lib/python3.12/site-packages/airflow/example_dags/tutorial_taskflow_api.py
[2024-08-24T09:57:52.872+0000] {processor.py:925} INFO - DAG(s) 'tutorial_taskflow_api' retrieved from /home/airflow/.local/lib/python3.12/site-packages/airflow/example_dags/tutorial_taskflow_api.py
[2024-08-24T09:57:52.889+0000] {logging_mixin.py:190} INFO - [2024-08-24T09:57:52.889+0000] {dag.py:3211} INFO - Sync 1 DAGs
[2024-08-24T09:57:52.903+0000] {logging_mixin.py:190} INFO - [2024-08-24T09:57:52.903+0000] {dag.py:4138} INFO - Setting next_dagrun for tutorial_taskflow_api to None, run_after=None
[2024-08-24T09:57:52.920+0000] {processor.py:208} INFO - Processing /home/airflow/.local/lib/python3.12/site-packages/airflow/example_dags/tutorial_taskflow_api.py took 0.062 seconds
