[2024-08-24T09:54:45.854+0000] {processor.py:186} INFO - Started process (PID=80) to work on /home/airflow/.local/lib/python3.12/site-packages/airflow/example_dags/tutorial.py
[2024-08-24T09:54:45.855+0000] {processor.py:914} INFO - Processing file /home/airflow/.local/lib/python3.12/site-packages/airflow/example_dags/tutorial.py for tasks to queue
[2024-08-24T09:54:45.858+0000] {logging_mixin.py:190} INFO - [2024-08-24T09:54:45.857+0000] {dagbag.py:587} INFO - Filling up the DagBag from /home/airflow/.local/lib/python3.12/site-packages/airflow/example_dags/tutorial.py
[2024-08-24T09:54:45.870+0000] {processor.py:925} INFO - DAG(s) 'tutorial' retrieved from /home/airflow/.local/lib/python3.12/site-packages/airflow/example_dags/tutorial.py
[2024-08-24T09:54:46.029+0000] {logging_mixin.py:190} INFO - [2024-08-24T09:54:46.028+0000] {override.py:1858} INFO - Created Permission View: can read on DAG:tutorial
[2024-08-24T09:54:46.041+0000] {logging_mixin.py:190} INFO - [2024-08-24T09:54:46.040+0000] {override.py:1858} INFO - Created Permission View: can delete on DAG:tutorial
[2024-08-24T09:54:46.048+0000] {logging_mixin.py:190} INFO - [2024-08-24T09:54:46.048+0000] {override.py:1858} INFO - Created Permission View: can edit on DAG:tutorial
[2024-08-24T09:54:46.049+0000] {logging_mixin.py:190} INFO - [2024-08-24T09:54:46.049+0000] {dag.py:3211} INFO - Sync 1 DAGs
[2024-08-24T09:54:46.062+0000] {logging_mixin.py:190} INFO - [2024-08-24T09:54:46.062+0000] {dag.py:3234} INFO - Creating ORM DAG for tutorial
[2024-08-24T09:54:46.072+0000] {logging_mixin.py:190} INFO - [2024-08-24T09:54:46.072+0000] {dag.py:4138} INFO - Setting next_dagrun for tutorial to 2024-08-23 00:00:00+00:00, run_after=2024-08-24 00:00:00+00:00
[2024-08-24T09:54:46.090+0000] {processor.py:208} INFO - Processing /home/airflow/.local/lib/python3.12/site-packages/airflow/example_dags/tutorial.py took 0.243 seconds
[2024-08-24T09:55:16.404+0000] {processor.py:186} INFO - Started process (PID=141) to work on /home/airflow/.local/lib/python3.12/site-packages/airflow/example_dags/tutorial.py
[2024-08-24T09:55:16.405+0000] {processor.py:914} INFO - Processing file /home/airflow/.local/lib/python3.12/site-packages/airflow/example_dags/tutorial.py for tasks to queue
[2024-08-24T09:55:16.407+0000] {logging_mixin.py:190} INFO - [2024-08-24T09:55:16.407+0000] {dagbag.py:587} INFO - Filling up the DagBag from /home/airflow/.local/lib/python3.12/site-packages/airflow/example_dags/tutorial.py
[2024-08-24T09:55:16.413+0000] {processor.py:925} INFO - DAG(s) 'tutorial' retrieved from /home/airflow/.local/lib/python3.12/site-packages/airflow/example_dags/tutorial.py
[2024-08-24T09:55:16.430+0000] {logging_mixin.py:190} INFO - [2024-08-24T09:55:16.429+0000] {dag.py:3211} INFO - Sync 1 DAGs
[2024-08-24T09:55:16.448+0000] {logging_mixin.py:190} INFO - [2024-08-24T09:55:16.448+0000] {dag.py:4138} INFO - Setting next_dagrun for tutorial to 2024-08-23 00:00:00+00:00, run_after=2024-08-24 00:00:00+00:00
[2024-08-24T09:55:16.465+0000] {processor.py:208} INFO - Processing /home/airflow/.local/lib/python3.12/site-packages/airflow/example_dags/tutorial.py took 0.066 seconds
[2024-08-24T09:55:46.951+0000] {processor.py:186} INFO - Started process (PID=204) to work on /home/airflow/.local/lib/python3.12/site-packages/airflow/example_dags/tutorial.py
[2024-08-24T09:55:46.952+0000] {processor.py:914} INFO - Processing file /home/airflow/.local/lib/python3.12/site-packages/airflow/example_dags/tutorial.py for tasks to queue
[2024-08-24T09:55:46.953+0000] {logging_mixin.py:190} INFO - [2024-08-24T09:55:46.953+0000] {dagbag.py:587} INFO - Filling up the DagBag from /home/airflow/.local/lib/python3.12/site-packages/airflow/example_dags/tutorial.py
[2024-08-24T09:55:46.959+0000] {processor.py:925} INFO - DAG(s) 'tutorial' retrieved from /home/airflow/.local/lib/python3.12/site-packages/airflow/example_dags/tutorial.py
[2024-08-24T09:55:46.977+0000] {logging_mixin.py:190} INFO - [2024-08-24T09:55:46.976+0000] {dag.py:3211} INFO - Sync 1 DAGs
[2024-08-24T09:55:46.995+0000] {logging_mixin.py:190} INFO - [2024-08-24T09:55:46.994+0000] {dag.py:4138} INFO - Setting next_dagrun for tutorial to 2024-08-23 00:00:00+00:00, run_after=2024-08-24 00:00:00+00:00
[2024-08-24T09:55:47.013+0000] {processor.py:208} INFO - Processing /home/airflow/.local/lib/python3.12/site-packages/airflow/example_dags/tutorial.py took 0.067 seconds
[2024-08-24T09:56:17.288+0000] {processor.py:186} INFO - Started process (PID=266) to work on /home/airflow/.local/lib/python3.12/site-packages/airflow/example_dags/tutorial.py
[2024-08-24T09:56:17.289+0000] {processor.py:914} INFO - Processing file /home/airflow/.local/lib/python3.12/site-packages/airflow/example_dags/tutorial.py for tasks to queue
[2024-08-24T09:56:17.291+0000] {logging_mixin.py:190} INFO - [2024-08-24T09:56:17.291+0000] {dagbag.py:587} INFO - Filling up the DagBag from /home/airflow/.local/lib/python3.12/site-packages/airflow/example_dags/tutorial.py
[2024-08-24T09:56:17.297+0000] {processor.py:925} INFO - DAG(s) 'tutorial' retrieved from /home/airflow/.local/lib/python3.12/site-packages/airflow/example_dags/tutorial.py
[2024-08-24T09:56:17.312+0000] {logging_mixin.py:190} INFO - [2024-08-24T09:56:17.312+0000] {dag.py:3211} INFO - Sync 1 DAGs
[2024-08-24T09:56:17.329+0000] {logging_mixin.py:190} INFO - [2024-08-24T09:56:17.329+0000] {dag.py:4138} INFO - Setting next_dagrun for tutorial to 2024-08-23 00:00:00+00:00, run_after=2024-08-24 00:00:00+00:00
[2024-08-24T09:56:17.347+0000] {processor.py:208} INFO - Processing /home/airflow/.local/lib/python3.12/site-packages/airflow/example_dags/tutorial.py took 0.063 seconds
[2024-08-24T09:56:47.712+0000] {processor.py:186} INFO - Started process (PID=328) to work on /home/airflow/.local/lib/python3.12/site-packages/airflow/example_dags/tutorial.py
[2024-08-24T09:56:47.714+0000] {processor.py:914} INFO - Processing file /home/airflow/.local/lib/python3.12/site-packages/airflow/example_dags/tutorial.py for tasks to queue
[2024-08-24T09:56:47.716+0000] {logging_mixin.py:190} INFO - [2024-08-24T09:56:47.716+0000] {dagbag.py:587} INFO - Filling up the DagBag from /home/airflow/.local/lib/python3.12/site-packages/airflow/example_dags/tutorial.py
[2024-08-24T09:56:47.723+0000] {processor.py:925} INFO - DAG(s) 'tutorial' retrieved from /home/airflow/.local/lib/python3.12/site-packages/airflow/example_dags/tutorial.py
[2024-08-24T09:56:47.741+0000] {logging_mixin.py:190} INFO - [2024-08-24T09:56:47.741+0000] {dag.py:3211} INFO - Sync 1 DAGs
[2024-08-24T09:56:47.758+0000] {logging_mixin.py:190} INFO - [2024-08-24T09:56:47.758+0000] {dag.py:4138} INFO - Setting next_dagrun for tutorial to 2024-08-23 00:00:00+00:00, run_after=2024-08-24 00:00:00+00:00
[2024-08-24T09:56:47.778+0000] {processor.py:208} INFO - Processing /home/airflow/.local/lib/python3.12/site-packages/airflow/example_dags/tutorial.py took 0.072 seconds
[2024-08-24T09:57:17.980+0000] {processor.py:186} INFO - Started process (PID=390) to work on /home/airflow/.local/lib/python3.12/site-packages/airflow/example_dags/tutorial.py
[2024-08-24T09:57:17.981+0000] {processor.py:914} INFO - Processing file /home/airflow/.local/lib/python3.12/site-packages/airflow/example_dags/tutorial.py for tasks to queue
[2024-08-24T09:57:17.983+0000] {logging_mixin.py:190} INFO - [2024-08-24T09:57:17.983+0000] {dagbag.py:587} INFO - Filling up the DagBag from /home/airflow/.local/lib/python3.12/site-packages/airflow/example_dags/tutorial.py
[2024-08-24T09:57:17.991+0000] {processor.py:925} INFO - DAG(s) 'tutorial' retrieved from /home/airflow/.local/lib/python3.12/site-packages/airflow/example_dags/tutorial.py
[2024-08-24T09:57:18.010+0000] {logging_mixin.py:190} INFO - [2024-08-24T09:57:18.010+0000] {dag.py:3211} INFO - Sync 1 DAGs
[2024-08-24T09:57:18.030+0000] {logging_mixin.py:190} INFO - [2024-08-24T09:57:18.030+0000] {dag.py:4138} INFO - Setting next_dagrun for tutorial to 2024-08-23 00:00:00+00:00, run_after=2024-08-24 00:00:00+00:00
[2024-08-24T09:57:18.053+0000] {processor.py:208} INFO - Processing /home/airflow/.local/lib/python3.12/site-packages/airflow/example_dags/tutorial.py took 0.078 seconds
[2024-08-24T09:57:48.596+0000] {processor.py:186} INFO - Started process (PID=452) to work on /home/airflow/.local/lib/python3.12/site-packages/airflow/example_dags/tutorial.py
[2024-08-24T09:57:48.597+0000] {processor.py:914} INFO - Processing file /home/airflow/.local/lib/python3.12/site-packages/airflow/example_dags/tutorial.py for tasks to queue
[2024-08-24T09:57:48.599+0000] {logging_mixin.py:190} INFO - [2024-08-24T09:57:48.599+0000] {dagbag.py:587} INFO - Filling up the DagBag from /home/airflow/.local/lib/python3.12/site-packages/airflow/example_dags/tutorial.py
[2024-08-24T09:57:48.605+0000] {processor.py:925} INFO - DAG(s) 'tutorial' retrieved from /home/airflow/.local/lib/python3.12/site-packages/airflow/example_dags/tutorial.py
[2024-08-24T09:57:48.620+0000] {logging_mixin.py:190} INFO - [2024-08-24T09:57:48.620+0000] {dag.py:3211} INFO - Sync 1 DAGs
[2024-08-24T09:57:48.638+0000] {logging_mixin.py:190} INFO - [2024-08-24T09:57:48.638+0000] {dag.py:4138} INFO - Setting next_dagrun for tutorial to 2024-08-23 00:00:00+00:00, run_after=2024-08-24 00:00:00+00:00
[2024-08-24T09:57:48.656+0000] {processor.py:208} INFO - Processing /home/airflow/.local/lib/python3.12/site-packages/airflow/example_dags/tutorial.py took 0.064 seconds
[2024-08-24T09:58:19.514+0000] {processor.py:186} INFO - Started process (PID=514) to work on /home/airflow/.local/lib/python3.12/site-packages/airflow/example_dags/tutorial.py
[2024-08-24T09:58:19.516+0000] {processor.py:914} INFO - Processing file /home/airflow/.local/lib/python3.12/site-packages/airflow/example_dags/tutorial.py for tasks to queue
[2024-08-24T09:58:19.520+0000] {logging_mixin.py:190} INFO - [2024-08-24T09:58:19.520+0000] {dagbag.py:587} INFO - Filling up the DagBag from /home/airflow/.local/lib/python3.12/site-packages/airflow/example_dags/tutorial.py
[2024-08-24T09:58:19.535+0000] {processor.py:925} INFO - DAG(s) 'tutorial' retrieved from /home/airflow/.local/lib/python3.12/site-packages/airflow/example_dags/tutorial.py
[2024-08-24T09:58:19.577+0000] {logging_mixin.py:190} INFO - [2024-08-24T09:58:19.577+0000] {dag.py:3211} INFO - Sync 1 DAGs
[2024-08-24T09:58:19.636+0000] {logging_mixin.py:190} INFO - [2024-08-24T09:58:19.636+0000] {dag.py:4138} INFO - Setting next_dagrun for tutorial to 2024-08-23 00:00:00+00:00, run_after=2024-08-24 00:00:00+00:00
[2024-08-24T09:58:19.678+0000] {processor.py:208} INFO - Processing /home/airflow/.local/lib/python3.12/site-packages/airflow/example_dags/tutorial.py took 0.176 seconds
