[2024-08-25T07:07:08.738+0000] {processor.py:186} INFO - Started process (PID=548) to work on /opt/airflow/dags/dag_with_taskflow_api.py
[2024-08-25T07:07:08.739+0000] {processor.py:914} INFO - Processing file /opt/airflow/dags/dag_with_taskflow_api.py for tasks to queue
[2024-08-25T07:07:08.742+0000] {logging_mixin.py:190} INFO - [2024-08-25T07:07:08.742+0000] {dagbag.py:587} INFO - Filling up the DagBag from /opt/airflow/dags/dag_with_taskflow_api.py
[2024-08-25T07:07:08.791+0000] {processor.py:925} INFO - DAG(s) 'dag_with_taskflow_api_v1' retrieved from /opt/airflow/dags/dag_with_taskflow_api.py
[2024-08-25T07:07:09.091+0000] {logging_mixin.py:190} INFO - [2024-08-25T07:07:09.091+0000] {override.py:1858} INFO - Created Permission View: can edit on DAG:dag_with_taskflow_api_v1
[2024-08-25T07:07:09.104+0000] {logging_mixin.py:190} INFO - [2024-08-25T07:07:09.104+0000] {override.py:1858} INFO - Created Permission View: can delete on DAG:dag_with_taskflow_api_v1
[2024-08-25T07:07:09.112+0000] {logging_mixin.py:190} INFO - [2024-08-25T07:07:09.112+0000] {override.py:1858} INFO - Created Permission View: can read on DAG:dag_with_taskflow_api_v1
[2024-08-25T07:07:09.113+0000] {logging_mixin.py:190} INFO - [2024-08-25T07:07:09.113+0000] {dag.py:3211} INFO - Sync 1 DAGs
[2024-08-25T07:07:09.127+0000] {logging_mixin.py:190} INFO - [2024-08-25T07:07:09.127+0000] {dag.py:3234} INFO - Creating ORM DAG for dag_with_taskflow_api_v1
[2024-08-25T07:07:09.139+0000] {logging_mixin.py:190} INFO - [2024-08-25T07:07:09.139+0000] {dag.py:4138} INFO - Setting next_dagrun for dag_with_taskflow_api_v1 to 2024-08-25 00:00:00+00:00, run_after=2024-08-26 00:00:00+00:00
[2024-08-25T07:07:09.158+0000] {processor.py:208} INFO - Processing /opt/airflow/dags/dag_with_taskflow_api.py took 0.425 seconds
[2024-08-25T07:07:39.463+0000] {processor.py:186} INFO - Started process (PID=557) to work on /opt/airflow/dags/dag_with_taskflow_api.py
[2024-08-25T07:07:39.465+0000] {processor.py:914} INFO - Processing file /opt/airflow/dags/dag_with_taskflow_api.py for tasks to queue
[2024-08-25T07:07:39.467+0000] {logging_mixin.py:190} INFO - [2024-08-25T07:07:39.467+0000] {dagbag.py:587} INFO - Filling up the DagBag from /opt/airflow/dags/dag_with_taskflow_api.py
[2024-08-25T07:07:39.501+0000] {processor.py:925} INFO - DAG(s) 'dag_with_taskflow_api_v1' retrieved from /opt/airflow/dags/dag_with_taskflow_api.py
[2024-08-25T07:07:39.541+0000] {logging_mixin.py:190} INFO - [2024-08-25T07:07:39.541+0000] {dag.py:3211} INFO - Sync 1 DAGs
[2024-08-25T07:07:39.720+0000] {logging_mixin.py:190} INFO - [2024-08-25T07:07:39.720+0000] {dag.py:4138} INFO - Setting next_dagrun for dag_with_taskflow_api_v1 to 2024-08-25 00:00:00+00:00, run_after=2024-08-26 00:00:00+00:00
[2024-08-25T07:07:39.748+0000] {processor.py:208} INFO - Processing /opt/airflow/dags/dag_with_taskflow_api.py took 0.292 seconds
[2024-08-25T07:08:10.266+0000] {processor.py:186} INFO - Started process (PID=566) to work on /opt/airflow/dags/dag_with_taskflow_api.py
[2024-08-25T07:08:10.267+0000] {processor.py:914} INFO - Processing file /opt/airflow/dags/dag_with_taskflow_api.py for tasks to queue
[2024-08-25T07:08:10.269+0000] {logging_mixin.py:190} INFO - [2024-08-25T07:08:10.269+0000] {dagbag.py:587} INFO - Filling up the DagBag from /opt/airflow/dags/dag_with_taskflow_api.py
[2024-08-25T07:08:10.292+0000] {processor.py:925} INFO - DAG(s) 'dag_with_taskflow_api_v1' retrieved from /opt/airflow/dags/dag_with_taskflow_api.py
[2024-08-25T07:08:10.462+0000] {logging_mixin.py:190} INFO - [2024-08-25T07:08:10.461+0000] {dag.py:3211} INFO - Sync 1 DAGs
[2024-08-25T07:08:10.486+0000] {logging_mixin.py:190} INFO - [2024-08-25T07:08:10.485+0000] {dag.py:4138} INFO - Setting next_dagrun for dag_with_taskflow_api_v1 to 2024-08-25 00:00:00+00:00, run_after=2024-08-26 00:00:00+00:00
[2024-08-25T07:08:10.508+0000] {processor.py:208} INFO - Processing /opt/airflow/dags/dag_with_taskflow_api.py took 0.248 seconds
[2024-08-25T07:08:30.793+0000] {processor.py:186} INFO - Started process (PID=574) to work on /opt/airflow/dags/dag_with_taskflow_api.py
[2024-08-25T07:08:30.794+0000] {processor.py:914} INFO - Processing file /opt/airflow/dags/dag_with_taskflow_api.py for tasks to queue
[2024-08-25T07:08:30.797+0000] {logging_mixin.py:190} INFO - [2024-08-25T07:08:30.797+0000] {dagbag.py:587} INFO - Filling up the DagBag from /opt/airflow/dags/dag_with_taskflow_api.py
[2024-08-25T07:08:30.822+0000] {processor.py:925} INFO - DAG(s) 'dag_with_taskflow_api_v1' retrieved from /opt/airflow/dags/dag_with_taskflow_api.py
[2024-08-25T07:08:31.079+0000] {logging_mixin.py:190} INFO - [2024-08-25T07:08:31.078+0000] {dag.py:3211} INFO - Sync 1 DAGs
[2024-08-25T07:08:31.100+0000] {logging_mixin.py:190} INFO - [2024-08-25T07:08:31.100+0000] {dag.py:4138} INFO - Setting next_dagrun for dag_with_taskflow_api_v1 to 2024-08-20 00:00:00+00:00, run_after=2024-08-21 00:00:00+00:00
[2024-08-25T07:08:31.132+0000] {processor.py:208} INFO - Processing /opt/airflow/dags/dag_with_taskflow_api.py took 0.345 seconds
[2024-08-25T07:09:01.509+0000] {processor.py:186} INFO - Started process (PID=603) to work on /opt/airflow/dags/dag_with_taskflow_api.py
[2024-08-25T07:09:01.511+0000] {processor.py:914} INFO - Processing file /opt/airflow/dags/dag_with_taskflow_api.py for tasks to queue
[2024-08-25T07:09:01.513+0000] {logging_mixin.py:190} INFO - [2024-08-25T07:09:01.512+0000] {dagbag.py:587} INFO - Filling up the DagBag from /opt/airflow/dags/dag_with_taskflow_api.py
[2024-08-25T07:09:01.550+0000] {processor.py:925} INFO - DAG(s) 'dag_with_taskflow_api_v1' retrieved from /opt/airflow/dags/dag_with_taskflow_api.py
[2024-08-25T07:09:01.572+0000] {logging_mixin.py:190} INFO - [2024-08-25T07:09:01.572+0000] {dag.py:3211} INFO - Sync 1 DAGs
[2024-08-25T07:09:01.592+0000] {logging_mixin.py:190} INFO - [2024-08-25T07:09:01.592+0000] {dag.py:4138} INFO - Setting next_dagrun for dag_with_taskflow_api_v1 to 2024-08-25 00:00:00+00:00, run_after=2024-08-26 00:00:00+00:00
[2024-08-25T07:09:01.610+0000] {processor.py:208} INFO - Processing /opt/airflow/dags/dag_with_taskflow_api.py took 0.245 seconds
[2024-08-25T07:09:31.864+0000] {processor.py:186} INFO - Started process (PID=612) to work on /opt/airflow/dags/dag_with_taskflow_api.py
[2024-08-25T07:09:31.865+0000] {processor.py:914} INFO - Processing file /opt/airflow/dags/dag_with_taskflow_api.py for tasks to queue
[2024-08-25T07:09:31.870+0000] {logging_mixin.py:190} INFO - [2024-08-25T07:09:31.869+0000] {dagbag.py:587} INFO - Filling up the DagBag from /opt/airflow/dags/dag_with_taskflow_api.py
[2024-08-25T07:09:31.894+0000] {processor.py:925} INFO - DAG(s) 'dag_with_taskflow_api_v1' retrieved from /opt/airflow/dags/dag_with_taskflow_api.py
[2024-08-25T07:09:31.924+0000] {logging_mixin.py:190} INFO - [2024-08-25T07:09:31.924+0000] {dag.py:3211} INFO - Sync 1 DAGs
[2024-08-25T07:09:31.956+0000] {logging_mixin.py:190} INFO - [2024-08-25T07:09:31.956+0000] {dag.py:4138} INFO - Setting next_dagrun for dag_with_taskflow_api_v1 to 2024-08-25 00:00:00+00:00, run_after=2024-08-26 00:00:00+00:00
[2024-08-25T07:09:31.980+0000] {processor.py:208} INFO - Processing /opt/airflow/dags/dag_with_taskflow_api.py took 0.121 seconds
[2024-08-25T07:10:02.466+0000] {processor.py:186} INFO - Started process (PID=621) to work on /opt/airflow/dags/dag_with_taskflow_api.py
[2024-08-25T07:10:02.467+0000] {processor.py:914} INFO - Processing file /opt/airflow/dags/dag_with_taskflow_api.py for tasks to queue
[2024-08-25T07:10:02.469+0000] {logging_mixin.py:190} INFO - [2024-08-25T07:10:02.469+0000] {dagbag.py:587} INFO - Filling up the DagBag from /opt/airflow/dags/dag_with_taskflow_api.py
[2024-08-25T07:10:02.490+0000] {processor.py:925} INFO - DAG(s) 'dag_with_taskflow_api_v1' retrieved from /opt/airflow/dags/dag_with_taskflow_api.py
[2024-08-25T07:10:02.515+0000] {logging_mixin.py:190} INFO - [2024-08-25T07:10:02.515+0000] {dag.py:3211} INFO - Sync 1 DAGs
[2024-08-25T07:10:02.541+0000] {logging_mixin.py:190} INFO - [2024-08-25T07:10:02.541+0000] {dag.py:4138} INFO - Setting next_dagrun for dag_with_taskflow_api_v1 to 2024-08-25 00:00:00+00:00, run_after=2024-08-26 00:00:00+00:00
[2024-08-25T07:10:02.559+0000] {processor.py:208} INFO - Processing /opt/airflow/dags/dag_with_taskflow_api.py took 0.099 seconds
[2024-08-25T07:10:33.123+0000] {processor.py:186} INFO - Started process (PID=630) to work on /opt/airflow/dags/dag_with_taskflow_api.py
[2024-08-25T07:10:33.124+0000] {processor.py:914} INFO - Processing file /opt/airflow/dags/dag_with_taskflow_api.py for tasks to queue
[2024-08-25T07:10:33.128+0000] {logging_mixin.py:190} INFO - [2024-08-25T07:10:33.128+0000] {dagbag.py:587} INFO - Filling up the DagBag from /opt/airflow/dags/dag_with_taskflow_api.py
[2024-08-25T07:10:33.157+0000] {processor.py:925} INFO - DAG(s) 'dag_with_taskflow_api_v1' retrieved from /opt/airflow/dags/dag_with_taskflow_api.py
[2024-08-25T07:10:33.196+0000] {logging_mixin.py:190} INFO - [2024-08-25T07:10:33.196+0000] {dag.py:3211} INFO - Sync 1 DAGs
[2024-08-25T07:10:33.233+0000] {logging_mixin.py:190} INFO - [2024-08-25T07:10:33.233+0000] {dag.py:4138} INFO - Setting next_dagrun for dag_with_taskflow_api_v1 to 2024-08-25 00:00:00+00:00, run_after=2024-08-26 00:00:00+00:00
[2024-08-25T07:10:33.262+0000] {processor.py:208} INFO - Processing /opt/airflow/dags/dag_with_taskflow_api.py took 0.146 seconds
[2024-08-25T07:11:03.656+0000] {processor.py:186} INFO - Started process (PID=639) to work on /opt/airflow/dags/dag_with_taskflow_api.py
[2024-08-25T07:11:03.657+0000] {processor.py:914} INFO - Processing file /opt/airflow/dags/dag_with_taskflow_api.py for tasks to queue
[2024-08-25T07:11:03.660+0000] {logging_mixin.py:190} INFO - [2024-08-25T07:11:03.660+0000] {dagbag.py:587} INFO - Filling up the DagBag from /opt/airflow/dags/dag_with_taskflow_api.py
[2024-08-25T07:11:03.673+0000] {processor.py:925} INFO - DAG(s) 'dag_with_taskflow_api_v1' retrieved from /opt/airflow/dags/dag_with_taskflow_api.py
[2024-08-25T07:11:03.701+0000] {logging_mixin.py:190} INFO - [2024-08-25T07:11:03.701+0000] {dag.py:3211} INFO - Sync 1 DAGs
[2024-08-25T07:11:03.725+0000] {logging_mixin.py:190} INFO - [2024-08-25T07:11:03.725+0000] {dag.py:4138} INFO - Setting next_dagrun for dag_with_taskflow_api_v1 to 2024-08-25 00:00:00+00:00, run_after=2024-08-26 00:00:00+00:00
[2024-08-25T07:11:03.744+0000] {processor.py:208} INFO - Processing /opt/airflow/dags/dag_with_taskflow_api.py took 0.094 seconds
[2024-08-25T07:11:34.219+0000] {processor.py:186} INFO - Started process (PID=648) to work on /opt/airflow/dags/dag_with_taskflow_api.py
[2024-08-25T07:11:34.220+0000] {processor.py:914} INFO - Processing file /opt/airflow/dags/dag_with_taskflow_api.py for tasks to queue
[2024-08-25T07:11:34.222+0000] {logging_mixin.py:190} INFO - [2024-08-25T07:11:34.222+0000] {dagbag.py:587} INFO - Filling up the DagBag from /opt/airflow/dags/dag_with_taskflow_api.py
[2024-08-25T07:11:34.235+0000] {processor.py:925} INFO - DAG(s) 'dag_with_taskflow_api_v1' retrieved from /opt/airflow/dags/dag_with_taskflow_api.py
[2024-08-25T07:11:34.254+0000] {logging_mixin.py:190} INFO - [2024-08-25T07:11:34.253+0000] {dag.py:3211} INFO - Sync 1 DAGs
[2024-08-25T07:11:34.272+0000] {logging_mixin.py:190} INFO - [2024-08-25T07:11:34.272+0000] {dag.py:4138} INFO - Setting next_dagrun for dag_with_taskflow_api_v1 to 2024-08-25 00:00:00+00:00, run_after=2024-08-26 00:00:00+00:00
[2024-08-25T07:11:34.287+0000] {processor.py:208} INFO - Processing /opt/airflow/dags/dag_with_taskflow_api.py took 0.074 seconds
[2024-08-25T07:12:04.768+0000] {processor.py:186} INFO - Started process (PID=657) to work on /opt/airflow/dags/dag_with_taskflow_api.py
[2024-08-25T07:12:04.769+0000] {processor.py:914} INFO - Processing file /opt/airflow/dags/dag_with_taskflow_api.py for tasks to queue
[2024-08-25T07:12:04.771+0000] {logging_mixin.py:190} INFO - [2024-08-25T07:12:04.770+0000] {dagbag.py:587} INFO - Filling up the DagBag from /opt/airflow/dags/dag_with_taskflow_api.py
[2024-08-25T07:12:04.784+0000] {processor.py:925} INFO - DAG(s) 'dag_with_taskflow_api_v1' retrieved from /opt/airflow/dags/dag_with_taskflow_api.py
[2024-08-25T07:12:04.804+0000] {logging_mixin.py:190} INFO - [2024-08-25T07:12:04.804+0000] {dag.py:3211} INFO - Sync 1 DAGs
[2024-08-25T07:12:04.821+0000] {logging_mixin.py:190} INFO - [2024-08-25T07:12:04.821+0000] {dag.py:4138} INFO - Setting next_dagrun for dag_with_taskflow_api_v1 to 2024-08-25 00:00:00+00:00, run_after=2024-08-26 00:00:00+00:00
[2024-08-25T07:12:04.837+0000] {processor.py:208} INFO - Processing /opt/airflow/dags/dag_with_taskflow_api.py took 0.074 seconds
[2024-08-25T07:12:35.340+0000] {processor.py:186} INFO - Started process (PID=667) to work on /opt/airflow/dags/dag_with_taskflow_api.py
[2024-08-25T07:12:35.341+0000] {processor.py:914} INFO - Processing file /opt/airflow/dags/dag_with_taskflow_api.py for tasks to queue
[2024-08-25T07:12:35.342+0000] {logging_mixin.py:190} INFO - [2024-08-25T07:12:35.342+0000] {dagbag.py:587} INFO - Filling up the DagBag from /opt/airflow/dags/dag_with_taskflow_api.py
[2024-08-25T07:12:35.357+0000] {processor.py:925} INFO - DAG(s) 'dag_with_taskflow_api_v1' retrieved from /opt/airflow/dags/dag_with_taskflow_api.py
[2024-08-25T07:12:35.381+0000] {logging_mixin.py:190} INFO - [2024-08-25T07:12:35.381+0000] {dag.py:3211} INFO - Sync 1 DAGs
[2024-08-25T07:12:35.403+0000] {logging_mixin.py:190} INFO - [2024-08-25T07:12:35.402+0000] {dag.py:4138} INFO - Setting next_dagrun for dag_with_taskflow_api_v1 to 2024-08-25 00:00:00+00:00, run_after=2024-08-26 00:00:00+00:00
[2024-08-25T07:12:35.426+0000] {processor.py:208} INFO - Processing /opt/airflow/dags/dag_with_taskflow_api.py took 0.091 seconds
[2024-08-25T07:13:05.872+0000] {processor.py:186} INFO - Started process (PID=676) to work on /opt/airflow/dags/dag_with_taskflow_api.py
[2024-08-25T07:13:05.873+0000] {processor.py:914} INFO - Processing file /opt/airflow/dags/dag_with_taskflow_api.py for tasks to queue
[2024-08-25T07:13:05.876+0000] {logging_mixin.py:190} INFO - [2024-08-25T07:13:05.875+0000] {dagbag.py:587} INFO - Filling up the DagBag from /opt/airflow/dags/dag_with_taskflow_api.py
[2024-08-25T07:13:05.903+0000] {processor.py:925} INFO - DAG(s) 'dag_with_taskflow_api_v1' retrieved from /opt/airflow/dags/dag_with_taskflow_api.py
[2024-08-25T07:13:05.928+0000] {logging_mixin.py:190} INFO - [2024-08-25T07:13:05.927+0000] {dag.py:3211} INFO - Sync 1 DAGs
[2024-08-25T07:13:05.950+0000] {logging_mixin.py:190} INFO - [2024-08-25T07:13:05.950+0000] {dag.py:4138} INFO - Setting next_dagrun for dag_with_taskflow_api_v1 to 2024-08-25 00:00:00+00:00, run_after=2024-08-26 00:00:00+00:00
[2024-08-25T07:13:05.970+0000] {processor.py:208} INFO - Processing /opt/airflow/dags/dag_with_taskflow_api.py took 0.105 seconds
[2024-08-25T07:13:36.389+0000] {processor.py:186} INFO - Started process (PID=685) to work on /opt/airflow/dags/dag_with_taskflow_api.py
[2024-08-25T07:13:36.390+0000] {processor.py:914} INFO - Processing file /opt/airflow/dags/dag_with_taskflow_api.py for tasks to queue
[2024-08-25T07:13:36.392+0000] {logging_mixin.py:190} INFO - [2024-08-25T07:13:36.392+0000] {dagbag.py:587} INFO - Filling up the DagBag from /opt/airflow/dags/dag_with_taskflow_api.py
[2024-08-25T07:13:36.407+0000] {processor.py:925} INFO - DAG(s) 'dag_with_taskflow_api_v1' retrieved from /opt/airflow/dags/dag_with_taskflow_api.py
[2024-08-25T07:13:36.435+0000] {logging_mixin.py:190} INFO - [2024-08-25T07:13:36.435+0000] {dag.py:3211} INFO - Sync 1 DAGs
[2024-08-25T07:13:36.455+0000] {logging_mixin.py:190} INFO - [2024-08-25T07:13:36.455+0000] {dag.py:4138} INFO - Setting next_dagrun for dag_with_taskflow_api_v1 to 2024-08-25 00:00:00+00:00, run_after=2024-08-26 00:00:00+00:00
[2024-08-25T07:13:36.481+0000] {processor.py:208} INFO - Processing /opt/airflow/dags/dag_with_taskflow_api.py took 0.097 seconds
[2024-08-25T07:14:06.914+0000] {processor.py:186} INFO - Started process (PID=694) to work on /opt/airflow/dags/dag_with_taskflow_api.py
[2024-08-25T07:14:06.916+0000] {processor.py:914} INFO - Processing file /opt/airflow/dags/dag_with_taskflow_api.py for tasks to queue
[2024-08-25T07:14:06.918+0000] {logging_mixin.py:190} INFO - [2024-08-25T07:14:06.918+0000] {dagbag.py:587} INFO - Filling up the DagBag from /opt/airflow/dags/dag_with_taskflow_api.py
[2024-08-25T07:14:06.940+0000] {processor.py:925} INFO - DAG(s) 'dag_with_taskflow_api_v1' retrieved from /opt/airflow/dags/dag_with_taskflow_api.py
[2024-08-25T07:14:06.959+0000] {logging_mixin.py:190} INFO - [2024-08-25T07:14:06.959+0000] {dag.py:3211} INFO - Sync 1 DAGs
[2024-08-25T07:14:06.978+0000] {logging_mixin.py:190} INFO - [2024-08-25T07:14:06.978+0000] {dag.py:4138} INFO - Setting next_dagrun for dag_with_taskflow_api_v1 to 2024-08-25 00:00:00+00:00, run_after=2024-08-26 00:00:00+00:00
[2024-08-25T07:14:07.003+0000] {processor.py:208} INFO - Processing /opt/airflow/dags/dag_with_taskflow_api.py took 0.099 seconds
[2024-08-25T07:14:37.466+0000] {processor.py:186} INFO - Started process (PID=703) to work on /opt/airflow/dags/dag_with_taskflow_api.py
[2024-08-25T07:14:37.467+0000] {processor.py:914} INFO - Processing file /opt/airflow/dags/dag_with_taskflow_api.py for tasks to queue
[2024-08-25T07:14:37.470+0000] {logging_mixin.py:190} INFO - [2024-08-25T07:14:37.470+0000] {dagbag.py:587} INFO - Filling up the DagBag from /opt/airflow/dags/dag_with_taskflow_api.py
[2024-08-25T07:14:37.501+0000] {processor.py:925} INFO - DAG(s) 'dag_with_taskflow_api_v1' retrieved from /opt/airflow/dags/dag_with_taskflow_api.py
[2024-08-25T07:14:37.522+0000] {logging_mixin.py:190} INFO - [2024-08-25T07:14:37.522+0000] {dag.py:3211} INFO - Sync 1 DAGs
[2024-08-25T07:14:37.540+0000] {logging_mixin.py:190} INFO - [2024-08-25T07:14:37.540+0000] {dag.py:4138} INFO - Setting next_dagrun for dag_with_taskflow_api_v1 to 2024-08-25 00:00:00+00:00, run_after=2024-08-26 00:00:00+00:00
[2024-08-25T07:14:37.558+0000] {processor.py:208} INFO - Processing /opt/airflow/dags/dag_with_taskflow_api.py took 0.097 seconds
[2024-08-25T07:15:08.041+0000] {processor.py:186} INFO - Started process (PID=712) to work on /opt/airflow/dags/dag_with_taskflow_api.py
[2024-08-25T07:15:08.042+0000] {processor.py:914} INFO - Processing file /opt/airflow/dags/dag_with_taskflow_api.py for tasks to queue
[2024-08-25T07:15:08.044+0000] {logging_mixin.py:190} INFO - [2024-08-25T07:15:08.044+0000] {dagbag.py:587} INFO - Filling up the DagBag from /opt/airflow/dags/dag_with_taskflow_api.py
[2024-08-25T07:15:08.069+0000] {processor.py:925} INFO - DAG(s) 'dag_with_taskflow_api_v1' retrieved from /opt/airflow/dags/dag_with_taskflow_api.py
[2024-08-25T07:15:08.093+0000] {logging_mixin.py:190} INFO - [2024-08-25T07:15:08.093+0000] {dag.py:3211} INFO - Sync 1 DAGs
[2024-08-25T07:15:08.116+0000] {logging_mixin.py:190} INFO - [2024-08-25T07:15:08.116+0000] {dag.py:4138} INFO - Setting next_dagrun for dag_with_taskflow_api_v1 to 2024-08-25 00:00:00+00:00, run_after=2024-08-26 00:00:00+00:00
[2024-08-25T07:15:08.146+0000] {processor.py:208} INFO - Processing /opt/airflow/dags/dag_with_taskflow_api.py took 0.110 seconds
[2024-08-25T07:15:38.559+0000] {processor.py:186} INFO - Started process (PID=721) to work on /opt/airflow/dags/dag_with_taskflow_api.py
[2024-08-25T07:15:38.561+0000] {processor.py:914} INFO - Processing file /opt/airflow/dags/dag_with_taskflow_api.py for tasks to queue
[2024-08-25T07:15:38.563+0000] {logging_mixin.py:190} INFO - [2024-08-25T07:15:38.563+0000] {dagbag.py:587} INFO - Filling up the DagBag from /opt/airflow/dags/dag_with_taskflow_api.py
[2024-08-25T07:15:38.596+0000] {processor.py:925} INFO - DAG(s) 'dag_with_taskflow_api_v1' retrieved from /opt/airflow/dags/dag_with_taskflow_api.py
[2024-08-25T07:15:38.627+0000] {logging_mixin.py:190} INFO - [2024-08-25T07:15:38.626+0000] {dag.py:3211} INFO - Sync 1 DAGs
[2024-08-25T07:15:38.654+0000] {logging_mixin.py:190} INFO - [2024-08-25T07:15:38.654+0000] {dag.py:4138} INFO - Setting next_dagrun for dag_with_taskflow_api_v1 to 2024-08-25 00:00:00+00:00, run_after=2024-08-26 00:00:00+00:00
[2024-08-25T07:15:38.681+0000] {processor.py:208} INFO - Processing /opt/airflow/dags/dag_with_taskflow_api.py took 0.128 seconds
[2024-08-25T07:16:09.059+0000] {processor.py:186} INFO - Started process (PID=730) to work on /opt/airflow/dags/dag_with_taskflow_api.py
[2024-08-25T07:16:09.059+0000] {processor.py:914} INFO - Processing file /opt/airflow/dags/dag_with_taskflow_api.py for tasks to queue
[2024-08-25T07:16:09.062+0000] {logging_mixin.py:190} INFO - [2024-08-25T07:16:09.062+0000] {dagbag.py:587} INFO - Filling up the DagBag from /opt/airflow/dags/dag_with_taskflow_api.py
[2024-08-25T07:16:09.077+0000] {processor.py:925} INFO - DAG(s) 'dag_with_taskflow_api_v1' retrieved from /opt/airflow/dags/dag_with_taskflow_api.py
[2024-08-25T07:16:09.096+0000] {logging_mixin.py:190} INFO - [2024-08-25T07:16:09.095+0000] {dag.py:3211} INFO - Sync 1 DAGs
[2024-08-25T07:16:09.115+0000] {logging_mixin.py:190} INFO - [2024-08-25T07:16:09.115+0000] {dag.py:4138} INFO - Setting next_dagrun for dag_with_taskflow_api_v1 to 2024-08-25 00:00:00+00:00, run_after=2024-08-26 00:00:00+00:00
[2024-08-25T07:16:09.144+0000] {processor.py:208} INFO - Processing /opt/airflow/dags/dag_with_taskflow_api.py took 0.089 seconds
[2024-08-25T07:16:39.606+0000] {processor.py:186} INFO - Started process (PID=739) to work on /opt/airflow/dags/dag_with_taskflow_api.py
[2024-08-25T07:16:39.607+0000] {processor.py:914} INFO - Processing file /opt/airflow/dags/dag_with_taskflow_api.py for tasks to queue
[2024-08-25T07:16:39.609+0000] {logging_mixin.py:190} INFO - [2024-08-25T07:16:39.609+0000] {dagbag.py:587} INFO - Filling up the DagBag from /opt/airflow/dags/dag_with_taskflow_api.py
[2024-08-25T07:16:39.629+0000] {processor.py:925} INFO - DAG(s) 'dag_with_taskflow_api_v1' retrieved from /opt/airflow/dags/dag_with_taskflow_api.py
[2024-08-25T07:16:39.656+0000] {logging_mixin.py:190} INFO - [2024-08-25T07:16:39.656+0000] {dag.py:3211} INFO - Sync 1 DAGs
[2024-08-25T07:16:39.678+0000] {logging_mixin.py:190} INFO - [2024-08-25T07:16:39.678+0000] {dag.py:4138} INFO - Setting next_dagrun for dag_with_taskflow_api_v1 to 2024-08-25 00:00:00+00:00, run_after=2024-08-26 00:00:00+00:00
[2024-08-25T07:16:39.695+0000] {processor.py:208} INFO - Processing /opt/airflow/dags/dag_with_taskflow_api.py took 0.095 seconds
[2024-08-25T07:17:10.222+0000] {processor.py:186} INFO - Started process (PID=748) to work on /opt/airflow/dags/dag_with_taskflow_api.py
[2024-08-25T07:17:10.222+0000] {processor.py:914} INFO - Processing file /opt/airflow/dags/dag_with_taskflow_api.py for tasks to queue
[2024-08-25T07:17:10.225+0000] {logging_mixin.py:190} INFO - [2024-08-25T07:17:10.225+0000] {dagbag.py:587} INFO - Filling up the DagBag from /opt/airflow/dags/dag_with_taskflow_api.py
[2024-08-25T07:17:10.256+0000] {processor.py:925} INFO - DAG(s) 'dag_with_taskflow_api_v1' retrieved from /opt/airflow/dags/dag_with_taskflow_api.py
[2024-08-25T07:17:10.278+0000] {logging_mixin.py:190} INFO - [2024-08-25T07:17:10.278+0000] {dag.py:3211} INFO - Sync 1 DAGs
[2024-08-25T07:17:10.296+0000] {logging_mixin.py:190} INFO - [2024-08-25T07:17:10.296+0000] {dag.py:4138} INFO - Setting next_dagrun for dag_with_taskflow_api_v1 to 2024-08-25 00:00:00+00:00, run_after=2024-08-26 00:00:00+00:00
[2024-08-25T07:17:10.310+0000] {processor.py:208} INFO - Processing /opt/airflow/dags/dag_with_taskflow_api.py took 0.094 seconds
[2024-08-25T07:17:40.767+0000] {processor.py:186} INFO - Started process (PID=757) to work on /opt/airflow/dags/dag_with_taskflow_api.py
[2024-08-25T07:17:40.768+0000] {processor.py:914} INFO - Processing file /opt/airflow/dags/dag_with_taskflow_api.py for tasks to queue
[2024-08-25T07:17:40.770+0000] {logging_mixin.py:190} INFO - [2024-08-25T07:17:40.769+0000] {dagbag.py:587} INFO - Filling up the DagBag from /opt/airflow/dags/dag_with_taskflow_api.py
[2024-08-25T07:17:40.783+0000] {processor.py:925} INFO - DAG(s) 'dag_with_taskflow_api_v1' retrieved from /opt/airflow/dags/dag_with_taskflow_api.py
[2024-08-25T07:17:40.807+0000] {logging_mixin.py:190} INFO - [2024-08-25T07:17:40.807+0000] {dag.py:3211} INFO - Sync 1 DAGs
[2024-08-25T07:17:40.826+0000] {logging_mixin.py:190} INFO - [2024-08-25T07:17:40.826+0000] {dag.py:4138} INFO - Setting next_dagrun for dag_with_taskflow_api_v1 to 2024-08-25 00:00:00+00:00, run_after=2024-08-26 00:00:00+00:00
[2024-08-25T07:17:40.852+0000] {processor.py:208} INFO - Processing /opt/airflow/dags/dag_with_taskflow_api.py took 0.090 seconds
[2024-08-25T07:18:11.332+0000] {processor.py:186} INFO - Started process (PID=766) to work on /opt/airflow/dags/dag_with_taskflow_api.py
[2024-08-25T07:18:11.333+0000] {processor.py:914} INFO - Processing file /opt/airflow/dags/dag_with_taskflow_api.py for tasks to queue
[2024-08-25T07:18:11.335+0000] {logging_mixin.py:190} INFO - [2024-08-25T07:18:11.335+0000] {dagbag.py:587} INFO - Filling up the DagBag from /opt/airflow/dags/dag_with_taskflow_api.py
[2024-08-25T07:18:11.349+0000] {processor.py:925} INFO - DAG(s) 'dag_with_taskflow_api_v1' retrieved from /opt/airflow/dags/dag_with_taskflow_api.py
[2024-08-25T07:18:11.370+0000] {logging_mixin.py:190} INFO - [2024-08-25T07:18:11.369+0000] {dag.py:3211} INFO - Sync 1 DAGs
[2024-08-25T07:18:11.388+0000] {logging_mixin.py:190} INFO - [2024-08-25T07:18:11.388+0000] {dag.py:4138} INFO - Setting next_dagrun for dag_with_taskflow_api_v1 to 2024-08-25 00:00:00+00:00, run_after=2024-08-26 00:00:00+00:00
[2024-08-25T07:18:11.411+0000] {processor.py:208} INFO - Processing /opt/airflow/dags/dag_with_taskflow_api.py took 0.085 seconds
[2024-08-25T07:18:41.827+0000] {processor.py:186} INFO - Started process (PID=781) to work on /opt/airflow/dags/dag_with_taskflow_api.py
[2024-08-25T07:18:41.828+0000] {processor.py:914} INFO - Processing file /opt/airflow/dags/dag_with_taskflow_api.py for tasks to queue
[2024-08-25T07:18:41.831+0000] {logging_mixin.py:190} INFO - [2024-08-25T07:18:41.830+0000] {dagbag.py:587} INFO - Filling up the DagBag from /opt/airflow/dags/dag_with_taskflow_api.py
[2024-08-25T07:18:41.847+0000] {processor.py:925} INFO - DAG(s) 'dag_with_taskflow_api_v1' retrieved from /opt/airflow/dags/dag_with_taskflow_api.py
[2024-08-25T07:18:41.871+0000] {logging_mixin.py:190} INFO - [2024-08-25T07:18:41.870+0000] {dag.py:3211} INFO - Sync 1 DAGs
[2024-08-25T07:18:41.891+0000] {logging_mixin.py:190} INFO - [2024-08-25T07:18:41.891+0000] {dag.py:4138} INFO - Setting next_dagrun for dag_with_taskflow_api_v1 to 2024-08-25 00:00:00+00:00, run_after=2024-08-26 00:00:00+00:00
[2024-08-25T07:18:41.910+0000] {processor.py:208} INFO - Processing /opt/airflow/dags/dag_with_taskflow_api.py took 0.088 seconds
[2024-08-25T07:19:12.377+0000] {processor.py:186} INFO - Started process (PID=790) to work on /opt/airflow/dags/dag_with_taskflow_api.py
[2024-08-25T07:19:12.378+0000] {processor.py:914} INFO - Processing file /opt/airflow/dags/dag_with_taskflow_api.py for tasks to queue
[2024-08-25T07:19:12.380+0000] {logging_mixin.py:190} INFO - [2024-08-25T07:19:12.380+0000] {dagbag.py:587} INFO - Filling up the DagBag from /opt/airflow/dags/dag_with_taskflow_api.py
[2024-08-25T07:19:12.394+0000] {processor.py:925} INFO - DAG(s) 'dag_with_taskflow_api_v1' retrieved from /opt/airflow/dags/dag_with_taskflow_api.py
[2024-08-25T07:19:12.413+0000] {logging_mixin.py:190} INFO - [2024-08-25T07:19:12.413+0000] {dag.py:3211} INFO - Sync 1 DAGs
[2024-08-25T07:19:12.432+0000] {logging_mixin.py:190} INFO - [2024-08-25T07:19:12.432+0000] {dag.py:4138} INFO - Setting next_dagrun for dag_with_taskflow_api_v1 to 2024-08-25 00:00:00+00:00, run_after=2024-08-26 00:00:00+00:00
[2024-08-25T07:19:12.454+0000] {processor.py:208} INFO - Processing /opt/airflow/dags/dag_with_taskflow_api.py took 0.083 seconds
[2024-08-25T07:19:42.908+0000] {processor.py:186} INFO - Started process (PID=799) to work on /opt/airflow/dags/dag_with_taskflow_api.py
[2024-08-25T07:19:42.909+0000] {processor.py:914} INFO - Processing file /opt/airflow/dags/dag_with_taskflow_api.py for tasks to queue
[2024-08-25T07:19:42.912+0000] {logging_mixin.py:190} INFO - [2024-08-25T07:19:42.911+0000] {dagbag.py:587} INFO - Filling up the DagBag from /opt/airflow/dags/dag_with_taskflow_api.py
[2024-08-25T07:19:42.933+0000] {processor.py:925} INFO - DAG(s) 'dag_with_taskflow_api_v1' retrieved from /opt/airflow/dags/dag_with_taskflow_api.py
[2024-08-25T07:19:42.957+0000] {logging_mixin.py:190} INFO - [2024-08-25T07:19:42.957+0000] {dag.py:3211} INFO - Sync 1 DAGs
[2024-08-25T07:19:42.977+0000] {logging_mixin.py:190} INFO - [2024-08-25T07:19:42.977+0000] {dag.py:4138} INFO - Setting next_dagrun for dag_with_taskflow_api_v1 to 2024-08-25 00:00:00+00:00, run_after=2024-08-26 00:00:00+00:00
[2024-08-25T07:19:43.003+0000] {processor.py:208} INFO - Processing /opt/airflow/dags/dag_with_taskflow_api.py took 0.100 seconds
[2024-08-25T07:20:13.454+0000] {processor.py:186} INFO - Started process (PID=808) to work on /opt/airflow/dags/dag_with_taskflow_api.py
[2024-08-25T07:20:13.455+0000] {processor.py:914} INFO - Processing file /opt/airflow/dags/dag_with_taskflow_api.py for tasks to queue
[2024-08-25T07:20:13.457+0000] {logging_mixin.py:190} INFO - [2024-08-25T07:20:13.456+0000] {dagbag.py:587} INFO - Filling up the DagBag from /opt/airflow/dags/dag_with_taskflow_api.py
[2024-08-25T07:20:13.471+0000] {processor.py:925} INFO - DAG(s) 'dag_with_taskflow_api_v1' retrieved from /opt/airflow/dags/dag_with_taskflow_api.py
[2024-08-25T07:20:13.494+0000] {logging_mixin.py:190} INFO - [2024-08-25T07:20:13.493+0000] {dag.py:3211} INFO - Sync 1 DAGs
[2024-08-25T07:20:13.515+0000] {logging_mixin.py:190} INFO - [2024-08-25T07:20:13.514+0000] {dag.py:4138} INFO - Setting next_dagrun for dag_with_taskflow_api_v1 to 2024-08-25 00:00:00+00:00, run_after=2024-08-26 00:00:00+00:00
[2024-08-25T07:20:13.530+0000] {processor.py:208} INFO - Processing /opt/airflow/dags/dag_with_taskflow_api.py took 0.080 seconds
[2024-08-25T07:20:43.992+0000] {processor.py:186} INFO - Started process (PID=817) to work on /opt/airflow/dags/dag_with_taskflow_api.py
[2024-08-25T07:20:43.993+0000] {processor.py:914} INFO - Processing file /opt/airflow/dags/dag_with_taskflow_api.py for tasks to queue
[2024-08-25T07:20:43.996+0000] {logging_mixin.py:190} INFO - [2024-08-25T07:20:43.996+0000] {dagbag.py:587} INFO - Filling up the DagBag from /opt/airflow/dags/dag_with_taskflow_api.py
[2024-08-25T07:20:44.028+0000] {processor.py:925} INFO - DAG(s) 'dag_with_taskflow_api_v1' retrieved from /opt/airflow/dags/dag_with_taskflow_api.py
[2024-08-25T07:20:44.053+0000] {logging_mixin.py:190} INFO - [2024-08-25T07:20:44.053+0000] {dag.py:3211} INFO - Sync 1 DAGs
[2024-08-25T07:20:44.072+0000] {logging_mixin.py:190} INFO - [2024-08-25T07:20:44.071+0000] {dag.py:4138} INFO - Setting next_dagrun for dag_with_taskflow_api_v1 to 2024-08-25 00:00:00+00:00, run_after=2024-08-26 00:00:00+00:00
[2024-08-25T07:20:44.093+0000] {processor.py:208} INFO - Processing /opt/airflow/dags/dag_with_taskflow_api.py took 0.107 seconds
[2024-08-25T07:21:14.561+0000] {processor.py:186} INFO - Started process (PID=826) to work on /opt/airflow/dags/dag_with_taskflow_api.py
[2024-08-25T07:21:14.562+0000] {processor.py:914} INFO - Processing file /opt/airflow/dags/dag_with_taskflow_api.py for tasks to queue
[2024-08-25T07:21:14.565+0000] {logging_mixin.py:190} INFO - [2024-08-25T07:21:14.564+0000] {dagbag.py:587} INFO - Filling up the DagBag from /opt/airflow/dags/dag_with_taskflow_api.py
[2024-08-25T07:21:14.578+0000] {processor.py:925} INFO - DAG(s) 'dag_with_taskflow_api_v1' retrieved from /opt/airflow/dags/dag_with_taskflow_api.py
[2024-08-25T07:21:14.597+0000] {logging_mixin.py:190} INFO - [2024-08-25T07:21:14.597+0000] {dag.py:3211} INFO - Sync 1 DAGs
[2024-08-25T07:21:14.616+0000] {logging_mixin.py:190} INFO - [2024-08-25T07:21:14.616+0000] {dag.py:4138} INFO - Setting next_dagrun for dag_with_taskflow_api_v1 to 2024-08-25 00:00:00+00:00, run_after=2024-08-26 00:00:00+00:00
[2024-08-25T07:21:14.638+0000] {processor.py:208} INFO - Processing /opt/airflow/dags/dag_with_taskflow_api.py took 0.082 seconds
[2024-08-25T07:21:45.038+0000] {processor.py:186} INFO - Started process (PID=835) to work on /opt/airflow/dags/dag_with_taskflow_api.py
[2024-08-25T07:21:45.040+0000] {processor.py:914} INFO - Processing file /opt/airflow/dags/dag_with_taskflow_api.py for tasks to queue
[2024-08-25T07:21:45.042+0000] {logging_mixin.py:190} INFO - [2024-08-25T07:21:45.042+0000] {dagbag.py:587} INFO - Filling up the DagBag from /opt/airflow/dags/dag_with_taskflow_api.py
[2024-08-25T07:21:45.074+0000] {processor.py:925} INFO - DAG(s) 'dag_with_taskflow_api_v1' retrieved from /opt/airflow/dags/dag_with_taskflow_api.py
[2024-08-25T07:21:45.096+0000] {logging_mixin.py:190} INFO - [2024-08-25T07:21:45.096+0000] {dag.py:3211} INFO - Sync 1 DAGs
[2024-08-25T07:21:45.117+0000] {logging_mixin.py:190} INFO - [2024-08-25T07:21:45.116+0000] {dag.py:4138} INFO - Setting next_dagrun for dag_with_taskflow_api_v1 to 2024-08-25 00:00:00+00:00, run_after=2024-08-26 00:00:00+00:00
[2024-08-25T07:21:45.135+0000] {processor.py:208} INFO - Processing /opt/airflow/dags/dag_with_taskflow_api.py took 0.101 seconds
[2024-08-25T07:22:15.665+0000] {processor.py:186} INFO - Started process (PID=844) to work on /opt/airflow/dags/dag_with_taskflow_api.py
[2024-08-25T07:22:15.666+0000] {processor.py:914} INFO - Processing file /opt/airflow/dags/dag_with_taskflow_api.py for tasks to queue
[2024-08-25T07:22:15.668+0000] {logging_mixin.py:190} INFO - [2024-08-25T07:22:15.668+0000] {dagbag.py:587} INFO - Filling up the DagBag from /opt/airflow/dags/dag_with_taskflow_api.py
[2024-08-25T07:22:15.693+0000] {processor.py:925} INFO - DAG(s) 'dag_with_taskflow_api_v1' retrieved from /opt/airflow/dags/dag_with_taskflow_api.py
[2024-08-25T07:22:15.715+0000] {logging_mixin.py:190} INFO - [2024-08-25T07:22:15.715+0000] {dag.py:3211} INFO - Sync 1 DAGs
[2024-08-25T07:22:15.739+0000] {logging_mixin.py:190} INFO - [2024-08-25T07:22:15.738+0000] {dag.py:4138} INFO - Setting next_dagrun for dag_with_taskflow_api_v1 to 2024-08-25 00:00:00+00:00, run_after=2024-08-26 00:00:00+00:00
[2024-08-25T07:22:15.765+0000] {processor.py:208} INFO - Processing /opt/airflow/dags/dag_with_taskflow_api.py took 0.105 seconds
[2024-08-25T07:22:46.240+0000] {processor.py:186} INFO - Started process (PID=853) to work on /opt/airflow/dags/dag_with_taskflow_api.py
[2024-08-25T07:22:46.241+0000] {processor.py:914} INFO - Processing file /opt/airflow/dags/dag_with_taskflow_api.py for tasks to queue
[2024-08-25T07:22:46.243+0000] {logging_mixin.py:190} INFO - [2024-08-25T07:22:46.243+0000] {dagbag.py:587} INFO - Filling up the DagBag from /opt/airflow/dags/dag_with_taskflow_api.py
[2024-08-25T07:22:46.259+0000] {processor.py:925} INFO - DAG(s) 'dag_with_taskflow_api_v1' retrieved from /opt/airflow/dags/dag_with_taskflow_api.py
[2024-08-25T07:22:46.285+0000] {logging_mixin.py:190} INFO - [2024-08-25T07:22:46.284+0000] {dag.py:3211} INFO - Sync 1 DAGs
[2024-08-25T07:22:46.303+0000] {logging_mixin.py:190} INFO - [2024-08-25T07:22:46.302+0000] {dag.py:4138} INFO - Setting next_dagrun for dag_with_taskflow_api_v1 to 2024-08-25 00:00:00+00:00, run_after=2024-08-26 00:00:00+00:00
[2024-08-25T07:22:46.320+0000] {processor.py:208} INFO - Processing /opt/airflow/dags/dag_with_taskflow_api.py took 0.085 seconds
[2024-08-25T07:23:16.768+0000] {processor.py:186} INFO - Started process (PID=862) to work on /opt/airflow/dags/dag_with_taskflow_api.py
[2024-08-25T07:23:16.770+0000] {processor.py:914} INFO - Processing file /opt/airflow/dags/dag_with_taskflow_api.py for tasks to queue
[2024-08-25T07:23:16.773+0000] {logging_mixin.py:190} INFO - [2024-08-25T07:23:16.772+0000] {dagbag.py:587} INFO - Filling up the DagBag from /opt/airflow/dags/dag_with_taskflow_api.py
[2024-08-25T07:23:16.806+0000] {processor.py:925} INFO - DAG(s) 'dag_with_taskflow_api_v1' retrieved from /opt/airflow/dags/dag_with_taskflow_api.py
[2024-08-25T07:23:16.826+0000] {logging_mixin.py:190} INFO - [2024-08-25T07:23:16.826+0000] {dag.py:3211} INFO - Sync 1 DAGs
[2024-08-25T07:23:16.845+0000] {logging_mixin.py:190} INFO - [2024-08-25T07:23:16.845+0000] {dag.py:4138} INFO - Setting next_dagrun for dag_with_taskflow_api_v1 to 2024-08-25 00:00:00+00:00, run_after=2024-08-26 00:00:00+00:00
[2024-08-25T07:23:16.859+0000] {processor.py:208} INFO - Processing /opt/airflow/dags/dag_with_taskflow_api.py took 0.097 seconds
[2024-08-25T07:23:47.265+0000] {processor.py:186} INFO - Started process (PID=871) to work on /opt/airflow/dags/dag_with_taskflow_api.py
[2024-08-25T07:23:47.266+0000] {processor.py:914} INFO - Processing file /opt/airflow/dags/dag_with_taskflow_api.py for tasks to queue
[2024-08-25T07:23:47.269+0000] {logging_mixin.py:190} INFO - [2024-08-25T07:23:47.268+0000] {dagbag.py:587} INFO - Filling up the DagBag from /opt/airflow/dags/dag_with_taskflow_api.py
[2024-08-25T07:23:47.286+0000] {processor.py:925} INFO - DAG(s) 'dag_with_taskflow_api_v1' retrieved from /opt/airflow/dags/dag_with_taskflow_api.py
[2024-08-25T07:23:47.308+0000] {logging_mixin.py:190} INFO - [2024-08-25T07:23:47.308+0000] {dag.py:3211} INFO - Sync 1 DAGs
[2024-08-25T07:23:47.326+0000] {logging_mixin.py:190} INFO - [2024-08-25T07:23:47.326+0000] {dag.py:4138} INFO - Setting next_dagrun for dag_with_taskflow_api_v1 to 2024-08-25 00:00:00+00:00, run_after=2024-08-26 00:00:00+00:00
[2024-08-25T07:23:47.348+0000] {processor.py:208} INFO - Processing /opt/airflow/dags/dag_with_taskflow_api.py took 0.087 seconds
[2024-08-25T07:24:17.818+0000] {processor.py:186} INFO - Started process (PID=880) to work on /opt/airflow/dags/dag_with_taskflow_api.py
[2024-08-25T07:24:17.819+0000] {processor.py:914} INFO - Processing file /opt/airflow/dags/dag_with_taskflow_api.py for tasks to queue
[2024-08-25T07:24:17.821+0000] {logging_mixin.py:190} INFO - [2024-08-25T07:24:17.821+0000] {dagbag.py:587} INFO - Filling up the DagBag from /opt/airflow/dags/dag_with_taskflow_api.py
[2024-08-25T07:24:17.834+0000] {processor.py:925} INFO - DAG(s) 'dag_with_taskflow_api_v1' retrieved from /opt/airflow/dags/dag_with_taskflow_api.py
[2024-08-25T07:24:17.856+0000] {logging_mixin.py:190} INFO - [2024-08-25T07:24:17.856+0000] {dag.py:3211} INFO - Sync 1 DAGs
[2024-08-25T07:24:17.874+0000] {logging_mixin.py:190} INFO - [2024-08-25T07:24:17.874+0000] {dag.py:4138} INFO - Setting next_dagrun for dag_with_taskflow_api_v1 to 2024-08-25 00:00:00+00:00, run_after=2024-08-26 00:00:00+00:00
[2024-08-25T07:24:17.898+0000] {processor.py:208} INFO - Processing /opt/airflow/dags/dag_with_taskflow_api.py took 0.084 seconds
[2024-08-25T07:24:48.432+0000] {processor.py:186} INFO - Started process (PID=889) to work on /opt/airflow/dags/dag_with_taskflow_api.py
[2024-08-25T07:24:48.433+0000] {processor.py:914} INFO - Processing file /opt/airflow/dags/dag_with_taskflow_api.py for tasks to queue
[2024-08-25T07:24:48.436+0000] {logging_mixin.py:190} INFO - [2024-08-25T07:24:48.435+0000] {dagbag.py:587} INFO - Filling up the DagBag from /opt/airflow/dags/dag_with_taskflow_api.py
[2024-08-25T07:24:48.463+0000] {processor.py:925} INFO - DAG(s) 'dag_with_taskflow_api_v1' retrieved from /opt/airflow/dags/dag_with_taskflow_api.py
[2024-08-25T07:24:48.486+0000] {logging_mixin.py:190} INFO - [2024-08-25T07:24:48.486+0000] {dag.py:3211} INFO - Sync 1 DAGs
[2024-08-25T07:24:48.505+0000] {logging_mixin.py:190} INFO - [2024-08-25T07:24:48.505+0000] {dag.py:4138} INFO - Setting next_dagrun for dag_with_taskflow_api_v1 to 2024-08-25 00:00:00+00:00, run_after=2024-08-26 00:00:00+00:00
[2024-08-25T07:24:48.533+0000] {processor.py:208} INFO - Processing /opt/airflow/dags/dag_with_taskflow_api.py took 0.108 seconds
[2024-08-25T07:25:19.010+0000] {processor.py:186} INFO - Started process (PID=898) to work on /opt/airflow/dags/dag_with_taskflow_api.py
[2024-08-25T07:25:19.012+0000] {processor.py:914} INFO - Processing file /opt/airflow/dags/dag_with_taskflow_api.py for tasks to queue
[2024-08-25T07:25:19.014+0000] {logging_mixin.py:190} INFO - [2024-08-25T07:25:19.014+0000] {dagbag.py:587} INFO - Filling up the DagBag from /opt/airflow/dags/dag_with_taskflow_api.py
[2024-08-25T07:25:19.047+0000] {processor.py:925} INFO - DAG(s) 'dag_with_taskflow_api_v1' retrieved from /opt/airflow/dags/dag_with_taskflow_api.py
[2024-08-25T07:25:19.070+0000] {logging_mixin.py:190} INFO - [2024-08-25T07:25:19.070+0000] {dag.py:3211} INFO - Sync 1 DAGs
[2024-08-25T07:25:19.088+0000] {logging_mixin.py:190} INFO - [2024-08-25T07:25:19.088+0000] {dag.py:4138} INFO - Setting next_dagrun for dag_with_taskflow_api_v1 to 2024-08-25 00:00:00+00:00, run_after=2024-08-26 00:00:00+00:00
[2024-08-25T07:25:19.113+0000] {processor.py:208} INFO - Processing /opt/airflow/dags/dag_with_taskflow_api.py took 0.107 seconds
[2024-08-25T07:25:49.599+0000] {processor.py:186} INFO - Started process (PID=907) to work on /opt/airflow/dags/dag_with_taskflow_api.py
[2024-08-25T07:25:49.600+0000] {processor.py:914} INFO - Processing file /opt/airflow/dags/dag_with_taskflow_api.py for tasks to queue
[2024-08-25T07:25:49.602+0000] {logging_mixin.py:190} INFO - [2024-08-25T07:25:49.602+0000] {dagbag.py:587} INFO - Filling up the DagBag from /opt/airflow/dags/dag_with_taskflow_api.py
[2024-08-25T07:25:49.624+0000] {processor.py:925} INFO - DAG(s) 'dag_with_taskflow_api_v1' retrieved from /opt/airflow/dags/dag_with_taskflow_api.py
[2024-08-25T07:25:49.653+0000] {logging_mixin.py:190} INFO - [2024-08-25T07:25:49.653+0000] {dag.py:3211} INFO - Sync 1 DAGs
[2024-08-25T07:25:49.686+0000] {logging_mixin.py:190} INFO - [2024-08-25T07:25:49.685+0000] {dag.py:4138} INFO - Setting next_dagrun for dag_with_taskflow_api_v1 to 2024-08-25 00:00:00+00:00, run_after=2024-08-26 00:00:00+00:00
[2024-08-25T07:25:49.715+0000] {processor.py:208} INFO - Processing /opt/airflow/dags/dag_with_taskflow_api.py took 0.122 seconds
[2024-08-25T07:26:20.176+0000] {processor.py:186} INFO - Started process (PID=916) to work on /opt/airflow/dags/dag_with_taskflow_api.py
[2024-08-25T07:26:20.177+0000] {processor.py:914} INFO - Processing file /opt/airflow/dags/dag_with_taskflow_api.py for tasks to queue
[2024-08-25T07:26:20.179+0000] {logging_mixin.py:190} INFO - [2024-08-25T07:26:20.179+0000] {dagbag.py:587} INFO - Filling up the DagBag from /opt/airflow/dags/dag_with_taskflow_api.py
[2024-08-25T07:26:20.198+0000] {processor.py:925} INFO - DAG(s) 'dag_with_taskflow_api_v1' retrieved from /opt/airflow/dags/dag_with_taskflow_api.py
[2024-08-25T07:26:20.221+0000] {logging_mixin.py:190} INFO - [2024-08-25T07:26:20.221+0000] {dag.py:3211} INFO - Sync 1 DAGs
[2024-08-25T07:26:20.256+0000] {logging_mixin.py:190} INFO - [2024-08-25T07:26:20.256+0000] {dag.py:4138} INFO - Setting next_dagrun for dag_with_taskflow_api_v1 to 2024-08-25 00:00:00+00:00, run_after=2024-08-26 00:00:00+00:00
[2024-08-25T07:26:20.277+0000] {processor.py:208} INFO - Processing /opt/airflow/dags/dag_with_taskflow_api.py took 0.106 seconds
[2024-08-25T07:26:50.725+0000] {processor.py:186} INFO - Started process (PID=925) to work on /opt/airflow/dags/dag_with_taskflow_api.py
[2024-08-25T07:26:50.726+0000] {processor.py:914} INFO - Processing file /opt/airflow/dags/dag_with_taskflow_api.py for tasks to queue
[2024-08-25T07:26:50.729+0000] {logging_mixin.py:190} INFO - [2024-08-25T07:26:50.728+0000] {dagbag.py:587} INFO - Filling up the DagBag from /opt/airflow/dags/dag_with_taskflow_api.py
[2024-08-25T07:26:50.749+0000] {processor.py:925} INFO - DAG(s) 'dag_with_taskflow_api_v1' retrieved from /opt/airflow/dags/dag_with_taskflow_api.py
[2024-08-25T07:26:50.776+0000] {logging_mixin.py:190} INFO - [2024-08-25T07:26:50.776+0000] {dag.py:3211} INFO - Sync 1 DAGs
[2024-08-25T07:26:50.801+0000] {logging_mixin.py:190} INFO - [2024-08-25T07:26:50.801+0000] {dag.py:4138} INFO - Setting next_dagrun for dag_with_taskflow_api_v1 to 2024-08-25 00:00:00+00:00, run_after=2024-08-26 00:00:00+00:00
[2024-08-25T07:26:50.819+0000] {processor.py:208} INFO - Processing /opt/airflow/dags/dag_with_taskflow_api.py took 0.098 seconds
[2024-08-25T07:27:21.323+0000] {processor.py:186} INFO - Started process (PID=934) to work on /opt/airflow/dags/dag_with_taskflow_api.py
[2024-08-25T07:27:21.325+0000] {processor.py:914} INFO - Processing file /opt/airflow/dags/dag_with_taskflow_api.py for tasks to queue
[2024-08-25T07:27:21.326+0000] {logging_mixin.py:190} INFO - [2024-08-25T07:27:21.326+0000] {dagbag.py:587} INFO - Filling up the DagBag from /opt/airflow/dags/dag_with_taskflow_api.py
[2024-08-25T07:27:21.339+0000] {processor.py:925} INFO - DAG(s) 'dag_with_taskflow_api_v1' retrieved from /opt/airflow/dags/dag_with_taskflow_api.py
[2024-08-25T07:27:21.358+0000] {logging_mixin.py:190} INFO - [2024-08-25T07:27:21.358+0000] {dag.py:3211} INFO - Sync 1 DAGs
[2024-08-25T07:27:21.376+0000] {logging_mixin.py:190} INFO - [2024-08-25T07:27:21.376+0000] {dag.py:4138} INFO - Setting next_dagrun for dag_with_taskflow_api_v1 to 2024-08-25 00:00:00+00:00, run_after=2024-08-26 00:00:00+00:00
[2024-08-25T07:27:21.398+0000] {processor.py:208} INFO - Processing /opt/airflow/dags/dag_with_taskflow_api.py took 0.081 seconds
[2024-08-25T07:27:51.872+0000] {processor.py:186} INFO - Started process (PID=944) to work on /opt/airflow/dags/dag_with_taskflow_api.py
[2024-08-25T07:27:51.874+0000] {processor.py:914} INFO - Processing file /opt/airflow/dags/dag_with_taskflow_api.py for tasks to queue
[2024-08-25T07:27:51.876+0000] {logging_mixin.py:190} INFO - [2024-08-25T07:27:51.876+0000] {dagbag.py:587} INFO - Filling up the DagBag from /opt/airflow/dags/dag_with_taskflow_api.py
[2024-08-25T07:27:51.907+0000] {processor.py:925} INFO - DAG(s) 'dag_with_taskflow_api_v1' retrieved from /opt/airflow/dags/dag_with_taskflow_api.py
[2024-08-25T07:27:51.936+0000] {logging_mixin.py:190} INFO - [2024-08-25T07:27:51.935+0000] {dag.py:3211} INFO - Sync 1 DAGs
[2024-08-25T07:27:51.961+0000] {logging_mixin.py:190} INFO - [2024-08-25T07:27:51.961+0000] {dag.py:4138} INFO - Setting next_dagrun for dag_with_taskflow_api_v1 to 2024-08-25 00:00:00+00:00, run_after=2024-08-26 00:00:00+00:00
[2024-08-25T07:27:51.991+0000] {processor.py:208} INFO - Processing /opt/airflow/dags/dag_with_taskflow_api.py took 0.126 seconds
