[2024-08-25T09:12:20.113+0000] {processor.py:186} INFO - Started process (PID=2923) to work on /opt/airflow/dags/dag_with_cron_expression.py
[2024-08-25T09:12:20.115+0000] {processor.py:914} INFO - Processing file /opt/airflow/dags/dag_with_cron_expression.py for tasks to queue
[2024-08-25T09:12:20.116+0000] {logging_mixin.py:190} INFO - [2024-08-25T09:12:20.116+0000] {dagbag.py:587} INFO - Filling up the DagBag from /opt/airflow/dags/dag_with_cron_expression.py
[2024-08-25T09:12:20.204+0000] {processor.py:925} INFO - DAG(s) 'dag_with_cron_expression_v1' retrieved from /opt/airflow/dags/dag_with_cron_expression.py
[2024-08-25T09:12:20.435+0000] {logging_mixin.py:190} INFO - [2024-08-25T09:12:20.435+0000] {override.py:1858} INFO - Created Permission View: can edit on DAG:dag_with_cron_expression_v1
[2024-08-25T09:12:20.448+0000] {logging_mixin.py:190} INFO - [2024-08-25T09:12:20.447+0000] {override.py:1858} INFO - Created Permission View: can delete on DAG:dag_with_cron_expression_v1
[2024-08-25T09:12:20.458+0000] {logging_mixin.py:190} INFO - [2024-08-25T09:12:20.457+0000] {override.py:1858} INFO - Created Permission View: can read on DAG:dag_with_cron_expression_v1
[2024-08-25T09:12:20.459+0000] {logging_mixin.py:190} INFO - [2024-08-25T09:12:20.459+0000] {dag.py:3211} INFO - Sync 1 DAGs
[2024-08-25T09:12:20.472+0000] {logging_mixin.py:190} INFO - [2024-08-25T09:12:20.472+0000] {dag.py:3234} INFO - Creating ORM DAG for dag_with_cron_expression_v1
[2024-08-25T09:12:20.485+0000] {logging_mixin.py:190} INFO - [2024-08-25T09:12:20.485+0000] {dag.py:4138} INFO - Setting next_dagrun for dag_with_cron_expression_v1 to 2024-08-20 00:00:00+00:00, run_after=2024-08-21 00:00:00+00:00
[2024-08-25T09:12:20.519+0000] {processor.py:208} INFO - Processing /opt/airflow/dags/dag_with_cron_expression.py took 0.411 seconds
[2024-08-25T09:12:51.112+0000] {processor.py:186} INFO - Started process (PID=2940) to work on /opt/airflow/dags/dag_with_cron_expression.py
[2024-08-25T09:12:51.113+0000] {processor.py:914} INFO - Processing file /opt/airflow/dags/dag_with_cron_expression.py for tasks to queue
[2024-08-25T09:12:51.114+0000] {logging_mixin.py:190} INFO - [2024-08-25T09:12:51.114+0000] {dagbag.py:587} INFO - Filling up the DagBag from /opt/airflow/dags/dag_with_cron_expression.py
[2024-08-25T09:12:51.146+0000] {processor.py:925} INFO - DAG(s) 'dag_with_cron_expression_v1' retrieved from /opt/airflow/dags/dag_with_cron_expression.py
[2024-08-25T09:12:51.180+0000] {logging_mixin.py:190} INFO - [2024-08-25T09:12:51.179+0000] {dag.py:3211} INFO - Sync 1 DAGs
[2024-08-25T09:12:51.210+0000] {logging_mixin.py:190} INFO - [2024-08-25T09:12:51.209+0000] {dag.py:4138} INFO - Setting next_dagrun for dag_with_cron_expression_v1 to 2024-08-20 00:00:00+00:00, run_after=2024-08-21 00:00:00+00:00
[2024-08-25T09:12:51.241+0000] {processor.py:208} INFO - Processing /opt/airflow/dags/dag_with_cron_expression.py took 0.136 seconds
[2024-08-25T09:13:12.772+0000] {processor.py:186} INFO - Started process (PID=2943) to work on /opt/airflow/dags/dag_with_cron_expression.py
[2024-08-25T09:13:12.774+0000] {processor.py:914} INFO - Processing file /opt/airflow/dags/dag_with_cron_expression.py for tasks to queue
[2024-08-25T09:13:12.775+0000] {logging_mixin.py:190} INFO - [2024-08-25T09:13:12.775+0000] {dagbag.py:587} INFO - Filling up the DagBag from /opt/airflow/dags/dag_with_cron_expression.py
[2024-08-25T09:13:12.850+0000] {processor.py:925} INFO - DAG(s) 'dag_with_cron_expression_v1' retrieved from /opt/airflow/dags/dag_with_cron_expression.py
[2024-08-25T09:13:12.882+0000] {logging_mixin.py:190} INFO - [2024-08-25T09:13:12.881+0000] {dag.py:3211} INFO - Sync 1 DAGs
[2024-08-25T09:13:12.907+0000] {logging_mixin.py:190} INFO - [2024-08-25T09:13:12.906+0000] {dag.py:4138} INFO - Setting next_dagrun for dag_with_cron_expression_v1 to 2024-08-20 00:00:00+00:00, run_after=2024-08-21 00:00:00+00:00
[2024-08-25T09:13:12.942+0000] {processor.py:208} INFO - Processing /opt/airflow/dags/dag_with_cron_expression.py took 0.177 seconds
[2024-08-25T09:13:43.025+0000] {processor.py:186} INFO - Started process (PID=2954) to work on /opt/airflow/dags/dag_with_cron_expression.py
[2024-08-25T09:13:43.026+0000] {processor.py:914} INFO - Processing file /opt/airflow/dags/dag_with_cron_expression.py for tasks to queue
[2024-08-25T09:13:43.028+0000] {logging_mixin.py:190} INFO - [2024-08-25T09:13:43.027+0000] {dagbag.py:587} INFO - Filling up the DagBag from /opt/airflow/dags/dag_with_cron_expression.py
[2024-08-25T09:13:43.063+0000] {processor.py:925} INFO - DAG(s) 'dag_with_cron_expression_v1' retrieved from /opt/airflow/dags/dag_with_cron_expression.py
[2024-08-25T09:13:43.091+0000] {logging_mixin.py:190} INFO - [2024-08-25T09:13:43.091+0000] {dag.py:3211} INFO - Sync 1 DAGs
[2024-08-25T09:13:43.115+0000] {logging_mixin.py:190} INFO - [2024-08-25T09:13:43.115+0000] {dag.py:4138} INFO - Setting next_dagrun for dag_with_cron_expression_v1 to 2024-08-25 00:00:00+00:00, run_after=2024-08-26 00:00:00+00:00
[2024-08-25T09:13:43.139+0000] {processor.py:208} INFO - Processing /opt/airflow/dags/dag_with_cron_expression.py took 0.120 seconds
[2024-08-25T09:14:13.256+0000] {processor.py:186} INFO - Started process (PID=2965) to work on /opt/airflow/dags/dag_with_cron_expression.py
[2024-08-25T09:14:13.258+0000] {processor.py:914} INFO - Processing file /opt/airflow/dags/dag_with_cron_expression.py for tasks to queue
[2024-08-25T09:14:13.260+0000] {logging_mixin.py:190} INFO - [2024-08-25T09:14:13.259+0000] {dagbag.py:587} INFO - Filling up the DagBag from /opt/airflow/dags/dag_with_cron_expression.py
[2024-08-25T09:14:13.299+0000] {processor.py:925} INFO - DAG(s) 'dag_with_cron_expression_v1' retrieved from /opt/airflow/dags/dag_with_cron_expression.py
[2024-08-25T09:14:13.334+0000] {logging_mixin.py:190} INFO - [2024-08-25T09:14:13.333+0000] {dag.py:3211} INFO - Sync 1 DAGs
[2024-08-25T09:14:13.362+0000] {logging_mixin.py:190} INFO - [2024-08-25T09:14:13.361+0000] {dag.py:4138} INFO - Setting next_dagrun for dag_with_cron_expression_v1 to 2024-08-25 00:00:00+00:00, run_after=2024-08-26 00:00:00+00:00
[2024-08-25T09:14:13.392+0000] {processor.py:208} INFO - Processing /opt/airflow/dags/dag_with_cron_expression.py took 0.143 seconds
[2024-08-25T09:14:44.113+0000] {processor.py:186} INFO - Started process (PID=2976) to work on /opt/airflow/dags/dag_with_cron_expression.py
[2024-08-25T09:14:44.115+0000] {processor.py:914} INFO - Processing file /opt/airflow/dags/dag_with_cron_expression.py for tasks to queue
[2024-08-25T09:14:44.117+0000] {logging_mixin.py:190} INFO - [2024-08-25T09:14:44.116+0000] {dagbag.py:587} INFO - Filling up the DagBag from /opt/airflow/dags/dag_with_cron_expression.py
[2024-08-25T09:14:44.163+0000] {processor.py:925} INFO - DAG(s) 'dag_with_cron_expression_v1' retrieved from /opt/airflow/dags/dag_with_cron_expression.py
[2024-08-25T09:14:44.186+0000] {logging_mixin.py:190} INFO - [2024-08-25T09:14:44.186+0000] {dag.py:3211} INFO - Sync 1 DAGs
[2024-08-25T09:14:44.205+0000] {logging_mixin.py:190} INFO - [2024-08-25T09:14:44.205+0000] {dag.py:4138} INFO - Setting next_dagrun for dag_with_cron_expression_v1 to 2024-08-25 00:00:00+00:00, run_after=2024-08-26 00:00:00+00:00
[2024-08-25T09:14:44.230+0000] {processor.py:208} INFO - Processing /opt/airflow/dags/dag_with_cron_expression.py took 0.121 seconds
[2024-08-25T09:15:14.395+0000] {processor.py:186} INFO - Started process (PID=2987) to work on /opt/airflow/dags/dag_with_cron_expression.py
[2024-08-25T09:15:14.396+0000] {processor.py:914} INFO - Processing file /opt/airflow/dags/dag_with_cron_expression.py for tasks to queue
[2024-08-25T09:15:14.398+0000] {logging_mixin.py:190} INFO - [2024-08-25T09:15:14.398+0000] {dagbag.py:587} INFO - Filling up the DagBag from /opt/airflow/dags/dag_with_cron_expression.py
[2024-08-25T09:15:14.437+0000] {processor.py:925} INFO - DAG(s) 'dag_with_cron_expression_v1' retrieved from /opt/airflow/dags/dag_with_cron_expression.py
[2024-08-25T09:15:14.461+0000] {logging_mixin.py:190} INFO - [2024-08-25T09:15:14.461+0000] {dag.py:3211} INFO - Sync 1 DAGs
[2024-08-25T09:15:14.502+0000] {logging_mixin.py:190} INFO - [2024-08-25T09:15:14.501+0000] {dag.py:4138} INFO - Setting next_dagrun for dag_with_cron_expression_v1 to 2024-08-25 00:00:00+00:00, run_after=2024-08-26 00:00:00+00:00
[2024-08-25T09:15:14.536+0000] {processor.py:208} INFO - Processing /opt/airflow/dags/dag_with_cron_expression.py took 0.145 seconds
[2024-08-25T09:15:45.591+0000] {processor.py:186} INFO - Started process (PID=2998) to work on /opt/airflow/dags/dag_with_cron_expression.py
[2024-08-25T09:15:45.592+0000] {processor.py:914} INFO - Processing file /opt/airflow/dags/dag_with_cron_expression.py for tasks to queue
[2024-08-25T09:15:45.594+0000] {logging_mixin.py:190} INFO - [2024-08-25T09:15:45.594+0000] {dagbag.py:587} INFO - Filling up the DagBag from /opt/airflow/dags/dag_with_cron_expression.py
[2024-08-25T09:15:45.638+0000] {processor.py:925} INFO - DAG(s) 'dag_with_cron_expression_v1' retrieved from /opt/airflow/dags/dag_with_cron_expression.py
[2024-08-25T09:15:45.661+0000] {logging_mixin.py:190} INFO - [2024-08-25T09:15:45.661+0000] {dag.py:3211} INFO - Sync 1 DAGs
[2024-08-25T09:15:45.681+0000] {logging_mixin.py:190} INFO - [2024-08-25T09:15:45.681+0000] {dag.py:4138} INFO - Setting next_dagrun for dag_with_cron_expression_v1 to 2024-08-25 00:00:00+00:00, run_after=2024-08-26 00:00:00+00:00
[2024-08-25T09:15:45.708+0000] {processor.py:208} INFO - Processing /opt/airflow/dags/dag_with_cron_expression.py took 0.121 seconds
[2024-08-25T09:16:15.814+0000] {processor.py:186} INFO - Started process (PID=3009) to work on /opt/airflow/dags/dag_with_cron_expression.py
[2024-08-25T09:16:15.816+0000] {processor.py:914} INFO - Processing file /opt/airflow/dags/dag_with_cron_expression.py for tasks to queue
[2024-08-25T09:16:15.817+0000] {logging_mixin.py:190} INFO - [2024-08-25T09:16:15.817+0000] {dagbag.py:587} INFO - Filling up the DagBag from /opt/airflow/dags/dag_with_cron_expression.py
[2024-08-25T09:16:15.845+0000] {processor.py:925} INFO - DAG(s) 'dag_with_cron_expression_v1' retrieved from /opt/airflow/dags/dag_with_cron_expression.py
[2024-08-25T09:16:15.871+0000] {logging_mixin.py:190} INFO - [2024-08-25T09:16:15.870+0000] {dag.py:3211} INFO - Sync 1 DAGs
[2024-08-25T09:16:15.893+0000] {logging_mixin.py:190} INFO - [2024-08-25T09:16:15.893+0000] {dag.py:4138} INFO - Setting next_dagrun for dag_with_cron_expression_v1 to 2024-08-25 00:00:00+00:00, run_after=2024-08-26 00:00:00+00:00
[2024-08-25T09:16:15.915+0000] {processor.py:208} INFO - Processing /opt/airflow/dags/dag_with_cron_expression.py took 0.107 seconds
[2024-08-25T09:16:46.036+0000] {processor.py:186} INFO - Started process (PID=3020) to work on /opt/airflow/dags/dag_with_cron_expression.py
[2024-08-25T09:16:46.038+0000] {processor.py:914} INFO - Processing file /opt/airflow/dags/dag_with_cron_expression.py for tasks to queue
[2024-08-25T09:16:46.040+0000] {logging_mixin.py:190} INFO - [2024-08-25T09:16:46.039+0000] {dagbag.py:587} INFO - Filling up the DagBag from /opt/airflow/dags/dag_with_cron_expression.py
[2024-08-25T09:16:46.088+0000] {processor.py:925} INFO - DAG(s) 'dag_with_cron_expression_v1' retrieved from /opt/airflow/dags/dag_with_cron_expression.py
[2024-08-25T09:16:46.112+0000] {logging_mixin.py:190} INFO - [2024-08-25T09:16:46.112+0000] {dag.py:3211} INFO - Sync 1 DAGs
[2024-08-25T09:16:46.131+0000] {logging_mixin.py:190} INFO - [2024-08-25T09:16:46.131+0000] {dag.py:4138} INFO - Setting next_dagrun for dag_with_cron_expression_v1 to 2024-08-25 00:00:00+00:00, run_after=2024-08-26 00:00:00+00:00
[2024-08-25T09:16:46.153+0000] {processor.py:208} INFO - Processing /opt/airflow/dags/dag_with_cron_expression.py took 0.122 seconds
[2024-08-25T09:17:16.237+0000] {processor.py:186} INFO - Started process (PID=3030) to work on /opt/airflow/dags/dag_with_cron_expression.py
[2024-08-25T09:17:16.239+0000] {processor.py:914} INFO - Processing file /opt/airflow/dags/dag_with_cron_expression.py for tasks to queue
[2024-08-25T09:17:16.241+0000] {logging_mixin.py:190} INFO - [2024-08-25T09:17:16.240+0000] {dagbag.py:587} INFO - Filling up the DagBag from /opt/airflow/dags/dag_with_cron_expression.py
[2024-08-25T09:17:16.288+0000] {processor.py:925} INFO - DAG(s) 'dag_with_cron_expression_v1' retrieved from /opt/airflow/dags/dag_with_cron_expression.py
[2024-08-25T09:17:16.313+0000] {logging_mixin.py:190} INFO - [2024-08-25T09:17:16.313+0000] {dag.py:3211} INFO - Sync 1 DAGs
[2024-08-25T09:17:16.333+0000] {logging_mixin.py:190} INFO - [2024-08-25T09:17:16.332+0000] {dag.py:4138} INFO - Setting next_dagrun for dag_with_cron_expression_v1 to 2024-08-25 00:00:00+00:00, run_after=2024-08-26 00:00:00+00:00
[2024-08-25T09:17:16.353+0000] {processor.py:208} INFO - Processing /opt/airflow/dags/dag_with_cron_expression.py took 0.124 seconds
[2024-08-25T09:17:46.481+0000] {processor.py:186} INFO - Started process (PID=3041) to work on /opt/airflow/dags/dag_with_cron_expression.py
[2024-08-25T09:17:46.483+0000] {processor.py:914} INFO - Processing file /opt/airflow/dags/dag_with_cron_expression.py for tasks to queue
[2024-08-25T09:17:46.484+0000] {logging_mixin.py:190} INFO - [2024-08-25T09:17:46.484+0000] {dagbag.py:587} INFO - Filling up the DagBag from /opt/airflow/dags/dag_with_cron_expression.py
[2024-08-25T09:17:46.535+0000] {processor.py:925} INFO - DAG(s) 'dag_with_cron_expression_v1' retrieved from /opt/airflow/dags/dag_with_cron_expression.py
[2024-08-25T09:17:46.560+0000] {logging_mixin.py:190} INFO - [2024-08-25T09:17:46.560+0000] {dag.py:3211} INFO - Sync 1 DAGs
[2024-08-25T09:17:46.584+0000] {logging_mixin.py:190} INFO - [2024-08-25T09:17:46.584+0000] {dag.py:4138} INFO - Setting next_dagrun for dag_with_cron_expression_v1 to 2024-08-25 00:00:00+00:00, run_after=2024-08-26 00:00:00+00:00
[2024-08-25T09:17:46.607+0000] {processor.py:208} INFO - Processing /opt/airflow/dags/dag_with_cron_expression.py took 0.130 seconds
[2024-08-25T09:18:16.752+0000] {processor.py:186} INFO - Started process (PID=3052) to work on /opt/airflow/dags/dag_with_cron_expression.py
[2024-08-25T09:18:16.754+0000] {processor.py:914} INFO - Processing file /opt/airflow/dags/dag_with_cron_expression.py for tasks to queue
[2024-08-25T09:18:16.757+0000] {logging_mixin.py:190} INFO - [2024-08-25T09:18:16.757+0000] {dagbag.py:587} INFO - Filling up the DagBag from /opt/airflow/dags/dag_with_cron_expression.py
[2024-08-25T09:18:16.795+0000] {processor.py:925} INFO - DAG(s) 'dag_with_cron_expression_v1' retrieved from /opt/airflow/dags/dag_with_cron_expression.py
[2024-08-25T09:18:16.830+0000] {logging_mixin.py:190} INFO - [2024-08-25T09:18:16.830+0000] {dag.py:3211} INFO - Sync 1 DAGs
[2024-08-25T09:18:16.861+0000] {logging_mixin.py:190} INFO - [2024-08-25T09:18:16.861+0000] {dag.py:4138} INFO - Setting next_dagrun for dag_with_cron_expression_v1 to 2024-08-25 00:00:00+00:00, run_after=2024-08-26 00:00:00+00:00
[2024-08-25T09:18:16.892+0000] {processor.py:208} INFO - Processing /opt/airflow/dags/dag_with_cron_expression.py took 0.147 seconds
[2024-08-25T09:18:47.274+0000] {processor.py:186} INFO - Started process (PID=3063) to work on /opt/airflow/dags/dag_with_cron_expression.py
[2024-08-25T09:18:47.276+0000] {processor.py:914} INFO - Processing file /opt/airflow/dags/dag_with_cron_expression.py for tasks to queue
[2024-08-25T09:18:47.278+0000] {logging_mixin.py:190} INFO - [2024-08-25T09:18:47.277+0000] {dagbag.py:587} INFO - Filling up the DagBag from /opt/airflow/dags/dag_with_cron_expression.py
[2024-08-25T09:18:47.311+0000] {processor.py:925} INFO - DAG(s) 'dag_with_cron_expression_v1' retrieved from /opt/airflow/dags/dag_with_cron_expression.py
[2024-08-25T09:18:47.342+0000] {logging_mixin.py:190} INFO - [2024-08-25T09:18:47.341+0000] {dag.py:3211} INFO - Sync 1 DAGs
[2024-08-25T09:18:47.370+0000] {logging_mixin.py:190} INFO - [2024-08-25T09:18:47.369+0000] {dag.py:4138} INFO - Setting next_dagrun for dag_with_cron_expression_v1 to 2024-08-25 00:00:00+00:00, run_after=2024-08-26 00:00:00+00:00
[2024-08-25T09:18:47.397+0000] {processor.py:208} INFO - Processing /opt/airflow/dags/dag_with_cron_expression.py took 0.133 seconds
[2024-08-25T09:19:12.146+0000] {processor.py:186} INFO - Started process (PID=3073) to work on /opt/airflow/dags/dag_with_cron_expression.py
[2024-08-25T09:19:12.147+0000] {processor.py:914} INFO - Processing file /opt/airflow/dags/dag_with_cron_expression.py for tasks to queue
[2024-08-25T09:19:12.149+0000] {logging_mixin.py:190} INFO - [2024-08-25T09:19:12.149+0000] {dagbag.py:587} INFO - Filling up the DagBag from /opt/airflow/dags/dag_with_cron_expression.py
[2024-08-25T09:19:12.213+0000] {processor.py:925} INFO - DAG(s) 'dag_with_cron_expression_v2' retrieved from /opt/airflow/dags/dag_with_cron_expression.py
[2024-08-25T09:19:12.359+0000] {logging_mixin.py:190} INFO - [2024-08-25T09:19:12.359+0000] {override.py:1858} INFO - Created Permission View: can edit on DAG:dag_with_cron_expression_v2
[2024-08-25T09:19:12.370+0000] {logging_mixin.py:190} INFO - [2024-08-25T09:19:12.370+0000] {override.py:1858} INFO - Created Permission View: can delete on DAG:dag_with_cron_expression_v2
[2024-08-25T09:19:12.380+0000] {logging_mixin.py:190} INFO - [2024-08-25T09:19:12.380+0000] {override.py:1858} INFO - Created Permission View: can read on DAG:dag_with_cron_expression_v2
[2024-08-25T09:19:12.381+0000] {logging_mixin.py:190} INFO - [2024-08-25T09:19:12.381+0000] {dag.py:3211} INFO - Sync 1 DAGs
[2024-08-25T09:19:12.397+0000] {logging_mixin.py:190} INFO - [2024-08-25T09:19:12.397+0000] {dag.py:3234} INFO - Creating ORM DAG for dag_with_cron_expression_v2
[2024-08-25T09:19:12.411+0000] {logging_mixin.py:190} INFO - [2024-08-25T09:19:12.410+0000] {dag.py:4138} INFO - Setting next_dagrun for dag_with_cron_expression_v2 to 2024-08-20 00:00:00+00:00, run_after=2024-08-21 00:00:00+00:00
[2024-08-25T09:19:12.433+0000] {processor.py:208} INFO - Processing /opt/airflow/dags/dag_with_cron_expression.py took 0.292 seconds
[2024-08-25T09:19:42.616+0000] {processor.py:186} INFO - Started process (PID=3083) to work on /opt/airflow/dags/dag_with_cron_expression.py
[2024-08-25T09:19:42.619+0000] {processor.py:914} INFO - Processing file /opt/airflow/dags/dag_with_cron_expression.py for tasks to queue
[2024-08-25T09:19:42.620+0000] {logging_mixin.py:190} INFO - [2024-08-25T09:19:42.620+0000] {dagbag.py:587} INFO - Filling up the DagBag from /opt/airflow/dags/dag_with_cron_expression.py
[2024-08-25T09:19:42.657+0000] {processor.py:925} INFO - DAG(s) 'dag_with_cron_expression_v2' retrieved from /opt/airflow/dags/dag_with_cron_expression.py
[2024-08-25T09:19:42.706+0000] {logging_mixin.py:190} INFO - [2024-08-25T09:19:42.706+0000] {dag.py:3211} INFO - Sync 1 DAGs
[2024-08-25T09:19:42.749+0000] {logging_mixin.py:190} INFO - [2024-08-25T09:19:42.749+0000] {dag.py:4138} INFO - Setting next_dagrun for dag_with_cron_expression_v2 to 2024-08-25 00:00:00+00:00, run_after=2024-08-26 00:00:00+00:00
[2024-08-25T09:19:42.781+0000] {processor.py:208} INFO - Processing /opt/airflow/dags/dag_with_cron_expression.py took 0.177 seconds
[2024-08-25T09:20:13.473+0000] {processor.py:186} INFO - Started process (PID=3094) to work on /opt/airflow/dags/dag_with_cron_expression.py
[2024-08-25T09:20:13.474+0000] {processor.py:914} INFO - Processing file /opt/airflow/dags/dag_with_cron_expression.py for tasks to queue
[2024-08-25T09:20:13.476+0000] {logging_mixin.py:190} INFO - [2024-08-25T09:20:13.476+0000] {dagbag.py:587} INFO - Filling up the DagBag from /opt/airflow/dags/dag_with_cron_expression.py
[2024-08-25T09:20:13.522+0000] {processor.py:925} INFO - DAG(s) 'dag_with_cron_expression_v2' retrieved from /opt/airflow/dags/dag_with_cron_expression.py
[2024-08-25T09:20:13.552+0000] {logging_mixin.py:190} INFO - [2024-08-25T09:20:13.552+0000] {dag.py:3211} INFO - Sync 1 DAGs
[2024-08-25T09:20:13.578+0000] {logging_mixin.py:190} INFO - [2024-08-25T09:20:13.578+0000] {dag.py:4138} INFO - Setting next_dagrun for dag_with_cron_expression_v2 to 2024-08-25 00:00:00+00:00, run_after=2024-08-26 00:00:00+00:00
[2024-08-25T09:20:13.604+0000] {processor.py:208} INFO - Processing /opt/airflow/dags/dag_with_cron_expression.py took 0.139 seconds
[2024-08-25T09:20:44.592+0000] {processor.py:186} INFO - Started process (PID=3105) to work on /opt/airflow/dags/dag_with_cron_expression.py
[2024-08-25T09:20:44.594+0000] {processor.py:914} INFO - Processing file /opt/airflow/dags/dag_with_cron_expression.py for tasks to queue
[2024-08-25T09:20:44.595+0000] {logging_mixin.py:190} INFO - [2024-08-25T09:20:44.595+0000] {dagbag.py:587} INFO - Filling up the DagBag from /opt/airflow/dags/dag_with_cron_expression.py
[2024-08-25T09:20:44.631+0000] {processor.py:925} INFO - DAG(s) 'dag_with_cron_expression_v2' retrieved from /opt/airflow/dags/dag_with_cron_expression.py
[2024-08-25T09:20:44.656+0000] {logging_mixin.py:190} INFO - [2024-08-25T09:20:44.655+0000] {dag.py:3211} INFO - Sync 1 DAGs
[2024-08-25T09:20:44.677+0000] {logging_mixin.py:190} INFO - [2024-08-25T09:20:44.676+0000] {dag.py:4138} INFO - Setting next_dagrun for dag_with_cron_expression_v2 to 2024-08-25 00:00:00+00:00, run_after=2024-08-26 00:00:00+00:00
[2024-08-25T09:20:44.700+0000] {processor.py:208} INFO - Processing /opt/airflow/dags/dag_with_cron_expression.py took 0.114 seconds
[2024-08-25T09:21:14.928+0000] {processor.py:186} INFO - Started process (PID=3116) to work on /opt/airflow/dags/dag_with_cron_expression.py
[2024-08-25T09:21:14.930+0000] {processor.py:914} INFO - Processing file /opt/airflow/dags/dag_with_cron_expression.py for tasks to queue
[2024-08-25T09:21:14.932+0000] {logging_mixin.py:190} INFO - [2024-08-25T09:21:14.932+0000] {dagbag.py:587} INFO - Filling up the DagBag from /opt/airflow/dags/dag_with_cron_expression.py
[2024-08-25T09:21:14.990+0000] {processor.py:925} INFO - DAG(s) 'dag_with_cron_expression_v2' retrieved from /opt/airflow/dags/dag_with_cron_expression.py
[2024-08-25T09:21:15.019+0000] {logging_mixin.py:190} INFO - [2024-08-25T09:21:15.019+0000] {dag.py:3211} INFO - Sync 1 DAGs
[2024-08-25T09:21:15.042+0000] {logging_mixin.py:190} INFO - [2024-08-25T09:21:15.042+0000] {dag.py:4138} INFO - Setting next_dagrun for dag_with_cron_expression_v2 to 2024-08-25 00:00:00+00:00, run_after=2024-08-26 00:00:00+00:00
[2024-08-25T09:21:15.064+0000] {processor.py:208} INFO - Processing /opt/airflow/dags/dag_with_cron_expression.py took 0.145 seconds
[2024-08-25T09:21:45.161+0000] {processor.py:186} INFO - Started process (PID=3127) to work on /opt/airflow/dags/dag_with_cron_expression.py
[2024-08-25T09:21:45.163+0000] {processor.py:914} INFO - Processing file /opt/airflow/dags/dag_with_cron_expression.py for tasks to queue
[2024-08-25T09:21:45.165+0000] {logging_mixin.py:190} INFO - [2024-08-25T09:21:45.165+0000] {dagbag.py:587} INFO - Filling up the DagBag from /opt/airflow/dags/dag_with_cron_expression.py
[2024-08-25T09:21:45.197+0000] {processor.py:925} INFO - DAG(s) 'dag_with_cron_expression_v2' retrieved from /opt/airflow/dags/dag_with_cron_expression.py
[2024-08-25T09:21:45.226+0000] {logging_mixin.py:190} INFO - [2024-08-25T09:21:45.226+0000] {dag.py:3211} INFO - Sync 1 DAGs
[2024-08-25T09:21:45.248+0000] {logging_mixin.py:190} INFO - [2024-08-25T09:21:45.247+0000] {dag.py:4138} INFO - Setting next_dagrun for dag_with_cron_expression_v2 to 2024-08-25 00:00:00+00:00, run_after=2024-08-26 00:00:00+00:00
[2024-08-25T09:21:45.269+0000] {processor.py:208} INFO - Processing /opt/airflow/dags/dag_with_cron_expression.py took 0.115 seconds
[2024-08-25T09:22:15.440+0000] {processor.py:186} INFO - Started process (PID=3138) to work on /opt/airflow/dags/dag_with_cron_expression.py
[2024-08-25T09:22:15.442+0000] {processor.py:914} INFO - Processing file /opt/airflow/dags/dag_with_cron_expression.py for tasks to queue
[2024-08-25T09:22:15.444+0000] {logging_mixin.py:190} INFO - [2024-08-25T09:22:15.444+0000] {dagbag.py:587} INFO - Filling up the DagBag from /opt/airflow/dags/dag_with_cron_expression.py
[2024-08-25T09:22:15.461+0000] {processor.py:925} INFO - DAG(s) 'dag_with_cron_expression_v2' retrieved from /opt/airflow/dags/dag_with_cron_expression.py
[2024-08-25T09:22:15.492+0000] {logging_mixin.py:190} INFO - [2024-08-25T09:22:15.491+0000] {dag.py:3211} INFO - Sync 1 DAGs
[2024-08-25T09:22:15.514+0000] {logging_mixin.py:190} INFO - [2024-08-25T09:22:15.514+0000] {dag.py:4138} INFO - Setting next_dagrun for dag_with_cron_expression_v2 to 2024-08-25 00:00:00+00:00, run_after=2024-08-26 00:00:00+00:00
[2024-08-25T09:22:15.535+0000] {processor.py:208} INFO - Processing /opt/airflow/dags/dag_with_cron_expression.py took 0.105 seconds
[2024-08-25T09:22:46.473+0000] {processor.py:186} INFO - Started process (PID=3149) to work on /opt/airflow/dags/dag_with_cron_expression.py
[2024-08-25T09:22:46.474+0000] {processor.py:914} INFO - Processing file /opt/airflow/dags/dag_with_cron_expression.py for tasks to queue
[2024-08-25T09:22:46.475+0000] {logging_mixin.py:190} INFO - [2024-08-25T09:22:46.475+0000] {dagbag.py:587} INFO - Filling up the DagBag from /opt/airflow/dags/dag_with_cron_expression.py
[2024-08-25T09:22:46.511+0000] {processor.py:925} INFO - DAG(s) 'dag_with_cron_expression_v2' retrieved from /opt/airflow/dags/dag_with_cron_expression.py
[2024-08-25T09:22:46.537+0000] {logging_mixin.py:190} INFO - [2024-08-25T09:22:46.537+0000] {dag.py:3211} INFO - Sync 1 DAGs
[2024-08-25T09:22:46.558+0000] {logging_mixin.py:190} INFO - [2024-08-25T09:22:46.557+0000] {dag.py:4138} INFO - Setting next_dagrun for dag_with_cron_expression_v2 to 2024-08-25 00:00:00+00:00, run_after=2024-08-26 00:00:00+00:00
[2024-08-25T09:22:46.583+0000] {processor.py:208} INFO - Processing /opt/airflow/dags/dag_with_cron_expression.py took 0.117 seconds
[2024-08-25T09:23:17.538+0000] {processor.py:186} INFO - Started process (PID=3160) to work on /opt/airflow/dags/dag_with_cron_expression.py
[2024-08-25T09:23:17.540+0000] {processor.py:914} INFO - Processing file /opt/airflow/dags/dag_with_cron_expression.py for tasks to queue
[2024-08-25T09:23:17.541+0000] {logging_mixin.py:190} INFO - [2024-08-25T09:23:17.541+0000] {dagbag.py:587} INFO - Filling up the DagBag from /opt/airflow/dags/dag_with_cron_expression.py
[2024-08-25T09:23:17.559+0000] {processor.py:925} INFO - DAG(s) 'dag_with_cron_expression_v2' retrieved from /opt/airflow/dags/dag_with_cron_expression.py
[2024-08-25T09:23:17.582+0000] {logging_mixin.py:190} INFO - [2024-08-25T09:23:17.582+0000] {dag.py:3211} INFO - Sync 1 DAGs
[2024-08-25T09:23:17.607+0000] {logging_mixin.py:190} INFO - [2024-08-25T09:23:17.607+0000] {dag.py:4138} INFO - Setting next_dagrun for dag_with_cron_expression_v2 to 2024-08-25 00:00:00+00:00, run_after=2024-08-26 00:00:00+00:00
[2024-08-25T09:23:17.631+0000] {processor.py:208} INFO - Processing /opt/airflow/dags/dag_with_cron_expression.py took 0.097 seconds
[2024-08-25T09:23:47.785+0000] {processor.py:186} INFO - Started process (PID=3171) to work on /opt/airflow/dags/dag_with_cron_expression.py
[2024-08-25T09:23:47.787+0000] {processor.py:914} INFO - Processing file /opt/airflow/dags/dag_with_cron_expression.py for tasks to queue
[2024-08-25T09:23:47.790+0000] {logging_mixin.py:190} INFO - [2024-08-25T09:23:47.789+0000] {dagbag.py:587} INFO - Filling up the DagBag from /opt/airflow/dags/dag_with_cron_expression.py
[2024-08-25T09:23:47.835+0000] {processor.py:925} INFO - DAG(s) 'dag_with_cron_expression_v2' retrieved from /opt/airflow/dags/dag_with_cron_expression.py
[2024-08-25T09:23:47.867+0000] {logging_mixin.py:190} INFO - [2024-08-25T09:23:47.866+0000] {dag.py:3211} INFO - Sync 1 DAGs
[2024-08-25T09:23:47.889+0000] {logging_mixin.py:190} INFO - [2024-08-25T09:23:47.888+0000] {dag.py:4138} INFO - Setting next_dagrun for dag_with_cron_expression_v2 to 2024-08-25 00:00:00+00:00, run_after=2024-08-26 00:00:00+00:00
[2024-08-25T09:23:47.911+0000] {processor.py:208} INFO - Processing /opt/airflow/dags/dag_with_cron_expression.py took 0.133 seconds
[2024-08-25T09:24:18.115+0000] {processor.py:186} INFO - Started process (PID=3182) to work on /opt/airflow/dags/dag_with_cron_expression.py
[2024-08-25T09:24:18.118+0000] {processor.py:914} INFO - Processing file /opt/airflow/dags/dag_with_cron_expression.py for tasks to queue
[2024-08-25T09:24:18.119+0000] {logging_mixin.py:190} INFO - [2024-08-25T09:24:18.119+0000] {dagbag.py:587} INFO - Filling up the DagBag from /opt/airflow/dags/dag_with_cron_expression.py
[2024-08-25T09:24:18.165+0000] {processor.py:925} INFO - DAG(s) 'dag_with_cron_expression_v2' retrieved from /opt/airflow/dags/dag_with_cron_expression.py
[2024-08-25T09:24:18.192+0000] {logging_mixin.py:190} INFO - [2024-08-25T09:24:18.191+0000] {dag.py:3211} INFO - Sync 1 DAGs
[2024-08-25T09:24:18.212+0000] {logging_mixin.py:190} INFO - [2024-08-25T09:24:18.212+0000] {dag.py:4138} INFO - Setting next_dagrun for dag_with_cron_expression_v2 to 2024-08-25 00:00:00+00:00, run_after=2024-08-26 00:00:00+00:00
[2024-08-25T09:24:18.237+0000] {processor.py:208} INFO - Processing /opt/airflow/dags/dag_with_cron_expression.py took 0.129 seconds
[2024-08-25T09:24:49.122+0000] {processor.py:186} INFO - Started process (PID=3193) to work on /opt/airflow/dags/dag_with_cron_expression.py
[2024-08-25T09:24:49.125+0000] {processor.py:914} INFO - Processing file /opt/airflow/dags/dag_with_cron_expression.py for tasks to queue
[2024-08-25T09:24:49.128+0000] {logging_mixin.py:190} INFO - [2024-08-25T09:24:49.126+0000] {dagbag.py:587} INFO - Filling up the DagBag from /opt/airflow/dags/dag_with_cron_expression.py
[2024-08-25T09:24:49.185+0000] {processor.py:925} INFO - DAG(s) 'dag_with_cron_expression_v2' retrieved from /opt/airflow/dags/dag_with_cron_expression.py
[2024-08-25T09:24:49.212+0000] {logging_mixin.py:190} INFO - [2024-08-25T09:24:49.212+0000] {dag.py:3211} INFO - Sync 1 DAGs
[2024-08-25T09:24:49.236+0000] {logging_mixin.py:190} INFO - [2024-08-25T09:24:49.236+0000] {dag.py:4138} INFO - Setting next_dagrun for dag_with_cron_expression_v2 to 2024-08-25 00:00:00+00:00, run_after=2024-08-26 00:00:00+00:00
[2024-08-25T09:24:49.257+0000] {processor.py:208} INFO - Processing /opt/airflow/dags/dag_with_cron_expression.py took 0.147 seconds
[2024-08-25T09:25:19.400+0000] {processor.py:186} INFO - Started process (PID=3204) to work on /opt/airflow/dags/dag_with_cron_expression.py
[2024-08-25T09:25:19.402+0000] {processor.py:914} INFO - Processing file /opt/airflow/dags/dag_with_cron_expression.py for tasks to queue
[2024-08-25T09:25:19.404+0000] {logging_mixin.py:190} INFO - [2024-08-25T09:25:19.403+0000] {dagbag.py:587} INFO - Filling up the DagBag from /opt/airflow/dags/dag_with_cron_expression.py
[2024-08-25T09:25:19.452+0000] {processor.py:925} INFO - DAG(s) 'dag_with_cron_expression_v2' retrieved from /opt/airflow/dags/dag_with_cron_expression.py
[2024-08-25T09:25:19.479+0000] {logging_mixin.py:190} INFO - [2024-08-25T09:25:19.479+0000] {dag.py:3211} INFO - Sync 1 DAGs
[2024-08-25T09:25:19.505+0000] {logging_mixin.py:190} INFO - [2024-08-25T09:25:19.505+0000] {dag.py:4138} INFO - Setting next_dagrun for dag_with_cron_expression_v2 to 2024-08-25 00:00:00+00:00, run_after=2024-08-26 00:00:00+00:00
[2024-08-25T09:25:19.536+0000] {processor.py:208} INFO - Processing /opt/airflow/dags/dag_with_cron_expression.py took 0.144 seconds
[2024-08-25T09:25:49.704+0000] {processor.py:186} INFO - Started process (PID=3215) to work on /opt/airflow/dags/dag_with_cron_expression.py
[2024-08-25T09:25:49.706+0000] {processor.py:914} INFO - Processing file /opt/airflow/dags/dag_with_cron_expression.py for tasks to queue
[2024-08-25T09:25:49.708+0000] {logging_mixin.py:190} INFO - [2024-08-25T09:25:49.708+0000] {dagbag.py:587} INFO - Filling up the DagBag from /opt/airflow/dags/dag_with_cron_expression.py
[2024-08-25T09:25:49.758+0000] {processor.py:925} INFO - DAG(s) 'dag_with_cron_expression_v2' retrieved from /opt/airflow/dags/dag_with_cron_expression.py
[2024-08-25T09:25:49.786+0000] {logging_mixin.py:190} INFO - [2024-08-25T09:25:49.786+0000] {dag.py:3211} INFO - Sync 1 DAGs
[2024-08-25T09:25:49.809+0000] {logging_mixin.py:190} INFO - [2024-08-25T09:25:49.809+0000] {dag.py:4138} INFO - Setting next_dagrun for dag_with_cron_expression_v2 to 2024-08-25 00:00:00+00:00, run_after=2024-08-26 00:00:00+00:00
[2024-08-25T09:25:49.844+0000] {processor.py:208} INFO - Processing /opt/airflow/dags/dag_with_cron_expression.py took 0.151 seconds
[2024-08-25T09:26:20.017+0000] {processor.py:186} INFO - Started process (PID=3226) to work on /opt/airflow/dags/dag_with_cron_expression.py
[2024-08-25T09:26:20.018+0000] {processor.py:914} INFO - Processing file /opt/airflow/dags/dag_with_cron_expression.py for tasks to queue
[2024-08-25T09:26:20.020+0000] {logging_mixin.py:190} INFO - [2024-08-25T09:26:20.020+0000] {dagbag.py:587} INFO - Filling up the DagBag from /opt/airflow/dags/dag_with_cron_expression.py
[2024-08-25T09:26:20.070+0000] {processor.py:925} INFO - DAG(s) 'dag_with_cron_expression_v2' retrieved from /opt/airflow/dags/dag_with_cron_expression.py
[2024-08-25T09:26:20.098+0000] {logging_mixin.py:190} INFO - [2024-08-25T09:26:20.097+0000] {dag.py:3211} INFO - Sync 1 DAGs
[2024-08-25T09:26:20.119+0000] {logging_mixin.py:190} INFO - [2024-08-25T09:26:20.118+0000] {dag.py:4138} INFO - Setting next_dagrun for dag_with_cron_expression_v2 to 2024-08-25 00:00:00+00:00, run_after=2024-08-26 00:00:00+00:00
[2024-08-25T09:26:20.145+0000] {processor.py:208} INFO - Processing /opt/airflow/dags/dag_with_cron_expression.py took 0.140 seconds
[2024-08-25T09:26:50.320+0000] {processor.py:186} INFO - Started process (PID=3237) to work on /opt/airflow/dags/dag_with_cron_expression.py
[2024-08-25T09:26:50.322+0000] {processor.py:914} INFO - Processing file /opt/airflow/dags/dag_with_cron_expression.py for tasks to queue
[2024-08-25T09:26:50.324+0000] {logging_mixin.py:190} INFO - [2024-08-25T09:26:50.323+0000] {dagbag.py:587} INFO - Filling up the DagBag from /opt/airflow/dags/dag_with_cron_expression.py
[2024-08-25T09:26:50.375+0000] {processor.py:925} INFO - DAG(s) 'dag_with_cron_expression_v2' retrieved from /opt/airflow/dags/dag_with_cron_expression.py
[2024-08-25T09:26:50.401+0000] {logging_mixin.py:190} INFO - [2024-08-25T09:26:50.400+0000] {dag.py:3211} INFO - Sync 1 DAGs
[2024-08-25T09:26:50.422+0000] {logging_mixin.py:190} INFO - [2024-08-25T09:26:50.422+0000] {dag.py:4138} INFO - Setting next_dagrun for dag_with_cron_expression_v2 to 2024-08-25 00:00:00+00:00, run_after=2024-08-26 00:00:00+00:00
[2024-08-25T09:26:50.454+0000] {processor.py:208} INFO - Processing /opt/airflow/dags/dag_with_cron_expression.py took 0.144 seconds
[2024-08-25T09:27:21.399+0000] {processor.py:186} INFO - Started process (PID=3248) to work on /opt/airflow/dags/dag_with_cron_expression.py
[2024-08-25T09:27:21.400+0000] {processor.py:914} INFO - Processing file /opt/airflow/dags/dag_with_cron_expression.py for tasks to queue
[2024-08-25T09:27:21.403+0000] {logging_mixin.py:190} INFO - [2024-08-25T09:27:21.402+0000] {dagbag.py:587} INFO - Filling up the DagBag from /opt/airflow/dags/dag_with_cron_expression.py
[2024-08-25T09:27:21.442+0000] {processor.py:925} INFO - DAG(s) 'dag_with_cron_expression_v2' retrieved from /opt/airflow/dags/dag_with_cron_expression.py
[2024-08-25T09:27:21.479+0000] {logging_mixin.py:190} INFO - [2024-08-25T09:27:21.478+0000] {dag.py:3211} INFO - Sync 1 DAGs
[2024-08-25T09:27:21.509+0000] {logging_mixin.py:190} INFO - [2024-08-25T09:27:21.509+0000] {dag.py:4138} INFO - Setting next_dagrun for dag_with_cron_expression_v2 to 2024-08-25 00:00:00+00:00, run_after=2024-08-26 00:00:00+00:00
[2024-08-25T09:27:21.536+0000] {processor.py:208} INFO - Processing /opt/airflow/dags/dag_with_cron_expression.py took 0.143 seconds
[2024-08-25T09:27:52.408+0000] {processor.py:186} INFO - Started process (PID=3265) to work on /opt/airflow/dags/dag_with_cron_expression.py
[2024-08-25T09:27:52.409+0000] {processor.py:914} INFO - Processing file /opt/airflow/dags/dag_with_cron_expression.py for tasks to queue
[2024-08-25T09:27:52.411+0000] {logging_mixin.py:190} INFO - [2024-08-25T09:27:52.410+0000] {dagbag.py:587} INFO - Filling up the DagBag from /opt/airflow/dags/dag_with_cron_expression.py
[2024-08-25T09:27:52.428+0000] {processor.py:925} INFO - DAG(s) 'dag_with_cron_expression_v2' retrieved from /opt/airflow/dags/dag_with_cron_expression.py
[2024-08-25T09:27:52.452+0000] {logging_mixin.py:190} INFO - [2024-08-25T09:27:52.451+0000] {dag.py:3211} INFO - Sync 1 DAGs
[2024-08-25T09:27:52.477+0000] {logging_mixin.py:190} INFO - [2024-08-25T09:27:52.477+0000] {dag.py:4138} INFO - Setting next_dagrun for dag_with_cron_expression_v2 to 2024-08-25 00:00:00+00:00, run_after=2024-08-26 00:00:00+00:00
[2024-08-25T09:27:52.498+0000] {processor.py:208} INFO - Processing /opt/airflow/dags/dag_with_cron_expression.py took 0.100 seconds
[2024-08-25T09:28:23.468+0000] {processor.py:186} INFO - Started process (PID=3276) to work on /opt/airflow/dags/dag_with_cron_expression.py
[2024-08-25T09:28:23.469+0000] {processor.py:914} INFO - Processing file /opt/airflow/dags/dag_with_cron_expression.py for tasks to queue
[2024-08-25T09:28:23.471+0000] {logging_mixin.py:190} INFO - [2024-08-25T09:28:23.471+0000] {dagbag.py:587} INFO - Filling up the DagBag from /opt/airflow/dags/dag_with_cron_expression.py
[2024-08-25T09:28:23.509+0000] {processor.py:925} INFO - DAG(s) 'dag_with_cron_expression_v2' retrieved from /opt/airflow/dags/dag_with_cron_expression.py
[2024-08-25T09:28:23.545+0000] {logging_mixin.py:190} INFO - [2024-08-25T09:28:23.544+0000] {dag.py:3211} INFO - Sync 1 DAGs
[2024-08-25T09:28:23.570+0000] {logging_mixin.py:190} INFO - [2024-08-25T09:28:23.570+0000] {dag.py:4138} INFO - Setting next_dagrun for dag_with_cron_expression_v2 to 2024-08-25 00:00:00+00:00, run_after=2024-08-26 00:00:00+00:00
[2024-08-25T09:28:23.594+0000] {processor.py:208} INFO - Processing /opt/airflow/dags/dag_with_cron_expression.py took 0.135 seconds
