[2024-08-25T07:08:50.913+0000] {local_task_job_runner.py:123} INFO - ::group::Pre task execution logs
[2024-08-25T07:08:50.948+0000] {taskinstance.py:2603} INFO - Dependencies all met for dep_context=non-requeueable deps ti=<TaskInstance: dag_with_taskflow_api_v1.greet scheduled__2024-08-24T00:00:00+00:00 [queued]>
[2024-08-25T07:08:50.968+0000] {taskinstance.py:2603} INFO - Dependencies all met for dep_context=requeueable deps ti=<TaskInstance: dag_with_taskflow_api_v1.greet scheduled__2024-08-24T00:00:00+00:00 [queued]>
[2024-08-25T07:08:50.970+0000] {taskinstance.py:2856} INFO - Starting attempt 1 of 6
[2024-08-25T07:08:50.995+0000] {taskinstance.py:2879} INFO - Executing <Task(_PythonDecoratedOperator): greet> on 2024-08-24 00:00:00+00:00
[2024-08-25T07:08:51.006+0000] {warnings.py:112} WARNING - /home/***/.local/lib/python3.12/site-packages/***/task/task_runner/standard_task_runner.py:70: DeprecationWarning: This process (pid=518) is multi-threaded, use of fork() may lead to deadlocks in the child.
  pid = os.fork()

[2024-08-25T07:08:51.009+0000] {standard_task_runner.py:72} INFO - Started process 525 to run task
[2024-08-25T07:08:51.009+0000] {standard_task_runner.py:104} INFO - Running: ['***', 'tasks', 'run', 'dag_with_taskflow_api_v1', 'greet', 'scheduled__2024-08-24T00:00:00+00:00', '--job-id', '46', '--raw', '--subdir', 'DAGS_FOLDER/dag_with_taskflow_api.py', '--cfg-path', '/tmp/tmpavw5yo7l']
[2024-08-25T07:08:51.011+0000] {standard_task_runner.py:105} INFO - Job 46: Subtask greet
[2024-08-25T07:08:51.096+0000] {task_command.py:467} INFO - Running <TaskInstance: dag_with_taskflow_api_v1.greet scheduled__2024-08-24T00:00:00+00:00 [running]> on host ae952724060e
[2024-08-25T07:08:51.316+0000] {taskinstance.py:3122} INFO - Exporting env vars: AIRFLOW_CTX_DAG_OWNER='shreyas' AIRFLOW_CTX_DAG_ID='dag_with_taskflow_api_v1' AIRFLOW_CTX_TASK_ID='greet' AIRFLOW_CTX_EXECUTION_DATE='2024-08-24T00:00:00+00:00' AIRFLOW_CTX_TRY_NUMBER='1' AIRFLOW_CTX_DAG_RUN_ID='scheduled__2024-08-24T00:00:00+00:00'
[2024-08-25T07:08:51.318+0000] {taskinstance.py:731} INFO - ::endgroup::
[2024-08-25T07:08:51.323+0000] {logging_mixin.py:190} INFO - Hello World! My name is Steven Strange and I am 50 years old.
[2024-08-25T07:08:51.325+0000] {python.py:240} INFO - Done. Returned value was: None
[2024-08-25T07:08:51.343+0000] {taskinstance.py:340} INFO - ::group::Post task execution logs
[2024-08-25T07:08:51.344+0000] {taskinstance.py:352} INFO - Marking task as SUCCESS. dag_id=dag_with_taskflow_api_v1, task_id=greet, run_id=scheduled__2024-08-24T00:00:00+00:00, execution_date=20240824T000000, start_date=20240825T070850, end_date=20240825T070851
[2024-08-25T07:08:51.388+0000] {local_task_job_runner.py:261} INFO - Task exited with return code 0
[2024-08-25T07:08:51.416+0000] {taskinstance.py:3891} INFO - 0 downstream tasks scheduled from follow-on schedule check
[2024-08-25T07:08:51.420+0000] {local_task_job_runner.py:240} INFO - ::endgroup::
