[2024-08-25T09:19:26.283+0000] {local_task_job_runner.py:123} INFO - ::group::Pre task execution logs
[2024-08-25T09:19:26.339+0000] {taskinstance.py:2603} INFO - Dependencies all met for dep_context=non-requeueable deps ti=<TaskInstance: dag_with_cron_expression_v2.task1 scheduled__2024-08-24T00:00:00+00:00 [queued]>
[2024-08-25T09:19:26.396+0000] {taskinstance.py:2603} INFO - Dependencies all met for dep_context=requeueable deps ti=<TaskInstance: dag_with_cron_expression_v2.task1 scheduled__2024-08-24T00:00:00+00:00 [queued]>
[2024-08-25T09:19:26.400+0000] {taskinstance.py:2856} INFO - Starting attempt 1 of 6
[2024-08-25T09:19:26.504+0000] {taskinstance.py:2879} INFO - Executing <Task(BashOperator): task1> on 2024-08-24 00:00:00+00:00
[2024-08-25T09:19:26.521+0000] {warnings.py:112} WARNING - /home/***/.local/lib/python3.12/site-packages/***/task/task_runner/standard_task_runner.py:70: DeprecationWarning: This process (pid=2335) is multi-threaded, use of fork() may lead to deadlocks in the child.
  pid = os.fork()

[2024-08-25T09:19:26.528+0000] {standard_task_runner.py:72} INFO - Started process 2347 to run task
[2024-08-25T09:19:26.528+0000] {standard_task_runner.py:104} INFO - Running: ['***', 'tasks', 'run', 'dag_with_cron_expression_v2', 'task1', 'scheduled__2024-08-24T00:00:00+00:00', '--job-id', '94', '--raw', '--subdir', 'DAGS_FOLDER/dag_with_cron_expression.py', '--cfg-path', '/tmp/tmp80b7nxk5']
[2024-08-25T09:19:26.536+0000] {standard_task_runner.py:105} INFO - Job 94: Subtask task1
[2024-08-25T09:19:26.837+0000] {task_command.py:467} INFO - Running <TaskInstance: dag_with_cron_expression_v2.task1 scheduled__2024-08-24T00:00:00+00:00 [running]> on host ae952724060e
[2024-08-25T09:19:27.192+0000] {taskinstance.py:3122} INFO - Exporting env vars: AIRFLOW_CTX_DAG_OWNER='shreyas' AIRFLOW_CTX_DAG_ID='dag_with_cron_expression_v2' AIRFLOW_CTX_TASK_ID='task1' AIRFLOW_CTX_EXECUTION_DATE='2024-08-24T00:00:00+00:00' AIRFLOW_CTX_TRY_NUMBER='1' AIRFLOW_CTX_DAG_RUN_ID='scheduled__2024-08-24T00:00:00+00:00'
[2024-08-25T09:19:27.196+0000] {taskinstance.py:731} INFO - ::endgroup::
[2024-08-25T09:19:27.273+0000] {subprocess.py:63} INFO - Tmp dir root location: /tmp
[2024-08-25T09:19:27.278+0000] {subprocess.py:75} INFO - Running command: ['/usr/bin/bash', '-c', 'echo dag with cron expression']
[2024-08-25T09:19:27.317+0000] {subprocess.py:86} INFO - Output:
[2024-08-25T09:19:27.345+0000] {subprocess.py:93} INFO - dag with cron expression
[2024-08-25T09:19:27.348+0000] {subprocess.py:97} INFO - Command exited with return code 0
[2024-08-25T09:19:27.448+0000] {taskinstance.py:340} INFO - ::group::Post task execution logs
[2024-08-25T09:19:27.450+0000] {taskinstance.py:352} INFO - Marking task as SUCCESS. dag_id=dag_with_cron_expression_v2, task_id=task1, run_id=scheduled__2024-08-24T00:00:00+00:00, execution_date=20240824T000000, start_date=20240825T091926, end_date=20240825T091927
[2024-08-25T09:19:27.534+0000] {local_task_job_runner.py:261} INFO - Task exited with return code 0
[2024-08-25T09:19:27.570+0000] {taskinstance.py:3891} INFO - 0 downstream tasks scheduled from follow-on schedule check
[2024-08-25T09:19:27.577+0000] {local_task_job_runner.py:240} INFO - ::endgroup::
