[2024-08-25T15:14:09.812+0000] {local_task_job_runner.py:123} INFO - ::group::Pre task execution logs
[2024-08-25T15:14:09.838+0000] {taskinstance.py:2603} INFO - Dependencies all met for dep_context=non-requeueable deps ti=<TaskInstance: bigquery_dag.set_env_variable manual__2024-08-25T15:14:06.906278+00:00 [queued]>
[2024-08-25T15:14:09.853+0000] {taskinstance.py:2603} INFO - Dependencies all met for dep_context=requeueable deps ti=<TaskInstance: bigquery_dag.set_env_variable manual__2024-08-25T15:14:06.906278+00:00 [queued]>
[2024-08-25T15:14:09.854+0000] {taskinstance.py:2856} INFO - Starting attempt 1 of 2
[2024-08-25T15:14:09.880+0000] {taskinstance.py:2879} INFO - Executing <Task(_PythonDecoratedOperator): set_env_variable> on 2024-08-25 15:14:06.906278+00:00
[2024-08-25T15:14:09.889+0000] {warnings.py:112} WARNING - /home/***/.local/lib/python3.12/site-packages/***/task/task_runner/standard_task_runner.py:70: DeprecationWarning: This process (pid=7053) is multi-threaded, use of fork() may lead to deadlocks in the child.
  pid = os.fork()

[2024-08-25T15:14:09.894+0000] {standard_task_runner.py:72} INFO - Started process 7055 to run task
[2024-08-25T15:14:09.894+0000] {standard_task_runner.py:104} INFO - Running: ['***', 'tasks', 'run', 'bigquery_dag', 'set_env_variable', 'manual__2024-08-25T15:14:06.906278+00:00', '--job-id', '142', '--raw', '--subdir', 'DAGS_FOLDER/gcp_integration_dag.py', '--cfg-path', '/tmp/tmpth8f5io_']
[2024-08-25T15:14:09.898+0000] {standard_task_runner.py:105} INFO - Job 142: Subtask set_env_variable
[2024-08-25T15:14:09.979+0000] {task_command.py:467} INFO - Running <TaskInstance: bigquery_dag.set_env_variable manual__2024-08-25T15:14:06.906278+00:00 [running]> on host ae952724060e
[2024-08-25T15:14:10.115+0000] {taskinstance.py:3122} INFO - Exporting env vars: AIRFLOW_CTX_DAG_OWNER='sss_***' AIRFLOW_CTX_DAG_ID='bigquery_dag' AIRFLOW_CTX_TASK_ID='set_env_variable' AIRFLOW_CTX_EXECUTION_DATE='2024-08-25T15:14:06.906278+00:00' AIRFLOW_CTX_TRY_NUMBER='1' AIRFLOW_CTX_DAG_RUN_ID='manual__2024-08-25T15:14:06.906278+00:00'
[2024-08-25T15:14:10.117+0000] {taskinstance.py:731} INFO - ::endgroup::
[2024-08-25T15:14:10.121+0000] {logging_mixin.py:190} INFO - GOOGLE_APPLICATION_CREDENTIALS: C:/Users/sst7260/Documents/shreyas/system_keys/aceinternal-2ed449d3-de257b0daf3f.json
[2024-08-25T15:14:10.122+0000] {python.py:240} INFO - Done. Returned value was: C:/Users/sst7260/Documents/shreyas/system_keys/aceinternal-2ed449d3-de257b0daf3f.json
[2024-08-25T15:14:10.163+0000] {taskinstance.py:340} INFO - ::group::Post task execution logs
[2024-08-25T15:14:10.165+0000] {taskinstance.py:352} INFO - Marking task as SUCCESS. dag_id=bigquery_dag, task_id=set_env_variable, run_id=manual__2024-08-25T15:14:06.906278+00:00, execution_date=20240825T151406, start_date=20240825T151409, end_date=20240825T151410
[2024-08-25T15:14:10.192+0000] {local_task_job_runner.py:261} INFO - Task exited with return code 0
[2024-08-25T15:14:10.230+0000] {taskinstance.py:3891} INFO - 2 downstream tasks scheduled from follow-on schedule check
[2024-08-25T15:14:10.233+0000] {local_task_job_runner.py:240} INFO - ::endgroup::
