[2024-08-25T09:19:24.607+0000] {local_task_job_runner.py:123} INFO - ::group::Pre task execution logs
[2024-08-25T09:19:24.662+0000] {taskinstance.py:2603} INFO - Dependencies all met for dep_context=non-requeueable deps ti=<TaskInstance: dag_with_cron_expression_v2.task1 scheduled__2024-08-20T00:00:00+00:00 [queued]>
[2024-08-25T09:19:24.691+0000] {taskinstance.py:2603} INFO - Dependencies all met for dep_context=requeueable deps ti=<TaskInstance: dag_with_cron_expression_v2.task1 scheduled__2024-08-20T00:00:00+00:00 [queued]>
[2024-08-25T09:19:24.693+0000] {taskinstance.py:2856} INFO - Starting attempt 1 of 6
[2024-08-25T09:19:24.741+0000] {taskinstance.py:2879} INFO - Executing <Task(BashOperator): task1> on 2024-08-20 00:00:00+00:00
[2024-08-25T09:19:24.754+0000] {warnings.py:112} WARNING - /home/***/.local/lib/python3.12/site-packages/***/task/task_runner/standard_task_runner.py:70: DeprecationWarning: This process (pid=2331) is multi-threaded, use of fork() may lead to deadlocks in the child.
  pid = os.fork()

[2024-08-25T09:19:24.759+0000] {standard_task_runner.py:72} INFO - Started process 2336 to run task
[2024-08-25T09:19:24.759+0000] {standard_task_runner.py:104} INFO - Running: ['***', 'tasks', 'run', 'dag_with_cron_expression_v2', 'task1', 'scheduled__2024-08-20T00:00:00+00:00', '--job-id', '90', '--raw', '--subdir', 'DAGS_FOLDER/dag_with_cron_expression.py', '--cfg-path', '/tmp/tmp09n1lkdz']
[2024-08-25T09:19:24.762+0000] {standard_task_runner.py:105} INFO - Job 90: Subtask task1
[2024-08-25T09:19:25.088+0000] {task_command.py:467} INFO - Running <TaskInstance: dag_with_cron_expression_v2.task1 scheduled__2024-08-20T00:00:00+00:00 [running]> on host ae952724060e
[2024-08-25T09:19:25.362+0000] {taskinstance.py:3122} INFO - Exporting env vars: AIRFLOW_CTX_DAG_OWNER='shreyas' AIRFLOW_CTX_DAG_ID='dag_with_cron_expression_v2' AIRFLOW_CTX_TASK_ID='task1' AIRFLOW_CTX_EXECUTION_DATE='2024-08-20T00:00:00+00:00' AIRFLOW_CTX_TRY_NUMBER='1' AIRFLOW_CTX_DAG_RUN_ID='scheduled__2024-08-20T00:00:00+00:00'
[2024-08-25T09:19:25.364+0000] {taskinstance.py:731} INFO - ::endgroup::
[2024-08-25T09:19:25.412+0000] {subprocess.py:63} INFO - Tmp dir root location: /tmp
[2024-08-25T09:19:25.415+0000] {subprocess.py:75} INFO - Running command: ['/usr/bin/bash', '-c', 'echo dag with cron expression']
[2024-08-25T09:19:25.486+0000] {subprocess.py:86} INFO - Output:
[2024-08-25T09:19:25.492+0000] {subprocess.py:93} INFO - dag with cron expression
[2024-08-25T09:19:25.494+0000] {subprocess.py:97} INFO - Command exited with return code 0
[2024-08-25T09:19:25.576+0000] {taskinstance.py:340} INFO - ::group::Post task execution logs
[2024-08-25T09:19:25.578+0000] {taskinstance.py:352} INFO - Marking task as SUCCESS. dag_id=dag_with_cron_expression_v2, task_id=task1, run_id=scheduled__2024-08-20T00:00:00+00:00, execution_date=20240820T000000, start_date=20240825T091924, end_date=20240825T091925
[2024-08-25T09:19:25.643+0000] {local_task_job_runner.py:261} INFO - Task exited with return code 0
[2024-08-25T09:19:25.697+0000] {taskinstance.py:3891} INFO - 0 downstream tasks scheduled from follow-on schedule check
[2024-08-25T09:19:25.702+0000] {local_task_job_runner.py:240} INFO - ::endgroup::
