[2024-08-25T07:33:59.054+0000] {local_task_job_runner.py:123} INFO - ::group::Pre task execution logs
[2024-08-25T07:33:59.090+0000] {taskinstance.py:2603} INFO - Dependencies all met for dep_context=non-requeueable deps ti=<TaskInstance: dag_with_taskflow_api_v2.greet scheduled__2024-08-22T00:00:00+00:00 [queued]>
[2024-08-25T07:33:59.099+0000] {taskinstance.py:2603} INFO - Dependencies all met for dep_context=requeueable deps ti=<TaskInstance: dag_with_taskflow_api_v2.greet scheduled__2024-08-22T00:00:00+00:00 [queued]>
[2024-08-25T07:33:59.101+0000] {taskinstance.py:2856} INFO - Starting attempt 1 of 6
[2024-08-25T07:33:59.147+0000] {taskinstance.py:2879} INFO - Executing <Task(_PythonDecoratedOperator): greet> on 2024-08-22 00:00:00+00:00
[2024-08-25T07:33:59.163+0000] {warnings.py:112} WARNING - /home/***/.local/lib/python3.12/site-packages/***/task/task_runner/standard_task_runner.py:70: DeprecationWarning: This process (pid=875) is multi-threaded, use of fork() may lead to deadlocks in the child.
  pid = os.fork()

[2024-08-25T07:33:59.165+0000] {standard_task_runner.py:72} INFO - Started process 891 to run task
[2024-08-25T07:33:59.165+0000] {standard_task_runner.py:104} INFO - Running: ['***', 'tasks', 'run', 'dag_with_taskflow_api_v2', 'greet', 'scheduled__2024-08-22T00:00:00+00:00', '--job-id', '59', '--raw', '--subdir', 'DAGS_FOLDER/dag_with_taskflow_api.py', '--cfg-path', '/tmp/tmpt95lc9u8']
[2024-08-25T07:33:59.167+0000] {standard_task_runner.py:105} INFO - Job 59: Subtask greet
[2024-08-25T07:33:59.274+0000] {task_command.py:467} INFO - Running <TaskInstance: dag_with_taskflow_api_v2.greet scheduled__2024-08-22T00:00:00+00:00 [running]> on host ae952724060e
[2024-08-25T07:33:59.495+0000] {taskinstance.py:3122} INFO - Exporting env vars: AIRFLOW_CTX_DAG_OWNER='shreyas' AIRFLOW_CTX_DAG_ID='dag_with_taskflow_api_v2' AIRFLOW_CTX_TASK_ID='greet' AIRFLOW_CTX_EXECUTION_DATE='2024-08-22T00:00:00+00:00' AIRFLOW_CTX_TRY_NUMBER='1' AIRFLOW_CTX_DAG_RUN_ID='scheduled__2024-08-22T00:00:00+00:00'
[2024-08-25T07:33:59.496+0000] {taskinstance.py:731} INFO - ::endgroup::
[2024-08-25T07:33:59.499+0000] {logging_mixin.py:190} INFO - Hello World! My name is Bruce Banner and I am 45 years old.
[2024-08-25T07:33:59.508+0000] {python.py:240} INFO - Done. Returned value was: None
[2024-08-25T07:33:59.528+0000] {taskinstance.py:340} INFO - ::group::Post task execution logs
[2024-08-25T07:33:59.529+0000] {taskinstance.py:352} INFO - Marking task as SUCCESS. dag_id=dag_with_taskflow_api_v2, task_id=greet, run_id=scheduled__2024-08-22T00:00:00+00:00, execution_date=20240822T000000, start_date=20240825T073359, end_date=20240825T073359
[2024-08-25T07:33:59.585+0000] {local_task_job_runner.py:261} INFO - Task exited with return code 0
[2024-08-25T07:33:59.641+0000] {taskinstance.py:3891} INFO - 0 downstream tasks scheduled from follow-on schedule check
[2024-08-25T07:33:59.644+0000] {local_task_job_runner.py:240} INFO - ::endgroup::
