[2024-08-25T16:47:22.506+0000] {local_task_job_runner.py:123} INFO - ::group::Pre task execution logs
[2024-08-25T16:47:22.530+0000] {taskinstance.py:2603} INFO - Dependencies all met for dep_context=non-requeueable deps ti=<TaskInstance: bq_to_local_dag.read_bq_data manual__2024-08-25T16:47:19.381952+00:00 [queued]>
[2024-08-25T16:47:22.544+0000] {taskinstance.py:2603} INFO - Dependencies all met for dep_context=requeueable deps ti=<TaskInstance: bq_to_local_dag.read_bq_data manual__2024-08-25T16:47:19.381952+00:00 [queued]>
[2024-08-25T16:47:22.546+0000] {taskinstance.py:2856} INFO - Starting attempt 1 of 2
[2024-08-25T16:47:22.566+0000] {taskinstance.py:2879} INFO - Executing <Task(PythonOperator): read_bq_data> on 2024-08-25 16:47:19.381952+00:00
[2024-08-25T16:47:22.577+0000] {warnings.py:112} WARNING - /home/***/.local/lib/python3.12/site-packages/***/task/task_runner/standard_task_runner.py:70: DeprecationWarning: This process (pid=331) is multi-threaded, use of fork() may lead to deadlocks in the child.
  pid = os.fork()

[2024-08-25T16:47:22.580+0000] {standard_task_runner.py:72} INFO - Started process 333 to run task
[2024-08-25T16:47:22.580+0000] {standard_task_runner.py:104} INFO - Running: ['***', 'tasks', 'run', 'bq_to_local_dag', 'read_bq_data', 'manual__2024-08-25T16:47:19.381952+00:00', '--job-id', '158', '--raw', '--subdir', 'DAGS_FOLDER/gcp_integration_dag.py', '--cfg-path', '/tmp/tmpgz8kh75s']
[2024-08-25T16:47:22.584+0000] {standard_task_runner.py:105} INFO - Job 158: Subtask read_bq_data
[2024-08-25T16:47:22.650+0000] {task_command.py:467} INFO - Running <TaskInstance: bq_to_local_dag.read_bq_data manual__2024-08-25T16:47:19.381952+00:00 [running]> on host b41c83b24869
[2024-08-25T16:47:22.765+0000] {taskinstance.py:3122} INFO - Exporting env vars: AIRFLOW_CTX_DAG_OWNER='***_SS' AIRFLOW_CTX_DAG_ID='bq_to_local_dag' AIRFLOW_CTX_TASK_ID='read_bq_data' AIRFLOW_CTX_EXECUTION_DATE='2024-08-25T16:47:19.381952+00:00' AIRFLOW_CTX_TRY_NUMBER='1' AIRFLOW_CTX_DAG_RUN_ID='manual__2024-08-25T16:47:19.381952+00:00'
[2024-08-25T16:47:22.767+0000] {taskinstance.py:731} INFO - ::endgroup::
[2024-08-25T16:47:26.010+0000] {logging_mixin.py:190} INFO - Data has been written to /opt/***/data/bq_data.csv
[2024-08-25T16:47:26.011+0000] {logging_mixin.py:190} INFO - QueryJob<project=aceinternal-2ed449d3, location=EU, id=ad78d7bb-ef67-483b-9081-2aaa97bd1916>
[2024-08-25T16:47:26.012+0000] {python.py:240} INFO - Done. Returned value was: None
[2024-08-25T16:47:26.028+0000] {taskinstance.py:340} INFO - ::group::Post task execution logs
[2024-08-25T16:47:26.029+0000] {taskinstance.py:352} INFO - Marking task as SUCCESS. dag_id=bq_to_local_dag, task_id=read_bq_data, run_id=manual__2024-08-25T16:47:19.381952+00:00, execution_date=20240825T164719, start_date=20240825T164722, end_date=20240825T164726
[2024-08-25T16:47:26.069+0000] {local_task_job_runner.py:261} INFO - Task exited with return code 0
[2024-08-25T16:47:26.090+0000] {taskinstance.py:3891} INFO - 0 downstream tasks scheduled from follow-on schedule check
[2024-08-25T16:47:26.094+0000] {local_task_job_runner.py:240} INFO - ::endgroup::
